12/19/2016 10:03:58 AM,unknown,unknown,application,Microsoft-Windows-Security-SPP,16384,-0.08230201530996539,Anomalie,HIGH
12/19/2016 10:03:29 AM,unknown,unknown,application,Windows PowerShell (logit.ps),10,0.019829582262614054,Normal,NORMAL
12/19/2016 10:03:29 AM,unknown,unknown,application,Windows PowerShell (logit.ps),10,-0.052342093507261045,Anomalie,HIGH
12/19/2016 10:03:29 AM,unknown,unknown,application,Windows PowerShell (logit.ps),10,0.01600141965306595,Normal,NORMAL
12/19/2016 10:03:29 AM,unknown,unknown,application,Windows PowerShell (logit.ps),10,-0.03345899223364601,Anomalie,HIGH
12/19/2016 10:03:29 AM,unknown,unknown,application,Windows PowerShell (logit.ps),10,0.019829582262614054,Normal,NORMAL
12/19/2016 10:03:01 AM,unknown,unknown,application,Windows PowerShell (logit.ps),10,0.019829582262614054,Normal,NORMAL
12/19/2016 10:03:01 AM,unknown,unknown,application,Windows PowerShell (logit.ps),10,-0.0538736763058183,Anomalie,HIGH
12/19/2016 10:03:01 AM,unknown,unknown,application,Windows PowerShell (logit.ps),10,0.01600141965306595,Normal,NORMAL
12/19/2016 10:03:01 AM,unknown,unknown,application,Windows PowerShell (logit.ps),10,-0.03409668910544583,Anomalie,HIGH
12/19/2016 10:03:01 AM,unknown,unknown,application,Windows PowerShell (logit.ps),10,0.019829582262614054,Normal,NORMAL
12/19/2016 10:02:50 AM,unknown,unknown,application,Desktop Window Manager,9009,-0.12873398163334193,Anomalie,HIGH
12/19/2016 10:02:50 AM,unknown,unknown,application,Desktop Window Manager,9020,-0.23229772031176743,Anomalie,HIGH
12/19/2016 10:02:33 AM,unknown,unknown,application,Windows PowerShell (logit.ps),10,0.018716578844122034,Normal,NORMAL
12/19/2016 10:02:33 AM,unknown,unknown,application,Windows PowerShell (logit.ps),10,-0.05120287246178079,Anomalie,HIGH
12/19/2016 10:02:33 AM,unknown,unknown,application,Windows PowerShell (logit.ps),10,0.014259679924671032,Normal,NORMAL
12/19/2016 10:02:33 AM,unknown,unknown,application,Windows PowerShell (logit.ps),10,-0.033729032216658905,Anomalie,HIGH
12/19/2016 10:02:33 AM,unknown,unknown,application,Windows PowerShell (logit.ps),10,0.018716578844122034,Normal,NORMAL
12/19/2016 10:02:01 AM,unknown,unknown,application,Windows PowerShell (logit.ps),10,0.018716578844122034,Normal,NORMAL
12/19/2016 10:02:01 AM,unknown,unknown,application,Windows PowerShell (logit.ps),10,-0.05120287246178079,Anomalie,HIGH
12/19/2016 10:02:01 AM,unknown,unknown,application,Windows PowerShell (logit.ps),10,0.014259679924671032,Normal,NORMAL
12/19/2016 10:02:01 AM,unknown,unknown,application,Windows PowerShell (logit.ps),10,-0.031571039011237256,Anomalie,HIGH
12/19/2016 10:02:01 AM,unknown,unknown,application,Windows PowerShell (logit.ps),10,0.018716578844122034,Normal,NORMAL
12/19/2016 10:01:31 AM,unknown,unknown,application,Windows PowerShell (logit.ps),10,0.004062259793793044,Normal,NORMAL
12/19/2016 10:01:31 AM,unknown,unknown,application,Windows PowerShell (logit.ps),10,-0.06072781544482264,Anomalie,HIGH
12/19/2016 10:01:31 AM,unknown,unknown,application,Windows PowerShell (logit.ps),10,-0.0005277213514978119,Anomalie,HIGH
12/19/2016 10:01:31 AM,unknown,unknown,application,Windows PowerShell (logit.ps),10,-0.043952574883832196,Anomalie,HIGH
12/19/2016 10:01:31 AM,unknown,unknown,application,Windows PowerShell (logit.ps),10,0.004062259793793044,Normal,NORMAL
12/19/2016 10:01:01 AM,unknown,unknown,application,Windows PowerShell (logit.ps),10,0.004062259793793044,Normal,NORMAL
12/19/2016 10:01:01 AM,unknown,unknown,application,Windows PowerShell (logit.ps),10,-0.06072781544482264,Anomalie,HIGH
12/19/2016 10:01:01 AM,unknown,unknown,application,Windows PowerShell (logit.ps),10,-0.0005277213514978119,Anomalie,HIGH
12/19/2016 10:01:01 AM,unknown,unknown,application,Windows PowerShell (logit.ps),10,-0.046159951461896664,Anomalie,HIGH
12/19/2016 10:01:01 AM,unknown,unknown,application,Windows PowerShell (logit.ps),10,0.004062259793793044,Normal,NORMAL
12/19/2016 10:00:32 AM,unknown,unknown,application,Windows PowerShell (logit.ps),10,-0.004149353347149165,Anomalie,HIGH
12/19/2016 10:00:32 AM,unknown,unknown,application,Windows PowerShell (logit.ps),10,-0.06743989843184084,Anomalie,HIGH
12/19/2016 10:00:32 AM,unknown,unknown,application,Windows PowerShell (logit.ps),10,-0.008439390247846568,Anomalie,HIGH
12/19/2016 10:00:32 AM,unknown,unknown,application,Windows PowerShell (logit.ps),10,-0.05182553904673215,Anomalie,HIGH
12/19/2016 10:00:32 AM,unknown,unknown,application,Windows PowerShell (logit.ps),10,-0.004149353347149165,Anomalie,HIGH
12/19/2016 10:00:01 AM,unknown,unknown,application,Windows PowerShell (logit.ps),10,-0.004149353347149165,Anomalie,HIGH
12/19/2016 10:00:01 AM,unknown,unknown,application,Windows PowerShell (logit.ps),10,-0.07019732744064244,Anomalie,HIGH
12/19/2016 10:00:01 AM,unknown,unknown,application,Windows PowerShell (logit.ps),10,-0.008439390247846568,Anomalie,HIGH
12/19/2016 10:00:01 AM,unknown,unknown,application,Windows PowerShell (logit.ps),10,-0.05215998324594906,Anomalie,HIGH
12/19/2016 10:00:01 AM,unknown,unknown,application,Windows PowerShell (logit.ps),10,-0.004149353347149165,Anomalie,HIGH
12/19/2016 9:59:31 AM,unknown,unknown,application,Windows PowerShell (logit.ps),10,-0.0068930735093652995,Anomalie,HIGH
12/19/2016 9:59:31 AM,unknown,unknown,application,Windows PowerShell (logit.ps),10,-0.07766053842583842,Anomalie,HIGH
12/19/2016 9:59:31 AM,unknown,unknown,application,Windows PowerShell (logit.ps),10,-0.014536173559433485,Anomalie,HIGH
12/19/2016 9:59:31 AM,unknown,unknown,application,Windows PowerShell (logit.ps),10,-0.06706060416939852,Anomalie,HIGH
12/19/2016 9:59:31 AM,unknown,unknown,application,Windows PowerShell (logit.ps),10,-0.0068930735093652995,Anomalie,HIGH
12/19/2016 9:59:02 AM,unknown,unknown,application,Windows PowerShell (logit.ps),10,-0.0068930735093652995,Anomalie,HIGH
12/19/2016 9:59:02 AM,unknown,unknown,application,Windows PowerShell (logit.ps),10,-0.08089389125963142,Anomalie,HIGH
12/19/2016 9:59:02 AM,unknown,unknown,application,Windows PowerShell (logit.ps),10,-0.014536173559433485,Anomalie,HIGH
12/19/2016 9:59:02 AM,unknown,unknown,application,Windows PowerShell (logit.ps),10,-0.06521273979179953,Anomalie,HIGH
12/19/2016 9:59:02 AM,unknown,unknown,application,Windows PowerShell (logit.ps),10,-0.0068930735093652995,Anomalie,HIGH
12/19/2016 9:58:27 AM,unknown,unknown,application,Windows PowerShell (logit.ps),10,-0.006194794692628847,Anomalie,HIGH
12/19/2016 9:58:27 AM,unknown,unknown,application,Windows PowerShell (logit.ps),10,-0.07686656377356726,Anomalie,HIGH
12/19/2016 9:58:27 AM,unknown,unknown,application,Windows PowerShell (logit.ps),10,-0.013827559303293824,Anomalie,HIGH
12/19/2016 9:58:27 AM,unknown,unknown,application,Windows PowerShell (logit.ps),10,-0.06238270033988558,Anomalie,HIGH
12/19/2016 9:58:27 AM,unknown,unknown,application,Windows PowerShell (logit.ps),10,-0.006194794692628847,Anomalie,HIGH
12/19/2016 9:57:57 AM,unknown,unknown,application,Windows PowerShell (logit.ps),10,0.0,Normal,NORMAL
12/19/2016 9:57:57 AM,unknown,unknown,application,Windows PowerShell (logit.ps),10,-0.07291276637713162,Anomalie,HIGH
12/19/2016 9:57:57 AM,unknown,unknown,application,Windows PowerShell (logit.ps),10,-0.008241175347829977,Anomalie,HIGH
12/19/2016 9:57:57 AM,unknown,unknown,application,Windows PowerShell (logit.ps),10,-0.06090349333735179,Anomalie,HIGH
12/19/2016 9:57:57 AM,unknown,unknown,application,Windows PowerShell (logit.ps),10,0.0,Normal,NORMAL
12/19/2016 9:57:29 AM,unknown,unknown,application,Windows PowerShell (logit.ps),10,0.0,Normal,NORMAL
12/19/2016 9:57:29 AM,unknown,unknown,application,Windows PowerShell (logit.ps),10,-0.07291276637713162,Anomalie,HIGH
12/19/2016 9:57:29 AM,unknown,unknown,application,Windows PowerShell (logit.ps),10,-0.008241175347829977,Anomalie,HIGH
12/19/2016 9:57:29 AM,unknown,unknown,application,Windows PowerShell (logit.ps),10,-0.05775846741733204,Anomalie,HIGH
12/19/2016 9:57:29 AM,unknown,unknown,application,Windows PowerShell (logit.ps),10,0.0,Normal,NORMAL
12/19/2016 9:57:00 AM,unknown,unknown,application,Windows PowerShell (logit.ps),10,0.0,Normal,NORMAL
12/19/2016 9:57:00 AM,unknown,unknown,application,Windows PowerShell (logit.ps),10,-0.07291276637713162,Anomalie,HIGH
12/19/2016 9:57:00 AM,unknown,unknown,application,Windows PowerShell (logit.ps),10,-0.008241175347829977,Anomalie,HIGH
12/19/2016 9:57:00 AM,unknown,unknown,application,Windows PowerShell (logit.ps),10,-0.05775846741733204,Anomalie,HIGH
12/19/2016 9:56:59 AM,unknown,unknown,application,Windows PowerShell (logit.ps),10,0.013986356507586228,Normal,NORMAL
12/19/2016 9:56:29 AM,unknown,unknown,application,Windows PowerShell (logit.ps),10,0.013986356507586228,Normal,NORMAL
12/19/2016 9:56:29 AM,unknown,unknown,application,Windows PowerShell (logit.ps),10,-0.06569086076310238,Anomalie,HIGH
12/19/2016 9:56:29 AM,unknown,unknown,application,Windows PowerShell (logit.ps),10,0.006333208371205878,Normal,NORMAL
12/19/2016 9:56:29 AM,unknown,unknown,application,Windows PowerShell (logit.ps),10,-0.04899653764576384,Anomalie,HIGH
12/19/2016 9:56:27 AM,unknown,unknown,application,Windows PowerShell (logit.ps),10,0.013986356507586228,Normal,NORMAL
12/19/2016 9:55:57 AM,unknown,unknown,application,Windows PowerShell (logit.ps),10,0.023494244518081797,Normal,NORMAL
12/19/2016 9:55:57 AM,unknown,unknown,application,Windows PowerShell (logit.ps),10,-0.05737907650743557,Anomalie,HIGH
12/19/2016 9:55:57 AM,unknown,unknown,application,Windows PowerShell (logit.ps),10,0.018344907666523858,Normal,NORMAL
12/19/2016 9:55:57 AM,unknown,unknown,application,Windows PowerShell (logit.ps),10,-0.04127533598624711,Anomalie,HIGH
12/19/2016 9:55:57 AM,unknown,unknown,application,Windows PowerShell (logit.ps),10,0.023494244518081797,Normal,NORMAL
12/19/2016 9:55:25 AM,unknown,unknown,application,Windows PowerShell (logit.ps),10,0.023494244518081797,Normal,NORMAL
12/19/2016 9:55:25 AM,unknown,unknown,application,Windows PowerShell (logit.ps),10,-0.05737907650743557,Anomalie,HIGH
12/19/2016 9:55:25 AM,unknown,unknown,application,Windows PowerShell (logit.ps),10,0.018344907666523858,Normal,NORMAL
12/19/2016 9:55:25 AM,unknown,unknown,application,Windows PowerShell (logit.ps),10,-0.040048395208062804,Anomalie,HIGH
12/19/2016 9:55:25 AM,unknown,unknown,application,Windows PowerShell (logit.ps),10,0.023494244518081797,Normal,NORMAL
12/19/2016 9:54:54 AM,unknown,unknown,application,Windows PowerShell (logit.ps),10,0.0264875970361943,Normal,NORMAL
12/19/2016 9:54:54 AM,unknown,unknown,application,Windows PowerShell (logit.ps),10,-0.053887604704186076,Anomalie,HIGH
12/19/2016 9:54:53 AM,unknown,unknown,application,Windows PowerShell (logit.ps),10,0.021700117850292855,Normal,NORMAL
12/19/2016 9:54:53 AM,unknown,unknown,application,Windows PowerShell (logit.ps),10,-0.0370333105588474,Anomalie,HIGH
12/19/2016 9:54:53 AM,unknown,unknown,application,Windows PowerShell (logit.ps),10,0.0264875970361943,Normal,NORMAL
12/19/2016 9:54:27 AM,unknown,unknown,application,Windows PowerShell (logit.ps),10,0.0264875970361943,Normal,NORMAL
12/19/2016 9:54:27 AM,unknown,unknown,application,Windows PowerShell (logit.ps),10,-0.053887604704186076,Anomalie,HIGH
12/19/2016 9:54:27 AM,unknown,unknown,application,Windows PowerShell (logit.ps),10,0.021700117850292855,Normal,NORMAL
12/19/2016 9:54:27 AM,unknown,unknown,application,Windows PowerShell (logit.ps),10,-0.0370333105588474,Anomalie,HIGH
12/19/2016 9:54:27 AM,unknown,unknown,application,Windows PowerShell (logit.ps),10,0.0264875970361943,Normal,NORMAL
12/19/2016 9:53:59 AM,unknown,unknown,application,Windows PowerShell (logit.ps),10,0.02632441979257083,Normal,NORMAL
12/19/2016 9:53:59 AM,unknown,unknown,application,Windows PowerShell (logit.ps),10,-0.05083367838794317,Anomalie,HIGH
12/19/2016 9:53:59 AM,unknown,unknown,application,Windows PowerShell (logit.ps),10,0.021865352958497564,Normal,NORMAL
12/19/2016 9:53:59 AM,unknown,unknown,application,Windows PowerShell (logit.ps),10,-0.03580443816724155,Anomalie,HIGH
12/19/2016 9:53:59 AM,unknown,unknown,application,Windows PowerShell (logit.ps),10,0.02632441979257083,Normal,NORMAL
12/19/2016 9:53:31 AM,unknown,unknown,application,Windows PowerShell (logit.ps),10,0.02632441979257083,Normal,NORMAL
12/19/2016 9:53:31 AM,unknown,unknown,application,Windows PowerShell (logit.ps),10,-0.05083367838794317,Anomalie,HIGH
12/19/2016 9:53:31 AM,unknown,unknown,application,Windows PowerShell (logit.ps),10,0.021865352958497564,Normal,NORMAL
12/19/2016 9:53:31 AM,unknown,unknown,application,Windows PowerShell (logit.ps),10,-0.037761924968440885,Anomalie,HIGH
12/19/2016 9:53:31 AM,unknown,unknown,application,Windows PowerShell (logit.ps),10,0.02632441979257083,Normal,NORMAL
12/19/2016 9:52:58 AM,unknown,unknown,application,Windows PowerShell (logit.ps),10,0.02773685922784791,Normal,NORMAL
12/19/2016 9:52:58 AM,unknown,unknown,application,Windows PowerShell (logit.ps),10,-0.05007598055849072,Anomalie,HIGH
12/19/2016 9:52:58 AM,unknown,unknown,application,Windows PowerShell (logit.ps),10,0.023744447140142955,Normal,NORMAL
12/19/2016 9:52:58 AM,unknown,unknown,application,Windows PowerShell (logit.ps),10,-0.03665226813621181,Anomalie,HIGH
12/19/2016 9:52:58 AM,unknown,unknown,application,Windows PowerShell (logit.ps),10,0.02773685922784791,Normal,NORMAL
12/19/2016 9:52:30 AM,unknown,unknown,application,Windows PowerShell (logit.ps),10,0.02773685922784791,Normal,NORMAL
12/19/2016 9:52:30 AM,unknown,unknown,application,Windows PowerShell (logit.ps),10,-0.05007598055849072,Anomalie,HIGH
12/19/2016 9:52:30 AM,unknown,unknown,application,Windows PowerShell (logit.ps),10,0.023744447140142955,Normal,NORMAL
12/19/2016 9:52:30 AM,unknown,unknown,application,Windows PowerShell (logit.ps),10,-0.03739178906995422,Anomalie,HIGH
12/19/2016 9:52:30 AM,unknown,unknown,application,Windows PowerShell (logit.ps),10,0.02773685922784791,Normal,NORMAL
12/19/2016 9:52:08 AM,unknown,unknown,application,Microsoft-Windows-Security-SPP,902,0.03349227126820353,Normal,NORMAL
12/19/2016 9:52:08 AM,unknown,unknown,application,Microsoft-Windows-Security-SPP,1037,0.025266668282442006,Normal,NORMAL
12/19/2016 9:52:08 AM,unknown,unknown,application,Microsoft-Windows-Security-SPP,1003,0.010579177722963629,Normal,NORMAL
12/19/2016 9:52:08 AM,unknown,unknown,application,Microsoft-Windows-Security-SPP,1066,-0.01431695298549629,Anomalie,HIGH
12/19/2016 9:52:08 AM,unknown,unknown,application,Microsoft-Windows-Security-SPP,900,0.030692129781202726,Normal,NORMAL
12/19/2016 9:52:03 AM,unknown,unknown,application,Windows PowerShell (logit.ps),10,0.02773685922784791,Normal,NORMAL
12/19/2016 9:52:03 AM,unknown,unknown,application,Windows PowerShell (logit.ps),10,-0.05007598055849072,Anomalie,HIGH
12/19/2016 9:52:03 AM,unknown,unknown,application,Windows PowerShell (logit.ps),10,0.023744447140142955,Normal,NORMAL
12/19/2016 9:52:03 AM,unknown,unknown,application,Windows PowerShell (logit.ps),10,-0.03665226813621181,Anomalie,HIGH
12/19/2016 9:52:03 AM,unknown,unknown,application,Windows PowerShell (logit.ps),10,0.02773685922784791,Normal,NORMAL
12/19/2016 9:51:36 AM,unknown,unknown,application,Windows PowerShell (logit.ps),10,0.02741080339182067,Normal,NORMAL
12/19/2016 9:51:36 AM,unknown,unknown,application,Windows PowerShell (logit.ps),10,-0.05045470131122631,Anomalie,HIGH
12/19/2016 9:51:36 AM,unknown,unknown,application,Windows PowerShell (logit.ps),10,0.02341568917872555,Normal,NORMAL
12/19/2016 9:51:36 AM,unknown,unknown,application,Windows PowerShell (logit.ps),10,-0.038086279834015246,Anomalie,HIGH
12/19/2016 9:51:36 AM,unknown,unknown,application,Windows PowerShell (logit.ps),10,0.02741080339182067,Normal,NORMAL
12/19/2016 9:51:03 AM,unknown,unknown,application,Windows PowerShell (logit.ps),10,0.02741080339182067,Normal,NORMAL
12/19/2016 9:51:03 AM,unknown,unknown,application,Windows PowerShell (logit.ps),10,-0.05045470131122631,Anomalie,HIGH
12/19/2016 9:51:02 AM,unknown,unknown,application,Windows PowerShell (logit.ps),10,0.02341568917872555,Normal,NORMAL
12/19/2016 9:51:02 AM,unknown,unknown,application,Windows PowerShell (logit.ps),10,-0.03739178906995422,Anomalie,HIGH
12/19/2016 9:51:02 AM,unknown,unknown,application,Windows PowerShell (logit.ps),10,0.02741080339182067,Normal,NORMAL
12/19/2016 9:50:27 AM,unknown,unknown,application,Windows PowerShell (logit.ps),10,0.03186891191487634,Normal,NORMAL
12/19/2016 9:50:27 AM,unknown,unknown,application,Windows PowerShell (logit.ps),10,-0.047499491622162604,Anomalie,HIGH
12/19/2016 9:50:27 AM,unknown,unknown,application,Windows PowerShell (logit.ps),10,0.02778703660871551,Normal,NORMAL
12/19/2016 9:50:27 AM,unknown,unknown,application,Windows PowerShell (logit.ps),10,-0.033693679858031844,Anomalie,HIGH
12/19/2016 9:50:27 AM,unknown,unknown,application,Windows PowerShell (logit.ps),10,0.03186891191487634,Normal,NORMAL
12/19/2016 9:49:59 AM,unknown,unknown,application,Windows PowerShell (logit.ps),10,0.034601798383041116,Normal,NORMAL
12/19/2016 9:49:59 AM,unknown,unknown,application,Windows PowerShell (logit.ps),10,-0.047876468567891406,Anomalie,HIGH
12/19/2016 9:49:58 AM,unknown,unknown,application,Windows PowerShell (logit.ps),10,0.03021912278163852,Normal,NORMAL
12/19/2016 9:49:58 AM,unknown,unknown,application,Windows PowerShell (logit.ps),10,-0.03353916645021937,Anomalie,HIGH
12/19/2016 9:49:58 AM,unknown,unknown,application,Windows PowerShell (logit.ps),10,0.034601798383041116,Normal,NORMAL
12/19/2016 9:49:28 AM,unknown,unknown,application,Windows PowerShell (logit.ps),10,0.034601798383041116,Normal,NORMAL
12/19/2016 9:49:28 AM,unknown,unknown,application,Windows PowerShell (logit.ps),10,-0.047876468567891406,Anomalie,HIGH
12/19/2016 9:49:28 AM,unknown,unknown,application,Windows PowerShell (logit.ps),10,0.03021912278163852,Normal,NORMAL
12/19/2016 9:49:28 AM,unknown,unknown,application,Windows PowerShell (logit.ps),10,-0.030910524187730437,Anomalie,HIGH
12/19/2016 9:49:28 AM,unknown,unknown,application,Windows PowerShell (logit.ps),10,0.034601798383041116,Normal,NORMAL
12/19/2016 9:48:59 AM,unknown,unknown,application,Windows PowerShell (logit.ps),10,0.03656903662540767,Normal,NORMAL
12/19/2016 9:48:59 AM,unknown,unknown,application,Windows PowerShell (logit.ps),10,-0.04393420414847504,Anomalie,HIGH
12/19/2016 9:48:59 AM,unknown,unknown,application,Windows PowerShell (logit.ps),10,0.03220451650072376,Normal,NORMAL
12/19/2016 9:48:59 AM,unknown,unknown,application,Windows PowerShell (logit.ps),10,-0.028704253121109802,Anomalie,HIGH
12/19/2016 9:48:58 AM,unknown,unknown,application,Windows PowerShell (logit.ps),10,0.03656903662540767,Normal,NORMAL
12/19/2016 9:48:31 AM,unknown,unknown,application,Windows PowerShell (logit.ps),10,0.03656903662540767,Normal,NORMAL
12/19/2016 9:48:31 AM,unknown,unknown,application,Windows PowerShell (logit.ps),10,-0.04393420414847504,Anomalie,HIGH
12/19/2016 9:48:31 AM,unknown,unknown,application,Windows PowerShell (logit.ps),10,0.03220451650072376,Normal,NORMAL
12/19/2016 9:48:31 AM,unknown,unknown,application,Windows PowerShell (logit.ps),10,-0.030117395514374867,Anomalie,HIGH
12/19/2016 9:48:31 AM,unknown,unknown,application,Windows PowerShell (logit.ps),10,0.03656903662540767,Normal,NORMAL
12/19/2016 9:35:02 AM,unknown,unknown,application,Windows PowerShell (logit.ps),10,0.054976433574437544,Normal,NORMAL
12/19/2016 9:35:02 AM,unknown,unknown,application,Windows PowerShell (logit.ps),10,-0.022624584109559365,Anomalie,HIGH
12/19/2016 9:35:02 AM,unknown,unknown,application,Windows PowerShell (logit.ps),10,0.051782673037243654,Normal,NORMAL
12/19/2016 9:35:02 AM,unknown,unknown,application,Windows PowerShell (logit.ps),10,-0.005198019353850558,Anomalie,HIGH
12/19/2016 9:35:02 AM,unknown,unknown,application,Windows PowerShell (logit.ps),10,0.054976433574437544,Normal,NORMAL
12/19/2016 9:34:30 AM,unknown,unknown,application,Windows PowerShell (logit.ps),10,0.05352676111496901,Normal,NORMAL
12/19/2016 9:34:30 AM,unknown,unknown,application,Windows PowerShell (logit.ps),10,-0.022984725338510925,Anomalie,HIGH
12/19/2016 9:34:30 AM,unknown,unknown,application,Windows PowerShell (logit.ps),10,0.050322814000975546,Normal,NORMAL
12/19/2016 9:34:30 AM,unknown,unknown,application,Windows PowerShell (logit.ps),10,-0.0053993836018221275,Anomalie,HIGH
12/19/2016 9:34:30 AM,unknown,unknown,application,Windows PowerShell (logit.ps),10,0.05352676111496901,Normal,NORMAL
12/19/2016 9:33:55 AM,unknown,unknown,application,Windows PowerShell (logit.ps),10,0.05212541511515367,Normal,NORMAL
12/19/2016 9:33:55 AM,unknown,unknown,application,Windows PowerShell (logit.ps),10,-0.021545621269104975,Anomalie,HIGH
12/19/2016 9:33:55 AM,unknown,unknown,application,Windows PowerShell (logit.ps),10,0.04891162100533941,Normal,NORMAL
12/19/2016 9:33:55 AM,unknown,unknown,application,Windows PowerShell (logit.ps),10,-0.004399019155592376,Anomalie,HIGH
12/19/2016 9:33:55 AM,unknown,unknown,application,Windows PowerShell (logit.ps),10,0.05212541511515367,Normal,NORMAL
12/19/2016 9:33:27 AM,unknown,unknown,application,Windows PowerShell (logit.ps),10,0.05212541511515367,Normal,NORMAL
12/19/2016 9:33:27 AM,unknown,unknown,application,Windows PowerShell (logit.ps),10,-0.0233872511097013,Anomalie,HIGH
12/19/2016 9:33:27 AM,unknown,unknown,application,Windows PowerShell (logit.ps),10,0.04891162100533941,Normal,NORMAL
12/19/2016 9:33:27 AM,unknown,unknown,application,Windows PowerShell (logit.ps),10,-0.0053993836018221275,Anomalie,HIGH
12/19/2016 9:33:27 AM,unknown,unknown,application,Windows PowerShell (logit.ps),10,0.05212541511515367,Normal,NORMAL
12/19/2016 9:33:25 AM,unknown,unknown,application,Desktop Window Manager,9009,-0.1207319319021477,Anomalie,HIGH
12/19/2016 9:33:25 AM,unknown,unknown,application,Desktop Window Manager,9020,-0.24040476912254705,Anomalie,HIGH
12/19/2016 9:32:52 AM,unknown,unknown,application,Windows PowerShell (logit.ps),10,0.05281966393806409,Normal,NORMAL
12/19/2016 9:32:52 AM,unknown,unknown,application,Windows PowerShell (logit.ps),10,-0.022656576133265105,Anomalie,HIGH
12/19/2016 9:32:52 AM,unknown,unknown,application,Windows PowerShell (logit.ps),10,0.04867636230017314,Normal,NORMAL
12/19/2016 9:32:52 AM,unknown,unknown,application,Windows PowerShell (logit.ps),10,-0.006561318083427525,Anomalie,HIGH
12/19/2016 9:32:52 AM,unknown,unknown,application,Windows PowerShell (logit.ps),10,0.05281966393806409,Normal,NORMAL
12/19/2016 9:32:19 AM,unknown,unknown,application,Windows PowerShell (logit.ps),10,0.05281966393806409,Normal,NORMAL
12/19/2016 9:32:19 AM,unknown,unknown,application,Windows PowerShell (logit.ps),10,-0.024502058783622216,Anomalie,HIGH
12/19/2016 9:32:19 AM,unknown,unknown,application,Windows PowerShell (logit.ps),10,0.04867636230017314,Normal,NORMAL
12/19/2016 9:32:19 AM,unknown,unknown,application,Windows PowerShell (logit.ps),10,-0.006561318083427525,Anomalie,HIGH
12/19/2016 9:32:19 AM,unknown,unknown,application,Windows PowerShell (logit.ps),10,0.05281966393806409,Normal,NORMAL
12/19/2016 9:31:50 AM,unknown,unknown,application,Windows PowerShell (logit.ps),10,0.057746125529849646,Normal,NORMAL
12/19/2016 9:31:50 AM,unknown,unknown,application,Windows PowerShell (logit.ps),10,-0.0187031190290613,Anomalie,HIGH
12/19/2016 9:31:50 AM,unknown,unknown,application,Windows PowerShell (logit.ps),10,0.052938772953877555,Normal,NORMAL
12/19/2016 9:31:50 AM,unknown,unknown,application,Windows PowerShell (logit.ps),10,-0.0019729577817948485,Anomalie,HIGH
12/19/2016 9:31:50 AM,unknown,unknown,application,Windows PowerShell (logit.ps),10,0.057746125529849646,Normal,NORMAL
12/19/2016 9:31:21 AM,unknown,unknown,application,Windows PowerShell (logit.ps),10,0.057746125529849646,Normal,NORMAL
12/19/2016 9:31:21 AM,unknown,unknown,application,Windows PowerShell (logit.ps),10,-0.018345873696572812,Anomalie,HIGH
12/19/2016 9:31:20 AM,unknown,unknown,application,Windows PowerShell (logit.ps),10,0.052938772953877555,Normal,NORMAL
12/19/2016 9:31:20 AM,unknown,unknown,application,Windows PowerShell (logit.ps),10,-0.0009792504831249715,Anomalie,HIGH
12/19/2016 9:31:20 AM,unknown,unknown,application,Windows PowerShell (logit.ps),10,0.057746125529849646,Normal,NORMAL
12/19/2016 9:30:52 AM,unknown,unknown,application,Windows PowerShell (logit.ps),10,0.05957827957568246,Normal,NORMAL
12/19/2016 9:30:52 AM,unknown,unknown,application,Windows PowerShell (logit.ps),10,-0.01620510850861756,Anomalie,HIGH
12/19/2016 9:30:52 AM,unknown,unknown,application,Windows PowerShell (logit.ps),10,0.054790424484125744,Normal,NORMAL
12/19/2016 9:30:52 AM,unknown,unknown,application,Windows PowerShell (logit.ps),10,0.0003006157076723692,Normal,NORMAL
12/19/2016 9:30:52 AM,unknown,unknown,application,Windows PowerShell (logit.ps),10,0.05957827957568246,Normal,NORMAL
12/19/2016 9:30:23 AM,unknown,unknown,application,Windows PowerShell (logit.ps),10,0.05957827957568246,Normal,NORMAL
12/19/2016 9:30:23 AM,unknown,unknown,application,Windows PowerShell (logit.ps),10,-0.016560904938577647,Anomalie,HIGH
12/19/2016 9:30:23 AM,unknown,unknown,application,Windows PowerShell (logit.ps),10,0.054790424484125744,Normal,NORMAL
12/19/2016 9:30:23 AM,unknown,unknown,application,Windows PowerShell (logit.ps),10,0.0010910797907894842,Normal,NORMAL
12/19/2016 9:30:23 AM,unknown,unknown,application,Windows PowerShell (logit.ps),10,0.05957827957568246,Normal,NORMAL
12/19/2016 9:29:50 AM,unknown,unknown,application,Windows PowerShell (logit.ps),10,0.06031107258364565,Normal,NORMAL
12/19/2016 9:29:50 AM,unknown,unknown,application,Windows PowerShell (logit.ps),10,-0.016059556863297852,Anomalie,HIGH
12/19/2016 9:29:50 AM,unknown,unknown,application,Windows PowerShell (logit.ps),10,0.055531015755714896,Normal,NORMAL
12/19/2016 9:29:50 AM,unknown,unknown,application,Windows PowerShell (logit.ps),10,0.0012318425327374483,Normal,NORMAL
12/19/2016 9:29:50 AM,unknown,unknown,application,Windows PowerShell (logit.ps),10,0.06031107258364565,Normal,NORMAL
12/19/2016 9:29:21 AM,unknown,unknown,application,Windows PowerShell (logit.ps),10,0.06031107258364565,Normal,NORMAL
12/19/2016 9:29:21 AM,unknown,unknown,application,Windows PowerShell (logit.ps),10,-0.01570409952385965,Anomalie,HIGH
12/19/2016 9:29:21 AM,unknown,unknown,application,Windows PowerShell (logit.ps),10,0.055531015755714896,Normal,NORMAL
12/19/2016 9:29:21 AM,unknown,unknown,application,Windows PowerShell (logit.ps),10,0.0012318425327374483,Normal,NORMAL
12/19/2016 9:29:21 AM,unknown,unknown,application,Windows PowerShell (logit.ps),10,0.06031107258364565,Normal,NORMAL
12/19/2016 9:28:51 AM,unknown,unknown,application,Windows PowerShell (logit.ps),10,0.058273645687319575,Normal,NORMAL
12/19/2016 9:28:51 AM,unknown,unknown,application,Windows PowerShell (logit.ps),10,-0.015244828482002926,Anomalie,HIGH
12/19/2016 9:28:51 AM,unknown,unknown,application,Windows PowerShell (logit.ps),10,0.053471906894791366,Normal,NORMAL
12/19/2016 9:28:51 AM,unknown,unknown,application,Windows PowerShell (logit.ps),10,0.0052153679737932945,Normal,NORMAL
12/19/2016 9:28:50 AM,unknown,unknown,application,Desktop Window Manager,9009,-0.11924332727681697,Anomalie,HIGH
12/19/2016 9:28:50 AM,unknown,unknown,application,Windows PowerShell (logit.ps),10,0.058273645687319575,Normal,NORMAL
12/19/2016 9:28:18 AM,unknown,unknown,application,Windows PowerShell (logit.ps),10,0.058273645687319575,Normal,NORMAL
12/19/2016 9:28:18 AM,unknown,unknown,application,Windows PowerShell (logit.ps),10,-0.01116234122472759,Anomalie,HIGH
12/19/2016 9:28:18 AM,unknown,unknown,application,Windows PowerShell (logit.ps),10,0.053471906894791366,Normal,NORMAL
12/19/2016 9:28:18 AM,unknown,unknown,application,Windows PowerShell (logit.ps),10,0.0052153679737932945,Normal,NORMAL
12/19/2016 9:28:18 AM,unknown,unknown,application,Windows PowerShell (logit.ps),10,0.058273645687319575,Normal,NORMAL
12/19/2016 9:27:46 AM,unknown,unknown,application,Windows PowerShell (logit.ps),10,0.05857882720903951,Normal,NORMAL
12/19/2016 9:27:46 AM,unknown,unknown,application,Windows PowerShell (logit.ps),10,-0.01116234122472759,Anomalie,HIGH
12/19/2016 9:27:46 AM,unknown,unknown,application,Windows PowerShell (logit.ps),10,0.05316326893151596,Normal,NORMAL
12/19/2016 9:27:46 AM,unknown,unknown,application,Windows PowerShell (logit.ps),10,0.0052153679737932945,Normal,NORMAL
12/19/2016 9:27:46 AM,unknown,unknown,application,Windows PowerShell (logit.ps),10,0.05857882720903951,Normal,NORMAL
12/19/2016 9:27:14 AM,unknown,unknown,application,Windows PowerShell (logit.ps),10,0.05857882720903951,Normal,NORMAL
12/19/2016 9:27:14 AM,unknown,unknown,application,Windows PowerShell (logit.ps),10,-0.01116234122472759,Anomalie,HIGH
12/19/2016 9:27:14 AM,unknown,unknown,application,Windows PowerShell (logit.ps),10,0.05316326893151596,Normal,NORMAL
12/19/2016 9:27:14 AM,unknown,unknown,application,Windows PowerShell (logit.ps),10,0.004431316416051212,Normal,NORMAL
12/19/2016 9:27:14 AM,unknown,unknown,application,Windows PowerShell (logit.ps),10,0.05857882720903951,Normal,NORMAL
12/19/2016 9:26:46 AM,unknown,unknown,application,Windows PowerShell (logit.ps),10,0.0564395818977812,Normal,NORMAL
12/19/2016 9:26:46 AM,unknown,unknown,application,Windows PowerShell (logit.ps),10,-0.012758041789590613,Anomalie,HIGH
12/19/2016 9:26:46 AM,unknown,unknown,application,Windows PowerShell (logit.ps),10,0.05099833056655001,Normal,NORMAL
12/19/2016 9:26:46 AM,unknown,unknown,application,Windows PowerShell (logit.ps),10,0.0024693915706013314,Normal,NORMAL
12/19/2016 9:26:46 AM,unknown,unknown,application,Windows PowerShell (logit.ps),10,0.0564395818977812,Normal,NORMAL
12/19/2016 9:26:17 AM,unknown,unknown,application,Windows PowerShell (logit.ps),10,0.0564395818977812,Normal,NORMAL
12/19/2016 9:26:17 AM,unknown,unknown,application,Windows PowerShell (logit.ps),10,-0.012758041789590613,Anomalie,HIGH
12/19/2016 9:26:17 AM,unknown,unknown,application,Windows PowerShell (logit.ps),10,0.05099833056655001,Normal,NORMAL
12/19/2016 9:26:17 AM,unknown,unknown,application,Windows PowerShell (logit.ps),10,0.0022710271038659524,Normal,NORMAL
12/19/2016 9:26:17 AM,unknown,unknown,application,Windows PowerShell (logit.ps),10,0.0564395818977812,Normal,NORMAL
12/19/2016 9:25:50 AM,unknown,unknown,application,Windows PowerShell (logit.ps),10,0.0564395818977812,Normal,NORMAL
12/19/2016 9:25:50 AM,unknown,unknown,application,Windows PowerShell (logit.ps),10,-0.012404817454575112,Anomalie,HIGH
12/19/2016 9:25:50 AM,unknown,unknown,application,Windows PowerShell (logit.ps),10,0.05161832529765675,Normal,NORMAL
12/19/2016 9:25:50 AM,unknown,unknown,application,Windows PowerShell (logit.ps),10,0.0023219325895605936,Normal,NORMAL
12/19/2016 9:25:50 AM,unknown,unknown,application,Windows PowerShell (logit.ps),10,0.0564395818977812,Normal,NORMAL
12/19/2016 9:25:22 AM,unknown,unknown,application,Windows PowerShell (logit.ps),10,0.0564395818977812,Normal,NORMAL
12/19/2016 9:25:22 AM,unknown,unknown,application,Windows PowerShell (logit.ps),10,-0.012404817454575112,Anomalie,HIGH
12/19/2016 9:25:22 AM,unknown,unknown,application,Windows PowerShell (logit.ps),10,0.05161832529765675,Normal,NORMAL
12/19/2016 9:25:22 AM,unknown,unknown,application,Windows PowerShell (logit.ps),10,0.0028123167171295593,Normal,NORMAL
12/19/2016 9:25:22 AM,unknown,unknown,application,Windows PowerShell (logit.ps),10,0.0564395818977812,Normal,NORMAL
12/19/2016 9:24:55 AM,unknown,unknown,application,Windows PowerShell (logit.ps),10,0.05592296707064193,Normal,NORMAL
12/19/2016 9:24:55 AM,unknown,unknown,application,Windows PowerShell (logit.ps),10,-0.015408000481136996,Anomalie,HIGH
12/19/2016 9:24:55 AM,unknown,unknown,application,Windows PowerShell (logit.ps),10,0.051096212739819624,Normal,NORMAL
12/19/2016 9:24:55 AM,unknown,unknown,application,Windows PowerShell (logit.ps),10,0.002927774275687023,Normal,NORMAL
12/19/2016 9:24:55 AM,unknown,unknown,application,Windows PowerShell (logit.ps),10,0.05592296707064193,Normal,NORMAL
12/19/2016 9:24:28 AM,unknown,unknown,application,Windows PowerShell (logit.ps),10,0.05592296707064193,Normal,NORMAL
12/19/2016 9:24:28 AM,unknown,unknown,application,Windows PowerShell (logit.ps),10,-0.015408000481136996,Anomalie,HIGH
12/19/2016 9:24:28 AM,unknown,unknown,application,Windows PowerShell (logit.ps),10,0.051096212739819624,Normal,NORMAL
12/19/2016 9:24:28 AM,unknown,unknown,application,Windows PowerShell (logit.ps),10,0.00022130344796533752,Normal,NORMAL
12/19/2016 9:24:28 AM,unknown,unknown,application,Windows PowerShell (logit.ps),10,0.05592296707064193,Normal,NORMAL
12/19/2016 9:23:56 AM,unknown,unknown,application,Windows PowerShell (logit.ps),10,0.05500140648061591,Normal,NORMAL
12/19/2016 9:23:56 AM,unknown,unknown,application,Windows PowerShell (logit.ps),10,-0.015763257416227083,Anomalie,HIGH
12/19/2016 9:23:56 AM,unknown,unknown,application,Windows PowerShell (logit.ps),10,0.05010038898378533,Normal,NORMAL
12/19/2016 9:23:56 AM,unknown,unknown,application,Windows PowerShell (logit.ps),10,-0.0008134329129726448,Anomalie,HIGH
12/19/2016 9:23:56 AM,unknown,unknown,application,Windows PowerShell (logit.ps),10,0.05500140648061591,Normal,NORMAL
12/19/2016 9:23:13 AM,unknown,unknown,application,Windows PowerShell (logit.ps),10,0.05500140648061591,Normal,NORMAL
12/19/2016 9:23:13 AM,unknown,unknown,application,Windows PowerShell (logit.ps),10,-0.015763257416227083,Anomalie,HIGH
12/19/2016 9:23:13 AM,unknown,unknown,application,Windows PowerShell (logit.ps),10,0.05010038898378533,Normal,NORMAL
12/19/2016 9:23:13 AM,unknown,unknown,application,Windows PowerShell (logit.ps),10,0.002686520437356288,Normal,NORMAL
12/19/2016 9:23:13 AM,unknown,unknown,application,Windows PowerShell (logit.ps),10,0.05500140648061591,Normal,NORMAL
12/19/2016 9:22:45 AM,unknown,unknown,application,Windows PowerShell (logit.ps),10,0.05539975048494877,Normal,NORMAL
12/19/2016 9:22:45 AM,unknown,unknown,application,Windows PowerShell (logit.ps),10,-0.016756624462624492,Anomalie,HIGH
12/19/2016 9:22:45 AM,unknown,unknown,application,Windows PowerShell (logit.ps),10,0.05050302859397282,Normal,NORMAL
12/19/2016 9:22:45 AM,unknown,unknown,application,Windows PowerShell (logit.ps),10,0.0031813866458539897,Normal,NORMAL
12/19/2016 9:22:41 AM,unknown,unknown,application,Windows PowerShell (logit.ps),10,0.05539975048494877,Normal,NORMAL
12/19/2016 9:22:15 AM,unknown,unknown,application,Windows PowerShell (logit.ps),10,0.05539975048494877,Normal,NORMAL
12/19/2016 9:22:15 AM,unknown,unknown,application,Windows PowerShell (logit.ps),10,-0.016756624462624492,Anomalie,HIGH
12/19/2016 9:22:15 AM,unknown,unknown,application,Windows PowerShell (logit.ps),10,0.05050302859397282,Normal,NORMAL
12/19/2016 9:22:15 AM,unknown,unknown,application,Windows PowerShell (logit.ps),10,0.0031813866458539897,Normal,NORMAL
12/19/2016 9:22:15 AM,unknown,unknown,application,Windows PowerShell (logit.ps),10,0.05539975048494877,Normal,NORMAL
12/19/2016 9:21:47 AM,unknown,unknown,application,Windows PowerShell (logit.ps),10,0.055044758551870465,Normal,NORMAL
12/19/2016 9:21:47 AM,unknown,unknown,application,Windows PowerShell (logit.ps),10,-0.017364623448661187,Anomalie,HIGH
12/19/2016 9:21:47 AM,unknown,unknown,application,Windows PowerShell (logit.ps),10,0.05014420854898749,Normal,NORMAL
12/19/2016 9:21:47 AM,unknown,unknown,application,Windows PowerShell (logit.ps),10,0.0003742346002983954,Normal,NORMAL
12/19/2016 9:21:47 AM,unknown,unknown,application,Windows PowerShell (logit.ps),10,0.055044758551870465,Normal,NORMAL
12/19/2016 9:21:20 AM,unknown,unknown,application,Windows PowerShell (logit.ps),10,0.055044758551870465,Normal,NORMAL
12/19/2016 9:21:20 AM,unknown,unknown,application,Windows PowerShell (logit.ps),10,-0.017364623448661187,Anomalie,HIGH
12/19/2016 9:21:20 AM,unknown,unknown,application,Windows PowerShell (logit.ps),10,0.05014420854898749,Normal,NORMAL
12/19/2016 9:21:20 AM,unknown,unknown,application,Windows PowerShell (logit.ps),10,0.0003742346002983954,Normal,NORMAL
12/19/2016 9:21:20 AM,unknown,unknown,application,Windows PowerShell (logit.ps),10,0.055044758551870465,Normal,NORMAL
12/19/2016 9:20:48 AM,unknown,unknown,application,Windows PowerShell (logit.ps),10,0.055352123955563604,Normal,NORMAL
12/19/2016 9:20:48 AM,unknown,unknown,application,Windows PowerShell (logit.ps),10,-0.016652184399931547,Anomalie,HIGH
12/19/2016 9:20:48 AM,unknown,unknown,application,Windows PowerShell (logit.ps),10,0.050454888476341664,Normal,NORMAL
12/19/2016 9:20:48 AM,unknown,unknown,application,Windows PowerShell (logit.ps),10,0.0007185768219198918,Normal,NORMAL
12/19/2016 9:20:48 AM,unknown,unknown,application,Windows PowerShell (logit.ps),10,0.055352123955563604,Normal,NORMAL
12/19/2016 9:20:18 AM,unknown,unknown,application,Windows PowerShell (logit.ps),10,0.055352123955563604,Normal,NORMAL
12/19/2016 9:20:18 AM,unknown,unknown,application,Windows PowerShell (logit.ps),10,-0.016652184399931547,Anomalie,HIGH
12/19/2016 9:20:18 AM,unknown,unknown,application,Windows PowerShell (logit.ps),10,0.050454888476341664,Normal,NORMAL
12/19/2016 9:20:18 AM,unknown,unknown,application,Windows PowerShell (logit.ps),10,0.003523830229185898,Normal,NORMAL
12/19/2016 9:20:18 AM,unknown,unknown,application,Windows PowerShell (logit.ps),10,0.055352123955563604,Normal,NORMAL
12/19/2016 9:19:49 AM,unknown,unknown,application,Windows PowerShell (logit.ps),10,0.05308077734127714,Normal,NORMAL
12/19/2016 9:19:49 AM,unknown,unknown,application,Windows PowerShell (logit.ps),10,-0.020815206093411476,Anomalie,HIGH
12/19/2016 9:19:49 AM,unknown,unknown,application,Windows PowerShell (logit.ps),10,0.048159048434996465,Normal,NORMAL
12/19/2016 9:19:49 AM,unknown,unknown,application,Windows PowerShell (logit.ps),10,-0.0004795508394963566,Anomalie,HIGH
12/19/2016 9:19:49 AM,unknown,unknown,application,Windows PowerShell (logit.ps),10,0.05308077734127714,Normal,NORMAL
12/19/2016 9:19:24 AM,unknown,unknown,application,Desktop Window Manager,9009,-0.11935987018777694,Anomalie,HIGH
12/19/2016 9:19:24 AM,unknown,unknown,application,Desktop Window Manager,9020,-0.23972922493043802,Anomalie,HIGH
12/19/2016 9:19:19 AM,unknown,unknown,application,Windows PowerShell (logit.ps),10,0.05308077734127714,Normal,NORMAL
12/19/2016 9:19:19 AM,unknown,unknown,application,Windows PowerShell (logit.ps),10,-0.020456532235033964,Anomalie,HIGH
12/19/2016 9:19:19 AM,unknown,unknown,application,Windows PowerShell (logit.ps),10,0.048159048434996465,Normal,NORMAL
12/19/2016 9:19:19 AM,unknown,unknown,application,Windows PowerShell (logit.ps),10,-0.0014210042157680736,Anomalie,HIGH
12/19/2016 9:19:19 AM,unknown,unknown,application,Windows PowerShell (logit.ps),10,0.05308077734127714,Normal,NORMAL
12/19/2016 9:18:52 AM,unknown,unknown,application,Windows PowerShell (logit.ps),10,0.05172472985059745,Normal,NORMAL
12/19/2016 9:18:52 AM,unknown,unknown,application,Windows PowerShell (logit.ps),10,-0.024762796004819787,Anomalie,HIGH
12/19/2016 9:18:51 AM,unknown,unknown,application,Windows PowerShell (logit.ps),10,0.046410242483773345,Normal,NORMAL
12/19/2016 9:18:51 AM,unknown,unknown,application,Windows PowerShell (logit.ps),10,-0.002226026609250531,Anomalie,HIGH
12/19/2016 9:18:51 AM,unknown,unknown,application,Windows PowerShell (logit.ps),10,0.05172472985059745,Normal,NORMAL
12/19/2016 9:18:20 AM,unknown,unknown,application,Windows PowerShell (logit.ps),10,0.05172472985059745,Normal,NORMAL
12/19/2016 9:18:20 AM,unknown,unknown,application,Windows PowerShell (logit.ps),10,-0.022084853804028026,Anomalie,HIGH
12/19/2016 9:18:20 AM,unknown,unknown,application,Windows PowerShell (logit.ps),10,0.046410242483773345,Normal,NORMAL
12/19/2016 9:18:20 AM,unknown,unknown,application,Windows PowerShell (logit.ps),10,-0.001931252918723203,Anomalie,HIGH
12/19/2016 9:18:20 AM,unknown,unknown,application,Windows PowerShell (logit.ps),10,0.05172472985059745,Normal,NORMAL
12/19/2016 9:17:52 AM,unknown,unknown,application,Windows PowerShell (logit.ps),10,0.05248083174264112,Normal,NORMAL
12/19/2016 9:17:52 AM,unknown,unknown,application,Windows PowerShell (logit.ps),10,-0.024040352721728664,Anomalie,HIGH
12/19/2016 9:17:52 AM,unknown,unknown,application,Windows PowerShell (logit.ps),10,0.04748781059088436,Normal,NORMAL
12/19/2016 9:17:52 AM,unknown,unknown,application,Windows PowerShell (logit.ps),10,-0.0023906327137188654,Anomalie,HIGH
12/19/2016 9:17:52 AM,unknown,unknown,application,Windows PowerShell (logit.ps),10,0.05248083174264112,Normal,NORMAL
12/19/2016 9:17:16 AM,unknown,unknown,application,Windows PowerShell (logit.ps),10,0.05248083174264112,Normal,NORMAL
12/19/2016 9:17:16 AM,unknown,unknown,application,Windows PowerShell (logit.ps),10,-0.021725321209921766,Anomalie,HIGH
12/19/2016 9:17:16 AM,unknown,unknown,application,Windows PowerShell (logit.ps),10,0.04748781059088436,Normal,NORMAL
12/19/2016 9:17:16 AM,unknown,unknown,application,Windows PowerShell (logit.ps),10,-0.0017418873977163019,Anomalie,HIGH
12/19/2016 9:17:16 AM,unknown,unknown,application,Windows PowerShell (logit.ps),10,0.05248083174264112,Normal,NORMAL
12/19/2016 9:16:46 AM,unknown,unknown,application,Windows PowerShell (logit.ps),10,0.05252754942961502,Normal,NORMAL
12/19/2016 9:16:46 AM,unknown,unknown,application,Windows PowerShell (logit.ps),10,-0.021725321209921766,Anomalie,HIGH
12/19/2016 9:16:46 AM,unknown,unknown,application,Windows PowerShell (logit.ps),10,0.047912255522374714,Normal,NORMAL
12/19/2016 9:16:46 AM,unknown,unknown,application,Windows PowerShell (logit.ps),10,-0.002788814649997029,Anomalie,HIGH
12/19/2016 9:16:46 AM,unknown,unknown,application,Windows PowerShell (logit.ps),10,0.05252754942961502,Normal,NORMAL
12/19/2016 9:16:17 AM,unknown,unknown,application,Windows PowerShell (logit.ps),10,0.05252754942961502,Normal,NORMAL
12/19/2016 9:16:17 AM,unknown,unknown,application,Windows PowerShell (logit.ps),10,-0.021725321209921766,Anomalie,HIGH
12/19/2016 9:16:17 AM,unknown,unknown,application,Windows PowerShell (logit.ps),10,0.047912255522374714,Normal,NORMAL
12/19/2016 9:16:17 AM,unknown,unknown,application,Windows PowerShell (logit.ps),10,-0.002788814649997029,Anomalie,HIGH
12/19/2016 9:16:17 AM,unknown,unknown,application,Windows PowerShell (logit.ps),10,0.05252754942961502,Normal,NORMAL
12/19/2016 9:15:50 AM,unknown,unknown,application,Windows PowerShell (logit.ps),10,0.05221827231080456,Normal,NORMAL
12/19/2016 9:15:50 AM,unknown,unknown,application,Windows PowerShell (logit.ps),10,-0.0230505947431916,Anomalie,HIGH
12/19/2016 9:15:49 AM,unknown,unknown,application,Windows PowerShell (logit.ps),10,0.04759985470225897,Normal,NORMAL
12/19/2016 9:15:49 AM,unknown,unknown,application,Windows PowerShell (logit.ps),10,-0.0033723881780786114,Anomalie,HIGH
12/19/2016 9:15:49 AM,unknown,unknown,application,Windows PowerShell (logit.ps),10,0.05221827231080456,Normal,NORMAL
12/19/2016 9:15:20 AM,unknown,unknown,application,Windows PowerShell (logit.ps),10,0.05221827231080456,Normal,NORMAL
12/19/2016 9:15:20 AM,unknown,unknown,application,Windows PowerShell (logit.ps),10,-0.02500964634221292,Anomalie,HIGH
12/19/2016 9:15:20 AM,unknown,unknown,application,Windows PowerShell (logit.ps),10,0.04759985470225897,Normal,NORMAL
12/19/2016 9:15:20 AM,unknown,unknown,application,Windows PowerShell (logit.ps),10,-0.0033723881780786114,Anomalie,HIGH
12/19/2016 9:15:20 AM,unknown,unknown,application,Windows PowerShell (logit.ps),10,0.05221827231080456,Normal,NORMAL
12/19/2016 9:14:47 AM,unknown,unknown,application,Windows PowerShell (logit.ps),10,0.052617096824046916,Normal,NORMAL
12/19/2016 9:14:47 AM,unknown,unknown,application,Windows PowerShell (logit.ps),10,-0.021915905902437416,Anomalie,HIGH
12/19/2016 9:14:47 AM,unknown,unknown,application,Windows PowerShell (logit.ps),10,0.048002707346186724,Normal,NORMAL
12/19/2016 9:14:47 AM,unknown,unknown,application,Windows PowerShell (logit.ps),10,-0.0026259995512625256,Anomalie,HIGH
12/19/2016 9:14:47 AM,unknown,unknown,application,Windows PowerShell (logit.ps),10,0.052617096824046916,Normal,NORMAL
12/19/2016 9:14:18 AM,unknown,unknown,application,Windows PowerShell (logit.ps),10,0.052617096824046916,Normal,NORMAL
12/19/2016 9:14:18 AM,unknown,unknown,application,Windows PowerShell (logit.ps),10,-0.021915905902437416,Anomalie,HIGH
12/19/2016 9:14:18 AM,unknown,unknown,application,Windows PowerShell (logit.ps),10,0.048002707346186724,Normal,NORMAL
12/19/2016 9:14:18 AM,unknown,unknown,application,Windows PowerShell (logit.ps),10,-0.0026259995512625256,Anomalie,HIGH
12/19/2016 9:14:18 AM,unknown,unknown,application,Windows PowerShell (logit.ps),10,0.052617096824046916,Normal,NORMAL
12/19/2016 9:13:48 AM,unknown,unknown,application,Windows PowerShell (logit.ps),10,0.05050515844842829,Normal,NORMAL
12/19/2016 9:13:48 AM,unknown,unknown,application,Windows PowerShell (logit.ps),10,-0.02278482705649454,Anomalie,HIGH
12/19/2016 9:13:48 AM,unknown,unknown,application,Windows PowerShell (logit.ps),10,0.04586943837654939,Normal,NORMAL
12/19/2016 9:13:48 AM,unknown,unknown,application,Windows PowerShell (logit.ps),10,-0.0037693878149871463,Anomalie,HIGH
12/19/2016 9:13:48 AM,unknown,unknown,application,Windows PowerShell (logit.ps),10,0.05050515844842829,Normal,NORMAL
12/19/2016 9:13:18 AM,unknown,unknown,application,Windows PowerShell (logit.ps),10,0.05050515844842829,Normal,NORMAL
12/19/2016 9:13:18 AM,unknown,unknown,application,Windows PowerShell (logit.ps),10,-0.022350189022935285,Anomalie,HIGH
12/19/2016 9:13:18 AM,unknown,unknown,application,Windows PowerShell (logit.ps),10,0.04586943837654939,Normal,NORMAL
12/19/2016 9:13:18 AM,unknown,unknown,application,Windows PowerShell (logit.ps),10,-0.0037693878149871463,Anomalie,HIGH
12/19/2016 9:13:18 AM,unknown,unknown,application,Windows PowerShell (logit.ps),10,0.05050515844842829,Normal,NORMAL
12/19/2016 9:12:48 AM,unknown,unknown,application,Windows PowerShell (logit.ps),10,0.0492370280559995,Normal,NORMAL
12/19/2016 9:12:48 AM,unknown,unknown,application,Windows PowerShell (logit.ps),10,-0.02309844510437098,Anomalie,HIGH
12/19/2016 9:12:48 AM,unknown,unknown,application,Windows PowerShell (logit.ps),10,0.04490293742979112,Normal,NORMAL
12/19/2016 9:12:48 AM,unknown,unknown,application,Windows PowerShell (logit.ps),10,-0.0039972867011465185,Anomalie,HIGH
12/19/2016 9:12:48 AM,unknown,unknown,application,Windows PowerShell (logit.ps),10,0.0492370280559995,Normal,NORMAL
12/19/2016 9:12:41 AM,unknown,unknown,application,Desktop Window Manager,9009,-0.11566981846602042,Anomalie,HIGH
12/19/2016 9:12:41 AM,unknown,unknown,application,Desktop Window Manager,9020,-0.2317960086725519,Anomalie,HIGH
12/19/2016 9:12:19 AM,unknown,unknown,application,Windows PowerShell (logit.ps),10,0.0492370280559995,Normal,NORMAL
12/19/2016 9:12:19 AM,unknown,unknown,application,Windows PowerShell (logit.ps),10,-0.02309844510437098,Anomalie,HIGH
12/19/2016 9:12:19 AM,unknown,unknown,application,Windows PowerShell (logit.ps),10,0.04490293742979112,Normal,NORMAL
12/19/2016 9:12:19 AM,unknown,unknown,application,Windows PowerShell (logit.ps),10,-0.00464098552537473,Anomalie,HIGH
12/19/2016 9:12:19 AM,unknown,unknown,application,Windows PowerShell (logit.ps),10,0.0492370280559995,Normal,NORMAL
12/19/2016 9:11:53 AM,unknown,unknown,application,Windows PowerShell (logit.ps),10,0.048041873062436125,Normal,NORMAL
12/19/2016 9:11:53 AM,unknown,unknown,application,Windows PowerShell (logit.ps),10,-0.02665349754090074,Anomalie,HIGH
12/19/2016 9:11:53 AM,unknown,unknown,application,Windows PowerShell (logit.ps),10,0.044011568742300444,Normal,NORMAL
12/19/2016 9:11:53 AM,unknown,unknown,application,Windows PowerShell (logit.ps),10,-0.006027786732308749,Anomalie,HIGH
12/19/2016 9:11:53 AM,unknown,unknown,application,Windows PowerShell (logit.ps),10,0.048041873062436125,Normal,NORMAL
12/19/2016 9:11:25 AM,unknown,unknown,application,Windows PowerShell (logit.ps),10,0.048041873062436125,Normal,NORMAL
12/19/2016 9:11:25 AM,unknown,unknown,application,Windows PowerShell (logit.ps),10,-0.018333549196029586,Anomalie,HIGH
12/19/2016 9:11:25 AM,unknown,unknown,application,Windows PowerShell (logit.ps),10,0.044011568742300444,Normal,NORMAL
12/19/2016 9:11:25 AM,unknown,unknown,application,Windows PowerShell (logit.ps),10,-0.006027786732308749,Anomalie,HIGH
12/19/2016 9:11:25 AM,unknown,unknown,application,Windows PowerShell (logit.ps),10,0.048041873062436125,Normal,NORMAL
12/19/2016 9:09:37 AM,unknown,unknown,application,Microsoft-Windows-Security-SPP,903,0.06064362946821855,Normal,NORMAL
12/19/2016 9:09:37 AM,unknown,unknown,application,Microsoft-Windows-Security-SPP,16384,-0.07147103054239423,Anomalie,HIGH
12/19/2016 9:09:07 AM,unknown,unknown,application,Microsoft-Windows-Security-SPP,902,0.06660992038929048,Normal,NORMAL
12/19/2016 9:09:07 AM,unknown,unknown,application,Microsoft-Windows-Security-SPP,1037,0.06131977177248904,Normal,NORMAL
12/19/2016 9:09:07 AM,unknown,unknown,application,Microsoft-Windows-Security-SPP,1003,0.047185447441014716,Normal,NORMAL
12/19/2016 9:09:07 AM,unknown,unknown,application,Microsoft-Windows-Security-SPP,1066,0.026297663031578877,Normal,NORMAL
12/19/2016 9:09:07 AM,unknown,unknown,application,Microsoft-Windows-Security-SPP,900,0.06406362636114382,Normal,NORMAL
12/19/2016 9:07:56 AM,unknown,unknown,application,Desktop Window Manager,9009,-0.11494881371941779,Anomalie,HIGH
12/19/2016 8:39:37 AM,unknown,unknown,application,Microsoft-Windows-Security-SPP,903,0.056752582635372695,Normal,NORMAL
12/19/2016 8:39:37 AM,unknown,unknown,application,Microsoft-Windows-Security-SPP,16384,-0.06323720823908152,Anomalie,HIGH
12/19/2016 8:39:07 AM,unknown,unknown,application,Microsoft-Windows-Security-SPP,902,0.06446675202949853,Normal,NORMAL
12/19/2016 8:39:06 AM,unknown,unknown,application,Microsoft-Windows-Security-SPP,1037,0.05702817055922632,Normal,NORMAL
12/19/2016 8:39:06 AM,unknown,unknown,application,Microsoft-Windows-Security-SPP,1003,0.04500081285480567,Normal,NORMAL
12/19/2016 8:39:06 AM,unknown,unknown,application,Microsoft-Windows-Security-SPP,1066,0.018290100369106943,Normal,NORMAL
