12/14/2016 12:39:01 AM,unknown,unknown,application,Microsoft-Windows-Security-SPP,1003,0.02114055297192824,Normal,NORMAL
12/14/2016 12:39:01 AM,unknown,unknown,application,Microsoft-Windows-Security-SPP,1066,-0.009534895787153053,Anomalie,HIGH
12/14/2016 12:39:01 AM,unknown,unknown,application,Microsoft-Windows-Security-SPP,900,0.03934847380478468,Normal,NORMAL
12/14/2016 12:09:31 AM,unknown,unknown,application,Microsoft-Windows-Security-SPP,903,0.026356266274126183,Normal,NORMAL
12/14/2016 12:09:31 AM,unknown,unknown,application,Microsoft-Windows-Security-SPP,16384,-0.0900507484733728,Anomalie,HIGH
12/14/2016 12:09:01 AM,unknown,unknown,application,Microsoft-Windows-Security-SPP,902,0.02934741009767039,Normal,NORMAL
12/14/2016 12:09:01 AM,unknown,unknown,application,Microsoft-Windows-Security-SPP,1037,0.023553045946229645,Normal,NORMAL
12/14/2016 12:09:01 AM,unknown,unknown,application,Microsoft-Windows-Security-SPP,1003,0.005858782300889653,Normal,NORMAL
12/14/2016 12:09:01 AM,unknown,unknown,application,Microsoft-Windows-Security-SPP,1066,-0.019387012190048347,Anomalie,HIGH
12/14/2016 12:09:01 AM,unknown,unknown,application,Microsoft-Windows-Security-SPP,900,0.026648661088085557,Normal,NORMAL
12/13/2016 11:39:31 PM,unknown,unknown,application,Microsoft-Windows-Security-SPP,903,0.03386635999038984,Normal,NORMAL
12/13/2016 11:39:31 PM,unknown,unknown,application,Microsoft-Windows-Security-SPP,16384,-0.08772302832912404,Anomalie,HIGH
12/13/2016 11:39:01 PM,unknown,unknown,application,Microsoft-Windows-Security-SPP,902,0.03474499138969961,Normal,NORMAL
12/13/2016 11:39:01 PM,unknown,unknown,application,Microsoft-Windows-Security-SPP,1037,0.026893137066076767,Normal,NORMAL
12/13/2016 11:39:01 PM,unknown,unknown,application,Microsoft-Windows-Security-SPP,1003,0.01834079274687489,Normal,NORMAL
12/13/2016 11:39:01 PM,unknown,unknown,application,Microsoft-Windows-Security-SPP,1066,-0.00918652950657417,Anomalie,HIGH
12/13/2016 11:39:01 PM,unknown,unknown,application,Microsoft-Windows-Security-SPP,900,0.03278378398804305,Normal,NORMAL
12/13/2016 11:09:31 PM,unknown,unknown,application,Microsoft-Windows-Security-SPP,903,0.025374943591193078,Normal,NORMAL
12/13/2016 11:09:31 PM,unknown,unknown,application,Microsoft-Windows-Security-SPP,16384,-0.09358906610059703,Anomalie,HIGH
12/13/2016 11:09:01 PM,unknown,unknown,application,Microsoft-Windows-Security-SPP,902,0.028657900261702285,Normal,NORMAL
12/13/2016 11:09:01 PM,unknown,unknown,application,Microsoft-Windows-Security-SPP,1037,0.022488078186118643,Normal,NORMAL
12/13/2016 11:09:01 PM,unknown,unknown,application,Microsoft-Windows-Security-SPP,1003,0.007883859077999822,Normal,NORMAL
12/13/2016 11:09:01 PM,unknown,unknown,application,Microsoft-Windows-Security-SPP,1066,-0.012197785775168613,Anomalie,HIGH
12/13/2016 11:09:01 PM,unknown,unknown,application,Microsoft-Windows-Security-SPP,900,0.028059943309082236,Normal,NORMAL
12/13/2016 10:39:31 PM,unknown,unknown,application,Microsoft-Windows-Security-SPP,903,0.03726595954856754,Normal,NORMAL
12/13/2016 10:39:31 PM,unknown,unknown,application,Microsoft-Windows-Security-SPP,16384,-0.08772302832912404,Anomalie,HIGH
12/13/2016 10:39:01 PM,unknown,unknown,application,Microsoft-Windows-Security-SPP,902,0.03813831074318019,Normal,NORMAL
12/13/2016 10:39:01 PM,unknown,unknown,application,Microsoft-Windows-Security-SPP,1037,0.03001828697240516,Normal,NORMAL
12/13/2016 10:39:01 PM,unknown,unknown,application,Microsoft-Windows-Security-SPP,1003,0.023826917534697067,Normal,NORMAL
12/13/2016 10:39:01 PM,unknown,unknown,application,Microsoft-Windows-Security-SPP,1066,-0.004435003129802051,Anomalie,HIGH
12/13/2016 10:39:01 PM,unknown,unknown,application,Microsoft-Windows-Security-SPP,900,0.03619112148832049,Normal,NORMAL
12/13/2016 10:09:31 PM,unknown,unknown,application,Microsoft-Windows-Security-SPP,903,0.02678922533596062,Normal,NORMAL
12/13/2016 10:09:31 PM,unknown,unknown,application,Microsoft-Windows-Security-SPP,16384,-0.09245066581585182,Anomalie,HIGH
12/13/2016 10:09:01 PM,unknown,unknown,application,Microsoft-Windows-Security-SPP,902,0.030662840429253935,Normal,NORMAL
12/13/2016 10:09:01 PM,unknown,unknown,application,Microsoft-Windows-Security-SPP,1037,0.02391079360046594,Normal,NORMAL
12/13/2016 10:09:01 PM,unknown,unknown,application,Microsoft-Windows-Security-SPP,1003,0.011375441824942767,Normal,NORMAL
12/13/2016 10:09:01 PM,unknown,unknown,application,Microsoft-Windows-Security-SPP,1066,-0.00954617396154911,Anomalie,HIGH
12/13/2016 10:09:01 PM,unknown,unknown,application,Microsoft-Windows-Security-SPP,900,0.030067376811453772,Normal,NORMAL
12/13/2016 9:39:31 PM,unknown,unknown,application,Microsoft-Windows-Security-SPP,903,0.05646190314589877,Normal,NORMAL
12/13/2016 9:39:31 PM,unknown,unknown,application,Microsoft-Windows-Security-SPP,16384,-0.07513747126765868,Anomalie,HIGH
12/13/2016 9:39:01 PM,unknown,unknown,application,Microsoft-Windows-Security-SPP,902,0.05699274510287339,Normal,NORMAL
12/13/2016 9:39:01 PM,unknown,unknown,application,Microsoft-Windows-Security-SPP,1037,0.0484146044301797,Normal,NORMAL
12/13/2016 9:39:01 PM,unknown,unknown,application,Microsoft-Windows-Security-SPP,1003,0.03784531020859294,Normal,NORMAL
12/13/2016 9:39:01 PM,unknown,unknown,application,Microsoft-Windows-Security-SPP,1066,0.009865053921626454,Normal,NORMAL
12/13/2016 9:39:01 PM,unknown,unknown,application,Microsoft-Windows-Security-SPP,900,0.05483181805141718,Normal,NORMAL
12/13/2016 9:09:31 PM,unknown,unknown,application,Microsoft-Windows-Security-SPP,903,0.04306080606769014,Normal,NORMAL
12/13/2016 9:09:31 PM,unknown,unknown,application,Microsoft-Windows-Security-SPP,16384,-0.08686025944754006,Anomalie,HIGH
12/13/2016 9:09:01 PM,unknown,unknown,application,Microsoft-Windows-Security-SPP,902,0.04617732892085458,Normal,NORMAL
12/13/2016 9:09:01 PM,unknown,unknown,application,Microsoft-Windows-Security-SPP,1037,0.039333587549664206,Normal,NORMAL
12/13/2016 9:09:01 PM,unknown,unknown,application,Microsoft-Windows-Security-SPP,1003,0.02486773119305563,Normal,NORMAL
12/13/2016 9:09:00 PM,unknown,unknown,application,Microsoft-Windows-Security-SPP,1066,0.0020371755600058217,Normal,NORMAL
12/13/2016 9:09:00 PM,unknown,unknown,application,Microsoft-Windows-Security-SPP,900,0.04498925339719817,Normal,NORMAL
12/13/2016 8:39:31 PM,unknown,unknown,application,Microsoft-Windows-Security-SPP,903,0.0647927224970542,Normal,NORMAL
12/13/2016 8:39:31 PM,unknown,unknown,application,Microsoft-Windows-Security-SPP,16384,-0.06838893413491443,Anomalie,HIGH
12/13/2016 8:39:00 PM,unknown,unknown,application,Microsoft-Windows-Security-SPP,902,0.06531380263603592,Normal,NORMAL
12/13/2016 8:39:00 PM,unknown,unknown,application,Microsoft-Windows-Security-SPP,1037,0.05766917099768143,Normal,NORMAL
12/13/2016 8:39:00 PM,unknown,unknown,application,Microsoft-Windows-Security-SPP,1003,0.047069185450457796,Normal,NORMAL
12/13/2016 8:39:00 PM,unknown,unknown,application,Microsoft-Windows-Security-SPP,1066,0.019249374354437188,Normal,NORMAL
12/13/2016 8:39:00 PM,unknown,unknown,application,Microsoft-Windows-Security-SPP,900,0.06409756482117429,Normal,NORMAL
12/13/2016 8:18:55 PM,unknown,unknown,application,RSyslogWindowsAgent,114,-0.10506769248483538,Anomalie,HIGH
12/13/2016 8:09:30 PM,unknown,unknown,application,Microsoft-Windows-Security-SPP,903,0.05382116075436422,Normal,NORMAL
12/13/2016 8:09:30 PM,unknown,unknown,application,Microsoft-Windows-Security-SPP,16384,-0.0776851005716439,Anomalie,HIGH
12/13/2016 8:09:00 PM,unknown,unknown,application,Microsoft-Windows-Security-SPP,902,0.05669672938967818,Normal,NORMAL
12/13/2016 8:09:00 PM,unknown,unknown,application,Microsoft-Windows-Security-SPP,1037,0.04880838442715579,Normal,NORMAL
12/13/2016 8:09:00 PM,unknown,unknown,application,Microsoft-Windows-Security-SPP,1003,0.03701426599228108,Normal,NORMAL
12/13/2016 8:09:00 PM,unknown,unknown,application,Microsoft-Windows-Security-SPP,1066,0.014128544678799093,Normal,NORMAL
12/13/2016 8:09:00 PM,unknown,unknown,application,Microsoft-Windows-Security-SPP,900,0.05553562900438125,Normal,NORMAL
12/13/2016 7:47:56 PM,unknown,unknown,application,RSyslogWindowsAgent,114,-0.10293498051948036,Anomalie,HIGH
12/13/2016 7:47:35 PM,unknown,unknown,application,RSyslogWindowsAgent,114,-0.10293498051948036,Anomalie,HIGH
12/13/2016 7:47:14 PM,unknown,unknown,application,RSyslogWindowsAgent,114,-0.10293498051948036,Anomalie,HIGH
12/13/2016 7:46:53 PM,unknown,unknown,application,RSyslogWindowsAgent,114,-0.0986126250692323,Anomalie,HIGH
12/13/2016 7:46:32 PM,unknown,unknown,application,RSyslogWindowsAgent,114,-0.0986126250692323,Anomalie,HIGH
12/13/2016 7:46:11 PM,unknown,unknown,application,RSyslogWindowsAgent,114,-0.0986126250692323,Anomalie,HIGH
12/13/2016 7:45:50 PM,unknown,unknown,application,RSyslogWindowsAgent,114,-0.09532037809205496,Anomalie,HIGH
12/13/2016 7:45:29 PM,unknown,unknown,application,RSyslogWindowsAgent,114,-0.09532037809205496,Anomalie,HIGH
12/13/2016 7:45:08 PM,unknown,unknown,application,RSyslogWindowsAgent,114,-0.09532037809205496,Anomalie,HIGH
12/13/2016 7:44:47 PM,unknown,unknown,application,RSyslogWindowsAgent,114,-0.09246271979615306,Anomalie,HIGH
12/13/2016 7:44:26 PM,unknown,unknown,application,RSyslogWindowsAgent,114,-0.09246271979615306,Anomalie,HIGH
12/13/2016 7:44:05 PM,unknown,unknown,application,RSyslogWindowsAgent,114,-0.09246271979615306,Anomalie,HIGH
12/13/2016 7:43:44 PM,unknown,unknown,application,RSyslogWindowsAgent,114,-0.08989141592936245,Anomalie,HIGH
12/13/2016 7:43:23 PM,unknown,unknown,application,RSyslogWindowsAgent,114,-0.08989141592936245,Anomalie,HIGH
12/13/2016 7:43:02 PM,unknown,unknown,application,RSyslogWindowsAgent,114,-0.08989141592936245,Anomalie,HIGH
12/13/2016 7:42:41 PM,unknown,unknown,application,RSyslogWindowsAgent,114,-0.08908090198119589,Anomalie,HIGH
12/13/2016 7:42:20 PM,unknown,unknown,application,RSyslogWindowsAgent,114,-0.08908090198119589,Anomalie,HIGH
12/13/2016 7:41:59 PM,unknown,unknown,application,RSyslogWindowsAgent,114,-0.09065811034772142,Anomalie,HIGH
12/13/2016 7:41:38 PM,unknown,unknown,application,RSyslogWindowsAgent,114,-0.09065811034772142,Anomalie,HIGH
12/13/2016 7:41:17 PM,unknown,unknown,application,RSyslogWindowsAgent,114,-0.09065811034772142,Anomalie,HIGH
12/13/2016 7:40:56 PM,unknown,unknown,application,RSyslogWindowsAgent,114,-0.09106429770482538,Anomalie,HIGH
12/13/2016 7:40:35 PM,unknown,unknown,application,RSyslogWindowsAgent,114,-0.09106429770482538,Anomalie,HIGH
12/13/2016 7:40:14 PM,unknown,unknown,application,RSyslogWindowsAgent,114,-0.09106429770482538,Anomalie,HIGH
12/13/2016 7:39:53 PM,unknown,unknown,application,RSyslogWindowsAgent,114,-0.09016804892067087,Anomalie,HIGH
12/13/2016 7:39:32 PM,unknown,unknown,application,RSyslogWindowsAgent,114,-0.09016804892067087,Anomalie,HIGH
12/13/2016 7:39:30 PM,unknown,unknown,application,Microsoft-Windows-Security-SPP,903,0.07369263825194339,Normal,NORMAL
12/13/2016 7:39:30 PM,unknown,unknown,application,Microsoft-Windows-Security-SPP,16384,-0.0663372885304484,Anomalie,HIGH
12/13/2016 7:39:11 PM,unknown,unknown,application,RSyslogWindowsAgent,114,-0.09016804892067087,Anomalie,HIGH
12/13/2016 7:39:00 PM,unknown,unknown,application,Microsoft-Windows-Security-SPP,902,0.07420328972189644,Normal,NORMAL
12/13/2016 7:39:00 PM,unknown,unknown,application,Microsoft-Windows-Security-SPP,1037,0.06641197728316445,Normal,NORMAL
12/13/2016 7:39:00 PM,unknown,unknown,application,Microsoft-Windows-Security-SPP,1003,0.05435836399134314,Normal,NORMAL
12/13/2016 7:39:00 PM,unknown,unknown,application,Microsoft-Windows-Security-SPP,1066,0.02408495082503731,Normal,NORMAL
12/13/2016 7:39:00 PM,unknown,unknown,application,Microsoft-Windows-Security-SPP,900,0.07215294903859426,Normal,NORMAL
12/13/2016 7:38:50 PM,unknown,unknown,application,RSyslogWindowsAgent,114,-0.08976246774813801,Anomalie,HIGH
12/13/2016 7:38:29 PM,unknown,unknown,application,RSyslogWindowsAgent,114,-0.08976246774813801,Anomalie,HIGH
12/13/2016 7:38:08 PM,unknown,unknown,application,RSyslogWindowsAgent,114,-0.08976246774813801,Anomalie,HIGH
12/13/2016 7:37:47 PM,unknown,unknown,application,RSyslogWindowsAgent,114,-0.08976246774813801,Anomalie,HIGH
12/13/2016 7:37:26 PM,unknown,unknown,application,RSyslogWindowsAgent,114,-0.08976246774813801,Anomalie,HIGH
12/13/2016 7:37:05 PM,unknown,unknown,application,RSyslogWindowsAgent,114,-0.08976246774813801,Anomalie,HIGH
12/13/2016 7:36:44 PM,unknown,unknown,application,RSyslogWindowsAgent,114,-0.09436100531580571,Anomalie,HIGH
12/13/2016 7:36:23 PM,unknown,unknown,application,RSyslogWindowsAgent,114,-0.09436100531580571,Anomalie,HIGH
12/13/2016 7:36:02 PM,unknown,unknown,application,RSyslogWindowsAgent,114,-0.09436100531580571,Anomalie,HIGH
12/13/2016 7:35:41 PM,unknown,unknown,application,RSyslogWindowsAgent,114,-0.09436100531580571,Anomalie,HIGH
12/13/2016 7:35:20 PM,unknown,unknown,application,RSyslogWindowsAgent,114,-0.09436100531580571,Anomalie,HIGH
12/13/2016 7:34:59 PM,unknown,unknown,application,RSyslogWindowsAgent,114,-0.0942411636288969,Anomalie,HIGH
12/13/2016 7:34:38 PM,unknown,unknown,application,RSyslogWindowsAgent,114,-0.0942411636288969,Anomalie,HIGH
12/13/2016 7:34:17 PM,unknown,unknown,application,RSyslogWindowsAgent,114,-0.0942411636288969,Anomalie,HIGH
12/13/2016 7:33:56 PM,unknown,unknown,application,RSyslogWindowsAgent,114,-0.09473455376374729,Anomalie,HIGH
12/13/2016 7:33:35 PM,unknown,unknown,application,RSyslogWindowsAgent,114,-0.09473455376374729,Anomalie,HIGH
12/13/2016 7:33:14 PM,unknown,unknown,application,RSyslogWindowsAgent,114,-0.09473455376374729,Anomalie,HIGH
12/13/2016 7:32:53 PM,unknown,unknown,application,RSyslogWindowsAgent,114,-0.09350937351059918,Anomalie,HIGH
12/13/2016 7:32:32 PM,unknown,unknown,application,RSyslogWindowsAgent,114,-0.09350937351059918,Anomalie,HIGH
12/13/2016 7:32:11 PM,unknown,unknown,application,RSyslogWindowsAgent,114,-0.09350937351059918,Anomalie,HIGH
12/13/2016 7:31:50 PM,unknown,unknown,application,RSyslogWindowsAgent,114,-0.09231052910581483,Anomalie,HIGH
12/13/2016 7:31:29 PM,unknown,unknown,application,RSyslogWindowsAgent,114,-0.09231052910581483,Anomalie,HIGH
12/13/2016 7:31:08 PM,unknown,unknown,application,RSyslogWindowsAgent,114,-0.09231052910581483,Anomalie,HIGH
12/13/2016 7:30:47 PM,unknown,unknown,application,RSyslogWindowsAgent,114,-0.09271783484513563,Anomalie,HIGH
12/13/2016 7:30:26 PM,unknown,unknown,application,RSyslogWindowsAgent,114,-0.09271783484513563,Anomalie,HIGH
12/13/2016 7:30:05 PM,unknown,unknown,application,RSyslogWindowsAgent,114,-0.09271783484513563,Anomalie,HIGH
12/13/2016 7:29:44 PM,unknown,unknown,application,RSyslogWindowsAgent,114,-0.09068405912874611,Anomalie,HIGH
12/13/2016 7:29:23 PM,unknown,unknown,application,RSyslogWindowsAgent,114,-0.09068405912874611,Anomalie,HIGH
12/13/2016 7:29:02 PM,unknown,unknown,application,RSyslogWindowsAgent,114,-0.09068405912874611,Anomalie,HIGH
12/13/2016 7:28:41 PM,unknown,unknown,application,RSyslogWindowsAgent,114,-0.09312541625519277,Anomalie,HIGH
12/13/2016 7:28:20 PM,unknown,unknown,application,RSyslogWindowsAgent,114,-0.09312541625519277,Anomalie,HIGH
12/13/2016 7:27:59 PM,unknown,unknown,application,RSyslogWindowsAgent,114,-0.09231052910581483,Anomalie,HIGH
12/13/2016 7:27:38 PM,unknown,unknown,application,RSyslogWindowsAgent,114,-0.09231052910581483,Anomalie,HIGH
12/13/2016 7:27:17 PM,unknown,unknown,application,RSyslogWindowsAgent,114,-0.09231052910581483,Anomalie,HIGH
12/13/2016 7:26:56 PM,unknown,unknown,application,RSyslogWindowsAgent,114,-0.09280234145102362,Anomalie,HIGH
12/13/2016 7:26:35 PM,unknown,unknown,application,RSyslogWindowsAgent,114,-0.09280234145102362,Anomalie,HIGH
12/13/2016 7:26:14 PM,unknown,unknown,application,RSyslogWindowsAgent,114,-0.09280234145102362,Anomalie,HIGH
12/13/2016 7:25:53 PM,unknown,unknown,application,RSyslogWindowsAgent,114,-0.09164140992253356,Anomalie,HIGH
12/13/2016 7:25:32 PM,unknown,unknown,application,RSyslogWindowsAgent,114,-0.09164140992253356,Anomalie,HIGH
12/13/2016 7:25:11 PM,unknown,unknown,application,RSyslogWindowsAgent,114,-0.09164140992253356,Anomalie,HIGH
12/13/2016 7:24:50 PM,unknown,unknown,application,RSyslogWindowsAgent,114,-0.09661589177102814,Anomalie,HIGH
12/13/2016 7:24:29 PM,unknown,unknown,application,RSyslogWindowsAgent,114,-0.09661589177102814,Anomalie,HIGH
12/13/2016 7:24:08 PM,unknown,unknown,application,RSyslogWindowsAgent,114,-0.09661589177102814,Anomalie,HIGH
12/13/2016 7:23:47 PM,unknown,unknown,application,RSyslogWindowsAgent,114,-0.09612096538904769,Anomalie,HIGH
12/13/2016 7:23:26 PM,unknown,unknown,application,RSyslogWindowsAgent,114,-0.09612096538904769,Anomalie,HIGH
12/13/2016 7:23:05 PM,unknown,unknown,application,RSyslogWindowsAgent,114,-0.09612096538904769,Anomalie,HIGH
12/13/2016 7:22:44 PM,unknown,unknown,application,RSyslogWindowsAgent,114,-0.09653085008975881,Anomalie,HIGH
12/13/2016 7:22:23 PM,unknown,unknown,application,RSyslogWindowsAgent,114,-0.09653085008975881,Anomalie,HIGH
12/13/2016 7:22:02 PM,unknown,unknown,application,RSyslogWindowsAgent,114,-0.09653085008975881,Anomalie,HIGH
12/13/2016 7:21:40 PM,unknown,unknown,application,RSyslogWindowsAgent,114,-0.0992967251044784,Anomalie,HIGH
12/13/2016 7:21:19 PM,unknown,unknown,application,RSyslogWindowsAgent,114,-0.0992967251044784,Anomalie,HIGH
12/13/2016 7:20:58 PM,unknown,unknown,application,RSyslogWindowsAgent,114,-0.09871426155370477,Anomalie,HIGH
12/13/2016 7:20:37 PM,unknown,unknown,application,RSyslogWindowsAgent,114,-0.09871426155370477,Anomalie,HIGH
12/13/2016 7:20:16 PM,unknown,unknown,application,RSyslogWindowsAgent,114,-0.09871426155370477,Anomalie,HIGH
12/13/2016 7:19:55 PM,unknown,unknown,application,RSyslogWindowsAgent,114,-0.09900573317859596,Anomalie,HIGH
12/13/2016 7:19:34 PM,unknown,unknown,application,RSyslogWindowsAgent,114,-0.09900573317859596,Anomalie,HIGH
12/13/2016 7:19:13 PM,unknown,unknown,application,RSyslogWindowsAgent,114,-0.09900573317859596,Anomalie,HIGH
12/13/2016 7:18:52 PM,unknown,unknown,application,RSyslogWindowsAgent,114,-0.10137714385761865,Anomalie,HIGH
12/13/2016 7:18:31 PM,unknown,unknown,application,RSyslogWindowsAgent,114,-0.10137714385761865,Anomalie,HIGH
12/13/2016 7:18:10 PM,unknown,unknown,application,RSyslogWindowsAgent,114,-0.10137714385761865,Anomalie,HIGH
12/13/2016 7:17:49 PM,unknown,unknown,application,RSyslogWindowsAgent,114,-0.0994606715774835,Anomalie,HIGH
12/13/2016 7:17:28 PM,unknown,unknown,application,RSyslogWindowsAgent,114,-0.0994606715774835,Anomalie,HIGH
12/13/2016 7:17:07 PM,unknown,unknown,application,RSyslogWindowsAgent,114,-0.0994606715774835,Anomalie,HIGH
12/13/2016 7:16:46 PM,unknown,unknown,application,RSyslogWindowsAgent,114,-0.09972984364672155,Anomalie,HIGH
12/13/2016 7:16:25 PM,unknown,unknown,application,RSyslogWindowsAgent,114,-0.09972984364672155,Anomalie,HIGH
12/13/2016 7:16:04 PM,unknown,unknown,application,RSyslogWindowsAgent,114,-0.09972984364672155,Anomalie,HIGH
12/13/2016 7:15:43 PM,unknown,unknown,application,RSyslogWindowsAgent,114,-0.10131951954699037,Anomalie,HIGH
12/13/2016 7:15:22 PM,unknown,unknown,application,RSyslogWindowsAgent,114,-0.10131951954699037,Anomalie,HIGH
12/13/2016 7:15:01 PM,unknown,unknown,application,RSyslogWindowsAgent,114,-0.10131951954699037,Anomalie,HIGH
12/13/2016 7:14:40 PM,unknown,unknown,application,RSyslogWindowsAgent,114,-0.10295053751935723,Anomalie,HIGH
12/13/2016 7:14:19 PM,unknown,unknown,application,RSyslogWindowsAgent,114,-0.10295053751935723,Anomalie,HIGH
12/13/2016 7:13:58 PM,unknown,unknown,application,RSyslogWindowsAgent,114,-0.1021223642760134,Anomalie,HIGH
12/13/2016 7:13:37 PM,unknown,unknown,application,RSyslogWindowsAgent,114,-0.1021223642760134,Anomalie,HIGH
12/13/2016 7:13:16 PM,unknown,unknown,application,RSyslogWindowsAgent,114,-0.1021223642760134,Anomalie,HIGH
12/13/2016 7:12:55 PM,unknown,unknown,application,RSyslogWindowsAgent,114,-0.10557786437511263,Anomalie,HIGH
12/13/2016 7:12:34 PM,unknown,unknown,application,RSyslogWindowsAgent,114,-0.10557786437511263,Anomalie,HIGH
12/13/2016 7:12:13 PM,unknown,unknown,application,RSyslogWindowsAgent,114,-0.10557786437511263,Anomalie,HIGH
12/13/2016 7:11:52 PM,unknown,unknown,application,RSyslogWindowsAgent,114,-0.10557786437511263,Anomalie,HIGH
12/13/2016 7:11:31 PM,unknown,unknown,application,RSyslogWindowsAgent,114,-0.10557786437511263,Anomalie,HIGH
12/13/2016 7:11:10 PM,unknown,unknown,application,RSyslogWindowsAgent,114,-0.10557786437511263,Anomalie,HIGH
12/13/2016 7:10:49 PM,unknown,unknown,application,RSyslogWindowsAgent,114,-0.10756201133360377,Anomalie,HIGH
12/13/2016 7:10:28 PM,unknown,unknown,application,RSyslogWindowsAgent,114,-0.10756201133360377,Anomalie,HIGH
12/13/2016 7:10:07 PM,unknown,unknown,application,RSyslogWindowsAgent,114,-0.10756201133360377,Anomalie,HIGH
12/13/2016 7:09:46 PM,unknown,unknown,application,RSyslogWindowsAgent,114,-0.10589432138279464,Anomalie,HIGH
12/13/2016 7:09:30 PM,unknown,unknown,application,Microsoft-Windows-Security-SPP,903,0.06263302492400419,Normal,NORMAL
12/13/2016 7:09:30 PM,unknown,unknown,application,Microsoft-Windows-Security-SPP,16384,-0.07704275203035083,Anomalie,HIGH
12/13/2016 7:09:25 PM,unknown,unknown,application,RSyslogWindowsAgent,114,-0.10589432138279464,Anomalie,HIGH
12/13/2016 7:09:04 PM,unknown,unknown,application,RSyslogWindowsAgent,114,-0.10589432138279464,Anomalie,HIGH
12/13/2016 7:09:00 PM,unknown,unknown,application,Microsoft-Windows-Security-SPP,902,0.06545298456127924,Normal,NORMAL
12/13/2016 7:09:00 PM,unknown,unknown,application,Microsoft-Windows-Security-SPP,1037,0.056635562126723715,Normal,NORMAL
12/13/2016 7:09:00 PM,unknown,unknown,application,Microsoft-Windows-Security-SPP,1003,0.04394306651990548,Normal,NORMAL
12/13/2016 7:09:00 PM,unknown,unknown,application,Microsoft-Windows-Security-SPP,1066,0.01787668394095343,Normal,NORMAL
12/13/2016 7:09:00 PM,unknown,unknown,application,Microsoft-Windows-Security-SPP,900,0.06294648618327636,Normal,NORMAL
12/13/2016 7:08:43 PM,unknown,unknown,application,RSyslogWindowsAgent,114,-0.10539181849897994,Anomalie,HIGH
12/13/2016 7:08:22 PM,unknown,unknown,application,RSyslogWindowsAgent,114,-0.10539181849897994,Anomalie,HIGH
12/13/2016 7:08:01 PM,unknown,unknown,application,RSyslogWindowsAgent,114,-0.10539181849897994,Anomalie,HIGH
12/13/2016 7:07:40 PM,unknown,unknown,application,RSyslogWindowsAgent,114,-0.11352824912437709,Anomalie,HIGH
12/13/2016 7:07:19 PM,unknown,unknown,application,RSyslogWindowsAgent,114,-0.11352824912437709,Anomalie,HIGH
12/13/2016 7:06:58 PM,unknown,unknown,application,RSyslogWindowsAgent,114,-0.11690958060041778,Anomalie,HIGH
12/13/2016 7:06:37 PM,unknown,unknown,application,RSyslogWindowsAgent,114,-0.11690958060041778,Anomalie,HIGH
12/13/2016 7:06:16 PM,unknown,unknown,application,RSyslogWindowsAgent,114,-0.11690958060041778,Anomalie,HIGH
12/13/2016 7:05:55 PM,unknown,unknown,application,RSyslogWindowsAgent,114,-0.12116206371489435,Anomalie,HIGH
12/13/2016 7:05:34 PM,unknown,unknown,application,RSyslogWindowsAgent,114,-0.12116206371489435,Anomalie,HIGH
12/13/2016 7:05:13 PM,unknown,unknown,application,RSyslogWindowsAgent,114,-0.12116206371489435,Anomalie,HIGH
12/13/2016 7:04:52 PM,unknown,unknown,application,RSyslogWindowsAgent,114,-0.12409237345509583,Anomalie,HIGH
12/13/2016 7:04:31 PM,unknown,unknown,application,RSyslogWindowsAgent,114,-0.12409237345509583,Anomalie,HIGH
12/13/2016 7:04:10 PM,unknown,unknown,application,RSyslogWindowsAgent,114,-0.12409237345509583,Anomalie,HIGH
12/13/2016 7:03:49 PM,unknown,unknown,application,RSyslogWindowsAgent,114,-0.12623935859479973,Anomalie,HIGH
12/13/2016 7:03:28 PM,unknown,unknown,application,RSyslogWindowsAgent,114,-0.12623935859479973,Anomalie,HIGH
12/13/2016 7:03:07 PM,unknown,unknown,application,RSyslogWindowsAgent,114,-0.12623935859479973,Anomalie,HIGH
12/13/2016 7:02:46 PM,unknown,unknown,application,RSyslogWindowsAgent,114,-0.12623935859479973,Anomalie,HIGH
12/13/2016 7:02:25 PM,unknown,unknown,application,RSyslogWindowsAgent,114,-0.12623935859479973,Anomalie,HIGH
12/13/2016 7:02:04 PM,unknown,unknown,application,RSyslogWindowsAgent,114,-0.12623935859479973,Anomalie,HIGH
12/13/2016 7:01:43 PM,unknown,unknown,application,RSyslogWindowsAgent,114,-0.1322252905352732,Anomalie,HIGH
12/13/2016 7:01:22 PM,unknown,unknown,application,RSyslogWindowsAgent,114,-0.1322252905352732,Anomalie,HIGH
12/13/2016 7:01:01 PM,unknown,unknown,application,RSyslogWindowsAgent,114,-0.1322252905352732,Anomalie,HIGH
12/13/2016 7:00:40 PM,unknown,unknown,application,RSyslogWindowsAgent,114,-0.13920980731365418,Anomalie,HIGH
12/13/2016 7:00:19 PM,unknown,unknown,application,RSyslogWindowsAgent,114,-0.13920980731365418,Anomalie,HIGH
12/13/2016 6:59:58 PM,unknown,unknown,application,RSyslogWindowsAgent,114,-0.1370680704082845,Anomalie,HIGH
12/13/2016 6:59:37 PM,unknown,unknown,application,RSyslogWindowsAgent,114,-0.1370680704082845,Anomalie,HIGH
12/13/2016 6:59:16 PM,unknown,unknown,application,RSyslogWindowsAgent,114,-0.1370680704082845,Anomalie,HIGH
12/13/2016 6:58:55 PM,unknown,unknown,application,RSyslogWindowsAgent,114,-0.13392286931373865,Anomalie,HIGH
12/13/2016 6:58:34 PM,unknown,unknown,application,RSyslogWindowsAgent,114,-0.13392286931373865,Anomalie,HIGH
12/13/2016 6:58:13 PM,unknown,unknown,application,RSyslogWindowsAgent,114,-0.13392286931373865,Anomalie,HIGH
12/13/2016 6:57:52 PM,unknown,unknown,application,RSyslogWindowsAgent,114,-0.1359177864230643,Anomalie,HIGH
12/13/2016 6:53:04 PM,unknown,unknown,application,RSyslogWindowsAgent,114,-0.12290901120945208,Anomalie,HIGH
12/13/2016 6:52:43 PM,unknown,unknown,application,RSyslogWindowsAgent,114,-0.12162670159830369,Anomalie,HIGH
12/13/2016 6:52:22 PM,unknown,unknown,application,RSyslogWindowsAgent,114,-0.12162670159830369,Anomalie,HIGH
12/13/2016 6:52:01 PM,unknown,unknown,application,RSyslogWindowsAgent,114,-0.12162670159830369,Anomalie,HIGH
12/13/2016 6:51:40 PM,unknown,unknown,application,RSyslogWindowsAgent,114,-0.12162670159830369,Anomalie,HIGH
12/13/2016 6:51:19 PM,unknown,unknown,application,RSyslogWindowsAgent,114,-0.12162670159830369,Anomalie,HIGH
12/13/2016 6:50:58 PM,unknown,unknown,application,RSyslogWindowsAgent,114,-0.12089838175505441,Anomalie,HIGH
12/13/2016 6:50:37 PM,unknown,unknown,application,RSyslogWindowsAgent,114,-0.12089838175505441,Anomalie,HIGH
12/13/2016 6:50:16 PM,unknown,unknown,application,RSyslogWindowsAgent,114,-0.12089838175505441,Anomalie,HIGH
12/13/2016 6:49:55 PM,unknown,unknown,application,RSyslogWindowsAgent,114,-0.12047201589197953,Anomalie,HIGH
12/13/2016 6:49:34 PM,unknown,unknown,application,RSyslogWindowsAgent,114,-0.12047201589197953,Anomalie,HIGH
12/13/2016 6:49:13 PM,unknown,unknown,application,RSyslogWindowsAgent,114,-0.12047201589197953,Anomalie,HIGH
12/13/2016 6:48:52 PM,unknown,unknown,application,RSyslogWindowsAgent,114,-0.11523313592307949,Anomalie,HIGH
12/13/2016 6:48:31 PM,unknown,unknown,application,RSyslogWindowsAgent,114,-0.11523313592307949,Anomalie,HIGH
12/13/2016 6:48:10 PM,unknown,unknown,application,RSyslogWindowsAgent,114,-0.11523313592307949,Anomalie,HIGH
12/13/2016 6:47:49 PM,unknown,unknown,application,RSyslogWindowsAgent,114,-0.11402896833654175,Anomalie,HIGH
12/13/2016 6:47:28 PM,unknown,unknown,application,RSyslogWindowsAgent,114,-0.11402896833654175,Anomalie,HIGH
12/13/2016 6:47:07 PM,unknown,unknown,application,RSyslogWindowsAgent,114,-0.11402896833654175,Anomalie,HIGH
12/13/2016 6:46:46 PM,unknown,unknown,application,RSyslogWindowsAgent,114,-0.11046665063641581,Anomalie,HIGH
12/13/2016 6:46:25 PM,unknown,unknown,application,RSyslogWindowsAgent,114,-0.11046665063641581,Anomalie,HIGH
12/13/2016 6:46:04 PM,unknown,unknown,application,RSyslogWindowsAgent,114,-0.11046665063641581,Anomalie,HIGH
12/13/2016 6:45:43 PM,unknown,unknown,application,RSyslogWindowsAgent,114,-0.10752754844936019,Anomalie,HIGH
12/13/2016 6:45:22 PM,unknown,unknown,application,RSyslogWindowsAgent,114,-0.10752754844936019,Anomalie,HIGH
12/13/2016 6:45:01 PM,unknown,unknown,application,RSyslogWindowsAgent,114,-0.10752754844936019,Anomalie,HIGH
12/13/2016 6:44:40 PM,unknown,unknown,application,RSyslogWindowsAgent,114,-0.10544375713257292,Anomalie,HIGH
12/13/2016 6:44:19 PM,unknown,unknown,application,RSyslogWindowsAgent,114,-0.10544375713257292,Anomalie,HIGH
12/13/2016 6:43:58 PM,unknown,unknown,application,RSyslogWindowsAgent,114,-0.10281700313276454,Anomalie,HIGH
12/13/2016 6:43:37 PM,unknown,unknown,application,RSyslogWindowsAgent,114,-0.10281700313276454,Anomalie,HIGH
12/13/2016 6:43:16 PM,unknown,unknown,application,RSyslogWindowsAgent,114,-0.10281700313276454,Anomalie,HIGH
12/13/2016 6:42:55 PM,unknown,unknown,application,RSyslogWindowsAgent,114,-0.10198901046229714,Anomalie,HIGH
12/13/2016 6:42:34 PM,unknown,unknown,application,RSyslogWindowsAgent,114,-0.10198901046229714,Anomalie,HIGH
12/13/2016 6:42:13 PM,unknown,unknown,application,RSyslogWindowsAgent,114,-0.10198901046229714,Anomalie,HIGH
12/13/2016 6:41:52 PM,unknown,unknown,application,RSyslogWindowsAgent,114,-0.10277117950921566,Anomalie,HIGH
12/13/2016 6:41:31 PM,unknown,unknown,application,RSyslogWindowsAgent,114,-0.10277117950921566,Anomalie,HIGH
12/13/2016 6:41:10 PM,unknown,unknown,application,RSyslogWindowsAgent,114,-0.10277117950921566,Anomalie,HIGH
12/13/2016 6:40:49 PM,unknown,unknown,application,RSyslogWindowsAgent,114,-0.10327154070489475,Anomalie,HIGH
12/13/2016 6:40:28 PM,unknown,unknown,application,RSyslogWindowsAgent,114,-0.10327154070489475,Anomalie,HIGH
12/13/2016 6:40:07 PM,unknown,unknown,application,RSyslogWindowsAgent,114,-0.10327154070489475,Anomalie,HIGH
12/13/2016 6:39:46 PM,unknown,unknown,application,RSyslogWindowsAgent,114,-0.10285709688765121,Anomalie,HIGH
12/13/2016 6:39:30 PM,unknown,unknown,application,Microsoft-Windows-Security-SPP,903,0.07273589428786265,Normal,NORMAL
12/13/2016 6:39:30 PM,unknown,unknown,application,Microsoft-Windows-Security-SPP,16384,-0.06308588238493007,Anomalie,HIGH
12/13/2016 6:39:25 PM,unknown,unknown,application,RSyslogWindowsAgent,114,-0.10285709688765121,Anomalie,HIGH
12/13/2016 6:39:04 PM,unknown,unknown,application,RSyslogWindowsAgent,114,-0.10637249679481031,Anomalie,HIGH
12/13/2016 6:39:00 PM,unknown,unknown,application,Microsoft-Windows-Security-SPP,902,0.07354272057374867,Normal,NORMAL
12/13/2016 6:39:00 PM,unknown,unknown,application,Microsoft-Windows-Security-SPP,1037,0.06573958435063632,Normal,NORMAL
12/13/2016 6:39:00 PM,unknown,unknown,application,Microsoft-Windows-Security-SPP,1003,0.05378473930627542,Normal,NORMAL
12/13/2016 6:39:00 PM,unknown,unknown,application,Microsoft-Windows-Security-SPP,1066,0.023246280143213893,Normal,NORMAL
12/13/2016 6:39:00 PM,unknown,unknown,application,Microsoft-Windows-Security-SPP,900,0.07148926837536651,Normal,NORMAL
12/13/2016 6:09:30 PM,unknown,unknown,application,Microsoft-Windows-Security-SPP,903,0.061208782932817285,Normal,NORMAL
12/13/2016 6:09:30 PM,unknown,unknown,application,Microsoft-Windows-Security-SPP,16384,-0.07506191445302435,Anomalie,HIGH
12/13/2016 6:09:00 PM,unknown,unknown,application,Microsoft-Windows-Security-SPP,902,0.0643390134684736,Normal,NORMAL
12/13/2016 6:09:00 PM,unknown,unknown,application,Microsoft-Windows-Security-SPP,1037,0.055499470309881394,Normal,NORMAL
12/13/2016 6:09:00 PM,unknown,unknown,application,Microsoft-Windows-Security-SPP,1003,0.04331372869487221,Normal,NORMAL
12/13/2016 6:09:00 PM,unknown,unknown,application,Microsoft-Windows-Security-SPP,1066,0.01671250611132291,Normal,NORMAL
12/13/2016 6:09:00 PM,unknown,unknown,application,Microsoft-Windows-Security-SPP,900,0.061826226908257564,Normal,NORMAL
12/13/2016 5:40:05 PM,unknown,unknown,application,ESENT,326,-0.04372545137526396,Anomalie,HIGH
12/13/2016 5:40:05 PM,unknown,unknown,application,ESENT,327,-0.04252623901259689,Anomalie,HIGH
12/13/2016 5:40:05 PM,unknown,unknown,application,ESENT,326,-0.04364783069809641,Anomalie,HIGH
12/13/2016 5:40:05 PM,unknown,unknown,application,ESENT,327,-0.042977365699135794,Anomalie,HIGH
12/13/2016 5:40:05 PM,unknown,unknown,application,ESENT,327,-0.04252623901259689,Anomalie,HIGH
12/13/2016 5:40:05 PM,unknown,unknown,application,ESENT,326,-0.04364783069809641,Anomalie,HIGH
12/13/2016 5:39:30 PM,unknown,unknown,application,Microsoft-Windows-Security-SPP,903,0.07565942858259028,Normal,NORMAL
12/13/2016 5:39:30 PM,unknown,unknown,application,Microsoft-Windows-Security-SPP,16384,-0.05766474849068959,Anomalie,HIGH
12/13/2016 5:38:59 PM,unknown,unknown,application,Microsoft-Windows-Security-SPP,902,0.07926783606803528,Normal,NORMAL
12/13/2016 5:38:59 PM,unknown,unknown,application,Microsoft-Windows-Security-SPP,1037,0.07300930751712897,Normal,NORMAL
12/13/2016 5:38:59 PM,unknown,unknown,application,Microsoft-Windows-Security-SPP,1003,0.05996479193302534,Normal,NORMAL
12/13/2016 5:38:59 PM,unknown,unknown,application,Microsoft-Windows-Security-SPP,1066,0.029851962630813633,Normal,NORMAL
12/13/2016 5:38:59 PM,unknown,unknown,application,Microsoft-Windows-Security-SPP,900,0.0772413511950949,Normal,NORMAL
12/13/2016 5:09:29 PM,unknown,unknown,application,Microsoft-Windows-Security-SPP,903,0.06399491202345609,Normal,NORMAL
12/13/2016 5:09:29 PM,unknown,unknown,application,Microsoft-Windows-Security-SPP,16384,-0.07133008596224799,Anomalie,HIGH
12/13/2016 5:08:59 PM,unknown,unknown,application,Microsoft-Windows-Security-SPP,902,0.06810121831669019,Normal,NORMAL
12/13/2016 5:08:59 PM,unknown,unknown,application,Microsoft-Windows-Security-SPP,1037,0.05994510282304233,Normal,NORMAL
12/13/2016 5:08:59 PM,unknown,unknown,application,Microsoft-Windows-Security-SPP,1003,0.0479543483370003,Normal,NORMAL
12/13/2016 5:08:59 PM,unknown,unknown,application,Microsoft-Windows-Security-SPP,1066,0.025203466985776468,Normal,NORMAL
12/13/2016 5:08:59 PM,unknown,unknown,application,Microsoft-Windows-Security-SPP,900,0.0653092458384586,Normal,NORMAL
12/13/2016 4:39:29 PM,unknown,unknown,application,Microsoft-Windows-Security-SPP,903,0.07534252055955254,Normal,NORMAL
12/13/2016 4:39:29 PM,unknown,unknown,application,Microsoft-Windows-Security-SPP,16384,-0.05312302134734748,Anomalie,HIGH
12/13/2016 4:38:59 PM,unknown,unknown,application,Microsoft-Windows-Security-SPP,902,0.07877869677541371,Normal,NORMAL
12/13/2016 4:38:59 PM,unknown,unknown,application,Microsoft-Windows-Security-SPP,1037,0.07251305256682983,Normal,NORMAL
12/13/2016 4:38:59 PM,unknown,unknown,application,Microsoft-Windows-Security-SPP,1003,0.059377662733235526,Normal,NORMAL
12/13/2016 4:38:59 PM,unknown,unknown,application,Microsoft-Windows-Security-SPP,1066,0.027360861983655838,Normal,NORMAL
12/13/2016 4:38:59 PM,unknown,unknown,application,Microsoft-Windows-Security-SPP,900,0.07674990788284186,Normal,NORMAL
12/13/2016 4:09:29 PM,unknown,unknown,application,Microsoft-Windows-Security-SPP,903,0.06124090480555766,Normal,NORMAL
12/13/2016 4:09:29 PM,unknown,unknown,application,Microsoft-Windows-Security-SPP,16384,-0.07052090812975453,Anomalie,HIGH
12/13/2016 4:08:59 PM,unknown,unknown,application,Microsoft-Windows-Security-SPP,902,0.06610020863003979,Normal,NORMAL
12/13/2016 4:08:59 PM,unknown,unknown,application,Microsoft-Windows-Security-SPP,1037,0.05760148147666588,Normal,NORMAL
12/13/2016 4:08:59 PM,unknown,unknown,application,Microsoft-Windows-Security-SPP,1003,0.04578366353362551,Normal,NORMAL
12/13/2016 4:08:59 PM,unknown,unknown,application,Microsoft-Windows-Security-SPP,1066,0.023611134231513897,Normal,NORMAL
12/13/2016 4:08:59 PM,unknown,unknown,application,Microsoft-Windows-Security-SPP,900,0.06329557882498055,Normal,NORMAL
12/13/2016 3:39:29 PM,unknown,unknown,application,Microsoft-Windows-Security-SPP,903,0.07906319770503106,Normal,NORMAL
12/13/2016 3:39:29 PM,unknown,unknown,application,Microsoft-Windows-Security-SPP,16384,-0.04942695619067661,Anomalie,HIGH
12/13/2016 3:38:59 PM,unknown,unknown,application,Microsoft-Windows-Security-SPP,902,0.0834973178255688,Normal,NORMAL
12/13/2016 3:38:59 PM,unknown,unknown,application,Microsoft-Windows-Security-SPP,1037,0.07799990872412094,Normal,NORMAL
12/13/2016 3:38:59 PM,unknown,unknown,application,Microsoft-Windows-Security-SPP,1003,0.06506041788207662,Normal,NORMAL
12/13/2016 3:38:59 PM,unknown,unknown,application,Microsoft-Windows-Security-SPP,1066,0.03421841517718327,Normal,NORMAL
12/13/2016 3:38:59 PM,unknown,unknown,application,Microsoft-Windows-Security-SPP,900,0.08090015279222251,Normal,NORMAL
12/13/2016 3:09:29 PM,unknown,unknown,application,Microsoft-Windows-Security-SPP,903,0.0664477394086182,Normal,NORMAL
12/13/2016 3:09:29 PM,unknown,unknown,application,Microsoft-Windows-Security-SPP,16384,-0.06562001882129598,Anomalie,HIGH
12/13/2016 3:08:59 PM,unknown,unknown,application,Microsoft-Windows-Security-SPP,902,0.06930948227326128,Normal,NORMAL
12/13/2016 3:08:59 PM,unknown,unknown,application,Microsoft-Windows-Security-SPP,1037,0.061295316289507906,Normal,NORMAL
12/13/2016 3:08:59 PM,unknown,unknown,application,Microsoft-Windows-Security-SPP,1003,0.050595509997987786,Normal,NORMAL
12/13/2016 3:08:59 PM,unknown,unknown,application,Microsoft-Windows-Security-SPP,1066,0.02878136557917349,Normal,NORMAL
12/13/2016 3:08:59 PM,unknown,unknown,application,Microsoft-Windows-Security-SPP,900,0.06652515263249037,Normal,NORMAL
12/13/2016 2:39:29 PM,unknown,unknown,application,Microsoft-Windows-Security-SPP,903,0.07880414840967909,Normal,NORMAL
12/13/2016 2:39:29 PM,unknown,unknown,application,Microsoft-Windows-Security-SPP,16384,-0.047266427631202035,Anomalie,HIGH
12/13/2016 2:38:59 PM,unknown,unknown,application,Microsoft-Windows-Security-SPP,902,0.08351234888656633,Normal,NORMAL
12/13/2016 2:38:59 PM,unknown,unknown,application,Microsoft-Windows-Security-SPP,1037,0.07698385519487083,Normal,NORMAL
12/13/2016 2:38:59 PM,unknown,unknown,application,Microsoft-Windows-Security-SPP,1003,0.06578454560067404,Normal,NORMAL
12/13/2016 2:38:59 PM,unknown,unknown,application,Microsoft-Windows-Security-SPP,1066,0.03476588392988722,Normal,NORMAL
12/13/2016 2:38:59 PM,unknown,unknown,application,Microsoft-Windows-Security-SPP,900,0.0805650300157611,Normal,NORMAL
12/13/2016 2:09:29 PM,unknown,unknown,application,Microsoft-Windows-Security-SPP,903,0.06741999883434047,Normal,NORMAL
12/13/2016 2:09:29 PM,unknown,unknown,application,Microsoft-Windows-Security-SPP,16384,-0.06122826493224065,Anomalie,HIGH
12/13/2016 2:08:59 PM,unknown,unknown,application,Microsoft-Windows-Security-SPP,902,0.07027546154103315,Normal,NORMAL
12/13/2016 2:08:59 PM,unknown,unknown,application,Microsoft-Windows-Security-SPP,1037,0.06169936939602555,Normal,NORMAL
12/13/2016 2:08:59 PM,unknown,unknown,application,Microsoft-Windows-Security-SPP,1003,0.05096978638650296,Normal,NORMAL
12/13/2016 2:08:58 PM,unknown,unknown,application,Microsoft-Windows-Security-SPP,1066,0.02829304127558352,Normal,NORMAL
12/13/2016 2:08:58 PM,unknown,unknown,application,Microsoft-Windows-Security-SPP,900,0.06680081219213369,Normal,NORMAL
12/13/2016 1:39:28 PM,unknown,unknown,application,Microsoft-Windows-Security-SPP,903,0.07903542578851591,Normal,NORMAL
12/13/2016 1:39:28 PM,unknown,unknown,application,Microsoft-Windows-Security-SPP,16384,-0.04814125459718477,Anomalie,HIGH
12/13/2016 1:38:58 PM,unknown,unknown,application,Microsoft-Windows-Security-SPP,902,0.0843456295670526,Normal,NORMAL
12/13/2016 1:38:58 PM,unknown,unknown,application,Microsoft-Windows-Security-SPP,1037,0.07782990674746154,Normal,NORMAL
12/13/2016 1:38:58 PM,unknown,unknown,application,Microsoft-Windows-Security-SPP,1003,0.06782365945375624,Normal,NORMAL
12/13/2016 1:38:58 PM,unknown,unknown,application,Microsoft-Windows-Security-SPP,1066,0.034995496895176115,Normal,NORMAL
12/13/2016 1:38:58 PM,unknown,unknown,application,Microsoft-Windows-Security-SPP,900,0.08140407616591433,Normal,NORMAL
12/13/2016 1:09:28 PM,unknown,unknown,application,Microsoft-Windows-Security-SPP,903,0.06962849226884898,Normal,NORMAL
12/13/2016 1:09:28 PM,unknown,unknown,application,Microsoft-Windows-Security-SPP,16384,-0.05827534492657804,Anomalie,HIGH
12/13/2016 1:08:58 PM,unknown,unknown,application,Microsoft-Windows-Security-SPP,902,0.07338538605722766,Normal,NORMAL
12/13/2016 1:08:58 PM,unknown,unknown,application,Microsoft-Windows-Security-SPP,1037,0.06487001863701658,Normal,NORMAL
12/13/2016 1:08:58 PM,unknown,unknown,application,Microsoft-Windows-Security-SPP,1003,0.053895254327349984,Normal,NORMAL
12/13/2016 1:08:58 PM,unknown,unknown,application,Microsoft-Windows-Security-SPP,1066,0.029377850161335484,Normal,NORMAL
12/13/2016 1:08:58 PM,unknown,unknown,application,Microsoft-Windows-Security-SPP,900,0.06993533965357512,Normal,NORMAL
12/13/2016 12:39:28 PM,unknown,unknown,application,Microsoft-Windows-Security-SPP,903,0.08066150362811175,Normal,NORMAL
12/13/2016 12:39:28 PM,unknown,unknown,application,Microsoft-Windows-Security-SPP,16384,-0.04524549680316681,Anomalie,HIGH
12/13/2016 12:38:58 PM,unknown,unknown,application,Microsoft-Windows-Security-SPP,902,0.08595164753139484,Normal,NORMAL
12/13/2016 12:38:58 PM,unknown,unknown,application,Microsoft-Windows-Security-SPP,1037,0.08010751079110434,Normal,NORMAL
12/13/2016 12:38:58 PM,unknown,unknown,application,Microsoft-Windows-Security-SPP,1003,0.07078284900989379,Normal,NORMAL
12/13/2016 12:38:58 PM,unknown,unknown,application,Microsoft-Windows-Security-SPP,1066,0.039349797572355905,Normal,NORMAL
12/13/2016 12:38:58 PM,unknown,unknown,application,Microsoft-Windows-Security-SPP,900,0.08302120616978259,Normal,NORMAL
12/13/2016 12:24:21 PM,unknown,unknown,application,Desktop Window Manager,9009,-0.09987800393216151,Anomalie,HIGH
12/13/2016 12:09:28 PM,unknown,unknown,application,Microsoft-Windows-Security-SPP,903,0.07155668343174348,Normal,NORMAL
12/13/2016 12:09:28 PM,unknown,unknown,application,Microsoft-Windows-Security-SPP,16384,-0.05586184575363495,Anomalie,HIGH
12/13/2016 12:08:58 PM,unknown,unknown,application,Microsoft-Windows-Security-SPP,902,0.07559077584148394,Normal,NORMAL
12/13/2016 12:08:58 PM,unknown,unknown,application,Microsoft-Windows-Security-SPP,1037,0.06778401189313649,Normal,NORMAL
12/13/2016 12:08:58 PM,unknown,unknown,application,Microsoft-Windows-Security-SPP,1003,0.05624414862854149,Normal,NORMAL
12/13/2016 12:08:58 PM,unknown,unknown,application,Microsoft-Windows-Security-SPP,1066,0.03243209770067912,Normal,NORMAL
12/13/2016 12:08:58 PM,unknown,unknown,application,Microsoft-Windows-Security-SPP,900,0.07155898290017593,Normal,NORMAL
12/13/2016 11:39:28 AM,unknown,unknown,application,Microsoft-Windows-Security-SPP,903,0.07962621586805385,Normal,NORMAL
12/13/2016 11:39:28 AM,unknown,unknown,application,Microsoft-Windows-Security-SPP,16384,-0.048098160720889016,Anomalie,HIGH
12/13/2016 11:38:58 AM,unknown,unknown,application,Microsoft-Windows-Security-SPP,902,0.08436250237679555,Normal,NORMAL
12/13/2016 11:38:58 AM,unknown,unknown,application,Microsoft-Windows-Security-SPP,1037,0.07794721018518513,Normal,NORMAL
12/13/2016 11:38:58 AM,unknown,unknown,application,Microsoft-Windows-Security-SPP,1003,0.06806207097901434,Normal,NORMAL
12/13/2016 11:38:58 AM,unknown,unknown,application,Microsoft-Windows-Security-SPP,1066,0.03789626167800331,Normal,NORMAL
12/13/2016 11:38:58 AM,unknown,unknown,application,Microsoft-Windows-Security-SPP,900,0.08163302583161697,Normal,NORMAL
12/13/2016 11:09:28 AM,unknown,unknown,application,Microsoft-Windows-Security-SPP,903,0.0712720110179414,Normal,NORMAL
12/13/2016 11:09:28 AM,unknown,unknown,application,Microsoft-Windows-Security-SPP,16384,-0.06017895054286815,Anomalie,HIGH
12/13/2016 11:08:57 AM,unknown,unknown,application,Microsoft-Windows-Security-SPP,902,0.07584194449207982,Normal,NORMAL
12/13/2016 11:08:57 AM,unknown,unknown,application,Microsoft-Windows-Security-SPP,1037,0.06717118369574904,Normal,NORMAL
12/13/2016 11:08:57 AM,unknown,unknown,application,Microsoft-Windows-Security-SPP,1003,0.05471312007179768,Normal,NORMAL
12/13/2016 11:08:57 AM,unknown,unknown,application,Microsoft-Windows-Security-SPP,1066,0.032711157492452125,Normal,NORMAL
12/13/2016 11:08:57 AM,unknown,unknown,application,Microsoft-Windows-Security-SPP,900,0.07216987798443975,Normal,NORMAL
12/13/2016 10:39:28 AM,unknown,unknown,application,Microsoft-Windows-Security-SPP,903,0.07971781925612387,Normal,NORMAL
12/13/2016 10:39:28 AM,unknown,unknown,application,Microsoft-Windows-Security-SPP,16384,-0.0468085815936119,Anomalie,HIGH
12/13/2016 10:38:57 AM,unknown,unknown,application,Microsoft-Windows-Security-SPP,902,0.08463832831961443,Normal,NORMAL
12/13/2016 10:38:57 AM,unknown,unknown,application,Microsoft-Windows-Security-SPP,1037,0.07984794741359619,Normal,NORMAL
12/13/2016 10:38:57 AM,unknown,unknown,application,Microsoft-Windows-Security-SPP,1003,0.06626239532981854,Normal,NORMAL
12/13/2016 10:38:57 AM,unknown,unknown,application,Microsoft-Windows-Security-SPP,1066,0.036165932093005726,Normal,NORMAL
12/13/2016 10:38:57 AM,unknown,unknown,application,Microsoft-Windows-Security-SPP,900,0.08162123248534531,Normal,NORMAL
12/13/2016 10:09:27 AM,unknown,unknown,application,Microsoft-Windows-Security-SPP,903,0.07313596458885158,Normal,NORMAL
12/13/2016 10:09:27 AM,unknown,unknown,application,Microsoft-Windows-Security-SPP,16384,-0.06032026643344135,Anomalie,HIGH
12/13/2016 10:08:57 AM,unknown,unknown,application,Microsoft-Windows-Security-SPP,902,0.07606621870809516,Normal,NORMAL
12/13/2016 10:08:57 AM,unknown,unknown,application,Microsoft-Windows-Security-SPP,1037,0.06873712407652938,Normal,NORMAL
12/13/2016 10:08:57 AM,unknown,unknown,application,Microsoft-Windows-Security-SPP,1003,0.05367950429988455,Normal,NORMAL
12/13/2016 10:08:57 AM,unknown,unknown,application,Microsoft-Windows-Security-SPP,1066,0.03158499496837147,Normal,NORMAL
12/13/2016 10:08:57 AM,unknown,unknown,application,Microsoft-Windows-Security-SPP,900,0.07239605133396304,Normal,NORMAL
12/13/2016 9:39:27 AM,unknown,unknown,application,Microsoft-Windows-Security-SPP,903,0.0782256592368008,Normal,NORMAL
12/13/2016 9:39:27 AM,unknown,unknown,application,Microsoft-Windows-Security-SPP,16384,-0.048435590592519784,Anomalie,HIGH
12/13/2016 9:38:57 AM,unknown,unknown,application,Microsoft-Windows-Security-SPP,902,0.0828148439800439,Normal,NORMAL
12/13/2016 9:38:57 AM,unknown,unknown,application,Microsoft-Windows-Security-SPP,1037,0.07850184387168857,Normal,NORMAL
12/13/2016 9:38:57 AM,unknown,unknown,application,Microsoft-Windows-Security-SPP,1003,0.0646253412270737,Normal,NORMAL
12/13/2016 9:38:57 AM,unknown,unknown,application,Microsoft-Windows-Security-SPP,1066,0.03477745689951567,Normal,NORMAL
12/13/2016 9:38:57 AM,unknown,unknown,application,Microsoft-Windows-Security-SPP,900,0.07945916515110346,Normal,NORMAL
12/13/2016 9:09:27 AM,unknown,unknown,application,Microsoft-Windows-Security-SPP,903,0.07192769463972437,Normal,NORMAL
12/13/2016 9:09:27 AM,unknown,unknown,application,Microsoft-Windows-Security-SPP,16384,-0.062444862311414884,Anomalie,HIGH
12/13/2016 9:08:57 AM,unknown,unknown,application,Microsoft-Windows-Security-SPP,902,0.07442497228543576,Normal,NORMAL
12/13/2016 9:08:57 AM,unknown,unknown,application,Microsoft-Windows-Security-SPP,1037,0.06681993752550713,Normal,NORMAL
12/13/2016 9:08:57 AM,unknown,unknown,application,Microsoft-Windows-Security-SPP,1003,0.05215428459347865,Normal,NORMAL
12/13/2016 9:08:57 AM,unknown,unknown,application,Microsoft-Windows-Security-SPP,1066,0.030054154911370312,Normal,NORMAL
12/13/2016 9:08:57 AM,unknown,unknown,application,Microsoft-Windows-Security-SPP,900,0.07074090698700614,Normal,NORMAL
12/13/2016 8:39:27 AM,unknown,unknown,application,Microsoft-Windows-Security-SPP,903,0.07382517332729294,Normal,NORMAL
12/13/2016 8:39:27 AM,unknown,unknown,application,Microsoft-Windows-Security-SPP,16384,-0.053019666055620474,Anomalie,HIGH
12/13/2016 8:38:57 AM,unknown,unknown,application,Microsoft-Windows-Security-SPP,902,0.07787753787607288,Normal,NORMAL
12/13/2016 8:38:57 AM,unknown,unknown,application,Microsoft-Windows-Security-SPP,1037,0.07321955644266598,Normal,NORMAL
12/13/2016 8:38:57 AM,unknown,unknown,application,Microsoft-Windows-Security-SPP,1003,0.06057822965980947,Normal,NORMAL
12/13/2016 8:38:57 AM,unknown,unknown,application,Microsoft-Windows-Security-SPP,1066,0.02906825356170728,Normal,NORMAL
12/13/2016 8:38:57 AM,unknown,unknown,application,Microsoft-Windows-Security-SPP,900,0.07458727869038684,Normal,NORMAL
12/13/2016 8:09:27 AM,unknown,unknown,application,Microsoft-Windows-Security-SPP,903,0.06352150692871672,Normal,NORMAL
12/13/2016 8:09:27 AM,unknown,unknown,application,Microsoft-Windows-Security-SPP,16384,-0.0665068012472626,Anomalie,HIGH
12/13/2016 8:08:56 AM,unknown,unknown,application,Microsoft-Windows-Security-SPP,902,0.06606676112266224,Normal,NORMAL
12/13/2016 8:08:56 AM,unknown,unknown,application,Microsoft-Windows-Security-SPP,1037,0.058315621936736506,Normal,NORMAL
12/13/2016 8:08:56 AM,unknown,unknown,application,Microsoft-Windows-Security-SPP,1003,0.04454900397530054,Normal,NORMAL
12/13/2016 8:08:56 AM,unknown,unknown,application,Microsoft-Windows-Security-SPP,1066,0.020509811448210902,Normal,NORMAL
12/13/2016 8:08:56 AM,unknown,unknown,application,Microsoft-Windows-Security-SPP,900,0.062311919258082105,Normal,NORMAL
12/13/2016 7:49:58 AM,unknown,unknown,application,Desktop Window Manager,9009,-0.10981078018179624,Anomalie,HIGH
12/13/2016 7:39:26 AM,unknown,unknown,application,Microsoft-Windows-Security-SPP,903,0.06574165631327916,Normal,NORMAL
12/13/2016 7:39:26 AM,unknown,unknown,application,Microsoft-Windows-Security-SPP,16384,-0.054287303874120285,Anomalie,HIGH
12/13/2016 7:38:56 AM,unknown,unknown,application,Microsoft-Windows-Security-SPP,902,0.07060607894412735,Normal,NORMAL
12/13/2016 7:38:56 AM,unknown,unknown,application,Microsoft-Windows-Security-SPP,1037,0.06618837606768624,Normal,NORMAL
12/13/2016 7:38:56 AM,unknown,unknown,application,Microsoft-Windows-Security-SPP,1003,0.0538681135869965,Normal,NORMAL
12/13/2016 7:38:56 AM,unknown,unknown,application,Microsoft-Windows-Security-SPP,1066,0.023924573598603505,Normal,NORMAL
