12/16/2016 5:57:37 PM,unknown,unknown,application,Microsoft-Windows-Security-SPP,900,0.03604236441725195,Normal,NORMAL
12/16/2016 5:57:34 PM,unknown,unknown,application,Windows PowerShell (logit.ps),10,0.06035047365366902,Normal,NORMAL
12/16/2016 5:57:34 PM,unknown,unknown,application,Windows PowerShell (logit.ps),10,-0.007532942008929067,Anomalie,HIGH
12/16/2016 5:57:34 PM,unknown,unknown,application,Windows PowerShell (logit.ps),10,0.0528551271718285,Normal,NORMAL
12/16/2016 5:57:34 PM,unknown,unknown,application,Windows PowerShell (logit.ps),10,0.013116552635289935,Normal,NORMAL
12/16/2016 5:57:34 PM,unknown,unknown,application,Windows PowerShell (logit.ps),10,0.06035047365366902,Normal,NORMAL
12/16/2016 5:57:06 PM,unknown,unknown,application,Windows PowerShell (logit.ps),10,0.06035047365366902,Normal,NORMAL
12/16/2016 5:57:06 PM,unknown,unknown,application,Windows PowerShell (logit.ps),10,-0.007532942008929067,Anomalie,HIGH
12/16/2016 5:57:06 PM,unknown,unknown,application,Windows PowerShell (logit.ps),10,0.0528551271718285,Normal,NORMAL
12/16/2016 5:57:06 PM,unknown,unknown,application,Windows PowerShell (logit.ps),10,0.012335482477998816,Normal,NORMAL
12/16/2016 5:57:06 PM,unknown,unknown,application,Windows PowerShell (logit.ps),10,0.06035047365366902,Normal,NORMAL
12/16/2016 5:56:38 PM,unknown,unknown,application,Windows PowerShell (logit.ps),10,0.07038582442811986,Normal,NORMAL
12/16/2016 5:56:38 PM,unknown,unknown,application,Windows PowerShell (logit.ps),10,0.00027779641658487453,Normal,NORMAL
12/16/2016 5:56:38 PM,unknown,unknown,application,Windows PowerShell (logit.ps),10,0.06131984834081938,Normal,NORMAL
12/16/2016 5:56:38 PM,unknown,unknown,application,Windows PowerShell (logit.ps),10,0.02055406693507955,Normal,NORMAL
12/16/2016 5:56:38 PM,unknown,unknown,application,Windows PowerShell (logit.ps),10,0.07038582442811986,Normal,NORMAL
12/16/2016 5:56:10 PM,unknown,unknown,application,Windows PowerShell (logit.ps),10,0.07038582442811986,Normal,NORMAL
12/16/2016 5:56:10 PM,unknown,unknown,application,Windows PowerShell (logit.ps),10,0.00027779641658487453,Normal,NORMAL
12/16/2016 5:56:10 PM,unknown,unknown,application,Windows PowerShell (logit.ps),10,0.06131984834081938,Normal,NORMAL
12/16/2016 5:56:10 PM,unknown,unknown,application,Windows PowerShell (logit.ps),10,0.02055406693507955,Normal,NORMAL
12/16/2016 5:56:10 PM,unknown,unknown,application,Windows PowerShell (logit.ps),10,0.07038582442811986,Normal,NORMAL
12/16/2016 5:55:41 PM,unknown,unknown,application,Windows PowerShell (logit.ps),10,0.08226219001297358,Normal,NORMAL
12/16/2016 5:55:41 PM,unknown,unknown,application,Windows PowerShell (logit.ps),10,0.0030167008167659715,Normal,NORMAL
12/16/2016 5:55:41 PM,unknown,unknown,application,Windows PowerShell (logit.ps),10,0.07428191278071511,Normal,NORMAL
12/16/2016 5:55:41 PM,unknown,unknown,application,Windows PowerShell (logit.ps),10,0.02803496934440558,Normal,NORMAL
12/16/2016 5:55:41 PM,unknown,unknown,application,Windows PowerShell (logit.ps),10,0.08226219001297358,Normal,NORMAL
12/16/2016 5:55:00 PM,unknown,unknown,application,Windows PowerShell (logit.ps),10,0.08226219001297358,Normal,NORMAL
12/16/2016 5:55:00 PM,unknown,unknown,application,Windows PowerShell (logit.ps),10,0.0030167008167659715,Normal,NORMAL
12/16/2016 5:55:00 PM,unknown,unknown,application,Windows PowerShell (logit.ps),10,0.07428191278071511,Normal,NORMAL
12/16/2016 5:55:00 PM,unknown,unknown,application,Windows PowerShell (logit.ps),10,0.02911649625905266,Normal,NORMAL
12/16/2016 5:55:00 PM,unknown,unknown,application,Windows PowerShell (logit.ps),10,0.08226219001297358,Normal,NORMAL
12/16/2016 5:54:30 PM,unknown,unknown,application,Windows PowerShell (logit.ps),10,0.0917035790773928,Normal,NORMAL
12/16/2016 5:54:30 PM,unknown,unknown,application,Windows PowerShell (logit.ps),10,0.01290054497231724,Normal,NORMAL
12/16/2016 5:54:30 PM,unknown,unknown,application,Windows PowerShell (logit.ps),10,0.08389966075999755,Normal,NORMAL
12/16/2016 5:54:30 PM,unknown,unknown,application,Windows PowerShell (logit.ps),10,0.038141359936506136,Normal,NORMAL
12/16/2016 5:54:30 PM,unknown,unknown,application,Windows PowerShell (logit.ps),10,0.0917035790773928,Normal,NORMAL
12/16/2016 5:53:55 PM,unknown,unknown,application,Windows PowerShell (logit.ps),10,0.09644893029896112,Normal,NORMAL
12/16/2016 5:53:55 PM,unknown,unknown,application,Windows PowerShell (logit.ps),10,0.02339789219424715,Normal,NORMAL
12/16/2016 5:53:55 PM,unknown,unknown,application,Windows PowerShell (logit.ps),10,0.08901823167821449,Normal,NORMAL
12/16/2016 5:53:55 PM,unknown,unknown,application,Windows PowerShell (logit.ps),10,0.042082848073278556,Normal,NORMAL
12/16/2016 5:53:55 PM,unknown,unknown,application,Windows PowerShell (logit.ps),10,0.09644893029896112,Normal,NORMAL
12/16/2016 5:53:20 PM,unknown,unknown,application,Windows PowerShell (logit.ps),10,0.09644893029896112,Normal,NORMAL
12/16/2016 5:53:20 PM,unknown,unknown,application,Windows PowerShell (logit.ps),10,0.02339789219424715,Normal,NORMAL
12/16/2016 5:53:20 PM,unknown,unknown,application,Windows PowerShell (logit.ps),10,0.08901823167821449,Normal,NORMAL
12/16/2016 5:53:20 PM,unknown,unknown,application,Windows PowerShell (logit.ps),10,0.042082848073278556,Normal,NORMAL
12/16/2016 5:53:20 PM,unknown,unknown,application,Windows PowerShell (logit.ps),10,0.09644893029896112,Normal,NORMAL
12/16/2016 5:52:52 PM,unknown,unknown,application,Windows PowerShell (logit.ps),10,0.09594767160331485,Normal,NORMAL
12/16/2016 5:52:52 PM,unknown,unknown,application,Windows PowerShell (logit.ps),10,0.024162603265246996,Normal,NORMAL
12/16/2016 5:52:51 PM,unknown,unknown,application,Windows PowerShell (logit.ps),10,0.08844887973328036,Normal,NORMAL
12/16/2016 5:52:51 PM,unknown,unknown,application,Windows PowerShell (logit.ps),10,0.04271489883249646,Normal,NORMAL
12/16/2016 5:52:51 PM,unknown,unknown,application,Windows PowerShell (logit.ps),10,0.09594767160331485,Normal,NORMAL
12/16/2016 5:52:16 PM,unknown,unknown,application,Windows PowerShell (logit.ps),10,0.09594767160331485,Normal,NORMAL
12/16/2016 5:52:16 PM,unknown,unknown,application,Windows PowerShell (logit.ps),10,0.024162603265246996,Normal,NORMAL
12/16/2016 5:52:16 PM,unknown,unknown,application,Windows PowerShell (logit.ps),10,0.08844887973328036,Normal,NORMAL
12/16/2016 5:52:16 PM,unknown,unknown,application,Windows PowerShell (logit.ps),10,0.04271489883249646,Normal,NORMAL
12/16/2016 5:52:16 PM,unknown,unknown,application,Windows PowerShell (logit.ps),10,0.09594767160331485,Normal,NORMAL
12/16/2016 5:51:45 PM,unknown,unknown,application,Windows PowerShell (logit.ps),10,0.10099439588237841,Normal,NORMAL
12/16/2016 5:51:45 PM,unknown,unknown,application,Windows PowerShell (logit.ps),10,0.028790069916694805,Normal,NORMAL
12/16/2016 5:51:45 PM,unknown,unknown,application,Windows PowerShell (logit.ps),10,0.09358711728152491,Normal,NORMAL
12/16/2016 5:51:45 PM,unknown,unknown,application,Windows PowerShell (logit.ps),10,0.04716547322110243,Normal,NORMAL
12/16/2016 5:51:45 PM,unknown,unknown,application,Windows PowerShell (logit.ps),10,0.10099439588237841,Normal,NORMAL
12/16/2016 5:51:12 PM,unknown,unknown,application,Windows PowerShell (logit.ps),10,0.10099439588237841,Normal,NORMAL
12/16/2016 5:51:12 PM,unknown,unknown,application,Windows PowerShell (logit.ps),10,0.028790069916694805,Normal,NORMAL
12/16/2016 5:51:12 PM,unknown,unknown,application,Windows PowerShell (logit.ps),10,0.09358711728152491,Normal,NORMAL
12/16/2016 5:51:12 PM,unknown,unknown,application,Windows PowerShell (logit.ps),10,0.04716547322110243,Normal,NORMAL
12/16/2016 5:51:12 PM,unknown,unknown,application,Windows PowerShell (logit.ps),10,0.10099439588237841,Normal,NORMAL
12/16/2016 5:50:42 PM,unknown,unknown,application,Windows PowerShell (logit.ps),10,0.10398735695421196,Normal,NORMAL
12/16/2016 5:50:42 PM,unknown,unknown,application,Windows PowerShell (logit.ps),10,0.030969196262136345,Normal,NORMAL
12/16/2016 5:50:41 PM,unknown,unknown,application,Windows PowerShell (logit.ps),10,0.09602685961443674,Normal,NORMAL
12/16/2016 5:50:41 PM,unknown,unknown,application,Windows PowerShell (logit.ps),10,0.04926129900074899,Normal,NORMAL
12/16/2016 5:50:41 PM,unknown,unknown,application,Windows PowerShell (logit.ps),10,0.10398735695421196,Normal,NORMAL
12/16/2016 5:50:10 PM,unknown,unknown,application,Windows PowerShell (logit.ps),10,0.10398735695421196,Normal,NORMAL
12/16/2016 5:50:10 PM,unknown,unknown,application,Windows PowerShell (logit.ps),10,0.030969196262136345,Normal,NORMAL
12/16/2016 5:50:10 PM,unknown,unknown,application,Windows PowerShell (logit.ps),10,0.09602685961443674,Normal,NORMAL
12/16/2016 5:50:10 PM,unknown,unknown,application,Windows PowerShell (logit.ps),10,0.04926129900074899,Normal,NORMAL
12/16/2016 5:50:10 PM,unknown,unknown,application,Windows PowerShell (logit.ps),10,0.10398735695421196,Normal,NORMAL
12/16/2016 5:49:42 PM,unknown,unknown,application,Windows PowerShell (logit.ps),10,0.10554028559202788,Normal,NORMAL
12/16/2016 5:49:42 PM,unknown,unknown,application,Windows PowerShell (logit.ps),10,0.033775951699159146,Normal,NORMAL
12/16/2016 5:49:42 PM,unknown,unknown,application,Windows PowerShell (logit.ps),10,0.09761027430765651,Normal,NORMAL
12/16/2016 5:49:42 PM,unknown,unknown,application,Windows PowerShell (logit.ps),10,0.05178171979067947,Normal,NORMAL
12/16/2016 5:49:42 PM,unknown,unknown,application,Windows PowerShell (logit.ps),10,0.10554028559202788,Normal,NORMAL
12/16/2016 5:49:12 PM,unknown,unknown,application,Windows PowerShell (logit.ps),10,0.10554028559202788,Normal,NORMAL
12/16/2016 5:49:12 PM,unknown,unknown,application,Windows PowerShell (logit.ps),10,0.033775951699159146,Normal,NORMAL
12/16/2016 5:49:12 PM,unknown,unknown,application,Windows PowerShell (logit.ps),10,0.09761027430765651,Normal,NORMAL
12/16/2016 5:49:12 PM,unknown,unknown,application,Windows PowerShell (logit.ps),10,0.05178171979067947,Normal,NORMAL
12/16/2016 5:49:11 PM,unknown,unknown,application,Windows PowerShell (logit.ps),10,0.10554028559202788,Normal,NORMAL
12/16/2016 5:48:41 PM,unknown,unknown,application,Windows PowerShell (logit.ps),10,0.1078140005899107,Normal,NORMAL
12/16/2016 5:48:41 PM,unknown,unknown,application,Windows PowerShell (logit.ps),10,0.03768471979896171,Normal,NORMAL
12/16/2016 5:48:41 PM,unknown,unknown,application,Windows PowerShell (logit.ps),10,0.10020563322078235,Normal,NORMAL
12/16/2016 5:48:41 PM,unknown,unknown,application,Windows PowerShell (logit.ps),10,0.055542540152866304,Normal,NORMAL
12/16/2016 5:48:41 PM,unknown,unknown,application,Windows PowerShell (logit.ps),10,0.1078140005899107,Normal,NORMAL
12/16/2016 5:48:13 PM,unknown,unknown,application,Windows PowerShell (logit.ps),10,0.1078140005899107,Normal,NORMAL
12/16/2016 5:48:13 PM,unknown,unknown,application,Windows PowerShell (logit.ps),10,0.03768471979896171,Normal,NORMAL
12/16/2016 5:48:13 PM,unknown,unknown,application,Windows PowerShell (logit.ps),10,0.10020563322078235,Normal,NORMAL
12/16/2016 5:48:13 PM,unknown,unknown,application,Windows PowerShell (logit.ps),10,0.055542540152866304,Normal,NORMAL
12/16/2016 5:48:13 PM,unknown,unknown,application,Windows PowerShell (logit.ps),10,0.1078140005899107,Normal,NORMAL
12/16/2016 5:47:38 PM,unknown,unknown,application,Windows PowerShell (logit.ps),10,0.1109826696820459,Normal,NORMAL
12/16/2016 5:47:38 PM,unknown,unknown,application,Windows PowerShell (logit.ps),10,0.040042669402567455,Normal,NORMAL
12/16/2016 5:47:38 PM,unknown,unknown,application,Windows PowerShell (logit.ps),10,0.10343432227726224,Normal,NORMAL
12/16/2016 5:47:38 PM,unknown,unknown,application,Windows PowerShell (logit.ps),10,0.06027867684926441,Normal,NORMAL
12/16/2016 5:47:38 PM,unknown,unknown,application,Windows PowerShell (logit.ps),10,0.1109826696820459,Normal,NORMAL
12/16/2016 5:47:07 PM,unknown,unknown,application,Windows PowerShell (logit.ps),10,0.1109826696820459,Normal,NORMAL
12/16/2016 5:47:07 PM,unknown,unknown,application,Windows PowerShell (logit.ps),10,0.040042669402567455,Normal,NORMAL
12/16/2016 5:47:07 PM,unknown,unknown,application,Windows PowerShell (logit.ps),10,0.10343432227726224,Normal,NORMAL
12/16/2016 5:47:07 PM,unknown,unknown,application,Windows PowerShell (logit.ps),10,0.06027867684926441,Normal,NORMAL
12/16/2016 5:47:07 PM,unknown,unknown,application,Windows PowerShell (logit.ps),10,0.1109826696820459,Normal,NORMAL
12/16/2016 5:46:32 PM,unknown,unknown,application,Windows PowerShell (logit.ps),10,0.11221220613167932,Normal,NORMAL
12/16/2016 5:46:32 PM,unknown,unknown,application,Windows PowerShell (logit.ps),10,0.04092175182029861,Normal,NORMAL
12/16/2016 5:46:32 PM,unknown,unknown,application,Windows PowerShell (logit.ps),10,0.10405935685817908,Normal,NORMAL
12/16/2016 5:46:32 PM,unknown,unknown,application,Windows PowerShell (logit.ps),10,0.06070558158755923,Normal,NORMAL
12/16/2016 5:46:32 PM,unknown,unknown,application,Windows PowerShell (logit.ps),10,0.11221220613167932,Normal,NORMAL
12/16/2016 5:46:03 PM,unknown,unknown,application,Windows PowerShell (logit.ps),10,0.11221220613167932,Normal,NORMAL
12/16/2016 5:46:03 PM,unknown,unknown,application,Windows PowerShell (logit.ps),10,0.04092175182029861,Normal,NORMAL
12/16/2016 5:46:03 PM,unknown,unknown,application,Windows PowerShell (logit.ps),10,0.10405935685817908,Normal,NORMAL
12/16/2016 5:46:03 PM,unknown,unknown,application,Windows PowerShell (logit.ps),10,0.06070558158755923,Normal,NORMAL
12/16/2016 5:46:03 PM,unknown,unknown,application,Windows PowerShell (logit.ps),10,0.11221220613167932,Normal,NORMAL
12/16/2016 5:45:35 PM,unknown,unknown,application,Windows PowerShell (logit.ps),10,0.11390481322738683,Normal,NORMAL
12/16/2016 5:45:35 PM,unknown,unknown,application,Windows PowerShell (logit.ps),10,0.03757267017352656,Normal,NORMAL
12/16/2016 5:45:35 PM,unknown,unknown,application,Windows PowerShell (logit.ps),10,0.1057866995350975,Normal,NORMAL
12/16/2016 5:45:35 PM,unknown,unknown,application,Windows PowerShell (logit.ps),10,0.06220921111031308,Normal,NORMAL
12/16/2016 5:45:35 PM,unknown,unknown,application,Windows PowerShell (logit.ps),10,0.11390481322738683,Normal,NORMAL
12/16/2016 5:44:58 PM,unknown,unknown,application,Windows PowerShell (logit.ps),10,0.11336684047220813,Normal,NORMAL
12/16/2016 5:44:58 PM,unknown,unknown,application,Windows PowerShell (logit.ps),10,0.03741353330630426,Normal,NORMAL
12/16/2016 5:44:58 PM,unknown,unknown,application,Windows PowerShell (logit.ps),10,0.10636212810098333,Normal,NORMAL
12/16/2016 5:44:58 PM,unknown,unknown,application,Windows PowerShell (logit.ps),10,0.0619506791207326,Normal,NORMAL
12/16/2016 5:44:58 PM,unknown,unknown,application,Windows PowerShell (logit.ps),10,0.11336684047220813,Normal,NORMAL
12/16/2016 5:44:28 PM,unknown,unknown,application,Windows PowerShell (logit.ps),10,0.11336684047220813,Normal,NORMAL
12/16/2016 5:44:28 PM,unknown,unknown,application,Windows PowerShell (logit.ps),10,0.03741353330630426,Normal,NORMAL
12/16/2016 5:44:28 PM,unknown,unknown,application,Windows PowerShell (logit.ps),10,0.10636212810098333,Normal,NORMAL
12/16/2016 5:44:28 PM,unknown,unknown,application,Windows PowerShell (logit.ps),10,0.0619506791207326,Normal,NORMAL
12/16/2016 5:44:28 PM,unknown,unknown,application,Windows PowerShell (logit.ps),10,0.11336684047220813,Normal,NORMAL
12/16/2016 5:44:00 PM,unknown,unknown,application,Windows PowerShell (logit.ps),10,0.11336684047220813,Normal,NORMAL
12/16/2016 5:44:00 PM,unknown,unknown,application,Windows PowerShell (logit.ps),10,0.04028720967146626,Normal,NORMAL
12/16/2016 5:44:00 PM,unknown,unknown,application,Windows PowerShell (logit.ps),10,0.10636212810098333,Normal,NORMAL
12/16/2016 5:44:00 PM,unknown,unknown,application,Windows PowerShell (logit.ps),10,0.0619506791207326,Normal,NORMAL
12/16/2016 5:43:56 PM,unknown,unknown,application,Windows PowerShell (logit.ps),10,0.1141764494262269,Normal,NORMAL
12/16/2016 5:43:23 PM,unknown,unknown,application,Windows PowerShell (logit.ps),10,0.1141764494262269,Normal,NORMAL
12/16/2016 5:43:23 PM,unknown,unknown,application,Windows PowerShell (logit.ps),10,0.04150049353357266,Normal,NORMAL
12/16/2016 5:43:22 PM,unknown,unknown,application,Windows PowerShell (logit.ps),10,0.1077735561068427,Normal,NORMAL
12/16/2016 5:43:22 PM,unknown,unknown,application,Windows PowerShell (logit.ps),10,0.06332130861232727,Normal,NORMAL
12/16/2016 5:43:22 PM,unknown,unknown,application,Windows PowerShell (logit.ps),10,0.1141764494262269,Normal,NORMAL
12/16/2016 5:42:54 PM,unknown,unknown,application,Windows PowerShell (logit.ps),10,0.11538960714277458,Normal,NORMAL
12/16/2016 5:42:54 PM,unknown,unknown,application,Windows PowerShell (logit.ps),10,0.04503712248586361,Normal,NORMAL
12/16/2016 5:42:54 PM,unknown,unknown,application,Windows PowerShell (logit.ps),10,0.10883175596921785,Normal,NORMAL
12/16/2016 5:42:54 PM,unknown,unknown,application,Windows PowerShell (logit.ps),10,0.0655376190975302,Normal,NORMAL
12/16/2016 5:42:54 PM,unknown,unknown,application,Windows PowerShell (logit.ps),10,0.11538960714277458,Normal,NORMAL
12/16/2016 5:42:24 PM,unknown,unknown,application,Windows PowerShell (logit.ps),10,0.11538960714277458,Normal,NORMAL
12/16/2016 5:42:24 PM,unknown,unknown,application,Windows PowerShell (logit.ps),10,0.04503712248586361,Normal,NORMAL
12/16/2016 5:42:24 PM,unknown,unknown,application,Windows PowerShell (logit.ps),10,0.10883175596921785,Normal,NORMAL
12/16/2016 5:42:24 PM,unknown,unknown,application,Windows PowerShell (logit.ps),10,0.06599733178503919,Normal,NORMAL
12/16/2016 5:42:24 PM,unknown,unknown,application,Windows PowerShell (logit.ps),10,0.11538960714277458,Normal,NORMAL
12/16/2016 5:41:55 PM,unknown,unknown,application,Windows PowerShell (logit.ps),10,0.11900773562522232,Normal,NORMAL
12/16/2016 5:41:55 PM,unknown,unknown,application,Windows PowerShell (logit.ps),10,0.047159355461641905,Normal,NORMAL
12/16/2016 5:41:55 PM,unknown,unknown,application,Windows PowerShell (logit.ps),10,0.1125100907588506,Normal,NORMAL
12/16/2016 5:41:55 PM,unknown,unknown,application,Windows PowerShell (logit.ps),10,0.06741893205140265,Normal,NORMAL
12/16/2016 5:41:55 PM,unknown,unknown,application,Windows PowerShell (logit.ps),10,0.11900773562522232,Normal,NORMAL
12/16/2016 5:41:22 PM,unknown,unknown,application,Windows PowerShell (logit.ps),10,0.11900773562522232,Normal,NORMAL
12/16/2016 5:41:22 PM,unknown,unknown,application,Windows PowerShell (logit.ps),10,0.047159355461641905,Normal,NORMAL
12/16/2016 5:41:22 PM,unknown,unknown,application,Windows PowerShell (logit.ps),10,0.1125100907588506,Normal,NORMAL
12/16/2016 5:41:22 PM,unknown,unknown,application,Windows PowerShell (logit.ps),10,0.06741893205140265,Normal,NORMAL
12/16/2016 5:41:22 PM,unknown,unknown,application,Windows PowerShell (logit.ps),10,0.11900773562522232,Normal,NORMAL
12/16/2016 5:40:46 PM,unknown,unknown,application,Windows PowerShell (logit.ps),10,0.11799794022047966,Normal,NORMAL
12/16/2016 5:40:46 PM,unknown,unknown,application,Windows PowerShell (logit.ps),10,0.04846427691217914,Normal,NORMAL
12/16/2016 5:40:46 PM,unknown,unknown,application,Windows PowerShell (logit.ps),10,0.11228127931677295,Normal,NORMAL
12/16/2016 5:40:46 PM,unknown,unknown,application,Windows PowerShell (logit.ps),10,0.06866667077247429,Normal,NORMAL
12/16/2016 5:40:46 PM,unknown,unknown,application,Windows PowerShell (logit.ps),10,0.11799794022047966,Normal,NORMAL
12/16/2016 5:40:15 PM,unknown,unknown,application,Windows PowerShell (logit.ps),10,0.11799794022047966,Normal,NORMAL
12/16/2016 5:40:15 PM,unknown,unknown,application,Windows PowerShell (logit.ps),10,0.04846427691217914,Normal,NORMAL
12/16/2016 5:40:15 PM,unknown,unknown,application,Windows PowerShell (logit.ps),10,0.11228127931677295,Normal,NORMAL
12/16/2016 5:40:15 PM,unknown,unknown,application,Windows PowerShell (logit.ps),10,0.06820972506943956,Normal,NORMAL
12/16/2016 5:40:15 PM,unknown,unknown,application,Windows PowerShell (logit.ps),10,0.11799794022047966,Normal,NORMAL
12/16/2016 5:39:46 PM,unknown,unknown,application,Windows PowerShell (logit.ps),10,0.1172803589082172,Normal,NORMAL
12/16/2016 5:39:46 PM,unknown,unknown,application,Windows PowerShell (logit.ps),10,0.04626509718456506,Normal,NORMAL
12/16/2016 5:39:46 PM,unknown,unknown,application,Windows PowerShell (logit.ps),10,0.11155321962961956,Normal,NORMAL
12/16/2016 5:39:46 PM,unknown,unknown,application,Windows PowerShell (logit.ps),10,0.06680226051458871,Normal,NORMAL
12/16/2016 5:39:42 PM,unknown,unknown,application,Windows PowerShell (logit.ps),10,0.1172803589082172,Normal,NORMAL
12/16/2016 5:39:02 PM,unknown,unknown,application,Windows PowerShell (logit.ps),10,0.1172803589082172,Normal,NORMAL
12/16/2016 5:39:02 PM,unknown,unknown,application,Windows PowerShell (logit.ps),10,0.04626509718456506,Normal,NORMAL
12/16/2016 5:39:01 PM,unknown,unknown,application,Windows PowerShell (logit.ps),10,0.11155321962961956,Normal,NORMAL
12/16/2016 5:39:01 PM,unknown,unknown,application,Windows PowerShell (logit.ps),10,0.06680226051458871,Normal,NORMAL
12/16/2016 5:39:01 PM,unknown,unknown,application,Windows PowerShell (logit.ps),10,0.1172803589082172,Normal,NORMAL
12/16/2016 5:38:30 PM,unknown,unknown,application,Windows PowerShell (logit.ps),10,0.11610672155037549,Normal,NORMAL
12/16/2016 5:38:30 PM,unknown,unknown,application,Windows PowerShell (logit.ps),10,0.04543532099348335,Normal,NORMAL
12/16/2016 5:38:30 PM,unknown,unknown,application,Windows PowerShell (logit.ps),10,0.11036244440598991,Normal,NORMAL
12/16/2016 5:38:30 PM,unknown,unknown,application,Windows PowerShell (logit.ps),10,0.06492480606088635,Normal,NORMAL
12/16/2016 5:38:30 PM,unknown,unknown,application,Windows PowerShell (logit.ps),10,0.11610672155037549,Normal,NORMAL
12/16/2016 5:37:59 PM,unknown,unknown,application,Windows PowerShell (logit.ps),10,0.11687988365706736,Normal,NORMAL
12/16/2016 5:37:59 PM,unknown,unknown,application,Windows PowerShell (logit.ps),10,0.04518497328739035,Normal,NORMAL
12/16/2016 5:37:59 PM,unknown,unknown,application,Windows PowerShell (logit.ps),10,0.11147216969369333,Normal,NORMAL
12/16/2016 5:37:59 PM,unknown,unknown,application,Windows PowerShell (logit.ps),10,0.0655978298381576,Normal,NORMAL
12/16/2016 5:37:59 PM,unknown,unknown,application,Windows PowerShell (logit.ps),10,0.11687988365706736,Normal,NORMAL
12/16/2016 5:37:31 PM,unknown,unknown,application,Windows PowerShell (logit.ps),10,0.11687988365706736,Normal,NORMAL
12/16/2016 5:37:31 PM,unknown,unknown,application,Windows PowerShell (logit.ps),10,0.04518497328739035,Normal,NORMAL
12/16/2016 5:37:31 PM,unknown,unknown,application,Windows PowerShell (logit.ps),10,0.11147216969369333,Normal,NORMAL
12/16/2016 5:37:31 PM,unknown,unknown,application,Windows PowerShell (logit.ps),10,0.0655978298381576,Normal,NORMAL
12/16/2016 5:37:31 PM,unknown,unknown,application,Windows PowerShell (logit.ps),10,0.11687988365706736,Normal,NORMAL
12/16/2016 5:37:02 PM,unknown,unknown,application,Windows PowerShell (logit.ps),10,0.11687988365706736,Normal,NORMAL
12/16/2016 5:37:02 PM,unknown,unknown,application,Windows PowerShell (logit.ps),10,0.04518497328739035,Normal,NORMAL
12/16/2016 5:37:02 PM,unknown,unknown,application,Windows PowerShell (logit.ps),10,0.11147216969369333,Normal,NORMAL
12/16/2016 5:37:02 PM,unknown,unknown,application,Windows PowerShell (logit.ps),10,0.0655978298381576,Normal,NORMAL
12/16/2016 5:37:02 PM,unknown,unknown,application,Windows PowerShell (logit.ps),10,0.11687988365706736,Normal,NORMAL
12/16/2016 5:36:33 PM,unknown,unknown,application,Windows PowerShell (logit.ps),10,0.11447772288477864,Normal,NORMAL
12/16/2016 5:36:33 PM,unknown,unknown,application,Windows PowerShell (logit.ps),10,0.045626188042105165,Normal,NORMAL
12/16/2016 5:36:33 PM,unknown,unknown,application,Windows PowerShell (logit.ps),10,0.10903692190354664,Normal,NORMAL
12/16/2016 5:36:33 PM,unknown,unknown,application,Windows PowerShell (logit.ps),10,0.06447145857939979,Normal,NORMAL
12/16/2016 5:36:33 PM,unknown,unknown,application,Windows PowerShell (logit.ps),10,0.11447772288477864,Normal,NORMAL
12/16/2016 5:36:01 PM,unknown,unknown,application,Windows PowerShell (logit.ps),10,0.11447772288477864,Normal,NORMAL
12/16/2016 5:36:01 PM,unknown,unknown,application,Windows PowerShell (logit.ps),10,0.045626188042105165,Normal,NORMAL
12/16/2016 5:36:01 PM,unknown,unknown,application,Windows PowerShell (logit.ps),10,0.10903692190354664,Normal,NORMAL
12/16/2016 5:36:01 PM,unknown,unknown,application,Windows PowerShell (logit.ps),10,0.06447145857939979,Normal,NORMAL
12/16/2016 5:36:01 PM,unknown,unknown,application,Windows PowerShell (logit.ps),10,0.11447772288477864,Normal,NORMAL
12/16/2016 5:35:33 PM,unknown,unknown,application,Windows PowerShell (logit.ps),10,0.11458811004947117,Normal,NORMAL
12/16/2016 5:35:33 PM,unknown,unknown,application,Windows PowerShell (logit.ps),10,0.04575548823309217,Normal,NORMAL
12/16/2016 5:35:33 PM,unknown,unknown,application,Windows PowerShell (logit.ps),10,0.10958587244443585,Normal,NORMAL
12/16/2016 5:35:33 PM,unknown,unknown,application,Windows PowerShell (logit.ps),10,0.06644342116185009,Normal,NORMAL
12/16/2016 5:35:33 PM,unknown,unknown,application,Windows PowerShell (logit.ps),10,0.11458811004947117,Normal,NORMAL
12/16/2016 5:35:01 PM,unknown,unknown,application,Windows PowerShell (logit.ps),10,0.11458811004947117,Normal,NORMAL
12/16/2016 5:35:01 PM,unknown,unknown,application,Windows PowerShell (logit.ps),10,0.04323087231781747,Normal,NORMAL
12/16/2016 5:35:01 PM,unknown,unknown,application,Windows PowerShell (logit.ps),10,0.10958587244443585,Normal,NORMAL
12/16/2016 5:35:01 PM,unknown,unknown,application,Windows PowerShell (logit.ps),10,0.06644342116185009,Normal,NORMAL
12/16/2016 5:35:01 PM,unknown,unknown,application,Windows PowerShell (logit.ps),10,0.11458811004947117,Normal,NORMAL
12/16/2016 5:34:25 PM,unknown,unknown,application,Windows PowerShell (logit.ps),10,0.11331943017470586,Normal,NORMAL
12/16/2016 5:34:25 PM,unknown,unknown,application,Windows PowerShell (logit.ps),10,0.04406429258409483,Normal,NORMAL
12/16/2016 5:34:25 PM,unknown,unknown,application,Windows PowerShell (logit.ps),10,0.10830112202985709,Normal,NORMAL
12/16/2016 5:34:25 PM,unknown,unknown,application,Windows PowerShell (logit.ps),10,0.06747095149004512,Normal,NORMAL
12/16/2016 5:34:25 PM,unknown,unknown,application,Windows PowerShell (logit.ps),10,0.11331943017470586,Normal,NORMAL
12/16/2016 5:34:15 PM,unknown,unknown,application,Microsoft-Windows-Security-SPP,903,0.0942393848295448,Normal,NORMAL
12/16/2016 5:34:15 PM,unknown,unknown,application,Microsoft-Windows-Security-SPP,16384,-0.04345023739578513,Anomalie,HIGH
12/16/2016 5:33:55 PM,unknown,unknown,application,Windows PowerShell (logit.ps),10,0.11231743783832071,Normal,NORMAL
12/16/2016 5:33:55 PM,unknown,unknown,application,Windows PowerShell (logit.ps),10,0.04231824670835066,Normal,NORMAL
12/16/2016 5:33:55 PM,unknown,unknown,application,Windows PowerShell (logit.ps),10,0.10734286967290396,Normal,NORMAL
12/16/2016 5:33:55 PM,unknown,unknown,application,Windows PowerShell (logit.ps),10,0.06611279874499709,Normal,NORMAL
12/16/2016 5:33:51 PM,unknown,unknown,application,Windows PowerShell (logit.ps),10,0.11231743783832071,Normal,NORMAL
12/16/2016 5:33:19 PM,unknown,unknown,application,Windows PowerShell (logit.ps),10,0.11231743783832071,Normal,NORMAL
12/16/2016 5:33:19 PM,unknown,unknown,application,Windows PowerShell (logit.ps),10,0.04231824670835066,Normal,NORMAL
12/16/2016 5:33:19 PM,unknown,unknown,application,Windows PowerShell (logit.ps),10,0.10734286967290396,Normal,NORMAL
12/16/2016 5:33:19 PM,unknown,unknown,application,Windows PowerShell (logit.ps),10,0.06472784889906436,Normal,NORMAL
12/16/2016 5:33:19 PM,unknown,unknown,application,Windows PowerShell (logit.ps),10,0.11231743783832071,Normal,NORMAL
12/16/2016 5:32:49 PM,unknown,unknown,application,Windows PowerShell (logit.ps),10,0.1115943336958442,Normal,NORMAL
12/16/2016 5:32:49 PM,unknown,unknown,application,Windows PowerShell (logit.ps),10,0.041526224344198226,Normal,NORMAL
12/16/2016 5:32:49 PM,unknown,unknown,application,Windows PowerShell (logit.ps),10,0.10617222256642589,Normal,NORMAL
12/16/2016 5:32:49 PM,unknown,unknown,application,Windows PowerShell (logit.ps),10,0.06526416111235228,Normal,NORMAL
12/16/2016 5:32:49 PM,unknown,unknown,application,Windows PowerShell (logit.ps),10,0.1115943336958442,Normal,NORMAL
12/16/2016 5:32:18 PM,unknown,unknown,application,Windows PowerShell (logit.ps),10,0.1115943336958442,Normal,NORMAL
12/16/2016 5:32:18 PM,unknown,unknown,application,Windows PowerShell (logit.ps),10,0.041526224344198226,Normal,NORMAL
12/16/2016 5:32:18 PM,unknown,unknown,application,Windows PowerShell (logit.ps),10,0.10617222256642589,Normal,NORMAL
12/16/2016 5:32:18 PM,unknown,unknown,application,Windows PowerShell (logit.ps),10,0.06394835865428833,Normal,NORMAL
12/16/2016 5:32:18 PM,unknown,unknown,application,Windows PowerShell (logit.ps),10,0.1115943336958442,Normal,NORMAL
12/16/2016 5:31:50 PM,unknown,unknown,application,Windows PowerShell (logit.ps),10,0.11477953754705572,Normal,NORMAL
12/16/2016 5:31:50 PM,unknown,unknown,application,Windows PowerShell (logit.ps),10,0.04257842692002034,Normal,NORMAL
12/16/2016 5:31:50 PM,unknown,unknown,application,Windows PowerShell (logit.ps),10,0.10940083141383905,Normal,NORMAL
12/16/2016 5:31:50 PM,unknown,unknown,application,Windows PowerShell (logit.ps),10,0.06485177750601384,Normal,NORMAL
12/16/2016 5:31:50 PM,unknown,unknown,application,Windows PowerShell (logit.ps),10,0.11477953754705572,Normal,NORMAL
12/16/2016 5:31:21 PM,unknown,unknown,application,Windows PowerShell (logit.ps),10,0.11477953754705572,Normal,NORMAL
12/16/2016 5:31:21 PM,unknown,unknown,application,Windows PowerShell (logit.ps),10,0.04257842692002034,Normal,NORMAL
12/16/2016 5:31:21 PM,unknown,unknown,application,Windows PowerShell (logit.ps),10,0.10940083141383905,Normal,NORMAL
12/16/2016 5:31:21 PM,unknown,unknown,application,Windows PowerShell (logit.ps),10,0.06485177750601384,Normal,NORMAL
12/16/2016 5:31:21 PM,unknown,unknown,application,Windows PowerShell (logit.ps),10,0.11477953754705572,Normal,NORMAL
12/16/2016 5:30:51 PM,unknown,unknown,application,Windows PowerShell (logit.ps),10,0.11422583706389294,Normal,NORMAL
12/16/2016 5:30:51 PM,unknown,unknown,application,Windows PowerShell (logit.ps),10,0.038436611049581515,Normal,NORMAL
12/16/2016 5:30:51 PM,unknown,unknown,application,Windows PowerShell (logit.ps),10,0.10912200868101779,Normal,NORMAL
12/16/2016 5:30:51 PM,unknown,unknown,application,Windows PowerShell (logit.ps),10,0.06254170994759017,Normal,NORMAL
12/16/2016 5:30:51 PM,unknown,unknown,application,Windows PowerShell (logit.ps),10,0.11422583706389294,Normal,NORMAL
12/16/2016 5:30:21 PM,unknown,unknown,application,Windows PowerShell (logit.ps),10,0.11422583706389294,Normal,NORMAL
12/16/2016 5:30:21 PM,unknown,unknown,application,Windows PowerShell (logit.ps),10,0.038436611049581515,Normal,NORMAL
12/16/2016 5:30:21 PM,unknown,unknown,application,Windows PowerShell (logit.ps),10,0.10912200868101779,Normal,NORMAL
12/16/2016 5:30:21 PM,unknown,unknown,application,Windows PowerShell (logit.ps),10,0.06254170994759017,Normal,NORMAL
12/16/2016 5:30:21 PM,unknown,unknown,application,Windows PowerShell (logit.ps),10,0.11422583706389294,Normal,NORMAL
12/16/2016 5:29:51 PM,unknown,unknown,application,Windows PowerShell (logit.ps),10,0.11358368062343738,Normal,NORMAL
12/16/2016 5:29:51 PM,unknown,unknown,application,Windows PowerShell (logit.ps),10,0.03875520949810263,Normal,NORMAL
12/16/2016 5:29:51 PM,unknown,unknown,application,Windows PowerShell (logit.ps),10,0.1088510355553633,Normal,NORMAL
12/16/2016 5:29:51 PM,unknown,unknown,application,Windows PowerShell (logit.ps),10,0.06295623606078166,Normal,NORMAL
12/16/2016 5:29:51 PM,unknown,unknown,application,Windows PowerShell (logit.ps),10,0.11358368062343738,Normal,NORMAL
12/16/2016 5:29:18 PM,unknown,unknown,application,Windows PowerShell (logit.ps),10,0.11358368062343738,Normal,NORMAL
12/16/2016 5:29:18 PM,unknown,unknown,application,Windows PowerShell (logit.ps),10,0.03875520949810263,Normal,NORMAL
12/16/2016 5:29:18 PM,unknown,unknown,application,Windows PowerShell (logit.ps),10,0.1088510355553633,Normal,NORMAL
12/16/2016 5:29:18 PM,unknown,unknown,application,Windows PowerShell (logit.ps),10,0.06223921056534654,Normal,NORMAL
12/16/2016 5:29:18 PM,unknown,unknown,application,Windows PowerShell (logit.ps),10,0.11358368062343738,Normal,NORMAL
12/16/2016 5:28:50 PM,unknown,unknown,application,Windows PowerShell (logit.ps),10,0.11263939902437997,Normal,NORMAL
12/16/2016 5:28:50 PM,unknown,unknown,application,Windows PowerShell (logit.ps),10,0.0365919584871891,Normal,NORMAL
12/16/2016 5:28:50 PM,unknown,unknown,application,Windows PowerShell (logit.ps),10,0.10789546597375366,Normal,NORMAL
12/16/2016 5:28:50 PM,unknown,unknown,application,Windows PowerShell (logit.ps),10,0.06153947797744108,Normal,NORMAL
12/16/2016 5:28:50 PM,unknown,unknown,application,Windows PowerShell (logit.ps),10,0.11263939902437997,Normal,NORMAL
12/16/2016 5:28:21 PM,unknown,unknown,application,Windows PowerShell (logit.ps),10,0.11263939902437997,Normal,NORMAL
12/16/2016 5:28:21 PM,unknown,unknown,application,Windows PowerShell (logit.ps),10,0.0365919584871891,Normal,NORMAL
12/16/2016 5:28:21 PM,unknown,unknown,application,Windows PowerShell (logit.ps),10,0.10789546597375366,Normal,NORMAL
12/16/2016 5:28:21 PM,unknown,unknown,application,Windows PowerShell (logit.ps),10,0.06263212256122125,Normal,NORMAL
12/16/2016 5:28:21 PM,unknown,unknown,application,Windows PowerShell (logit.ps),10,0.11263939902437997,Normal,NORMAL
12/16/2016 5:27:53 PM,unknown,unknown,application,Windows PowerShell (logit.ps),10,0.11263939902437997,Normal,NORMAL
12/16/2016 5:27:53 PM,unknown,unknown,application,Windows PowerShell (logit.ps),10,0.0365919584871891,Normal,NORMAL
12/16/2016 5:27:53 PM,unknown,unknown,application,Windows PowerShell (logit.ps),10,0.10789546597375366,Normal,NORMAL
12/16/2016 5:27:53 PM,unknown,unknown,application,Windows PowerShell (logit.ps),10,0.06263212256122125,Normal,NORMAL
12/16/2016 5:27:53 PM,unknown,unknown,application,Windows PowerShell (logit.ps),10,0.11263939902437997,Normal,NORMAL
12/16/2016 5:27:37 PM,unknown,unknown,application,Microsoft-Windows-Security-SPP,902,0.09545146257967924,Normal,NORMAL
12/16/2016 5:27:37 PM,unknown,unknown,application,Microsoft-Windows-Security-SPP,1037,0.08953500723427604,Normal,NORMAL
12/16/2016 5:27:37 PM,unknown,unknown,application,Microsoft-Windows-Security-SPP,1003,0.06675443079246407,Normal,NORMAL
12/16/2016 5:27:37 PM,unknown,unknown,application,Microsoft-Windows-Security-SPP,1066,0.04259735877033244,Normal,NORMAL
