12/17/2016 6:38:50 AM,unknown,unknown,application,Microsoft-Windows-Security-SPP,1066,0.033477919437575554,Normal,NORMAL
12/17/2016 6:38:50 AM,unknown,unknown,application,Microsoft-Windows-Security-SPP,900,0.08620906010666624,Normal,NORMAL
12/17/2016 6:09:20 AM,unknown,unknown,application,Microsoft-Windows-Security-SPP,903,0.07133349078132262,Normal,NORMAL
12/17/2016 6:09:20 AM,unknown,unknown,application,Microsoft-Windows-Security-SPP,16384,-0.055490748412902136,Anomalie,HIGH
12/17/2016 6:08:50 AM,unknown,unknown,application,Microsoft-Windows-Security-SPP,902,0.07388470778292522,Normal,NORMAL
12/17/2016 6:08:50 AM,unknown,unknown,application,Microsoft-Windows-Security-SPP,1037,0.06905761415056699,Normal,NORMAL
12/17/2016 6:08:50 AM,unknown,unknown,application,Microsoft-Windows-Security-SPP,1003,0.04787587561004164,Normal,NORMAL
12/17/2016 6:08:50 AM,unknown,unknown,application,Microsoft-Windows-Security-SPP,1066,0.021625698596236864,Normal,NORMAL
12/17/2016 6:08:50 AM,unknown,unknown,application,Microsoft-Windows-Security-SPP,900,0.07071345877055935,Normal,NORMAL
12/17/2016 5:39:20 AM,unknown,unknown,application,Microsoft-Windows-Security-SPP,903,0.07918229653641856,Normal,NORMAL
12/17/2016 5:39:20 AM,unknown,unknown,application,Microsoft-Windows-Security-SPP,16384,-0.05840674064906093,Anomalie,HIGH
12/17/2016 5:38:50 AM,unknown,unknown,application,Microsoft-Windows-Security-SPP,902,0.08710012621315805,Normal,NORMAL
12/17/2016 5:38:50 AM,unknown,unknown,application,Microsoft-Windows-Security-SPP,1037,0.08382140355092976,Normal,NORMAL
12/17/2016 5:38:50 AM,unknown,unknown,application,Microsoft-Windows-Security-SPP,1003,0.061764787673796284,Normal,NORMAL
12/17/2016 5:38:50 AM,unknown,unknown,application,Microsoft-Windows-Security-SPP,1066,0.030263254061790423,Normal,NORMAL
12/17/2016 5:38:49 AM,unknown,unknown,application,Microsoft-Windows-Security-SPP,900,0.08450123444851143,Normal,NORMAL
12/17/2016 5:09:20 AM,unknown,unknown,application,Microsoft-Windows-Security-SPP,903,0.07069446139844987,Normal,NORMAL
12/17/2016 5:09:20 AM,unknown,unknown,application,Microsoft-Windows-Security-SPP,16384,-0.05676395494319042,Anomalie,HIGH
12/17/2016 5:08:49 AM,unknown,unknown,application,Microsoft-Windows-Security-SPP,902,0.07324939924817453,Normal,NORMAL
12/17/2016 5:08:49 AM,unknown,unknown,application,Microsoft-Windows-Security-SPP,1037,0.06803659973881837,Normal,NORMAL
12/17/2016 5:08:49 AM,unknown,unknown,application,Microsoft-Windows-Security-SPP,1003,0.04578999082971247,Normal,NORMAL
12/17/2016 5:08:49 AM,unknown,unknown,application,Microsoft-Windows-Security-SPP,1066,0.018677190069237348,Normal,NORMAL
12/17/2016 5:08:49 AM,unknown,unknown,application,Microsoft-Windows-Security-SPP,900,0.07007352509575787,Normal,NORMAL
12/17/2016 4:39:19 AM,unknown,unknown,application,Microsoft-Windows-Security-SPP,903,0.07469299852213873,Normal,NORMAL
12/17/2016 4:39:19 AM,unknown,unknown,application,Microsoft-Windows-Security-SPP,16384,-0.060985711622530525,Anomalie,HIGH
12/17/2016 4:38:49 AM,unknown,unknown,application,Microsoft-Windows-Security-SPP,902,0.08269343361210174,Normal,NORMAL
12/17/2016 4:38:49 AM,unknown,unknown,application,Microsoft-Windows-Security-SPP,1037,0.07791316753334981,Normal,NORMAL
12/17/2016 4:38:49 AM,unknown,unknown,application,Microsoft-Windows-Security-SPP,1003,0.05470242519909935,Normal,NORMAL
12/17/2016 4:38:49 AM,unknown,unknown,application,Microsoft-Windows-Security-SPP,1066,0.025569754002213063,Normal,NORMAL
12/17/2016 4:38:49 AM,unknown,unknown,application,Microsoft-Windows-Security-SPP,900,0.0800674280376224,Normal,NORMAL
12/17/2016 4:09:19 AM,unknown,unknown,application,Microsoft-Windows-Security-SPP,903,0.06694497029879509,Normal,NORMAL
12/17/2016 4:09:19 AM,unknown,unknown,application,Microsoft-Windows-Security-SPP,16384,-0.05951435823567797,Anomalie,HIGH
12/17/2016 4:08:49 AM,unknown,unknown,application,Microsoft-Windows-Security-SPP,902,0.0698193139333722,Normal,NORMAL
12/17/2016 4:08:49 AM,unknown,unknown,application,Microsoft-Windows-Security-SPP,1037,0.06304764745880637,Normal,NORMAL
12/17/2016 4:08:49 AM,unknown,unknown,application,Microsoft-Windows-Security-SPP,1003,0.03967362039364403,Normal,NORMAL
12/17/2016 4:08:49 AM,unknown,unknown,application,Microsoft-Windows-Security-SPP,1066,0.015130776584759864,Normal,NORMAL
12/17/2016 4:08:49 AM,unknown,unknown,application,Microsoft-Windows-Security-SPP,900,0.06661846825279316,Normal,NORMAL
12/17/2016 3:39:19 AM,unknown,unknown,application,Microsoft-Windows-Security-SPP,903,0.07060995369427159,Normal,NORMAL
12/17/2016 3:39:19 AM,unknown,unknown,application,Microsoft-Windows-Security-SPP,16384,-0.06661374413593057,Anomalie,HIGH
12/17/2016 3:38:49 AM,unknown,unknown,application,Microsoft-Windows-Security-SPP,902,0.07897689472652808,Normal,NORMAL
12/17/2016 3:38:49 AM,unknown,unknown,application,Microsoft-Windows-Security-SPP,1037,0.07444944190775304,Normal,NORMAL
12/17/2016 3:38:49 AM,unknown,unknown,application,Microsoft-Windows-Security-SPP,1003,0.05286101642658142,Normal,NORMAL
12/17/2016 3:38:49 AM,unknown,unknown,application,Microsoft-Windows-Security-SPP,1066,0.022195994415652454,Normal,NORMAL
12/17/2016 3:38:49 AM,unknown,unknown,application,Microsoft-Windows-Security-SPP,900,0.0763280217687976,Normal,NORMAL
12/17/2016 3:09:19 AM,unknown,unknown,application,Microsoft-Windows-Security-SPP,903,0.06548792427051658,Normal,NORMAL
12/17/2016 3:09:19 AM,unknown,unknown,application,Microsoft-Windows-Security-SPP,16384,-0.06430576397069465,Anomalie,HIGH
12/17/2016 3:08:49 AM,unknown,unknown,application,Microsoft-Windows-Security-SPP,902,0.06792405008545799,Normal,NORMAL
12/17/2016 3:08:49 AM,unknown,unknown,application,Microsoft-Windows-Security-SPP,1037,0.061426447375917015,Normal,NORMAL
12/17/2016 3:08:49 AM,unknown,unknown,application,Microsoft-Windows-Security-SPP,1003,0.038345878261571265,Normal,NORMAL
12/17/2016 3:08:49 AM,unknown,unknown,application,Microsoft-Windows-Security-SPP,1066,0.013871307273278177,Normal,NORMAL
12/17/2016 3:08:49 AM,unknown,unknown,application,Microsoft-Windows-Security-SPP,900,0.06470940660388869,Normal,NORMAL
12/17/2016 2:39:19 AM,unknown,unknown,application,Microsoft-Windows-Security-SPP,903,0.06706197542175762,Normal,NORMAL
12/17/2016 2:39:19 AM,unknown,unknown,application,Microsoft-Windows-Security-SPP,16384,-0.06668044117666061,Anomalie,HIGH
12/17/2016 2:38:49 AM,unknown,unknown,application,Microsoft-Windows-Security-SPP,902,0.07312184531522475,Normal,NORMAL
12/17/2016 2:38:49 AM,unknown,unknown,application,Microsoft-Windows-Security-SPP,1037,0.06747675077436471,Normal,NORMAL
12/17/2016 2:38:49 AM,unknown,unknown,application,Microsoft-Windows-Security-SPP,1003,0.04335500286390409,Normal,NORMAL
12/17/2016 2:38:49 AM,unknown,unknown,application,Microsoft-Windows-Security-SPP,1066,0.012308376886535854,Normal,NORMAL
12/17/2016 2:38:49 AM,unknown,unknown,application,Microsoft-Windows-Security-SPP,900,0.07068986298024088,Normal,NORMAL
12/17/2016 2:09:19 AM,unknown,unknown,application,Microsoft-Windows-Security-SPP,903,0.062009673813674726,Normal,NORMAL
12/17/2016 2:09:19 AM,unknown,unknown,application,Microsoft-Windows-Security-SPP,16384,-0.06470295750748423,Anomalie,HIGH
12/17/2016 2:08:49 AM,unknown,unknown,application,Microsoft-Windows-Security-SPP,902,0.06525115803417897,Normal,NORMAL
12/17/2016 2:08:49 AM,unknown,unknown,application,Microsoft-Windows-Security-SPP,1037,0.058714223693627554,Normal,NORMAL
12/17/2016 2:08:49 AM,unknown,unknown,application,Microsoft-Windows-Security-SPP,1003,0.03449975342085415,Normal,NORMAL
12/17/2016 2:08:49 AM,unknown,unknown,application,Microsoft-Windows-Security-SPP,1066,0.009229796726229367,Normal,NORMAL
12/17/2016 2:08:49 AM,unknown,unknown,application,Microsoft-Windows-Security-SPP,900,0.062274821789763346,Normal,NORMAL
12/17/2016 1:39:19 AM,unknown,unknown,application,Microsoft-Windows-Security-SPP,903,0.06165538401415244,Normal,NORMAL
12/17/2016 1:39:19 AM,unknown,unknown,application,Microsoft-Windows-Security-SPP,16384,-0.07121314531391942,Anomalie,HIGH
12/17/2016 1:38:49 AM,unknown,unknown,application,Microsoft-Windows-Security-SPP,902,0.06742079629167802,Normal,NORMAL
12/17/2016 1:38:49 AM,unknown,unknown,application,Microsoft-Windows-Security-SPP,1037,0.06170194938749218,Normal,NORMAL
12/17/2016 1:38:49 AM,unknown,unknown,application,Microsoft-Windows-Security-SPP,1003,0.03691651091113246,Normal,NORMAL
12/17/2016 1:38:48 AM,unknown,unknown,application,Microsoft-Windows-Security-SPP,1066,0.00824884477687926,Normal,NORMAL
12/17/2016 1:38:48 AM,unknown,unknown,application,Microsoft-Windows-Security-SPP,900,0.06495704045078149,Normal,NORMAL
12/17/2016 1:09:19 AM,unknown,unknown,application,Microsoft-Windows-Security-SPP,903,0.05130938156597514,Normal,NORMAL
12/17/2016 1:09:19 AM,unknown,unknown,application,Microsoft-Windows-Security-SPP,16384,-0.07140063652424555,Anomalie,HIGH
12/17/2016 1:08:48 AM,unknown,unknown,application,Microsoft-Windows-Security-SPP,902,0.05410387943845174,Normal,NORMAL
12/17/2016 1:08:48 AM,unknown,unknown,application,Microsoft-Windows-Security-SPP,1037,0.04740291279128794,Normal,NORMAL
12/17/2016 1:08:48 AM,unknown,unknown,application,Microsoft-Windows-Security-SPP,1003,0.0226400537629049,Normal,NORMAL
12/17/2016 1:08:48 AM,unknown,unknown,application,Microsoft-Windows-Security-SPP,1066,0.0003975704546735903,Normal,NORMAL
12/17/2016 1:08:48 AM,unknown,unknown,application,Microsoft-Windows-Security-SPP,900,0.05105285752733196,Normal,NORMAL
12/17/2016 12:39:18 AM,unknown,unknown,application,Microsoft-Windows-Security-SPP,903,0.05011526354847001,Normal,NORMAL
12/17/2016 12:39:18 AM,unknown,unknown,application,Microsoft-Windows-Security-SPP,16384,-0.07597045119617674,Anomalie,HIGH
12/17/2016 12:38:48 AM,unknown,unknown,application,Microsoft-Windows-Security-SPP,902,0.05572233694449469,Normal,NORMAL
12/17/2016 12:38:48 AM,unknown,unknown,application,Microsoft-Windows-Security-SPP,1037,0.05057524486143683,Normal,NORMAL
12/17/2016 12:38:48 AM,unknown,unknown,application,Microsoft-Windows-Security-SPP,1003,0.025812834223292336,Normal,NORMAL
12/17/2016 12:38:48 AM,unknown,unknown,application,Microsoft-Windows-Security-SPP,1066,-0.002581998713796274,Anomalie,HIGH
12/17/2016 12:38:48 AM,unknown,unknown,application,Microsoft-Windows-Security-SPP,900,0.05319338238916815,Normal,NORMAL
12/17/2016 12:09:18 AM,unknown,unknown,application,Microsoft-Windows-Security-SPP,903,0.036505218249137494,Normal,NORMAL
12/17/2016 12:09:18 AM,unknown,unknown,application,Microsoft-Windows-Security-SPP,16384,-0.08139245131744721,Anomalie,HIGH
12/17/2016 12:08:48 AM,unknown,unknown,application,Microsoft-Windows-Security-SPP,902,0.0387534561061455,Normal,NORMAL
12/17/2016 12:08:48 AM,unknown,unknown,application,Microsoft-Windows-Security-SPP,1037,0.03182660783908192,Normal,NORMAL
12/17/2016 12:08:48 AM,unknown,unknown,application,Microsoft-Windows-Security-SPP,1003,0.007343966954612036,Normal,NORMAL
12/17/2016 12:08:48 AM,unknown,unknown,application,Microsoft-Windows-Security-SPP,1066,-0.01538084168783116,Anomalie,HIGH
12/17/2016 12:08:48 AM,unknown,unknown,application,Microsoft-Windows-Security-SPP,900,0.03559958787330503,Normal,NORMAL
12/16/2016 11:39:18 PM,unknown,unknown,application,Microsoft-Windows-Security-SPP,903,0.07250194885666805,Normal,NORMAL
12/16/2016 11:39:18 PM,unknown,unknown,application,Microsoft-Windows-Security-SPP,16384,-0.05769810242727991,Anomalie,HIGH
12/16/2016 11:38:48 PM,unknown,unknown,application,Microsoft-Windows-Security-SPP,902,0.07282554474509262,Normal,NORMAL
12/16/2016 11:38:48 PM,unknown,unknown,application,Microsoft-Windows-Security-SPP,1037,0.06571623453457703,Normal,NORMAL
12/16/2016 11:38:48 PM,unknown,unknown,application,Microsoft-Windows-Security-SPP,1003,0.04858971077256591,Normal,NORMAL
12/16/2016 11:38:48 PM,unknown,unknown,application,Microsoft-Windows-Security-SPP,1066,0.02122006134509674,Normal,NORMAL
12/16/2016 11:38:48 PM,unknown,unknown,application,Microsoft-Windows-Security-SPP,900,0.071131975246979,Normal,NORMAL
12/16/2016 11:09:18 PM,unknown,unknown,application,Microsoft-Windows-Security-SPP,903,0.06336459851200454,Normal,NORMAL
12/16/2016 11:09:18 PM,unknown,unknown,application,Microsoft-Windows-Security-SPP,16384,-0.06496079560899848,Anomalie,HIGH
12/16/2016 11:08:48 PM,unknown,unknown,application,Microsoft-Windows-Security-SPP,902,0.06396882441841567,Normal,NORMAL
12/16/2016 11:08:48 PM,unknown,unknown,application,Microsoft-Windows-Security-SPP,1037,0.05897343380466441,Normal,NORMAL
12/16/2016 11:08:48 PM,unknown,unknown,application,Microsoft-Windows-Security-SPP,1003,0.03850457217299075,Normal,NORMAL
12/16/2016 11:08:48 PM,unknown,unknown,application,Microsoft-Windows-Security-SPP,1066,0.017247684887679915,Normal,NORMAL
12/16/2016 11:08:48 PM,unknown,unknown,application,Microsoft-Windows-Security-SPP,900,0.06256233174083303,Normal,NORMAL
12/16/2016 10:39:18 PM,unknown,unknown,application,Microsoft-Windows-Security-SPP,903,0.07508150771139444,Normal,NORMAL
12/16/2016 10:39:18 PM,unknown,unknown,application,Microsoft-Windows-Security-SPP,16384,-0.0569311221289035,Anomalie,HIGH
12/16/2016 10:38:48 PM,unknown,unknown,application,Microsoft-Windows-Security-SPP,902,0.07540319338651624,Normal,NORMAL
12/16/2016 10:38:48 PM,unknown,unknown,application,Microsoft-Windows-Security-SPP,1037,0.06803727220250144,Normal,NORMAL
12/16/2016 10:38:48 PM,unknown,unknown,application,Microsoft-Windows-Security-SPP,1003,0.05254873312194741,Normal,NORMAL
12/16/2016 10:38:48 PM,unknown,unknown,application,Microsoft-Windows-Security-SPP,1066,0.02569303538995693,Normal,NORMAL
12/16/2016 10:38:48 PM,unknown,unknown,application,Microsoft-Windows-Security-SPP,900,0.07371962116927044,Normal,NORMAL
12/16/2016 10:09:18 PM,unknown,unknown,application,Microsoft-Windows-Security-SPP,903,0.06471254070599508,Normal,NORMAL
12/16/2016 10:09:18 PM,unknown,unknown,application,Microsoft-Windows-Security-SPP,16384,-0.06387643565785683,Anomalie,HIGH
12/16/2016 10:08:48 PM,unknown,unknown,application,Microsoft-Windows-Security-SPP,902,0.06647093650835756,Normal,NORMAL
12/16/2016 10:08:48 PM,unknown,unknown,application,Microsoft-Windows-Security-SPP,1037,0.060942013370848314,Normal,NORMAL
12/16/2016 10:08:48 PM,unknown,unknown,application,Microsoft-Windows-Security-SPP,1003,0.04151343135973623,Normal,NORMAL
12/16/2016 10:08:47 PM,unknown,unknown,application,Microsoft-Windows-Security-SPP,1066,0.021472062977906825,Normal,NORMAL
12/16/2016 10:08:47 PM,unknown,unknown,application,Microsoft-Windows-Security-SPP,900,0.06507234295274578,Normal,NORMAL
12/16/2016 9:39:18 PM,unknown,unknown,application,Microsoft-Windows-Security-SPP,903,0.09365734902895251,Normal,NORMAL
12/16/2016 9:39:18 PM,unknown,unknown,application,Microsoft-Windows-Security-SPP,16384,-0.03938574314717147,Anomalie,HIGH
12/16/2016 9:38:47 PM,unknown,unknown,application,Microsoft-Windows-Security-SPP,902,0.09379120284346476,Normal,NORMAL
12/16/2016 9:38:47 PM,unknown,unknown,application,Microsoft-Windows-Security-SPP,1037,0.08666366302235967,Normal,NORMAL
12/16/2016 9:38:47 PM,unknown,unknown,application,Microsoft-Windows-Security-SPP,1003,0.06905597281816278,Normal,NORMAL
12/16/2016 9:38:47 PM,unknown,unknown,application,Microsoft-Windows-Security-SPP,1066,0.0425510902319593,Normal,NORMAL
12/16/2016 9:38:47 PM,unknown,unknown,application,Microsoft-Windows-Security-SPP,900,0.091911103814527,Normal,NORMAL
12/16/2016 9:31:35 PM,unknown,unknown,application,Microsoft-Windows-RestartManager,10001,-0.03967746432046326,Anomalie,HIGH
12/16/2016 9:31:35 PM,unknown,unknown,application,Microsoft-Windows-RestartManager,10000,-0.039795269514215525,Anomalie,HIGH
12/16/2016 9:31:35 PM,unknown,unknown,application,MsiInstaller,1042,0.07123973489489016,Normal,NORMAL
12/16/2016 9:31:35 PM,unknown,unknown,application,MsiInstaller,1035,0.002029990154597816,Normal,NORMAL
12/16/2016 9:31:35 PM,unknown,unknown,application,MsiInstaller,11728,-0.02961381936985452,Anomalie,HIGH
12/16/2016 9:31:35 PM,unknown,unknown,application,MsiInstaller,1040,0.07123973489489016,Normal,NORMAL
12/16/2016 9:31:35 PM,unknown,unknown,application,MsiInstaller,1035,-0.0005086394959104013,Anomalie,HIGH
12/16/2016 9:31:35 PM,unknown,unknown,application,MsiInstaller,11729,-0.03046326433604174,Anomalie,HIGH
12/16/2016 9:31:34 PM,unknown,unknown,application,MsiInstaller,1040,0.07123973489489016,Normal,NORMAL
12/16/2016 9:09:17 PM,unknown,unknown,application,Microsoft-Windows-Security-SPP,903,0.07920918855356318,Normal,NORMAL
12/16/2016 9:09:17 PM,unknown,unknown,application,Microsoft-Windows-Security-SPP,16384,-0.053385229148834035,Anomalie,HIGH
12/16/2016 9:08:47 PM,unknown,unknown,application,Microsoft-Windows-Security-SPP,902,0.08056329031841858,Normal,NORMAL
12/16/2016 9:08:47 PM,unknown,unknown,application,Microsoft-Windows-Security-SPP,1037,0.07587908843246477,Normal,NORMAL
12/16/2016 9:08:47 PM,unknown,unknown,application,Microsoft-Windows-Security-SPP,1003,0.05438163167626753,Normal,NORMAL
12/16/2016 9:08:47 PM,unknown,unknown,application,Microsoft-Windows-Security-SPP,1066,0.032564644884704674,Normal,NORMAL
12/16/2016 9:08:47 PM,unknown,unknown,application,Microsoft-Windows-Security-SPP,900,0.0786416123127125,Normal,NORMAL
12/16/2016 8:40:39 PM,unknown,unknown,application,ESENT,326,-0.019744458148486133,Anomalie,HIGH
12/16/2016 8:40:39 PM,unknown,unknown,application,ESENT,327,-0.017883124130834593,Anomalie,HIGH
12/16/2016 8:40:39 PM,unknown,unknown,application,ESENT,326,-0.01895464543525338,Anomalie,HIGH
12/16/2016 8:40:39 PM,unknown,unknown,application,ESENT,327,-0.019028800950423252,Anomalie,HIGH
12/16/2016 8:40:39 PM,unknown,unknown,application,ESENT,327,-0.017883124130834593,Anomalie,HIGH
12/16/2016 8:40:39 PM,unknown,unknown,application,ESENT,326,-0.01895464543525338,Anomalie,HIGH
12/16/2016 8:39:17 PM,unknown,unknown,application,Microsoft-Windows-Security-SPP,903,0.10145312793713218,Normal,NORMAL
12/16/2016 8:39:17 PM,unknown,unknown,application,Microsoft-Windows-Security-SPP,16384,-0.03543007484381433,Anomalie,HIGH
12/16/2016 8:38:47 PM,unknown,unknown,application,Microsoft-Windows-Security-SPP,902,0.10130839767794836,Normal,NORMAL
12/16/2016 8:38:47 PM,unknown,unknown,application,Microsoft-Windows-Security-SPP,1037,0.09530170483532374,Normal,NORMAL
12/16/2016 8:38:47 PM,unknown,unknown,application,Microsoft-Windows-Security-SPP,1003,0.0778180683635929,Normal,NORMAL
12/16/2016 8:38:47 PM,unknown,unknown,application,Microsoft-Windows-Security-SPP,1066,0.052162667475947944,Normal,NORMAL
12/16/2016 8:38:47 PM,unknown,unknown,application,Microsoft-Windows-Security-SPP,900,0.09946229723916494,Normal,NORMAL
12/16/2016 8:09:17 PM,unknown,unknown,application,Microsoft-Windows-Security-SPP,903,0.08801945003335437,Normal,NORMAL
12/16/2016 8:09:17 PM,unknown,unknown,application,Microsoft-Windows-Security-SPP,16384,-0.04835518962569385,Anomalie,HIGH
12/16/2016 8:08:47 PM,unknown,unknown,application,Microsoft-Windows-Security-SPP,902,0.08918890034631138,Normal,NORMAL
12/16/2016 8:08:47 PM,unknown,unknown,application,Microsoft-Windows-Security-SPP,1037,0.08426865052564214,Normal,NORMAL
12/16/2016 8:08:47 PM,unknown,unknown,application,Microsoft-Windows-Security-SPP,1003,0.06336009790908942,Normal,NORMAL
12/16/2016 8:08:47 PM,unknown,unknown,application,Microsoft-Windows-Security-SPP,1066,0.043565306709256124,Normal,NORMAL
12/16/2016 8:08:47 PM,unknown,unknown,application,Microsoft-Windows-Security-SPP,900,0.08702012845807933,Normal,NORMAL
12/16/2016 7:52:43 PM,unknown,unknown,application,Desktop Window Manager,9009,-0.07467060878703846,Anomalie,HIGH
12/16/2016 7:39:17 PM,unknown,unknown,application,Microsoft-Windows-Security-SPP,903,0.10450219717634812,Normal,NORMAL
12/16/2016 7:39:17 PM,unknown,unknown,application,Microsoft-Windows-Security-SPP,16384,-0.03530373849861013,Anomalie,HIGH
12/16/2016 7:38:47 PM,unknown,unknown,application,Microsoft-Windows-Security-SPP,902,0.10573780129439198,Normal,NORMAL
12/16/2016 7:38:47 PM,unknown,unknown,application,Microsoft-Windows-Security-SPP,1037,0.0995190059544841,Normal,NORMAL
12/16/2016 7:38:47 PM,unknown,unknown,application,Microsoft-Windows-Security-SPP,1003,0.08171364617316662,Normal,NORMAL
12/16/2016 7:38:47 PM,unknown,unknown,application,Microsoft-Windows-Security-SPP,1066,0.05280825534455663,Normal,NORMAL
12/16/2016 7:38:47 PM,unknown,unknown,application,Microsoft-Windows-Security-SPP,900,0.10391173405702214,Normal,NORMAL
12/16/2016 7:27:25 PM,unknown,unknown,application,Desktop Window Manager,9009,-0.0845082466306214,Anomalie,HIGH
12/16/2016 7:09:17 PM,unknown,unknown,application,Microsoft-Windows-Security-SPP,903,0.09042160135816346,Normal,NORMAL
12/16/2016 7:09:17 PM,unknown,unknown,application,Microsoft-Windows-Security-SPP,16384,-0.04789967156102859,Anomalie,HIGH
12/16/2016 7:08:47 PM,unknown,unknown,application,Microsoft-Windows-Security-SPP,902,0.09158438639716748,Normal,NORMAL
12/16/2016 7:08:47 PM,unknown,unknown,application,Microsoft-Windows-Security-SPP,1037,0.08669217950624808,Normal,NORMAL
12/16/2016 7:08:47 PM,unknown,unknown,application,Microsoft-Windows-Security-SPP,1003,0.06568434585863686,Normal,NORMAL
12/16/2016 7:08:47 PM,unknown,unknown,application,Microsoft-Windows-Security-SPP,1066,0.043565306709256124,Normal,NORMAL
12/16/2016 7:08:47 PM,unknown,unknown,application,Microsoft-Windows-Security-SPP,900,0.08942797540928021,Normal,NORMAL
12/16/2016 6:39:17 PM,unknown,unknown,application,Microsoft-Windows-Security-SPP,903,0.10393663826678479,Normal,NORMAL
12/16/2016 6:39:17 PM,unknown,unknown,application,Microsoft-Windows-Security-SPP,16384,-0.03247427858973195,Anomalie,HIGH
12/16/2016 6:38:47 PM,unknown,unknown,application,Microsoft-Windows-Security-SPP,902,0.10544742803667351,Normal,NORMAL
12/16/2016 6:38:47 PM,unknown,unknown,application,Microsoft-Windows-Security-SPP,1037,0.0987098587511328,Normal,NORMAL
12/16/2016 6:38:46 PM,unknown,unknown,application,Microsoft-Windows-Security-SPP,1003,0.08068941095153603,Normal,NORMAL
12/16/2016 6:38:46 PM,unknown,unknown,application,Microsoft-Windows-Security-SPP,1066,0.05236562432798508,Normal,NORMAL
12/16/2016 6:38:46 PM,unknown,unknown,application,Microsoft-Windows-Security-SPP,900,0.10362004750603432,Normal,NORMAL
12/16/2016 6:02:44 PM,unknown,unknown,application,Microsoft-Windows-Security-SPP,903,0.06821810825475855,Normal,NORMAL
12/16/2016 6:02:44 PM,unknown,unknown,application,Microsoft-Windows-Security-SPP,16384,-0.056460247391227125,Anomalie,HIGH
12/16/2016 6:01:58 PM,unknown,unknown,application,Desktop Window Manager,9009,-0.1057537636796001,Anomalie,HIGH
12/16/2016 6:01:50 PM,unknown,unknown,application,Windows PowerShell (logit.ps),10,0.050048869388638784,Normal,NORMAL
12/16/2016 6:01:50 PM,unknown,unknown,application,Windows PowerShell (logit.ps),10,-0.02315692793014157,Anomalie,HIGH
12/16/2016 6:01:49 PM,unknown,unknown,application,Windows PowerShell (logit.ps),10,0.04201076761537087,Normal,NORMAL
12/16/2016 6:01:49 PM,unknown,unknown,application,Windows PowerShell (logit.ps),10,-0.003017160306247657,Anomalie,HIGH
12/16/2016 6:01:49 PM,unknown,unknown,application,Windows PowerShell (logit.ps),10,0.050048869388638784,Normal,NORMAL
12/16/2016 6:01:23 PM,unknown,unknown,application,Windows PowerShell (logit.ps),10,0.050048869388638784,Normal,NORMAL
12/16/2016 6:01:23 PM,unknown,unknown,application,Windows PowerShell (logit.ps),10,-0.02315692793014157,Anomalie,HIGH
12/16/2016 6:01:23 PM,unknown,unknown,application,Windows PowerShell (logit.ps),10,0.04201076761537087,Normal,NORMAL
12/16/2016 6:01:23 PM,unknown,unknown,application,Windows PowerShell (logit.ps),10,-0.003017160306247657,Anomalie,HIGH
12/16/2016 6:01:23 PM,unknown,unknown,application,Windows PowerShell (logit.ps),10,0.050048869388638784,Normal,NORMAL
12/16/2016 6:00:56 PM,unknown,unknown,application,Windows PowerShell (logit.ps),10,0.04003709515508708,Normal,NORMAL
12/16/2016 6:00:56 PM,unknown,unknown,application,Windows PowerShell (logit.ps),10,-0.03368190491554346,Anomalie,HIGH
12/16/2016 6:00:56 PM,unknown,unknown,application,Windows PowerShell (logit.ps),10,0.03249872571477258,Normal,NORMAL
12/16/2016 6:00:56 PM,unknown,unknown,application,Windows PowerShell (logit.ps),10,-0.013571292533893997,Anomalie,HIGH
12/16/2016 6:00:56 PM,unknown,unknown,application,Windows PowerShell (logit.ps),10,0.04003709515508708,Normal,NORMAL
12/16/2016 6:00:28 PM,unknown,unknown,application,Windows PowerShell (logit.ps),10,0.04003709515508708,Normal,NORMAL
12/16/2016 6:00:28 PM,unknown,unknown,application,Windows PowerShell (logit.ps),10,-0.03368190491554346,Anomalie,HIGH
12/16/2016 6:00:28 PM,unknown,unknown,application,Windows PowerShell (logit.ps),10,0.03249872571477258,Normal,NORMAL
12/16/2016 6:00:28 PM,unknown,unknown,application,Windows PowerShell (logit.ps),10,-0.013571292533893997,Anomalie,HIGH
12/16/2016 6:00:28 PM,unknown,unknown,application,Windows PowerShell (logit.ps),10,0.04003709515508708,Normal,NORMAL
12/16/2016 6:00:00 PM,unknown,unknown,application,Windows PowerShell (logit.ps),10,0.04003709515508708,Normal,NORMAL
12/16/2016 6:00:00 PM,unknown,unknown,application,Windows PowerShell (logit.ps),10,-0.03368190491554346,Anomalie,HIGH
12/16/2016 6:00:00 PM,unknown,unknown,application,Windows PowerShell (logit.ps),10,0.03249872571477258,Normal,NORMAL
12/16/2016 6:00:00 PM,unknown,unknown,application,Windows PowerShell (logit.ps),10,-0.013571292533893997,Anomalie,HIGH
12/16/2016 6:00:00 PM,unknown,unknown,application,Windows PowerShell (logit.ps),10,0.04003709515508708,Normal,NORMAL
12/16/2016 5:59:31 PM,unknown,unknown,application,Windows PowerShell (logit.ps),10,0.04827821604068877,Normal,NORMAL
12/16/2016 5:59:31 PM,unknown,unknown,application,Windows PowerShell (logit.ps),10,-0.02093578898799675,Anomalie,HIGH
12/16/2016 5:59:31 PM,unknown,unknown,application,Windows PowerShell (logit.ps),10,0.04121548462176344,Normal,NORMAL
12/16/2016 5:59:31 PM,unknown,unknown,application,Windows PowerShell (logit.ps),10,0.005379449886047438,Normal,NORMAL
12/16/2016 5:59:31 PM,unknown,unknown,application,Windows PowerShell (logit.ps),10,0.04827821604068877,Normal,NORMAL
12/16/2016 5:59:04 PM,unknown,unknown,application,Windows PowerShell (logit.ps),10,0.04827821604068877,Normal,NORMAL
12/16/2016 5:59:04 PM,unknown,unknown,application,Windows PowerShell (logit.ps),10,-0.02093578898799675,Anomalie,HIGH
12/16/2016 5:59:04 PM,unknown,unknown,application,Windows PowerShell (logit.ps),10,0.04121548462176344,Normal,NORMAL
12/16/2016 5:59:04 PM,unknown,unknown,application,Windows PowerShell (logit.ps),10,0.005379449886047438,Normal,NORMAL
12/16/2016 5:59:04 PM,unknown,unknown,application,Windows PowerShell (logit.ps),10,0.04827821604068877,Normal,NORMAL
12/16/2016 5:58:34 PM,unknown,unknown,application,Windows PowerShell (logit.ps),10,0.05443419267284788,Normal,NORMAL
12/16/2016 5:58:34 PM,unknown,unknown,application,Windows PowerShell (logit.ps),10,-0.015629411011694683,Anomalie,HIGH
12/16/2016 5:58:34 PM,unknown,unknown,application,Windows PowerShell (logit.ps),10,0.04652698677287781,Normal,NORMAL
12/16/2016 5:58:34 PM,unknown,unknown,application,Windows PowerShell (logit.ps),10,0.010422568799127563,Normal,NORMAL
12/16/2016 5:58:34 PM,unknown,unknown,application,Windows PowerShell (logit.ps),10,0.05443419267284788,Normal,NORMAL
12/16/2016 5:58:04 PM,unknown,unknown,application,Windows PowerShell (logit.ps),10,0.05443419267284788,Normal,NORMAL
12/16/2016 5:58:04 PM,unknown,unknown,application,Windows PowerShell (logit.ps),10,-0.015629411011694683,Anomalie,HIGH
12/16/2016 5:58:04 PM,unknown,unknown,application,Windows PowerShell (logit.ps),10,0.04652698677287781,Normal,NORMAL
12/16/2016 5:58:04 PM,unknown,unknown,application,Windows PowerShell (logit.ps),10,0.010422568799127563,Normal,NORMAL
12/16/2016 5:58:04 PM,unknown,unknown,application,Windows PowerShell (logit.ps),10,0.05443419267284788,Normal,NORMAL
12/16/2016 5:57:37 PM,unknown,unknown,application,Microsoft-Windows-Security-SPP,902,0.035945181744155896,Normal,NORMAL
12/16/2016 5:57:37 PM,unknown,unknown,application,Microsoft-Windows-Security-SPP,1037,0.02993804760450497,Normal,NORMAL
12/16/2016 5:57:37 PM,unknown,unknown,application,Microsoft-Windows-Security-SPP,1003,0.009757527907049701,Normal,NORMAL
12/16/2016 5:57:37 PM,unknown,unknown,application,Microsoft-Windows-Security-SPP,1066,-0.015549937569487193,Anomalie,HIGH
