12/15/2016 8:23:17 PM,unknown,unknown,application,Microsoft-Windows-Security-SPP,900,0.07779310892917429,Normal,NORMAL
12/15/2016 8:22:49 PM,unknown,unknown,application,Windows PowerShell (logit.ps),10,0.10298466526419375,Normal,NORMAL
12/15/2016 8:22:49 PM,unknown,unknown,application,Windows PowerShell (logit.ps),10,0.0458145147946909,Normal,NORMAL
12/15/2016 8:22:49 PM,unknown,unknown,application,Windows PowerShell (logit.ps),10,0.09815195391653342,Normal,NORMAL
12/15/2016 8:22:49 PM,unknown,unknown,application,Windows PowerShell (logit.ps),10,0.05079376716529538,Normal,NORMAL
12/15/2016 8:22:49 PM,unknown,unknown,application,Windows PowerShell (logit.ps),10,0.10298466526419375,Normal,NORMAL
12/15/2016 8:22:21 PM,unknown,unknown,application,Windows PowerShell (logit.ps),10,0.10298466526419375,Normal,NORMAL
12/15/2016 8:22:21 PM,unknown,unknown,application,Windows PowerShell (logit.ps),10,0.038693233670708926,Normal,NORMAL
12/15/2016 8:22:21 PM,unknown,unknown,application,Windows PowerShell (logit.ps),10,0.09815195391653342,Normal,NORMAL
12/15/2016 8:22:21 PM,unknown,unknown,application,Windows PowerShell (logit.ps),10,0.05079376716529538,Normal,NORMAL
12/15/2016 8:22:21 PM,unknown,unknown,application,Windows PowerShell (logit.ps),10,0.10298466526419375,Normal,NORMAL
12/15/2016 8:21:53 PM,unknown,unknown,application,Windows PowerShell (logit.ps),10,0.10260510612155072,Normal,NORMAL
12/15/2016 8:21:53 PM,unknown,unknown,application,Desktop Window Manager,9009,-0.07933258263088461,Anomalie,HIGH
12/15/2016 8:21:53 PM,unknown,unknown,application,Desktop Window Manager,9020,-0.22255879773577647,Anomalie,HIGH
12/15/2016 8:21:53 PM,unknown,unknown,application,Windows PowerShell (logit.ps),10,0.04087366458689845,Normal,NORMAL
12/15/2016 8:21:52 PM,unknown,unknown,application,Windows PowerShell (logit.ps),10,0.09776788237712769,Normal,NORMAL
12/15/2016 8:21:52 PM,unknown,unknown,application,Windows PowerShell (logit.ps),10,0.05132503150362577,Normal,NORMAL
12/15/2016 8:21:52 PM,unknown,unknown,application,Windows PowerShell (logit.ps),10,0.10260510612155072,Normal,NORMAL
12/15/2016 8:21:19 PM,unknown,unknown,application,Windows PowerShell (logit.ps),10,0.10260510612155072,Normal,NORMAL
12/15/2016 8:21:19 PM,unknown,unknown,application,Windows PowerShell (logit.ps),10,0.04087366458689845,Normal,NORMAL
12/15/2016 8:21:19 PM,unknown,unknown,application,Windows PowerShell (logit.ps),10,0.09776788237712769,Normal,NORMAL
12/15/2016 8:21:19 PM,unknown,unknown,application,Windows PowerShell (logit.ps),10,0.05132503150362577,Normal,NORMAL
12/15/2016 8:21:19 PM,unknown,unknown,application,Windows PowerShell (logit.ps),10,0.10260510612155072,Normal,NORMAL
12/15/2016 8:20:49 PM,unknown,unknown,application,Windows PowerShell (logit.ps),10,0.10620259470762666,Normal,NORMAL
12/15/2016 8:20:49 PM,unknown,unknown,application,Windows PowerShell (logit.ps),10,0.045016958147160724,Normal,NORMAL
12/15/2016 8:20:49 PM,unknown,unknown,application,Windows PowerShell (logit.ps),10,0.10140813978109153,Normal,NORMAL
12/15/2016 8:20:49 PM,unknown,unknown,application,Windows PowerShell (logit.ps),10,0.055746732405106636,Normal,NORMAL
12/15/2016 8:20:49 PM,unknown,unknown,application,Windows PowerShell (logit.ps),10,0.10620259470762666,Normal,NORMAL
12/15/2016 8:20:12 PM,unknown,unknown,application,Windows PowerShell (logit.ps),10,0.10620259470762666,Normal,NORMAL
12/15/2016 8:20:12 PM,unknown,unknown,application,Windows PowerShell (logit.ps),10,0.045016958147160724,Normal,NORMAL
12/15/2016 8:20:12 PM,unknown,unknown,application,Windows PowerShell (logit.ps),10,0.10140813978109153,Normal,NORMAL
12/15/2016 8:20:12 PM,unknown,unknown,application,Windows PowerShell (logit.ps),10,0.05549389010234823,Normal,NORMAL
12/15/2016 8:20:12 PM,unknown,unknown,application,Windows PowerShell (logit.ps),10,0.10620259470762666,Normal,NORMAL
12/15/2016 8:19:44 PM,unknown,unknown,application,Windows PowerShell (logit.ps),10,0.10119980638175957,Normal,NORMAL
12/15/2016 8:19:44 PM,unknown,unknown,application,Windows PowerShell (logit.ps),10,0.03371613939457491,Normal,NORMAL
12/15/2016 8:19:44 PM,unknown,unknown,application,Windows PowerShell (logit.ps),10,0.09597477302239421,Normal,NORMAL
12/15/2016 8:19:44 PM,unknown,unknown,application,Windows PowerShell (logit.ps),10,0.048008280083338406,Normal,NORMAL
12/15/2016 8:19:44 PM,unknown,unknown,application,Windows PowerShell (logit.ps),10,0.10119980638175957,Normal,NORMAL
12/15/2016 8:19:15 PM,unknown,unknown,application,Windows PowerShell (logit.ps),10,0.10119980638175957,Normal,NORMAL
12/15/2016 8:19:15 PM,unknown,unknown,application,Windows PowerShell (logit.ps),10,0.03155099035336195,Normal,NORMAL
12/15/2016 8:19:15 PM,unknown,unknown,application,Windows PowerShell (logit.ps),10,0.09597477302239421,Normal,NORMAL
12/15/2016 8:19:15 PM,unknown,unknown,application,Windows PowerShell (logit.ps),10,0.048008280083338406,Normal,NORMAL
12/15/2016 8:19:15 PM,unknown,unknown,application,Windows PowerShell (logit.ps),10,0.10119980638175957,Normal,NORMAL
12/15/2016 8:18:43 PM,unknown,unknown,application,Windows PowerShell (logit.ps),10,0.1017174699170183,Normal,NORMAL
12/15/2016 8:18:43 PM,unknown,unknown,application,Windows PowerShell (logit.ps),10,0.04382107310607514,Normal,NORMAL
12/15/2016 8:18:43 PM,unknown,unknown,application,Windows PowerShell (logit.ps),10,0.09649906132900704,Normal,NORMAL
12/15/2016 8:18:43 PM,unknown,unknown,application,Windows PowerShell (logit.ps),10,0.04982164098798231,Normal,NORMAL
12/15/2016 8:18:42 PM,unknown,unknown,application,Windows PowerShell (logit.ps),10,0.1017174699170183,Normal,NORMAL
12/15/2016 8:18:14 PM,unknown,unknown,application,Windows PowerShell (logit.ps),10,0.1017174699170183,Normal,NORMAL
12/15/2016 8:18:14 PM,unknown,unknown,application,Windows PowerShell (logit.ps),10,0.04382107310607514,Normal,NORMAL
12/15/2016 8:18:14 PM,unknown,unknown,application,Windows PowerShell (logit.ps),10,0.09649906132900704,Normal,NORMAL
12/15/2016 8:18:14 PM,unknown,unknown,application,Windows PowerShell (logit.ps),10,0.04982164098798231,Normal,NORMAL
12/15/2016 8:18:14 PM,unknown,unknown,application,Windows PowerShell (logit.ps),10,0.1017174699170183,Normal,NORMAL
12/15/2016 8:17:46 PM,unknown,unknown,application,Windows PowerShell (logit.ps),10,0.10270900401874206,Normal,NORMAL
12/15/2016 8:17:46 PM,unknown,unknown,application,Windows PowerShell (logit.ps),10,0.04445077333744718,Normal,NORMAL
12/15/2016 8:17:46 PM,unknown,unknown,application,Windows PowerShell (logit.ps),10,0.09732366173277968,Normal,NORMAL
12/15/2016 8:17:46 PM,unknown,unknown,application,Windows PowerShell (logit.ps),10,0.05013253908631998,Normal,NORMAL
12/15/2016 8:17:46 PM,unknown,unknown,application,Windows PowerShell (logit.ps),10,0.10270900401874206,Normal,NORMAL
12/15/2016 8:17:17 PM,unknown,unknown,application,Windows PowerShell (logit.ps),10,0.10270900401874206,Normal,NORMAL
12/15/2016 8:17:17 PM,unknown,unknown,application,Windows PowerShell (logit.ps),10,0.04445077333744718,Normal,NORMAL
12/15/2016 8:17:17 PM,unknown,unknown,application,Windows PowerShell (logit.ps),10,0.09732366173277968,Normal,NORMAL
12/15/2016 8:17:17 PM,unknown,unknown,application,Windows PowerShell (logit.ps),10,0.05013253908631998,Normal,NORMAL
12/15/2016 8:17:17 PM,unknown,unknown,application,Windows PowerShell (logit.ps),10,0.10270900401874206,Normal,NORMAL
12/15/2016 8:16:48 PM,unknown,unknown,application,Windows PowerShell (logit.ps),10,0.10301136386877568,Normal,NORMAL
12/15/2016 8:16:48 PM,unknown,unknown,application,Windows PowerShell (logit.ps),10,0.04511073371704272,Normal,NORMAL
12/15/2016 8:16:48 PM,unknown,unknown,application,Windows PowerShell (logit.ps),10,0.09768781176477331,Normal,NORMAL
12/15/2016 8:16:48 PM,unknown,unknown,application,Windows PowerShell (logit.ps),10,0.04953398299698908,Normal,NORMAL
12/15/2016 8:16:48 PM,unknown,unknown,application,Windows PowerShell (logit.ps),10,0.10301136386877568,Normal,NORMAL
12/15/2016 8:16:21 PM,unknown,unknown,application,Windows PowerShell (logit.ps),10,0.10301136386877568,Normal,NORMAL
12/15/2016 8:16:21 PM,unknown,unknown,application,Windows PowerShell (logit.ps),10,0.04511073371704272,Normal,NORMAL
12/15/2016 8:16:20 PM,unknown,unknown,application,Windows PowerShell (logit.ps),10,0.09768781176477331,Normal,NORMAL
12/15/2016 8:16:20 PM,unknown,unknown,application,Windows PowerShell (logit.ps),10,0.05020269519332499,Normal,NORMAL
12/15/2016 8:16:20 PM,unknown,unknown,application,Windows PowerShell (logit.ps),10,0.10301136386877568,Normal,NORMAL
12/15/2016 8:15:53 PM,unknown,unknown,application,Windows PowerShell (logit.ps),10,0.10189444024420025,Normal,NORMAL
12/15/2016 8:15:53 PM,unknown,unknown,application,Windows PowerShell (logit.ps),10,0.036480223461297145,Normal,NORMAL
12/15/2016 8:15:53 PM,unknown,unknown,application,Windows PowerShell (logit.ps),10,0.09655625995409245,Normal,NORMAL
12/15/2016 8:15:53 PM,unknown,unknown,application,Windows PowerShell (logit.ps),10,0.050513335562799744,Normal,NORMAL
12/15/2016 8:15:53 PM,unknown,unknown,application,Windows PowerShell (logit.ps),10,0.10189444024420025,Normal,NORMAL
12/15/2016 8:15:33 PM,unknown,unknown,application,Desktop Window Manager,9009,-0.09166605946173445,Anomalie,HIGH
12/15/2016 8:15:33 PM,unknown,unknown,application,Desktop Window Manager,9020,-0.22873963878203285,Anomalie,HIGH
12/15/2016 8:15:22 PM,unknown,unknown,application,Windows PowerShell (logit.ps),10,0.10189444024420025,Normal,NORMAL
12/15/2016 8:15:22 PM,unknown,unknown,application,Windows PowerShell (logit.ps),10,0.04542481807276083,Normal,NORMAL
12/15/2016 8:15:22 PM,unknown,unknown,application,Windows PowerShell (logit.ps),10,0.09655625995409245,Normal,NORMAL
12/15/2016 8:15:22 PM,unknown,unknown,application,Windows PowerShell (logit.ps),10,0.049863160858988675,Normal,NORMAL
12/15/2016 8:15:22 PM,unknown,unknown,application,Windows PowerShell (logit.ps),10,0.10189444024420025,Normal,NORMAL
12/15/2016 8:14:52 PM,unknown,unknown,application,Windows PowerShell (logit.ps),10,0.0995422950905484,Normal,NORMAL
12/15/2016 8:14:52 PM,unknown,unknown,application,Windows PowerShell (logit.ps),10,0.040880088660366076,Normal,NORMAL
12/15/2016 8:14:51 PM,unknown,unknown,application,Windows PowerShell (logit.ps),10,0.0941733090977967,Normal,NORMAL
12/15/2016 8:14:51 PM,unknown,unknown,application,Windows PowerShell (logit.ps),10,0.045193005203578884,Normal,NORMAL
12/15/2016 8:14:50 PM,unknown,unknown,application,Windows PowerShell (logit.ps),10,0.0995422950905484,Normal,NORMAL
12/15/2016 8:14:18 PM,unknown,unknown,application,Windows PowerShell (logit.ps),10,0.0995422950905484,Normal,NORMAL
12/15/2016 8:14:18 PM,unknown,unknown,application,Windows PowerShell (logit.ps),10,0.040880088660366076,Normal,NORMAL
12/15/2016 8:14:18 PM,unknown,unknown,application,Windows PowerShell (logit.ps),10,0.0941733090977967,Normal,NORMAL
12/15/2016 8:14:18 PM,unknown,unknown,application,Windows PowerShell (logit.ps),10,0.04622042172057572,Normal,NORMAL
12/15/2016 8:14:18 PM,unknown,unknown,application,Windows PowerShell (logit.ps),10,0.0995422950905484,Normal,NORMAL
12/15/2016 8:13:48 PM,unknown,unknown,application,Windows PowerShell (logit.ps),10,0.09898719365971015,Normal,NORMAL
12/15/2016 8:13:48 PM,unknown,unknown,application,Windows PowerShell (logit.ps),10,0.03520223395285482,Normal,NORMAL
12/15/2016 8:13:48 PM,unknown,unknown,application,Windows PowerShell (logit.ps),10,0.09361093758433237,Normal,NORMAL
12/15/2016 8:13:48 PM,unknown,unknown,application,Windows PowerShell (logit.ps),10,0.04552802013685797,Normal,NORMAL
12/15/2016 8:13:48 PM,unknown,unknown,application,Windows PowerShell (logit.ps),10,0.09898719365971015,Normal,NORMAL
12/15/2016 8:13:14 PM,unknown,unknown,application,Windows PowerShell (logit.ps),10,0.09898719365971015,Normal,NORMAL
12/15/2016 8:13:14 PM,unknown,unknown,application,Windows PowerShell (logit.ps),10,0.03520223395285482,Normal,NORMAL
12/15/2016 8:13:14 PM,unknown,unknown,application,Windows PowerShell (logit.ps),10,0.09361093758433237,Normal,NORMAL
12/15/2016 8:13:14 PM,unknown,unknown,application,Windows PowerShell (logit.ps),10,0.04447278429176338,Normal,NORMAL
12/15/2016 8:13:14 PM,unknown,unknown,application,Windows PowerShell (logit.ps),10,0.09898719365971015,Normal,NORMAL
12/15/2016 8:12:42 PM,unknown,unknown,application,Windows PowerShell (logit.ps),10,0.09945931487128085,Normal,NORMAL
12/15/2016 8:12:42 PM,unknown,unknown,application,Windows PowerShell (logit.ps),10,0.031940334988984964,Normal,NORMAL
12/15/2016 8:12:42 PM,unknown,unknown,application,Windows PowerShell (logit.ps),10,0.09408924209867792,Normal,NORMAL
12/15/2016 8:12:42 PM,unknown,unknown,application,Windows PowerShell (logit.ps),10,0.04532175735084243,Normal,NORMAL
12/15/2016 8:12:42 PM,unknown,unknown,application,Windows PowerShell (logit.ps),10,0.09945931487128085,Normal,NORMAL
12/15/2016 8:12:14 PM,unknown,unknown,application,Windows PowerShell (logit.ps),10,0.09945931487128085,Normal,NORMAL
12/15/2016 8:12:14 PM,unknown,unknown,application,Windows PowerShell (logit.ps),10,0.029489520318115636,Normal,NORMAL
12/15/2016 8:12:14 PM,unknown,unknown,application,Windows PowerShell (logit.ps),10,0.09408924209867792,Normal,NORMAL
12/15/2016 8:12:14 PM,unknown,unknown,application,Windows PowerShell (logit.ps),10,0.04532175735084243,Normal,NORMAL
12/15/2016 8:12:14 PM,unknown,unknown,application,Windows PowerShell (logit.ps),10,0.09945931487128085,Normal,NORMAL
12/15/2016 8:11:41 PM,unknown,unknown,application,Windows PowerShell (logit.ps),10,0.0993172871794597,Normal,NORMAL
12/15/2016 8:11:41 PM,unknown,unknown,application,Windows PowerShell (logit.ps),10,0.03890201614628258,Normal,NORMAL
12/15/2016 8:11:41 PM,unknown,unknown,application,Windows PowerShell (logit.ps),10,0.09310104835904981,Normal,NORMAL
12/15/2016 8:11:41 PM,unknown,unknown,application,Windows PowerShell (logit.ps),10,0.04484671426017883,Normal,NORMAL
12/15/2016 8:11:41 PM,unknown,unknown,application,Windows PowerShell (logit.ps),10,0.0993172871794597,Normal,NORMAL
12/15/2016 8:11:12 PM,unknown,unknown,application,Windows PowerShell (logit.ps),10,0.0993172871794597,Normal,NORMAL
12/15/2016 8:11:12 PM,unknown,unknown,application,Windows PowerShell (logit.ps),10,0.03494191146659775,Normal,NORMAL
12/15/2016 8:11:12 PM,unknown,unknown,application,Windows PowerShell (logit.ps),10,0.09310104835904981,Normal,NORMAL
12/15/2016 8:11:12 PM,unknown,unknown,application,Windows PowerShell (logit.ps),10,0.04484671426017883,Normal,NORMAL
12/15/2016 8:11:12 PM,unknown,unknown,application,Windows PowerShell (logit.ps),10,0.0993172871794597,Normal,NORMAL
12/15/2016 8:10:41 PM,unknown,unknown,application,Windows PowerShell (logit.ps),10,0.10020288166087304,Normal,NORMAL
12/15/2016 8:10:41 PM,unknown,unknown,application,Windows PowerShell (logit.ps),10,0.032808326553834755,Normal,NORMAL
12/15/2016 8:10:41 PM,unknown,unknown,application,Windows PowerShell (logit.ps),10,0.09309077939783761,Normal,NORMAL
12/15/2016 8:10:41 PM,unknown,unknown,application,Windows PowerShell (logit.ps),10,0.048456595477279596,Normal,NORMAL
12/15/2016 8:10:41 PM,unknown,unknown,application,Windows PowerShell (logit.ps),10,0.10020288166087304,Normal,NORMAL
12/15/2016 8:10:04 PM,unknown,unknown,application,Windows PowerShell (logit.ps),10,0.10020288166087304,Normal,NORMAL
12/15/2016 8:10:04 PM,unknown,unknown,application,Windows PowerShell (logit.ps),10,0.0382057981275265,Normal,NORMAL
12/15/2016 8:10:04 PM,unknown,unknown,application,Windows PowerShell (logit.ps),10,0.09309077939783761,Normal,NORMAL
12/15/2016 8:10:04 PM,unknown,unknown,application,Windows PowerShell (logit.ps),10,0.048456595477279596,Normal,NORMAL
12/15/2016 8:10:04 PM,unknown,unknown,application,Windows PowerShell (logit.ps),10,0.10020288166087304,Normal,NORMAL
12/15/2016 8:09:37 PM,unknown,unknown,application,Windows PowerShell (logit.ps),10,0.09604760108048366,Normal,NORMAL
12/15/2016 8:09:37 PM,unknown,unknown,application,Windows PowerShell (logit.ps),10,0.026333988934640062,Normal,NORMAL
12/15/2016 8:09:37 PM,unknown,unknown,application,Windows PowerShell (logit.ps),10,0.0883230183054719,Normal,NORMAL
12/15/2016 8:09:37 PM,unknown,unknown,application,Windows PowerShell (logit.ps),10,0.03991380888484408,Normal,NORMAL
12/15/2016 8:09:37 PM,unknown,unknown,application,Windows PowerShell (logit.ps),10,0.09604760108048366,Normal,NORMAL
12/15/2016 8:09:09 PM,unknown,unknown,application,Windows PowerShell (logit.ps),10,0.09604760108048366,Normal,NORMAL
12/15/2016 8:09:09 PM,unknown,unknown,application,Windows PowerShell (logit.ps),10,0.02535230885817058,Normal,NORMAL
12/15/2016 8:09:09 PM,unknown,unknown,application,Windows PowerShell (logit.ps),10,0.0883230183054719,Normal,NORMAL
12/15/2016 8:09:09 PM,unknown,unknown,application,Windows PowerShell (logit.ps),10,0.04024117684347228,Normal,NORMAL
12/15/2016 8:09:09 PM,unknown,unknown,application,Windows PowerShell (logit.ps),10,0.09604760108048366,Normal,NORMAL
12/15/2016 8:08:34 PM,unknown,unknown,application,Windows PowerShell (logit.ps),10,0.09402401166484314,Normal,NORMAL
12/15/2016 8:08:34 PM,unknown,unknown,application,Windows PowerShell (logit.ps),10,0.03042585077673371,Normal,NORMAL
12/15/2016 8:08:34 PM,unknown,unknown,application,Windows PowerShell (logit.ps),10,0.08632100304932117,Normal,NORMAL
12/15/2016 8:08:34 PM,unknown,unknown,application,Windows PowerShell (logit.ps),10,0.035649263627553274,Normal,NORMAL
12/15/2016 8:08:34 PM,unknown,unknown,application,Windows PowerShell (logit.ps),10,0.09402401166484314,Normal,NORMAL
12/15/2016 8:08:06 PM,unknown,unknown,application,Windows PowerShell (logit.ps),10,0.09402401166484314,Normal,NORMAL
12/15/2016 8:08:06 PM,unknown,unknown,application,Windows PowerShell (logit.ps),10,0.027812632496074352,Normal,NORMAL
12/15/2016 8:08:06 PM,unknown,unknown,application,Windows PowerShell (logit.ps),10,0.08632100304932117,Normal,NORMAL
12/15/2016 8:08:06 PM,unknown,unknown,application,Windows PowerShell (logit.ps),10,0.035649263627553274,Normal,NORMAL
12/15/2016 8:08:06 PM,unknown,unknown,application,Windows PowerShell (logit.ps),10,0.09402401166484314,Normal,NORMAL
12/15/2016 8:07:37 PM,unknown,unknown,application,Windows PowerShell (logit.ps),10,0.0875301392950637,Normal,NORMAL
12/15/2016 8:07:37 PM,unknown,unknown,application,Windows PowerShell (logit.ps),10,0.021756773574242938,Normal,NORMAL
12/15/2016 8:07:37 PM,unknown,unknown,application,Windows PowerShell (logit.ps),10,0.07961588319127971,Normal,NORMAL
12/15/2016 8:07:37 PM,unknown,unknown,application,Windows PowerShell (logit.ps),10,0.030340737351698732,Normal,NORMAL
12/15/2016 8:07:37 PM,unknown,unknown,application,Windows PowerShell (logit.ps),10,0.0875301392950637,Normal,NORMAL
12/15/2016 8:07:05 PM,unknown,unknown,application,Windows PowerShell (logit.ps),10,0.0875301392950637,Normal,NORMAL
12/15/2016 8:07:05 PM,unknown,unknown,application,Windows PowerShell (logit.ps),10,0.01717121242049291,Normal,NORMAL
12/15/2016 8:07:05 PM,unknown,unknown,application,Windows PowerShell (logit.ps),10,0.07961588319127971,Normal,NORMAL
12/15/2016 8:07:05 PM,unknown,unknown,application,Windows PowerShell (logit.ps),10,0.030818787865806108,Normal,NORMAL
12/15/2016 8:07:04 PM,unknown,unknown,application,Windows PowerShell (logit.ps),10,0.0875301392950637,Normal,NORMAL
12/15/2016 8:06:36 PM,unknown,unknown,application,Windows PowerShell (logit.ps),10,0.08769118882625143,Normal,NORMAL
12/15/2016 8:06:36 PM,unknown,unknown,application,Windows PowerShell (logit.ps),10,0.015327545143910104,Normal,NORMAL
12/15/2016 8:06:36 PM,unknown,unknown,application,Windows PowerShell (logit.ps),10,0.07917222182612926,Normal,NORMAL
12/15/2016 8:06:36 PM,unknown,unknown,application,Windows PowerShell (logit.ps),10,0.030324763995322135,Normal,NORMAL
12/15/2016 8:06:36 PM,unknown,unknown,application,Windows PowerShell (logit.ps),10,0.08769118882625143,Normal,NORMAL
12/15/2016 8:06:02 PM,unknown,unknown,application,Windows PowerShell (logit.ps),10,0.08769118882625143,Normal,NORMAL
12/15/2016 8:06:02 PM,unknown,unknown,application,Windows PowerShell (logit.ps),10,0.021253396980199346,Normal,NORMAL
12/15/2016 8:06:02 PM,unknown,unknown,application,Windows PowerShell (logit.ps),10,0.07917222182612926,Normal,NORMAL
12/15/2016 8:06:02 PM,unknown,unknown,application,Windows PowerShell (logit.ps),10,0.030314788934385883,Normal,NORMAL
12/15/2016 8:06:02 PM,unknown,unknown,application,Windows PowerShell (logit.ps),10,0.08769118882625143,Normal,NORMAL
12/15/2016 8:05:32 PM,unknown,unknown,application,Windows PowerShell (logit.ps),10,0.08574019971415975,Normal,NORMAL
12/15/2016 8:05:32 PM,unknown,unknown,application,Windows PowerShell (logit.ps),10,0.011890606524077307,Normal,NORMAL
12/15/2016 8:05:32 PM,unknown,unknown,application,Windows PowerShell (logit.ps),10,0.07753483688938656,Normal,NORMAL
12/15/2016 8:05:32 PM,unknown,unknown,application,Windows PowerShell (logit.ps),10,0.026655521728655374,Normal,NORMAL
12/15/2016 8:05:32 PM,unknown,unknown,application,Windows PowerShell (logit.ps),10,0.08574019971415975,Normal,NORMAL
12/15/2016 8:04:57 PM,unknown,unknown,application,Windows PowerShell (logit.ps),10,0.0808986426669856,Normal,NORMAL
12/15/2016 8:04:57 PM,unknown,unknown,application,Windows PowerShell (logit.ps),10,0.011806456226751583,Normal,NORMAL
12/15/2016 8:04:57 PM,unknown,unknown,application,Windows PowerShell (logit.ps),10,0.07259952873167674,Normal,NORMAL
12/15/2016 8:04:57 PM,unknown,unknown,application,Windows PowerShell (logit.ps),10,0.02130381592208158,Normal,NORMAL
12/15/2016 8:04:57 PM,unknown,unknown,application,Windows PowerShell (logit.ps),10,0.0808986426669856,Normal,NORMAL
12/15/2016 8:04:21 PM,unknown,unknown,application,Windows PowerShell (logit.ps),10,0.0808986426669856,Normal,NORMAL
12/15/2016 8:04:21 PM,unknown,unknown,application,Windows PowerShell (logit.ps),10,0.011806456226751583,Normal,NORMAL
12/15/2016 8:04:21 PM,unknown,unknown,application,Windows PowerShell (logit.ps),10,0.07259952873167674,Normal,NORMAL
12/15/2016 8:04:21 PM,unknown,unknown,application,Windows PowerShell (logit.ps),10,0.021313978566948333,Normal,NORMAL
12/15/2016 8:04:21 PM,unknown,unknown,application,Windows PowerShell (logit.ps),10,0.0808986426669856,Normal,NORMAL
12/15/2016 8:03:50 PM,unknown,unknown,application,Windows PowerShell (logit.ps),10,0.07361522713604474,Normal,NORMAL
12/15/2016 8:03:50 PM,unknown,unknown,application,Windows PowerShell (logit.ps),10,0.001284399700449801,Normal,NORMAL
12/15/2016 8:03:50 PM,unknown,unknown,application,Windows PowerShell (logit.ps),10,0.06553789082158357,Normal,NORMAL
12/15/2016 8:03:50 PM,unknown,unknown,application,Windows PowerShell (logit.ps),10,0.01579305111907492,Normal,NORMAL
12/15/2016 8:03:50 PM,unknown,unknown,application,Windows PowerShell (logit.ps),10,0.07361522713604474,Normal,NORMAL
12/15/2016 8:03:27 PM,unknown,unknown,application,Desktop Window Manager,9009,-0.09771090054447784,Anomalie,HIGH
12/15/2016 8:03:27 PM,unknown,unknown,application,Desktop Window Manager,9020,-0.23432219623674755,Anomalie,HIGH
12/15/2016 8:03:16 PM,unknown,unknown,application,Windows PowerShell (logit.ps),10,0.07361522713604474,Normal,NORMAL
12/15/2016 8:03:16 PM,unknown,unknown,application,Windows PowerShell (logit.ps),10,0.0026579119354448455,Normal,NORMAL
12/15/2016 8:03:16 PM,unknown,unknown,application,Windows PowerShell (logit.ps),10,0.06553789082158357,Normal,NORMAL
12/15/2016 8:03:16 PM,unknown,unknown,application,Windows PowerShell (logit.ps),10,0.01579305111907492,Normal,NORMAL
12/15/2016 8:03:16 PM,unknown,unknown,application,Windows PowerShell (logit.ps),10,0.07361522713604474,Normal,NORMAL
12/15/2016 8:02:47 PM,unknown,unknown,application,Windows PowerShell (logit.ps),10,0.06904844697723489,Normal,NORMAL
12/15/2016 8:02:47 PM,unknown,unknown,application,Windows PowerShell (logit.ps),10,-0.0010322751354283621,Anomalie,HIGH
12/15/2016 8:02:47 PM,unknown,unknown,application,Windows PowerShell (logit.ps),10,0.06062791509449511,Normal,NORMAL
12/15/2016 8:02:47 PM,unknown,unknown,application,Windows PowerShell (logit.ps),10,0.012198500077887198,Normal,NORMAL
12/15/2016 8:02:47 PM,unknown,unknown,application,Windows PowerShell (logit.ps),10,0.06904844697723489,Normal,NORMAL
12/15/2016 8:02:07 PM,unknown,unknown,application,Windows PowerShell (logit.ps),10,0.06904844697723489,Normal,NORMAL
12/15/2016 8:02:07 PM,unknown,unknown,application,Windows PowerShell (logit.ps),10,0.006466750343051997,Normal,NORMAL
12/15/2016 8:02:06 PM,unknown,unknown,application,Windows PowerShell (logit.ps),10,0.06062791509449511,Normal,NORMAL
12/15/2016 8:02:06 PM,unknown,unknown,application,Windows PowerShell (logit.ps),10,0.012208852270645387,Normal,NORMAL
12/15/2016 8:02:06 PM,unknown,unknown,application,Windows PowerShell (logit.ps),10,0.06904844697723489,Normal,NORMAL
12/15/2016 7:59:08 PM,unknown,unknown,application,Desktop Window Manager,9009,-0.10292393805525912,Anomalie,HIGH
12/15/2016 7:57:35 PM,unknown,unknown,application,Microsoft-Windows-User Profiles Service,1530,-0.029712663246145632,Anomalie,HIGH
12/15/2016 7:57:35 PM,unknown,unknown,application,Microsoft-Windows-User Profiles Service,1530,-0.03497130563447448,Anomalie,HIGH
12/15/2016 7:57:36 PM,unknown,unknown,application,Desktop Window Manager,9009,-0.09826119027573943,Anomalie,HIGH
12/15/2016 7:56:59 PM,unknown,unknown,application,Microsoft-Windows-LoadPerf,1000,-0.017427798237118375,Anomalie,HIGH
12/15/2016 7:56:59 PM,unknown,unknown,application,Microsoft-Windows-LoadPerf,1001,-0.015952763110889667,Anomalie,HIGH
12/15/2016 7:55:41 PM,unknown,unknown,application,Microsoft-Windows-Security-SPP,903,0.04721317384867463,Normal,NORMAL
12/15/2016 7:55:41 PM,unknown,unknown,application,Microsoft-Windows-Security-SPP,16384,-0.076862719748096,Anomalie,HIGH
12/15/2016 7:55:16 PM,unknown,unknown,application,ESENT,326,-0.05198715981277058,Anomalie,HIGH
12/15/2016 7:55:16 PM,unknown,unknown,application,ESENT,327,-0.05039110430604543,Anomalie,HIGH
12/15/2016 7:55:16 PM,unknown,unknown,application,ESENT,326,-0.05152867598450772,Anomalie,HIGH
12/15/2016 7:55:16 PM,unknown,unknown,application,ESENT,327,-0.05039110430604543,Anomalie,HIGH
12/15/2016 7:55:16 PM,unknown,unknown,application,ESENT,326,-0.05152867598450772,Anomalie,HIGH
12/15/2016 7:55:16 PM,unknown,unknown,application,ESENT,327,-0.05039110430604543,Anomalie,HIGH
12/15/2016 7:55:15 PM,unknown,unknown,application,ESENT,326,-0.05152867598450772,Anomalie,HIGH
12/15/2016 7:55:11 PM,unknown,unknown,application,ESENT,327,-0.05122790217940454,Anomalie,HIGH
12/15/2016 7:55:11 PM,unknown,unknown,application,ESENT,326,-0.05198715981277058,Anomalie,HIGH
12/15/2016 7:55:11 PM,unknown,unknown,application,ESENT,327,-0.05039110430604543,Anomalie,HIGH
12/15/2016 7:55:11 PM,unknown,unknown,application,ESENT,326,-0.05152867598450772,Anomalie,HIGH
12/15/2016 7:55:11 PM,unknown,unknown,application,ESENT,105,-0.03696088751125759,Anomalie,HIGH
12/15/2016 7:55:11 PM,unknown,unknown,application,ESENT,302,-0.03144026568668523,Anomalie,HIGH
12/15/2016 7:55:11 PM,unknown,unknown,application,ESENT,301,-0.03536841935346213,Anomalie,HIGH
12/15/2016 7:55:11 PM,unknown,unknown,application,ESENT,300,-0.0297118172162264,Anomalie,HIGH
12/15/2016 7:55:11 PM,unknown,unknown,application,ESENT,102,-0.026684117502321802,Anomalie,HIGH
12/15/2016 7:55:11 PM,unknown,unknown,application,Microsoft-Windows-Security-SPP,902,0.04665730116238548,Normal,NORMAL
12/15/2016 7:55:11 PM,unknown,unknown,application,Microsoft-Windows-Security-SPP,1037,0.04083697521855184,Normal,NORMAL
12/15/2016 7:55:11 PM,unknown,unknown,application,Microsoft-Windows-Security-SPP,1003,0.02225634584198266,Normal,NORMAL
12/15/2016 7:55:11 PM,unknown,unknown,application,Microsoft-Windows-Security-SPP,1066,-0.008800634378619998,Anomalie,HIGH
12/15/2016 7:55:10 PM,unknown,unknown,application,Microsoft-Windows-Security-SPP,900,0.04738542073686747,Normal,NORMAL
12/15/2016 7:55:10 PM,unknown,unknown,application,Microsoft-Windows-MSDTC 2,4202,-0.03924858011329613,Anomalie,HIGH
12/15/2016 7:54:43 PM,unknown,unknown,application,Microsoft-Windows-User Profiles Service,1530,-0.010776729374563976,Anomalie,HIGH
12/15/2016 7:54:43 PM,unknown,unknown,application,Microsoft-Windows-User Profiles Service,1530,0.013793695037137399,Normal,NORMAL
12/15/2016 7:54:43 PM,unknown,unknown,application,cloudbase-init,0,0.05786429251690578,Normal,NORMAL
12/15/2016 7:53:48 PM,unknown,unknown,application,Microsoft-Windows-Security-SPP,903,0.0636840265943382,Normal,NORMAL
12/15/2016 7:53:48 PM,unknown,unknown,application,Microsoft-Windows-Security-SPP,16384,-0.06906458276609728,Anomalie,HIGH
12/15/2016 7:53:32 PM,unknown,unknown,application,Microsoft-Windows-WMI,5617,0.003316276839959831,Normal,NORMAL
12/15/2016 7:53:16 PM,unknown,unknown,application,Microsoft-Windows-Security-SPP,902,0.06351242745892349,Normal,NORMAL
12/15/2016 7:53:16 PM,unknown,unknown,application,Microsoft-Windows-Security-SPP,1037,0.057904063563247676,Normal,NORMAL
12/15/2016 7:53:16 PM,unknown,unknown,application,Microsoft-Windows-Security-SPP,1003,0.03724785227993316,Normal,NORMAL
12/15/2016 7:53:16 PM,unknown,unknown,application,Microsoft-Windows-Security-SPP,1040,0.05472465933945353,Normal,NORMAL
12/15/2016 7:53:15 PM,unknown,unknown,application,Microsoft-Windows-Security-SPP,1066,0.0071464583389707625,Normal,NORMAL
12/15/2016 7:53:13 PM,unknown,unknown,application,Microsoft-Windows-WMI,5611,0.005025724626522399,Normal,NORMAL
12/15/2016 7:53:09 PM,unknown,unknown,application,Microsoft-Windows-Security-SPP,900,0.06301579423150194,Normal,NORMAL
12/15/2016 7:52:58 PM,unknown,unknown,application,cloudbase-init,0,0.0638465684449282,Normal,NORMAL
12/15/2016 7:52:53 PM,unknown,unknown,application,Microsoft-Windows-WMI,5615,0.005153797696372142,Normal,NORMAL
12/15/2016 7:52:53 PM,unknown,unknown,application,RSyslogWindowsAgent,105,0.06430255519147732,Normal,NORMAL
12/15/2016 7:52:52 PM,unknown,unknown,application,RSyslogWindowsAgent,118,0.05398565021236251,Normal,NORMAL
12/15/2016 7:52:05 PM,unknown,unknown,application,Microsoft-Windows-User Profiles Service,1531,0.0483527196114239,Normal,NORMAL
12/15/2016 7:52:06 PM,unknown,unknown,application,Microsoft-Windows-EventSystem,4625,-0.04225543747445859,Anomalie,HIGH
12/15/2016 11:45:38 AM,unknown,unknown,application,Windows PowerShell (logit.ps),10,0.09264735905688343,Normal,NORMAL
12/15/2016 11:45:38 AM,unknown,unknown,application,Windows PowerShell (logit.ps),10,0.003074056518552526,Normal,NORMAL
12/15/2016 11:45:38 AM,unknown,unknown,application,Windows PowerShell (logit.ps),10,0.08617738372907302,Normal,NORMAL
12/15/2016 11:45:38 AM,unknown,unknown,application,Windows PowerShell (logit.ps),10,0.04080037418504756,Normal,NORMAL
12/15/2016 11:45:38 AM,unknown,unknown,application,Windows PowerShell (logit.ps),10,0.09264735905688343,Normal,NORMAL
12/15/2016 11:45:08 AM,unknown,unknown,application,Desktop Window Manager,9009,-0.08195878660813072,Anomalie,HIGH
12/15/2016 11:45:08 AM,unknown,unknown,application,Desktop Window Manager,9020,-0.2246031854110181,Anomalie,HIGH
12/15/2016 11:45:01 AM,unknown,unknown,application,Windows PowerShell (logit.ps),10,0.09264735905688343,Normal,NORMAL
12/15/2016 11:45:01 AM,unknown,unknown,application,Windows PowerShell (logit.ps),10,0.003074056518552526,Normal,NORMAL
12/15/2016 11:45:01 AM,unknown,unknown,application,Windows PowerShell (logit.ps),10,0.08617738372907302,Normal,NORMAL
12/15/2016 11:45:01 AM,unknown,unknown,application,Windows PowerShell (logit.ps),10,0.04080037418504756,Normal,NORMAL
12/15/2016 11:44:59 AM,unknown,unknown,application,Windows PowerShell (logit.ps),10,0.09432550573515502,Normal,NORMAL
12/15/2016 11:44:28 AM,unknown,unknown,application,Windows PowerShell (logit.ps),10,0.09432550573515502,Normal,NORMAL
12/15/2016 11:44:28 AM,unknown,unknown,application,Windows PowerShell (logit.ps),10,0.003345556503673075,Normal,NORMAL
12/15/2016 11:44:28 AM,unknown,unknown,application,Windows PowerShell (logit.ps),10,0.08840943642465232,Normal,NORMAL
12/15/2016 11:44:28 AM,unknown,unknown,application,Windows PowerShell (logit.ps),10,0.04521267867328066,Normal,NORMAL
12/15/2016 11:44:25 AM,unknown,unknown,application,Windows PowerShell (logit.ps),10,0.09432550573515502,Normal,NORMAL
12/15/2016 11:43:40 AM,unknown,unknown,application,Windows PowerShell (logit.ps),10,0.09610592300123505,Normal,NORMAL
12/15/2016 11:43:40 AM,unknown,unknown,application,Windows PowerShell (logit.ps),10,0.004583523729970063,Normal,NORMAL
12/15/2016 11:43:40 AM,unknown,unknown,application,Windows PowerShell (logit.ps),10,0.09054415553344003,Normal,NORMAL
12/15/2016 11:43:40 AM,unknown,unknown,application,Windows PowerShell (logit.ps),10,0.046707941147639764,Normal,NORMAL
12/15/2016 11:43:40 AM,unknown,unknown,application,Windows PowerShell (logit.ps),10,0.09610592300123505,Normal,NORMAL
12/15/2016 11:43:07 AM,unknown,unknown,application,Windows PowerShell (logit.ps),10,0.09610592300123505,Normal,NORMAL
12/15/2016 11:43:07 AM,unknown,unknown,application,Windows PowerShell (logit.ps),10,0.004241797363361166,Normal,NORMAL
12/15/2016 11:43:07 AM,unknown,unknown,application,Windows PowerShell (logit.ps),10,0.09054415553344003,Normal,NORMAL
12/15/2016 11:43:07 AM,unknown,unknown,application,Windows PowerShell (logit.ps),10,0.046707941147639764,Normal,NORMAL
12/15/2016 11:43:02 AM,unknown,unknown,application,Windows PowerShell (logit.ps),10,0.09610592300123505,Normal,NORMAL
12/15/2016 11:42:33 AM,unknown,unknown,application,Windows PowerShell (logit.ps),10,0.09681303722081835,Normal,NORMAL
12/15/2016 11:42:33 AM,unknown,unknown,application,Windows PowerShell (logit.ps),10,0.007935084794092773,Normal,NORMAL
12/15/2016 11:42:32 AM,unknown,unknown,application,Windows PowerShell (logit.ps),10,0.09091899277790272,Normal,NORMAL
12/15/2016 11:42:32 AM,unknown,unknown,application,Windows PowerShell (logit.ps),10,0.049533287250482616,Normal,NORMAL
12/15/2016 11:42:15 AM,unknown,unknown,application,Windows PowerShell (logit.ps),10,0.09681303722081835,Normal,NORMAL
12/15/2016 11:41:45 AM,unknown,unknown,application,Windows PowerShell (logit.ps),10,0.09999390388091872,Normal,NORMAL
12/15/2016 11:41:45 AM,unknown,unknown,application,Windows PowerShell (logit.ps),10,0.008394914966845413,Normal,NORMAL
12/15/2016 11:41:45 AM,unknown,unknown,application,Windows PowerShell (logit.ps),10,0.09414529038734953,Normal,NORMAL
12/15/2016 11:41:45 AM,unknown,unknown,application,Windows PowerShell (logit.ps),10,0.04842900147623286,Normal,NORMAL
12/15/2016 11:41:38 AM,unknown,unknown,application,Windows PowerShell (logit.ps),10,0.09999390388091872,Normal,NORMAL
12/15/2016 11:41:11 AM,unknown,unknown,application,Windows PowerShell (logit.ps),10,0.09999390388091872,Normal,NORMAL
12/15/2016 11:41:11 AM,unknown,unknown,application,Windows PowerShell (logit.ps),10,0.008394914966845413,Normal,NORMAL
12/15/2016 11:41:11 AM,unknown,unknown,application,Windows PowerShell (logit.ps),10,0.09414529038734953,Normal,NORMAL
12/15/2016 11:41:11 AM,unknown,unknown,application,Windows PowerShell (logit.ps),10,0.04842900147623286,Normal,NORMAL
12/15/2016 11:41:11 AM,unknown,unknown,application,Windows PowerShell (logit.ps),10,0.09999390388091872,Normal,NORMAL
12/15/2016 11:40:43 AM,unknown,unknown,application,Windows PowerShell (logit.ps),10,0.09802693890952968,Normal,NORMAL
12/15/2016 11:40:43 AM,unknown,unknown,application,Windows PowerShell (logit.ps),10,0.007097566954066048,Normal,NORMAL
12/15/2016 11:40:43 AM,unknown,unknown,application,Windows PowerShell (logit.ps),10,0.09298677223299734,Normal,NORMAL
12/15/2016 11:40:43 AM,unknown,unknown,application,Windows PowerShell (logit.ps),10,0.04817261128185257,Normal,NORMAL
12/15/2016 11:40:39 AM,unknown,unknown,application,Windows PowerShell (logit.ps),10,0.09802693890952968,Normal,NORMAL
12/15/2016 11:40:04 AM,unknown,unknown,application,Windows PowerShell (logit.ps),10,0.09802693890952968,Normal,NORMAL
12/15/2016 11:40:04 AM,unknown,unknown,application,Windows PowerShell (logit.ps),10,0.007097566954066048,Normal,NORMAL
12/15/2016 11:40:04 AM,unknown,unknown,application,Windows PowerShell (logit.ps),10,0.09298677223299734,Normal,NORMAL
12/15/2016 11:40:04 AM,unknown,unknown,application,Windows PowerShell (logit.ps),10,0.04817261128185257,Normal,NORMAL
12/15/2016 11:40:04 AM,unknown,unknown,application,Windows PowerShell (logit.ps),10,0.09802693890952968,Normal,NORMAL
12/15/2016 11:39:40 AM,unknown,unknown,application,Microsoft-Windows-LoadPerf,1000,0.03068015140032948,Normal,NORMAL
12/15/2016 11:39:40 AM,unknown,unknown,application,Microsoft-Windows-LoadPerf,1001,0.030092746449577046,Normal,NORMAL
12/15/2016 11:38:59 AM,unknown,unknown,application,Windows PowerShell (logit.ps),10,0.09947780097386644,Normal,NORMAL
12/15/2016 11:38:59 AM,unknown,unknown,application,Windows PowerShell (logit.ps),10,0.01683780479505609,Normal,NORMAL
12/15/2016 11:38:59 AM,unknown,unknown,application,Windows PowerShell (logit.ps),10,0.09473611630258133,Normal,NORMAL
12/15/2016 11:38:59 AM,unknown,unknown,application,Windows PowerShell (logit.ps),10,0.05124667698209251,Normal,NORMAL
12/15/2016 11:38:58 AM,unknown,unknown,application,Windows PowerShell (logit.ps),10,0.09947780097386644,Normal,NORMAL
12/15/2016 11:37:55 AM,unknown,unknown,application,Microsoft-Windows-Security-SPP,903,0.09623732162528992,Normal,NORMAL
12/15/2016 11:37:55 AM,unknown,unknown,application,Microsoft-Windows-Security-SPP,16384,-0.04365721369231723,Anomalie,HIGH
12/15/2016 11:37:29 AM,unknown,unknown,application,ESENT,326,-0.0210415303055701,Anomalie,HIGH
12/15/2016 11:37:29 AM,unknown,unknown,application,ESENT,327,-0.019459215025384058,Anomalie,HIGH
12/15/2016 11:37:29 AM,unknown,unknown,application,ESENT,326,-0.019817213884263718,Anomalie,HIGH
12/15/2016 11:37:29 AM,unknown,unknown,application,ESENT,327,-0.019459215025384058,Anomalie,HIGH
12/15/2016 11:37:26 AM,unknown,unknown,application,ESENT,327,-0.020682703371118438,Anomalie,HIGH
12/15/2016 11:37:26 AM,unknown,unknown,application,ESENT,326,-0.0210415303055701,Anomalie,HIGH
12/15/2016 11:37:26 AM,unknown,unknown,application,ESENT,327,-0.019459215025384058,Anomalie,HIGH
12/15/2016 11:37:26 AM,unknown,unknown,application,ESENT,326,-0.019817213884263718,Anomalie,HIGH
12/15/2016 11:37:26 AM,unknown,unknown,application,ESENT,105,-0.010246212379058428,Anomalie,HIGH
12/15/2016 11:37:25 AM,unknown,unknown,application,ESENT,102,1.996130244297234e-05,Normal,NORMAL
12/15/2016 11:37:25 AM,unknown,unknown,application,Microsoft-Windows-Security-SPP,902,0.09967594060177715,Normal,NORMAL
12/15/2016 11:37:25 AM,unknown,unknown,application,Microsoft-Windows-Security-SPP,1037,0.09602053557734769,Normal,NORMAL
12/15/2016 11:37:25 AM,unknown,unknown,application,Microsoft-Windows-Security-SPP,1003,0.08635263304743468,Normal,NORMAL
12/15/2016 11:37:25 AM,unknown,unknown,application,Microsoft-Windows-Security-SPP,1066,0.05549488920331819,Normal,NORMAL
12/15/2016 11:37:25 AM,unknown,unknown,application,Microsoft-Windows-Security-SPP,900,0.09848099650708986,Normal,NORMAL
12/15/2016 11:37:25 AM,unknown,unknown,application,Microsoft-Windows-MSDTC 2,4202,-0.0018662422809191392,Anomalie,HIGH
12/15/2016 11:36:55 AM,unknown,unknown,application,Microsoft-Windows-User Profiles Service,1530,0.03919837553991762,Normal,NORMAL
12/15/2016 11:36:55 AM,unknown,unknown,application,Microsoft-Windows-User Profiles Service,1530,0.06131853251061681,Normal,NORMAL
12/15/2016 11:36:55 AM,unknown,unknown,application,cloudbase-init,0,0.08671878808609551,Normal,NORMAL
12/15/2016 11:36:04 AM,unknown,unknown,application,Microsoft-Windows-Security-SPP,903,0.093196262804986,Normal,NORMAL
12/15/2016 11:36:04 AM,unknown,unknown,application,Microsoft-Windows-Security-SPP,16384,-0.04700615530983987,Anomalie,HIGH
12/15/2016 11:35:33 AM,unknown,unknown,application,Microsoft-Windows-Security-SPP,902,0.09699559037861272,Normal,NORMAL
12/15/2016 11:35:33 AM,unknown,unknown,application,Microsoft-Windows-Security-SPP,1037,0.0932741360538964,Normal,NORMAL
12/15/2016 11:35:33 AM,unknown,unknown,application,Microsoft-Windows-Security-SPP,1003,0.08310182157237367,Normal,NORMAL
12/15/2016 11:35:32 AM,unknown,unknown,application,Microsoft-Windows-WMI,5617,0.020098818132619545,Normal,NORMAL
12/15/2016 11:35:33 AM,unknown,unknown,application,Microsoft-Windows-Security-SPP,1066,0.05660029744185907,Normal,NORMAL
12/15/2016 11:35:26 AM,unknown,unknown,application,Microsoft-Windows-Security-SPP,900,0.09484003151321607,Normal,NORMAL
12/15/2016 11:35:23 AM,unknown,unknown,application,cloudbase-init,0,0.08870888684444289,Normal,NORMAL
12/15/2016 11:35:20 AM,unknown,unknown,application,Microsoft-Windows-WMI,5615,0.01846474657325481,Normal,NORMAL
12/15/2016 11:35:20 AM,unknown,unknown,application,RSyslogWindowsAgent,105,0.08225322190710621,Normal,NORMAL
12/15/2016 11:35:19 AM,unknown,unknown,application,RSyslogWindowsAgent,118,0.0734589128423625,Normal,NORMAL
12/15/2016 11:35:13 AM,unknown,unknown,application,Microsoft-Windows-User Profiles Service,1531,0.0766644832593455,Normal,NORMAL
12/15/2016 11:35:13 AM,unknown,unknown,application,Microsoft-Windows-EventSystem,4625,-0.023381117682862773,Anomalie,HIGH
12/15/2016 11:34:39 AM,unknown,unknown,application,Microsoft-Windows-User Profiles Service,1532,0.07073484460880475,Normal,NORMAL
12/15/2016 11:34:39 AM,unknown,unknown,application,Microsoft-Windows-User Profiles Service,1530,0.06121719888134852,Normal,NORMAL
12/15/2016 11:34:39 AM,unknown,unknown,application,Microsoft-Windows-User Profiles Service,1530,0.039043431114367866,Normal,NORMAL
12/15/2016 11:34:39 AM,unknown,unknown,application,Microsoft-Windows-MSDTC,4111,-0.005540702794592511,Anomalie,HIGH
12/15/2016 11:34:39 AM,unknown,unknown,application,Desktop Window Manager,9009,-0.08448397257567897,Anomalie,HIGH
12/15/2016 11:34:39 AM,unknown,unknown,application,ESENT,103,-0.013872862399796904,Anomalie,HIGH
12/15/2016 11:34:39 AM,unknown,unknown,application,ESENT,327,-0.021245442048046903,Anomalie,HIGH
12/15/2016 11:34:37 AM,unknown,unknown,application,Microsoft-Windows-Winsrv,10001,-0.037028648580492596,Anomalie,HIGH
12/15/2016 11:33:47 AM,unknown,unknown,application,Windows PowerShell (logit.ps),11,0.09474674994772503,Normal,NORMAL
12/15/2016 11:33:40 AM,unknown,unknown,application,Windows PowerShell (logit.ps),11,0.09474674994772503,Normal,NORMAL
12/15/2016 11:32:48 AM,unknown,unknown,application,Windows PowerShell (logit.ps),11,-0.007816446181659775,Anomalie,HIGH
12/15/2016 11:32:41 AM,unknown,unknown,application,Windows PowerShell (logit.ps),10,0.09726364005609345,Normal,NORMAL
12/15/2016 11:32:41 AM,unknown,unknown,application,Windows PowerShell (logit.ps),10,-0.010174745204715063,Anomalie,HIGH
12/15/2016 11:32:41 AM,unknown,unknown,application,Windows PowerShell (logit.ps),10,0.09383904434792056,Normal,NORMAL
12/15/2016 11:32:41 AM,unknown,unknown,application,Windows PowerShell (logit.ps),10,0.05301931158020434,Normal,NORMAL
12/15/2016 11:32:41 AM,unknown,unknown,application,Windows PowerShell (logit.ps),10,0.09726364005609345,Normal,NORMAL
12/15/2016 11:31:08 AM,unknown,unknown,application,Windows PowerShell (logit.ps),10,0.1010026997099655,Normal,NORMAL
12/15/2016 11:31:08 AM,unknown,unknown,application,Windows PowerShell (logit.ps),10,-0.009574515406692519,Anomalie,HIGH
12/15/2016 11:31:08 AM,unknown,unknown,application,Windows PowerShell (logit.ps),10,0.09760916669543634,Normal,NORMAL
12/15/2016 11:31:08 AM,unknown,unknown,application,Windows PowerShell (logit.ps),10,0.05747333973586438,Normal,NORMAL
12/15/2016 11:31:08 AM,unknown,unknown,application,Windows PowerShell (logit.ps),10,0.1010026997099655,Normal,NORMAL
12/15/2016 11:30:40 AM,unknown,unknown,application,Windows PowerShell (logit.ps),10,0.1033973768464913,Normal,NORMAL
12/15/2016 11:30:40 AM,unknown,unknown,application,Windows PowerShell (logit.ps),10,-0.01373899939640666,Anomalie,HIGH
12/15/2016 11:30:40 AM,unknown,unknown,application,Windows PowerShell (logit.ps),10,0.10002373790404268,Normal,NORMAL
12/15/2016 11:30:40 AM,unknown,unknown,application,Windows PowerShell (logit.ps),10,0.05970124701070806,Normal,NORMAL
12/15/2016 11:30:40 AM,unknown,unknown,application,Windows PowerShell (logit.ps),10,0.1033973768464913,Normal,NORMAL
12/15/2016 11:30:13 AM,unknown,unknown,application,Windows PowerShell (logit.ps),10,0.1033973768464913,Normal,NORMAL
12/15/2016 11:30:13 AM,unknown,unknown,application,Windows PowerShell (logit.ps),10,0.009620570640258674,Normal,NORMAL
12/15/2016 11:30:13 AM,unknown,unknown,application,Windows PowerShell (logit.ps),10,0.10002373790404268,Normal,NORMAL
12/15/2016 11:30:13 AM,unknown,unknown,application,Windows PowerShell (logit.ps),10,0.05970124701070806,Normal,NORMAL
12/15/2016 11:30:13 AM,unknown,unknown,application,Windows PowerShell (logit.ps),10,0.1033973768464913,Normal,NORMAL
12/15/2016 11:14:28 AM,unknown,unknown,application,Microsoft-Windows-Security-SPP,903,0.08303658876765668,Normal,NORMAL
12/15/2016 11:14:28 AM,unknown,unknown,application,Microsoft-Windows-Security-SPP,16384,-0.053098242366411585,Anomalie,HIGH
12/15/2016 11:13:58 AM,unknown,unknown,application,Microsoft-Windows-Security-SPP,902,0.08455053944874419,Normal,NORMAL
12/15/2016 11:13:58 AM,unknown,unknown,application,Microsoft-Windows-Security-SPP,1037,0.08216985040681979,Normal,NORMAL
12/15/2016 11:13:58 AM,unknown,unknown,application,Microsoft-Windows-Security-SPP,1003,0.07122279958653122,Normal,NORMAL
12/15/2016 11:13:58 AM,unknown,unknown,application,Microsoft-Windows-Security-SPP,1066,0.051872635233755515,Normal,NORMAL
12/15/2016 11:13:58 AM,unknown,unknown,application,Microsoft-Windows-Security-SPP,900,0.0828241234774334,Normal,NORMAL
12/15/2016 10:30:24 AM,unknown,unknown,application,Desktop Window Manager,9009,-0.08355082473774234,Anomalie,HIGH
12/15/2016 10:30:24 AM,unknown,unknown,application,Desktop Window Manager,9020,-0.2253363282939176,Anomalie,HIGH
12/15/2016 10:30:19 AM,unknown,unknown,application,Desktop Window Manager,9009,-0.08355082473774234,Anomalie,HIGH
12/15/2016 10:30:19 AM,unknown,unknown,application,Desktop Window Manager,9020,-0.2253363282939176,Anomalie,HIGH
12/15/2016 10:28:55 AM,unknown,unknown,application,Desktop Window Manager,9009,-0.0858022539883243,Anomalie,HIGH
12/15/2016 10:26:44 AM,unknown,unknown,application,Microsoft-Windows-Security-SPP,903,0.08799245890034424,Normal,NORMAL
12/15/2016 10:26:44 AM,unknown,unknown,application,Microsoft-Windows-Security-SPP,16384,-0.04986707379490152,Anomalie,HIGH
12/15/2016 10:26:14 AM,unknown,unknown,application,Microsoft-Windows-Security-SPP,902,0.0920094685237996,Normal,NORMAL
12/15/2016 10:26:14 AM,unknown,unknown,application,Microsoft-Windows-Security-SPP,1037,0.09068377089226826,Normal,NORMAL
12/15/2016 10:26:14 AM,unknown,unknown,application,Microsoft-Windows-Security-SPP,1003,0.07544399705570837,Normal,NORMAL
12/15/2016 10:26:14 AM,unknown,unknown,application,Microsoft-Windows-Security-SPP,1066,0.050760151500460926,Normal,NORMAL
12/15/2016 10:26:14 AM,unknown,unknown,application,Microsoft-Windows-Security-SPP,900,0.08845526436095452,Normal,NORMAL
12/15/2016 10:26:08 AM,unknown,unknown,application,Microsoft-Windows-User Profiles Service,1530,0.0592920968333811,Normal,NORMAL
12/15/2016 10:26:08 AM,unknown,unknown,application,Microsoft-Windows-User Profiles Service,1530,0.03723508404246012,Normal,NORMAL
12/15/2016 10:26:08 AM,unknown,unknown,application,Desktop Window Manager,9009,-0.08539962565385939,Anomalie,HIGH
