12/19/2016 8:39:06 AM,unknown,unknown,application,Microsoft-Windows-Security-SPP,900,0.06070779897706702,Normal,NORMAL
12/19/2016 8:32:39 AM,unknown,unknown,application,Desktop Window Manager,9009,-0.12350155508003047,Anomalie,HIGH
12/19/2016 8:09:37 AM,unknown,unknown,application,Microsoft-Windows-Security-SPP,903,0.052726361970948266,Normal,NORMAL
12/19/2016 8:09:37 AM,unknown,unknown,application,Microsoft-Windows-Security-SPP,16384,-0.07586433272180093,Anomalie,HIGH
12/19/2016 8:09:06 AM,unknown,unknown,application,Microsoft-Windows-Security-SPP,902,0.0587978938854371,Normal,NORMAL
12/19/2016 8:09:06 AM,unknown,unknown,application,Microsoft-Windows-Security-SPP,1037,0.05341443092927134,Normal,NORMAL
12/19/2016 8:09:06 AM,unknown,unknown,application,Microsoft-Windows-Security-SPP,1003,0.03983905878222316,Normal,NORMAL
12/19/2016 8:09:06 AM,unknown,unknown,application,Microsoft-Windows-Security-SPP,1066,0.017369713000832288,Normal,NORMAL
12/19/2016 8:09:06 AM,unknown,unknown,application,Microsoft-Windows-Security-SPP,900,0.05620668509926102,Normal,NORMAL
12/19/2016 7:39:36 AM,unknown,unknown,application,Microsoft-Windows-Security-SPP,903,0.05028695888393009,Normal,NORMAL
12/19/2016 7:39:36 AM,unknown,unknown,application,Microsoft-Windows-Security-SPP,16384,-0.06336394166413695,Anomalie,HIGH
12/19/2016 7:39:06 AM,unknown,unknown,application,Microsoft-Windows-Security-SPP,902,0.05819437413834233,Normal,NORMAL
12/19/2016 7:39:06 AM,unknown,unknown,application,Microsoft-Windows-Security-SPP,1037,0.050980637027818465,Normal,NORMAL
12/19/2016 7:39:06 AM,unknown,unknown,application,Microsoft-Windows-Security-SPP,1003,0.03795137061210491,Normal,NORMAL
12/19/2016 7:39:06 AM,unknown,unknown,application,Microsoft-Windows-Security-SPP,1066,0.012918888703714049,Normal,NORMAL
12/19/2016 7:39:06 AM,unknown,unknown,application,Microsoft-Windows-Security-SPP,900,0.05438244018304561,Normal,NORMAL
12/19/2016 7:09:36 AM,unknown,unknown,application,Microsoft-Windows-Security-SPP,903,0.04494872759777557,Normal,NORMAL
12/19/2016 7:09:36 AM,unknown,unknown,application,Microsoft-Windows-Security-SPP,16384,-0.0780513340486042,Anomalie,HIGH
12/19/2016 7:09:06 AM,unknown,unknown,application,Microsoft-Windows-Security-SPP,902,0.050952334574214275,Normal,NORMAL
12/19/2016 7:09:06 AM,unknown,unknown,application,Microsoft-Windows-Security-SPP,1037,0.04580856381728243,Normal,NORMAL
12/19/2016 7:09:06 AM,unknown,unknown,application,Microsoft-Windows-Security-SPP,1003,0.03231298988716319,Normal,NORMAL
12/19/2016 7:09:06 AM,unknown,unknown,application,Microsoft-Windows-Security-SPP,1066,0.010223485449605385,Normal,NORMAL
12/19/2016 7:09:06 AM,unknown,unknown,application,Microsoft-Windows-Security-SPP,900,0.04774895305702476,Normal,NORMAL
12/19/2016 6:39:36 AM,unknown,unknown,application,Microsoft-Windows-Security-SPP,903,0.05016439805457645,Normal,NORMAL
12/19/2016 6:39:36 AM,unknown,unknown,application,Microsoft-Windows-Security-SPP,16384,-0.06683784294121864,Anomalie,HIGH
12/19/2016 6:39:06 AM,unknown,unknown,application,Microsoft-Windows-Security-SPP,902,0.058073923803991345,Normal,NORMAL
12/19/2016 6:39:06 AM,unknown,unknown,application,Microsoft-Windows-Security-SPP,1037,0.05085826134167637,Normal,NORMAL
12/19/2016 6:39:06 AM,unknown,unknown,application,Microsoft-Windows-Security-SPP,1003,0.037759329774994965,Normal,NORMAL
12/19/2016 6:39:06 AM,unknown,unknown,application,Microsoft-Windows-Security-SPP,1066,0.012786354308683578,Normal,NORMAL
12/19/2016 6:39:06 AM,unknown,unknown,application,Microsoft-Windows-Security-SPP,900,0.05426097244069156,Normal,NORMAL
12/19/2016 6:09:36 AM,unknown,unknown,application,Microsoft-Windows-Security-SPP,903,0.03877787062660998,Normal,NORMAL
12/19/2016 6:09:36 AM,unknown,unknown,application,Microsoft-Windows-Security-SPP,16384,-0.08209737406206652,Anomalie,HIGH
12/19/2016 6:09:06 AM,unknown,unknown,application,Microsoft-Windows-Security-SPP,902,0.044861228622356586,Normal,NORMAL
12/19/2016 6:09:06 AM,unknown,unknown,application,Microsoft-Windows-Security-SPP,1037,0.0402518427471838,Normal,NORMAL
12/19/2016 6:09:06 AM,unknown,unknown,application,Microsoft-Windows-Security-SPP,1003,0.028143594732381372,Normal,NORMAL
12/19/2016 6:09:06 AM,unknown,unknown,application,Microsoft-Windows-Security-SPP,1066,0.006080561852357724,Normal,NORMAL
12/19/2016 6:09:06 AM,unknown,unknown,application,Microsoft-Windows-Security-SPP,900,0.04161529386305268,Normal,NORMAL
12/19/2016 5:39:36 AM,unknown,unknown,application,Microsoft-Windows-Security-SPP,903,0.049236693233479234,Normal,NORMAL
12/19/2016 5:39:36 AM,unknown,unknown,application,Microsoft-Windows-Security-SPP,16384,-0.06835674029163752,Anomalie,HIGH
12/19/2016 5:39:06 AM,unknown,unknown,application,Microsoft-Windows-Security-SPP,902,0.05716219404115003,Normal,NORMAL
12/19/2016 5:39:06 AM,unknown,unknown,application,Microsoft-Windows-Security-SPP,1037,0.05005257378442923,Normal,NORMAL
12/19/2016 5:39:06 AM,unknown,unknown,application,Microsoft-Windows-Security-SPP,1003,0.03593215405868927,Normal,NORMAL
12/19/2016 5:39:06 AM,unknown,unknown,application,Microsoft-Windows-Security-SPP,1066,0.010664373561821316,Normal,NORMAL
12/19/2016 5:39:06 AM,unknown,unknown,application,Microsoft-Windows-Security-SPP,900,0.05334154156882226,Normal,NORMAL
12/19/2016 5:31:01 AM,unknown,unknown,application,Desktop Window Manager,9009,-0.122131599479534,Anomalie,HIGH
12/19/2016 5:09:36 AM,unknown,unknown,application,Microsoft-Windows-Security-SPP,903,0.03983661006645117,Normal,NORMAL
12/19/2016 5:09:36 AM,unknown,unknown,application,Microsoft-Windows-Security-SPP,16384,-0.08231131551868909,Anomalie,HIGH
12/19/2016 5:09:06 AM,unknown,unknown,application,Microsoft-Windows-Security-SPP,902,0.04590628510861389,Normal,NORMAL
12/19/2016 5:09:06 AM,unknown,unknown,application,Microsoft-Windows-Security-SPP,1037,0.0394996468739407,Normal,NORMAL
12/19/2016 5:09:06 AM,unknown,unknown,application,Microsoft-Windows-Security-SPP,1003,0.02595811204511611,Normal,NORMAL
12/19/2016 5:09:06 AM,unknown,unknown,application,Microsoft-Windows-Security-SPP,1066,0.0032106499338221406,Normal,NORMAL
12/19/2016 5:09:06 AM,unknown,unknown,application,Microsoft-Windows-Security-SPP,900,0.04266765124705085,Normal,NORMAL
12/19/2016 4:39:36 AM,unknown,unknown,application,Microsoft-Windows-Security-SPP,903,0.042286940765319025,Normal,NORMAL
12/19/2016 4:39:36 AM,unknown,unknown,application,Microsoft-Windows-Security-SPP,16384,-0.07206416814777505,Anomalie,HIGH
12/19/2016 4:39:06 AM,unknown,unknown,application,Microsoft-Windows-Security-SPP,902,0.050332116169928776,Normal,NORMAL
12/19/2016 4:39:05 AM,unknown,unknown,application,Microsoft-Windows-Security-SPP,1037,0.04294956765716457,Normal,NORMAL
12/19/2016 4:39:05 AM,unknown,unknown,application,Microsoft-Windows-Security-SPP,1003,0.028492634114946125,Normal,NORMAL
12/19/2016 4:39:05 AM,unknown,unknown,application,Microsoft-Windows-Security-SPP,1066,0.0015744538512112438,Normal,NORMAL
12/19/2016 4:39:05 AM,unknown,unknown,application,Microsoft-Windows-Security-SPP,900,0.04623547448708948,Normal,NORMAL
12/19/2016 4:09:36 AM,unknown,unknown,application,Microsoft-Windows-Security-SPP,903,0.03617593221348059,Normal,NORMAL
12/19/2016 4:09:36 AM,unknown,unknown,application,Microsoft-Windows-Security-SPP,16384,-0.08569591057479164,Anomalie,HIGH
12/19/2016 4:09:05 AM,unknown,unknown,application,Microsoft-Windows-Security-SPP,902,0.04229291718220568,Normal,NORMAL
12/19/2016 4:09:05 AM,unknown,unknown,application,Microsoft-Windows-Security-SPP,1037,0.03556333754660934,Normal,NORMAL
12/19/2016 4:09:05 AM,unknown,unknown,application,Microsoft-Windows-Security-SPP,1003,0.02245582438069338,Normal,NORMAL
12/19/2016 4:09:05 AM,unknown,unknown,application,Microsoft-Windows-Security-SPP,1066,-0.0010266905057708664,Anomalie,HIGH
12/19/2016 4:09:05 AM,unknown,unknown,application,Microsoft-Windows-Security-SPP,900,0.03902903987200851,Normal,NORMAL
12/19/2016 3:39:35 AM,unknown,unknown,application,Microsoft-Windows-Security-SPP,903,0.03866848645186294,Normal,NORMAL
12/19/2016 3:39:35 AM,unknown,unknown,application,Microsoft-Windows-Security-SPP,16384,-0.07509178944654427,Anomalie,HIGH
12/19/2016 3:39:05 AM,unknown,unknown,application,Microsoft-Windows-Security-SPP,902,0.0467759715665651,Normal,NORMAL
12/19/2016 3:39:05 AM,unknown,unknown,application,Microsoft-Windows-Security-SPP,1037,0.03881263006224733,Normal,NORMAL
12/19/2016 3:39:05 AM,unknown,unknown,application,Microsoft-Windows-Security-SPP,1003,0.025002721164956054,Normal,NORMAL
12/19/2016 3:39:05 AM,unknown,unknown,application,Microsoft-Windows-Security-SPP,1066,-0.0031502419333309106,Anomalie,HIGH
12/19/2016 3:39:05 AM,unknown,unknown,application,Microsoft-Windows-Security-SPP,900,0.04264760148219665,Normal,NORMAL
12/19/2016 3:09:35 AM,unknown,unknown,application,Microsoft-Windows-Security-SPP,903,0.03419703581941397,Normal,NORMAL
12/19/2016 3:09:35 AM,unknown,unknown,application,Microsoft-Windows-Security-SPP,16384,-0.08840337009577837,Anomalie,HIGH
12/19/2016 3:09:05 AM,unknown,unknown,application,Microsoft-Windows-Security-SPP,902,0.04033959568077855,Normal,NORMAL
12/19/2016 3:09:05 AM,unknown,unknown,application,Microsoft-Windows-Security-SPP,1037,0.03380137940472677,Normal,NORMAL
12/19/2016 3:09:05 AM,unknown,unknown,application,Microsoft-Windows-Security-SPP,1003,0.019417648428695533,Normal,NORMAL
12/19/2016 3:09:05 AM,unknown,unknown,application,Microsoft-Windows-Security-SPP,1066,-0.003965811864343194,Anomalie,HIGH
12/19/2016 3:09:05 AM,unknown,unknown,application,Microsoft-Windows-Security-SPP,900,0.03741981028322294,Normal,NORMAL
12/19/2016 2:39:35 AM,unknown,unknown,application,Microsoft-Windows-Security-SPP,903,0.03252006001040675,Normal,NORMAL
12/19/2016 2:39:35 AM,unknown,unknown,application,Microsoft-Windows-Security-SPP,16384,-0.0839691703521872,Anomalie,HIGH
12/19/2016 2:39:05 AM,unknown,unknown,application,Microsoft-Windows-Security-SPP,902,0.03983061100470753,Normal,NORMAL
12/19/2016 2:39:05 AM,unknown,unknown,application,Microsoft-Windows-Security-SPP,1037,0.03174773857119528,Normal,NORMAL
12/19/2016 2:39:05 AM,unknown,unknown,application,Microsoft-Windows-Security-SPP,1003,0.015318759930942838,Normal,NORMAL
12/19/2016 2:39:05 AM,unknown,unknown,application,Microsoft-Windows-Security-SPP,1066,-0.011790594131683707,Anomalie,HIGH
12/19/2016 2:39:05 AM,unknown,unknown,application,Microsoft-Windows-Security-SPP,900,0.03564027347715265,Normal,NORMAL
12/19/2016 2:09:35 AM,unknown,unknown,application,Microsoft-Windows-Security-SPP,903,0.028054284663720064,Normal,NORMAL
12/19/2016 2:09:35 AM,unknown,unknown,application,Microsoft-Windows-Security-SPP,16384,-0.0948788682712256,Anomalie,HIGH
12/19/2016 2:09:05 AM,unknown,unknown,application,Microsoft-Windows-Security-SPP,902,0.03308655421469259,Normal,NORMAL
12/19/2016 2:09:05 AM,unknown,unknown,application,Microsoft-Windows-Security-SPP,1037,0.025785433672034896,Normal,NORMAL
12/19/2016 2:09:05 AM,unknown,unknown,application,Microsoft-Windows-Security-SPP,1003,0.008306058253118032,Normal,NORMAL
12/19/2016 2:09:05 AM,unknown,unknown,application,Microsoft-Windows-Security-SPP,1066,-0.015244033826234404,Anomalie,HIGH
12/19/2016 2:09:05 AM,unknown,unknown,application,Microsoft-Windows-Security-SPP,900,0.030397768528022284,Normal,NORMAL
12/19/2016 1:39:35 AM,unknown,unknown,application,Microsoft-Windows-Security-SPP,903,0.030618174230248707,Normal,NORMAL
12/19/2016 1:39:35 AM,unknown,unknown,application,Microsoft-Windows-Security-SPP,16384,-0.08788767472685266,Anomalie,HIGH
12/19/2016 1:39:05 AM,unknown,unknown,application,Microsoft-Windows-Security-SPP,902,0.03827679798705258,Normal,NORMAL
12/19/2016 1:39:05 AM,unknown,unknown,application,Microsoft-Windows-Security-SPP,1037,0.0301671841465046,Normal,NORMAL
12/19/2016 1:39:05 AM,unknown,unknown,application,Microsoft-Windows-Security-SPP,1003,0.01193393230704931,Normal,NORMAL
12/19/2016 1:39:05 AM,unknown,unknown,application,Microsoft-Windows-Security-SPP,1066,-0.013779531480357377,Anomalie,HIGH
12/19/2016 1:39:05 AM,unknown,unknown,application,Microsoft-Windows-Security-SPP,900,0.03407259713029592,Normal,NORMAL
12/19/2016 1:09:35 AM,unknown,unknown,application,Microsoft-Windows-Security-SPP,903,0.022677839398124844,Normal,NORMAL
12/19/2016 1:09:35 AM,unknown,unknown,application,Microsoft-Windows-Security-SPP,16384,-0.09620151094050056,Anomalie,HIGH
12/19/2016 1:09:05 AM,unknown,unknown,application,Microsoft-Windows-Security-SPP,902,0.02776630729516416,Normal,NORMAL
12/19/2016 1:09:05 AM,unknown,unknown,application,Microsoft-Windows-Security-SPP,1037,0.020383650798445285,Normal,NORMAL
12/19/2016 1:09:05 AM,unknown,unknown,application,Microsoft-Windows-Security-SPP,1003,0.0013356992131716705,Normal,NORMAL
12/19/2016 1:09:05 AM,unknown,unknown,application,Microsoft-Windows-Security-SPP,1066,-0.019893481121861956,Anomalie,HIGH
12/19/2016 1:09:04 AM,unknown,unknown,application,Microsoft-Windows-Security-SPP,900,0.0246515915373261,Normal,NORMAL
12/19/2016 12:39:35 AM,unknown,unknown,application,Microsoft-Windows-Security-SPP,903,0.025206638795504832,Normal,NORMAL
12/19/2016 12:39:35 AM,unknown,unknown,application,Microsoft-Windows-Security-SPP,16384,-0.09121412919700345,Anomalie,HIGH
12/19/2016 12:39:04 AM,unknown,unknown,application,Microsoft-Windows-Security-SPP,902,0.03262928380583163,Normal,NORMAL
12/19/2016 12:39:04 AM,unknown,unknown,application,Microsoft-Windows-Security-SPP,1037,0.02442247521035218,Normal,NORMAL
12/19/2016 12:39:04 AM,unknown,unknown,application,Microsoft-Windows-Security-SPP,1003,0.004947640895536232,Normal,NORMAL
12/19/2016 12:39:04 AM,unknown,unknown,application,Microsoft-Windows-Security-SPP,1066,-0.02121380096313341,Anomalie,HIGH
12/19/2016 12:39:04 AM,unknown,unknown,application,Microsoft-Windows-Security-SPP,900,0.02837469506624979,Normal,NORMAL
12/19/2016 12:38:23 AM,unknown,unknown,application,Desktop Window Manager,9009,-0.12633783135766097,Anomalie,HIGH
12/19/2016 12:09:34 AM,unknown,unknown,application,Microsoft-Windows-Security-SPP,903,0.012733587907821364,Normal,NORMAL
12/19/2016 12:09:34 AM,unknown,unknown,application,Microsoft-Windows-Security-SPP,16384,-0.10349996037325604,Anomalie,HIGH
12/19/2016 12:09:04 AM,unknown,unknown,application,Microsoft-Windows-Security-SPP,902,0.017593304064051518,Normal,NORMAL
12/19/2016 12:09:04 AM,unknown,unknown,application,Microsoft-Windows-Security-SPP,1037,0.010054740231326909,Normal,NORMAL
12/19/2016 12:09:04 AM,unknown,unknown,application,Microsoft-Windows-Security-SPP,1003,-0.010098079828105067,Anomalie,HIGH
12/19/2016 12:09:04 AM,unknown,unknown,application,Microsoft-Windows-Security-SPP,1066,-0.032626686634133595,Anomalie,HIGH
12/19/2016 12:09:04 AM,unknown,unknown,application,Microsoft-Windows-Security-SPP,900,0.014412811571722861,Normal,NORMAL
12/18/2016 11:39:34 PM,unknown,unknown,application,Microsoft-Windows-Security-SPP,903,0.027220332169922645,Normal,NORMAL
12/18/2016 11:39:34 PM,unknown,unknown,application,Microsoft-Windows-Security-SPP,16384,-0.08407127840560347,Anomalie,HIGH
12/18/2016 11:39:04 PM,unknown,unknown,application,Microsoft-Windows-Security-SPP,902,0.03176601091901232,Normal,NORMAL
12/18/2016 11:39:04 PM,unknown,unknown,application,Microsoft-Windows-Security-SPP,1037,0.02401018977098146,Normal,NORMAL
12/18/2016 11:39:04 PM,unknown,unknown,application,Microsoft-Windows-Security-SPP,1003,-0.0012145841932110768,Anomalie,HIGH
12/18/2016 11:39:04 PM,unknown,unknown,application,Microsoft-Windows-Security-SPP,1066,-0.030749672420721574,Anomalie,HIGH
12/18/2016 11:39:04 PM,unknown,unknown,application,Microsoft-Windows-Security-SPP,900,0.02893878630518626,Normal,NORMAL
12/18/2016 11:09:34 PM,unknown,unknown,application,Microsoft-Windows-Security-SPP,903,0.024568452434045096,Normal,NORMAL
12/18/2016 11:09:34 PM,unknown,unknown,application,Microsoft-Windows-Security-SPP,16384,-0.09267934967887781,Anomalie,HIGH
12/18/2016 11:09:04 PM,unknown,unknown,application,Microsoft-Windows-Security-SPP,902,0.029849706731265413,Normal,NORMAL
12/18/2016 11:09:04 PM,unknown,unknown,application,Microsoft-Windows-Security-SPP,1037,0.02379502399576011,Normal,NORMAL
12/18/2016 11:09:04 PM,unknown,unknown,application,Microsoft-Windows-Security-SPP,1003,-0.0036769596696397677,Anomalie,HIGH
12/18/2016 11:09:04 PM,unknown,unknown,application,Microsoft-Windows-Security-SPP,1066,-0.02307787193184696,Anomalie,HIGH
12/18/2016 11:09:04 PM,unknown,unknown,application,Microsoft-Windows-Security-SPP,900,0.02607047263847212,Normal,NORMAL
12/18/2016 11:00:41 PM,unknown,unknown,application,Desktop Window Manager,9009,-0.13637935935316514,Anomalie,HIGH
12/18/2016 10:39:34 PM,unknown,unknown,application,Microsoft-Windows-Security-SPP,903,0.03207595237404026,Normal,NORMAL
12/18/2016 10:39:34 PM,unknown,unknown,application,Microsoft-Windows-Security-SPP,16384,-0.08126677105447722,Anomalie,HIGH
12/18/2016 10:39:04 PM,unknown,unknown,application,Microsoft-Windows-Security-SPP,902,0.03763919711162794,Normal,NORMAL
12/18/2016 10:39:04 PM,unknown,unknown,application,Microsoft-Windows-Security-SPP,1037,0.026493912997528124,Normal,NORMAL
12/18/2016 10:39:04 PM,unknown,unknown,application,Microsoft-Windows-Security-SPP,1003,0.005293697380693407,Normal,NORMAL
12/18/2016 10:39:04 PM,unknown,unknown,application,Microsoft-Windows-Security-SPP,1066,-0.026895961271828472,Anomalie,HIGH
12/18/2016 10:39:04 PM,unknown,unknown,application,Microsoft-Windows-Security-SPP,900,0.03484673089711876,Normal,NORMAL
12/18/2016 10:09:34 PM,unknown,unknown,application,Microsoft-Windows-Security-SPP,903,0.03174159436163371,Normal,NORMAL
12/18/2016 10:09:34 PM,unknown,unknown,application,Microsoft-Windows-Security-SPP,16384,-0.08870285766376118,Anomalie,HIGH
12/18/2016 10:09:04 PM,unknown,unknown,application,Microsoft-Windows-Security-SPP,902,0.0385975322579139,Normal,NORMAL
12/18/2016 10:09:04 PM,unknown,unknown,application,Microsoft-Windows-Security-SPP,1037,0.02858580198176114,Normal,NORMAL
12/18/2016 10:09:04 PM,unknown,unknown,application,Microsoft-Windows-Security-SPP,1003,0.0038021275246472586,Normal,NORMAL
12/18/2016 10:09:04 PM,unknown,unknown,application,Microsoft-Windows-Security-SPP,1066,-0.018224351193706356,Anomalie,HIGH
12/18/2016 10:09:04 PM,unknown,unknown,application,Microsoft-Windows-Security-SPP,900,0.034887225418269274,Normal,NORMAL
12/18/2016 9:39:34 PM,unknown,unknown,application,Microsoft-Windows-Security-SPP,903,0.052478406728014126,Normal,NORMAL
12/18/2016 9:39:34 PM,unknown,unknown,application,Microsoft-Windows-Security-SPP,16384,-0.06511281975019245,Anomalie,HIGH
12/18/2016 9:39:04 PM,unknown,unknown,application,Microsoft-Windows-Security-SPP,902,0.05780390277990377,Normal,NORMAL
12/18/2016 9:39:04 PM,unknown,unknown,application,Microsoft-Windows-Security-SPP,1037,0.04740125841959475,Normal,NORMAL
12/18/2016 9:39:04 PM,unknown,unknown,application,Microsoft-Windows-Security-SPP,1003,0.019897911257684198,Normal,NORMAL
12/18/2016 9:39:04 PM,unknown,unknown,application,Microsoft-Windows-Security-SPP,1066,-0.012995895349293574,Anomalie,HIGH
12/18/2016 9:39:03 PM,unknown,unknown,application,Microsoft-Windows-Security-SPP,900,0.054430765689891525,Normal,NORMAL
12/18/2016 9:09:34 PM,unknown,unknown,application,Microsoft-Windows-Security-SPP,903,0.05115850372259306,Normal,NORMAL
12/18/2016 9:09:34 PM,unknown,unknown,application,Microsoft-Windows-Security-SPP,16384,-0.07867044508204957,Anomalie,HIGH
12/18/2016 9:09:03 PM,unknown,unknown,application,Microsoft-Windows-Security-SPP,902,0.05743004502630339,Normal,NORMAL
12/18/2016 9:09:03 PM,unknown,unknown,application,Microsoft-Windows-Security-SPP,1037,0.04783716263855459,Normal,NORMAL
12/18/2016 9:09:03 PM,unknown,unknown,application,Microsoft-Windows-Security-SPP,1003,0.01919078263611823,Normal,NORMAL
12/18/2016 9:09:03 PM,unknown,unknown,application,Microsoft-Windows-Security-SPP,1066,-0.007039321856920799,Anomalie,HIGH
12/18/2016 9:09:03 PM,unknown,unknown,application,Microsoft-Windows-Security-SPP,900,0.052857327467965565,Normal,NORMAL
12/18/2016 8:39:33 PM,unknown,unknown,application,Microsoft-Windows-Security-SPP,903,0.05737707518864099,Normal,NORMAL
12/18/2016 8:39:33 PM,unknown,unknown,application,Microsoft-Windows-Security-SPP,16384,-0.06349480715450573,Anomalie,HIGH
12/18/2016 8:39:03 PM,unknown,unknown,application,Microsoft-Windows-Security-SPP,902,0.06234305818051372,Normal,NORMAL
12/18/2016 8:39:03 PM,unknown,unknown,application,Microsoft-Windows-Security-SPP,1037,0.05316193733771957,Normal,NORMAL
12/18/2016 8:39:03 PM,unknown,unknown,application,Microsoft-Windows-Security-SPP,1003,0.027830704660240735,Normal,NORMAL
12/18/2016 8:39:03 PM,unknown,unknown,application,Microsoft-Windows-Security-SPP,1066,-0.004876104433365724,Anomalie,HIGH
12/18/2016 8:39:03 PM,unknown,unknown,application,Microsoft-Windows-Security-SPP,900,0.05930850684277633,Normal,NORMAL
12/18/2016 8:09:33 PM,unknown,unknown,application,Microsoft-Windows-Security-SPP,903,0.054529008156979364,Normal,NORMAL
12/18/2016 8:09:33 PM,unknown,unknown,application,Microsoft-Windows-Security-SPP,16384,-0.07729974072833623,Anomalie,HIGH
12/18/2016 8:09:03 PM,unknown,unknown,application,Microsoft-Windows-Security-SPP,902,0.060586824882607915,Normal,NORMAL
12/18/2016 8:09:03 PM,unknown,unknown,application,Microsoft-Windows-Security-SPP,1037,0.05197211222020243,Normal,NORMAL
12/18/2016 8:09:03 PM,unknown,unknown,application,Microsoft-Windows-Security-SPP,1003,0.02636422549353923,Normal,NORMAL
12/18/2016 8:09:03 PM,unknown,unknown,application,Microsoft-Windows-Security-SPP,1066,0.0029246067511162765,Normal,NORMAL
12/18/2016 8:09:03 PM,unknown,unknown,application,Microsoft-Windows-Security-SPP,900,0.05573914352946996,Normal,NORMAL
12/18/2016 7:39:33 PM,unknown,unknown,application,Microsoft-Windows-Security-SPP,903,0.06081751856840373,Normal,NORMAL
12/18/2016 7:39:33 PM,unknown,unknown,application,Microsoft-Windows-Security-SPP,16384,-0.06280028526644199,Anomalie,HIGH
12/18/2016 7:39:03 PM,unknown,unknown,application,Microsoft-Windows-Security-SPP,902,0.06604583940570674,Normal,NORMAL
12/18/2016 7:39:03 PM,unknown,unknown,application,Microsoft-Windows-Security-SPP,1037,0.056634456862303395,Normal,NORMAL
12/18/2016 7:39:03 PM,unknown,unknown,application,Microsoft-Windows-Security-SPP,1003,0.030692612807860287,Normal,NORMAL
12/18/2016 7:39:03 PM,unknown,unknown,application,Microsoft-Windows-Security-SPP,1066,-0.0038025948159854384,Anomalie,HIGH
12/18/2016 7:39:03 PM,unknown,unknown,application,Microsoft-Windows-Security-SPP,900,0.06303641706763058,Normal,NORMAL
12/18/2016 7:09:33 PM,unknown,unknown,application,Microsoft-Windows-Security-SPP,903,0.05761331666120395,Normal,NORMAL
12/18/2016 7:09:33 PM,unknown,unknown,application,Microsoft-Windows-Security-SPP,16384,-0.07642403384909435,Anomalie,HIGH
12/18/2016 7:09:03 PM,unknown,unknown,application,Microsoft-Windows-Security-SPP,902,0.0636300654720473,Normal,NORMAL
12/18/2016 7:09:03 PM,unknown,unknown,application,Microsoft-Windows-Security-SPP,1037,0.05507375475567994,Normal,NORMAL
12/18/2016 7:09:03 PM,unknown,unknown,application,Microsoft-Windows-Security-SPP,1003,0.029482944208478468,Normal,NORMAL
12/18/2016 7:09:03 PM,unknown,unknown,application,Microsoft-Windows-Security-SPP,1066,0.003487837069350408,Normal,NORMAL
12/18/2016 7:09:03 PM,unknown,unknown,application,Microsoft-Windows-Security-SPP,900,0.058815248131429576,Normal,NORMAL
12/18/2016 6:39:33 PM,unknown,unknown,application,Microsoft-Windows-Security-SPP,903,0.06248828058932415,Normal,NORMAL
12/18/2016 6:39:33 PM,unknown,unknown,application,Microsoft-Windows-Security-SPP,16384,-0.0609644613404301,Anomalie,HIGH
12/18/2016 6:39:03 PM,unknown,unknown,application,Microsoft-Windows-Security-SPP,902,0.06799594000425352,Normal,NORMAL
12/18/2016 6:39:03 PM,unknown,unknown,application,Microsoft-Windows-Security-SPP,1037,0.057862913839326346,Normal,NORMAL
12/18/2016 6:39:03 PM,unknown,unknown,application,Microsoft-Windows-Security-SPP,1003,0.03199144244920171,Normal,NORMAL
12/18/2016 6:39:03 PM,unknown,unknown,application,Microsoft-Windows-Security-SPP,1066,-0.0020283940414456136,Anomalie,HIGH
12/18/2016 6:39:03 PM,unknown,unknown,application,Microsoft-Windows-Security-SPP,900,0.06499975206332381,Normal,NORMAL
12/18/2016 6:09:33 PM,unknown,unknown,application,Microsoft-Windows-Security-SPP,903,0.0598539478042428,Normal,NORMAL
12/18/2016 6:09:33 PM,unknown,unknown,application,Microsoft-Windows-Security-SPP,16384,-0.07345871575715046,Anomalie,HIGH
12/18/2016 6:09:03 PM,unknown,unknown,application,Microsoft-Windows-Security-SPP,902,0.06614092573740182,Normal,NORMAL
12/18/2016 6:09:03 PM,unknown,unknown,application,Microsoft-Windows-Security-SPP,1037,0.056408270512420755,Normal,NORMAL
12/18/2016 6:09:03 PM,unknown,unknown,application,Microsoft-Windows-Security-SPP,1003,0.03176825111616749,Normal,NORMAL
12/18/2016 6:09:03 PM,unknown,unknown,application,Microsoft-Windows-Security-SPP,1066,0.004632387589743603,Normal,NORMAL
12/18/2016 6:09:03 PM,unknown,unknown,application,Microsoft-Windows-Security-SPP,900,0.060746410407159945,Normal,NORMAL
12/18/2016 5:39:33 PM,unknown,unknown,application,Microsoft-Windows-Security-SPP,903,0.061208216898703094,Normal,NORMAL
12/18/2016 5:39:33 PM,unknown,unknown,application,Microsoft-Windows-Security-SPP,16384,-0.06386721225196335,Anomalie,HIGH
12/18/2016 5:39:03 PM,unknown,unknown,application,Microsoft-Windows-Security-SPP,902,0.06673164851763053,Normal,NORMAL
12/18/2016 5:39:03 PM,unknown,unknown,application,Microsoft-Windows-Security-SPP,1037,0.0565696045533533,Normal,NORMAL
12/18/2016 5:39:03 PM,unknown,unknown,application,Microsoft-Windows-Security-SPP,1003,0.030694082832236125,Normal,NORMAL
12/18/2016 5:39:02 PM,unknown,unknown,application,Microsoft-Windows-Security-SPP,1066,-0.0017373021050447468,Anomalie,HIGH
12/18/2016 5:39:02 PM,unknown,unknown,application,Microsoft-Windows-Security-SPP,900,0.06372688043696073,Normal,NORMAL
12/18/2016 5:09:33 PM,unknown,unknown,application,Microsoft-Windows-Security-SPP,903,0.05824543594656639,Normal,NORMAL
12/18/2016 5:09:33 PM,unknown,unknown,application,Microsoft-Windows-Security-SPP,16384,-0.07560657108463265,Anomalie,HIGH
12/18/2016 5:09:02 PM,unknown,unknown,application,Microsoft-Windows-Security-SPP,902,0.06485583798433059,Normal,NORMAL
12/18/2016 5:09:02 PM,unknown,unknown,application,Microsoft-Windows-Security-SPP,1037,0.05540230302017696,Normal,NORMAL
12/18/2016 5:09:02 PM,unknown,unknown,application,Microsoft-Windows-Security-SPP,1003,0.031703816958172926,Normal,NORMAL
12/18/2016 5:09:02 PM,unknown,unknown,application,Microsoft-Windows-Security-SPP,1066,0.005196467002746452,Normal,NORMAL
12/18/2016 5:09:02 PM,unknown,unknown,application,Microsoft-Windows-Security-SPP,900,0.05944568605293704,Normal,NORMAL
12/18/2016 4:39:32 PM,unknown,unknown,application,Microsoft-Windows-Security-SPP,903,0.06295885318555233,Normal,NORMAL
12/18/2016 4:39:32 PM,unknown,unknown,application,Microsoft-Windows-Security-SPP,16384,-0.05752449181043118,Anomalie,HIGH
12/18/2016 4:39:02 PM,unknown,unknown,application,Microsoft-Windows-Security-SPP,902,0.06954457866924729,Normal,NORMAL
12/18/2016 4:39:02 PM,unknown,unknown,application,Microsoft-Windows-Security-SPP,1037,0.0611517921575343,Normal,NORMAL
12/18/2016 4:39:02 PM,unknown,unknown,application,Microsoft-Windows-Security-SPP,1003,0.03574870345794029,Normal,NORMAL
12/18/2016 4:39:02 PM,unknown,unknown,application,Microsoft-Windows-Security-SPP,1066,0.0011626338513934797,Normal,NORMAL
12/18/2016 4:39:02 PM,unknown,unknown,application,Microsoft-Windows-Security-SPP,900,0.06655890059593361,Normal,NORMAL
12/18/2016 4:09:32 PM,unknown,unknown,application,Microsoft-Windows-Security-SPP,903,0.059274104586494514,Normal,NORMAL
12/18/2016 4:09:32 PM,unknown,unknown,application,Microsoft-Windows-Security-SPP,16384,-0.07196291797618226,Anomalie,HIGH
12/18/2016 4:09:02 PM,unknown,unknown,application,Microsoft-Windows-Security-SPP,902,0.06666016054583512,Normal,NORMAL
12/18/2016 4:09:02 PM,unknown,unknown,application,Microsoft-Windows-Security-SPP,1037,0.05926274374315521,Normal,NORMAL
12/18/2016 4:09:02 PM,unknown,unknown,application,Microsoft-Windows-Security-SPP,1003,0.0356006539950211,Normal,NORMAL
12/18/2016 4:09:02 PM,unknown,unknown,application,Microsoft-Windows-Security-SPP,1066,0.009369248558259158,Normal,NORMAL
12/18/2016 4:09:02 PM,unknown,unknown,application,Microsoft-Windows-Security-SPP,900,0.06157511671197585,Normal,NORMAL
12/18/2016 3:39:32 PM,unknown,unknown,application,Microsoft-Windows-Security-SPP,903,0.06715290793985057,Normal,NORMAL
12/18/2016 3:39:32 PM,unknown,unknown,application,Microsoft-Windows-Security-SPP,16384,-0.053590586127234996,Anomalie,HIGH
12/18/2016 3:39:02 PM,unknown,unknown,application,Microsoft-Windows-Security-SPP,902,0.07338181341897454,Normal,NORMAL
12/18/2016 3:39:02 PM,unknown,unknown,application,Microsoft-Windows-Security-SPP,1037,0.06548132533294887,Normal,NORMAL
12/18/2016 3:39:02 PM,unknown,unknown,application,Microsoft-Windows-Security-SPP,1003,0.03971347177698603,Normal,NORMAL
12/18/2016 3:39:02 PM,unknown,unknown,application,Microsoft-Windows-Security-SPP,1066,0.005601933884752164,Normal,NORMAL
12/18/2016 3:39:02 PM,unknown,unknown,application,Microsoft-Windows-Security-SPP,900,0.0698163004932274,Normal,NORMAL
12/18/2016 3:09:32 PM,unknown,unknown,application,Microsoft-Windows-Security-SPP,903,0.06333280736759789,Normal,NORMAL
12/18/2016 3:09:32 PM,unknown,unknown,application,Microsoft-Windows-Security-SPP,16384,-0.06842381347709359,Anomalie,HIGH
12/18/2016 3:09:02 PM,unknown,unknown,application,Microsoft-Windows-Security-SPP,902,0.0706522774809733,Normal,NORMAL
12/18/2016 3:09:02 PM,unknown,unknown,application,Microsoft-Windows-Security-SPP,1037,0.06374228587028385,Normal,NORMAL
12/18/2016 3:09:02 PM,unknown,unknown,application,Microsoft-Windows-Security-SPP,1003,0.04141578398511053,Normal,NORMAL
12/18/2016 3:09:02 PM,unknown,unknown,application,Microsoft-Windows-Security-SPP,1066,0.01563807668284728,Normal,NORMAL
12/18/2016 3:09:02 PM,unknown,unknown,application,Microsoft-Windows-Security-SPP,900,0.06561307569695934,Normal,NORMAL
12/18/2016 2:39:32 PM,unknown,unknown,application,Microsoft-Windows-Security-SPP,903,0.0646896058988114,Normal,NORMAL
12/18/2016 2:39:32 PM,unknown,unknown,application,Microsoft-Windows-Security-SPP,16384,-0.05237287547887337,Anomalie,HIGH
12/18/2016 2:39:02 PM,unknown,unknown,application,Microsoft-Windows-Security-SPP,902,0.07212108418168423,Normal,NORMAL
12/18/2016 2:39:02 PM,unknown,unknown,application,Microsoft-Windows-Security-SPP,1037,0.06526062814905248,Normal,NORMAL
12/18/2016 2:39:02 PM,unknown,unknown,application,Microsoft-Windows-Security-SPP,1003,0.04070355627404765,Normal,NORMAL
12/18/2016 2:39:02 PM,unknown,unknown,application,Microsoft-Windows-Security-SPP,1066,0.0062529845383941796,Normal,NORMAL
12/18/2016 2:39:02 PM,unknown,unknown,application,Microsoft-Windows-Security-SPP,900,0.06782425981104867,Normal,NORMAL
12/18/2016 2:09:32 PM,unknown,unknown,application,Microsoft-Windows-Security-SPP,903,0.06326988420991769,Normal,NORMAL
12/18/2016 2:09:32 PM,unknown,unknown,application,Microsoft-Windows-Security-SPP,16384,-0.06401064865774686,Anomalie,HIGH
12/18/2016 2:09:02 PM,unknown,unknown,application,Microsoft-Windows-Security-SPP,902,0.07059038662152017,Normal,NORMAL
12/18/2016 2:09:02 PM,unknown,unknown,application,Microsoft-Windows-Security-SPP,1037,0.06331508917342765,Normal,NORMAL
12/18/2016 2:09:02 PM,unknown,unknown,application,Microsoft-Windows-Security-SPP,1003,0.04195597466308276,Normal,NORMAL
12/18/2016 2:09:02 PM,unknown,unknown,application,Microsoft-Windows-Security-SPP,1066,0.015205762613380969,Normal,NORMAL
12/18/2016 2:09:02 PM,unknown,unknown,application,Microsoft-Windows-Security-SPP,900,0.06485097669089562,Normal,NORMAL
12/18/2016 1:52:35 PM,unknown,unknown,application,Desktop Window Manager,9009,-0.12500174081495508,Anomalie,HIGH
12/18/2016 1:39:32 PM,unknown,unknown,application,Microsoft-Windows-Security-SPP,903,0.059692703387689394,Normal,NORMAL
12/18/2016 1:39:32 PM,unknown,unknown,application,Microsoft-Windows-Security-SPP,16384,-0.05736552031580644,Anomalie,HIGH
12/18/2016 1:39:01 PM,unknown,unknown,application,Microsoft-Windows-Security-SPP,902,0.06763973754718844,Normal,NORMAL
12/18/2016 1:39:01 PM,unknown,unknown,application,Microsoft-Windows-Security-SPP,1037,0.06116398426363623,Normal,NORMAL
12/18/2016 1:39:01 PM,unknown,unknown,application,Microsoft-Windows-Security-SPP,1003,0.03845123028904196,Normal,NORMAL
12/18/2016 1:39:01 PM,unknown,unknown,application,Microsoft-Windows-Security-SPP,1066,0.0059123880883217295,Normal,NORMAL
12/18/2016 1:39:01 PM,unknown,unknown,application,Microsoft-Windows-Security-SPP,900,0.06378598356083953,Normal,NORMAL
12/18/2016 1:09:32 PM,unknown,unknown,application,Microsoft-Windows-Security-SPP,903,0.05770883690117279,Normal,NORMAL
12/18/2016 1:09:32 PM,unknown,unknown,application,Microsoft-Windows-Security-SPP,16384,-0.0677945306807809,Anomalie,HIGH
12/18/2016 1:09:01 PM,unknown,unknown,application,Microsoft-Windows-Security-SPP,902,0.06615499171766814,Normal,NORMAL
12/18/2016 1:09:01 PM,unknown,unknown,application,Microsoft-Windows-Security-SPP,1037,0.059263097337562354,Normal,NORMAL
12/18/2016 1:09:01 PM,unknown,unknown,application,Microsoft-Windows-Security-SPP,1003,0.04035182733650128,Normal,NORMAL
12/18/2016 1:09:01 PM,unknown,unknown,application,Microsoft-Windows-Security-SPP,1066,0.017518710008995908,Normal,NORMAL
12/18/2016 1:09:01 PM,unknown,unknown,application,Microsoft-Windows-Security-SPP,900,0.06084788810568914,Normal,NORMAL
12/18/2016 12:40:40 PM,unknown,unknown,application,ESENT,326,-0.06361072950089475,Anomalie,HIGH
12/18/2016 12:40:40 PM,unknown,unknown,application,ESENT,327,-0.06478435573221031,Anomalie,HIGH
12/18/2016 12:40:40 PM,unknown,unknown,application,ESENT,326,-0.06517303133758412,Anomalie,HIGH
12/18/2016 12:40:40 PM,unknown,unknown,application,ESENT,327,-0.06361072950089475,Anomalie,HIGH
12/18/2016 12:40:40 PM,unknown,unknown,application,ESENT,327,-0.06478435573221031,Anomalie,HIGH
12/18/2016 12:40:40 PM,unknown,unknown,application,ESENT,326,-0.06517303133758412,Anomalie,HIGH
12/18/2016 12:39:31 PM,unknown,unknown,application,Microsoft-Windows-Security-SPP,903,0.059396119711351836,Normal,NORMAL
12/18/2016 12:39:31 PM,unknown,unknown,application,Microsoft-Windows-Security-SPP,16384,-0.05418359152837304,Anomalie,HIGH
12/18/2016 12:39:01 PM,unknown,unknown,application,Microsoft-Windows-Security-SPP,902,0.06764743770437104,Normal,NORMAL
12/18/2016 12:39:01 PM,unknown,unknown,application,Microsoft-Windows-Security-SPP,1037,0.062273199506195476,Normal,NORMAL
12/18/2016 12:39:01 PM,unknown,unknown,application,Microsoft-Windows-Security-SPP,1003,0.03919458060017228,Normal,NORMAL
12/18/2016 12:39:01 PM,unknown,unknown,application,Microsoft-Windows-Security-SPP,1066,0.008381652604014467,Normal,NORMAL
12/18/2016 12:39:01 PM,unknown,unknown,application,Microsoft-Windows-Security-SPP,900,0.06385628564497658,Normal,NORMAL
12/18/2016 12:09:31 PM,unknown,unknown,application,Microsoft-Windows-Security-SPP,903,0.05839248091739241,Normal,NORMAL
12/18/2016 12:09:31 PM,unknown,unknown,application,Microsoft-Windows-Security-SPP,16384,-0.0655849862530149,Anomalie,HIGH
12/18/2016 12:09:01 PM,unknown,unknown,application,Microsoft-Windows-Security-SPP,902,0.06682585476350172,Normal,NORMAL
12/18/2016 12:09:01 PM,unknown,unknown,application,Microsoft-Windows-Security-SPP,1037,0.06186926964518241,Normal,NORMAL
12/18/2016 12:09:01 PM,unknown,unknown,application,Microsoft-Windows-Security-SPP,1003,0.04264850984856028,Normal,NORMAL
12/18/2016 12:09:01 PM,unknown,unknown,application,Microsoft-Windows-Security-SPP,1066,0.020366524459426993,Normal,NORMAL
12/18/2016 12:09:01 PM,unknown,unknown,application,Microsoft-Windows-Security-SPP,900,0.06158963486005986,Normal,NORMAL
12/18/2016 11:39:31 AM,unknown,unknown,application,Microsoft-Windows-Security-SPP,903,0.058575059613213576,Normal,NORMAL
12/18/2016 11:39:31 AM,unknown,unknown,application,Microsoft-Windows-Security-SPP,16384,-0.05786106241256106,Anomalie,HIGH
12/18/2016 11:39:01 AM,unknown,unknown,application,Microsoft-Windows-Security-SPP,902,0.06658629557681789,Normal,NORMAL
12/18/2016 11:39:01 AM,unknown,unknown,application,Microsoft-Windows-Security-SPP,1037,0.06071650557095992,Normal,NORMAL
12/18/2016 11:39:01 AM,unknown,unknown,application,Microsoft-Windows-Security-SPP,1003,0.039003176696543906,Normal,NORMAL
12/18/2016 11:39:01 AM,unknown,unknown,application,Microsoft-Windows-Security-SPP,1066,0.00848172662707869,Normal,NORMAL
12/18/2016 11:39:01 AM,unknown,unknown,application,Microsoft-Windows-Security-SPP,900,0.0637457029932032,Normal,NORMAL
12/18/2016 11:09:31 AM,unknown,unknown,application,Microsoft-Windows-Security-SPP,903,0.057797032465439324,Normal,NORMAL
12/18/2016 11:09:31 AM,unknown,unknown,application,Microsoft-Windows-Security-SPP,16384,-0.0695736875617684,Anomalie,HIGH
12/18/2016 11:09:01 AM,unknown,unknown,application,Microsoft-Windows-Security-SPP,902,0.0662415384341889,Normal,NORMAL
12/18/2016 11:09:01 AM,unknown,unknown,application,Microsoft-Windows-Security-SPP,1037,0.06098683795069121,Normal,NORMAL
12/18/2016 11:09:01 AM,unknown,unknown,application,Microsoft-Windows-Security-SPP,1003,0.04233074140009713,Normal,NORMAL
12/18/2016 11:09:01 AM,unknown,unknown,application,Microsoft-Windows-Security-SPP,1066,0.022160072900423655,Normal,NORMAL
12/18/2016 11:09:01 AM,unknown,unknown,application,Microsoft-Windows-Security-SPP,900,0.062168595246404,Normal,NORMAL
12/18/2016 10:39:31 AM,unknown,unknown,application,Microsoft-Windows-Security-SPP,903,0.05947961059209017,Normal,NORMAL
12/18/2016 10:39:31 AM,unknown,unknown,application,Microsoft-Windows-Security-SPP,16384,-0.059154071960753174,Anomalie,HIGH
12/18/2016 10:39:01 AM,unknown,unknown,application,Microsoft-Windows-Security-SPP,902,0.06747477563177601,Normal,NORMAL
12/18/2016 10:39:01 AM,unknown,unknown,application,Microsoft-Windows-Security-SPP,1037,0.06301184334607873,Normal,NORMAL
12/18/2016 10:39:01 AM,unknown,unknown,application,Microsoft-Windows-Security-SPP,1003,0.03855633027524247,Normal,NORMAL
12/18/2016 10:39:01 AM,unknown,unknown,application,Microsoft-Windows-Security-SPP,1066,0.008932000165475684,Normal,NORMAL
12/18/2016 10:39:01 AM,unknown,unknown,application,Microsoft-Windows-Security-SPP,900,0.06463988141324528,Normal,NORMAL
12/18/2016 10:09:31 AM,unknown,unknown,application,Microsoft-Windows-Security-SPP,903,0.061832176106050574,Normal,NORMAL
12/18/2016 10:09:31 AM,unknown,unknown,application,Microsoft-Windows-Security-SPP,16384,-0.07011793303365577,Anomalie,HIGH
12/18/2016 10:09:01 AM,unknown,unknown,application,Microsoft-Windows-Security-SPP,902,0.06774802763714927,Normal,NORMAL
12/18/2016 10:09:01 AM,unknown,unknown,application,Microsoft-Windows-Security-SPP,1037,0.06338101274290076,Normal,NORMAL
12/18/2016 10:09:01 AM,unknown,unknown,application,Microsoft-Windows-Security-SPP,1003,0.04336357216622028,Normal,NORMAL
12/18/2016 10:09:01 AM,unknown,unknown,application,Microsoft-Windows-Security-SPP,1066,0.02422346705996442,Normal,NORMAL
12/18/2016 10:09:00 AM,unknown,unknown,application,Microsoft-Windows-Security-SPP,900,0.0636889274451809,Normal,NORMAL
12/18/2016 9:39:31 AM,unknown,unknown,application,Microsoft-Windows-Security-SPP,903,0.058024831772406305,Normal,NORMAL
12/18/2016 9:39:31 AM,unknown,unknown,application,Microsoft-Windows-Security-SPP,16384,-0.060942165573435236,Anomalie,HIGH
12/18/2016 9:39:00 AM,unknown,unknown,application,Microsoft-Windows-Security-SPP,902,0.06624770915520267,Normal,NORMAL
12/18/2016 9:39:00 AM,unknown,unknown,application,Microsoft-Windows-Security-SPP,1037,0.06292993226005683,Normal,NORMAL
12/18/2016 9:39:00 AM,unknown,unknown,application,Microsoft-Windows-Security-SPP,1003,0.037568641164953065,Normal,NORMAL
12/18/2016 9:39:00 AM,unknown,unknown,application,Microsoft-Windows-Security-SPP,1066,0.006912149006674029,Normal,NORMAL
12/18/2016 9:39:00 AM,unknown,unknown,application,Microsoft-Windows-Security-SPP,900,0.06306689878560168,Normal,NORMAL
12/18/2016 9:09:30 AM,unknown,unknown,application,Microsoft-Windows-Security-SPP,903,0.06283189224452301,Normal,NORMAL
12/18/2016 9:09:30 AM,unknown,unknown,application,Microsoft-Windows-Security-SPP,16384,-0.07130488513330735,Anomalie,HIGH
12/18/2016 9:09:00 AM,unknown,unknown,application,Microsoft-Windows-Security-SPP,902,0.06800432041689713,Normal,NORMAL
12/18/2016 9:09:00 AM,unknown,unknown,application,Microsoft-Windows-Security-SPP,1037,0.06372753095618872,Normal,NORMAL
12/18/2016 9:09:00 AM,unknown,unknown,application,Microsoft-Windows-Security-SPP,1003,0.04349563493330422,Normal,NORMAL
12/18/2016 9:09:00 AM,unknown,unknown,application,Microsoft-Windows-Security-SPP,1066,0.02282613900314845,Normal,NORMAL
12/18/2016 9:09:00 AM,unknown,unknown,application,Microsoft-Windows-Security-SPP,900,0.06424891919356418,Normal,NORMAL
12/18/2016 8:39:30 AM,unknown,unknown,application,Microsoft-Windows-Security-SPP,903,0.056077924800334744,Normal,NORMAL
12/18/2016 8:39:30 AM,unknown,unknown,application,Microsoft-Windows-Security-SPP,16384,-0.06609618037388554,Anomalie,HIGH
12/18/2016 8:39:00 AM,unknown,unknown,application,Microsoft-Windows-Security-SPP,902,0.06433626291223671,Normal,NORMAL
12/18/2016 8:39:00 AM,unknown,unknown,application,Microsoft-Windows-Security-SPP,1037,0.060941243278276935,Normal,NORMAL
12/18/2016 8:39:00 AM,unknown,unknown,application,Microsoft-Windows-Security-SPP,1003,0.037012897233829944,Normal,NORMAL
12/18/2016 8:39:00 AM,unknown,unknown,application,Microsoft-Windows-Security-SPP,1066,0.005721500092368381,Normal,NORMAL
12/18/2016 8:39:00 AM,unknown,unknown,application,Microsoft-Windows-Security-SPP,900,0.061759565537894634,Normal,NORMAL
12/18/2016 8:09:30 AM,unknown,unknown,application,Microsoft-Windows-Security-SPP,903,0.05943461309438286,Normal,NORMAL
12/18/2016 8:09:30 AM,unknown,unknown,application,Microsoft-Windows-Security-SPP,16384,-0.07453899907113393,Anomalie,HIGH
12/18/2016 8:09:00 AM,unknown,unknown,application,Microsoft-Windows-Security-SPP,902,0.06464638299253106,Normal,NORMAL
12/18/2016 8:09:00 AM,unknown,unknown,application,Microsoft-Windows-Security-SPP,1037,0.059209244322652954,Normal,NORMAL
12/18/2016 8:09:00 AM,unknown,unknown,application,Microsoft-Windows-Security-SPP,1003,0.03834945669913675,Normal,NORMAL
12/18/2016 8:09:00 AM,unknown,unknown,application,Microsoft-Windows-Security-SPP,1066,0.0165327278324493,Normal,NORMAL
12/18/2016 8:09:00 AM,unknown,unknown,application,Microsoft-Windows-Security-SPP,900,0.06052244503394033,Normal,NORMAL
12/18/2016 7:39:30 AM,unknown,unknown,application,Microsoft-Windows-Security-SPP,903,0.052955289539107775,Normal,NORMAL
12/18/2016 7:39:30 AM,unknown,unknown,application,Microsoft-Windows-Security-SPP,16384,-0.06426903984750532,Anomalie,HIGH
12/18/2016 7:39:00 AM,unknown,unknown,application,Microsoft-Windows-Security-SPP,902,0.061352999187456736,Normal,NORMAL
12/18/2016 7:39:00 AM,unknown,unknown,application,Microsoft-Windows-Security-SPP,1037,0.05804389646912084,Normal,NORMAL
12/18/2016 7:39:00 AM,unknown,unknown,application,Microsoft-Windows-Security-SPP,1003,0.030284713952074438,Normal,NORMAL
12/18/2016 7:39:00 AM,unknown,unknown,application,Microsoft-Windows-Security-SPP,1066,-0.0013293214210802207,Anomalie,HIGH
12/18/2016 7:39:00 AM,unknown,unknown,application,Microsoft-Windows-Security-SPP,900,0.05839068115575696,Normal,NORMAL
12/18/2016 7:09:30 AM,unknown,unknown,application,Microsoft-Windows-Security-SPP,903,0.05599706332627191,Normal,NORMAL
12/18/2016 7:09:30 AM,unknown,unknown,application,Microsoft-Windows-Security-SPP,16384,-0.07223810229053451,Anomalie,HIGH
12/18/2016 7:09:00 AM,unknown,unknown,application,Microsoft-Windows-Security-SPP,902,0.06133942103146156,Normal,NORMAL
12/18/2016 7:09:00 AM,unknown,unknown,application,Microsoft-Windows-Security-SPP,1037,0.055971030733533766,Normal,NORMAL
12/18/2016 7:09:00 AM,unknown,unknown,application,Microsoft-Windows-Security-SPP,1003,0.032090964541970746,Normal,NORMAL
12/18/2016 7:09:00 AM,unknown,unknown,application,Microsoft-Windows-Security-SPP,1066,0.008751304306510166,Normal,NORMAL
12/18/2016 7:09:00 AM,unknown,unknown,application,Microsoft-Windows-Security-SPP,900,0.0562585722077239,Normal,NORMAL
12/18/2016 6:39:30 AM,unknown,unknown,application,Microsoft-Windows-Security-SPP,903,0.053107198571282266,Normal,NORMAL
12/18/2016 6:39:30 AM,unknown,unknown,application,Microsoft-Windows-Security-SPP,16384,-0.06790119522372018,Anomalie,HIGH
12/18/2016 6:38:59 AM,unknown,unknown,application,Microsoft-Windows-Security-SPP,902,0.06421531289053267,Normal,NORMAL
12/18/2016 6:38:59 AM,unknown,unknown,application,Microsoft-Windows-Security-SPP,1037,0.060990282965237286,Normal,NORMAL
12/18/2016 6:38:59 AM,unknown,unknown,application,Microsoft-Windows-Security-SPP,1003,0.03426714753697696,Normal,NORMAL
12/18/2016 6:38:59 AM,unknown,unknown,application,Microsoft-Windows-Security-SPP,1066,0.0034547831686648767,Normal,NORMAL
12/18/2016 6:38:59 AM,unknown,unknown,application,Microsoft-Windows-Security-SPP,900,0.05975306716509632,Normal,NORMAL
12/18/2016 6:09:29 AM,unknown,unknown,application,Microsoft-Windows-Security-SPP,903,0.05454898163713506,Normal,NORMAL
12/18/2016 6:09:29 AM,unknown,unknown,application,Microsoft-Windows-Security-SPP,16384,-0.07588668904672546,Anomalie,HIGH
12/18/2016 6:08:59 AM,unknown,unknown,application,Microsoft-Windows-Security-SPP,902,0.060156232544884725,Normal,NORMAL
12/18/2016 6:08:59 AM,unknown,unknown,application,Microsoft-Windows-Security-SPP,1037,0.052982299711544,Normal,NORMAL
12/18/2016 6:08:59 AM,unknown,unknown,application,Microsoft-Windows-Security-SPP,1003,0.03097080272236974,Normal,NORMAL
12/18/2016 6:08:59 AM,unknown,unknown,application,Microsoft-Windows-Security-SPP,1066,0.005267640699872955,Normal,NORMAL
12/18/2016 6:08:59 AM,unknown,unknown,application,Microsoft-Windows-Security-SPP,900,0.056290137713963684,Normal,NORMAL
12/18/2016 6:08:10 AM,unknown,unknown,application,Desktop Window Manager,9009,-0.11284281992013168,Anomalie,HIGH
12/18/2016 5:39:29 AM,unknown,unknown,application,Microsoft-Windows-Security-SPP,903,0.05082364948941148,Normal,NORMAL
12/18/2016 5:39:29 AM,unknown,unknown,application,Microsoft-Windows-Security-SPP,16384,-0.07204006362947868,Anomalie,HIGH
12/18/2016 5:38:59 AM,unknown,unknown,application,Microsoft-Windows-Security-SPP,902,0.06196839170562424,Normal,NORMAL
12/18/2016 5:38:59 AM,unknown,unknown,application,Microsoft-Windows-Security-SPP,1037,0.058503893654610784,Normal,NORMAL
12/18/2016 5:38:59 AM,unknown,unknown,application,Microsoft-Windows-Security-SPP,1003,0.0325313454435216,Normal,NORMAL
12/18/2016 5:38:59 AM,unknown,unknown,application,Microsoft-Windows-Security-SPP,1066,0.0007262675307253552,Normal,NORMAL
12/18/2016 5:38:59 AM,unknown,unknown,application,Microsoft-Windows-Security-SPP,900,0.05722310082633947,Normal,NORMAL
12/18/2016 5:09:29 AM,unknown,unknown,application,Microsoft-Windows-Security-SPP,903,0.0530168658425626,Normal,NORMAL
12/18/2016 5:09:29 AM,unknown,unknown,application,Microsoft-Windows-Security-SPP,16384,-0.07708500860675971,Anomalie,HIGH
12/18/2016 5:08:59 AM,unknown,unknown,application,Microsoft-Windows-Security-SPP,902,0.059352264326988036,Normal,NORMAL
12/18/2016 5:08:59 AM,unknown,unknown,application,Microsoft-Windows-Security-SPP,1037,0.053224698547372384,Normal,NORMAL
12/18/2016 5:08:59 AM,unknown,unknown,application,Microsoft-Windows-Security-SPP,1003,0.030657268030314433,Normal,NORMAL
12/18/2016 5:08:59 AM,unknown,unknown,application,Microsoft-Windows-Security-SPP,1066,0.004171268607541467,Normal,NORMAL
12/18/2016 5:08:59 AM,unknown,unknown,application,Microsoft-Windows-Security-SPP,900,0.055479252058706297,Normal,NORMAL
12/18/2016 4:39:29 AM,unknown,unknown,application,Microsoft-Windows-Security-SPP,903,0.047545510967000715,Normal,NORMAL
12/18/2016 4:39:29 AM,unknown,unknown,application,Microsoft-Windows-Security-SPP,16384,-0.0741566914334697,Anomalie,HIGH
12/18/2016 4:38:59 AM,unknown,unknown,application,Microsoft-Windows-Security-SPP,902,0.058573396037648495,Normal,NORMAL
12/18/2016 4:38:59 AM,unknown,unknown,application,Microsoft-Windows-Security-SPP,1037,0.0529076712515425,Normal,NORMAL
12/18/2016 4:38:59 AM,unknown,unknown,application,Microsoft-Windows-Security-SPP,1003,0.026316491133585862,Normal,NORMAL
12/18/2016 4:38:59 AM,unknown,unknown,application,Microsoft-Windows-Security-SPP,1066,-0.0028688341620018987,Anomalie,HIGH
12/18/2016 4:38:59 AM,unknown,unknown,application,Microsoft-Windows-Security-SPP,900,0.053792106113794425,Normal,NORMAL
12/18/2016 4:09:29 AM,unknown,unknown,application,Microsoft-Windows-Security-SPP,903,0.049673491017865334,Normal,NORMAL
12/18/2016 4:09:29 AM,unknown,unknown,application,Microsoft-Windows-Security-SPP,16384,-0.07948887516716563,Anomalie,HIGH
12/18/2016 4:08:59 AM,unknown,unknown,application,Microsoft-Windows-Security-SPP,902,0.05636197448641811,Normal,NORMAL
12/18/2016 4:08:59 AM,unknown,unknown,application,Microsoft-Windows-Security-SPP,1037,0.04862679290707145,Normal,NORMAL
12/18/2016 4:08:59 AM,unknown,unknown,application,Microsoft-Windows-Security-SPP,1003,0.02492844632786867,Normal,NORMAL
12/18/2016 4:08:59 AM,unknown,unknown,application,Microsoft-Windows-Security-SPP,1066,0.0011360267881603825,Normal,NORMAL
12/18/2016 4:08:59 AM,unknown,unknown,application,Microsoft-Windows-Security-SPP,900,0.05246323341169579,Normal,NORMAL
12/18/2016 3:39:29 AM,unknown,unknown,application,Microsoft-Windows-Security-SPP,903,0.04283764074109708,Normal,NORMAL
12/18/2016 3:39:29 AM,unknown,unknown,application,Microsoft-Windows-Security-SPP,16384,-0.07957513659167581,Anomalie,HIGH
12/18/2016 3:38:59 AM,unknown,unknown,application,Microsoft-Windows-Security-SPP,902,0.05490155227192833,Normal,NORMAL
12/18/2016 3:38:59 AM,unknown,unknown,application,Microsoft-Windows-Security-SPP,1037,0.04950101632833792,Normal,NORMAL
