12/13/2016 7:38:56 AM,unknown,unknown,application,Microsoft-Windows-Security-SPP,900,0.06726038773672222,Normal,NORMAL
12/13/2016 7:09:26 AM,unknown,unknown,application,Microsoft-Windows-Security-SPP,903,0.05627747499483482,Normal,NORMAL
12/13/2016 7:09:26 AM,unknown,unknown,application,Microsoft-Windows-Security-SPP,16384,-0.06860081658985862,Anomalie,HIGH
12/13/2016 7:08:56 AM,unknown,unknown,application,Microsoft-Windows-Security-SPP,902,0.058390553608464735,Normal,NORMAL
12/13/2016 7:08:56 AM,unknown,unknown,application,Microsoft-Windows-Security-SPP,1037,0.050524601830707616,Normal,NORMAL
12/13/2016 7:08:56 AM,unknown,unknown,application,Microsoft-Windows-Security-SPP,1003,0.03702617296646643,Normal,NORMAL
12/13/2016 7:08:56 AM,unknown,unknown,application,Microsoft-Windows-Security-SPP,1066,0.013668898545766028,Normal,NORMAL
12/13/2016 7:08:56 AM,unknown,unknown,application,Microsoft-Windows-Security-SPP,900,0.054011336040137636,Normal,NORMAL
12/13/2016 6:39:26 AM,unknown,unknown,application,Microsoft-Windows-Security-SPP,903,0.06341731621540092,Normal,NORMAL
12/13/2016 6:39:26 AM,unknown,unknown,application,Microsoft-Windows-Security-SPP,16384,-0.05981768199816373,Anomalie,HIGH
12/13/2016 6:38:56 AM,unknown,unknown,application,Microsoft-Windows-Security-SPP,902,0.06830721871433215,Normal,NORMAL
12/13/2016 6:38:56 AM,unknown,unknown,application,Microsoft-Windows-Security-SPP,1037,0.06341412202725655,Normal,NORMAL
12/13/2016 6:38:56 AM,unknown,unknown,application,Microsoft-Windows-Security-SPP,1003,0.05095242028526642,Normal,NORMAL
12/13/2016 6:38:56 AM,unknown,unknown,application,Microsoft-Windows-Security-SPP,1066,0.0208858239766766,Normal,NORMAL
12/13/2016 6:38:56 AM,unknown,unknown,application,Microsoft-Windows-Security-SPP,900,0.06494400276101564,Normal,NORMAL
12/13/2016 6:09:26 AM,unknown,unknown,application,Microsoft-Windows-Security-SPP,903,0.049529463522520856,Normal,NORMAL
12/13/2016 6:09:26 AM,unknown,unknown,application,Microsoft-Windows-Security-SPP,16384,-0.07577608268266656,Anomalie,HIGH
12/13/2016 6:08:56 AM,unknown,unknown,application,Microsoft-Windows-Security-SPP,902,0.050989753960451134,Normal,NORMAL
12/13/2016 6:08:56 AM,unknown,unknown,application,Microsoft-Windows-Security-SPP,1037,0.042409961364644255,Normal,NORMAL
12/13/2016 6:08:56 AM,unknown,unknown,application,Microsoft-Windows-Security-SPP,1003,0.030539423643101415,Normal,NORMAL
12/13/2016 6:08:56 AM,unknown,unknown,application,Microsoft-Windows-Security-SPP,1066,0.0057695398122812325,Normal,NORMAL
12/13/2016 6:08:56 AM,unknown,unknown,application,Microsoft-Windows-Security-SPP,900,0.04685180841309011,Normal,NORMAL
12/13/2016 5:39:26 AM,unknown,unknown,application,Microsoft-Windows-Security-SPP,903,0.062213862103096096,Normal,NORMAL
12/13/2016 5:39:26 AM,unknown,unknown,application,Microsoft-Windows-Security-SPP,16384,-0.060851974606001336,Anomalie,HIGH
12/13/2016 5:38:56 AM,unknown,unknown,application,Microsoft-Windows-Security-SPP,902,0.0679076160735867,Normal,NORMAL
12/13/2016 5:38:56 AM,unknown,unknown,application,Microsoft-Windows-Security-SPP,1037,0.06312727075531133,Normal,NORMAL
12/13/2016 5:38:55 AM,unknown,unknown,application,Microsoft-Windows-Security-SPP,1003,0.04968808253082352,Normal,NORMAL
12/13/2016 5:38:55 AM,unknown,unknown,application,Microsoft-Windows-Security-SPP,1066,0.018907001806259705,Normal,NORMAL
12/13/2016 5:38:55 AM,unknown,unknown,application,Microsoft-Windows-Security-SPP,900,0.06484229616685433,Normal,NORMAL
12/13/2016 5:09:26 AM,unknown,unknown,application,Microsoft-Windows-Security-SPP,903,0.049498640240365155,Normal,NORMAL
12/13/2016 5:09:26 AM,unknown,unknown,application,Microsoft-Windows-Security-SPP,16384,-0.07590559073206737,Anomalie,HIGH
12/13/2016 5:08:55 AM,unknown,unknown,application,Microsoft-Windows-Security-SPP,902,0.050959028537209794,Normal,NORMAL
12/13/2016 5:08:55 AM,unknown,unknown,application,Microsoft-Windows-Security-SPP,1037,0.04197764246716279,Normal,NORMAL
12/13/2016 5:08:55 AM,unknown,unknown,application,Microsoft-Windows-Security-SPP,1003,0.02862275994082608,Normal,NORMAL
12/13/2016 5:08:55 AM,unknown,unknown,application,Microsoft-Windows-Security-SPP,1066,0.002483850412188904,Normal,NORMAL
12/13/2016 5:08:55 AM,unknown,unknown,application,Microsoft-Windows-Security-SPP,900,0.04682080569236863,Normal,NORMAL
12/13/2016 4:39:25 AM,unknown,unknown,application,Microsoft-Windows-Security-SPP,903,0.057030033733427854,Normal,NORMAL
12/13/2016 4:39:25 AM,unknown,unknown,application,Microsoft-Windows-Security-SPP,16384,-0.06481915125716309,Anomalie,HIGH
12/13/2016 4:38:55 AM,unknown,unknown,application,Microsoft-Windows-Security-SPP,902,0.061882168991869324,Normal,NORMAL
12/13/2016 4:38:55 AM,unknown,unknown,application,Microsoft-Windows-Security-SPP,1037,0.05656962982012581,Normal,NORMAL
12/13/2016 4:38:55 AM,unknown,unknown,application,Microsoft-Windows-Security-SPP,1003,0.04217892168020815,Normal,NORMAL
12/13/2016 4:38:55 AM,unknown,unknown,application,Microsoft-Windows-Security-SPP,1066,0.012101046668774373,Normal,NORMAL
12/13/2016 4:38:55 AM,unknown,unknown,application,Microsoft-Windows-Security-SPP,900,0.05856253341108292,Normal,NORMAL
12/13/2016 4:09:25 AM,unknown,unknown,application,Microsoft-Windows-Security-SPP,903,0.04647517915446253,Normal,NORMAL
12/13/2016 4:09:25 AM,unknown,unknown,application,Microsoft-Windows-Security-SPP,16384,-0.0796520189367722,Anomalie,HIGH
12/13/2016 4:08:55 AM,unknown,unknown,application,Microsoft-Windows-Security-SPP,902,0.04732019793560083,Normal,NORMAL
12/13/2016 4:08:55 AM,unknown,unknown,application,Microsoft-Windows-Security-SPP,1037,0.03767682045346615,Normal,NORMAL
12/13/2016 4:08:55 AM,unknown,unknown,application,Microsoft-Windows-Security-SPP,1003,0.023751257550060356,Normal,NORMAL
12/13/2016 4:08:55 AM,unknown,unknown,application,Microsoft-Windows-Security-SPP,1066,-0.0010682360607768837,Anomalie,HIGH
12/13/2016 4:08:55 AM,unknown,unknown,application,Microsoft-Windows-Security-SPP,900,0.043149134581177084,Normal,NORMAL
12/13/2016 3:39:25 AM,unknown,unknown,application,Microsoft-Windows-Security-SPP,903,0.052844281391750625,Normal,NORMAL
12/13/2016 3:39:25 AM,unknown,unknown,application,Microsoft-Windows-Security-SPP,16384,-0.06789006536584208,Anomalie,HIGH
12/13/2016 3:38:55 AM,unknown,unknown,application,Microsoft-Windows-Security-SPP,902,0.05774130453670323,Normal,NORMAL
12/13/2016 3:38:55 AM,unknown,unknown,application,Microsoft-Windows-Security-SPP,1037,0.052180041850447556,Normal,NORMAL
12/13/2016 3:38:55 AM,unknown,unknown,application,Microsoft-Windows-Security-SPP,1003,0.038084801581227956,Normal,NORMAL
12/13/2016 3:38:55 AM,unknown,unknown,application,Microsoft-Windows-Security-SPP,1066,0.007064006861345451,Normal,NORMAL
12/13/2016 3:38:55 AM,unknown,unknown,application,Microsoft-Windows-Security-SPP,900,0.05439095847130093,Normal,NORMAL
12/13/2016 3:09:25 AM,unknown,unknown,application,Microsoft-Windows-Security-SPP,903,0.04422465988050184,Normal,NORMAL
12/13/2016 3:09:25 AM,unknown,unknown,application,Microsoft-Windows-Security-SPP,16384,-0.08233198507390405,Anomalie,HIGH
12/13/2016 3:08:55 AM,unknown,unknown,application,Microsoft-Windows-Security-SPP,902,0.04428781883887478,Normal,NORMAL
12/13/2016 3:08:55 AM,unknown,unknown,application,Microsoft-Windows-Security-SPP,1037,0.03512126556075623,Normal,NORMAL
12/13/2016 3:08:55 AM,unknown,unknown,application,Microsoft-Windows-Security-SPP,1003,0.019562617490759382,Normal,NORMAL
12/13/2016 3:08:55 AM,unknown,unknown,application,Microsoft-Windows-Security-SPP,1066,-0.004876628454388632,Anomalie,HIGH
12/13/2016 3:08:54 AM,unknown,unknown,application,Microsoft-Windows-Security-SPP,900,0.040444833877262,Normal,NORMAL
12/13/2016 2:39:25 AM,unknown,unknown,application,Microsoft-Windows-Security-SPP,903,0.046872580523182106,Normal,NORMAL
12/13/2016 2:39:25 AM,unknown,unknown,application,Microsoft-Windows-Security-SPP,16384,-0.07428343809892335,Anomalie,HIGH
12/13/2016 2:38:54 AM,unknown,unknown,application,Microsoft-Windows-Security-SPP,902,0.049329453828574454,Normal,NORMAL
12/13/2016 2:38:54 AM,unknown,unknown,application,Microsoft-Windows-Security-SPP,1037,0.043664636171162174,Normal,NORMAL
12/13/2016 2:38:54 AM,unknown,unknown,application,Microsoft-Windows-Security-SPP,1003,0.0256793511842896,Normal,NORMAL
12/13/2016 2:38:54 AM,unknown,unknown,application,Microsoft-Windows-Security-SPP,1066,-0.004573692240912974,Anomalie,HIGH
12/13/2016 2:38:54 AM,unknown,unknown,application,Microsoft-Windows-Security-SPP,900,0.046183762681013374,Normal,NORMAL
12/13/2016 2:09:24 AM,unknown,unknown,application,Microsoft-Windows-Security-SPP,903,0.03904010389659257,Normal,NORMAL
12/13/2016 2:09:24 AM,unknown,unknown,application,Microsoft-Windows-Security-SPP,16384,-0.08752869804506691,Anomalie,HIGH
12/13/2016 2:08:54 AM,unknown,unknown,application,Microsoft-Windows-Security-SPP,902,0.03993504883837862,Normal,NORMAL
12/13/2016 2:08:54 AM,unknown,unknown,application,Microsoft-Windows-Security-SPP,1037,0.030682726065042465,Normal,NORMAL
12/13/2016 2:08:54 AM,unknown,unknown,application,Microsoft-Windows-Security-SPP,1003,0.012204173991970602,Normal,NORMAL
12/13/2016 2:08:54 AM,unknown,unknown,application,Microsoft-Windows-Security-SPP,1066,-0.01224066602770335,Anomalie,HIGH
12/13/2016 2:08:54 AM,unknown,unknown,application,Microsoft-Windows-Security-SPP,900,0.03632882704423929,Normal,NORMAL
12/13/2016 1:39:24 AM,unknown,unknown,application,Microsoft-Windows-Security-SPP,903,0.044666921316204866,Normal,NORMAL
12/13/2016 1:39:24 AM,unknown,unknown,application,Microsoft-Windows-Security-SPP,16384,-0.07811451311555795,Anomalie,HIGH
12/13/2016 1:38:54 AM,unknown,unknown,application,Microsoft-Windows-Security-SPP,902,0.046749765543445176,Normal,NORMAL
12/13/2016 1:38:54 AM,unknown,unknown,application,Microsoft-Windows-Security-SPP,1037,0.04105319036260213,Normal,NORMAL
12/13/2016 1:38:54 AM,unknown,unknown,application,Microsoft-Windows-Security-SPP,1003,0.021910145656678703,Normal,NORMAL
12/13/2016 1:38:54 AM,unknown,unknown,application,Microsoft-Windows-Security-SPP,1066,-0.0062378375223577365,Anomalie,HIGH
12/13/2016 1:38:54 AM,unknown,unknown,application,Microsoft-Windows-Security-SPP,900,0.04358643934276035,Normal,NORMAL
12/13/2016 1:09:24 AM,unknown,unknown,application,Microsoft-Windows-Security-SPP,903,0.03419231747858564,Normal,NORMAL
12/13/2016 1:09:24 AM,unknown,unknown,application,Microsoft-Windows-Security-SPP,16384,-0.08881135177006305,Anomalie,HIGH
12/13/2016 1:08:54 AM,unknown,unknown,application,Microsoft-Windows-Security-SPP,902,0.03514409554618414,Normal,NORMAL
12/13/2016 1:08:54 AM,unknown,unknown,application,Microsoft-Windows-Security-SPP,1037,0.02579736906085872,Normal,NORMAL
12/13/2016 1:08:54 AM,unknown,unknown,application,Microsoft-Windows-Security-SPP,1003,0.005768883720920548,Normal,NORMAL
12/13/2016 1:08:54 AM,unknown,unknown,application,Microsoft-Windows-Security-SPP,1066,-0.016005859830936053,Anomalie,HIGH
12/13/2016 1:08:54 AM,unknown,unknown,application,Microsoft-Windows-Security-SPP,900,0.031501078589147524,Normal,NORMAL
12/13/2016 12:39:24 AM,unknown,unknown,application,Microsoft-Windows-Security-SPP,903,0.03856907527948439,Normal,NORMAL
12/13/2016 12:39:24 AM,unknown,unknown,application,Microsoft-Windows-Security-SPP,16384,-0.08098690442896561,Anomalie,HIGH
12/13/2016 12:38:54 AM,unknown,unknown,application,Microsoft-Windows-Security-SPP,902,0.04036194753178013,Normal,NORMAL
12/13/2016 12:38:54 AM,unknown,unknown,application,Microsoft-Windows-Security-SPP,1037,0.03458673444675814,Normal,NORMAL
12/13/2016 12:38:54 AM,unknown,unknown,application,Microsoft-Windows-Security-SPP,1003,0.014510094930978046,Normal,NORMAL
12/13/2016 12:38:54 AM,unknown,unknown,application,Microsoft-Windows-Security-SPP,1066,-0.01415086652259434,Anomalie,HIGH
12/13/2016 12:38:54 AM,unknown,unknown,application,Microsoft-Windows-Security-SPP,900,0.037154953454387074,Normal,NORMAL
12/13/2016 12:09:24 AM,unknown,unknown,application,Microsoft-Windows-Security-SPP,903,0.02361136433311306,Normal,NORMAL
12/13/2016 12:09:24 AM,unknown,unknown,application,Microsoft-Windows-Security-SPP,16384,-0.09602075096843277,Anomalie,HIGH
12/13/2016 12:08:54 AM,unknown,unknown,application,Microsoft-Windows-Security-SPP,902,0.024912298312118997,Normal,NORMAL
12/13/2016 12:08:54 AM,unknown,unknown,application,Microsoft-Windows-Security-SPP,1037,0.015363958581931902,Normal,NORMAL
12/13/2016 12:08:54 AM,unknown,unknown,application,Microsoft-Windows-Security-SPP,1003,-0.0054448285064093715,Anomalie,HIGH
12/13/2016 12:08:54 AM,unknown,unknown,application,Microsoft-Windows-Security-SPP,1066,-0.028519847756278693,Anomalie,HIGH
12/13/2016 12:08:53 AM,unknown,unknown,application,Microsoft-Windows-Security-SPP,900,0.021190699782063394,Normal,NORMAL
12/12/2016 11:39:24 PM,unknown,unknown,application,Microsoft-Windows-Security-SPP,903,0.012701001367845799,Normal,NORMAL
12/12/2016 11:39:24 PM,unknown,unknown,application,Microsoft-Windows-Security-SPP,16384,-0.09977235750534008,Anomalie,HIGH
12/12/2016 11:38:53 PM,unknown,unknown,application,Microsoft-Windows-Security-SPP,902,0.01876200016879126,Normal,NORMAL
12/12/2016 11:38:53 PM,unknown,unknown,application,Microsoft-Windows-Security-SPP,1037,0.009899645713599803,Normal,NORMAL
12/12/2016 11:38:53 PM,unknown,unknown,application,Microsoft-Windows-Security-SPP,1003,0.0016601608433787218,Normal,NORMAL
12/12/2016 11:38:53 PM,unknown,unknown,application,Microsoft-Windows-Security-SPP,1066,-0.01920095338017147,Anomalie,HIGH
12/12/2016 11:38:53 PM,unknown,unknown,application,Microsoft-Windows-Security-SPP,900,0.015664293671619534,Normal,NORMAL
12/12/2016 11:09:24 PM,unknown,unknown,application,Microsoft-Windows-Security-SPP,903,0.012303030309665841,Normal,NORMAL
12/12/2016 11:09:24 PM,unknown,unknown,application,Microsoft-Windows-Security-SPP,16384,-0.10085443460451449,Anomalie,HIGH
12/12/2016 11:08:53 PM,unknown,unknown,application,Microsoft-Windows-Security-SPP,902,0.013351227056504933,Normal,NORMAL
12/12/2016 11:08:53 PM,unknown,unknown,application,Microsoft-Windows-Security-SPP,1037,0.007920288954789578,Normal,NORMAL
12/12/2016 11:08:53 PM,unknown,unknown,application,Microsoft-Windows-Security-SPP,1003,-0.007238104956577507,Anomalie,HIGH
12/12/2016 11:08:53 PM,unknown,unknown,application,Microsoft-Windows-Security-SPP,1066,-0.01850935563610534,Anomalie,HIGH
12/12/2016 11:08:53 PM,unknown,unknown,application,Microsoft-Windows-Security-SPP,900,0.012730727174441347,Normal,NORMAL
12/12/2016 10:39:23 PM,unknown,unknown,application,Microsoft-Windows-Security-SPP,903,0.0162518848258959,Normal,NORMAL
12/12/2016 10:39:23 PM,unknown,unknown,application,Microsoft-Windows-Security-SPP,16384,-0.09977235750534008,Anomalie,HIGH
12/12/2016 10:38:53 PM,unknown,unknown,application,Microsoft-Windows-Security-SPP,902,0.02226956134952568,Normal,NORMAL
12/12/2016 10:38:53 PM,unknown,unknown,application,Microsoft-Windows-Security-SPP,1037,0.013134840966643857,Normal,NORMAL
12/12/2016 10:38:53 PM,unknown,unknown,application,Microsoft-Windows-Security-SPP,1003,0.00733260902860744,Normal,NORMAL
12/12/2016 10:38:53 PM,unknown,unknown,application,Microsoft-Windows-Security-SPP,1066,-0.014357685672174325,Anomalie,HIGH
12/12/2016 10:38:53 PM,unknown,unknown,application,Microsoft-Windows-Security-SPP,900,0.01919399636802177,Normal,NORMAL
12/12/2016 10:09:23 PM,unknown,unknown,application,Microsoft-Windows-Security-SPP,903,0.013825055838880218,Normal,NORMAL
12/12/2016 10:09:23 PM,unknown,unknown,application,Microsoft-Windows-Security-SPP,16384,-0.0996168450666749,Anomalie,HIGH
12/12/2016 10:08:53 PM,unknown,unknown,application,Microsoft-Windows-Security-SPP,902,0.01582343338657749,Normal,NORMAL
12/12/2016 10:08:53 PM,unknown,unknown,application,Microsoft-Windows-Security-SPP,1037,0.009793931220607732,Normal,NORMAL
12/12/2016 10:08:53 PM,unknown,unknown,application,Microsoft-Windows-Security-SPP,1003,-0.0032222545873887842,Anomalie,HIGH
12/12/2016 10:08:53 PM,unknown,unknown,application,Microsoft-Windows-Security-SPP,1066,-0.015470364322850316,Anomalie,HIGH
12/12/2016 10:08:53 PM,unknown,unknown,application,Microsoft-Windows-Security-SPP,900,0.015206025407677737,Normal,NORMAL
12/12/2016 9:39:23 PM,unknown,unknown,application,Microsoft-Windows-Security-SPP,903,0.03702197835207849,Normal,NORMAL
12/12/2016 9:39:23 PM,unknown,unknown,application,Microsoft-Windows-Security-SPP,16384,-0.08837111484581328,Anomalie,HIGH
12/12/2016 9:38:53 PM,unknown,unknown,application,Microsoft-Windows-Security-SPP,902,0.042590734250859574,Normal,NORMAL
12/12/2016 9:38:53 PM,unknown,unknown,application,Microsoft-Windows-Security-SPP,1037,0.03351508340673626,Normal,NORMAL
12/12/2016 9:38:53 PM,unknown,unknown,application,Microsoft-Windows-Security-SPP,1003,0.02501809228987456,Normal,NORMAL
12/12/2016 9:38:52 PM,unknown,unknown,application,Microsoft-Windows-Security-SPP,1066,0.0040137436764117185,Normal,NORMAL
12/12/2016 9:38:52 PM,unknown,unknown,application,Microsoft-Windows-Security-SPP,900,0.0393418838634913,Normal,NORMAL
12/12/2016 9:09:23 PM,unknown,unknown,application,Microsoft-Windows-Security-SPP,903,0.03100707699322275,Normal,NORMAL
12/12/2016 9:09:23 PM,unknown,unknown,application,Microsoft-Windows-Security-SPP,16384,-0.09549995533458444,Anomalie,HIGH
12/12/2016 9:08:52 PM,unknown,unknown,application,Microsoft-Windows-Security-SPP,902,0.032550358444235206,Normal,NORMAL
12/12/2016 9:08:52 PM,unknown,unknown,application,Microsoft-Windows-Security-SPP,1037,0.026900046071420658,Normal,NORMAL
12/12/2016 9:08:52 PM,unknown,unknown,application,Microsoft-Windows-Security-SPP,1003,0.013806795567884445,Normal,NORMAL
12/12/2016 9:08:52 PM,unknown,unknown,application,Microsoft-Windows-Security-SPP,1066,0.0012508735787634118,Normal,NORMAL
12/12/2016 9:08:52 PM,unknown,unknown,application,Microsoft-Windows-Security-SPP,900,0.0313239626396542,Normal,NORMAL
12/12/2016 8:39:22 PM,unknown,unknown,application,Microsoft-Windows-Security-SPP,903,0.0434624851090738,Normal,NORMAL
12/12/2016 8:39:22 PM,unknown,unknown,application,Microsoft-Windows-Security-SPP,16384,-0.08238378661682544,Anomalie,HIGH
12/12/2016 8:38:52 PM,unknown,unknown,application,Microsoft-Windows-Security-SPP,902,0.0489553293337992,Normal,NORMAL
12/12/2016 8:38:52 PM,unknown,unknown,application,Microsoft-Windows-Security-SPP,1037,0.04080810821577152,Normal,NORMAL
12/12/2016 8:38:52 PM,unknown,unknown,application,Microsoft-Windows-Security-SPP,1003,0.03219066148263067,Normal,NORMAL
12/12/2016 8:38:52 PM,unknown,unknown,application,Microsoft-Windows-Security-SPP,1066,0.011034155657600464,Normal,NORMAL
12/12/2016 8:38:52 PM,unknown,unknown,application,Microsoft-Windows-Security-SPP,900,0.0466910844542886,Normal,NORMAL
12/12/2016 8:09:22 PM,unknown,unknown,application,Microsoft-Windows-Security-SPP,903,0.0402537039302181,Normal,NORMAL
12/12/2016 8:09:22 PM,unknown,unknown,application,Microsoft-Windows-Security-SPP,16384,-0.08651139844585498,Anomalie,HIGH
12/12/2016 8:08:52 PM,unknown,unknown,application,Microsoft-Windows-Security-SPP,902,0.04159246534719707,Normal,NORMAL
12/12/2016 8:08:52 PM,unknown,unknown,application,Microsoft-Windows-Security-SPP,1037,0.034812829522224975,Normal,NORMAL
12/12/2016 8:08:52 PM,unknown,unknown,application,Microsoft-Windows-Security-SPP,1003,0.024378135630176268,Normal,NORMAL
12/12/2016 8:08:52 PM,unknown,unknown,application,Microsoft-Windows-Security-SPP,1066,0.011389332099142446,Normal,NORMAL
12/12/2016 8:08:52 PM,unknown,unknown,application,Microsoft-Windows-Security-SPP,900,0.04038932043430338,Normal,NORMAL
12/12/2016 7:39:22 PM,unknown,unknown,application,Microsoft-Windows-Security-SPP,903,0.05389008708042897,Normal,NORMAL
12/12/2016 7:39:22 PM,unknown,unknown,application,Microsoft-Windows-Security-SPP,16384,-0.08090131594384264,Anomalie,HIGH
12/12/2016 7:38:52 PM,unknown,unknown,application,Microsoft-Windows-Security-SPP,902,0.05926002533643199,Normal,NORMAL
12/12/2016 7:38:52 PM,unknown,unknown,application,Microsoft-Windows-Security-SPP,1037,0.05061028667247064,Normal,NORMAL
12/12/2016 7:38:52 PM,unknown,unknown,application,Microsoft-Windows-Security-SPP,1003,0.04046368898466768,Normal,NORMAL
12/12/2016 7:38:52 PM,unknown,unknown,application,Microsoft-Windows-Security-SPP,1066,0.016587971897242815,Normal,NORMAL
12/12/2016 7:38:52 PM,unknown,unknown,application,Microsoft-Windows-Security-SPP,900,0.05615660102085557,Normal,NORMAL
12/12/2016 7:09:22 PM,unknown,unknown,application,Microsoft-Windows-Security-SPP,903,0.04932794148599856,Normal,NORMAL
12/12/2016 7:09:22 PM,unknown,unknown,application,Microsoft-Windows-Security-SPP,16384,-0.08634593442793537,Anomalie,HIGH
12/12/2016 7:08:52 PM,unknown,unknown,application,Microsoft-Windows-Security-SPP,902,0.050758651019662926,Normal,NORMAL
12/12/2016 7:08:52 PM,unknown,unknown,application,Microsoft-Windows-Security-SPP,1037,0.042681903437070345,Normal,NORMAL
12/12/2016 7:08:52 PM,unknown,unknown,application,Microsoft-Windows-Security-SPP,1003,0.030023542608677845,Normal,NORMAL
12/12/2016 7:08:51 PM,unknown,unknown,application,Microsoft-Windows-Security-SPP,1066,0.01374900484514191,Normal,NORMAL
12/12/2016 7:08:51 PM,unknown,unknown,application,Microsoft-Windows-Security-SPP,900,0.04816594815596381,Normal,NORMAL
12/12/2016 6:39:22 PM,unknown,unknown,application,Microsoft-Windows-Security-SPP,903,0.05288986854809097,Normal,NORMAL
12/12/2016 6:39:22 PM,unknown,unknown,application,Microsoft-Windows-Security-SPP,16384,-0.07717061484002319,Anomalie,HIGH
12/12/2016 6:38:51 PM,unknown,unknown,application,Microsoft-Windows-Security-SPP,902,0.05857677888745433,Normal,NORMAL
12/12/2016 6:38:51 PM,unknown,unknown,application,Microsoft-Windows-Security-SPP,1037,0.04991391372577997,Normal,NORMAL
12/12/2016 6:38:51 PM,unknown,unknown,application,Microsoft-Windows-Security-SPP,1003,0.0395547098305285,Normal,NORMAL
12/12/2016 6:38:51 PM,unknown,unknown,application,Microsoft-Windows-Security-SPP,1066,0.015402170077736532,Normal,NORMAL
12/12/2016 6:38:51 PM,unknown,unknown,application,Microsoft-Windows-Security-SPP,900,0.05546864493916376,Normal,NORMAL
12/12/2016 6:09:21 PM,unknown,unknown,application,Microsoft-Windows-Security-SPP,903,0.04786129266843331,Normal,NORMAL
12/12/2016 6:09:21 PM,unknown,unknown,application,Microsoft-Windows-Security-SPP,16384,-0.08473558487984012,Anomalie,HIGH
12/12/2016 6:08:51 PM,unknown,unknown,application,Microsoft-Windows-Security-SPP,902,0.05044921049968676,Normal,NORMAL
12/12/2016 6:08:51 PM,unknown,unknown,application,Microsoft-Windows-Security-SPP,1037,0.04236701465336745,Normal,NORMAL
12/12/2016 6:08:51 PM,unknown,unknown,application,Microsoft-Windows-Security-SPP,1003,0.03025380016683249,Normal,NORMAL
12/12/2016 6:08:51 PM,unknown,unknown,application,Microsoft-Windows-Security-SPP,1066,0.013484202453824534,Normal,NORMAL
12/12/2016 6:08:51 PM,unknown,unknown,application,Microsoft-Windows-Security-SPP,900,0.04785475869821004,Normal,NORMAL
12/12/2016 5:40:05 PM,unknown,unknown,application,ESENT,326,-0.050341455425077175,Anomalie,HIGH
12/12/2016 5:40:05 PM,unknown,unknown,application,ESENT,327,-0.049505980464251365,Anomalie,HIGH
12/12/2016 5:40:05 PM,unknown,unknown,application,ESENT,326,-0.05064175373012347,Anomalie,HIGH
12/12/2016 5:40:05 PM,unknown,unknown,application,ESENT,327,-0.049584423207820305,Anomalie,HIGH
12/12/2016 5:40:05 PM,unknown,unknown,application,ESENT,327,-0.049505980464251365,Anomalie,HIGH
12/12/2016 5:40:05 PM,unknown,unknown,application,ESENT,326,-0.05064175373012347,Anomalie,HIGH
12/12/2016 5:39:21 PM,unknown,unknown,application,Microsoft-Windows-Security-SPP,903,0.05608219544689158,Normal,NORMAL
12/12/2016 5:39:21 PM,unknown,unknown,application,Microsoft-Windows-Security-SPP,16384,-0.07278567117887236,Anomalie,HIGH
12/12/2016 5:38:51 PM,unknown,unknown,application,Microsoft-Windows-Security-SPP,902,0.063852093599227,Normal,NORMAL
12/12/2016 5:38:51 PM,unknown,unknown,application,Microsoft-Windows-Security-SPP,1037,0.05473208840982602,Normal,NORMAL
12/12/2016 5:38:51 PM,unknown,unknown,application,Microsoft-Windows-Security-SPP,1003,0.041806418060717665,Normal,NORMAL
12/12/2016 5:38:51 PM,unknown,unknown,application,Microsoft-Windows-Security-SPP,1066,0.018434535148660336,Normal,NORMAL
12/12/2016 5:38:51 PM,unknown,unknown,application,Microsoft-Windows-Security-SPP,900,0.0607803225106065,Normal,NORMAL
12/12/2016 5:09:21 PM,unknown,unknown,application,Microsoft-Windows-Security-SPP,903,0.05189051101759601,Normal,NORMAL
12/12/2016 5:09:21 PM,unknown,unknown,application,Microsoft-Windows-Security-SPP,16384,-0.08072830941226139,Anomalie,HIGH
12/12/2016 5:08:51 PM,unknown,unknown,application,Microsoft-Windows-Security-SPP,902,0.056919376061581206,Normal,NORMAL
12/12/2016 5:08:51 PM,unknown,unknown,application,Microsoft-Windows-Security-SPP,1037,0.04925521739131772,Normal,NORMAL
12/12/2016 5:08:51 PM,unknown,unknown,application,Microsoft-Windows-Security-SPP,1003,0.035058709813104494,Normal,NORMAL
12/12/2016 5:08:51 PM,unknown,unknown,application,Microsoft-Windows-Security-SPP,1066,0.018174226135904137,Normal,NORMAL
12/12/2016 5:08:51 PM,unknown,unknown,application,Microsoft-Windows-Security-SPP,900,0.054361493216810164,Normal,NORMAL
12/12/2016 4:39:21 PM,unknown,unknown,application,Microsoft-Windows-Security-SPP,903,0.055750986390917745,Normal,NORMAL
12/12/2016 4:39:21 PM,unknown,unknown,application,Microsoft-Windows-Security-SPP,16384,-0.06851379147950609,Anomalie,HIGH
12/12/2016 4:38:51 PM,unknown,unknown,application,Microsoft-Windows-Security-SPP,902,0.06334542731997256,Normal,NORMAL
12/12/2016 4:38:51 PM,unknown,unknown,application,Microsoft-Windows-Security-SPP,1037,0.05421505310622071,Normal,NORMAL
12/12/2016 4:38:51 PM,unknown,unknown,application,Microsoft-Windows-Security-SPP,1003,0.04119557187529638,Normal,NORMAL
12/12/2016 4:38:51 PM,unknown,unknown,application,Microsoft-Windows-Security-SPP,1066,0.015884135327452642,Normal,NORMAL
12/12/2016 4:38:50 PM,unknown,unknown,application,Microsoft-Windows-Security-SPP,900,0.06027016376960931,Normal,NORMAL
12/12/2016 4:09:21 PM,unknown,unknown,application,Microsoft-Windows-Security-SPP,903,0.04906167506679826,Normal,NORMAL
12/12/2016 4:09:21 PM,unknown,unknown,application,Microsoft-Windows-Security-SPP,16384,-0.08123426588975025,Anomalie,HIGH
12/12/2016 4:08:50 PM,unknown,unknown,application,Microsoft-Windows-Security-SPP,902,0.05486767381507879,Normal,NORMAL
12/12/2016 4:08:50 PM,unknown,unknown,application,Microsoft-Windows-Security-SPP,1037,0.04685586587967139,Normal,NORMAL
12/12/2016 4:08:50 PM,unknown,unknown,application,Microsoft-Windows-Security-SPP,1003,0.032827374117409325,Normal,NORMAL
12/12/2016 4:08:50 PM,unknown,unknown,application,Microsoft-Windows-Security-SPP,1066,0.01655878111392517,Normal,NORMAL
12/12/2016 4:08:50 PM,unknown,unknown,application,Microsoft-Windows-Security-SPP,900,0.05229819488209214,Normal,NORMAL
12/12/2016 3:39:20 PM,unknown,unknown,application,Microsoft-Windows-Security-SPP,903,0.060679221502019376,Normal,NORMAL
12/12/2016 3:39:20 PM,unknown,unknown,application,Microsoft-Windows-Security-SPP,16384,-0.0626508034730926,Anomalie,HIGH
12/12/2016 3:38:50 PM,unknown,unknown,application,Microsoft-Windows-Security-SPP,902,0.06925292243809616,Normal,NORMAL
12/12/2016 3:38:50 PM,unknown,unknown,application,Microsoft-Windows-Security-SPP,1037,0.06097064856426526,Normal,NORMAL
12/12/2016 3:38:50 PM,unknown,unknown,application,Microsoft-Windows-Security-SPP,1003,0.04776212850373385,Normal,NORMAL
12/12/2016 3:38:50 PM,unknown,unknown,application,Microsoft-Windows-Security-SPP,1066,0.023593422235243577,Normal,NORMAL
12/12/2016 3:38:50 PM,unknown,unknown,application,Microsoft-Windows-Security-SPP,900,0.06560670213374498,Normal,NORMAL
12/12/2016 3:09:20 PM,unknown,unknown,application,Microsoft-Windows-Security-SPP,903,0.054323700650539264,Normal,NORMAL
12/12/2016 3:09:20 PM,unknown,unknown,application,Microsoft-Windows-Security-SPP,16384,-0.07624285198560854,Anomalie,HIGH
12/12/2016 3:08:50 PM,unknown,unknown,application,Microsoft-Windows-Security-SPP,902,0.05863785709202107,Normal,NORMAL
12/12/2016 3:08:50 PM,unknown,unknown,application,Microsoft-Windows-Security-SPP,1037,0.051125137736276194,Normal,NORMAL
12/12/2016 3:08:50 PM,unknown,unknown,application,Microsoft-Windows-Security-SPP,1003,0.038547440877590544,Normal,NORMAL
12/12/2016 3:08:50 PM,unknown,unknown,application,Microsoft-Windows-Security-SPP,1066,0.02260402558111574,Normal,NORMAL
12/12/2016 3:08:50 PM,unknown,unknown,application,Microsoft-Windows-Security-SPP,900,0.05608968699073402,Normal,NORMAL
12/12/2016 2:39:20 PM,unknown,unknown,application,Microsoft-Windows-Security-SPP,903,0.06130173487236801,Normal,NORMAL
12/12/2016 2:39:20 PM,unknown,unknown,application,Microsoft-Windows-Security-SPP,16384,-0.05912057912751567,Anomalie,HIGH
12/12/2016 2:38:50 PM,unknown,unknown,application,Microsoft-Windows-Security-SPP,902,0.06954856345549876,Normal,NORMAL
12/12/2016 2:38:50 PM,unknown,unknown,application,Microsoft-Windows-Security-SPP,1037,0.060200554205670276,Normal,NORMAL
12/12/2016 2:38:50 PM,unknown,unknown,application,Microsoft-Windows-Security-SPP,1003,0.049165541705340154,Normal,NORMAL
12/12/2016 2:38:50 PM,unknown,unknown,application,Microsoft-Windows-Security-SPP,1066,0.024510622263968163,Normal,NORMAL
12/12/2016 2:38:50 PM,unknown,unknown,application,Microsoft-Windows-Security-SPP,900,0.06554227915576732,Normal,NORMAL
12/12/2016 2:09:20 PM,unknown,unknown,application,Microsoft-Windows-Security-SPP,903,0.054697205357246315,Normal,NORMAL
12/12/2016 2:09:20 PM,unknown,unknown,application,Microsoft-Windows-Security-SPP,16384,-0.07375297479191312,Anomalie,HIGH
12/12/2016 2:08:50 PM,unknown,unknown,application,Microsoft-Windows-Security-SPP,902,0.05809252890372468,Normal,NORMAL
12/12/2016 2:08:50 PM,unknown,unknown,application,Microsoft-Windows-Security-SPP,1037,0.0499760370642367,Normal,NORMAL
12/12/2016 2:08:50 PM,unknown,unknown,application,Microsoft-Windows-Security-SPP,1003,0.037964695366903944,Normal,NORMAL
12/12/2016 2:08:50 PM,unknown,unknown,application,Microsoft-Windows-Security-SPP,1066,0.021108013271647796,Normal,NORMAL
12/12/2016 2:08:50 PM,unknown,unknown,application,Microsoft-Windows-Security-SPP,900,0.05482600800572879,Normal,NORMAL
12/12/2016 1:39:20 PM,unknown,unknown,application,Microsoft-Windows-Security-SPP,903,0.06154241107542524,Normal,NORMAL
12/12/2016 1:39:20 PM,unknown,unknown,application,Microsoft-Windows-Security-SPP,16384,-0.05962884625063525,Anomalie,HIGH
12/12/2016 1:38:50 PM,unknown,unknown,application,Microsoft-Windows-Security-SPP,902,0.0704091597353032,Normal,NORMAL
12/12/2016 1:38:50 PM,unknown,unknown,application,Microsoft-Windows-Security-SPP,1037,0.06198867298728872,Normal,NORMAL
12/12/2016 1:38:50 PM,unknown,unknown,application,Microsoft-Windows-Security-SPP,1003,0.05221013555630538,Normal,NORMAL
12/12/2016 1:38:50 PM,unknown,unknown,application,Microsoft-Windows-Security-SPP,1066,0.02572810661167968,Normal,NORMAL
12/12/2016 1:38:50 PM,unknown,unknown,application,Microsoft-Windows-Security-SPP,900,0.06641071242628083,Normal,NORMAL
12/12/2016 1:09:20 PM,unknown,unknown,application,Microsoft-Windows-Security-SPP,903,0.05727532351256748,Normal,NORMAL
12/12/2016 1:09:20 PM,unknown,unknown,application,Microsoft-Windows-Security-SPP,16384,-0.0703428134212154,Anomalie,HIGH
12/12/2016 1:08:50 PM,unknown,unknown,application,Microsoft-Windows-Security-SPP,902,0.06128871709562439,Normal,NORMAL
12/12/2016 1:08:50 PM,unknown,unknown,application,Microsoft-Windows-Security-SPP,1037,0.05384667304050428,Normal,NORMAL
12/12/2016 1:08:50 PM,unknown,unknown,application,Microsoft-Windows-Security-SPP,1003,0.04198874854586421,Normal,NORMAL
12/12/2016 1:08:50 PM,unknown,unknown,application,Microsoft-Windows-Security-SPP,1066,0.022936222480170687,Normal,NORMAL
12/12/2016 1:08:49 PM,unknown,unknown,application,Microsoft-Windows-Security-SPP,900,0.058045325448016494,Normal,NORMAL
12/12/2016 12:39:20 PM,unknown,unknown,application,Microsoft-Windows-Security-SPP,903,0.06323457069033306,Normal,NORMAL
12/12/2016 12:39:20 PM,unknown,unknown,application,Microsoft-Windows-Security-SPP,16384,-0.05667343351021559,Anomalie,HIGH
12/12/2016 12:38:49 PM,unknown,unknown,application,Microsoft-Windows-Security-SPP,902,0.07206782423788771,Normal,NORMAL
12/12/2016 12:38:49 PM,unknown,unknown,application,Microsoft-Windows-Security-SPP,1037,0.06434986203263376,Normal,NORMAL
12/12/2016 12:38:49 PM,unknown,unknown,application,Microsoft-Windows-Security-SPP,1003,0.055273937321831446,Normal,NORMAL
12/12/2016 12:38:49 PM,unknown,unknown,application,Microsoft-Windows-Security-SPP,1066,0.030167452024841,Normal,NORMAL
12/12/2016 12:38:49 PM,unknown,unknown,application,Microsoft-Windows-Security-SPP,900,0.06808448150066193,Normal,NORMAL
12/12/2016 12:09:19 PM,unknown,unknown,application,Microsoft-Windows-Security-SPP,903,0.0592576667969581,Normal,NORMAL
12/12/2016 12:09:19 PM,unknown,unknown,application,Microsoft-Windows-Security-SPP,16384,-0.06787801668339122,Anomalie,HIGH
12/12/2016 12:08:49 PM,unknown,unknown,application,Microsoft-Windows-Security-SPP,902,0.06355528039974018,Normal,NORMAL
12/12/2016 12:08:49 PM,unknown,unknown,application,Microsoft-Windows-Security-SPP,1037,0.056832912649712686,Normal,NORMAL
12/12/2016 12:08:49 PM,unknown,unknown,application,Microsoft-Windows-Security-SPP,1003,0.044399029218592845,Normal,NORMAL
12/12/2016 12:08:49 PM,unknown,unknown,application,Microsoft-Windows-Security-SPP,1066,0.026031448880042662,Normal,NORMAL
12/12/2016 12:08:49 PM,unknown,unknown,application,Microsoft-Windows-Security-SPP,900,0.05971288876916575,Normal,NORMAL
12/12/2016 11:39:19 AM,unknown,unknown,application,Microsoft-Windows-Security-SPP,903,0.06336620224449913,Normal,NORMAL
12/12/2016 11:39:19 AM,unknown,unknown,application,Microsoft-Windows-Security-SPP,16384,-0.05843095739055515,Anomalie,HIGH
12/12/2016 11:38:49 AM,unknown,unknown,application,Microsoft-Windows-Security-SPP,902,0.07102030837645007,Normal,NORMAL
12/12/2016 11:38:49 AM,unknown,unknown,application,Microsoft-Windows-Security-SPP,1037,0.06371980919392084,Normal,NORMAL
12/12/2016 11:38:49 AM,unknown,unknown,application,Microsoft-Windows-Security-SPP,1003,0.0541012329252446,Normal,NORMAL
12/12/2016 11:38:49 AM,unknown,unknown,application,Microsoft-Windows-Security-SPP,1066,0.030415307006535997,Normal,NORMAL
12/12/2016 11:38:49 AM,unknown,unknown,application,Microsoft-Windows-Security-SPP,900,0.06754562636042705,Normal,NORMAL
12/12/2016 11:09:19 AM,unknown,unknown,application,Microsoft-Windows-Security-SPP,903,0.05957422126806644,Normal,NORMAL
12/12/2016 11:09:19 AM,unknown,unknown,application,Microsoft-Windows-Security-SPP,16384,-0.07071452677183465,Anomalie,HIGH
12/12/2016 11:08:49 AM,unknown,unknown,application,Microsoft-Windows-Security-SPP,902,0.06411485067058426,Normal,NORMAL
12/12/2016 11:08:49 AM,unknown,unknown,application,Microsoft-Windows-Security-SPP,1037,0.05783566438597043,Normal,NORMAL
12/12/2016 11:08:49 AM,unknown,unknown,application,Microsoft-Windows-Security-SPP,1003,0.044506888347560225,Normal,NORMAL
12/12/2016 11:08:49 AM,unknown,unknown,application,Microsoft-Windows-Security-SPP,1066,0.02805256413772439,Normal,NORMAL
12/12/2016 11:08:49 AM,unknown,unknown,application,Microsoft-Windows-Security-SPP,900,0.06094767073386781,Normal,NORMAL
12/12/2016 10:39:19 AM,unknown,unknown,application,Microsoft-Windows-Security-SPP,903,0.0642545862903579,Normal,NORMAL
12/12/2016 10:39:19 AM,unknown,unknown,application,Microsoft-Windows-Security-SPP,16384,-0.05675669588312915,Anomalie,HIGH
12/12/2016 10:38:49 AM,unknown,unknown,application,Microsoft-Windows-Security-SPP,902,0.07237999648712418,Normal,NORMAL
12/12/2016 10:38:49 AM,unknown,unknown,application,Microsoft-Windows-Security-SPP,1037,0.06589646217187872,Normal,NORMAL
12/12/2016 10:38:49 AM,unknown,unknown,application,Microsoft-Windows-Security-SPP,1003,0.05361115145953588,Normal,NORMAL
12/12/2016 10:38:49 AM,unknown,unknown,application,Microsoft-Windows-Security-SPP,1066,0.029213626699653106,Normal,NORMAL
12/12/2016 10:38:49 AM,unknown,unknown,application,Microsoft-Windows-Security-SPP,900,0.06891608948325073,Normal,NORMAL
12/12/2016 10:09:19 AM,unknown,unknown,application,Microsoft-Windows-Security-SPP,903,0.06191928597992574,Normal,NORMAL
12/12/2016 10:09:19 AM,unknown,unknown,application,Microsoft-Windows-Security-SPP,16384,-0.07009665084467909,Anomalie,HIGH
12/12/2016 10:08:49 AM,unknown,unknown,application,Microsoft-Windows-Security-SPP,902,0.06573780912896038,Normal,NORMAL
12/12/2016 10:08:49 AM,unknown,unknown,application,Microsoft-Windows-Security-SPP,1037,0.060018231830778146,Normal,NORMAL
12/12/2016 10:08:49 AM,unknown,unknown,application,Microsoft-Windows-Security-SPP,1003,0.04490806494152111,Normal,NORMAL
12/12/2016 10:08:49 AM,unknown,unknown,application,Microsoft-Windows-Security-SPP,1066,0.02714727651112786,Normal,NORMAL
12/12/2016 10:08:49 AM,unknown,unknown,application,Microsoft-Windows-Security-SPP,900,0.06258217055509396,Normal,NORMAL
12/12/2016 9:39:19 AM,unknown,unknown,application,Microsoft-Windows-Security-SPP,903,0.06270873787374531,Normal,NORMAL
12/12/2016 9:39:19 AM,unknown,unknown,application,Microsoft-Windows-Security-SPP,16384,-0.058412800334683546,Anomalie,HIGH
12/12/2016 9:38:49 AM,unknown,unknown,application,Microsoft-Windows-Security-SPP,902,0.07050389840971466,Normal,NORMAL
12/12/2016 9:38:48 AM,unknown,unknown,application,Microsoft-Windows-Security-SPP,1037,0.06450664718426541,Normal,NORMAL
12/12/2016 9:38:48 AM,unknown,unknown,application,Microsoft-Windows-Security-SPP,1003,0.051927369871640205,Normal,NORMAL
12/12/2016 9:38:48 AM,unknown,unknown,application,Microsoft-Windows-Security-SPP,1066,0.027200925000626264,Normal,NORMAL
12/12/2016 9:38:48 AM,unknown,unknown,application,Microsoft-Windows-Security-SPP,900,0.06668982123048195,Normal,NORMAL
12/12/2016 9:09:18 AM,unknown,unknown,application,Microsoft-Windows-Security-SPP,903,0.06064362946821855,Normal,NORMAL
12/12/2016 9:09:18 AM,unknown,unknown,application,Microsoft-Windows-Security-SPP,16384,-0.07147103054239423,Anomalie,HIGH
12/12/2016 9:08:48 AM,unknown,unknown,application,Microsoft-Windows-Security-SPP,902,0.06435872143326454,Normal,NORMAL
12/12/2016 9:08:48 AM,unknown,unknown,application,Microsoft-Windows-Security-SPP,1037,0.058368443502020584,Normal,NORMAL
12/12/2016 9:08:48 AM,unknown,unknown,application,Microsoft-Windows-Security-SPP,1003,0.043668767186044954,Normal,NORMAL
12/12/2016 9:08:48 AM,unknown,unknown,application,Microsoft-Windows-Security-SPP,1066,0.025274720736412237,Normal,NORMAL
12/12/2016 9:08:48 AM,unknown,unknown,application,Microsoft-Windows-Security-SPP,900,0.06119327573746236,Normal,NORMAL
12/12/2016 8:39:18 AM,unknown,unknown,application,Microsoft-Windows-Security-SPP,903,0.056752582635372695,Normal,NORMAL
12/12/2016 8:39:18 AM,unknown,unknown,application,Microsoft-Windows-Security-SPP,16384,-0.06323720823908152,Anomalie,HIGH
12/12/2016 8:38:48 AM,unknown,unknown,application,Microsoft-Windows-Security-SPP,902,0.06465166314954618,Normal,NORMAL
12/12/2016 8:38:48 AM,unknown,unknown,application,Microsoft-Windows-Security-SPP,1037,0.05826927601888143,Normal,NORMAL
12/12/2016 8:38:48 AM,unknown,unknown,application,Microsoft-Windows-Security-SPP,1003,0.04727438103763548,Normal,NORMAL
12/12/2016 8:38:48 AM,unknown,unknown,application,Microsoft-Windows-Security-SPP,1066,0.020394836418297202,Normal,NORMAL
12/12/2016 8:38:48 AM,unknown,unknown,application,Microsoft-Windows-Security-SPP,900,0.060894271986123905,Normal,NORMAL
12/12/2016 8:16:55 AM,unknown,unknown,application,Desktop Window Manager,9009,-0.12046151563157781,Anomalie,HIGH
12/12/2016 8:09:18 AM,unknown,unknown,application,Microsoft-Windows-Security-SPP,903,0.052726361970948266,Normal,NORMAL
12/12/2016 8:09:18 AM,unknown,unknown,application,Microsoft-Windows-Security-SPP,16384,-0.07586433272180093,Anomalie,HIGH
12/12/2016 8:08:48 AM,unknown,unknown,application,Microsoft-Windows-Security-SPP,902,0.05650698543189492,Normal,NORMAL
12/12/2016 8:08:48 AM,unknown,unknown,application,Microsoft-Windows-Security-SPP,1037,0.05041104339397773,Normal,NORMAL
12/12/2016 8:08:48 AM,unknown,unknown,application,Microsoft-Windows-Security-SPP,1003,0.03626649530484699,Normal,NORMAL
12/12/2016 8:08:48 AM,unknown,unknown,application,Microsoft-Windows-Security-SPP,1066,0.016327869672097428,Normal,NORMAL
12/12/2016 8:08:48 AM,unknown,unknown,application,Microsoft-Windows-Security-SPP,900,0.05328570359701734,Normal,NORMAL
12/12/2016 7:39:18 AM,unknown,unknown,application,Microsoft-Windows-Security-SPP,903,0.05028695888393009,Normal,NORMAL
12/12/2016 7:39:18 AM,unknown,unknown,application,Microsoft-Windows-Security-SPP,16384,-0.06336394166413695,Anomalie,HIGH
12/12/2016 7:38:48 AM,unknown,unknown,application,Microsoft-Windows-Security-SPP,902,0.057924071518957676,Normal,NORMAL
12/12/2016 7:38:48 AM,unknown,unknown,application,Microsoft-Windows-Security-SPP,1037,0.05177427602203166,Normal,NORMAL
12/12/2016 7:38:48 AM,unknown,unknown,application,Microsoft-Windows-Security-SPP,1003,0.04057680998519131,Normal,NORMAL
12/12/2016 7:38:48 AM,unknown,unknown,application,Microsoft-Windows-Security-SPP,1066,0.015381058359290989,Normal,NORMAL
12/12/2016 7:38:48 AM,unknown,unknown,application,Microsoft-Windows-Security-SPP,900,0.05410985439815802,Normal,NORMAL
12/12/2016 7:09:18 AM,unknown,unknown,application,Microsoft-Windows-Security-SPP,903,0.04494872759777557,Normal,NORMAL
12/12/2016 7:09:18 AM,unknown,unknown,application,Microsoft-Windows-Security-SPP,16384,-0.0780513340486042,Anomalie,HIGH
12/12/2016 7:08:48 AM,unknown,unknown,application,Microsoft-Windows-Security-SPP,902,0.04893325596319198,Normal,NORMAL
12/12/2016 7:08:48 AM,unknown,unknown,application,Microsoft-Windows-Security-SPP,1037,0.042755089150003145,Normal,NORMAL
12/12/2016 7:08:48 AM,unknown,unknown,application,Microsoft-Windows-Security-SPP,1003,0.028683176378316855,Normal,NORMAL
12/12/2016 7:08:48 AM,unknown,unknown,application,Microsoft-Windows-Security-SPP,1066,0.009504908604486828,Normal,NORMAL
12/12/2016 7:08:47 AM,unknown,unknown,application,Microsoft-Windows-Security-SPP,900,0.04508778159030147,Normal,NORMAL
12/12/2016 6:39:18 AM,unknown,unknown,application,Microsoft-Windows-Security-SPP,903,0.05016439805457645,Normal,NORMAL
12/12/2016 6:39:18 AM,unknown,unknown,application,Microsoft-Windows-Security-SPP,16384,-0.06683784294121864,Anomalie,HIGH
12/12/2016 6:38:47 AM,unknown,unknown,application,Microsoft-Windows-Security-SPP,902,0.05749784279882847,Normal,NORMAL
12/12/2016 6:38:47 AM,unknown,unknown,application,Microsoft-Windows-Security-SPP,1037,0.051342242530619586,Normal,NORMAL
12/12/2016 6:38:47 AM,unknown,unknown,application,Microsoft-Windows-Security-SPP,1003,0.04006834358855432,Normal,NORMAL
12/12/2016 6:38:47 AM,unknown,unknown,application,Microsoft-Windows-Security-SPP,1066,0.014914673432146253,Normal,NORMAL
12/12/2016 6:38:47 AM,unknown,unknown,application,Microsoft-Windows-Security-SPP,900,0.053680025451318725,Normal,NORMAL
12/12/2016 6:09:17 AM,unknown,unknown,application,Microsoft-Windows-Security-SPP,903,0.03877787062660998,Normal,NORMAL
12/12/2016 6:09:17 AM,unknown,unknown,application,Microsoft-Windows-Security-SPP,16384,-0.08209737406206652,Anomalie,HIGH
12/12/2016 6:08:47 AM,unknown,unknown,application,Microsoft-Windows-Security-SPP,902,0.04243394663518274,Normal,NORMAL
12/12/2016 6:08:47 AM,unknown,unknown,application,Microsoft-Windows-Security-SPP,1037,0.036775772706244936,Normal,NORMAL
12/12/2016 6:08:47 AM,unknown,unknown,application,Microsoft-Windows-Security-SPP,1003,0.024414004964634473,Normal,NORMAL
12/12/2016 6:08:47 AM,unknown,unknown,application,Microsoft-Windows-Security-SPP,1066,0.0049440267662937964,Normal,NORMAL
12/12/2016 6:08:47 AM,unknown,unknown,application,Microsoft-Windows-Security-SPP,900,0.03885273757647845,Normal,NORMAL
12/12/2016 5:39:17 AM,unknown,unknown,application,Microsoft-Windows-Security-SPP,903,0.049236693233479234,Normal,NORMAL
12/12/2016 5:39:17 AM,unknown,unknown,application,Microsoft-Windows-Security-SPP,16384,-0.06835674029163752,Anomalie,HIGH
12/12/2016 5:38:47 AM,unknown,unknown,application,Microsoft-Windows-Security-SPP,902,0.057394432604362,Normal,NORMAL
12/12/2016 5:38:47 AM,unknown,unknown,application,Microsoft-Windows-Security-SPP,1037,0.051357697217858655,Normal,NORMAL
12/12/2016 5:38:47 AM,unknown,unknown,application,Microsoft-Windows-Security-SPP,1003,0.03909236494215301,Normal,NORMAL
12/12/2016 5:38:47 AM,unknown,unknown,application,Microsoft-Windows-Security-SPP,1066,0.013583165961491173,Normal,NORMAL
12/12/2016 5:38:47 AM,unknown,unknown,application,Microsoft-Windows-Security-SPP,900,0.053575741781822006,Normal,NORMAL
12/12/2016 5:09:17 AM,unknown,unknown,application,Microsoft-Windows-Security-SPP,903,0.03983661006645117,Normal,NORMAL
12/12/2016 5:09:17 AM,unknown,unknown,application,Microsoft-Windows-Security-SPP,16384,-0.08231131551868909,Anomalie,HIGH
12/12/2016 5:08:47 AM,unknown,unknown,application,Microsoft-Windows-Security-SPP,902,0.043484462669733825,Normal,NORMAL
12/12/2016 5:08:47 AM,unknown,unknown,application,Microsoft-Windows-Security-SPP,1037,0.03601800460433735,Normal,NORMAL
12/12/2016 5:08:47 AM,unknown,unknown,application,Microsoft-Windows-Security-SPP,1003,0.02221158851668592,Normal,NORMAL
12/12/2016 5:08:47 AM,unknown,unknown,application,Microsoft-Windows-Security-SPP,1066,0.0017242063214412129,Normal,NORMAL
12/12/2016 5:08:47 AM,unknown,unknown,application,Microsoft-Windows-Security-SPP,900,0.03991130862231734,Normal,NORMAL
12/12/2016 4:39:17 AM,unknown,unknown,application,Microsoft-Windows-Security-SPP,903,0.042286940765319025,Normal,NORMAL
12/12/2016 4:39:17 AM,unknown,unknown,application,Microsoft-Windows-Security-SPP,16384,-0.07206416814777505,Anomalie,HIGH
12/12/2016 4:38:47 AM,unknown,unknown,application,Microsoft-Windows-Security-SPP,902,0.049635420319621315,Normal,NORMAL
12/12/2016 4:38:47 AM,unknown,unknown,application,Microsoft-Windows-Security-SPP,1037,0.04332964129241107,Normal,NORMAL
12/12/2016 4:38:47 AM,unknown,unknown,application,Microsoft-Windows-Security-SPP,1003,0.031055529200391785,Normal,NORMAL
12/12/2016 4:38:47 AM,unknown,unknown,application,Microsoft-Windows-Security-SPP,1066,0.004204683205276227,Normal,NORMAL
12/12/2016 4:38:47 AM,unknown,unknown,application,Microsoft-Windows-Security-SPP,900,0.04553256262248906,Normal,NORMAL
12/12/2016 4:09:17 AM,unknown,unknown,application,Microsoft-Windows-Security-SPP,903,0.03617593221348059,Normal,NORMAL
12/12/2016 4:09:17 AM,unknown,unknown,application,Microsoft-Windows-Security-SPP,16384,-0.08569591057479164,Anomalie,HIGH
12/12/2016 4:08:46 AM,unknown,unknown,application,Microsoft-Windows-Security-SPP,902,0.03921629082762573,Normal,NORMAL
12/12/2016 4:08:46 AM,unknown,unknown,application,Microsoft-Windows-Security-SPP,1037,0.03140604675434455,Normal,NORMAL
12/12/2016 4:08:46 AM,unknown,unknown,application,Microsoft-Windows-Security-SPP,1003,0.01801757088960987,Normal,NORMAL
12/12/2016 4:08:46 AM,unknown,unknown,application,Microsoft-Windows-Security-SPP,1066,-0.0032188854542782863,Anomalie,HIGH
12/12/2016 4:08:46 AM,unknown,unknown,application,Microsoft-Windows-Security-SPP,900,0.0356104098429364,Normal,NORMAL
12/12/2016 3:39:16 AM,unknown,unknown,application,Microsoft-Windows-Security-SPP,903,0.03866848645186294,Normal,NORMAL
12/12/2016 3:39:16 AM,unknown,unknown,application,Microsoft-Windows-Security-SPP,16384,-0.07509178944654427,Anomalie,HIGH
12/12/2016 3:38:46 AM,unknown,unknown,application,Microsoft-Windows-Security-SPP,902,0.04607387982191452,Normal,NORMAL
12/12/2016 3:38:46 AM,unknown,unknown,application,Microsoft-Windows-Security-SPP,1037,0.03919607393283614,Normal,NORMAL
12/12/2016 3:38:46 AM,unknown,unknown,application,Microsoft-Windows-Security-SPP,1003,0.02758421164685909,Normal,NORMAL
12/12/2016 3:38:46 AM,unknown,unknown,application,Microsoft-Windows-Security-SPP,1066,-0.000495545702297262,Anomalie,HIGH
12/12/2016 3:38:46 AM,unknown,unknown,application,Microsoft-Windows-Security-SPP,900,0.04193924558035644,Normal,NORMAL
12/12/2016 3:09:16 AM,unknown,unknown,application,Microsoft-Windows-Security-SPP,903,0.03419703581941397,Normal,NORMAL
12/12/2016 3:09:16 AM,unknown,unknown,application,Microsoft-Windows-Security-SPP,16384,-0.08840337009577837,Anomalie,HIGH
12/12/2016 3:08:46 AM,unknown,unknown,application,Microsoft-Windows-Security-SPP,902,0.03645089823583236,Normal,NORMAL
12/12/2016 3:08:46 AM,unknown,unknown,application,Microsoft-Windows-Security-SPP,1037,0.02881652628092024,Normal,NORMAL
12/12/2016 3:08:46 AM,unknown,unknown,application,Microsoft-Windows-Security-SPP,1003,0.014114763066261138,Normal,NORMAL
12/12/2016 3:08:46 AM,unknown,unknown,application,Microsoft-Windows-Security-SPP,1066,-0.007043320219738858,Anomalie,HIGH
12/12/2016 3:08:46 AM,unknown,unknown,application,Microsoft-Windows-Security-SPP,900,0.033184760566686344,Normal,NORMAL
12/12/2016 2:39:16 AM,unknown,unknown,application,Microsoft-Windows-Security-SPP,903,0.03252006001040675,Normal,NORMAL
12/12/2016 2:39:16 AM,unknown,unknown,application,Microsoft-Windows-Security-SPP,16384,-0.0839691703521872,Anomalie,HIGH
12/12/2016 2:38:46 AM,unknown,unknown,application,Microsoft-Windows-Security-SPP,902,0.037453340203239927,Normal,NORMAL
12/12/2016 2:38:46 AM,unknown,unknown,application,Microsoft-Windows-Security-SPP,1037,0.030447591455385503,Normal,NORMAL
12/12/2016 2:38:46 AM,unknown,unknown,application,Microsoft-Windows-Security-SPP,1003,0.01587844618779599,Normal,NORMAL
12/12/2016 2:38:46 AM,unknown,unknown,application,Microsoft-Windows-Security-SPP,1066,-0.01127863064618273,Anomalie,HIGH
12/12/2016 2:38:46 AM,unknown,unknown,application,Microsoft-Windows-Security-SPP,900,0.03351613470102144,Normal,NORMAL
12/12/2016 2:09:16 AM,unknown,unknown,application,Microsoft-Windows-Security-SPP,903,0.028054284663720064,Normal,NORMAL
12/12/2016 2:09:16 AM,unknown,unknown,application,Microsoft-Windows-Security-SPP,16384,-0.0948788682712256,Anomalie,HIGH
