12/15/2016 5:39:09 AM,unknown,unknown,application,Microsoft-Windows-Security-SPP,1037,0.08121750187001658,Normal,NORMAL
12/15/2016 5:39:09 AM,unknown,unknown,application,Microsoft-Windows-Security-SPP,1003,0.0672623502635723,Normal,NORMAL
12/15/2016 5:39:09 AM,unknown,unknown,application,Microsoft-Windows-Security-SPP,1066,0.033307911603527696,Normal,NORMAL
12/15/2016 5:39:09 AM,unknown,unknown,application,Microsoft-Windows-Security-SPP,900,0.08174344292955815,Normal,NORMAL
12/15/2016 5:09:39 AM,unknown,unknown,application,Microsoft-Windows-Security-SPP,903,0.06823491163597278,Normal,NORMAL
12/15/2016 5:09:39 AM,unknown,unknown,application,Microsoft-Windows-Security-SPP,16384,-0.05863092084290111,Anomalie,HIGH
12/15/2016 5:09:09 AM,unknown,unknown,application,Microsoft-Windows-Security-SPP,902,0.07290501105494185,Normal,NORMAL
12/15/2016 5:09:09 AM,unknown,unknown,application,Microsoft-Windows-Security-SPP,1037,0.07089901371899071,Normal,NORMAL
12/15/2016 5:09:09 AM,unknown,unknown,application,Microsoft-Windows-Security-SPP,1003,0.05609093844117813,Normal,NORMAL
12/15/2016 5:09:09 AM,unknown,unknown,application,Microsoft-Windows-Security-SPP,1066,0.02858833916365916,Normal,NORMAL
12/15/2016 5:09:09 AM,unknown,unknown,application,Microsoft-Windows-Security-SPP,900,0.07025967141352724,Normal,NORMAL
12/15/2016 4:39:39 AM,unknown,unknown,application,Microsoft-Windows-Security-SPP,903,0.07215927963705088,Normal,NORMAL
12/15/2016 4:39:39 AM,unknown,unknown,application,Microsoft-Windows-Security-SPP,16384,-0.058304522084001165,Anomalie,HIGH
12/15/2016 4:39:09 AM,unknown,unknown,application,Microsoft-Windows-Security-SPP,902,0.07642193512794365,Normal,NORMAL
12/15/2016 4:39:09 AM,unknown,unknown,application,Microsoft-Windows-Security-SPP,1037,0.07257701673693451,Normal,NORMAL
12/15/2016 4:39:09 AM,unknown,unknown,application,Microsoft-Windows-Security-SPP,1003,0.059466349322328416,Normal,NORMAL
12/15/2016 4:39:09 AM,unknown,unknown,application,Microsoft-Windows-Security-SPP,1066,0.026622804049638293,Normal,NORMAL
12/15/2016 4:39:09 AM,unknown,unknown,application,Microsoft-Windows-Security-SPP,900,0.07424181552689973,Normal,NORMAL
12/15/2016 4:09:39 AM,unknown,unknown,application,Microsoft-Windows-Security-SPP,903,0.06214556341110922,Normal,NORMAL
12/15/2016 4:09:39 AM,unknown,unknown,application,Microsoft-Windows-Security-SPP,16384,-0.06422529703512492,Anomalie,HIGH
12/15/2016 4:09:09 AM,unknown,unknown,application,Microsoft-Windows-Security-SPP,902,0.06688011093803775,Normal,NORMAL
12/15/2016 4:09:09 AM,unknown,unknown,application,Microsoft-Windows-Security-SPP,1037,0.06363127146451858,Normal,NORMAL
12/15/2016 4:09:09 AM,unknown,unknown,application,Microsoft-Windows-Security-SPP,1003,0.04972821571893232,Normal,NORMAL
12/15/2016 4:09:09 AM,unknown,unknown,application,Microsoft-Windows-Security-SPP,1066,0.023559980576961848,Normal,NORMAL
12/15/2016 4:09:08 AM,unknown,unknown,application,Microsoft-Windows-Security-SPP,900,0.06413577841537904,Normal,NORMAL
12/15/2016 3:53:24 AM,unknown,unknown,application,Desktop Window Manager,9009,-0.10185105303320852,Anomalie,HIGH
12/15/2016 3:39:39 AM,unknown,unknown,application,Microsoft-Windows-Security-SPP,903,0.06719862791795095,Normal,NORMAL
12/15/2016 3:39:39 AM,unknown,unknown,application,Microsoft-Windows-Security-SPP,16384,-0.0614217628746232,Anomalie,HIGH
12/15/2016 3:39:08 AM,unknown,unknown,application,Microsoft-Windows-Security-SPP,902,0.07150963513403846,Normal,NORMAL
12/15/2016 3:39:08 AM,unknown,unknown,application,Microsoft-Windows-Security-SPP,1037,0.06762110345130645,Normal,NORMAL
12/15/2016 3:39:08 AM,unknown,unknown,application,Microsoft-Windows-Security-SPP,1003,0.05526905287370826,Normal,NORMAL
12/15/2016 3:39:08 AM,unknown,unknown,application,Microsoft-Windows-Security-SPP,1066,0.01975647387575491,Normal,NORMAL
12/15/2016 3:39:08 AM,unknown,unknown,application,Microsoft-Windows-Security-SPP,900,0.0693047862195263,Normal,NORMAL
12/15/2016 3:09:38 AM,unknown,unknown,application,Microsoft-Windows-Security-SPP,903,0.06046132475915905,Normal,NORMAL
12/15/2016 3:09:38 AM,unknown,unknown,application,Microsoft-Windows-Security-SPP,16384,-0.06805281391599882,Anomalie,HIGH
12/15/2016 3:09:08 AM,unknown,unknown,application,Microsoft-Windows-Security-SPP,902,0.0652136978382587,Normal,NORMAL
12/15/2016 3:09:08 AM,unknown,unknown,application,Microsoft-Windows-Security-SPP,1037,0.061952626497343344,Normal,NORMAL
12/15/2016 3:09:08 AM,unknown,unknown,application,Microsoft-Windows-Security-SPP,1003,0.047151336421035805,Normal,NORMAL
12/15/2016 3:09:08 AM,unknown,unknown,application,Microsoft-Windows-Security-SPP,1066,0.020028647542736255,Normal,NORMAL
12/15/2016 3:09:08 AM,unknown,unknown,application,Microsoft-Windows-Security-SPP,900,0.06245903291482052,Normal,NORMAL
12/15/2016 2:39:38 AM,unknown,unknown,application,Microsoft-Windows-Security-SPP,903,0.06241129669685258,Normal,NORMAL
12/15/2016 2:39:38 AM,unknown,unknown,application,Microsoft-Windows-Security-SPP,16384,-0.0651272434325122,Anomalie,HIGH
12/15/2016 2:39:08 AM,unknown,unknown,application,Microsoft-Windows-Security-SPP,902,0.06591630030913692,Normal,NORMAL
12/15/2016 2:39:08 AM,unknown,unknown,application,Microsoft-Windows-Security-SPP,1037,0.061978108845096025,Normal,NORMAL
12/15/2016 2:39:08 AM,unknown,unknown,application,Microsoft-Windows-Security-SPP,1003,0.04661980661846815,Normal,NORMAL
12/15/2016 2:39:08 AM,unknown,unknown,application,Microsoft-Windows-Security-SPP,1066,0.011363114014514064,Normal,NORMAL
12/15/2016 2:39:08 AM,unknown,unknown,application,Microsoft-Windows-Security-SPP,900,0.06368329364155811,Normal,NORMAL
12/15/2016 2:09:38 AM,unknown,unknown,application,Microsoft-Windows-Security-SPP,903,0.05730936822293614,Normal,NORMAL
12/15/2016 2:09:38 AM,unknown,unknown,application,Microsoft-Windows-Security-SPP,16384,-0.0704834874372221,Anomalie,HIGH
12/15/2016 2:09:08 AM,unknown,unknown,application,Microsoft-Windows-Security-SPP,902,0.06097506654310647,Normal,NORMAL
12/15/2016 2:09:08 AM,unknown,unknown,application,Microsoft-Windows-Security-SPP,1037,0.0576828826431558,Normal,NORMAL
12/15/2016 2:09:08 AM,unknown,unknown,application,Microsoft-Windows-Security-SPP,1003,0.04075650860406377,Normal,NORMAL
12/15/2016 2:09:08 AM,unknown,unknown,application,Microsoft-Windows-Security-SPP,1066,0.013003201193146408,Normal,NORMAL
12/15/2016 2:09:08 AM,unknown,unknown,application,Microsoft-Windows-Security-SPP,900,0.05845408897752791,Normal,NORMAL
12/15/2016 1:39:38 AM,unknown,unknown,application,Microsoft-Windows-Security-SPP,903,0.05991261353522881,Normal,NORMAL
12/15/2016 1:39:38 AM,unknown,unknown,application,Microsoft-Windows-Security-SPP,16384,-0.06928968958007975,Anomalie,HIGH
12/15/2016 1:39:08 AM,unknown,unknown,application,Microsoft-Windows-Security-SPP,902,0.06373889554202106,Normal,NORMAL
12/15/2016 1:39:08 AM,unknown,unknown,application,Microsoft-Windows-Security-SPP,1037,0.059781372239650965,Normal,NORMAL
12/15/2016 1:39:08 AM,unknown,unknown,application,Microsoft-Windows-Security-SPP,1003,0.04365247840858394,Normal,NORMAL
12/15/2016 1:39:08 AM,unknown,unknown,application,Microsoft-Windows-Security-SPP,1066,0.009750560231561567,Normal,NORMAL
12/15/2016 1:39:08 AM,unknown,unknown,application,Microsoft-Windows-Security-SPP,900,0.06149492746632401,Normal,NORMAL
12/15/2016 1:09:38 AM,unknown,unknown,application,Microsoft-Windows-Security-SPP,903,0.05138131116209854,Normal,NORMAL
12/15/2016 1:09:38 AM,unknown,unknown,application,Microsoft-Windows-Security-SPP,16384,-0.07372236521456976,Anomalie,HIGH
12/15/2016 1:09:08 AM,unknown,unknown,application,Microsoft-Windows-Security-SPP,902,0.054525445622871815,Normal,NORMAL
12/15/2016 1:09:08 AM,unknown,unknown,application,Microsoft-Windows-Security-SPP,1037,0.051185919975629934,Normal,NORMAL
12/15/2016 1:09:08 AM,unknown,unknown,application,Microsoft-Windows-Security-SPP,1003,0.03357980741345429,Normal,NORMAL
12/15/2016 1:09:08 AM,unknown,unknown,application,Microsoft-Windows-Security-SPP,1066,0.0076418603377653715,Normal,NORMAL
12/15/2016 1:09:08 AM,unknown,unknown,application,Microsoft-Windows-Security-SPP,900,0.051968216290544156,Normal,NORMAL
12/15/2016 1:08:28 AM,unknown,unknown,application,Desktop Window Manager,9009,-0.10965681490186585,Anomalie,HIGH
12/15/2016 12:39:38 AM,unknown,unknown,application,Microsoft-Windows-Security-SPP,903,0.05339071924043054,Normal,NORMAL
12/15/2016 12:39:38 AM,unknown,unknown,application,Microsoft-Windows-Security-SPP,16384,-0.07172556870081936,Anomalie,HIGH
12/15/2016 12:39:08 AM,unknown,unknown,application,Microsoft-Windows-Security-SPP,902,0.0569664427711043,Normal,NORMAL
12/15/2016 12:39:08 AM,unknown,unknown,application,Microsoft-Windows-Security-SPP,1037,0.05294879102406602,Normal,NORMAL
12/15/2016 12:39:08 AM,unknown,unknown,application,Microsoft-Windows-Security-SPP,1003,0.035934478663202096,Normal,NORMAL
12/15/2016 12:39:08 AM,unknown,unknown,application,Microsoft-Windows-Security-SPP,1066,0.0013876440459433814,Normal,NORMAL
12/15/2016 12:39:08 AM,unknown,unknown,application,Microsoft-Windows-Security-SPP,900,0.05468838107170171,Normal,NORMAL
12/15/2016 12:09:38 AM,unknown,unknown,application,Microsoft-Windows-Security-SPP,903,0.04008281545029052,Normal,NORMAL
12/15/2016 12:09:38 AM,unknown,unknown,application,Microsoft-Windows-Security-SPP,16384,-0.08221015548681598,Anomalie,HIGH
12/15/2016 12:09:08 AM,unknown,unknown,application,Microsoft-Windows-Security-SPP,902,0.04298897589202927,Normal,NORMAL
12/15/2016 12:09:08 AM,unknown,unknown,application,Microsoft-Windows-Security-SPP,1037,0.03956476982071511,Normal,NORMAL
12/15/2016 12:09:08 AM,unknown,unknown,application,Microsoft-Windows-Security-SPP,1003,0.021181949913791687,Normal,NORMAL
12/15/2016 12:09:08 AM,unknown,unknown,application,Microsoft-Windows-Security-SPP,1066,-0.006213422721211503,Anomalie,HIGH
12/15/2016 12:09:07 AM,unknown,unknown,application,Microsoft-Windows-Security-SPP,900,0.04036690284020794,Normal,NORMAL
12/14/2016 11:39:38 PM,unknown,unknown,application,Microsoft-Windows-Security-SPP,903,0.03868032009964317,Normal,NORMAL
12/14/2016 11:39:38 PM,unknown,unknown,application,Microsoft-Windows-Security-SPP,16384,-0.07952608005167527,Anomalie,HIGH
12/14/2016 11:39:07 PM,unknown,unknown,application,Microsoft-Windows-Security-SPP,902,0.040406682727378185,Normal,NORMAL
12/14/2016 11:39:07 PM,unknown,unknown,application,Microsoft-Windows-Security-SPP,1037,0.030180883660042124,Normal,NORMAL
12/14/2016 11:39:07 PM,unknown,unknown,application,Microsoft-Windows-Security-SPP,1003,0.021711981640406164,Normal,NORMAL
12/14/2016 11:39:07 PM,unknown,unknown,application,Microsoft-Windows-Security-SPP,1066,-0.006081357491480199,Anomalie,HIGH
12/14/2016 11:39:07 PM,unknown,unknown,application,Microsoft-Windows-Security-SPP,900,0.03900489731138751,Normal,NORMAL
12/14/2016 11:09:37 PM,unknown,unknown,application,Microsoft-Windows-Security-SPP,903,0.027338301994103642,Normal,NORMAL
12/14/2016 11:09:37 PM,unknown,unknown,application,Microsoft-Windows-Security-SPP,16384,-0.0895512771377649,Anomalie,HIGH
12/14/2016 11:09:07 PM,unknown,unknown,application,Microsoft-Windows-Security-SPP,902,0.032480209612651634,Normal,NORMAL
12/14/2016 11:09:07 PM,unknown,unknown,application,Microsoft-Windows-Security-SPP,1037,0.02658802897569973,Normal,NORMAL
12/14/2016 11:09:07 PM,unknown,unknown,application,Microsoft-Windows-Security-SPP,1003,0.010882925795895726,Normal,NORMAL
12/14/2016 11:09:07 PM,unknown,unknown,application,Microsoft-Windows-Security-SPP,1066,-0.008133904847367535,Anomalie,HIGH
12/14/2016 11:09:07 PM,unknown,unknown,application,Microsoft-Windows-Security-SPP,900,0.03188700606721623,Normal,NORMAL
12/14/2016 10:39:37 PM,unknown,unknown,application,Microsoft-Windows-Security-SPP,903,0.04337426756980606,Normal,NORMAL
12/14/2016 10:39:37 PM,unknown,unknown,application,Microsoft-Windows-Security-SPP,16384,-0.07833173802641524,Anomalie,HIGH
12/14/2016 10:39:07 PM,unknown,unknown,application,Microsoft-Windows-Security-SPP,902,0.04508341834392693,Normal,NORMAL
12/14/2016 10:39:07 PM,unknown,unknown,application,Microsoft-Windows-Security-SPP,1037,0.03463840320637429,Normal,NORMAL
12/14/2016 10:39:07 PM,unknown,unknown,application,Microsoft-Windows-Security-SPP,1003,0.028531519328712895,Normal,NORMAL
12/14/2016 10:39:07 PM,unknown,unknown,application,Microsoft-Windows-Security-SPP,1066,9.385968033770453e-05,Normal,NORMAL
12/14/2016 10:39:07 PM,unknown,unknown,application,Microsoft-Windows-Security-SPP,900,0.043695608743324454,Normal,NORMAL
12/14/2016 10:09:37 PM,unknown,unknown,application,Microsoft-Windows-Security-SPP,903,0.030322321067232427,Normal,NORMAL
12/14/2016 10:09:37 PM,unknown,unknown,application,Microsoft-Windows-Security-SPP,16384,-0.08680454236551749,Anomalie,HIGH
12/14/2016 10:09:07 PM,unknown,unknown,application,Microsoft-Windows-Security-SPP,902,0.03602593152325084,Normal,NORMAL
12/14/2016 10:09:07 PM,unknown,unknown,application,Microsoft-Windows-Security-SPP,1037,0.029576691489847817,Normal,NORMAL
12/14/2016 10:09:07 PM,unknown,unknown,application,Microsoft-Windows-Security-SPP,1003,0.015357614594380509,Normal,NORMAL
12/14/2016 10:09:07 PM,unknown,unknown,application,Microsoft-Windows-Security-SPP,1066,-0.004458703574573231,Anomalie,HIGH
12/14/2016 10:09:07 PM,unknown,unknown,application,Microsoft-Windows-Security-SPP,900,0.03543713742206955,Normal,NORMAL
12/14/2016 9:39:37 PM,unknown,unknown,application,Microsoft-Windows-Security-SPP,903,0.06181243912804707,Normal,NORMAL
12/14/2016 9:39:37 PM,unknown,unknown,application,Microsoft-Windows-Security-SPP,16384,-0.06547421161719025,Anomalie,HIGH
12/14/2016 9:39:07 PM,unknown,unknown,application,Microsoft-Windows-Security-SPP,902,0.06315209852919695,Normal,NORMAL
12/14/2016 9:39:07 PM,unknown,unknown,application,Microsoft-Windows-Security-SPP,1037,0.052027799127894514,Normal,NORMAL
12/14/2016 9:39:07 PM,unknown,unknown,application,Microsoft-Windows-Security-SPP,1003,0.04165177469611148,Normal,NORMAL
12/14/2016 9:39:07 PM,unknown,unknown,application,Microsoft-Windows-Security-SPP,1066,0.0137951112967995,Normal,NORMAL
12/14/2016 9:39:07 PM,unknown,unknown,application,Microsoft-Windows-Security-SPP,900,0.06153095444336759,Normal,NORMAL
12/14/2016 9:09:37 PM,unknown,unknown,application,Microsoft-Windows-Security-SPP,903,0.04657410507265847,Normal,NORMAL
12/14/2016 9:09:37 PM,unknown,unknown,application,Microsoft-Windows-Security-SPP,16384,-0.07958728788614555,Anomalie,HIGH
12/14/2016 9:09:07 PM,unknown,unknown,application,Microsoft-Windows-Security-SPP,902,0.051464902892392195,Normal,NORMAL
12/14/2016 9:09:07 PM,unknown,unknown,application,Microsoft-Windows-Security-SPP,1037,0.0446047572764357,Normal,NORMAL
12/14/2016 9:09:07 PM,unknown,unknown,application,Microsoft-Windows-Security-SPP,1003,0.028283069588302234,Normal,NORMAL
12/14/2016 9:09:07 PM,unknown,unknown,application,Microsoft-Windows-Security-SPP,1066,0.006531391664263642,Normal,NORMAL
12/14/2016 9:09:07 PM,unknown,unknown,application,Microsoft-Windows-Security-SPP,900,0.05029038641517486,Normal,NORMAL
12/14/2016 8:39:37 PM,unknown,unknown,application,Microsoft-Windows-Security-SPP,903,0.07369709841904015,Normal,NORMAL
12/14/2016 8:39:37 PM,unknown,unknown,application,Microsoft-Windows-Security-SPP,16384,-0.0585537546249385,Anomalie,HIGH
12/14/2016 8:39:07 PM,unknown,unknown,application,Microsoft-Windows-Security-SPP,902,0.07500119315495524,Normal,NORMAL
12/14/2016 8:39:07 PM,unknown,unknown,application,Microsoft-Windows-Security-SPP,1037,0.0652361790675538,Normal,NORMAL
12/14/2016 8:39:07 PM,unknown,unknown,application,Microsoft-Windows-Security-SPP,1003,0.05438638177525218,Normal,NORMAL
12/14/2016 8:39:07 PM,unknown,unknown,application,Microsoft-Windows-Security-SPP,1066,0.026841044285827897,Normal,NORMAL
12/14/2016 8:39:07 PM,unknown,unknown,application,Microsoft-Windows-Security-SPP,900,0.07401275714771643,Normal,NORMAL
12/14/2016 8:09:37 PM,unknown,unknown,application,Microsoft-Windows-Security-SPP,903,0.06174270251472602,Normal,NORMAL
12/14/2016 8:09:37 PM,unknown,unknown,application,Microsoft-Windows-Security-SPP,16384,-0.06784045227291613,Anomalie,HIGH
12/14/2016 8:09:07 PM,unknown,unknown,application,Microsoft-Windows-Security-SPP,902,0.06630777182027842,Normal,NORMAL
12/14/2016 8:09:07 PM,unknown,unknown,application,Microsoft-Windows-Security-SPP,1037,0.059624789839996584,Normal,NORMAL
12/14/2016 8:09:07 PM,unknown,unknown,application,Microsoft-Windows-Security-SPP,1003,0.043473121445339546,Normal,NORMAL
12/14/2016 8:09:07 PM,unknown,unknown,application,Microsoft-Windows-Security-SPP,1066,0.022286355034810246,Normal,NORMAL
12/14/2016 8:09:06 PM,unknown,unknown,application,Microsoft-Windows-Security-SPP,900,0.06517131725012199,Normal,NORMAL
12/14/2016 7:39:37 PM,unknown,unknown,application,Microsoft-Windows-Security-SPP,903,0.0803844988411776,Normal,NORMAL
12/14/2016 7:39:37 PM,unknown,unknown,application,Microsoft-Windows-Security-SPP,16384,-0.055771616849083605,Anomalie,HIGH
12/14/2016 7:39:06 PM,unknown,unknown,application,Microsoft-Windows-Security-SPP,902,0.08166858163131618,Normal,NORMAL
12/14/2016 7:39:06 PM,unknown,unknown,application,Microsoft-Windows-Security-SPP,1037,0.07205341626812356,Normal,NORMAL
12/14/2016 7:39:06 PM,unknown,unknown,application,Microsoft-Windows-Security-SPP,1003,0.06065011126963865,Normal,NORMAL
12/14/2016 7:39:06 PM,unknown,unknown,application,Microsoft-Windows-Security-SPP,1066,0.0312782984699006,Normal,NORMAL
12/14/2016 7:39:06 PM,unknown,unknown,application,Microsoft-Windows-Security-SPP,900,0.08102001095873029,Normal,NORMAL
12/14/2016 7:09:36 PM,unknown,unknown,application,Microsoft-Windows-Security-SPP,903,0.06881597365069292,Normal,NORMAL
12/14/2016 7:09:36 PM,unknown,unknown,application,Microsoft-Windows-Security-SPP,16384,-0.06681882091722202,Anomalie,HIGH
12/14/2016 7:09:06 PM,unknown,unknown,application,Microsoft-Windows-Security-SPP,902,0.07330892596038546,Normal,NORMAL
12/14/2016 7:09:06 PM,unknown,unknown,application,Microsoft-Windows-Security-SPP,1037,0.06597165315099696,Normal,NORMAL
12/14/2016 7:09:06 PM,unknown,unknown,application,Microsoft-Windows-Security-SPP,1003,0.05030720302144975,Normal,NORMAL
12/14/2016 7:09:06 PM,unknown,unknown,application,Microsoft-Windows-Security-SPP,1066,0.026299796529068276,Normal,NORMAL
12/14/2016 7:09:06 PM,unknown,unknown,application,Microsoft-Windows-Security-SPP,900,0.07183304884325153,Normal,NORMAL
12/14/2016 6:39:36 PM,unknown,unknown,application,Microsoft-Windows-Security-SPP,903,0.07944244620385754,Normal,NORMAL
12/14/2016 6:39:36 PM,unknown,unknown,application,Microsoft-Windows-Security-SPP,16384,-0.05265874413052929,Anomalie,HIGH
12/14/2016 6:39:06 PM,unknown,unknown,application,Microsoft-Windows-Security-SPP,902,0.08101934151182272,Normal,NORMAL
12/14/2016 6:39:06 PM,unknown,unknown,application,Microsoft-Windows-Security-SPP,1037,0.07138958455794114,Normal,NORMAL
12/14/2016 6:39:06 PM,unknown,unknown,application,Microsoft-Windows-Security-SPP,1003,0.06008441643416057,Normal,NORMAL
12/14/2016 6:39:06 PM,unknown,unknown,application,Microsoft-Windows-Security-SPP,1066,0.030452056350964207,Normal,NORMAL
12/14/2016 6:39:06 PM,unknown,unknown,application,Microsoft-Windows-Security-SPP,900,0.08036978659430405,Normal,NORMAL
12/14/2016 6:09:36 PM,unknown,unknown,application,Microsoft-Windows-Security-SPP,903,0.0664298658470529,Normal,NORMAL
12/14/2016 6:09:36 PM,unknown,unknown,application,Microsoft-Windows-Security-SPP,16384,-0.06534190069269585,Anomalie,HIGH
12/14/2016 6:09:06 PM,unknown,unknown,application,Microsoft-Windows-Security-SPP,902,0.07124375591618892,Normal,NORMAL
12/14/2016 6:09:06 PM,unknown,unknown,application,Microsoft-Windows-Security-SPP,1037,0.06387174335886531,Normal,NORMAL
12/14/2016 6:09:06 PM,unknown,unknown,application,Microsoft-Windows-Security-SPP,1003,0.04866553990020406,Normal,NORMAL
12/14/2016 6:09:06 PM,unknown,unknown,application,Microsoft-Windows-Security-SPP,1066,0.024080169097498105,Normal,NORMAL
12/14/2016 6:09:06 PM,unknown,unknown,application,Microsoft-Windows-Security-SPP,900,0.06976089097123878,Normal,NORMAL
12/14/2016 5:57:44 PM,unknown,unknown,application,Desktop Window Manager,9009,-0.11110812182659546,Anomalie,HIGH
12/14/2016 5:40:05 PM,unknown,unknown,application,ESENT,326,-0.031092260395076288,Anomalie,HIGH
12/14/2016 5:40:05 PM,unknown,unknown,application,ESENT,327,-0.02992043331455485,Anomalie,HIGH
12/14/2016 5:40:05 PM,unknown,unknown,application,ESENT,326,-0.031016412268134785,Anomalie,HIGH
12/14/2016 5:40:05 PM,unknown,unknown,application,ESENT,327,-0.030361258046261663,Anomalie,HIGH
12/14/2016 5:40:05 PM,unknown,unknown,application,ESENT,327,-0.02992043331455485,Anomalie,HIGH
12/14/2016 5:40:05 PM,unknown,unknown,application,ESENT,326,-0.031016412268134785,Anomalie,HIGH
12/14/2016 5:39:36 PM,unknown,unknown,application,Microsoft-Windows-Security-SPP,903,0.08087749447235276,Normal,NORMAL
12/14/2016 5:39:36 PM,unknown,unknown,application,Microsoft-Windows-Security-SPP,16384,-0.0493251524392041,Anomalie,HIGH
12/14/2016 5:39:06 PM,unknown,unknown,application,Microsoft-Windows-Security-SPP,902,0.08244912771871987,Normal,NORMAL
12/14/2016 5:39:06 PM,unknown,unknown,application,Microsoft-Windows-Security-SPP,1037,0.07285150503146376,Normal,NORMAL
12/14/2016 5:39:06 PM,unknown,unknown,application,Microsoft-Windows-Security-SPP,1003,0.061518012313656334,Normal,NORMAL
12/14/2016 5:39:06 PM,unknown,unknown,application,Microsoft-Windows-Security-SPP,1066,0.03262589173767527,Normal,NORMAL
12/14/2016 5:39:06 PM,unknown,unknown,application,Microsoft-Windows-Security-SPP,900,0.08180174035028959,Normal,NORMAL
12/14/2016 5:09:36 PM,unknown,unknown,application,Microsoft-Windows-Security-SPP,903,0.06799436245248719,Normal,NORMAL
12/14/2016 5:09:36 PM,unknown,unknown,application,Microsoft-Windows-Security-SPP,16384,-0.06293703432676356,Anomalie,HIGH
12/14/2016 5:09:06 PM,unknown,unknown,application,Microsoft-Windows-Security-SPP,902,0.0730866164319608,Normal,NORMAL
12/14/2016 5:09:06 PM,unknown,unknown,application,Microsoft-Windows-Security-SPP,1037,0.06604573179690432,Normal,NORMAL
12/14/2016 5:09:06 PM,unknown,unknown,application,Microsoft-Windows-Security-SPP,1003,0.05173347778393639,Normal,NORMAL
12/14/2016 5:09:06 PM,unknown,unknown,application,Microsoft-Windows-Security-SPP,1066,0.02731178510514637,Normal,NORMAL
12/14/2016 5:09:06 PM,unknown,unknown,application,Microsoft-Windows-Security-SPP,900,0.07160998709555516,Normal,NORMAL
12/14/2016 4:39:36 PM,unknown,unknown,application,Microsoft-Windows-Security-SPP,903,0.0805643982102332,Normal,NORMAL
12/14/2016 4:39:36 PM,unknown,unknown,application,Microsoft-Windows-Security-SPP,16384,-0.04485020842841203,Anomalie,HIGH
12/14/2016 4:39:06 PM,unknown,unknown,application,Microsoft-Windows-Security-SPP,902,0.08312589362037381,Normal,NORMAL
12/14/2016 4:39:06 PM,unknown,unknown,application,Microsoft-Windows-Security-SPP,1037,0.07354348116232651,Normal,NORMAL
12/14/2016 4:39:06 PM,unknown,unknown,application,Microsoft-Windows-Security-SPP,1003,0.06215237519810363,Normal,NORMAL
12/14/2016 4:39:06 PM,unknown,unknown,application,Microsoft-Windows-Security-SPP,1066,0.0312439311539629,Normal,NORMAL
12/14/2016 4:39:06 PM,unknown,unknown,application,Microsoft-Windows-Security-SPP,900,0.08247953222583121,Normal,NORMAL
12/14/2016 4:09:36 PM,unknown,unknown,application,Microsoft-Windows-Security-SPP,903,0.06526507961440331,Normal,NORMAL
12/14/2016 4:09:36 PM,unknown,unknown,application,Microsoft-Windows-Security-SPP,16384,-0.06213954945511313,Anomalie,HIGH
12/14/2016 4:09:06 PM,unknown,unknown,application,Microsoft-Windows-Security-SPP,902,0.07110820790409794,Normal,NORMAL
12/14/2016 4:09:06 PM,unknown,unknown,application,Microsoft-Windows-Security-SPP,1037,0.06373391519372512,Normal,NORMAL
12/14/2016 4:09:06 PM,unknown,unknown,application,Microsoft-Windows-Security-SPP,1003,0.04958056701887126,Normal,NORMAL
12/14/2016 4:09:06 PM,unknown,unknown,application,Microsoft-Windows-Security-SPP,1066,0.025726384537992808,Normal,NORMAL
12/14/2016 4:09:05 PM,unknown,unknown,application,Microsoft-Windows-Security-SPP,900,0.06962488431111924,Normal,NORMAL
12/14/2016 3:39:36 PM,unknown,unknown,application,Microsoft-Windows-Security-SPP,903,0.08385834670066017,Normal,NORMAL
12/14/2016 3:39:36 PM,unknown,unknown,application,Microsoft-Windows-Security-SPP,16384,-0.04282307126579943,Anomalie,HIGH
12/14/2016 3:39:05 PM,unknown,unknown,application,Microsoft-Windows-Security-SPP,902,0.08640017088318541,Normal,NORMAL
12/14/2016 3:39:05 PM,unknown,unknown,application,Microsoft-Windows-Security-SPP,1037,0.07717591313738914,Normal,NORMAL
12/14/2016 3:39:05 PM,unknown,unknown,application,Microsoft-Windows-Security-SPP,1003,0.06591062725006236,Normal,NORMAL
12/14/2016 3:39:05 PM,unknown,unknown,application,Microsoft-Windows-Security-SPP,1066,0.0360294990948406,Normal,NORMAL
12/14/2016 3:39:05 PM,unknown,unknown,application,Microsoft-Windows-Security-SPP,900,0.0851740603000033,Normal,NORMAL
12/14/2016 3:09:35 PM,unknown,unknown,application,Microsoft-Windows-Security-SPP,903,0.06944057363785655,Normal,NORMAL
12/14/2016 3:09:35 PM,unknown,unknown,application,Microsoft-Windows-Security-SPP,16384,-0.06020904321062459,Anomalie,HIGH
12/14/2016 3:09:05 PM,unknown,unknown,application,Microsoft-Windows-Security-SPP,902,0.07522877904630243,Normal,NORMAL
12/14/2016 3:09:05 PM,unknown,unknown,application,Microsoft-Windows-Security-SPP,1037,0.06893674253416754,Normal,NORMAL
12/14/2016 3:09:05 PM,unknown,unknown,application,Microsoft-Windows-Security-SPP,1003,0.05565111038385917,Normal,NORMAL
12/14/2016 3:09:05 PM,unknown,unknown,application,Microsoft-Windows-Security-SPP,1066,0.03256195955936758,Normal,NORMAL
12/14/2016 3:09:05 PM,unknown,unknown,application,Microsoft-Windows-Security-SPP,900,0.07375939805418952,Normal,NORMAL
12/14/2016 2:39:35 PM,unknown,unknown,application,Microsoft-Windows-Security-SPP,903,0.08058236449098105,Normal,NORMAL
12/14/2016 2:39:35 PM,unknown,unknown,application,Microsoft-Windows-Security-SPP,16384,-0.04239930174061313,Anomalie,HIGH
12/14/2016 2:39:05 PM,unknown,unknown,application,Microsoft-Windows-Security-SPP,902,0.08399138492483921,Normal,NORMAL
12/14/2016 2:39:05 PM,unknown,unknown,application,Microsoft-Windows-Security-SPP,1037,0.07575237866704893,Normal,NORMAL
12/14/2016 2:39:05 PM,unknown,unknown,application,Microsoft-Windows-Security-SPP,1003,0.06532779324946902,Normal,NORMAL
12/14/2016 2:39:05 PM,unknown,unknown,application,Microsoft-Windows-Security-SPP,1066,0.03600096041511747,Normal,NORMAL
12/14/2016 2:39:05 PM,unknown,unknown,application,Microsoft-Windows-Security-SPP,900,0.08212050183707581,Normal,NORMAL
12/14/2016 2:09:35 PM,unknown,unknown,application,Microsoft-Windows-Security-SPP,903,0.07016222422482227,Normal,NORMAL
12/14/2016 2:09:35 PM,unknown,unknown,application,Microsoft-Windows-Security-SPP,16384,-0.056467109420966555,Anomalie,HIGH
12/14/2016 2:09:05 PM,unknown,unknown,application,Microsoft-Windows-Security-SPP,902,0.07594093731229523,Normal,NORMAL
12/14/2016 2:09:05 PM,unknown,unknown,application,Microsoft-Windows-Security-SPP,1037,0.06965921937490543,Normal,NORMAL
12/14/2016 2:09:05 PM,unknown,unknown,application,Microsoft-Windows-Security-SPP,1003,0.05570701802173128,Normal,NORMAL
12/14/2016 2:09:05 PM,unknown,unknown,application,Microsoft-Windows-Security-SPP,1066,0.032895411660368246,Normal,NORMAL
12/14/2016 2:09:05 PM,unknown,unknown,application,Microsoft-Windows-Security-SPP,900,0.07349364168952233,Normal,NORMAL
12/14/2016 1:39:35 PM,unknown,unknown,application,Microsoft-Windows-Security-SPP,903,0.08081268696492211,Normal,NORMAL
12/14/2016 1:39:35 PM,unknown,unknown,application,Microsoft-Windows-Security-SPP,16384,-0.043025588311848995,Anomalie,HIGH
12/14/2016 1:39:05 PM,unknown,unknown,application,Microsoft-Windows-Security-SPP,902,0.08421987674932424,Normal,NORMAL
12/14/2016 1:39:05 PM,unknown,unknown,application,Microsoft-Windows-Security-SPP,1037,0.07598529485114591,Normal,NORMAL
12/14/2016 1:39:05 PM,unknown,unknown,application,Microsoft-Windows-Security-SPP,1003,0.06644067690397187,Normal,NORMAL
12/14/2016 1:39:05 PM,unknown,unknown,application,Microsoft-Windows-Security-SPP,1066,0.036382162752282066,Normal,NORMAL
12/14/2016 1:39:05 PM,unknown,unknown,application,Microsoft-Windows-Security-SPP,900,0.08234999832878798,Normal,NORMAL
12/14/2016 1:09:35 PM,unknown,unknown,application,Microsoft-Windows-Security-SPP,903,0.07235701795569544,Normal,NORMAL
12/14/2016 1:09:35 PM,unknown,unknown,application,Microsoft-Windows-Security-SPP,16384,-0.05329345454702317,Anomalie,HIGH
12/14/2016 1:09:05 PM,unknown,unknown,application,Microsoft-Windows-Security-SPP,902,0.07839862872795272,Normal,NORMAL
12/14/2016 1:09:05 PM,unknown,unknown,application,Microsoft-Windows-Security-SPP,1037,0.07215252067362332,Normal,NORMAL
12/14/2016 1:09:05 PM,unknown,unknown,application,Microsoft-Windows-Security-SPP,1003,0.05765552399950519,Normal,NORMAL
12/14/2016 1:09:05 PM,unknown,unknown,application,Microsoft-Windows-Security-SPP,1066,0.03412275846294199,Normal,NORMAL
12/14/2016 1:09:05 PM,unknown,unknown,application,Microsoft-Windows-Security-SPP,900,0.07596520636593584,Normal,NORMAL
12/14/2016 12:39:35 PM,unknown,unknown,application,Microsoft-Windows-Security-SPP,903,0.08277055640187425,Normal,NORMAL
12/14/2016 12:39:35 PM,unknown,unknown,application,Microsoft-Windows-Security-SPP,16384,-0.03945130661665608,Anomalie,HIGH
12/14/2016 12:39:05 PM,unknown,unknown,application,Microsoft-Windows-Security-SPP,902,0.08616218464528358,Normal,NORMAL
12/14/2016 12:39:05 PM,unknown,unknown,application,Microsoft-Windows-Security-SPP,1037,0.07861443420401537,Normal,NORMAL
12/14/2016 12:39:05 PM,unknown,unknown,application,Microsoft-Windows-Security-SPP,1003,0.06970678253668966,Normal,NORMAL
12/14/2016 12:39:05 PM,unknown,unknown,application,Microsoft-Windows-Security-SPP,1066,0.04104078984469167,Normal,NORMAL
12/14/2016 12:39:05 PM,unknown,unknown,application,Microsoft-Windows-Security-SPP,900,0.0843008464562971,Normal,NORMAL
12/14/2016 12:09:35 PM,unknown,unknown,application,Microsoft-Windows-Security-SPP,903,0.07500439167901463,Normal,NORMAL
12/14/2016 12:09:35 PM,unknown,unknown,application,Microsoft-Windows-Security-SPP,16384,-0.05057831975730431,Anomalie,HIGH
12/14/2016 12:09:04 PM,unknown,unknown,application,Microsoft-Windows-Security-SPP,902,0.08100941287239427,Normal,NORMAL
12/14/2016 12:09:04 PM,unknown,unknown,application,Microsoft-Windows-Security-SPP,1037,0.07545511515816083,Normal,NORMAL
12/14/2016 12:09:04 PM,unknown,unknown,application,Microsoft-Windows-Security-SPP,1003,0.061657273055838624,Normal,NORMAL
12/14/2016 12:09:04 PM,unknown,unknown,application,Microsoft-Windows-Security-SPP,1066,0.03890402545085592,Normal,NORMAL
12/14/2016 12:09:04 PM,unknown,unknown,application,Microsoft-Windows-Security-SPP,900,0.07859072795421712,Normal,NORMAL
12/14/2016 11:39:34 AM,unknown,unknown,application,Microsoft-Windows-Security-SPP,903,0.08131611771775726,Normal,NORMAL
12/14/2016 11:39:34 AM,unknown,unknown,application,Microsoft-Windows-Security-SPP,16384,-0.04174164252971024,Anomalie,HIGH
12/14/2016 11:39:04 AM,unknown,unknown,application,Microsoft-Windows-Security-SPP,902,0.08447447650574402,Normal,NORMAL
12/14/2016 11:39:04 AM,unknown,unknown,application,Microsoft-Windows-Security-SPP,1037,0.0765958557219304,Normal,NORMAL
12/14/2016 11:39:04 AM,unknown,unknown,application,Microsoft-Windows-Security-SPP,1003,0.06845486441299992,Normal,NORMAL
12/14/2016 11:39:04 AM,unknown,unknown,application,Microsoft-Windows-Security-SPP,1066,0.04007212394289178,Normal,NORMAL
12/14/2016 11:39:04 AM,unknown,unknown,application,Microsoft-Windows-Security-SPP,900,0.08281709107129015,Normal,NORMAL
12/14/2016 11:09:34 AM,unknown,unknown,application,Microsoft-Windows-Security-SPP,903,0.0745851050517995,Normal,NORMAL
12/14/2016 11:09:34 AM,unknown,unknown,application,Microsoft-Windows-Security-SPP,16384,-0.054310404265071055,Anomalie,HIGH
12/14/2016 11:09:04 AM,unknown,unknown,application,Microsoft-Windows-Security-SPP,902,0.0805959212415499,Normal,NORMAL
12/14/2016 11:09:04 AM,unknown,unknown,application,Microsoft-Windows-Security-SPP,1037,0.07472750336436651,Normal,NORMAL
12/14/2016 11:09:04 AM,unknown,unknown,application,Microsoft-Windows-Security-SPP,1003,0.062212254085239005,Normal,NORMAL
12/14/2016 11:09:04 AM,unknown,unknown,application,Microsoft-Windows-Security-SPP,1066,0.04057408116337902,Normal,NORMAL
12/14/2016 11:09:04 AM,unknown,unknown,application,Microsoft-Windows-Security-SPP,900,0.07852709942055786,Normal,NORMAL
12/14/2016 10:39:34 AM,unknown,unknown,application,Microsoft-Windows-Security-SPP,903,0.0811454421490847,Normal,NORMAL
12/14/2016 10:39:34 AM,unknown,unknown,application,Microsoft-Windows-Security-SPP,16384,-0.04091620831829046,Anomalie,HIGH
12/14/2016 10:39:04 AM,unknown,unknown,application,Microsoft-Windows-Security-SPP,902,0.08430505990800263,Normal,NORMAL
12/14/2016 10:39:04 AM,unknown,unknown,application,Microsoft-Windows-Security-SPP,1037,0.0782388489158955,Normal,NORMAL
12/14/2016 10:39:04 AM,unknown,unknown,application,Microsoft-Windows-Security-SPP,1003,0.0671756767295082,Normal,NORMAL
12/14/2016 10:39:04 AM,unknown,unknown,application,Microsoft-Windows-Security-SPP,1066,0.03873918734119908,Normal,NORMAL
12/14/2016 10:39:04 AM,unknown,unknown,application,Microsoft-Windows-Security-SPP,900,0.08235812200798265,Normal,NORMAL
12/14/2016 10:09:34 AM,unknown,unknown,application,Microsoft-Windows-Security-SPP,903,0.07617000515213423,Normal,NORMAL
12/14/2016 10:09:34 AM,unknown,unknown,application,Microsoft-Windows-Security-SPP,16384,-0.05414792421918169,Anomalie,HIGH
12/14/2016 10:09:04 AM,unknown,unknown,application,Microsoft-Windows-Security-SPP,902,0.08070398144953272,Normal,NORMAL
12/14/2016 10:09:04 AM,unknown,unknown,application,Microsoft-Windows-Security-SPP,1037,0.07615172890831645,Normal,NORMAL
12/14/2016 10:09:04 AM,unknown,unknown,application,Microsoft-Windows-Security-SPP,1003,0.06172096805487037,Normal,NORMAL
12/14/2016 10:09:04 AM,unknown,unknown,application,Microsoft-Windows-Security-SPP,1066,0.04055584551754604,Normal,NORMAL
12/14/2016 10:09:04 AM,unknown,unknown,application,Microsoft-Windows-Security-SPP,900,0.07863568087351941,Normal,NORMAL
12/14/2016 9:39:34 AM,unknown,unknown,application,Microsoft-Windows-Security-SPP,903,0.07902477490046012,Normal,NORMAL
12/14/2016 9:39:34 AM,unknown,unknown,application,Microsoft-Windows-Security-SPP,16384,-0.04330669172927459,Anomalie,HIGH
12/14/2016 9:39:04 AM,unknown,unknown,application,Microsoft-Windows-Security-SPP,902,0.0822000355451255,Normal,NORMAL
12/14/2016 9:39:04 AM,unknown,unknown,application,Microsoft-Windows-Security-SPP,1037,0.07660392574199237,Normal,NORMAL
12/14/2016 9:39:04 AM,unknown,unknown,application,Microsoft-Windows-Security-SPP,1003,0.06525077507830496,Normal,NORMAL
12/14/2016 9:39:04 AM,unknown,unknown,application,Microsoft-Windows-Security-SPP,1066,0.03621834613229513,Normal,NORMAL
12/14/2016 9:39:04 AM,unknown,unknown,application,Microsoft-Windows-Security-SPP,900,0.07991817279006963,Normal,NORMAL
12/14/2016 9:09:34 AM,unknown,unknown,application,Microsoft-Windows-Security-SPP,903,0.07490944289264662,Normal,NORMAL
12/14/2016 9:09:34 AM,unknown,unknown,application,Microsoft-Windows-Security-SPP,16384,-0.05595760575548758,Anomalie,HIGH
12/14/2016 9:09:04 AM,unknown,unknown,application,Microsoft-Windows-Security-SPP,902,0.07913072689394635,Normal,NORMAL
12/14/2016 9:09:04 AM,unknown,unknown,application,Microsoft-Windows-Security-SPP,1037,0.07431778853186116,Normal,NORMAL
12/14/2016 9:09:04 AM,unknown,unknown,application,Microsoft-Windows-Security-SPP,1003,0.05990818279952742,Normal,NORMAL
12/14/2016 9:09:04 AM,unknown,unknown,application,Microsoft-Windows-Security-SPP,1066,0.03834112560683395,Normal,NORMAL
12/14/2016 9:09:04 AM,unknown,unknown,application,Microsoft-Windows-Security-SPP,900,0.07705483748340392,Normal,NORMAL
12/14/2016 8:39:34 AM,unknown,unknown,application,Microsoft-Windows-Security-SPP,903,0.07634301751573908,Normal,NORMAL
12/14/2016 8:39:34 AM,unknown,unknown,application,Microsoft-Windows-Security-SPP,16384,-0.04603198116204665,Anomalie,HIGH
12/14/2016 8:39:04 AM,unknown,unknown,application,Microsoft-Windows-Security-SPP,902,0.07953805987033485,Normal,NORMAL
12/14/2016 8:39:04 AM,unknown,unknown,application,Microsoft-Windows-Security-SPP,1037,0.0739070865919621,Normal,NORMAL
12/14/2016 8:39:03 AM,unknown,unknown,application,Microsoft-Windows-Security-SPP,1003,0.06327473318747251,Normal,NORMAL
12/14/2016 8:39:03 AM,unknown,unknown,application,Microsoft-Windows-Security-SPP,1066,0.03273321910694266,Normal,NORMAL
12/14/2016 8:39:03 AM,unknown,unknown,application,Microsoft-Windows-Security-SPP,900,0.07734557046040058,Normal,NORMAL
12/14/2016 8:09:34 AM,unknown,unknown,application,Microsoft-Windows-Security-SPP,903,0.0679438671709281,Normal,NORMAL
12/14/2016 8:09:34 AM,unknown,unknown,application,Microsoft-Windows-Security-SPP,16384,-0.06024468247898218,Anomalie,HIGH
12/14/2016 8:09:03 AM,unknown,unknown,application,Microsoft-Windows-Security-SPP,902,0.07223281153233019,Normal,NORMAL
12/14/2016 8:09:03 AM,unknown,unknown,application,Microsoft-Windows-Security-SPP,1037,0.0673427295469709,Normal,NORMAL
12/14/2016 8:09:03 AM,unknown,unknown,application,Microsoft-Windows-Security-SPP,1003,0.05345003476082427,Normal,NORMAL
12/14/2016 8:09:03 AM,unknown,unknown,application,Microsoft-Windows-Security-SPP,1066,0.03003222825272961,Normal,NORMAL
12/14/2016 8:09:03 AM,unknown,unknown,application,Microsoft-Windows-Security-SPP,900,0.06979069425800222,Normal,NORMAL
12/14/2016 7:42:28 AM,unknown,unknown,application,Desktop Window Manager,9009,-0.09856126898506978,Anomalie,HIGH
12/14/2016 7:39:33 AM,unknown,unknown,application,Microsoft-Windows-Security-SPP,903,0.06754209507832754,Normal,NORMAL
12/14/2016 7:39:33 AM,unknown,unknown,application,Microsoft-Windows-Security-SPP,16384,-0.045976227863439134,Anomalie,HIGH
12/14/2016 7:39:03 AM,unknown,unknown,application,Microsoft-Windows-Security-SPP,902,0.07198137921514847,Normal,NORMAL
12/14/2016 7:39:03 AM,unknown,unknown,application,Microsoft-Windows-Security-SPP,1037,0.06605818883389836,Normal,NORMAL
12/14/2016 7:39:03 AM,unknown,unknown,application,Microsoft-Windows-Security-SPP,1003,0.05544978001739376,Normal,NORMAL
12/14/2016 7:39:03 AM,unknown,unknown,application,Microsoft-Windows-Security-SPP,1066,0.02623652036716323,Normal,NORMAL
12/14/2016 7:39:03 AM,unknown,unknown,application,Microsoft-Windows-Security-SPP,900,0.069750355130196,Normal,NORMAL
12/14/2016 7:09:33 AM,unknown,unknown,application,Microsoft-Windows-Security-SPP,903,0.06121156814092782,Normal,NORMAL
12/14/2016 7:09:33 AM,unknown,unknown,application,Microsoft-Windows-Security-SPP,16384,-0.05910064865351006,Anomalie,HIGH
12/14/2016 7:09:03 AM,unknown,unknown,application,Microsoft-Windows-Security-SPP,902,0.06565581229739526,Normal,NORMAL
12/14/2016 7:09:03 AM,unknown,unknown,application,Microsoft-Windows-Security-SPP,1037,0.06049650343196061,Normal,NORMAL
12/14/2016 7:09:03 AM,unknown,unknown,application,Microsoft-Windows-Security-SPP,1003,0.04583358941354332,Normal,NORMAL
12/14/2016 7:09:03 AM,unknown,unknown,application,Microsoft-Windows-Security-SPP,1066,0.022581584251085973,Normal,NORMAL
12/14/2016 7:09:03 AM,unknown,unknown,application,Microsoft-Windows-Security-SPP,900,0.062628169829059,Normal,NORMAL
12/14/2016 6:39:33 AM,unknown,unknown,application,Microsoft-Windows-Security-SPP,903,0.06480511433889746,Normal,NORMAL
12/14/2016 6:39:33 AM,unknown,unknown,application,Microsoft-Windows-Security-SPP,16384,-0.051928915447857604,Anomalie,HIGH
12/14/2016 6:39:03 AM,unknown,unknown,application,Microsoft-Windows-Security-SPP,902,0.06927189112312548,Normal,NORMAL
12/14/2016 6:39:03 AM,unknown,unknown,application,Microsoft-Windows-Security-SPP,1037,0.06255691723820328,Normal,NORMAL
12/14/2016 6:39:03 AM,unknown,unknown,application,Microsoft-Windows-Security-SPP,1003,0.052373560797859875,Normal,NORMAL
12/14/2016 6:39:03 AM,unknown,unknown,application,Microsoft-Windows-Security-SPP,1066,0.022420820668881458,Normal,NORMAL
12/14/2016 6:39:03 AM,unknown,unknown,application,Microsoft-Windows-Security-SPP,900,0.06702705022522876,Normal,NORMAL
12/14/2016 6:09:33 AM,unknown,unknown,application,Microsoft-Windows-Security-SPP,903,0.05555755748040042,Normal,NORMAL
12/14/2016 6:09:33 AM,unknown,unknown,application,Microsoft-Windows-Security-SPP,16384,-0.06481798128077465,Anomalie,HIGH
12/14/2016 6:09:03 AM,unknown,unknown,application,Microsoft-Windows-Security-SPP,902,0.06005785602350877,Normal,NORMAL
12/14/2016 6:09:03 AM,unknown,unknown,application,Microsoft-Windows-Security-SPP,1037,0.054000114943220934,Normal,NORMAL
12/14/2016 6:09:03 AM,unknown,unknown,application,Microsoft-Windows-Security-SPP,1003,0.040903989706811195,Normal,NORMAL
12/14/2016 6:09:03 AM,unknown,unknown,application,Microsoft-Windows-Security-SPP,1066,0.016385245095969447,Normal,NORMAL
12/14/2016 6:09:03 AM,unknown,unknown,application,Microsoft-Windows-Security-SPP,900,0.05699202648993584,Normal,NORMAL
12/14/2016 5:39:33 AM,unknown,unknown,application,Microsoft-Windows-Security-SPP,903,0.06456510170050694,Normal,NORMAL
12/14/2016 5:39:33 AM,unknown,unknown,application,Microsoft-Windows-Security-SPP,16384,-0.05468615134258137,Anomalie,HIGH
12/14/2016 5:39:03 AM,unknown,unknown,application,Microsoft-Windows-Security-SPP,902,0.06903428938326467,Normal,NORMAL
12/14/2016 5:39:03 AM,unknown,unknown,application,Microsoft-Windows-Security-SPP,1037,0.06273542501961582,Normal,NORMAL
12/14/2016 5:39:03 AM,unknown,unknown,application,Microsoft-Windows-Security-SPP,1003,0.05159067459170935,Normal,NORMAL
12/14/2016 5:39:03 AM,unknown,unknown,application,Microsoft-Windows-Security-SPP,1066,0.019892713542714657,Normal,NORMAL
12/14/2016 5:39:03 AM,unknown,unknown,application,Microsoft-Windows-Security-SPP,900,0.06678823685472657,Normal,NORMAL
12/14/2016 5:09:33 AM,unknown,unknown,application,Microsoft-Windows-Security-SPP,903,0.05640550160992441,Normal,NORMAL
12/14/2016 5:09:33 AM,unknown,unknown,application,Microsoft-Windows-Security-SPP,16384,-0.0661122072123278,Anomalie,HIGH
12/14/2016 5:09:03 AM,unknown,unknown,application,Microsoft-Windows-Security-SPP,902,0.06089739355620449,Normal,NORMAL
12/14/2016 5:09:03 AM,unknown,unknown,application,Microsoft-Windows-Security-SPP,1037,0.05476841797638976,Normal,NORMAL
12/14/2016 5:09:03 AM,unknown,unknown,application,Microsoft-Windows-Security-SPP,1003,0.04057403879491406,Normal,NORMAL
12/14/2016 5:09:03 AM,unknown,unknown,application,Microsoft-Windows-Security-SPP,1066,0.013504489207986026,Normal,NORMAL
12/14/2016 5:09:02 AM,unknown,unknown,application,Microsoft-Windows-Security-SPP,900,0.057837291018871084,Normal,NORMAL
12/14/2016 4:39:33 AM,unknown,unknown,application,Microsoft-Windows-Security-SPP,903,0.057605666460181726,Normal,NORMAL
12/14/2016 4:39:33 AM,unknown,unknown,application,Microsoft-Windows-Security-SPP,16384,-0.060637468449953325,Anomalie,HIGH
12/14/2016 4:39:02 AM,unknown,unknown,application,Microsoft-Windows-Security-SPP,902,0.062144760845773916,Normal,NORMAL
12/14/2016 4:39:02 AM,unknown,unknown,application,Microsoft-Windows-Security-SPP,1037,0.055847752206206414,Normal,NORMAL
12/14/2016 4:39:02 AM,unknown,unknown,application,Microsoft-Windows-Security-SPP,1003,0.045056225593038735,Normal,NORMAL
12/14/2016 4:39:02 AM,unknown,unknown,application,Microsoft-Windows-Security-SPP,1066,0.013771675910234815,Normal,NORMAL
12/14/2016 4:39:02 AM,unknown,unknown,application,Microsoft-Windows-Security-SPP,900,0.05958847541112783,Normal,NORMAL
12/14/2016 4:09:32 AM,unknown,unknown,application,Microsoft-Windows-Security-SPP,903,0.051290718685620296,Normal,NORMAL
12/14/2016 4:09:32 AM,unknown,unknown,application,Microsoft-Windows-Security-SPP,16384,-0.07186289906191734,Anomalie,HIGH
12/14/2016 4:09:02 AM,unknown,unknown,application,Microsoft-Windows-Security-SPP,902,0.05583331906469924,Normal,NORMAL
12/14/2016 4:09:02 AM,unknown,unknown,application,Microsoft-Windows-Security-SPP,1037,0.04963515421006848,Normal,NORMAL
12/14/2016 4:09:02 AM,unknown,unknown,application,Microsoft-Windows-Security-SPP,1003,0.03646412636034596,Normal,NORMAL
12/14/2016 4:09:02 AM,unknown,unknown,application,Microsoft-Windows-Security-SPP,1066,0.010705008804741956,Normal,NORMAL
12/14/2016 4:09:02 AM,unknown,unknown,application,Microsoft-Windows-Security-SPP,900,0.05267457650762064,Normal,NORMAL
12/14/2016 3:39:32 AM,unknown,unknown,application,Microsoft-Windows-Security-SPP,903,0.0519070321188857,Normal,NORMAL
12/14/2016 3:39:32 AM,unknown,unknown,application,Microsoft-Windows-Security-SPP,16384,-0.06325305547753235,Anomalie,HIGH
12/14/2016 3:39:02 AM,unknown,unknown,application,Microsoft-Windows-Security-SPP,902,0.05650336861158911,Normal,NORMAL
12/14/2016 3:39:02 AM,unknown,unknown,application,Microsoft-Windows-Security-SPP,1037,0.050849610123120725,Normal,NORMAL
12/14/2016 3:39:02 AM,unknown,unknown,application,Microsoft-Windows-Security-SPP,1003,0.04013689139636001,Normal,NORMAL
12/14/2016 3:39:02 AM,unknown,unknown,application,Microsoft-Windows-Security-SPP,1066,0.00863180025978616,Normal,NORMAL
12/14/2016 3:39:02 AM,unknown,unknown,application,Microsoft-Windows-Security-SPP,900,0.05391484609345759,Normal,NORMAL
12/14/2016 3:09:32 AM,unknown,unknown,application,Microsoft-Windows-Security-SPP,903,0.04867738666081195,Normal,NORMAL
12/14/2016 3:09:32 AM,unknown,unknown,application,Microsoft-Windows-Security-SPP,16384,-0.07561189842446558,Anomalie,HIGH
12/14/2016 3:09:02 AM,unknown,unknown,application,Microsoft-Windows-Security-SPP,902,0.05324589585622236,Normal,NORMAL
12/14/2016 3:09:02 AM,unknown,unknown,application,Microsoft-Windows-Security-SPP,1037,0.04773994060678838,Normal,NORMAL
12/14/2016 3:09:02 AM,unknown,unknown,application,Microsoft-Windows-Security-SPP,1003,0.033321970118353694,Normal,NORMAL
12/14/2016 3:09:02 AM,unknown,unknown,application,Microsoft-Windows-Security-SPP,1066,0.007971171642866759,Normal,NORMAL
12/14/2016 3:09:02 AM,unknown,unknown,application,Microsoft-Windows-Security-SPP,900,0.050417025967314566,Normal,NORMAL
12/14/2016 2:39:32 AM,unknown,unknown,application,Microsoft-Windows-Security-SPP,903,0.046879947420188306,Normal,NORMAL
12/14/2016 2:39:32 AM,unknown,unknown,application,Microsoft-Windows-Security-SPP,16384,-0.06784364395252684,Anomalie,HIGH
12/14/2016 2:39:02 AM,unknown,unknown,application,Microsoft-Windows-Security-SPP,902,0.05064475827618159,Normal,NORMAL
12/14/2016 2:39:02 AM,unknown,unknown,application,Microsoft-Windows-Security-SPP,1037,0.04491787756800314,Normal,NORMAL
12/14/2016 2:39:02 AM,unknown,unknown,application,Microsoft-Windows-Security-SPP,1003,0.031122731754030353,Normal,NORMAL
12/14/2016 2:39:02 AM,unknown,unknown,application,Microsoft-Windows-Security-SPP,1066,-3.398811763644094e-05,Anomalie,HIGH
12/14/2016 2:39:02 AM,unknown,unknown,application,Microsoft-Windows-Security-SPP,900,0.04802275740684675,Normal,NORMAL
12/14/2016 2:09:32 AM,unknown,unknown,application,Microsoft-Windows-Security-SPP,903,0.04450423569427436,Normal,NORMAL
12/14/2016 2:09:32 AM,unknown,unknown,application,Microsoft-Windows-Security-SPP,16384,-0.07944533330458481,Anomalie,HIGH
12/14/2016 2:09:02 AM,unknown,unknown,application,Microsoft-Windows-Security-SPP,902,0.04796158607122092,Normal,NORMAL
12/14/2016 2:09:02 AM,unknown,unknown,application,Microsoft-Windows-Security-SPP,1037,0.0423918593344067,Normal,NORMAL
12/14/2016 2:09:02 AM,unknown,unknown,application,Microsoft-Windows-Security-SPP,1003,0.025759551458478247,Normal,NORMAL
12/14/2016 2:09:02 AM,unknown,unknown,application,Microsoft-Windows-Security-SPP,1066,-0.00025615844461424064,Anomalie,HIGH
12/14/2016 2:09:02 AM,unknown,unknown,application,Microsoft-Windows-Security-SPP,900,0.04536746286429438,Normal,NORMAL
12/14/2016 1:39:32 AM,unknown,unknown,application,Microsoft-Windows-Security-SPP,903,0.04460909679098396,Normal,NORMAL
12/14/2016 1:39:32 AM,unknown,unknown,application,Microsoft-Windows-Security-SPP,16384,-0.07123941243393983,Anomalie,HIGH
12/14/2016 1:39:02 AM,unknown,unknown,application,Microsoft-Windows-Security-SPP,902,0.04901590702860603,Normal,NORMAL
12/14/2016 1:39:02 AM,unknown,unknown,application,Microsoft-Windows-Security-SPP,1037,0.043268696376638716,Normal,NORMAL
12/14/2016 1:39:02 AM,unknown,unknown,application,Microsoft-Windows-Security-SPP,1003,0.029099665396260133,Normal,NORMAL
12/14/2016 1:39:02 AM,unknown,unknown,application,Microsoft-Windows-Security-SPP,1066,-0.0009922031743043735,Anomalie,HIGH
12/14/2016 1:39:02 AM,unknown,unknown,application,Microsoft-Windows-Security-SPP,900,0.04638459827719643,Normal,NORMAL
12/14/2016 1:09:32 AM,unknown,unknown,application,Microsoft-Windows-Security-SPP,903,0.038304061980853454,Normal,NORMAL
12/14/2016 1:09:32 AM,unknown,unknown,application,Microsoft-Windows-Security-SPP,16384,-0.08153341176364881,Anomalie,HIGH
12/14/2016 1:09:02 AM,unknown,unknown,application,Microsoft-Windows-Security-SPP,902,0.04153795003270855,Normal,NORMAL
12/14/2016 1:09:02 AM,unknown,unknown,application,Microsoft-Windows-Security-SPP,1037,0.03589070232509001,Normal,NORMAL
12/14/2016 1:09:02 AM,unknown,unknown,application,Microsoft-Windows-Security-SPP,1003,0.018977672702598147,Normal,NORMAL
12/14/2016 1:09:01 AM,unknown,unknown,application,Microsoft-Windows-Security-SPP,1066,-0.0048296979444605315,Anomalie,HIGH
12/14/2016 1:09:01 AM,unknown,unknown,application,Microsoft-Windows-Security-SPP,900,0.038907721113798366,Normal,NORMAL
12/14/2016 12:39:32 AM,unknown,unknown,application,Microsoft-Windows-Security-SPP,903,0.03786519714247788,Normal,NORMAL
12/14/2016 12:39:32 AM,unknown,unknown,application,Microsoft-Windows-Security-SPP,16384,-0.0732072968510149,Anomalie,HIGH
12/14/2016 12:39:01 AM,unknown,unknown,application,Microsoft-Windows-Security-SPP,902,0.042019761222288066,Normal,NORMAL
12/14/2016 12:39:01 AM,unknown,unknown,application,Microsoft-Windows-Security-SPP,1037,0.036185230594851236,Normal,NORMAL
