12/12/2016 2:08:46 AM,unknown,unknown,application,Microsoft-Windows-Security-SPP,902,0.03111672819225647,Normal,NORMAL
12/12/2016 2:08:46 AM,unknown,unknown,application,Microsoft-Windows-Security-SPP,1037,0.022798560579283755,Normal,NORMAL
12/12/2016 2:08:46 AM,unknown,unknown,application,Microsoft-Windows-Security-SPP,1003,0.0050408841626932155,Normal,NORMAL
12/12/2016 2:08:46 AM,unknown,unknown,application,Microsoft-Windows-Security-SPP,1066,-0.01614058355830128,Anomalie,HIGH
12/12/2016 2:08:46 AM,unknown,unknown,application,Microsoft-Windows-Security-SPP,900,0.028091229258591255,Normal,NORMAL
12/12/2016 1:39:16 AM,unknown,unknown,application,Microsoft-Windows-Security-SPP,903,0.030618174230248707,Normal,NORMAL
12/12/2016 1:39:16 AM,unknown,unknown,application,Microsoft-Windows-Security-SPP,16384,-0.08788767472685266,Anomalie,HIGH
12/12/2016 1:38:46 AM,unknown,unknown,application,Microsoft-Windows-Security-SPP,902,0.03517573443732125,Normal,NORMAL
12/12/2016 1:38:46 AM,unknown,unknown,application,Microsoft-Windows-Security-SPP,1037,0.028136182307573476,Normal,NORMAL
12/12/2016 1:38:46 AM,unknown,unknown,application,Microsoft-Windows-Security-SPP,1003,0.011746159666984446,Normal,NORMAL
12/12/2016 1:38:46 AM,unknown,unknown,application,Microsoft-Windows-Security-SPP,1066,-0.013265614595501019,Anomalie,HIGH
12/12/2016 1:38:45 AM,unknown,unknown,application,Microsoft-Windows-Security-SPP,900,0.031219531556524904,Normal,NORMAL
12/12/2016 1:16:03 AM,unknown,unknown,application,Desktop Window Manager,9009,-0.1322633462214695,Anomalie,HIGH
12/12/2016 1:09:16 AM,unknown,unknown,application,Microsoft-Windows-Security-SPP,903,0.022677839398124844,Normal,NORMAL
12/12/2016 1:09:16 AM,unknown,unknown,application,Microsoft-Windows-Security-SPP,16384,-0.09620151094050056,Anomalie,HIGH
12/12/2016 1:08:45 AM,unknown,unknown,application,Microsoft-Windows-Security-SPP,902,0.025823029673357922,Normal,NORMAL
12/12/2016 1:08:45 AM,unknown,unknown,application,Microsoft-Windows-Security-SPP,1037,0.01741281229254782,Normal,NORMAL
12/12/2016 1:08:45 AM,unknown,unknown,application,Microsoft-Windows-Security-SPP,1003,-0.0022696853329156053,Anomalie,HIGH
12/12/2016 1:08:45 AM,unknown,unknown,application,Microsoft-Windows-Security-SPP,1066,-0.0207447540996335,Anomalie,HIGH
12/12/2016 1:08:45 AM,unknown,unknown,application,Microsoft-Windows-Security-SPP,900,0.02236628130992041,Normal,NORMAL
12/12/2016 12:39:15 AM,unknown,unknown,application,Microsoft-Windows-Security-SPP,903,0.025206638795504832,Normal,NORMAL
12/12/2016 12:39:15 AM,unknown,unknown,application,Microsoft-Windows-Security-SPP,16384,-0.09121412919700345,Anomalie,HIGH
12/12/2016 12:38:45 AM,unknown,unknown,application,Microsoft-Windows-Security-SPP,902,0.029491053614424223,Normal,NORMAL
12/12/2016 12:38:45 AM,unknown,unknown,application,Microsoft-Windows-Security-SPP,1037,0.022367131555660058,Normal,NORMAL
12/12/2016 12:38:45 AM,unknown,unknown,application,Microsoft-Windows-Security-SPP,1003,0.004757231683629626,Normal,NORMAL
12/12/2016 12:38:45 AM,unknown,unknown,application,Microsoft-Windows-Security-SPP,1066,-0.020692582643053625,Anomalie,HIGH
12/12/2016 12:38:45 AM,unknown,unknown,application,Microsoft-Windows-Security-SPP,900,0.025487435138136116,Normal,NORMAL
12/12/2016 12:09:15 AM,unknown,unknown,application,Microsoft-Windows-Security-SPP,903,0.012733587907821364,Normal,NORMAL
12/12/2016 12:09:15 AM,unknown,unknown,application,Microsoft-Windows-Security-SPP,16384,-0.10349996037325604,Anomalie,HIGH
12/12/2016 12:08:45 AM,unknown,unknown,application,Microsoft-Windows-Security-SPP,902,0.016276838436076635,Normal,NORMAL
12/12/2016 12:08:45 AM,unknown,unknown,application,Microsoft-Windows-Security-SPP,1037,0.007700626583918013,Normal,NORMAL
12/12/2016 12:08:45 AM,unknown,unknown,application,Microsoft-Windows-Security-SPP,1003,-0.013076990267895217,Anomalie,HIGH
12/12/2016 12:08:45 AM,unknown,unknown,application,Microsoft-Windows-Security-SPP,1066,-0.032764179191328346,Anomalie,HIGH
12/12/2016 12:08:45 AM,unknown,unknown,application,Microsoft-Windows-Security-SPP,900,0.012751863403673014,Normal,NORMAL
12/11/2016 11:39:15 PM,unknown,unknown,application,Microsoft-Windows-Security-SPP,903,0.027220332169922645,Normal,NORMAL
12/11/2016 11:39:15 PM,unknown,unknown,application,Microsoft-Windows-Security-SPP,16384,-0.08407127840560347,Anomalie,HIGH
12/11/2016 11:38:45 PM,unknown,unknown,application,Microsoft-Windows-Security-SPP,902,0.030929204121086296,Normal,NORMAL
12/11/2016 11:38:45 PM,unknown,unknown,application,Microsoft-Windows-Security-SPP,1037,0.02611158013384285,Normal,NORMAL
12/11/2016 11:38:45 PM,unknown,unknown,application,Microsoft-Windows-Security-SPP,1003,0.0013939415360691987,Normal,NORMAL
12/11/2016 11:38:45 PM,unknown,unknown,application,Microsoft-Windows-Security-SPP,1066,-0.026440481198368837,Anomalie,HIGH
12/11/2016 11:38:45 PM,unknown,unknown,application,Microsoft-Windows-Security-SPP,900,0.027118929259144553,Normal,NORMAL
12/11/2016 11:09:15 PM,unknown,unknown,application,Microsoft-Windows-Security-SPP,903,0.024568452434045096,Normal,NORMAL
12/11/2016 11:09:15 PM,unknown,unknown,application,Microsoft-Windows-Security-SPP,16384,-0.09267934967887781,Anomalie,HIGH
12/11/2016 11:08:45 PM,unknown,unknown,application,Microsoft-Windows-Security-SPP,902,0.0278508331085221,Normal,NORMAL
12/11/2016 11:08:45 PM,unknown,unknown,application,Microsoft-Windows-Security-SPP,1037,0.022430435388543835,Normal,NORMAL
12/11/2016 11:08:45 PM,unknown,unknown,application,Microsoft-Windows-Security-SPP,1003,-0.003211446181017763,Anomalie,HIGH
12/11/2016 11:08:45 PM,unknown,unknown,application,Microsoft-Windows-Security-SPP,1066,-0.022747589383077305,Anomalie,HIGH
12/11/2016 11:08:45 PM,unknown,unknown,application,Microsoft-Windows-Security-SPP,900,0.025040158082181796,Normal,NORMAL
12/11/2016 10:39:15 PM,unknown,unknown,application,Microsoft-Windows-Security-SPP,903,0.03207595237404026,Normal,NORMAL
12/11/2016 10:39:15 PM,unknown,unknown,application,Microsoft-Windows-Security-SPP,16384,-0.08126677105447722,Anomalie,HIGH
12/11/2016 10:38:45 PM,unknown,unknown,application,Microsoft-Windows-Security-SPP,902,0.03681267816444117,Normal,NORMAL
12/11/2016 10:38:45 PM,unknown,unknown,application,Microsoft-Windows-Security-SPP,1037,0.028584552543777897,Normal,NORMAL
12/11/2016 10:38:45 PM,unknown,unknown,application,Microsoft-Windows-Security-SPP,1003,0.007868980565237438,Normal,NORMAL
12/11/2016 10:38:45 PM,unknown,unknown,application,Microsoft-Windows-Security-SPP,1066,-0.022617509129957303,Anomalie,HIGH
12/11/2016 10:38:45 PM,unknown,unknown,application,Microsoft-Windows-Security-SPP,900,0.033049247495391065,Normal,NORMAL
12/11/2016 10:09:15 PM,unknown,unknown,application,Microsoft-Windows-Security-SPP,903,0.03174159436163371,Normal,NORMAL
12/11/2016 10:09:15 PM,unknown,unknown,application,Microsoft-Windows-Security-SPP,16384,-0.08870285766376118,Anomalie,HIGH
12/11/2016 10:08:45 PM,unknown,unknown,application,Microsoft-Windows-Security-SPP,902,0.036954931832814175,Normal,NORMAL
12/11/2016 10:08:45 PM,unknown,unknown,application,Microsoft-Windows-Security-SPP,1037,0.02756084839337586,Normal,NORMAL
12/11/2016 10:08:45 PM,unknown,unknown,application,Microsoft-Windows-Security-SPP,1003,0.004602569881676732,Normal,NORMAL
12/11/2016 10:08:45 PM,unknown,unknown,application,Microsoft-Windows-Security-SPP,1066,-0.017540378508219878,Anomalie,HIGH
12/11/2016 10:08:44 PM,unknown,unknown,application,Microsoft-Windows-Security-SPP,900,0.034197385423452575,Normal,NORMAL
12/11/2016 9:39:15 PM,unknown,unknown,application,Microsoft-Windows-Security-SPP,903,0.052478406728014126,Normal,NORMAL
12/11/2016 9:39:15 PM,unknown,unknown,application,Microsoft-Windows-Security-SPP,16384,-0.06511281975019245,Anomalie,HIGH
12/11/2016 9:38:44 PM,unknown,unknown,application,Microsoft-Windows-Security-SPP,902,0.05772142839469402,Normal,NORMAL
12/11/2016 9:38:44 PM,unknown,unknown,application,Microsoft-Windows-Security-SPP,1037,0.05012204490822825,Normal,NORMAL
12/11/2016 9:38:44 PM,unknown,unknown,application,Microsoft-Windows-Security-SPP,1003,0.023490469699240957,Normal,NORMAL
12/11/2016 9:38:44 PM,unknown,unknown,application,Microsoft-Windows-Security-SPP,1066,-0.009530161754647382,Anomalie,HIGH
12/11/2016 9:38:44 PM,unknown,unknown,application,Microsoft-Windows-Security-SPP,900,0.053422914092215945,Normal,NORMAL
12/11/2016 9:09:14 PM,unknown,unknown,application,Microsoft-Windows-Security-SPP,903,0.05115850372259306,Normal,NORMAL
12/11/2016 9:09:14 PM,unknown,unknown,application,Microsoft-Windows-Security-SPP,16384,-0.07867044508204957,Anomalie,HIGH
12/11/2016 9:08:44 PM,unknown,unknown,application,Microsoft-Windows-Security-SPP,902,0.05507806404849169,Normal,NORMAL
12/11/2016 9:08:44 PM,unknown,unknown,application,Microsoft-Windows-Security-SPP,1037,0.04574913625911137,Normal,NORMAL
12/11/2016 9:08:44 PM,unknown,unknown,application,Microsoft-Windows-Security-SPP,1003,0.019570543585333222,Normal,NORMAL
12/11/2016 9:08:44 PM,unknown,unknown,application,Microsoft-Windows-Security-SPP,1066,-0.006787491711006455,Anomalie,HIGH
12/11/2016 9:08:44 PM,unknown,unknown,application,Microsoft-Windows-Security-SPP,900,0.051102248906266745,Normal,NORMAL
12/11/2016 8:39:14 PM,unknown,unknown,application,Microsoft-Windows-Security-SPP,903,0.05737707518864099,Normal,NORMAL
12/11/2016 8:39:14 PM,unknown,unknown,application,Microsoft-Windows-Security-SPP,16384,-0.06349480715450573,Anomalie,HIGH
12/11/2016 8:38:44 PM,unknown,unknown,application,Microsoft-Windows-Security-SPP,902,0.062261412615468525,Normal,NORMAL
12/11/2016 8:38:44 PM,unknown,unknown,application,Microsoft-Windows-Security-SPP,1037,0.05584880462850211,Normal,NORMAL
12/11/2016 8:38:44 PM,unknown,unknown,application,Microsoft-Windows-Security-SPP,1003,0.03136505301272474,Normal,NORMAL
12/11/2016 8:38:44 PM,unknown,unknown,application,Microsoft-Windows-Security-SPP,1066,-0.001464231037643926,Anomalie,HIGH
12/11/2016 8:38:44 PM,unknown,unknown,application,Microsoft-Windows-Security-SPP,900,0.0583114583919373,Normal,NORMAL
12/11/2016 8:09:14 PM,unknown,unknown,application,Microsoft-Windows-Security-SPP,903,0.054529008156979364,Normal,NORMAL
12/11/2016 8:09:14 PM,unknown,unknown,application,Microsoft-Windows-Security-SPP,16384,-0.07729974072833623,Anomalie,HIGH
12/11/2016 8:08:44 PM,unknown,unknown,application,Microsoft-Windows-Security-SPP,902,0.05794586491373044,Normal,NORMAL
12/11/2016 8:08:44 PM,unknown,unknown,application,Microsoft-Windows-Security-SPP,1037,0.049902788076275684,Normal,NORMAL
12/11/2016 8:08:44 PM,unknown,unknown,application,Microsoft-Windows-Security-SPP,1003,0.02673843022301231,Normal,NORMAL
12/11/2016 8:08:44 PM,unknown,unknown,application,Microsoft-Windows-Security-SPP,1066,0.0035140292439758136,Normal,NORMAL
12/11/2016 8:08:44 PM,unknown,unknown,application,Microsoft-Windows-Security-SPP,900,0.05399514136950173,Normal,NORMAL
12/11/2016 7:39:14 PM,unknown,unknown,application,Microsoft-Windows-Security-SPP,903,0.06081751856840373,Normal,NORMAL
12/11/2016 7:39:14 PM,unknown,unknown,application,Microsoft-Windows-Security-SPP,16384,-0.06280028526644199,Anomalie,HIGH
12/11/2016 7:38:44 PM,unknown,unknown,application,Microsoft-Windows-Security-SPP,902,0.06656462606026892,Normal,NORMAL
12/11/2016 7:38:44 PM,unknown,unknown,application,Microsoft-Windows-Security-SPP,1037,0.059909645314348337,Normal,NORMAL
12/11/2016 7:38:44 PM,unknown,unknown,application,Microsoft-Windows-Security-SPP,1003,0.03484866308776041,Normal,NORMAL
12/11/2016 7:38:44 PM,unknown,unknown,application,Microsoft-Windows-Security-SPP,1066,-0.00039784222449834594,Anomalie,HIGH
12/11/2016 7:38:44 PM,unknown,unknown,application,Microsoft-Windows-Security-SPP,900,0.06265267837519828,Normal,NORMAL
12/11/2016 7:09:14 PM,unknown,unknown,application,Microsoft-Windows-Security-SPP,903,0.05761331666120395,Normal,NORMAL
12/11/2016 7:09:14 PM,unknown,unknown,application,Microsoft-Windows-Security-SPP,16384,-0.07642403384909435,Anomalie,HIGH
12/11/2016 7:08:44 PM,unknown,unknown,application,Microsoft-Windows-Security-SPP,902,0.06044479935204655,Normal,NORMAL
12/11/2016 7:08:44 PM,unknown,unknown,application,Microsoft-Windows-Security-SPP,1037,0.052446234787265456,Normal,NORMAL
12/11/2016 7:08:44 PM,unknown,unknown,application,Microsoft-Windows-Security-SPP,1003,0.029253471055636193,Normal,NORMAL
12/11/2016 7:08:44 PM,unknown,unknown,application,Microsoft-Windows-Security-SPP,1066,0.0027577983753765967,Normal,NORMAL
12/11/2016 7:08:44 PM,unknown,unknown,application,Microsoft-Windows-Security-SPP,900,0.05651594003803884,Normal,NORMAL
12/11/2016 6:39:14 PM,unknown,unknown,application,Microsoft-Windows-Security-SPP,903,0.06248828058932415,Normal,NORMAL
12/11/2016 6:39:14 PM,unknown,unknown,application,Microsoft-Windows-Security-SPP,16384,-0.0609644613404301,Anomalie,HIGH
12/11/2016 6:38:44 PM,unknown,unknown,application,Microsoft-Windows-Security-SPP,902,0.06740515392238061,Normal,NORMAL
12/11/2016 6:38:43 PM,unknown,unknown,application,Microsoft-Windows-Security-SPP,1037,0.06045909887053602,Normal,NORMAL
12/11/2016 6:38:43 PM,unknown,unknown,application,Microsoft-Windows-Security-SPP,1003,0.03510789521814939,Normal,NORMAL
12/11/2016 6:38:43 PM,unknown,unknown,application,Microsoft-Windows-Security-SPP,1066,0.0006051464848176868,Normal,NORMAL
12/11/2016 6:38:43 PM,unknown,unknown,application,Microsoft-Windows-Security-SPP,900,0.06350062988824623,Normal,NORMAL
12/11/2016 6:09:14 PM,unknown,unknown,application,Microsoft-Windows-Security-SPP,903,0.0598539478042428,Normal,NORMAL
12/11/2016 6:09:13 PM,unknown,unknown,application,Microsoft-Windows-Security-SPP,16384,-0.07345871575715046,Anomalie,HIGH
12/11/2016 6:08:43 PM,unknown,unknown,application,Microsoft-Windows-Security-SPP,902,0.0633743168415925,Normal,NORMAL
12/11/2016 6:08:43 PM,unknown,unknown,application,Microsoft-Windows-Security-SPP,1037,0.05419742940185962,Normal,NORMAL
12/11/2016 6:08:43 PM,unknown,unknown,application,Microsoft-Windows-Security-SPP,1003,0.03196879967026195,Normal,NORMAL
12/11/2016 6:08:43 PM,unknown,unknown,application,Microsoft-Windows-Security-SPP,1066,0.004357730950496075,Normal,NORMAL
12/11/2016 6:08:43 PM,unknown,unknown,application,Microsoft-Windows-Security-SPP,900,0.05886172771703274,Normal,NORMAL
12/11/2016 5:40:05 PM,unknown,unknown,application,ESENT,326,-0.05886680132686983,Anomalie,HIGH
12/11/2016 5:40:05 PM,unknown,unknown,application,ESENT,327,-0.05964551507846305,Anomalie,HIGH
12/11/2016 5:40:05 PM,unknown,unknown,application,ESENT,326,-0.060416170905337685,Anomalie,HIGH
12/11/2016 5:40:05 PM,unknown,unknown,application,ESENT,327,-0.058482390987347976,Anomalie,HIGH
12/11/2016 5:40:05 PM,unknown,unknown,application,ESENT,327,-0.05964551507846305,Anomalie,HIGH
12/11/2016 5:40:05 PM,unknown,unknown,application,ESENT,326,-0.060416170905337685,Anomalie,HIGH
12/11/2016 5:39:13 PM,unknown,unknown,application,Microsoft-Windows-Security-SPP,903,0.061208216898703094,Normal,NORMAL
12/11/2016 5:39:13 PM,unknown,unknown,application,Microsoft-Windows-Security-SPP,16384,-0.06386721225196335,Anomalie,HIGH
12/11/2016 5:38:43 PM,unknown,unknown,application,Microsoft-Windows-Security-SPP,902,0.06643903222535236,Normal,NORMAL
12/11/2016 5:38:43 PM,unknown,unknown,application,Microsoft-Windows-Security-SPP,1037,0.059477797326834114,Normal,NORMAL
12/11/2016 5:38:43 PM,unknown,unknown,application,Microsoft-Windows-Security-SPP,1003,0.033819003030855777,Normal,NORMAL
12/11/2016 5:38:43 PM,unknown,unknown,application,Microsoft-Windows-Security-SPP,1066,0.0008947397323525452,Normal,NORMAL
12/11/2016 5:38:43 PM,unknown,unknown,application,Microsoft-Windows-Security-SPP,900,0.0625259752792659,Normal,NORMAL
12/11/2016 5:09:13 PM,unknown,unknown,application,Microsoft-Windows-Security-SPP,903,0.05824543594656639,Normal,NORMAL
12/11/2016 5:09:13 PM,unknown,unknown,application,Microsoft-Windows-Security-SPP,16384,-0.07560657108463265,Anomalie,HIGH
12/11/2016 5:08:43 PM,unknown,unknown,application,Microsoft-Windows-Security-SPP,902,0.06274890775395814,Normal,NORMAL
12/11/2016 5:08:43 PM,unknown,unknown,application,Microsoft-Windows-Security-SPP,1037,0.05380358888529674,Normal,NORMAL
12/11/2016 5:08:43 PM,unknown,unknown,application,Microsoft-Windows-Security-SPP,1003,0.0325502072140984,Normal,NORMAL
12/11/2016 5:08:43 PM,unknown,unknown,application,Microsoft-Windows-Security-SPP,1066,0.005604418876654527,Normal,NORMAL
12/11/2016 5:08:43 PM,unknown,unknown,application,Microsoft-Windows-Security-SPP,900,0.058229992392968,Normal,NORMAL
12/11/2016 4:39:13 PM,unknown,unknown,application,Microsoft-Windows-Security-SPP,903,0.06295885318555233,Normal,NORMAL
12/11/2016 4:39:13 PM,unknown,unknown,application,Microsoft-Windows-Security-SPP,16384,-0.05752449181043118,Anomalie,HIGH
12/11/2016 4:38:43 PM,unknown,unknown,application,Microsoft-Windows-Security-SPP,902,0.06835228374721813,Normal,NORMAL
12/11/2016 4:38:43 PM,unknown,unknown,application,Microsoft-Windows-Security-SPP,1037,0.06311832838593945,Normal,NORMAL
12/11/2016 4:38:43 PM,unknown,unknown,application,Microsoft-Windows-Security-SPP,1003,0.037876814083569466,Normal,NORMAL
12/11/2016 4:38:43 PM,unknown,unknown,application,Microsoft-Windows-Security-SPP,1066,0.0026730150939807684,Normal,NORMAL
12/11/2016 4:38:43 PM,unknown,unknown,application,Microsoft-Windows-Security-SPP,900,0.06445612488636099,Normal,NORMAL
12/11/2016 4:09:13 PM,unknown,unknown,application,Microsoft-Windows-Security-SPP,903,0.059274104586494514,Normal,NORMAL
12/11/2016 4:09:13 PM,unknown,unknown,application,Microsoft-Windows-Security-SPP,16384,-0.07196291797618226,Anomalie,HIGH
12/11/2016 4:08:43 PM,unknown,unknown,application,Microsoft-Windows-Security-SPP,902,0.06598398629430352,Normal,NORMAL
12/11/2016 4:08:43 PM,unknown,unknown,application,Microsoft-Windows-Security-SPP,1037,0.059121832482476044,Normal,NORMAL
12/11/2016 4:08:43 PM,unknown,unknown,application,Microsoft-Windows-Security-SPP,1003,0.03672182646533545,Normal,NORMAL
12/11/2016 4:08:43 PM,unknown,unknown,application,Microsoft-Windows-Security-SPP,1066,0.010409172733056249,Normal,NORMAL
12/11/2016 4:08:43 PM,unknown,unknown,application,Microsoft-Windows-Security-SPP,900,0.06180079575317299,Normal,NORMAL
12/11/2016 3:39:13 PM,unknown,unknown,application,Microsoft-Windows-Security-SPP,903,0.06715290793985057,Normal,NORMAL
12/11/2016 3:39:13 PM,unknown,unknown,application,Microsoft-Windows-Security-SPP,16384,-0.053590586127234996,Anomalie,HIGH
12/11/2016 3:38:43 PM,unknown,unknown,application,Microsoft-Windows-Security-SPP,902,0.07406259937340731,Normal,NORMAL
12/11/2016 3:38:43 PM,unknown,unknown,application,Microsoft-Windows-Security-SPP,1037,0.06931187532031452,Normal,NORMAL
12/11/2016 3:38:43 PM,unknown,unknown,application,Microsoft-Windows-Security-SPP,1003,0.043500671370061195,Normal,NORMAL
12/11/2016 3:38:43 PM,unknown,unknown,application,Microsoft-Windows-Security-SPP,1066,0.008900536142611992,Normal,NORMAL
12/11/2016 3:38:43 PM,unknown,unknown,application,Microsoft-Windows-Security-SPP,900,0.06961071513470202,Normal,NORMAL
12/11/2016 3:09:13 PM,unknown,unknown,application,Microsoft-Windows-Security-SPP,903,0.06333280736759789,Normal,NORMAL
12/11/2016 3:09:13 PM,unknown,unknown,application,Microsoft-Windows-Security-SPP,16384,-0.06842381347709359,Anomalie,HIGH
12/11/2016 3:08:43 PM,unknown,unknown,application,Microsoft-Windows-Security-SPP,902,0.06858817198303113,Normal,NORMAL
12/11/2016 3:08:43 PM,unknown,unknown,application,Microsoft-Windows-Security-SPP,1037,0.06188577684512275,Normal,NORMAL
12/11/2016 3:08:43 PM,unknown,unknown,application,Microsoft-Windows-Security-SPP,1003,0.04072502589593269,Normal,NORMAL
12/11/2016 3:08:42 PM,unknown,unknown,application,Microsoft-Windows-Security-SPP,1066,0.014767218995409448,Normal,NORMAL
12/11/2016 3:08:42 PM,unknown,unknown,application,Microsoft-Windows-Security-SPP,900,0.06442954453356081,Normal,NORMAL
12/11/2016 2:39:13 PM,unknown,unknown,application,Microsoft-Windows-Security-SPP,903,0.0646896058988114,Normal,NORMAL
12/11/2016 2:39:13 PM,unknown,unknown,application,Microsoft-Windows-Security-SPP,16384,-0.05237287547887337,Anomalie,HIGH
12/11/2016 2:38:42 PM,unknown,unknown,application,Microsoft-Windows-Security-SPP,902,0.07455505228319809,Normal,NORMAL
12/11/2016 2:38:42 PM,unknown,unknown,application,Microsoft-Windows-Security-SPP,1037,0.06903128225312771,Normal,NORMAL
12/11/2016 2:38:42 PM,unknown,unknown,application,Microsoft-Windows-Security-SPP,1003,0.044732073836760367,Normal,NORMAL
12/11/2016 2:38:42 PM,unknown,unknown,application,Microsoft-Windows-Security-SPP,1066,0.010223371962890415,Normal,NORMAL
12/11/2016 2:38:42 PM,unknown,unknown,application,Microsoft-Windows-Security-SPP,900,0.06909189015171063,Normal,NORMAL
12/11/2016 2:09:12 PM,unknown,unknown,application,Microsoft-Windows-Security-SPP,903,0.06326988420991769,Normal,NORMAL
12/11/2016 2:09:12 PM,unknown,unknown,application,Microsoft-Windows-Security-SPP,16384,-0.06401064865774686,Anomalie,HIGH
12/11/2016 2:08:42 PM,unknown,unknown,application,Microsoft-Windows-Security-SPP,902,0.0685259900133729,Normal,NORMAL
12/11/2016 2:08:42 PM,unknown,unknown,application,Microsoft-Windows-Security-SPP,1037,0.06145680089095806,Normal,NORMAL
12/11/2016 2:08:42 PM,unknown,unknown,application,Microsoft-Windows-Security-SPP,1003,0.04063200108466691,Normal,NORMAL
12/11/2016 2:08:42 PM,unknown,unknown,application,Microsoft-Windows-Security-SPP,1066,0.013328080971467093,Normal,NORMAL
12/11/2016 2:08:42 PM,unknown,unknown,application,Microsoft-Windows-Security-SPP,900,0.06366541349116106,Normal,NORMAL
12/11/2016 1:39:12 PM,unknown,unknown,application,Microsoft-Windows-Security-SPP,903,0.059692703387689394,Normal,NORMAL
12/11/2016 1:39:12 PM,unknown,unknown,application,Microsoft-Windows-Security-SPP,16384,-0.05736552031580644,Anomalie,HIGH
12/11/2016 1:38:42 PM,unknown,unknown,application,Microsoft-Windows-Security-SPP,902,0.07009864461766646,Normal,NORMAL
12/11/2016 1:38:42 PM,unknown,unknown,application,Microsoft-Windows-Security-SPP,1037,0.06496941124116873,Normal,NORMAL
12/11/2016 1:38:42 PM,unknown,unknown,application,Microsoft-Windows-Security-SPP,1003,0.04249910334541729,Normal,NORMAL
12/11/2016 1:38:42 PM,unknown,unknown,application,Microsoft-Windows-Security-SPP,1066,0.009885462731580086,Normal,NORMAL
12/11/2016 1:38:42 PM,unknown,unknown,application,Microsoft-Windows-Security-SPP,900,0.06506520428743345,Normal,NORMAL
12/11/2016 1:09:12 PM,unknown,unknown,application,Microsoft-Windows-Security-SPP,903,0.05770883690117279,Normal,NORMAL
12/11/2016 1:09:12 PM,unknown,unknown,application,Microsoft-Windows-Security-SPP,16384,-0.0677945306807809,Anomalie,HIGH
12/11/2016 1:08:42 PM,unknown,unknown,application,Microsoft-Windows-Security-SPP,902,0.06406973276035399,Normal,NORMAL
12/11/2016 1:08:42 PM,unknown,unknown,application,Microsoft-Windows-Security-SPP,1037,0.05738793266971465,Normal,NORMAL
12/11/2016 1:08:42 PM,unknown,unknown,application,Microsoft-Windows-Security-SPP,1003,0.039023311067643396,Normal,NORMAL
12/11/2016 1:08:42 PM,unknown,unknown,application,Microsoft-Windows-Security-SPP,1066,0.015649814820258345,Normal,NORMAL
12/11/2016 1:08:42 PM,unknown,unknown,application,Microsoft-Windows-Security-SPP,900,0.059651651198998734,Normal,NORMAL
12/11/2016 12:39:12 PM,unknown,unknown,application,Microsoft-Windows-Security-SPP,903,0.059396119711351836,Normal,NORMAL
12/11/2016 12:39:12 PM,unknown,unknown,application,Microsoft-Windows-Security-SPP,16384,-0.05418359152837304,Anomalie,HIGH
12/11/2016 12:38:42 PM,unknown,unknown,application,Microsoft-Windows-Security-SPP,902,0.07010630192300199,Normal,NORMAL
12/11/2016 12:38:42 PM,unknown,unknown,application,Microsoft-Windows-Security-SPP,1037,0.06606921131307975,Normal,NORMAL
12/11/2016 12:38:42 PM,unknown,unknown,application,Microsoft-Windows-Security-SPP,1003,0.04323606563264154,Normal,NORMAL
12/11/2016 12:38:42 PM,unknown,unknown,application,Microsoft-Windows-Security-SPP,1066,0.011998765499467268,Normal,NORMAL
12/11/2016 12:38:42 PM,unknown,unknown,application,Microsoft-Windows-Security-SPP,900,0.0651353045953082,Normal,NORMAL
12/11/2016 12:09:12 PM,unknown,unknown,application,Microsoft-Windows-Security-SPP,903,0.05839248091739241,Normal,NORMAL
12/11/2016 12:09:12 PM,unknown,unknown,application,Microsoft-Windows-Security-SPP,16384,-0.0655849862530149,Anomalie,HIGH
12/11/2016 12:08:42 PM,unknown,unknown,application,Microsoft-Windows-Security-SPP,902,0.06474375128149679,Normal,NORMAL
12/11/2016 12:08:42 PM,unknown,unknown,application,Microsoft-Windows-Security-SPP,1037,0.060004959581689,Normal,NORMAL
12/11/2016 12:08:42 PM,unknown,unknown,application,Microsoft-Windows-Security-SPP,1003,0.04132649741979405,Normal,NORMAL
12/11/2016 12:08:42 PM,unknown,unknown,application,Microsoft-Windows-Security-SPP,1066,0.018508447583449383,Normal,NORMAL
12/11/2016 12:08:42 PM,unknown,unknown,application,Microsoft-Windows-Security-SPP,900,0.060395375723114764,Normal,NORMAL
12/11/2016 11:39:12 AM,unknown,unknown,application,Microsoft-Windows-Security-SPP,903,0.058575059613213576,Normal,NORMAL
12/11/2016 11:39:12 AM,unknown,unknown,application,Microsoft-Windows-Security-SPP,16384,-0.05786106241256106,Anomalie,HIGH
12/11/2016 11:38:42 AM,unknown,unknown,application,Microsoft-Windows-Security-SPP,902,0.06916417479207188,Normal,NORMAL
12/11/2016 11:38:42 AM,unknown,unknown,application,Microsoft-Windows-Security-SPP,1037,0.06464000264912512,Normal,NORMAL
12/11/2016 11:38:42 AM,unknown,unknown,application,Microsoft-Windows-Security-SPP,1003,0.043166094605423144,Normal,NORMAL
12/11/2016 11:38:41 AM,unknown,unknown,application,Microsoft-Windows-Security-SPP,1066,0.012225853094918526,Normal,NORMAL
12/11/2016 11:38:41 AM,unknown,unknown,application,Microsoft-Windows-Security-SPP,900,0.06513918294172216,Normal,NORMAL
12/11/2016 11:09:12 AM,unknown,unknown,application,Microsoft-Windows-Security-SPP,903,0.057797032465439324,Normal,NORMAL
12/11/2016 11:09:12 AM,unknown,unknown,application,Microsoft-Windows-Security-SPP,16384,-0.0695736875617684,Anomalie,HIGH
12/11/2016 11:08:41 AM,unknown,unknown,application,Microsoft-Windows-Security-SPP,902,0.06485727625462673,Normal,NORMAL
12/11/2016 11:08:41 AM,unknown,unknown,application,Microsoft-Windows-Security-SPP,1037,0.059827367766129846,Normal,NORMAL
12/11/2016 11:08:41 AM,unknown,unknown,application,Microsoft-Windows-Security-SPP,1003,0.041744836375529004,Normal,NORMAL
12/11/2016 11:08:41 AM,unknown,unknown,application,Microsoft-Windows-Security-SPP,1066,0.021078380167219357,Normal,NORMAL
12/11/2016 11:08:41 AM,unknown,unknown,application,Microsoft-Windows-Security-SPP,900,0.061681473543988286,Normal,NORMAL
12/11/2016 10:39:11 AM,unknown,unknown,application,Microsoft-Windows-Security-SPP,903,0.05947961059209017,Normal,NORMAL
12/11/2016 10:39:11 AM,unknown,unknown,application,Microsoft-Windows-Security-SPP,16384,-0.059154071960753174,Anomalie,HIGH
12/11/2016 10:38:41 AM,unknown,unknown,application,Microsoft-Windows-Security-SPP,902,0.06934652039534817,Normal,NORMAL
12/11/2016 10:38:41 AM,unknown,unknown,application,Microsoft-Windows-Security-SPP,1037,0.06601604661420701,Normal,NORMAL
12/11/2016 10:38:41 AM,unknown,unknown,application,Microsoft-Windows-Security-SPP,1003,0.04240728910379832,Normal,NORMAL
12/11/2016 10:38:41 AM,unknown,unknown,application,Microsoft-Windows-Security-SPP,1066,0.012742469137632384,Normal,NORMAL
12/11/2016 10:38:41 AM,unknown,unknown,application,Microsoft-Windows-Security-SPP,900,0.0653231953665695,Normal,NORMAL
12/11/2016 10:09:11 AM,unknown,unknown,application,Microsoft-Windows-Security-SPP,903,0.061832176106050574,Normal,NORMAL
12/11/2016 10:09:11 AM,unknown,unknown,application,Microsoft-Windows-Security-SPP,16384,-0.07011793303365577,Anomalie,HIGH
12/11/2016 10:08:41 AM,unknown,unknown,application,Microsoft-Windows-Security-SPP,902,0.06621498036126044,Normal,NORMAL
12/11/2016 10:08:41 AM,unknown,unknown,application,Microsoft-Windows-Security-SPP,1037,0.06181391689940163,Normal,NORMAL
12/11/2016 10:08:41 AM,unknown,unknown,application,Microsoft-Windows-Security-SPP,1003,0.043632851591202504,Normal,NORMAL
12/11/2016 10:08:41 AM,unknown,unknown,application,Microsoft-Windows-Security-SPP,1066,0.023426512189913096,Normal,NORMAL
12/11/2016 10:08:41 AM,unknown,unknown,application,Microsoft-Windows-Security-SPP,900,0.06304887515901014,Normal,NORMAL
12/11/2016 9:39:11 AM,unknown,unknown,application,Microsoft-Windows-Security-SPP,903,0.058024831772406305,Normal,NORMAL
12/11/2016 9:39:11 AM,unknown,unknown,application,Microsoft-Windows-Security-SPP,16384,-0.060942165573435236,Anomalie,HIGH
12/11/2016 9:38:41 AM,unknown,unknown,application,Microsoft-Windows-Security-SPP,902,0.0693788260160893,Normal,NORMAL
12/11/2016 9:38:41 AM,unknown,unknown,application,Microsoft-Windows-Security-SPP,1037,0.06719508565002241,Normal,NORMAL
12/11/2016 9:38:41 AM,unknown,unknown,application,Microsoft-Windows-Security-SPP,1003,0.042757714786625656,Normal,NORMAL
12/11/2016 9:38:41 AM,unknown,unknown,application,Microsoft-Windows-Security-SPP,1066,0.012561347019489966,Normal,NORMAL
12/11/2016 9:38:41 AM,unknown,unknown,application,Microsoft-Windows-Security-SPP,900,0.06501922844659808,Normal,NORMAL
12/11/2016 9:09:11 AM,unknown,unknown,application,Microsoft-Windows-Security-SPP,903,0.06283189224452301,Normal,NORMAL
12/11/2016 9:09:11 AM,unknown,unknown,application,Microsoft-Windows-Security-SPP,16384,-0.07130488513330735,Anomalie,HIGH
12/11/2016 9:08:41 AM,unknown,unknown,application,Microsoft-Windows-Security-SPP,902,0.06677179899404129,Normal,NORMAL
12/11/2016 9:08:41 AM,unknown,unknown,application,Microsoft-Windows-Security-SPP,1037,0.06246420421264559,Normal,NORMAL
12/11/2016 9:08:41 AM,unknown,unknown,application,Microsoft-Windows-Security-SPP,1003,0.04414513353468108,Normal,NORMAL
12/11/2016 9:08:41 AM,unknown,unknown,application,Microsoft-Windows-Security-SPP,1066,0.022356586568884285,Normal,NORMAL
12/11/2016 9:08:41 AM,unknown,unknown,application,Microsoft-Windows-Security-SPP,900,0.06391124337381254,Normal,NORMAL
12/11/2016 8:39:11 AM,unknown,unknown,application,Microsoft-Windows-Security-SPP,903,0.056077924800334744,Normal,NORMAL
12/11/2016 8:39:11 AM,unknown,unknown,application,Microsoft-Windows-Security-SPP,16384,-0.06609618037388554,Anomalie,HIGH
12/11/2016 8:38:41 AM,unknown,unknown,application,Microsoft-Windows-Security-SPP,902,0.06748088255099949,Normal,NORMAL
12/11/2016 8:38:41 AM,unknown,unknown,application,Microsoft-Windows-Security-SPP,1037,0.0652253910238314,Normal,NORMAL
12/11/2016 8:38:41 AM,unknown,unknown,application,Microsoft-Windows-Security-SPP,1003,0.04220808165025847,Normal,NORMAL
12/11/2016 8:38:41 AM,unknown,unknown,application,Microsoft-Windows-Security-SPP,1066,0.0113840816073561,Normal,NORMAL
12/11/2016 8:38:41 AM,unknown,unknown,application,Microsoft-Windows-Security-SPP,900,0.06371761256135855,Normal,NORMAL
12/11/2016 8:26:11 AM,unknown,unknown,application,Desktop Window Manager,9009,-0.12025068823791218,Anomalie,HIGH
12/11/2016 8:09:11 AM,unknown,unknown,application,Microsoft-Windows-Security-SPP,903,0.05943461309438286,Normal,NORMAL
12/11/2016 8:09:11 AM,unknown,unknown,application,Microsoft-Windows-Security-SPP,16384,-0.07453899907113393,Anomalie,HIGH
12/11/2016 8:08:41 AM,unknown,unknown,application,Microsoft-Windows-Security-SPP,902,0.06340448695523637,Normal,NORMAL
12/11/2016 8:08:41 AM,unknown,unknown,application,Microsoft-Windows-Security-SPP,1037,0.057933112304384304,Normal,NORMAL
12/11/2016 8:08:41 AM,unknown,unknown,application,Microsoft-Windows-Security-SPP,1003,0.03868769941905814,Normal,NORMAL
12/11/2016 8:08:41 AM,unknown,unknown,application,Microsoft-Windows-Security-SPP,1066,0.016057103230007197,Normal,NORMAL
12/11/2016 8:08:40 AM,unknown,unknown,application,Microsoft-Windows-Security-SPP,900,0.06018194299536739,Normal,NORMAL
12/11/2016 7:39:10 AM,unknown,unknown,application,Microsoft-Windows-Security-SPP,903,0.052955289539107775,Normal,NORMAL
12/11/2016 7:39:10 AM,unknown,unknown,application,Microsoft-Windows-Security-SPP,16384,-0.06426903984750532,Anomalie,HIGH
12/11/2016 7:38:40 AM,unknown,unknown,application,Microsoft-Windows-Security-SPP,902,0.0640671012676779,Normal,NORMAL
12/11/2016 7:38:40 AM,unknown,unknown,application,Microsoft-Windows-Security-SPP,1037,0.06190193033004554,Normal,NORMAL
12/11/2016 7:38:40 AM,unknown,unknown,application,Microsoft-Windows-Security-SPP,1003,0.03523311431058135,Normal,NORMAL
12/11/2016 7:38:40 AM,unknown,unknown,application,Microsoft-Windows-Security-SPP,1066,0.004070672822439225,Normal,NORMAL
12/11/2016 7:38:40 AM,unknown,unknown,application,Microsoft-Windows-Security-SPP,900,0.05990765240679874,Normal,NORMAL
12/11/2016 7:09:10 AM,unknown,unknown,application,Microsoft-Windows-Security-SPP,903,0.05599706332627191,Normal,NORMAL
12/11/2016 7:09:10 AM,unknown,unknown,application,Microsoft-Windows-Security-SPP,16384,-0.07223810229053451,Anomalie,HIGH
12/11/2016 7:08:40 AM,unknown,unknown,application,Microsoft-Windows-Security-SPP,902,0.06095300371030066,Normal,NORMAL
12/11/2016 7:08:40 AM,unknown,unknown,application,Microsoft-Windows-Security-SPP,1037,0.05556082767750414,Normal,NORMAL
12/11/2016 7:08:40 AM,unknown,unknown,application,Microsoft-Windows-Security-SPP,1003,0.033351623041033285,Normal,NORMAL
12/11/2016 7:08:40 AM,unknown,unknown,application,Microsoft-Windows-Security-SPP,1066,0.009232592597434586,Normal,NORMAL
12/11/2016 7:08:40 AM,unknown,unknown,application,Microsoft-Windows-Security-SPP,900,0.05709376439245201,Normal,NORMAL
12/11/2016 6:39:10 AM,unknown,unknown,application,Microsoft-Windows-Security-SPP,903,0.053107198571282266,Normal,NORMAL
12/11/2016 6:39:10 AM,unknown,unknown,application,Microsoft-Windows-Security-SPP,16384,-0.06790119522372018,Anomalie,HIGH
12/11/2016 6:38:40 AM,unknown,unknown,application,Microsoft-Windows-Security-SPP,902,0.06421531289053267,Normal,NORMAL
12/11/2016 6:38:40 AM,unknown,unknown,application,Microsoft-Windows-Security-SPP,1037,0.060990282965237286,Normal,NORMAL
12/11/2016 6:38:40 AM,unknown,unknown,application,Microsoft-Windows-Security-SPP,1003,0.03426714753697696,Normal,NORMAL
12/11/2016 6:38:40 AM,unknown,unknown,application,Microsoft-Windows-Security-SPP,1066,0.0034547831686648767,Normal,NORMAL
12/11/2016 6:38:40 AM,unknown,unknown,application,Microsoft-Windows-Security-SPP,900,0.05975306716509632,Normal,NORMAL
12/11/2016 6:09:10 AM,unknown,unknown,application,Microsoft-Windows-Security-SPP,903,0.05454898163713506,Normal,NORMAL
12/11/2016 6:09:10 AM,unknown,unknown,application,Microsoft-Windows-Security-SPP,16384,-0.07588668904672546,Anomalie,HIGH
12/11/2016 6:08:40 AM,unknown,unknown,application,Microsoft-Windows-Security-SPP,902,0.060156232544884725,Normal,NORMAL
12/11/2016 6:08:40 AM,unknown,unknown,application,Microsoft-Windows-Security-SPP,1037,0.052982299711544,Normal,NORMAL
12/11/2016 6:08:40 AM,unknown,unknown,application,Microsoft-Windows-Security-SPP,1003,0.03097080272236974,Normal,NORMAL
12/11/2016 6:08:40 AM,unknown,unknown,application,Microsoft-Windows-Security-SPP,1066,0.005267640699872955,Normal,NORMAL
12/11/2016 6:08:40 AM,unknown,unknown,application,Microsoft-Windows-Security-SPP,900,0.056290137713963684,Normal,NORMAL
12/11/2016 5:39:10 AM,unknown,unknown,application,Microsoft-Windows-Security-SPP,903,0.05082364948941148,Normal,NORMAL
12/11/2016 5:39:10 AM,unknown,unknown,application,Microsoft-Windows-Security-SPP,16384,-0.07204006362947868,Anomalie,HIGH
12/11/2016 5:38:40 AM,unknown,unknown,application,Microsoft-Windows-Security-SPP,902,0.06196839170562424,Normal,NORMAL
12/11/2016 5:38:40 AM,unknown,unknown,application,Microsoft-Windows-Security-SPP,1037,0.058503893654610784,Normal,NORMAL
12/11/2016 5:38:40 AM,unknown,unknown,application,Microsoft-Windows-Security-SPP,1003,0.0325313454435216,Normal,NORMAL
12/11/2016 5:38:40 AM,unknown,unknown,application,Microsoft-Windows-Security-SPP,1066,0.0007262675307253552,Normal,NORMAL
12/11/2016 5:38:40 AM,unknown,unknown,application,Microsoft-Windows-Security-SPP,900,0.05722310082633947,Normal,NORMAL
12/11/2016 5:09:10 AM,unknown,unknown,application,Microsoft-Windows-Security-SPP,903,0.0530168658425626,Normal,NORMAL
12/11/2016 5:09:10 AM,unknown,unknown,application,Microsoft-Windows-Security-SPP,16384,-0.07708500860675971,Anomalie,HIGH
12/11/2016 5:08:40 AM,unknown,unknown,application,Microsoft-Windows-Security-SPP,902,0.059352264326988036,Normal,NORMAL
12/11/2016 5:08:40 AM,unknown,unknown,application,Microsoft-Windows-Security-SPP,1037,0.053224698547372384,Normal,NORMAL
12/11/2016 5:08:40 AM,unknown,unknown,application,Microsoft-Windows-Security-SPP,1003,0.030657268030314433,Normal,NORMAL
12/11/2016 5:08:40 AM,unknown,unknown,application,Microsoft-Windows-Security-SPP,1066,0.004171268607541467,Normal,NORMAL
12/11/2016 5:08:39 AM,unknown,unknown,application,Microsoft-Windows-Security-SPP,900,0.055479252058706297,Normal,NORMAL
12/11/2016 4:39:10 AM,unknown,unknown,application,Microsoft-Windows-Security-SPP,903,0.047545510967000715,Normal,NORMAL
12/11/2016 4:39:10 AM,unknown,unknown,application,Microsoft-Windows-Security-SPP,16384,-0.0741566914334697,Anomalie,HIGH
12/11/2016 4:38:39 AM,unknown,unknown,application,Microsoft-Windows-Security-SPP,902,0.058573396037648495,Normal,NORMAL
12/11/2016 4:38:39 AM,unknown,unknown,application,Microsoft-Windows-Security-SPP,1037,0.0529076712515425,Normal,NORMAL
12/11/2016 4:38:39 AM,unknown,unknown,application,Microsoft-Windows-Security-SPP,1003,0.026316491133585862,Normal,NORMAL
12/11/2016 4:38:39 AM,unknown,unknown,application,Microsoft-Windows-Security-SPP,1066,-0.0028688341620018987,Anomalie,HIGH
12/11/2016 4:38:39 AM,unknown,unknown,application,Microsoft-Windows-Security-SPP,900,0.053792106113794425,Normal,NORMAL
12/11/2016 4:09:09 AM,unknown,unknown,application,Microsoft-Windows-Security-SPP,903,0.049673491017865334,Normal,NORMAL
12/11/2016 4:09:09 AM,unknown,unknown,application,Microsoft-Windows-Security-SPP,16384,-0.07948887516716563,Anomalie,HIGH
12/11/2016 4:08:39 AM,unknown,unknown,application,Microsoft-Windows-Security-SPP,902,0.05636197448641811,Normal,NORMAL
12/11/2016 4:08:39 AM,unknown,unknown,application,Microsoft-Windows-Security-SPP,1037,0.04862679290707145,Normal,NORMAL
12/11/2016 4:08:39 AM,unknown,unknown,application,Microsoft-Windows-Security-SPP,1003,0.02492844632786867,Normal,NORMAL
12/11/2016 4:08:39 AM,unknown,unknown,application,Microsoft-Windows-Security-SPP,1066,0.0011360267881603825,Normal,NORMAL
12/11/2016 4:08:39 AM,unknown,unknown,application,Microsoft-Windows-Security-SPP,900,0.05246323341169579,Normal,NORMAL
12/11/2016 3:39:09 AM,unknown,unknown,application,Microsoft-Windows-Security-SPP,903,0.04283764074109708,Normal,NORMAL
12/11/2016 3:39:09 AM,unknown,unknown,application,Microsoft-Windows-Security-SPP,16384,-0.07957513659167581,Anomalie,HIGH
12/11/2016 3:38:39 AM,unknown,unknown,application,Microsoft-Windows-Security-SPP,902,0.05490155227192833,Normal,NORMAL
12/11/2016 3:38:39 AM,unknown,unknown,application,Microsoft-Windows-Security-SPP,1037,0.04950101632833792,Normal,NORMAL
12/11/2016 3:38:39 AM,unknown,unknown,application,Microsoft-Windows-Security-SPP,1003,0.02495977963209456,Normal,NORMAL
12/11/2016 3:38:39 AM,unknown,unknown,application,Microsoft-Windows-Security-SPP,1066,-0.00692259292839037,Anomalie,HIGH
12/11/2016 3:38:39 AM,unknown,unknown,application,Microsoft-Windows-Security-SPP,900,0.05008132772773882,Normal,NORMAL
12/11/2016 3:09:09 AM,unknown,unknown,application,Microsoft-Windows-Security-SPP,903,0.04763763880484939,Normal,NORMAL
12/11/2016 3:09:09 AM,unknown,unknown,application,Microsoft-Windows-Security-SPP,16384,-0.08390526625776651,Anomalie,HIGH
12/11/2016 3:08:39 AM,unknown,unknown,application,Microsoft-Windows-Security-SPP,902,0.054355735940444905,Normal,NORMAL
12/11/2016 3:08:39 AM,unknown,unknown,application,Microsoft-Windows-Security-SPP,1037,0.046586306374558184,Normal,NORMAL
12/11/2016 3:08:39 AM,unknown,unknown,application,Microsoft-Windows-Security-SPP,1003,0.023502477825657453,Normal,NORMAL
12/11/2016 3:08:39 AM,unknown,unknown,application,Microsoft-Windows-Security-SPP,1066,-0.0006349633737318117,Anomalie,HIGH
12/11/2016 3:08:39 AM,unknown,unknown,application,Microsoft-Windows-Security-SPP,900,0.050129042767828424,Normal,NORMAL
12/11/2016 2:39:09 AM,unknown,unknown,application,Microsoft-Windows-Security-SPP,903,0.03874675631680469,Normal,NORMAL
12/11/2016 2:39:09 AM,unknown,unknown,application,Microsoft-Windows-Security-SPP,16384,-0.08004206660325663,Anomalie,HIGH
12/11/2016 2:38:39 AM,unknown,unknown,application,Microsoft-Windows-Security-SPP,902,0.04840721717923102,Normal,NORMAL
12/11/2016 2:38:39 AM,unknown,unknown,application,Microsoft-Windows-Security-SPP,1037,0.042929527664146094,Normal,NORMAL
12/11/2016 2:38:39 AM,unknown,unknown,application,Microsoft-Windows-Security-SPP,1003,0.01572070738851078,Normal,NORMAL
12/11/2016 2:38:39 AM,unknown,unknown,application,Microsoft-Windows-Security-SPP,1066,-0.01721017914623202,Anomalie,HIGH
12/11/2016 2:38:39 AM,unknown,unknown,application,Microsoft-Windows-Security-SPP,900,0.043786552198574746,Normal,NORMAL
12/11/2016 2:09:09 AM,unknown,unknown,application,Microsoft-Windows-Security-SPP,903,0.0445837524847606,Normal,NORMAL
12/11/2016 2:09:09 AM,unknown,unknown,application,Microsoft-Windows-Security-SPP,16384,-0.08391440394105698,Anomalie,HIGH
12/11/2016 2:08:39 AM,unknown,unknown,application,Microsoft-Windows-Security-SPP,902,0.05246504334951124,Normal,NORMAL
12/11/2016 2:08:39 AM,unknown,unknown,application,Microsoft-Windows-Security-SPP,1037,0.044663338252613594,Normal,NORMAL
12/11/2016 2:08:39 AM,unknown,unknown,application,Microsoft-Windows-Security-SPP,1003,0.019134772327465133,Normal,NORMAL
12/11/2016 2:08:39 AM,unknown,unknown,application,Microsoft-Windows-Security-SPP,1066,-0.005833122938634805,Anomalie,HIGH
12/11/2016 2:08:38 AM,unknown,unknown,application,Microsoft-Windows-Security-SPP,900,0.04848650543711053,Normal,NORMAL
12/11/2016 1:39:09 AM,unknown,unknown,application,Microsoft-Windows-Security-SPP,903,0.03703524639846806,Normal,NORMAL
12/11/2016 1:39:09 AM,unknown,unknown,application,Microsoft-Windows-Security-SPP,16384,-0.08241587361750646,Anomalie,HIGH
12/11/2016 1:38:38 AM,unknown,unknown,application,Microsoft-Windows-Security-SPP,902,0.04352339924225984,Normal,NORMAL
12/11/2016 1:38:38 AM,unknown,unknown,application,Microsoft-Windows-Security-SPP,1037,0.03798768931538693,Normal,NORMAL
12/11/2016 1:38:38 AM,unknown,unknown,application,Microsoft-Windows-Security-SPP,1003,0.009476798762644068,Normal,NORMAL
12/11/2016 1:38:38 AM,unknown,unknown,application,Microsoft-Windows-Security-SPP,1066,-0.023566936994719012,Anomalie,HIGH
12/11/2016 1:38:38 AM,unknown,unknown,application,Microsoft-Windows-Security-SPP,900,0.038853791567028895,Normal,NORMAL
12/11/2016 1:09:08 AM,unknown,unknown,application,Microsoft-Windows-Security-SPP,903,0.036892809778880764,Normal,NORMAL
12/11/2016 1:09:08 AM,unknown,unknown,application,Microsoft-Windows-Security-SPP,16384,-0.08835681101333936,Anomalie,HIGH
12/11/2016 1:08:38 AM,unknown,unknown,application,Microsoft-Windows-Security-SPP,902,0.041820958711924094,Normal,NORMAL
12/11/2016 1:08:38 AM,unknown,unknown,application,Microsoft-Windows-Security-SPP,1037,0.033837551160883106,Normal,NORMAL
12/11/2016 1:08:38 AM,unknown,unknown,application,Microsoft-Windows-Security-SPP,1003,0.006984545576423473,Normal,NORMAL
12/11/2016 1:08:38 AM,unknown,unknown,application,Microsoft-Windows-Security-SPP,1066,-0.016684707581284375,Anomalie,HIGH
12/11/2016 1:08:38 AM,unknown,unknown,application,Microsoft-Windows-Security-SPP,900,0.03774976027293242,Normal,NORMAL
12/11/2016 12:39:08 AM,unknown,unknown,application,Microsoft-Windows-Security-SPP,903,0.02621787618341359,Normal,NORMAL
12/11/2016 12:39:08 AM,unknown,unknown,application,Microsoft-Windows-Security-SPP,16384,-0.0880730113053173,Anomalie,HIGH
12/11/2016 12:38:38 AM,unknown,unknown,application,Microsoft-Windows-Security-SPP,902,0.032854583355177214,Normal,NORMAL
12/11/2016 12:38:38 AM,unknown,unknown,application,Microsoft-Windows-Security-SPP,1037,0.027950868480560553,Normal,NORMAL
12/11/2016 12:38:38 AM,unknown,unknown,application,Microsoft-Windows-Security-SPP,1003,0.0006534015167964924,Normal,NORMAL
12/11/2016 12:38:38 AM,unknown,unknown,application,Microsoft-Windows-Security-SPP,1066,-0.03197269932809277,Anomalie,HIGH
12/11/2016 12:38:38 AM,unknown,unknown,application,Microsoft-Windows-Security-SPP,900,0.028078059205136396,Normal,NORMAL
12/11/2016 12:09:08 AM,unknown,unknown,application,Microsoft-Windows-Security-SPP,903,0.024836511546330986,Normal,NORMAL
12/11/2016 12:09:08 AM,unknown,unknown,application,Microsoft-Windows-Security-SPP,16384,-0.09720041888410647,Anomalie,HIGH
12/11/2016 12:08:38 AM,unknown,unknown,application,Microsoft-Windows-Security-SPP,902,0.029565783646504862,Normal,NORMAL
12/11/2016 12:08:38 AM,unknown,unknown,application,Microsoft-Windows-Security-SPP,1037,0.021042808250337885,Normal,NORMAL
12/11/2016 12:08:38 AM,unknown,unknown,application,Microsoft-Windows-Security-SPP,1003,-0.005389313055901734,Anomalie,HIGH
12/11/2016 12:08:38 AM,unknown,unknown,application,Microsoft-Windows-Security-SPP,1066,-0.029419114379446,Anomalie,HIGH
12/11/2016 12:08:38 AM,unknown,unknown,application,Microsoft-Windows-Security-SPP,900,0.025387899568147465,Normal,NORMAL
12/10/2016 11:39:08 PM,unknown,unknown,application,Microsoft-Windows-Security-SPP,903,0.05699051630563262,Normal,NORMAL
12/10/2016 11:39:08 PM,unknown,unknown,application,Microsoft-Windows-Security-SPP,16384,-0.060065782039099846,Anomalie,HIGH
12/10/2016 11:38:38 PM,unknown,unknown,application,Microsoft-Windows-Security-SPP,902,0.058792632844902604,Normal,NORMAL
12/10/2016 11:38:38 PM,unknown,unknown,application,Microsoft-Windows-Security-SPP,1037,0.05251081128390822,Normal,NORMAL
12/10/2016 11:38:38 PM,unknown,unknown,application,Microsoft-Windows-Security-SPP,1003,0.03360199011573484,Normal,NORMAL
12/10/2016 11:38:38 PM,unknown,unknown,application,Microsoft-Windows-Security-SPP,1066,0.0064172182070145745,Normal,NORMAL
12/10/2016 11:38:38 PM,unknown,unknown,application,Microsoft-Windows-Security-SPP,900,0.05667488390974945,Normal,NORMAL
12/10/2016 11:09:08 PM,unknown,unknown,application,Microsoft-Windows-Security-SPP,903,0.049463525347272996,Normal,NORMAL
12/10/2016 11:09:08 PM,unknown,unknown,application,Microsoft-Windows-Security-SPP,16384,-0.06831847490975074,Anomalie,HIGH
12/10/2016 11:08:38 PM,unknown,unknown,application,Microsoft-Windows-Security-SPP,902,0.05064936473929127,Normal,NORMAL
12/10/2016 11:08:38 PM,unknown,unknown,application,Microsoft-Windows-Security-SPP,1037,0.046032233167047465,Normal,NORMAL
12/10/2016 11:08:38 PM,unknown,unknown,application,Microsoft-Windows-Security-SPP,1003,0.021765538897356884,Normal,NORMAL
12/10/2016 11:08:38 PM,unknown,unknown,application,Microsoft-Windows-Security-SPP,1066,-9.620004722743491e-05,Anomalie,HIGH
12/10/2016 11:08:37 PM,unknown,unknown,application,Microsoft-Windows-Security-SPP,900,0.0495121407652081,Normal,NORMAL
12/10/2016 10:39:08 PM,unknown,unknown,application,Microsoft-Windows-Security-SPP,903,0.06129468619204953,Normal,NORMAL
12/10/2016 10:39:08 PM,unknown,unknown,application,Microsoft-Windows-Security-SPP,16384,-0.05891089966746743,Anomalie,HIGH
12/10/2016 10:38:37 PM,unknown,unknown,application,Microsoft-Windows-Security-SPP,902,0.06307966090550438,Normal,NORMAL
12/10/2016 10:38:37 PM,unknown,unknown,application,Microsoft-Windows-Security-SPP,1037,0.05520837947772905,Normal,NORMAL
12/10/2016 10:38:37 PM,unknown,unknown,application,Microsoft-Windows-Security-SPP,1003,0.04003824189061822,Normal,NORMAL
12/10/2016 10:38:37 PM,unknown,unknown,application,Microsoft-Windows-Security-SPP,1066,0.011025799906647815,Normal,NORMAL
12/10/2016 10:38:37 PM,unknown,unknown,application,Microsoft-Windows-Security-SPP,900,0.0609820561078559,Normal,NORMAL
12/10/2016 10:09:07 PM,unknown,unknown,application,Microsoft-Windows-Security-SPP,903,0.0535459786907429,Normal,NORMAL
12/10/2016 10:09:07 PM,unknown,unknown,application,Microsoft-Windows-Security-SPP,16384,-0.06683771146645434,Anomalie,HIGH
12/10/2016 10:08:37 PM,unknown,unknown,application,Microsoft-Windows-Security-SPP,902,0.05559786952062862,Normal,NORMAL
12/10/2016 10:08:37 PM,unknown,unknown,application,Microsoft-Windows-Security-SPP,1037,0.04878327806227567,Normal,NORMAL
12/10/2016 10:08:37 PM,unknown,unknown,application,Microsoft-Windows-Security-SPP,1003,0.02729357973165053,Normal,NORMAL
12/10/2016 10:08:37 PM,unknown,unknown,application,Microsoft-Windows-Security-SPP,1066,0.004277022571878231,Normal,NORMAL
12/10/2016 10:08:37 PM,unknown,unknown,application,Microsoft-Windows-Security-SPP,900,0.054472910360848004,Normal,NORMAL
12/10/2016 9:39:07 PM,unknown,unknown,application,Microsoft-Windows-Security-SPP,903,0.0819556770769716,Normal,NORMAL
12/10/2016 9:39:07 PM,unknown,unknown,application,Microsoft-Windows-Security-SPP,16384,-0.03981557920516299,Anomalie,HIGH
12/10/2016 9:38:37 PM,unknown,unknown,application,Microsoft-Windows-Security-SPP,902,0.08319164509136773,Normal,NORMAL
12/10/2016 9:38:37 PM,unknown,unknown,application,Microsoft-Windows-Security-SPP,1037,0.0766360787817073,Normal,NORMAL
12/10/2016 9:38:37 PM,unknown,unknown,application,Microsoft-Windows-Security-SPP,1003,0.05803734745711764,Normal,NORMAL
12/10/2016 9:38:37 PM,unknown,unknown,application,Microsoft-Windows-Security-SPP,1066,0.027224615379282002,Normal,NORMAL
12/10/2016 9:38:37 PM,unknown,unknown,application,Microsoft-Windows-Security-SPP,900,0.08091364582576094,Normal,NORMAL
12/10/2016 9:09:07 PM,unknown,unknown,application,Microsoft-Windows-Security-SPP,903,0.07226671540549806,Normal,NORMAL
12/10/2016 9:09:07 PM,unknown,unknown,application,Microsoft-Windows-Security-SPP,16384,-0.05590965148233007,Anomalie,HIGH
12/10/2016 9:08:37 PM,unknown,unknown,application,Microsoft-Windows-Security-SPP,902,0.07358714526763954,Normal,NORMAL
