12/15/2016 8:58:43 AM,unknown,unknown,application,Microsoft-Windows-Security-SPP,16384,-0.0912138894651009,Anomalie,HIGH
12/15/2016 8:58:15 AM,unknown,unknown,application,Windows PowerShell (logit.ps),10,0.04014993249037113,Normal,NORMAL
12/15/2016 8:58:15 AM,unknown,unknown,application,Windows PowerShell (logit.ps),10,-0.035633876108411955,Anomalie,HIGH
12/15/2016 8:58:15 AM,unknown,unknown,application,Windows PowerShell (logit.ps),10,0.0317832747954494,Normal,NORMAL
12/15/2016 8:58:15 AM,unknown,unknown,application,Windows PowerShell (logit.ps),10,-0.018926333817532504,Anomalie,HIGH
12/15/2016 8:58:15 AM,unknown,unknown,application,Windows PowerShell (logit.ps),10,0.04014993249037113,Normal,NORMAL
12/15/2016 8:57:48 AM,unknown,unknown,application,Windows PowerShell (logit.ps),10,0.04581942072720524,Normal,NORMAL
12/15/2016 8:57:48 AM,unknown,unknown,application,Windows PowerShell (logit.ps),10,-0.030338707652928787,Anomalie,HIGH
12/15/2016 8:57:48 AM,unknown,unknown,application,Windows PowerShell (logit.ps),10,0.03723441885336948,Normal,NORMAL
12/15/2016 8:57:48 AM,unknown,unknown,application,Windows PowerShell (logit.ps),10,-0.012981114459664322,Anomalie,HIGH
12/15/2016 8:57:48 AM,unknown,unknown,application,Windows PowerShell (logit.ps),10,0.04581942072720524,Normal,NORMAL
12/15/2016 8:57:22 AM,unknown,unknown,application,Windows PowerShell (logit.ps),10,0.04581942072720524,Normal,NORMAL
12/15/2016 8:57:22 AM,unknown,unknown,application,Windows PowerShell (logit.ps),10,-0.030338707652928787,Anomalie,HIGH
12/15/2016 8:57:22 AM,unknown,unknown,application,Windows PowerShell (logit.ps),10,0.03723441885336948,Normal,NORMAL
12/15/2016 8:57:22 AM,unknown,unknown,application,Windows PowerShell (logit.ps),10,-0.012981114459664322,Anomalie,HIGH
12/15/2016 8:57:22 AM,unknown,unknown,application,Windows PowerShell (logit.ps),10,0.04581942072720524,Normal,NORMAL
12/15/2016 8:56:56 AM,unknown,unknown,application,Windows PowerShell (logit.ps),10,0.05707611861481093,Normal,NORMAL
12/15/2016 8:56:56 AM,unknown,unknown,application,Windows PowerShell (logit.ps),10,-0.023023703614375557,Anomalie,HIGH
12/15/2016 8:56:56 AM,unknown,unknown,application,Windows PowerShell (logit.ps),10,0.0476076490051941,Normal,NORMAL
12/15/2016 8:56:56 AM,unknown,unknown,application,Windows PowerShell (logit.ps),10,-0.0046077765092579215,Anomalie,HIGH
12/15/2016 8:56:56 AM,unknown,unknown,application,Windows PowerShell (logit.ps),10,0.05707611861481093,Normal,NORMAL
12/15/2016 8:56:29 AM,unknown,unknown,application,Windows PowerShell (logit.ps),10,0.05707611861481093,Normal,NORMAL
12/15/2016 8:56:29 AM,unknown,unknown,application,Windows PowerShell (logit.ps),10,-0.023023703614375557,Anomalie,HIGH
12/15/2016 8:56:29 AM,unknown,unknown,application,Windows PowerShell (logit.ps),10,0.0476076490051941,Normal,NORMAL
12/15/2016 8:56:29 AM,unknown,unknown,application,Windows PowerShell (logit.ps),10,-0.0046077765092579215,Anomalie,HIGH
12/15/2016 8:56:29 AM,unknown,unknown,application,Windows PowerShell (logit.ps),10,0.05707611861481093,Normal,NORMAL
12/15/2016 8:56:02 AM,unknown,unknown,application,Windows PowerShell (logit.ps),10,0.05707611861481093,Normal,NORMAL
12/15/2016 8:56:02 AM,unknown,unknown,application,Windows PowerShell (logit.ps),10,-0.023023703614375557,Anomalie,HIGH
12/15/2016 8:56:02 AM,unknown,unknown,application,Windows PowerShell (logit.ps),10,0.0476076490051941,Normal,NORMAL
12/15/2016 8:56:02 AM,unknown,unknown,application,Windows PowerShell (logit.ps),10,-0.0046077765092579215,Anomalie,HIGH
12/15/2016 8:56:02 AM,unknown,unknown,application,Windows PowerShell (logit.ps),10,0.05707611861481093,Normal,NORMAL
12/15/2016 8:55:36 AM,unknown,unknown,application,Windows PowerShell (logit.ps),10,0.0679105233446291,Normal,NORMAL
12/15/2016 8:55:36 AM,unknown,unknown,application,Windows PowerShell (logit.ps),10,-0.014810142853891928,Anomalie,HIGH
12/15/2016 8:55:36 AM,unknown,unknown,application,Windows PowerShell (logit.ps),10,0.058973720344968505,Normal,NORMAL
12/15/2016 8:55:36 AM,unknown,unknown,application,Windows PowerShell (logit.ps),10,0.0022503485730623884,Normal,NORMAL
12/15/2016 8:55:36 AM,unknown,unknown,application,Windows PowerShell (logit.ps),10,0.0679105233446291,Normal,NORMAL
12/15/2016 8:55:09 AM,unknown,unknown,application,Windows PowerShell (logit.ps),10,0.0679105233446291,Normal,NORMAL
12/15/2016 8:55:09 AM,unknown,unknown,application,Windows PowerShell (logit.ps),10,-0.014810142853891928,Anomalie,HIGH
12/15/2016 8:55:09 AM,unknown,unknown,application,Windows PowerShell (logit.ps),10,0.058973720344968505,Normal,NORMAL
12/15/2016 8:55:09 AM,unknown,unknown,application,Windows PowerShell (logit.ps),10,0.0023520087939894463,Normal,NORMAL
12/15/2016 8:55:09 AM,unknown,unknown,application,Windows PowerShell (logit.ps),10,0.0679105233446291,Normal,NORMAL
12/15/2016 8:54:42 AM,unknown,unknown,application,Windows PowerShell (logit.ps),10,0.07279601633925037,Normal,NORMAL
12/15/2016 8:54:42 AM,unknown,unknown,application,Windows PowerShell (logit.ps),10,-0.008606757461206982,Anomalie,HIGH
12/15/2016 8:54:42 AM,unknown,unknown,application,Windows PowerShell (logit.ps),10,0.06419694653307034,Normal,NORMAL
12/15/2016 8:54:42 AM,unknown,unknown,application,Windows PowerShell (logit.ps),10,0.007912633860554408,Normal,NORMAL
12/15/2016 8:54:42 AM,unknown,unknown,application,Windows PowerShell (logit.ps),10,0.07279601633925037,Normal,NORMAL
12/15/2016 8:54:15 AM,unknown,unknown,application,Windows PowerShell (logit.ps),10,0.07279601633925037,Normal,NORMAL
12/15/2016 8:54:15 AM,unknown,unknown,application,Windows PowerShell (logit.ps),10,-0.008606757461206982,Anomalie,HIGH
12/15/2016 8:54:15 AM,unknown,unknown,application,Windows PowerShell (logit.ps),10,0.06419694653307034,Normal,NORMAL
12/15/2016 8:54:15 AM,unknown,unknown,application,Windows PowerShell (logit.ps),10,0.007912633860554408,Normal,NORMAL
12/15/2016 8:54:15 AM,unknown,unknown,application,Windows PowerShell (logit.ps),10,0.07279601633925037,Normal,NORMAL
12/15/2016 8:53:48 AM,unknown,unknown,application,Windows PowerShell (logit.ps),10,0.07504784874296305,Normal,NORMAL
12/15/2016 8:53:48 AM,unknown,unknown,application,Windows PowerShell (logit.ps),10,-0.005687774558734926,Anomalie,HIGH
12/15/2016 8:53:48 AM,unknown,unknown,application,Windows PowerShell (logit.ps),10,0.0661932957300827,Normal,NORMAL
12/15/2016 8:53:48 AM,unknown,unknown,application,Windows PowerShell (logit.ps),10,0.010063195575351624,Normal,NORMAL
12/15/2016 8:53:48 AM,unknown,unknown,application,Windows PowerShell (logit.ps),10,0.07504784874296305,Normal,NORMAL
12/15/2016 8:53:22 AM,unknown,unknown,application,Windows PowerShell (logit.ps),10,0.07504784874296305,Normal,NORMAL
12/15/2016 8:53:22 AM,unknown,unknown,application,Windows PowerShell (logit.ps),10,-0.005687774558734926,Anomalie,HIGH
12/15/2016 8:53:22 AM,unknown,unknown,application,Windows PowerShell (logit.ps),10,0.0661932957300827,Normal,NORMAL
12/15/2016 8:53:22 AM,unknown,unknown,application,Windows PowerShell (logit.ps),10,0.010063195575351624,Normal,NORMAL
12/15/2016 8:53:22 AM,unknown,unknown,application,Windows PowerShell (logit.ps),10,0.07504784874296305,Normal,NORMAL
12/15/2016 8:52:55 AM,unknown,unknown,application,Windows PowerShell (logit.ps),10,0.07592876115444497,Normal,NORMAL
12/15/2016 8:52:55 AM,unknown,unknown,application,Windows PowerShell (logit.ps),10,-0.002906825988710171,Anomalie,HIGH
12/15/2016 8:52:55 AM,unknown,unknown,application,Windows PowerShell (logit.ps),10,0.06739137957392916,Normal,NORMAL
12/15/2016 8:52:55 AM,unknown,unknown,application,Windows PowerShell (logit.ps),10,0.012086505794539626,Normal,NORMAL
12/15/2016 8:52:55 AM,unknown,unknown,application,Windows PowerShell (logit.ps),10,0.07592876115444497,Normal,NORMAL
12/15/2016 8:52:28 AM,unknown,unknown,application,Windows PowerShell (logit.ps),10,0.07592876115444497,Normal,NORMAL
12/15/2016 8:52:28 AM,unknown,unknown,application,Windows PowerShell (logit.ps),10,-0.002906825988710171,Anomalie,HIGH
12/15/2016 8:52:28 AM,unknown,unknown,application,Windows PowerShell (logit.ps),10,0.06739137957392916,Normal,NORMAL
12/15/2016 8:52:28 AM,unknown,unknown,application,Windows PowerShell (logit.ps),10,0.012086505794539626,Normal,NORMAL
12/15/2016 8:52:28 AM,unknown,unknown,application,Windows PowerShell (logit.ps),10,0.07592876115444497,Normal,NORMAL
12/15/2016 8:52:01 AM,unknown,unknown,application,Windows PowerShell (logit.ps),10,0.07592876115444497,Normal,NORMAL
12/15/2016 8:52:01 AM,unknown,unknown,application,Windows PowerShell (logit.ps),10,-0.002906825988710171,Anomalie,HIGH
12/15/2016 8:52:01 AM,unknown,unknown,application,Windows PowerShell (logit.ps),10,0.06739137957392916,Normal,NORMAL
12/15/2016 8:52:01 AM,unknown,unknown,application,Windows PowerShell (logit.ps),10,0.012186194655683547,Normal,NORMAL
12/15/2016 8:52:01 AM,unknown,unknown,application,Windows PowerShell (logit.ps),10,0.07592876115444497,Normal,NORMAL
12/15/2016 8:51:34 AM,unknown,unknown,application,Windows PowerShell (logit.ps),10,0.07814989514857607,Normal,NORMAL
12/15/2016 8:51:34 AM,unknown,unknown,application,Windows PowerShell (logit.ps),10,0.0007518438777925907,Normal,NORMAL
12/15/2016 8:51:34 AM,unknown,unknown,application,Windows PowerShell (logit.ps),10,0.06965625087292965,Normal,NORMAL
12/15/2016 8:51:34 AM,unknown,unknown,application,Windows PowerShell (logit.ps),10,0.015303873614502195,Normal,NORMAL
12/15/2016 8:51:34 AM,unknown,unknown,application,Windows PowerShell (logit.ps),10,0.07814989514857607,Normal,NORMAL
12/15/2016 8:51:09 AM,unknown,unknown,application,Windows PowerShell (logit.ps),10,0.07814989514857607,Normal,NORMAL
12/15/2016 8:51:09 AM,unknown,unknown,application,Windows PowerShell (logit.ps),10,0.0007518438777925907,Normal,NORMAL
12/15/2016 8:51:08 AM,unknown,unknown,application,Windows PowerShell (logit.ps),10,0.06965625087292965,Normal,NORMAL
12/15/2016 8:51:08 AM,unknown,unknown,application,Windows PowerShell (logit.ps),10,0.015303873614502195,Normal,NORMAL
12/15/2016 8:51:08 AM,unknown,unknown,application,Windows PowerShell (logit.ps),10,0.07814989514857607,Normal,NORMAL
12/15/2016 8:50:42 AM,unknown,unknown,application,Windows PowerShell (logit.ps),10,0.07838782787960791,Normal,NORMAL
12/15/2016 8:50:42 AM,unknown,unknown,application,Windows PowerShell (logit.ps),10,-0.0006671778650177984,Anomalie,HIGH
12/15/2016 8:50:42 AM,unknown,unknown,application,Windows PowerShell (logit.ps),10,0.06978594789159015,Normal,NORMAL
12/15/2016 8:50:42 AM,unknown,unknown,application,Windows PowerShell (logit.ps),10,0.01616178137192581,Normal,NORMAL
12/15/2016 8:50:42 AM,unknown,unknown,application,Windows PowerShell (logit.ps),10,0.07838782787960791,Normal,NORMAL
12/15/2016 8:50:16 AM,unknown,unknown,application,Windows PowerShell (logit.ps),10,0.07838782787960791,Normal,NORMAL
12/15/2016 8:50:16 AM,unknown,unknown,application,Windows PowerShell (logit.ps),10,-0.0006671778650177984,Anomalie,HIGH
12/15/2016 8:50:16 AM,unknown,unknown,application,Windows PowerShell (logit.ps),10,0.06978594789159015,Normal,NORMAL
12/15/2016 8:50:16 AM,unknown,unknown,application,Windows PowerShell (logit.ps),10,0.01616178137192581,Normal,NORMAL
12/15/2016 8:50:16 AM,unknown,unknown,application,Windows PowerShell (logit.ps),10,0.07838782787960791,Normal,NORMAL
12/15/2016 8:49:50 AM,unknown,unknown,application,Windows PowerShell (logit.ps),10,0.07989600589978796,Normal,NORMAL
12/15/2016 8:49:50 AM,unknown,unknown,application,Windows PowerShell (logit.ps),10,-7.844811858881418e-05,Anomalie,HIGH
12/15/2016 8:49:49 AM,unknown,unknown,application,Windows PowerShell (logit.ps),10,0.07077494261441203,Normal,NORMAL
12/15/2016 8:49:49 AM,unknown,unknown,application,Windows PowerShell (logit.ps),10,0.01744570219300956,Normal,NORMAL
12/15/2016 8:49:49 AM,unknown,unknown,application,Windows PowerShell (logit.ps),10,0.07989600589978796,Normal,NORMAL
12/15/2016 8:49:23 AM,unknown,unknown,application,Windows PowerShell (logit.ps),10,0.07989600589978796,Normal,NORMAL
12/15/2016 8:49:23 AM,unknown,unknown,application,Windows PowerShell (logit.ps),10,-7.844811858881418e-05,Anomalie,HIGH
12/15/2016 8:49:23 AM,unknown,unknown,application,Windows PowerShell (logit.ps),10,0.07077494261441203,Normal,NORMAL
12/15/2016 8:49:23 AM,unknown,unknown,application,Windows PowerShell (logit.ps),10,0.01744570219300956,Normal,NORMAL
12/15/2016 8:49:23 AM,unknown,unknown,application,Windows PowerShell (logit.ps),10,0.07989600589978796,Normal,NORMAL
12/15/2016 8:48:57 AM,unknown,unknown,application,Windows PowerShell (logit.ps),10,0.0816756103757405,Normal,NORMAL
12/15/2016 8:48:57 AM,unknown,unknown,application,Windows PowerShell (logit.ps),10,0.004355946624466589,Normal,NORMAL
12/15/2016 8:48:56 AM,unknown,unknown,application,Windows PowerShell (logit.ps),10,0.07259233160082984,Normal,NORMAL
12/15/2016 8:48:56 AM,unknown,unknown,application,Windows PowerShell (logit.ps),10,0.022338281221005063,Normal,NORMAL
12/15/2016 8:48:56 AM,unknown,unknown,application,Windows PowerShell (logit.ps),10,0.0816756103757405,Normal,NORMAL
12/15/2016 8:48:30 AM,unknown,unknown,application,Windows PowerShell (logit.ps),10,0.0816756103757405,Normal,NORMAL
12/15/2016 8:48:30 AM,unknown,unknown,application,Windows PowerShell (logit.ps),10,0.004355946624466589,Normal,NORMAL
12/15/2016 8:48:30 AM,unknown,unknown,application,Windows PowerShell (logit.ps),10,0.07259233160082984,Normal,NORMAL
12/15/2016 8:48:30 AM,unknown,unknown,application,Windows PowerShell (logit.ps),10,0.022308992489470547,Normal,NORMAL
12/15/2016 8:48:30 AM,unknown,unknown,application,Windows PowerShell (logit.ps),10,0.0816756103757405,Normal,NORMAL
12/15/2016 8:48:03 AM,unknown,unknown,application,Windows PowerShell (logit.ps),10,0.0816756103757405,Normal,NORMAL
12/15/2016 8:48:03 AM,unknown,unknown,application,Windows PowerShell (logit.ps),10,0.004355946624466589,Normal,NORMAL
12/15/2016 8:48:03 AM,unknown,unknown,application,Windows PowerShell (logit.ps),10,0.07259233160082984,Normal,NORMAL
12/15/2016 8:48:03 AM,unknown,unknown,application,Windows PowerShell (logit.ps),10,0.02207696914806323,Normal,NORMAL
12/15/2016 8:48:03 AM,unknown,unknown,application,Windows PowerShell (logit.ps),10,0.0816756103757405,Normal,NORMAL
12/15/2016 8:47:37 AM,unknown,unknown,application,Windows PowerShell (logit.ps),10,0.08599309809765798,Normal,NORMAL
12/15/2016 8:47:37 AM,unknown,unknown,application,Windows PowerShell (logit.ps),10,0.011491281445879908,Normal,NORMAL
12/15/2016 8:47:37 AM,unknown,unknown,application,Windows PowerShell (logit.ps),10,0.07700148809646484,Normal,NORMAL
12/15/2016 8:47:37 AM,unknown,unknown,application,Windows PowerShell (logit.ps),10,0.030424482955124565,Normal,NORMAL
12/15/2016 8:47:37 AM,unknown,unknown,application,Windows PowerShell (logit.ps),10,0.08599309809765798,Normal,NORMAL
12/15/2016 8:47:11 AM,unknown,unknown,application,Windows PowerShell (logit.ps),10,0.08599309809765798,Normal,NORMAL
12/15/2016 8:47:11 AM,unknown,unknown,application,Windows PowerShell (logit.ps),10,0.011491281445879908,Normal,NORMAL
12/15/2016 8:47:10 AM,unknown,unknown,application,Windows PowerShell (logit.ps),10,0.07700148809646484,Normal,NORMAL
12/15/2016 8:47:10 AM,unknown,unknown,application,Windows PowerShell (logit.ps),10,0.030424482955124565,Normal,NORMAL
12/15/2016 8:47:10 AM,unknown,unknown,application,Windows PowerShell (logit.ps),10,0.08599309809765798,Normal,NORMAL
12/15/2016 8:46:44 AM,unknown,unknown,application,Windows PowerShell (logit.ps),10,0.08757677431620436,Normal,NORMAL
12/15/2016 8:46:44 AM,unknown,unknown,application,Windows PowerShell (logit.ps),10,0.015434761657151297,Normal,NORMAL
12/15/2016 8:46:44 AM,unknown,unknown,application,Windows PowerShell (logit.ps),10,0.07795056890840024,Normal,NORMAL
12/15/2016 8:46:44 AM,unknown,unknown,application,Windows PowerShell (logit.ps),10,0.03600458238862375,Normal,NORMAL
12/15/2016 8:46:44 AM,unknown,unknown,application,Windows PowerShell (logit.ps),10,0.08757677431620436,Normal,NORMAL
12/15/2016 8:46:16 AM,unknown,unknown,application,Windows PowerShell (logit.ps),10,0.08757677431620436,Normal,NORMAL
12/15/2016 8:46:16 AM,unknown,unknown,application,Windows PowerShell (logit.ps),10,0.015434761657151297,Normal,NORMAL
12/15/2016 8:46:16 AM,unknown,unknown,application,Windows PowerShell (logit.ps),10,0.07795056890840024,Normal,NORMAL
12/15/2016 8:46:16 AM,unknown,unknown,application,Windows PowerShell (logit.ps),10,0.03600458238862375,Normal,NORMAL
12/15/2016 8:46:16 AM,unknown,unknown,application,Windows PowerShell (logit.ps),10,0.08757677431620436,Normal,NORMAL
12/15/2016 8:45:50 AM,unknown,unknown,application,Windows PowerShell (logit.ps),10,0.08952653645862074,Normal,NORMAL
12/15/2016 8:45:50 AM,unknown,unknown,application,Windows PowerShell (logit.ps),10,0.015336690940856823,Normal,NORMAL
12/15/2016 8:45:50 AM,unknown,unknown,application,Windows PowerShell (logit.ps),10,0.07994481637059703,Normal,NORMAL
12/15/2016 8:45:50 AM,unknown,unknown,application,Windows PowerShell (logit.ps),10,0.03780926974545884,Normal,NORMAL
12/15/2016 8:45:50 AM,unknown,unknown,application,Windows PowerShell (logit.ps),10,0.08952653645862074,Normal,NORMAL
12/15/2016 8:45:23 AM,unknown,unknown,application,Windows PowerShell (logit.ps),10,0.08952653645862074,Normal,NORMAL
12/15/2016 8:45:23 AM,unknown,unknown,application,Windows PowerShell (logit.ps),10,0.015336690940856823,Normal,NORMAL
12/15/2016 8:45:23 AM,unknown,unknown,application,Windows PowerShell (logit.ps),10,0.07994481637059703,Normal,NORMAL
12/15/2016 8:45:23 AM,unknown,unknown,application,Windows PowerShell (logit.ps),10,0.03780926974545884,Normal,NORMAL
12/15/2016 8:45:23 AM,unknown,unknown,application,Windows PowerShell (logit.ps),10,0.08952653645862074,Normal,NORMAL
12/15/2016 8:44:57 AM,unknown,unknown,application,Windows PowerShell (logit.ps),10,0.09093415585544884,Normal,NORMAL
12/15/2016 8:44:57 AM,unknown,unknown,application,Windows PowerShell (logit.ps),10,0.015267347483523819,Normal,NORMAL
12/15/2016 8:44:56 AM,unknown,unknown,application,Windows PowerShell (logit.ps),10,0.08192054476263377,Normal,NORMAL
12/15/2016 8:44:56 AM,unknown,unknown,application,Windows PowerShell (logit.ps),10,0.03915006846816832,Normal,NORMAL
12/15/2016 8:44:56 AM,unknown,unknown,application,Windows PowerShell (logit.ps),10,0.09093415585544884,Normal,NORMAL
12/15/2016 8:44:30 AM,unknown,unknown,application,Windows PowerShell (logit.ps),10,0.09093415585544884,Normal,NORMAL
12/15/2016 8:44:30 AM,unknown,unknown,application,Windows PowerShell (logit.ps),10,0.015267347483523819,Normal,NORMAL
12/15/2016 8:44:30 AM,unknown,unknown,application,Windows PowerShell (logit.ps),10,0.08192054476263377,Normal,NORMAL
12/15/2016 8:44:30 AM,unknown,unknown,application,Windows PowerShell (logit.ps),10,0.03915006846816832,Normal,NORMAL
12/15/2016 8:44:30 AM,unknown,unknown,application,Windows PowerShell (logit.ps),10,0.09093415585544884,Normal,NORMAL
12/15/2016 8:44:04 AM,unknown,unknown,application,Windows PowerShell (logit.ps),10,0.09093415585544884,Normal,NORMAL
12/15/2016 8:44:04 AM,unknown,unknown,application,Windows PowerShell (logit.ps),10,0.015267347483523819,Normal,NORMAL
12/15/2016 8:44:04 AM,unknown,unknown,application,Windows PowerShell (logit.ps),10,0.08192054476263377,Normal,NORMAL
12/15/2016 8:44:04 AM,unknown,unknown,application,Windows PowerShell (logit.ps),10,0.03915006846816832,Normal,NORMAL
12/15/2016 8:44:03 AM,unknown,unknown,application,Windows PowerShell (logit.ps),10,0.09093415585544884,Normal,NORMAL
12/15/2016 8:43:38 AM,unknown,unknown,application,Windows PowerShell (logit.ps),10,0.09372453395845759,Normal,NORMAL
12/15/2016 8:43:38 AM,unknown,unknown,application,Windows PowerShell (logit.ps),10,0.01826948629994818,Normal,NORMAL
12/15/2016 8:43:38 AM,unknown,unknown,application,Windows PowerShell (logit.ps),10,0.08510421612278807,Normal,NORMAL
12/15/2016 8:43:38 AM,unknown,unknown,application,Windows PowerShell (logit.ps),10,0.04183142952506108,Normal,NORMAL
12/15/2016 8:43:38 AM,unknown,unknown,application,Windows PowerShell (logit.ps),10,0.09372453395845759,Normal,NORMAL
12/15/2016 8:43:11 AM,unknown,unknown,application,Windows PowerShell (logit.ps),10,0.09372453395845759,Normal,NORMAL
12/15/2016 8:43:11 AM,unknown,unknown,application,Windows PowerShell (logit.ps),10,0.01826948629994818,Normal,NORMAL
12/15/2016 8:43:11 AM,unknown,unknown,application,Windows PowerShell (logit.ps),10,0.08510421612278807,Normal,NORMAL
12/15/2016 8:43:11 AM,unknown,unknown,application,Windows PowerShell (logit.ps),10,0.04183142952506108,Normal,NORMAL
12/15/2016 8:43:11 AM,unknown,unknown,application,Windows PowerShell (logit.ps),10,0.09372453395845759,Normal,NORMAL
12/15/2016 8:42:45 AM,unknown,unknown,application,Windows PowerShell (logit.ps),10,0.09191857212784055,Normal,NORMAL
12/15/2016 8:42:45 AM,unknown,unknown,application,Windows PowerShell (logit.ps),10,0.02017972352246683,Normal,NORMAL
12/15/2016 8:42:45 AM,unknown,unknown,application,Windows PowerShell (logit.ps),10,0.08320099816237259,Normal,NORMAL
12/15/2016 8:42:45 AM,unknown,unknown,application,Windows PowerShell (logit.ps),10,0.04376214664740141,Normal,NORMAL
12/15/2016 8:42:45 AM,unknown,unknown,application,Windows PowerShell (logit.ps),10,0.09191857212784055,Normal,NORMAL
12/15/2016 8:42:18 AM,unknown,unknown,application,Windows PowerShell (logit.ps),10,0.09191857212784055,Normal,NORMAL
12/15/2016 8:42:18 AM,unknown,unknown,application,Windows PowerShell (logit.ps),10,0.02017972352246683,Normal,NORMAL
12/15/2016 8:42:18 AM,unknown,unknown,application,Windows PowerShell (logit.ps),10,0.08320099816237259,Normal,NORMAL
12/15/2016 8:42:18 AM,unknown,unknown,application,Windows PowerShell (logit.ps),10,0.04376214664740141,Normal,NORMAL
12/15/2016 8:42:18 AM,unknown,unknown,application,Windows PowerShell (logit.ps),10,0.09191857212784055,Normal,NORMAL
12/15/2016 8:41:52 AM,unknown,unknown,application,Windows PowerShell (logit.ps),10,0.0951371650382043,Normal,NORMAL
12/15/2016 8:41:52 AM,unknown,unknown,application,Windows PowerShell (logit.ps),10,0.02090993600704477,Normal,NORMAL
12/15/2016 8:41:52 AM,unknown,unknown,application,Windows PowerShell (logit.ps),10,0.08648678562226597,Normal,NORMAL
12/15/2016 8:41:52 AM,unknown,unknown,application,Windows PowerShell (logit.ps),10,0.044306727734177875,Normal,NORMAL
12/15/2016 8:41:52 AM,unknown,unknown,application,Windows PowerShell (logit.ps),10,0.0951371650382043,Normal,NORMAL
12/15/2016 8:41:25 AM,unknown,unknown,application,Windows PowerShell (logit.ps),10,0.0951371650382043,Normal,NORMAL
12/15/2016 8:41:25 AM,unknown,unknown,application,Windows PowerShell (logit.ps),10,0.02090993600704477,Normal,NORMAL
12/15/2016 8:41:25 AM,unknown,unknown,application,Windows PowerShell (logit.ps),10,0.08648678562226597,Normal,NORMAL
12/15/2016 8:41:25 AM,unknown,unknown,application,Windows PowerShell (logit.ps),10,0.04421347775145451,Normal,NORMAL
12/15/2016 8:41:25 AM,unknown,unknown,application,Windows PowerShell (logit.ps),10,0.0951371650382043,Normal,NORMAL
12/15/2016 8:40:59 AM,unknown,unknown,application,Windows PowerShell (logit.ps),10,0.09450163508064013,Normal,NORMAL
12/15/2016 8:40:59 AM,unknown,unknown,application,Windows PowerShell (logit.ps),10,0.02030738242030017,Normal,NORMAL
12/15/2016 8:40:59 AM,unknown,unknown,application,Windows PowerShell (logit.ps),10,0.0858379877086724,Normal,NORMAL
12/15/2016 8:40:59 AM,unknown,unknown,application,Windows PowerShell (logit.ps),10,0.04363966401758851,Normal,NORMAL
12/15/2016 8:40:59 AM,unknown,unknown,application,Windows PowerShell (logit.ps),10,0.09450163508064013,Normal,NORMAL
12/15/2016 8:40:32 AM,unknown,unknown,application,Windows PowerShell (logit.ps),10,0.09450163508064013,Normal,NORMAL
12/15/2016 8:40:32 AM,unknown,unknown,application,Windows PowerShell (logit.ps),10,0.02030738242030017,Normal,NORMAL
12/15/2016 8:40:32 AM,unknown,unknown,application,Windows PowerShell (logit.ps),10,0.0858379877086724,Normal,NORMAL
12/15/2016 8:40:32 AM,unknown,unknown,application,Windows PowerShell (logit.ps),10,0.04363966401758851,Normal,NORMAL
12/15/2016 8:40:32 AM,unknown,unknown,application,Windows PowerShell (logit.ps),10,0.09450163508064013,Normal,NORMAL
12/15/2016 8:40:06 AM,unknown,unknown,application,Windows PowerShell (logit.ps),10,0.09450163508064013,Normal,NORMAL
12/15/2016 8:40:06 AM,unknown,unknown,application,Windows PowerShell (logit.ps),10,0.02030738242030017,Normal,NORMAL
12/15/2016 8:40:06 AM,unknown,unknown,application,Windows PowerShell (logit.ps),10,0.0858379877086724,Normal,NORMAL
12/15/2016 8:40:06 AM,unknown,unknown,application,Windows PowerShell (logit.ps),10,0.04363966401758851,Normal,NORMAL
12/15/2016 8:40:06 AM,unknown,unknown,application,Windows PowerShell (logit.ps),10,0.09450163508064013,Normal,NORMAL
12/15/2016 8:39:39 AM,unknown,unknown,application,Windows PowerShell (logit.ps),10,0.09388139494965275,Normal,NORMAL
12/15/2016 8:39:39 AM,unknown,unknown,application,Windows PowerShell (logit.ps),10,0.020400614765269498,Normal,NORMAL
12/15/2016 8:39:39 AM,unknown,unknown,application,Windows PowerShell (logit.ps),10,0.08520479882729542,Normal,NORMAL
12/15/2016 8:39:39 AM,unknown,unknown,application,Windows PowerShell (logit.ps),10,0.044626213639792245,Normal,NORMAL
12/15/2016 8:39:39 AM,unknown,unknown,application,Windows PowerShell (logit.ps),10,0.09388139494965275,Normal,NORMAL
12/15/2016 8:39:13 AM,unknown,unknown,application,Windows PowerShell (logit.ps),10,0.09388139494965275,Normal,NORMAL
12/15/2016 8:39:13 AM,unknown,unknown,application,Windows PowerShell (logit.ps),10,0.020400614765269498,Normal,NORMAL
12/15/2016 8:39:13 AM,unknown,unknown,application,Windows PowerShell (logit.ps),10,0.08520479882729542,Normal,NORMAL
12/15/2016 8:39:13 AM,unknown,unknown,application,Windows PowerShell (logit.ps),10,0.044626213639792245,Normal,NORMAL
12/15/2016 8:39:13 AM,unknown,unknown,application,Windows PowerShell (logit.ps),10,0.09388139494965275,Normal,NORMAL
12/15/2016 8:39:10 AM,unknown,unknown,application,Microsoft-Windows-Security-SPP,902,0.09524639125691309,Normal,NORMAL
12/15/2016 8:39:10 AM,unknown,unknown,application,Microsoft-Windows-Security-SPP,1037,0.09320236659741771,Normal,NORMAL
12/15/2016 8:39:10 AM,unknown,unknown,application,Microsoft-Windows-Security-SPP,1003,0.08009309179525742,Normal,NORMAL
12/15/2016 8:39:10 AM,unknown,unknown,application,Microsoft-Windows-Security-SPP,1066,0.047837965016726325,Normal,NORMAL
12/15/2016 8:39:10 AM,unknown,unknown,application,Microsoft-Windows-Security-SPP,900,0.09321945128837139,Normal,NORMAL
12/15/2016 8:38:47 AM,unknown,unknown,application,Windows PowerShell (logit.ps),10,0.09500842333110965,Normal,NORMAL
12/15/2016 8:38:47 AM,unknown,unknown,application,Windows PowerShell (logit.ps),10,0.023520687391641648,Normal,NORMAL
12/15/2016 8:38:47 AM,unknown,unknown,application,Windows PowerShell (logit.ps),10,0.0860689742318489,Normal,NORMAL
12/15/2016 8:38:47 AM,unknown,unknown,application,Windows PowerShell (logit.ps),10,0.04521036509712245,Normal,NORMAL
12/15/2016 8:38:47 AM,unknown,unknown,application,Windows PowerShell (logit.ps),10,0.09500842333110965,Normal,NORMAL
12/15/2016 8:38:20 AM,unknown,unknown,application,Windows PowerShell (logit.ps),10,0.09500842333110965,Normal,NORMAL
12/15/2016 8:38:20 AM,unknown,unknown,application,Windows PowerShell (logit.ps),10,0.023520687391641648,Normal,NORMAL
12/15/2016 8:38:20 AM,unknown,unknown,application,Windows PowerShell (logit.ps),10,0.0860689742318489,Normal,NORMAL
12/15/2016 8:38:20 AM,unknown,unknown,application,Windows PowerShell (logit.ps),10,0.04521036509712245,Normal,NORMAL
12/15/2016 8:38:20 AM,unknown,unknown,application,Windows PowerShell (logit.ps),10,0.09500842333110965,Normal,NORMAL
12/15/2016 8:37:54 AM,unknown,unknown,application,Windows PowerShell (logit.ps),10,0.09644825757460651,Normal,NORMAL
12/15/2016 8:37:54 AM,unknown,unknown,application,Windows PowerShell (logit.ps),10,0.025574675887169773,Normal,NORMAL
12/15/2016 8:37:54 AM,unknown,unknown,application,Windows PowerShell (logit.ps),10,0.08753986273473352,Normal,NORMAL
12/15/2016 8:37:54 AM,unknown,unknown,application,Windows PowerShell (logit.ps),10,0.04796510449269292,Normal,NORMAL
12/15/2016 8:37:54 AM,unknown,unknown,application,Windows PowerShell (logit.ps),10,0.09644825757460651,Normal,NORMAL
12/15/2016 8:37:27 AM,unknown,unknown,application,Windows PowerShell (logit.ps),10,0.09644825757460651,Normal,NORMAL
12/15/2016 8:37:27 AM,unknown,unknown,application,Windows PowerShell (logit.ps),10,0.025574675887169773,Normal,NORMAL
12/15/2016 8:37:27 AM,unknown,unknown,application,Windows PowerShell (logit.ps),10,0.08753986273473352,Normal,NORMAL
12/15/2016 8:37:27 AM,unknown,unknown,application,Windows PowerShell (logit.ps),10,0.04796510449269292,Normal,NORMAL
12/15/2016 8:37:27 AM,unknown,unknown,application,Windows PowerShell (logit.ps),10,0.09644825757460651,Normal,NORMAL
12/15/2016 8:37:01 AM,unknown,unknown,application,Windows PowerShell (logit.ps),10,0.09644825757460651,Normal,NORMAL
12/15/2016 8:37:01 AM,unknown,unknown,application,Windows PowerShell (logit.ps),10,0.025574675887169773,Normal,NORMAL
12/15/2016 8:37:01 AM,unknown,unknown,application,Windows PowerShell (logit.ps),10,0.08753986273473352,Normal,NORMAL
12/15/2016 8:37:01 AM,unknown,unknown,application,Windows PowerShell (logit.ps),10,0.04796510449269292,Normal,NORMAL
12/15/2016 8:37:01 AM,unknown,unknown,application,Windows PowerShell (logit.ps),10,0.09644825757460651,Normal,NORMAL
12/15/2016 8:36:35 AM,unknown,unknown,application,Windows PowerShell (logit.ps),10,0.09335477060071973,Normal,NORMAL
12/15/2016 8:36:35 AM,unknown,unknown,application,Windows PowerShell (logit.ps),10,0.024000262100357828,Normal,NORMAL
12/15/2016 8:36:35 AM,unknown,unknown,application,Windows PowerShell (logit.ps),10,0.0843796556176542,Normal,NORMAL
12/15/2016 8:36:35 AM,unknown,unknown,application,Windows PowerShell (logit.ps),10,0.04587551194096501,Normal,NORMAL
12/15/2016 8:36:35 AM,unknown,unknown,application,Windows PowerShell (logit.ps),10,0.09335477060071973,Normal,NORMAL
12/15/2016 8:36:08 AM,unknown,unknown,application,Windows PowerShell (logit.ps),10,0.09335477060071973,Normal,NORMAL
12/15/2016 8:36:08 AM,unknown,unknown,application,Windows PowerShell (logit.ps),10,0.024000262100357828,Normal,NORMAL
12/15/2016 8:36:08 AM,unknown,unknown,application,Windows PowerShell (logit.ps),10,0.0843796556176542,Normal,NORMAL
12/15/2016 8:36:08 AM,unknown,unknown,application,Windows PowerShell (logit.ps),10,0.045654712387603213,Normal,NORMAL
12/15/2016 8:36:08 AM,unknown,unknown,application,Windows PowerShell (logit.ps),10,0.09335477060071973,Normal,NORMAL
12/15/2016 8:35:42 AM,unknown,unknown,application,Windows PowerShell (logit.ps),10,0.09568004587735213,Normal,NORMAL
12/15/2016 8:35:42 AM,unknown,unknown,application,Windows PowerShell (logit.ps),10,0.025064598969214535,Normal,NORMAL
12/15/2016 8:35:42 AM,unknown,unknown,application,Windows PowerShell (logit.ps),10,0.08714948980842896,Normal,NORMAL
12/15/2016 8:35:42 AM,unknown,unknown,application,Windows PowerShell (logit.ps),10,0.04620935782975988,Normal,NORMAL
12/15/2016 8:35:42 AM,unknown,unknown,application,Windows PowerShell (logit.ps),10,0.09568004587735213,Normal,NORMAL
12/15/2016 8:35:15 AM,unknown,unknown,application,Windows PowerShell (logit.ps),10,0.09568004587735213,Normal,NORMAL
12/15/2016 8:35:15 AM,unknown,unknown,application,Windows PowerShell (logit.ps),10,0.025064598969214535,Normal,NORMAL
12/15/2016 8:35:15 AM,unknown,unknown,application,Windows PowerShell (logit.ps),10,0.08714948980842896,Normal,NORMAL
12/15/2016 8:35:15 AM,unknown,unknown,application,Windows PowerShell (logit.ps),10,0.04620935782975988,Normal,NORMAL
12/15/2016 8:35:15 AM,unknown,unknown,application,Windows PowerShell (logit.ps),10,0.09568004587735213,Normal,NORMAL
12/15/2016 8:34:48 AM,unknown,unknown,application,Windows PowerShell (logit.ps),10,0.0966875517159847,Normal,NORMAL
12/15/2016 8:34:48 AM,unknown,unknown,application,Windows PowerShell (logit.ps),10,0.027176586100191136,Normal,NORMAL
12/15/2016 8:34:48 AM,unknown,unknown,application,Windows PowerShell (logit.ps),10,0.08817776519953247,Normal,NORMAL
12/15/2016 8:34:48 AM,unknown,unknown,application,Windows PowerShell (logit.ps),10,0.048229157936777955,Normal,NORMAL
12/15/2016 8:34:48 AM,unknown,unknown,application,Windows PowerShell (logit.ps),10,0.0966875517159847,Normal,NORMAL
12/15/2016 8:34:20 AM,unknown,unknown,application,Windows PowerShell (logit.ps),10,0.0966875517159847,Normal,NORMAL
12/15/2016 8:34:20 AM,unknown,unknown,application,Windows PowerShell (logit.ps),10,0.027176586100191136,Normal,NORMAL
12/15/2016 8:34:20 AM,unknown,unknown,application,Windows PowerShell (logit.ps),10,0.08817776519953247,Normal,NORMAL
12/15/2016 8:34:20 AM,unknown,unknown,application,Windows PowerShell (logit.ps),10,0.049824737420473164,Normal,NORMAL
12/15/2016 8:34:20 AM,unknown,unknown,application,Windows PowerShell (logit.ps),10,0.0966875517159847,Normal,NORMAL
12/15/2016 8:33:53 AM,unknown,unknown,application,Windows PowerShell (logit.ps),10,0.09721747844199402,Normal,NORMAL
12/15/2016 8:33:53 AM,unknown,unknown,application,Windows PowerShell (logit.ps),10,0.02841172925456742,Normal,NORMAL
12/15/2016 8:33:53 AM,unknown,unknown,application,Windows PowerShell (logit.ps),10,0.08871861627011574,Normal,NORMAL
12/15/2016 8:33:53 AM,unknown,unknown,application,Windows PowerShell (logit.ps),10,0.05120169124711982,Normal,NORMAL
12/15/2016 8:33:53 AM,unknown,unknown,application,Windows PowerShell (logit.ps),10,0.09721747844199402,Normal,NORMAL
12/15/2016 8:33:26 AM,unknown,unknown,application,Windows PowerShell (logit.ps),10,0.09721747844199402,Normal,NORMAL
12/15/2016 8:33:26 AM,unknown,unknown,application,Windows PowerShell (logit.ps),10,0.02841172925456742,Normal,NORMAL
12/15/2016 8:33:26 AM,unknown,unknown,application,Windows PowerShell (logit.ps),10,0.08871861627011574,Normal,NORMAL
12/15/2016 8:33:26 AM,unknown,unknown,application,Windows PowerShell (logit.ps),10,0.05120169124711982,Normal,NORMAL
12/15/2016 8:33:26 AM,unknown,unknown,application,Windows PowerShell (logit.ps),10,0.09721747844199402,Normal,NORMAL
12/15/2016 8:32:59 AM,unknown,unknown,application,Windows PowerShell (logit.ps),10,0.09568496272673499,Normal,NORMAL
12/15/2016 8:32:59 AM,unknown,unknown,application,Windows PowerShell (logit.ps),10,0.027146694353536838,Normal,NORMAL
12/15/2016 8:32:59 AM,unknown,unknown,application,Windows PowerShell (logit.ps),10,0.08749969369465532,Normal,NORMAL
12/15/2016 8:32:59 AM,unknown,unknown,application,Windows PowerShell (logit.ps),10,0.04933543328686729,Normal,NORMAL
12/15/2016 8:32:59 AM,unknown,unknown,application,Windows PowerShell (logit.ps),10,0.09568496272673499,Normal,NORMAL
12/15/2016 8:32:33 AM,unknown,unknown,application,Windows PowerShell (logit.ps),10,0.09568496272673499,Normal,NORMAL
12/15/2016 8:32:33 AM,unknown,unknown,application,Windows PowerShell (logit.ps),10,0.027146694353536838,Normal,NORMAL
12/15/2016 8:32:33 AM,unknown,unknown,application,Windows PowerShell (logit.ps),10,0.08749969369465532,Normal,NORMAL
12/15/2016 8:32:33 AM,unknown,unknown,application,Windows PowerShell (logit.ps),10,0.04933543328686729,Normal,NORMAL
12/15/2016 8:32:33 AM,unknown,unknown,application,Windows PowerShell (logit.ps),10,0.09568496272673499,Normal,NORMAL
12/15/2016 8:32:06 AM,unknown,unknown,application,Windows PowerShell (logit.ps),10,0.09568496272673499,Normal,NORMAL
12/15/2016 8:32:06 AM,unknown,unknown,application,Windows PowerShell (logit.ps),10,0.027146694353536838,Normal,NORMAL
12/15/2016 8:32:06 AM,unknown,unknown,application,Windows PowerShell (logit.ps),10,0.08749969369465532,Normal,NORMAL
12/15/2016 8:32:06 AM,unknown,unknown,application,Windows PowerShell (logit.ps),10,0.04933543328686729,Normal,NORMAL
12/15/2016 8:32:06 AM,unknown,unknown,application,Windows PowerShell (logit.ps),10,0.09568496272673499,Normal,NORMAL
12/15/2016 8:31:35 AM,unknown,unknown,application,Windows PowerShell (logit.ps),10,0.09959231306461402,Normal,NORMAL
12/15/2016 8:31:35 AM,unknown,unknown,application,Windows PowerShell (logit.ps),10,0.027501550145238918,Normal,NORMAL
12/15/2016 8:31:35 AM,unknown,unknown,application,Windows PowerShell (logit.ps),10,0.0914843339237928,Normal,NORMAL
12/15/2016 8:31:35 AM,unknown,unknown,application,Windows PowerShell (logit.ps),10,0.05371492124543825,Normal,NORMAL
12/15/2016 8:31:35 AM,unknown,unknown,application,Windows PowerShell (logit.ps),10,0.09959231306461402,Normal,NORMAL
12/15/2016 8:31:08 AM,unknown,unknown,application,Windows PowerShell (logit.ps),10,0.09959231306461402,Normal,NORMAL
12/15/2016 8:31:08 AM,unknown,unknown,application,Windows PowerShell (logit.ps),10,0.027501550145238918,Normal,NORMAL
12/15/2016 8:31:08 AM,unknown,unknown,application,Windows PowerShell (logit.ps),10,0.0914843339237928,Normal,NORMAL
12/15/2016 8:31:08 AM,unknown,unknown,application,Windows PowerShell (logit.ps),10,0.05371492124543825,Normal,NORMAL
12/15/2016 8:31:08 AM,unknown,unknown,application,Windows PowerShell (logit.ps),10,0.09959231306461402,Normal,NORMAL
12/15/2016 8:30:41 AM,unknown,unknown,application,Windows PowerShell (logit.ps),10,0.10080034342185729,Normal,NORMAL
12/15/2016 8:30:41 AM,unknown,unknown,application,Windows PowerShell (logit.ps),10,0.028046666203812576,Normal,NORMAL
12/15/2016 8:30:41 AM,unknown,unknown,application,Windows PowerShell (logit.ps),10,0.09271625989491089,Normal,NORMAL
12/15/2016 8:30:41 AM,unknown,unknown,application,Windows PowerShell (logit.ps),10,0.0550581601942996,Normal,NORMAL
12/15/2016 8:30:41 AM,unknown,unknown,application,Windows PowerShell (logit.ps),10,0.10080034342185729,Normal,NORMAL
12/15/2016 8:30:15 AM,unknown,unknown,application,Windows PowerShell (logit.ps),10,0.10080034342185729,Normal,NORMAL
12/15/2016 8:30:15 AM,unknown,unknown,application,Windows PowerShell (logit.ps),10,0.028046666203812576,Normal,NORMAL
12/15/2016 8:30:14 AM,unknown,unknown,application,Windows PowerShell (logit.ps),10,0.09271625989491089,Normal,NORMAL
12/15/2016 8:30:14 AM,unknown,unknown,application,Windows PowerShell (logit.ps),10,0.054051676183277664,Normal,NORMAL
12/15/2016 8:30:14 AM,unknown,unknown,application,Windows PowerShell (logit.ps),10,0.10080034342185729,Normal,NORMAL
12/15/2016 8:29:48 AM,unknown,unknown,application,Windows PowerShell (logit.ps),10,0.10016092241409946,Normal,NORMAL
12/15/2016 8:29:48 AM,unknown,unknown,application,Windows PowerShell (logit.ps),10,0.027542064868983585,Normal,NORMAL
12/15/2016 8:29:48 AM,unknown,unknown,application,Windows PowerShell (logit.ps),10,0.09227943926240811,Normal,NORMAL
12/15/2016 8:29:48 AM,unknown,unknown,application,Windows PowerShell (logit.ps),10,0.0545818698156566,Normal,NORMAL
12/15/2016 8:29:48 AM,unknown,unknown,application,Windows PowerShell (logit.ps),10,0.10016092241409946,Normal,NORMAL
12/15/2016 8:29:17 AM,unknown,unknown,application,Windows PowerShell (logit.ps),10,0.10016092241409946,Normal,NORMAL
12/15/2016 8:29:17 AM,unknown,unknown,application,Windows PowerShell (logit.ps),10,0.027542064868983585,Normal,NORMAL
12/15/2016 8:29:17 AM,unknown,unknown,application,Windows PowerShell (logit.ps),10,0.09227943926240811,Normal,NORMAL
12/15/2016 8:29:17 AM,unknown,unknown,application,Windows PowerShell (logit.ps),10,0.05326576225979668,Normal,NORMAL
12/15/2016 8:29:17 AM,unknown,unknown,application,Windows PowerShell (logit.ps),10,0.10016092241409946,Normal,NORMAL
12/15/2016 8:28:51 AM,unknown,unknown,application,Windows PowerShell (logit.ps),10,0.097529638787409,Normal,NORMAL
12/15/2016 8:28:51 AM,unknown,unknown,application,Windows PowerShell (logit.ps),10,0.02606548458743213,Normal,NORMAL
12/15/2016 8:28:50 AM,unknown,unknown,application,Windows PowerShell (logit.ps),10,0.08959749084987773,Normal,NORMAL
12/15/2016 8:28:50 AM,unknown,unknown,application,Windows PowerShell (logit.ps),10,0.05217750813663824,Normal,NORMAL
12/15/2016 8:28:50 AM,unknown,unknown,application,Windows PowerShell (logit.ps),10,0.097529638787409,Normal,NORMAL
12/15/2016 8:28:24 AM,unknown,unknown,application,Windows PowerShell (logit.ps),10,0.097529638787409,Normal,NORMAL
12/15/2016 8:28:24 AM,unknown,unknown,application,Windows PowerShell (logit.ps),10,0.02606548458743213,Normal,NORMAL
12/15/2016 8:28:24 AM,unknown,unknown,application,Windows PowerShell (logit.ps),10,0.08959749084987773,Normal,NORMAL
12/15/2016 8:28:24 AM,unknown,unknown,application,Windows PowerShell (logit.ps),10,0.05217750813663824,Normal,NORMAL
12/15/2016 8:28:24 AM,unknown,unknown,application,Windows PowerShell (logit.ps),10,0.097529638787409,Normal,NORMAL
12/15/2016 8:27:57 AM,unknown,unknown,application,Windows PowerShell (logit.ps),10,0.0969718120416525,Normal,NORMAL
12/15/2016 8:27:57 AM,unknown,unknown,application,Windows PowerShell (logit.ps),10,0.025015283224032958,Normal,NORMAL
12/15/2016 8:27:57 AM,unknown,unknown,application,Windows PowerShell (logit.ps),10,0.08902892327317363,Normal,NORMAL
12/15/2016 8:27:57 AM,unknown,unknown,application,Windows PowerShell (logit.ps),10,0.05118403342359523,Normal,NORMAL
12/15/2016 8:27:57 AM,unknown,unknown,application,Windows PowerShell (logit.ps),10,0.0969718120416525,Normal,NORMAL
12/15/2016 8:27:30 AM,unknown,unknown,application,Windows PowerShell (logit.ps),10,0.0969718120416525,Normal,NORMAL
12/15/2016 8:27:30 AM,unknown,unknown,application,Windows PowerShell (logit.ps),10,0.025015283224032958,Normal,NORMAL
12/15/2016 8:27:30 AM,unknown,unknown,application,Windows PowerShell (logit.ps),10,0.08902892327317363,Normal,NORMAL
12/15/2016 8:27:30 AM,unknown,unknown,application,Windows PowerShell (logit.ps),10,0.04996024103201546,Normal,NORMAL
12/15/2016 8:27:30 AM,unknown,unknown,application,Windows PowerShell (logit.ps),10,0.0969718120416525,Normal,NORMAL
12/15/2016 8:27:02 AM,unknown,unknown,application,Windows PowerShell (logit.ps),10,0.0969718120416525,Normal,NORMAL
12/15/2016 8:27:02 AM,unknown,unknown,application,Windows PowerShell (logit.ps),10,0.025015283224032958,Normal,NORMAL
12/15/2016 8:27:02 AM,unknown,unknown,application,Windows PowerShell (logit.ps),10,0.08902892327317363,Normal,NORMAL
12/15/2016 8:27:02 AM,unknown,unknown,application,Windows PowerShell (logit.ps),10,0.05149401005761539,Normal,NORMAL
12/15/2016 8:27:02 AM,unknown,unknown,application,Windows PowerShell (logit.ps),10,0.0969718120416525,Normal,NORMAL
12/15/2016 8:26:35 AM,unknown,unknown,application,Windows PowerShell (logit.ps),10,0.09686801870049883,Normal,NORMAL
12/15/2016 8:26:35 AM,unknown,unknown,application,Windows PowerShell (logit.ps),10,0.02513728824455419,Normal,NORMAL
12/15/2016 8:26:35 AM,unknown,unknown,application,Windows PowerShell (logit.ps),10,0.08892313141413011,Normal,NORMAL
12/15/2016 8:26:35 AM,unknown,unknown,application,Windows PowerShell (logit.ps),10,0.05208135813124981,Normal,NORMAL
12/15/2016 8:26:35 AM,unknown,unknown,application,Windows PowerShell (logit.ps),10,0.09686801870049883,Normal,NORMAL
12/15/2016 8:26:08 AM,unknown,unknown,application,Windows PowerShell (logit.ps),10,0.09686801870049883,Normal,NORMAL
12/15/2016 8:26:08 AM,unknown,unknown,application,Windows PowerShell (logit.ps),10,0.02513728824455419,Normal,NORMAL
12/15/2016 8:26:08 AM,unknown,unknown,application,Windows PowerShell (logit.ps),10,0.08892313141413011,Normal,NORMAL
12/15/2016 8:26:08 AM,unknown,unknown,application,Windows PowerShell (logit.ps),10,0.05208135813124981,Normal,NORMAL
12/15/2016 8:26:08 AM,unknown,unknown,application,Windows PowerShell (logit.ps),10,0.09686801870049883,Normal,NORMAL
12/15/2016 8:25:41 AM,unknown,unknown,application,Windows PowerShell (logit.ps),10,0.09602965109757333,Normal,NORMAL
12/15/2016 8:25:41 AM,unknown,unknown,application,Windows PowerShell (logit.ps),10,0.026901424607129687,Normal,NORMAL
12/15/2016 8:25:41 AM,unknown,unknown,application,Windows PowerShell (logit.ps),10,0.08806862122793219,Normal,NORMAL
12/15/2016 8:25:41 AM,unknown,unknown,application,Windows PowerShell (logit.ps),10,0.05150692751116204,Normal,NORMAL
12/15/2016 8:25:41 AM,unknown,unknown,application,Windows PowerShell (logit.ps),10,0.09602965109757333,Normal,NORMAL
12/15/2016 8:25:15 AM,unknown,unknown,application,Windows PowerShell (logit.ps),10,0.09602965109757333,Normal,NORMAL
12/15/2016 8:25:15 AM,unknown,unknown,application,Windows PowerShell (logit.ps),10,0.026901424607129687,Normal,NORMAL
12/15/2016 8:25:15 AM,unknown,unknown,application,Windows PowerShell (logit.ps),10,0.08806862122793219,Normal,NORMAL
12/15/2016 8:25:15 AM,unknown,unknown,application,Windows PowerShell (logit.ps),10,0.04987462815635524,Normal,NORMAL
12/15/2016 8:25:15 AM,unknown,unknown,application,Windows PowerShell (logit.ps),10,0.09602965109757333,Normal,NORMAL
12/15/2016 8:24:48 AM,unknown,unknown,application,Windows PowerShell (logit.ps),10,0.09327280247425779,Normal,NORMAL
12/15/2016 8:24:48 AM,unknown,unknown,application,Windows PowerShell (logit.ps),10,0.03585304136540296,Normal,NORMAL
12/15/2016 8:24:48 AM,unknown,unknown,application,Windows PowerShell (logit.ps),10,0.08525869009246306,Normal,NORMAL
12/15/2016 8:24:48 AM,unknown,unknown,application,Windows PowerShell (logit.ps),10,0.051590197198632726,Normal,NORMAL
12/15/2016 8:24:48 AM,unknown,unknown,application,Windows PowerShell (logit.ps),10,0.09327280247425779,Normal,NORMAL
12/15/2016 8:09:40 AM,unknown,unknown,application,Microsoft-Windows-Security-SPP,903,0.08075518010820293,Normal,NORMAL
12/15/2016 8:09:40 AM,unknown,unknown,application,Microsoft-Windows-Security-SPP,16384,-0.05349445970406019,Anomalie,HIGH
12/15/2016 8:09:10 AM,unknown,unknown,application,Microsoft-Windows-Security-SPP,902,0.08520684061550388,Normal,NORMAL
12/15/2016 8:09:10 AM,unknown,unknown,application,Microsoft-Windows-Security-SPP,1037,0.08429981359512811,Normal,NORMAL
12/15/2016 8:09:10 AM,unknown,unknown,application,Microsoft-Windows-Security-SPP,1003,0.06949734308945121,Normal,NORMAL
12/15/2016 8:09:10 AM,unknown,unknown,application,Microsoft-Windows-Security-SPP,1066,0.04700531954785192,Normal,NORMAL
12/15/2016 8:09:10 AM,unknown,unknown,application,Microsoft-Windows-Security-SPP,900,0.08316026027096718,Normal,NORMAL
12/15/2016 8:08:58 AM,unknown,unknown,application,Desktop Window Manager,9009,-0.09050213028399379,Anomalie,HIGH
12/15/2016 7:39:40 AM,unknown,unknown,application,Microsoft-Windows-Security-SPP,903,0.08306629003372401,Normal,NORMAL
12/15/2016 7:39:40 AM,unknown,unknown,application,Microsoft-Windows-Security-SPP,16384,-0.04228130097735372,Anomalie,HIGH
12/15/2016 7:39:09 AM,unknown,unknown,application,Microsoft-Windows-Security-SPP,902,0.08722263433825289,Normal,NORMAL
12/15/2016 7:39:09 AM,unknown,unknown,application,Microsoft-Windows-Security-SPP,1037,0.08524113983479092,Normal,NORMAL
12/15/2016 7:39:09 AM,unknown,unknown,application,Microsoft-Windows-Security-SPP,1003,0.07185416646935905,Normal,NORMAL
12/15/2016 7:39:09 AM,unknown,unknown,application,Microsoft-Windows-Security-SPP,1066,0.0404048300503721,Normal,NORMAL
12/15/2016 7:39:09 AM,unknown,unknown,application,Microsoft-Windows-Security-SPP,900,0.08515643295102954,Normal,NORMAL
12/15/2016 7:09:39 AM,unknown,unknown,application,Microsoft-Windows-Security-SPP,903,0.07284322182170228,Normal,NORMAL
12/15/2016 7:09:39 AM,unknown,unknown,application,Microsoft-Windows-Security-SPP,16384,-0.05209032125091839,Anomalie,HIGH
12/15/2016 7:09:09 AM,unknown,unknown,application,Microsoft-Windows-Security-SPP,902,0.0774645480614421,Normal,NORMAL
12/15/2016 7:09:09 AM,unknown,unknown,application,Microsoft-Windows-Security-SPP,1037,0.07664516123732706,Normal,NORMAL
12/15/2016 7:09:09 AM,unknown,unknown,application,Microsoft-Windows-Security-SPP,1003,0.06140549333272716,Normal,NORMAL
12/15/2016 7:09:09 AM,unknown,unknown,application,Microsoft-Windows-Security-SPP,1066,0.03865343830150231,Normal,NORMAL
12/15/2016 7:09:09 AM,unknown,unknown,application,Microsoft-Windows-Security-SPP,900,0.0748468355887188,Normal,NORMAL
12/15/2016 6:39:39 AM,unknown,unknown,application,Microsoft-Windows-Security-SPP,903,0.08004866131620558,Normal,NORMAL
12/15/2016 6:39:39 AM,unknown,unknown,application,Microsoft-Windows-Security-SPP,16384,-0.048650150359940136,Anomalie,HIGH
12/15/2016 6:39:09 AM,unknown,unknown,application,Microsoft-Windows-Security-SPP,902,0.08423441860167963,Normal,NORMAL
12/15/2016 6:39:09 AM,unknown,unknown,application,Microsoft-Windows-Security-SPP,1037,0.08122617500560347,Normal,NORMAL
12/15/2016 6:39:09 AM,unknown,unknown,application,Microsoft-Windows-Security-SPP,1003,0.0682037051586239,Normal,NORMAL
12/15/2016 6:39:09 AM,unknown,unknown,application,Microsoft-Windows-Security-SPP,1066,0.035965544731938304,Normal,NORMAL
12/15/2016 6:39:09 AM,unknown,unknown,application,Microsoft-Windows-Security-SPP,900,0.0821535954368608,Normal,NORMAL
12/15/2016 6:09:39 AM,unknown,unknown,application,Microsoft-Windows-Security-SPP,903,0.06710990124859334,Normal,NORMAL
12/15/2016 6:09:39 AM,unknown,unknown,application,Microsoft-Windows-Security-SPP,16384,-0.05735351646853848,Anomalie,HIGH
12/15/2016 6:09:09 AM,unknown,unknown,application,Microsoft-Windows-Security-SPP,902,0.07179190749046427,Normal,NORMAL
12/15/2016 6:09:09 AM,unknown,unknown,application,Microsoft-Windows-Security-SPP,1037,0.06986062072958932,Normal,NORMAL
12/15/2016 6:09:09 AM,unknown,unknown,application,Microsoft-Windows-Security-SPP,1003,0.05610332143950042,Normal,NORMAL
12/15/2016 6:09:09 AM,unknown,unknown,application,Microsoft-Windows-Security-SPP,1066,0.03105789623107552,Normal,NORMAL
12/15/2016 6:09:09 AM,unknown,unknown,application,Microsoft-Windows-Security-SPP,900,0.069139823326546,Normal,NORMAL
12/15/2016 5:39:39 AM,unknown,unknown,application,Microsoft-Windows-Security-SPP,903,0.07963648850340482,Normal,NORMAL
12/15/2016 5:39:39 AM,unknown,unknown,application,Microsoft-Windows-Security-SPP,16384,-0.052766838468756405,Anomalie,HIGH
12/15/2016 5:39:09 AM,unknown,unknown,application,Microsoft-Windows-Security-SPP,902,0.08382626325829734,Normal,NORMAL
