12/16/2016 4:47:09 PM,unknown,unknown,application,Microsoft-Windows-Security-SPP,900,0.08349579771240484,Normal,NORMAL
12/16/2016 4:46:51 PM,unknown,unknown,application,Windows PowerShell (logit.ps),10,0.10337464133279273,Normal,NORMAL
12/16/2016 4:46:51 PM,unknown,unknown,application,Windows PowerShell (logit.ps),10,0.029075218226089272,Normal,NORMAL
12/16/2016 4:46:51 PM,unknown,unknown,application,Windows PowerShell (logit.ps),10,0.09602500011257287,Normal,NORMAL
12/16/2016 4:46:51 PM,unknown,unknown,application,Windows PowerShell (logit.ps),10,0.05011288100150307,Normal,NORMAL
12/16/2016 4:46:51 PM,unknown,unknown,application,Windows PowerShell (logit.ps),10,0.10337464133279273,Normal,NORMAL
12/16/2016 4:46:24 PM,unknown,unknown,application,Windows PowerShell (logit.ps),10,0.10337464133279273,Normal,NORMAL
12/16/2016 4:46:24 PM,unknown,unknown,application,Windows PowerShell (logit.ps),10,0.029075218226089272,Normal,NORMAL
12/16/2016 4:46:24 PM,unknown,unknown,application,Windows PowerShell (logit.ps),10,0.09602500011257287,Normal,NORMAL
12/16/2016 4:46:24 PM,unknown,unknown,application,Windows PowerShell (logit.ps),10,0.05011288100150307,Normal,NORMAL
12/16/2016 4:46:24 PM,unknown,unknown,application,Windows PowerShell (logit.ps),10,0.10337464133279273,Normal,NORMAL
12/16/2016 4:45:57 PM,unknown,unknown,application,Windows PowerShell (logit.ps),10,0.10510490127101957,Normal,NORMAL
12/16/2016 4:45:57 PM,unknown,unknown,application,Windows PowerShell (logit.ps),10,0.028586800263426915,Normal,NORMAL
12/16/2016 4:45:57 PM,unknown,unknown,application,Windows PowerShell (logit.ps),10,0.09778657352795489,Normal,NORMAL
12/16/2016 4:45:57 PM,unknown,unknown,application,Windows PowerShell (logit.ps),10,0.05196166119106921,Normal,NORMAL
12/16/2016 4:45:57 PM,unknown,unknown,application,Windows PowerShell (logit.ps),10,0.10510490127101957,Normal,NORMAL
12/16/2016 4:45:29 PM,unknown,unknown,application,Windows PowerShell (logit.ps),10,0.10510490127101957,Normal,NORMAL
12/16/2016 4:45:29 PM,unknown,unknown,application,Windows PowerShell (logit.ps),10,0.028586800263426915,Normal,NORMAL
12/16/2016 4:45:29 PM,unknown,unknown,application,Windows PowerShell (logit.ps),10,0.09778657352795489,Normal,NORMAL
12/16/2016 4:45:29 PM,unknown,unknown,application,Windows PowerShell (logit.ps),10,0.05196166119106921,Normal,NORMAL
12/16/2016 4:45:29 PM,unknown,unknown,application,Windows PowerShell (logit.ps),10,0.10510490127101957,Normal,NORMAL
12/16/2016 4:45:02 PM,unknown,unknown,application,Windows PowerShell (logit.ps),10,0.10510490127101957,Normal,NORMAL
12/16/2016 4:45:02 PM,unknown,unknown,application,Windows PowerShell (logit.ps),10,0.028586800263426915,Normal,NORMAL
12/16/2016 4:45:02 PM,unknown,unknown,application,Windows PowerShell (logit.ps),10,0.09778657352795489,Normal,NORMAL
12/16/2016 4:45:02 PM,unknown,unknown,application,Windows PowerShell (logit.ps),10,0.05196166119106921,Normal,NORMAL
12/16/2016 4:45:02 PM,unknown,unknown,application,Windows PowerShell (logit.ps),10,0.10510490127101957,Normal,NORMAL
12/16/2016 4:44:35 PM,unknown,unknown,application,Windows PowerShell (logit.ps),10,0.10400664722128206,Normal,NORMAL
12/16/2016 4:44:35 PM,unknown,unknown,application,Windows PowerShell (logit.ps),10,0.028099042880656844,Normal,NORMAL
12/16/2016 4:44:35 PM,unknown,unknown,application,Windows PowerShell (logit.ps),10,0.0978167211468669,Normal,NORMAL
12/16/2016 4:44:35 PM,unknown,unknown,application,Windows PowerShell (logit.ps),10,0.05107731807349869,Normal,NORMAL
12/16/2016 4:44:35 PM,unknown,unknown,application,Windows PowerShell (logit.ps),10,0.10400664722128206,Normal,NORMAL
12/16/2016 4:44:08 PM,unknown,unknown,application,Windows PowerShell (logit.ps),10,0.10400664722128206,Normal,NORMAL
12/16/2016 4:44:08 PM,unknown,unknown,application,Windows PowerShell (logit.ps),10,0.028099042880656844,Normal,NORMAL
12/16/2016 4:44:08 PM,unknown,unknown,application,Windows PowerShell (logit.ps),10,0.0978167211468669,Normal,NORMAL
12/16/2016 4:44:08 PM,unknown,unknown,application,Windows PowerShell (logit.ps),10,0.05107731807349869,Normal,NORMAL
12/16/2016 4:44:08 PM,unknown,unknown,application,Windows PowerShell (logit.ps),10,0.10400664722128206,Normal,NORMAL
12/16/2016 4:43:41 PM,unknown,unknown,application,Windows PowerShell (logit.ps),10,0.10510907611719844,Normal,NORMAL
12/16/2016 4:43:41 PM,unknown,unknown,application,Windows PowerShell (logit.ps),10,0.030317430047564875,Normal,NORMAL
12/16/2016 4:43:41 PM,unknown,unknown,application,Windows PowerShell (logit.ps),10,0.09925806848498708,Normal,NORMAL
12/16/2016 4:43:41 PM,unknown,unknown,application,Windows PowerShell (logit.ps),10,0.05340791915233101,Normal,NORMAL
12/16/2016 4:43:41 PM,unknown,unknown,application,Windows PowerShell (logit.ps),10,0.10510907611719844,Normal,NORMAL
12/16/2016 4:43:13 PM,unknown,unknown,application,Windows PowerShell (logit.ps),10,0.10510907611719844,Normal,NORMAL
12/16/2016 4:43:13 PM,unknown,unknown,application,Windows PowerShell (logit.ps),10,0.030317430047564875,Normal,NORMAL
12/16/2016 4:43:13 PM,unknown,unknown,application,Windows PowerShell (logit.ps),10,0.09925806848498708,Normal,NORMAL
12/16/2016 4:43:13 PM,unknown,unknown,application,Windows PowerShell (logit.ps),10,0.053932253733095625,Normal,NORMAL
12/16/2016 4:43:13 PM,unknown,unknown,application,Windows PowerShell (logit.ps),10,0.10510907611719844,Normal,NORMAL
12/16/2016 4:42:46 PM,unknown,unknown,application,Windows PowerShell (logit.ps),10,0.10547088181118786,Normal,NORMAL
12/16/2016 4:42:46 PM,unknown,unknown,application,Windows PowerShell (logit.ps),10,0.03254031183245154,Normal,NORMAL
12/16/2016 4:42:46 PM,unknown,unknown,application,Windows PowerShell (logit.ps),10,0.0996251092024591,Normal,NORMAL
12/16/2016 4:42:46 PM,unknown,unknown,application,Windows PowerShell (logit.ps),10,0.0548623864470455,Normal,NORMAL
12/16/2016 4:42:46 PM,unknown,unknown,application,Windows PowerShell (logit.ps),10,0.10547088181118786,Normal,NORMAL
12/16/2016 4:42:20 PM,unknown,unknown,application,Windows PowerShell (logit.ps),10,0.10547088181118786,Normal,NORMAL
12/16/2016 4:42:20 PM,unknown,unknown,application,Windows PowerShell (logit.ps),10,0.03254031183245154,Normal,NORMAL
12/16/2016 4:42:19 PM,unknown,unknown,application,Windows PowerShell (logit.ps),10,0.0996251092024591,Normal,NORMAL
12/16/2016 4:42:19 PM,unknown,unknown,application,Windows PowerShell (logit.ps),10,0.055008581517258126,Normal,NORMAL
12/16/2016 4:42:19 PM,unknown,unknown,application,Windows PowerShell (logit.ps),10,0.10547088181118786,Normal,NORMAL
12/16/2016 4:41:52 PM,unknown,unknown,application,Windows PowerShell (logit.ps),10,0.10918007210769531,Normal,NORMAL
12/16/2016 4:41:52 PM,unknown,unknown,application,Windows PowerShell (logit.ps),10,0.03367738412856458,Normal,NORMAL
12/16/2016 4:41:52 PM,unknown,unknown,application,Windows PowerShell (logit.ps),10,0.10338796835666086,Normal,NORMAL
12/16/2016 4:41:52 PM,unknown,unknown,application,Windows PowerShell (logit.ps),10,0.05646540607804573,Normal,NORMAL
12/16/2016 4:41:52 PM,unknown,unknown,application,Windows PowerShell (logit.ps),10,0.10918007210769531,Normal,NORMAL
12/16/2016 4:41:25 PM,unknown,unknown,application,Windows PowerShell (logit.ps),10,0.10918007210769531,Normal,NORMAL
12/16/2016 4:41:25 PM,unknown,unknown,application,Windows PowerShell (logit.ps),10,0.03367738412856458,Normal,NORMAL
12/16/2016 4:41:25 PM,unknown,unknown,application,Windows PowerShell (logit.ps),10,0.10338796835666086,Normal,NORMAL
12/16/2016 4:41:25 PM,unknown,unknown,application,Windows PowerShell (logit.ps),10,0.05646540607804573,Normal,NORMAL
12/16/2016 4:41:25 PM,unknown,unknown,application,Windows PowerShell (logit.ps),10,0.10918007210769531,Normal,NORMAL
12/16/2016 4:40:57 PM,unknown,unknown,application,Windows PowerShell (logit.ps),10,0.10787322748763895,Normal,NORMAL
12/16/2016 4:40:57 PM,unknown,unknown,application,Windows PowerShell (logit.ps),10,0.03502035849279356,Normal,NORMAL
12/16/2016 4:40:57 PM,unknown,unknown,application,Windows PowerShell (logit.ps),10,0.10287888662882361,Normal,NORMAL
12/16/2016 4:40:57 PM,unknown,unknown,application,Windows PowerShell (logit.ps),10,0.057598746036063964,Normal,NORMAL
12/16/2016 4:40:57 PM,unknown,unknown,application,Windows PowerShell (logit.ps),10,0.10787322748763895,Normal,NORMAL
12/16/2016 4:40:30 PM,unknown,unknown,application,Windows PowerShell (logit.ps),10,0.10787322748763895,Normal,NORMAL
12/16/2016 4:40:30 PM,unknown,unknown,application,Windows PowerShell (logit.ps),10,0.03502035849279356,Normal,NORMAL
12/16/2016 4:40:30 PM,unknown,unknown,application,Windows PowerShell (logit.ps),10,0.10287888662882361,Normal,NORMAL
12/16/2016 4:40:30 PM,unknown,unknown,application,Windows PowerShell (logit.ps),10,0.057598746036063964,Normal,NORMAL
12/16/2016 4:40:30 PM,unknown,unknown,application,Windows PowerShell (logit.ps),10,0.10787322748763895,Normal,NORMAL
12/16/2016 4:40:03 PM,unknown,unknown,application,Windows PowerShell (logit.ps),10,0.10787322748763895,Normal,NORMAL
12/16/2016 4:40:03 PM,unknown,unknown,application,Windows PowerShell (logit.ps),10,0.03502035849279356,Normal,NORMAL
12/16/2016 4:40:03 PM,unknown,unknown,application,Windows PowerShell (logit.ps),10,0.10287888662882361,Normal,NORMAL
12/16/2016 4:40:03 PM,unknown,unknown,application,Windows PowerShell (logit.ps),10,0.0570786315161394,Normal,NORMAL
12/16/2016 4:40:03 PM,unknown,unknown,application,Windows PowerShell (logit.ps),10,0.10787322748763895,Normal,NORMAL
12/16/2016 4:39:36 PM,unknown,unknown,application,Windows PowerShell (logit.ps),10,0.10787322748763895,Normal,NORMAL
12/16/2016 4:39:36 PM,unknown,unknown,application,Windows PowerShell (logit.ps),10,0.03362927349195005,Normal,NORMAL
12/16/2016 4:39:36 PM,unknown,unknown,application,Windows PowerShell (logit.ps),10,0.10287888662882361,Normal,NORMAL
12/16/2016 4:39:36 PM,unknown,unknown,application,Windows PowerShell (logit.ps),10,0.056466030523333766,Normal,NORMAL
12/16/2016 4:39:36 PM,unknown,unknown,application,Windows PowerShell (logit.ps),10,0.10787322748763895,Normal,NORMAL
12/16/2016 4:39:09 PM,unknown,unknown,application,Windows PowerShell (logit.ps),10,0.10787322748763895,Normal,NORMAL
12/16/2016 4:39:09 PM,unknown,unknown,application,Windows PowerShell (logit.ps),10,0.03362927349195005,Normal,NORMAL
12/16/2016 4:39:09 PM,unknown,unknown,application,Windows PowerShell (logit.ps),10,0.10287888662882361,Normal,NORMAL
12/16/2016 4:39:09 PM,unknown,unknown,application,Windows PowerShell (logit.ps),10,0.056466030523333766,Normal,NORMAL
12/16/2016 4:39:09 PM,unknown,unknown,application,Windows PowerShell (logit.ps),10,0.10787322748763895,Normal,NORMAL
12/16/2016 4:38:42 PM,unknown,unknown,application,Windows PowerShell (logit.ps),10,0.10668472944266605,Normal,NORMAL
12/16/2016 4:38:42 PM,unknown,unknown,application,Windows PowerShell (logit.ps),10,0.03256785140527263,Normal,NORMAL
12/16/2016 4:38:42 PM,unknown,unknown,application,Windows PowerShell (logit.ps),10,0.10167560880064758,Normal,NORMAL
12/16/2016 4:38:42 PM,unknown,unknown,application,Windows PowerShell (logit.ps),10,0.05456083654789934,Normal,NORMAL
12/16/2016 4:38:42 PM,unknown,unknown,application,Windows PowerShell (logit.ps),10,0.10668472944266605,Normal,NORMAL
12/16/2016 4:38:15 PM,unknown,unknown,application,Windows PowerShell (logit.ps),10,0.10668472944266605,Normal,NORMAL
12/16/2016 4:38:15 PM,unknown,unknown,application,Windows PowerShell (logit.ps),10,0.03256785140527263,Normal,NORMAL
12/16/2016 4:38:15 PM,unknown,unknown,application,Windows PowerShell (logit.ps),10,0.10167560880064758,Normal,NORMAL
12/16/2016 4:38:15 PM,unknown,unknown,application,Windows PowerShell (logit.ps),10,0.054345272309887616,Normal,NORMAL
12/16/2016 4:38:15 PM,unknown,unknown,application,Windows PowerShell (logit.ps),10,0.10668472944266605,Normal,NORMAL
12/16/2016 4:37:48 PM,unknown,unknown,application,Windows PowerShell (logit.ps),10,0.10861917161540646,Normal,NORMAL
12/16/2016 4:37:48 PM,unknown,unknown,application,Windows PowerShell (logit.ps),10,0.03429158870790611,Normal,NORMAL
12/16/2016 4:37:48 PM,unknown,unknown,application,Windows PowerShell (logit.ps),10,0.10363410708021381,Normal,NORMAL
12/16/2016 4:37:48 PM,unknown,unknown,application,Windows PowerShell (logit.ps),10,0.05660432548750716,Normal,NORMAL
12/16/2016 4:37:48 PM,unknown,unknown,application,Windows PowerShell (logit.ps),10,0.10861917161540646,Normal,NORMAL
12/16/2016 4:37:21 PM,unknown,unknown,application,Windows PowerShell (logit.ps),10,0.10861917161540646,Normal,NORMAL
12/16/2016 4:37:21 PM,unknown,unknown,application,Windows PowerShell (logit.ps),10,0.03429158870790611,Normal,NORMAL
12/16/2016 4:37:21 PM,unknown,unknown,application,Windows PowerShell (logit.ps),10,0.10363410708021381,Normal,NORMAL
12/16/2016 4:37:21 PM,unknown,unknown,application,Windows PowerShell (logit.ps),10,0.05601944083659882,Normal,NORMAL
12/16/2016 4:37:21 PM,unknown,unknown,application,Windows PowerShell (logit.ps),10,0.10861917161540646,Normal,NORMAL
12/16/2016 4:36:54 PM,unknown,unknown,application,Windows PowerShell (logit.ps),10,0.1061664677987384,Normal,NORMAL
12/16/2016 4:36:54 PM,unknown,unknown,application,Windows PowerShell (logit.ps),10,0.03315328934787731,Normal,NORMAL
12/16/2016 4:36:54 PM,unknown,unknown,application,Windows PowerShell (logit.ps),10,0.10115090221995954,Normal,NORMAL
12/16/2016 4:36:54 PM,unknown,unknown,application,Windows PowerShell (logit.ps),10,0.055483525269463374,Normal,NORMAL
12/16/2016 4:36:54 PM,unknown,unknown,application,Windows PowerShell (logit.ps),10,0.1061664677987384,Normal,NORMAL
12/16/2016 4:36:27 PM,unknown,unknown,application,Windows PowerShell (logit.ps),10,0.1061664677987384,Normal,NORMAL
12/16/2016 4:36:27 PM,unknown,unknown,application,Windows PowerShell (logit.ps),10,0.03315328934787731,Normal,NORMAL
12/16/2016 4:36:27 PM,unknown,unknown,application,Windows PowerShell (logit.ps),10,0.10115090221995954,Normal,NORMAL
12/16/2016 4:36:27 PM,unknown,unknown,application,Windows PowerShell (logit.ps),10,0.055483525269463374,Normal,NORMAL
12/16/2016 4:36:27 PM,unknown,unknown,application,Windows PowerShell (logit.ps),10,0.1061664677987384,Normal,NORMAL
12/16/2016 4:36:00 PM,unknown,unknown,application,Windows PowerShell (logit.ps),10,0.1061664677987384,Normal,NORMAL
12/16/2016 4:36:00 PM,unknown,unknown,application,Windows PowerShell (logit.ps),10,0.03315328934787731,Normal,NORMAL
12/16/2016 4:36:00 PM,unknown,unknown,application,Windows PowerShell (logit.ps),10,0.10115090221995954,Normal,NORMAL
12/16/2016 4:36:00 PM,unknown,unknown,application,Windows PowerShell (logit.ps),10,0.056625948266618986,Normal,NORMAL
12/16/2016 4:36:00 PM,unknown,unknown,application,Windows PowerShell (logit.ps),10,0.1061664677987384,Normal,NORMAL
12/16/2016 4:35:33 PM,unknown,unknown,application,Windows PowerShell (logit.ps),10,0.10627917758206168,Normal,NORMAL
12/16/2016 4:35:33 PM,unknown,unknown,application,Windows PowerShell (logit.ps),10,0.03313288363719702,Normal,NORMAL
12/16/2016 4:35:33 PM,unknown,unknown,application,Windows PowerShell (logit.ps),10,0.1017106631841993,Normal,NORMAL
12/16/2016 4:35:33 PM,unknown,unknown,application,Windows PowerShell (logit.ps),10,0.05769795158454549,Normal,NORMAL
12/16/2016 4:35:33 PM,unknown,unknown,application,Windows PowerShell (logit.ps),10,0.10627917758206168,Normal,NORMAL
12/16/2016 4:35:06 PM,unknown,unknown,application,Windows PowerShell (logit.ps),10,0.10627917758206168,Normal,NORMAL
12/16/2016 4:35:06 PM,unknown,unknown,application,Windows PowerShell (logit.ps),10,0.03313288363719702,Normal,NORMAL
12/16/2016 4:35:06 PM,unknown,unknown,application,Windows PowerShell (logit.ps),10,0.1017106631841993,Normal,NORMAL
12/16/2016 4:35:06 PM,unknown,unknown,application,Windows PowerShell (logit.ps),10,0.05754696378828378,Normal,NORMAL
12/16/2016 4:35:06 PM,unknown,unknown,application,Windows PowerShell (logit.ps),10,0.10627917758206168,Normal,NORMAL
12/16/2016 4:34:39 PM,unknown,unknown,application,Windows PowerShell (logit.ps),10,0.10475065436806746,Normal,NORMAL
12/16/2016 4:34:39 PM,unknown,unknown,application,Windows PowerShell (logit.ps),10,0.033388268372152974,Normal,NORMAL
12/16/2016 4:34:39 PM,unknown,unknown,application,Windows PowerShell (logit.ps),10,0.10016482115819464,Normal,NORMAL
12/16/2016 4:34:39 PM,unknown,unknown,application,Windows PowerShell (logit.ps),10,0.05713892519921626,Normal,NORMAL
12/16/2016 4:34:39 PM,unknown,unknown,application,Windows PowerShell (logit.ps),10,0.10475065436806746,Normal,NORMAL
12/16/2016 4:34:12 PM,unknown,unknown,application,Windows PowerShell (logit.ps),10,0.10475065436806746,Normal,NORMAL
12/16/2016 4:34:12 PM,unknown,unknown,application,Windows PowerShell (logit.ps),10,0.033388268372152974,Normal,NORMAL
12/16/2016 4:34:12 PM,unknown,unknown,application,Windows PowerShell (logit.ps),10,0.10016482115819464,Normal,NORMAL
12/16/2016 4:34:12 PM,unknown,unknown,application,Windows PowerShell (logit.ps),10,0.057290049316325364,Normal,NORMAL
12/16/2016 4:34:11 PM,unknown,unknown,application,Windows PowerShell (logit.ps),10,0.10475065436806746,Normal,NORMAL
12/16/2016 4:33:45 PM,unknown,unknown,application,Windows PowerShell (logit.ps),10,0.10378392154289806,Normal,NORMAL
12/16/2016 4:33:45 PM,unknown,unknown,application,Windows PowerShell (logit.ps),10,0.02566234476829915,Normal,NORMAL
12/16/2016 4:33:45 PM,unknown,unknown,application,Windows PowerShell (logit.ps),10,0.09918713484281316,Normal,NORMAL
12/16/2016 4:33:45 PM,unknown,unknown,application,Windows PowerShell (logit.ps),10,0.05604647560668563,Normal,NORMAL
12/16/2016 4:33:45 PM,unknown,unknown,application,Windows PowerShell (logit.ps),10,0.10378392154289806,Normal,NORMAL
12/16/2016 4:33:18 PM,unknown,unknown,application,Windows PowerShell (logit.ps),10,0.10378392154289806,Normal,NORMAL
12/16/2016 4:33:18 PM,unknown,unknown,application,Windows PowerShell (logit.ps),10,0.03160217110198016,Normal,NORMAL
12/16/2016 4:33:18 PM,unknown,unknown,application,Windows PowerShell (logit.ps),10,0.09918713484281316,Normal,NORMAL
12/16/2016 4:33:18 PM,unknown,unknown,application,Windows PowerShell (logit.ps),10,0.05574902593676878,Normal,NORMAL
12/16/2016 4:33:18 PM,unknown,unknown,application,Windows PowerShell (logit.ps),10,0.10378392154289806,Normal,NORMAL
12/16/2016 4:32:49 PM,unknown,unknown,application,Windows PowerShell (logit.ps),10,0.10304528090991277,Normal,NORMAL
12/16/2016 4:32:49 PM,unknown,unknown,application,Windows PowerShell (logit.ps),10,0.03079198105933556,Normal,NORMAL
12/16/2016 4:32:49 PM,unknown,unknown,application,Windows PowerShell (logit.ps),10,0.09799274627925808,Normal,NORMAL
12/16/2016 4:32:49 PM,unknown,unknown,application,Windows PowerShell (logit.ps),10,0.05525177028219164,Normal,NORMAL
12/16/2016 4:32:49 PM,unknown,unknown,application,Windows PowerShell (logit.ps),10,0.10304528090991277,Normal,NORMAL
12/16/2016 4:32:22 PM,unknown,unknown,application,Windows PowerShell (logit.ps),10,0.10304528090991277,Normal,NORMAL
12/16/2016 4:32:22 PM,unknown,unknown,application,Windows PowerShell (logit.ps),10,0.03079198105933556,Normal,NORMAL
12/16/2016 4:32:22 PM,unknown,unknown,application,Windows PowerShell (logit.ps),10,0.09799274627925808,Normal,NORMAL
12/16/2016 4:32:22 PM,unknown,unknown,application,Windows PowerShell (logit.ps),10,0.05525177028219164,Normal,NORMAL
12/16/2016 4:32:22 PM,unknown,unknown,application,Windows PowerShell (logit.ps),10,0.10304528090991277,Normal,NORMAL
12/16/2016 4:31:53 PM,unknown,unknown,application,Windows PowerShell (logit.ps),10,0.10625845245715076,Normal,NORMAL
12/16/2016 4:31:53 PM,unknown,unknown,application,Windows PowerShell (logit.ps),10,0.046294505016210574,Normal,NORMAL
12/16/2016 4:31:53 PM,unknown,unknown,application,Windows PowerShell (logit.ps),10,0.10124586121847395,Normal,NORMAL
12/16/2016 4:31:53 PM,unknown,unknown,application,Windows PowerShell (logit.ps),10,0.05555899567195205,Normal,NORMAL
12/16/2016 4:31:53 PM,unknown,unknown,application,Windows PowerShell (logit.ps),10,0.10625845245715076,Normal,NORMAL
12/16/2016 4:31:47 PM,unknown,unknown,application,Desktop Window Manager,9009,-0.07834858619136376,Anomalie,HIGH
12/16/2016 4:17:39 PM,unknown,unknown,application,Microsoft-Windows-Security-SPP,903,0.08687581394262262,Normal,NORMAL
12/16/2016 4:17:39 PM,unknown,unknown,application,Microsoft-Windows-Security-SPP,16384,-0.05522887575749913,Anomalie,HIGH
12/16/2016 4:17:09 PM,unknown,unknown,application,Microsoft-Windows-Security-SPP,902,0.09047257445145335,Normal,NORMAL
12/16/2016 4:17:09 PM,unknown,unknown,application,Microsoft-Windows-Security-SPP,1037,0.08403637693342025,Normal,NORMAL
12/16/2016 4:17:09 PM,unknown,unknown,application,Microsoft-Windows-Security-SPP,1003,0.06429813599584183,Normal,NORMAL
12/16/2016 4:17:09 PM,unknown,unknown,application,Microsoft-Windows-Security-SPP,1066,0.04175629510423312,Normal,NORMAL
12/16/2016 4:17:09 PM,unknown,unknown,application,Microsoft-Windows-Security-SPP,900,0.08831042642466397,Normal,NORMAL
12/16/2016 3:47:39 PM,unknown,unknown,application,Microsoft-Windows-Security-SPP,903,0.08388737969690568,Normal,NORMAL
12/16/2016 3:47:39 PM,unknown,unknown,application,Microsoft-Windows-Security-SPP,16384,-0.04859979357152622,Anomalie,HIGH
12/16/2016 3:47:09 PM,unknown,unknown,application,Microsoft-Windows-Security-SPP,902,0.0840321909029148,Normal,NORMAL
12/16/2016 3:47:09 PM,unknown,unknown,application,Microsoft-Windows-Security-SPP,1037,0.07744520396186871,Normal,NORMAL
12/16/2016 3:47:09 PM,unknown,unknown,application,Microsoft-Windows-Security-SPP,1003,0.06223486710609116,Normal,NORMAL
12/16/2016 3:47:09 PM,unknown,unknown,application,Microsoft-Windows-Security-SPP,1066,0.02841660931982598,Normal,NORMAL
12/16/2016 3:47:09 PM,unknown,unknown,application,Microsoft-Windows-Security-SPP,900,0.08297065898282074,Normal,NORMAL
12/16/2016 3:36:41 PM,unknown,unknown,application,Desktop Window Manager,9009,-0.07315444181666186,Anomalie,HIGH
12/16/2016 3:17:39 PM,unknown,unknown,application,Microsoft-Windows-Security-SPP,903,0.08806282525561226,Normal,NORMAL
12/16/2016 3:17:39 PM,unknown,unknown,application,Microsoft-Windows-Security-SPP,16384,-0.05185695083647024,Anomalie,HIGH
12/16/2016 3:17:09 PM,unknown,unknown,application,Microsoft-Windows-Security-SPP,902,0.09164948334488493,Normal,NORMAL
12/16/2016 3:17:09 PM,unknown,unknown,application,Microsoft-Windows-Security-SPP,1037,0.0859181172317997,Normal,NORMAL
12/16/2016 3:17:09 PM,unknown,unknown,application,Microsoft-Windows-Security-SPP,1003,0.06694078401021164,Normal,NORMAL
12/16/2016 3:17:09 PM,unknown,unknown,application,Microsoft-Windows-Security-SPP,1066,0.044656815358144586,Normal,NORMAL
12/16/2016 3:17:09 PM,unknown,unknown,application,Microsoft-Windows-Security-SPP,900,0.08891384879965203,Normal,NORMAL
12/16/2016 2:47:39 PM,unknown,unknown,application,Microsoft-Windows-Security-SPP,903,0.08032135155775227,Normal,NORMAL
12/16/2016 2:47:39 PM,unknown,unknown,application,Microsoft-Windows-Security-SPP,16384,-0.05096536095046422,Anomalie,HIGH
12/16/2016 2:47:09 PM,unknown,unknown,application,Microsoft-Windows-Security-SPP,902,0.08126024539451226,Normal,NORMAL
12/16/2016 2:47:09 PM,unknown,unknown,application,Microsoft-Windows-Security-SPP,1037,0.0756683122261056,Normal,NORMAL
12/16/2016 2:47:09 PM,unknown,unknown,application,Microsoft-Windows-Security-SPP,1003,0.0615659999453636,Normal,NORMAL
12/16/2016 2:47:09 PM,unknown,unknown,application,Microsoft-Windows-Security-SPP,1066,0.027955465784472167,Normal,NORMAL
12/16/2016 2:47:09 PM,unknown,unknown,application,Microsoft-Windows-Security-SPP,900,0.07922435842387315,Normal,NORMAL
12/16/2016 2:17:39 PM,unknown,unknown,application,Microsoft-Windows-Security-SPP,903,0.08967275400651964,Normal,NORMAL
12/16/2016 2:17:39 PM,unknown,unknown,application,Microsoft-Windows-Security-SPP,16384,-0.049381348877652664,Anomalie,HIGH
12/16/2016 2:17:09 PM,unknown,unknown,application,Microsoft-Windows-Security-SPP,902,0.0929055417417064,Normal,NORMAL
12/16/2016 2:17:09 PM,unknown,unknown,application,Microsoft-Windows-Security-SPP,1037,0.08719140464806252,Normal,NORMAL
12/16/2016 2:17:09 PM,unknown,unknown,application,Microsoft-Windows-Security-SPP,1003,0.0677504908472994,Normal,NORMAL
12/16/2016 2:17:09 PM,unknown,unknown,application,Microsoft-Windows-Security-SPP,1066,0.0458211103068672,Normal,NORMAL
12/16/2016 2:17:09 PM,unknown,unknown,application,Microsoft-Windows-Security-SPP,900,0.08923319658485429,Normal,NORMAL
12/16/2016 1:47:39 PM,unknown,unknown,application,Microsoft-Windows-Security-SPP,903,0.07850705761631993,Normal,NORMAL
12/16/2016 1:47:39 PM,unknown,unknown,application,Microsoft-Windows-Security-SPP,16384,-0.054077795828044395,Anomalie,HIGH
12/16/2016 1:47:08 PM,unknown,unknown,application,Microsoft-Windows-Security-SPP,902,0.07944992061846895,Normal,NORMAL
12/16/2016 1:47:08 PM,unknown,unknown,application,Microsoft-Windows-Security-SPP,1037,0.0738343476020617,Normal,NORMAL
12/16/2016 1:47:08 PM,unknown,unknown,application,Microsoft-Windows-Security-SPP,1003,0.06107956235741535,Normal,NORMAL
12/16/2016 1:47:08 PM,unknown,unknown,application,Microsoft-Windows-Security-SPP,1066,0.026366008449304257,Normal,NORMAL
12/16/2016 1:47:08 PM,unknown,unknown,application,Microsoft-Windows-Security-SPP,900,0.07740542695367197,Normal,NORMAL
12/16/2016 1:17:38 PM,unknown,unknown,application,Microsoft-Windows-Security-SPP,903,0.08500473737913661,Normal,NORMAL
12/16/2016 1:17:38 PM,unknown,unknown,application,Microsoft-Windows-Security-SPP,16384,-0.05070997802510735,Anomalie,HIGH
12/16/2016 1:17:08 PM,unknown,unknown,application,Microsoft-Windows-Security-SPP,902,0.08925399428035524,Normal,NORMAL
12/16/2016 1:17:08 PM,unknown,unknown,application,Microsoft-Windows-Security-SPP,1037,0.08348976987997359,Normal,NORMAL
12/16/2016 1:17:08 PM,unknown,unknown,application,Microsoft-Windows-Security-SPP,1003,0.06601160238368342,Normal,NORMAL
12/16/2016 1:17:08 PM,unknown,unknown,application,Microsoft-Windows-Security-SPP,1066,0.043822964723297386,Normal,NORMAL
12/16/2016 1:17:08 PM,unknown,unknown,application,Microsoft-Windows-Security-SPP,900,0.08601226514095306,Normal,NORMAL
12/16/2016 12:47:38 PM,unknown,unknown,application,Microsoft-Windows-Security-SPP,903,0.07904512114317791,Normal,NORMAL
12/16/2016 12:47:38 PM,unknown,unknown,application,Microsoft-Windows-Security-SPP,16384,-0.051406024285626795,Anomalie,HIGH
12/16/2016 12:47:08 PM,unknown,unknown,application,Microsoft-Windows-Security-SPP,902,0.0799868070135078,Normal,NORMAL
12/16/2016 12:47:08 PM,unknown,unknown,application,Microsoft-Windows-Security-SPP,1037,0.07503286335020626,Normal,NORMAL
12/16/2016 12:47:08 PM,unknown,unknown,application,Microsoft-Windows-Security-SPP,1003,0.06201051349085707,Normal,NORMAL
12/16/2016 12:47:08 PM,unknown,unknown,application,Microsoft-Windows-Security-SPP,1066,0.027335503423088825,Normal,NORMAL
12/16/2016 12:47:08 PM,unknown,unknown,application,Microsoft-Windows-Security-SPP,900,0.07800541506651837,Normal,NORMAL
12/16/2016 12:17:38 PM,unknown,unknown,application,Microsoft-Windows-Security-SPP,903,0.08493483628441578,Normal,NORMAL
12/16/2016 12:17:38 PM,unknown,unknown,application,Microsoft-Windows-Security-SPP,16384,-0.04922092717880899,Anomalie,HIGH
12/16/2016 12:17:08 PM,unknown,unknown,application,Microsoft-Windows-Security-SPP,902,0.08918479292680631,Normal,NORMAL
12/16/2016 12:17:08 PM,unknown,unknown,application,Microsoft-Windows-Security-SPP,1037,0.08406063512063355,Normal,NORMAL
12/16/2016 12:17:08 PM,unknown,unknown,application,Microsoft-Windows-Security-SPP,1003,0.06630614087369713,Normal,NORMAL
12/16/2016 12:17:08 PM,unknown,unknown,application,Microsoft-Windows-Security-SPP,1066,0.04350210845900243,Normal,NORMAL
12/16/2016 12:17:08 PM,unknown,unknown,application,Microsoft-Windows-Security-SPP,900,0.08600195705372171,Normal,NORMAL
12/16/2016 11:47:38 AM,unknown,unknown,application,Microsoft-Windows-Security-SPP,903,0.07973985862139332,Normal,NORMAL
12/16/2016 11:47:38 AM,unknown,unknown,application,Microsoft-Windows-Security-SPP,16384,-0.05468353469151821,Anomalie,HIGH
12/16/2016 11:47:08 AM,unknown,unknown,application,Microsoft-Windows-Security-SPP,902,0.08043286679363038,Normal,NORMAL
12/16/2016 11:47:08 AM,unknown,unknown,application,Microsoft-Windows-Security-SPP,1037,0.07537157900718433,Normal,NORMAL
12/16/2016 11:47:08 AM,unknown,unknown,application,Microsoft-Windows-Security-SPP,1003,0.0623593818279774,Normal,NORMAL
12/16/2016 11:47:08 AM,unknown,unknown,application,Microsoft-Windows-Security-SPP,1066,0.028071134327323666,Normal,NORMAL
12/16/2016 11:47:08 AM,unknown,unknown,application,Microsoft-Windows-Security-SPP,900,0.07899319540671074,Normal,NORMAL
12/16/2016 11:17:38 AM,unknown,unknown,application,Microsoft-Windows-Security-SPP,903,0.08744930523935618,Normal,NORMAL
12/16/2016 11:17:38 AM,unknown,unknown,application,Microsoft-Windows-Security-SPP,16384,-0.05095689469919362,Anomalie,HIGH
12/16/2016 11:17:08 AM,unknown,unknown,application,Microsoft-Windows-Security-SPP,902,0.09167409092469336,Normal,NORMAL
12/16/2016 11:17:08 AM,unknown,unknown,application,Microsoft-Windows-Security-SPP,1037,0.08687741941352373,Normal,NORMAL
12/16/2016 11:17:08 AM,unknown,unknown,application,Microsoft-Windows-Security-SPP,1003,0.06911480389884778,Normal,NORMAL
12/16/2016 11:17:08 AM,unknown,unknown,application,Microsoft-Windows-Security-SPP,1066,0.048154958746026655,Normal,NORMAL
12/16/2016 11:17:08 AM,unknown,unknown,application,Microsoft-Windows-Security-SPP,900,0.08917238295030322,Normal,NORMAL
12/16/2016 10:47:38 AM,unknown,unknown,application,Microsoft-Windows-Security-SPP,903,0.08013356260525262,Normal,NORMAL
12/16/2016 10:47:38 AM,unknown,unknown,application,Microsoft-Windows-Security-SPP,16384,-0.05435480822826266,Anomalie,HIGH
12/16/2016 10:47:08 AM,unknown,unknown,application,Microsoft-Windows-Security-SPP,902,0.08082593589232556,Normal,NORMAL
12/16/2016 10:47:08 AM,unknown,unknown,application,Microsoft-Windows-Security-SPP,1037,0.07729526097088985,Normal,NORMAL
12/16/2016 10:47:08 AM,unknown,unknown,application,Microsoft-Windows-Security-SPP,1003,0.060854734791336074,Normal,NORMAL
12/16/2016 10:47:08 AM,unknown,unknown,application,Microsoft-Windows-Security-SPP,1066,0.027614819774488042,Normal,NORMAL
12/16/2016 10:47:08 AM,unknown,unknown,application,Microsoft-Windows-Security-SPP,900,0.07938758343069613,Normal,NORMAL
12/16/2016 10:17:38 AM,unknown,unknown,application,Microsoft-Windows-Security-SPP,903,0.09091125494468982,Normal,NORMAL
12/16/2016 10:17:38 AM,unknown,unknown,application,Microsoft-Windows-Security-SPP,16384,-0.048905129474986486,Anomalie,HIGH
12/16/2016 10:17:07 AM,unknown,unknown,application,Microsoft-Windows-Security-SPP,902,0.09340909827469074,Normal,NORMAL
12/16/2016 10:17:07 AM,unknown,unknown,application,Microsoft-Windows-Security-SPP,1037,0.08990530547810038,Normal,NORMAL
12/16/2016 10:17:07 AM,unknown,unknown,application,Microsoft-Windows-Security-SPP,1003,0.06975414147423231,Normal,NORMAL
12/16/2016 10:17:07 AM,unknown,unknown,application,Microsoft-Windows-Security-SPP,1066,0.049953376761730284,Normal,NORMAL
12/16/2016 10:17:07 AM,unknown,unknown,application,Microsoft-Windows-Security-SPP,900,0.09091777887788882,Normal,NORMAL
12/16/2016 9:47:38 AM,unknown,unknown,application,Microsoft-Windows-Security-SPP,903,0.07675934219264496,Normal,NORMAL
12/16/2016 9:47:37 AM,unknown,unknown,application,Microsoft-Windows-Security-SPP,16384,-0.057764159201458165,Anomalie,HIGH
12/16/2016 9:47:07 AM,unknown,unknown,application,Microsoft-Windows-Security-SPP,902,0.07745715673144055,Normal,NORMAL
12/16/2016 9:47:07 AM,unknown,unknown,application,Microsoft-Windows-Security-SPP,1037,0.07404584488985455,Normal,NORMAL
12/16/2016 9:47:07 AM,unknown,unknown,application,Microsoft-Windows-Security-SPP,1003,0.057571662820616154,Normal,NORMAL
12/16/2016 9:47:07 AM,unknown,unknown,application,Microsoft-Windows-Security-SPP,1066,0.024360108778459455,Normal,NORMAL
12/16/2016 9:47:07 AM,unknown,unknown,application,Microsoft-Windows-Security-SPP,900,0.07600750048620813,Normal,NORMAL
12/16/2016 9:17:37 AM,unknown,unknown,application,Microsoft-Windows-Security-SPP,903,0.08998658212222466,Normal,NORMAL
12/16/2016 9:17:37 AM,unknown,unknown,application,Microsoft-Windows-Security-SPP,16384,-0.05253984216464469,Anomalie,HIGH
12/16/2016 9:17:07 AM,unknown,unknown,application,Microsoft-Windows-Security-SPP,902,0.09217393815061908,Normal,NORMAL
12/16/2016 9:17:07 AM,unknown,unknown,application,Microsoft-Windows-Security-SPP,1037,0.08908640249353583,Normal,NORMAL
12/16/2016 9:17:07 AM,unknown,unknown,application,Microsoft-Windows-Security-SPP,1003,0.06822013039490299,Normal,NORMAL
12/16/2016 9:17:07 AM,unknown,unknown,application,Microsoft-Windows-Security-SPP,1066,0.049059079623210544,Normal,NORMAL
12/16/2016 9:17:07 AM,unknown,unknown,application,Microsoft-Windows-Security-SPP,900,0.08967522307518633,Normal,NORMAL
12/16/2016 8:47:37 AM,unknown,unknown,application,Microsoft-Windows-Security-SPP,903,0.07290401978409278,Normal,NORMAL
12/16/2016 8:47:37 AM,unknown,unknown,application,Microsoft-Windows-Security-SPP,16384,-0.06202536022796534,Anomalie,HIGH
12/16/2016 8:47:07 AM,unknown,unknown,application,Microsoft-Windows-Security-SPP,902,0.07360805139739202,Normal,NORMAL
12/16/2016 8:47:07 AM,unknown,unknown,application,Microsoft-Windows-Security-SPP,1037,0.07016634698199864,Normal,NORMAL
12/16/2016 8:47:07 AM,unknown,unknown,application,Microsoft-Windows-Security-SPP,1003,0.05288932523175216,Normal,NORMAL
12/16/2016 8:47:07 AM,unknown,unknown,application,Microsoft-Windows-Security-SPP,1066,0.018243297815938198,Normal,NORMAL
12/16/2016 8:47:07 AM,unknown,unknown,application,Microsoft-Windows-Security-SPP,900,0.07225029028530833,Normal,NORMAL
12/16/2016 8:17:37 AM,unknown,unknown,application,Microsoft-Windows-Security-SPP,903,0.08663010142907573,Normal,NORMAL
12/16/2016 8:17:37 AM,unknown,unknown,application,Microsoft-Windows-Security-SPP,16384,-0.05333533888742448,Anomalie,HIGH
12/16/2016 8:17:07 AM,unknown,unknown,application,Microsoft-Windows-Security-SPP,902,0.08883495879509506,Normal,NORMAL
12/16/2016 8:17:07 AM,unknown,unknown,application,Microsoft-Windows-Security-SPP,1037,0.0857227193388761,Normal,NORMAL
12/16/2016 8:17:07 AM,unknown,unknown,application,Microsoft-Windows-Security-SPP,1003,0.06490344714658475,Normal,NORMAL
12/16/2016 8:17:07 AM,unknown,unknown,application,Microsoft-Windows-Security-SPP,1066,0.04410265720746681,Normal,NORMAL
12/16/2016 8:17:07 AM,unknown,unknown,application,Microsoft-Windows-Security-SPP,900,0.08657914830998242,Normal,NORMAL
12/16/2016 7:47:37 AM,unknown,unknown,application,Microsoft-Windows-Security-SPP,903,0.06389426177932189,Normal,NORMAL
12/16/2016 7:47:37 AM,unknown,unknown,application,Microsoft-Windows-Security-SPP,16384,-0.06040360985535698,Anomalie,HIGH
12/16/2016 7:47:07 AM,unknown,unknown,application,Microsoft-Windows-Security-SPP,902,0.0663975750534973,Normal,NORMAL
12/16/2016 7:47:07 AM,unknown,unknown,application,Microsoft-Windows-Security-SPP,1037,0.06392954115863064,Normal,NORMAL
12/16/2016 7:47:07 AM,unknown,unknown,application,Microsoft-Windows-Security-SPP,1003,0.04435757168502902,Normal,NORMAL
12/16/2016 7:47:07 AM,unknown,unknown,application,Microsoft-Windows-Security-SPP,1066,0.01057943110825288,Normal,NORMAL
12/16/2016 7:47:07 AM,unknown,unknown,application,Microsoft-Windows-Security-SPP,900,0.06501735333709385,Normal,NORMAL
12/16/2016 7:17:37 AM,unknown,unknown,application,Microsoft-Windows-Security-SPP,903,0.07927218087467253,Normal,NORMAL
12/16/2016 7:17:37 AM,unknown,unknown,application,Microsoft-Windows-Security-SPP,16384,-0.05040147700855924,Anomalie,HIGH
12/16/2016 7:17:07 AM,unknown,unknown,application,Microsoft-Windows-Security-SPP,902,0.0829795525487021,Normal,NORMAL
12/16/2016 7:17:07 AM,unknown,unknown,application,Microsoft-Windows-Security-SPP,1037,0.08023507817968684,Normal,NORMAL
12/16/2016 7:17:07 AM,unknown,unknown,application,Microsoft-Windows-Security-SPP,1003,0.05809752471561502,Normal,NORMAL
12/16/2016 7:17:07 AM,unknown,unknown,application,Microsoft-Windows-Security-SPP,1066,0.03745190130421072,Normal,NORMAL
12/16/2016 7:17:07 AM,unknown,unknown,application,Microsoft-Windows-Security-SPP,900,0.08016508696262653,Normal,NORMAL
12/16/2016 7:08:49 AM,unknown,unknown,application,Desktop Window Manager,9009,-0.09505199382655749,Anomalie,HIGH
12/16/2016 6:47:37 AM,unknown,unknown,application,Microsoft-Windows-Security-SPP,903,0.06006981760827984,Normal,NORMAL
12/16/2016 6:47:37 AM,unknown,unknown,application,Microsoft-Windows-Security-SPP,16384,-0.06659173921616013,Anomalie,HIGH
12/16/2016 6:47:06 AM,unknown,unknown,application,Microsoft-Windows-Security-SPP,902,0.06259461638086139,Normal,NORMAL
12/16/2016 6:47:06 AM,unknown,unknown,application,Microsoft-Windows-Security-SPP,1037,0.05934487197202476,Normal,NORMAL
12/16/2016 6:47:06 AM,unknown,unknown,application,Microsoft-Windows-Security-SPP,1003,0.039140273665832837,Normal,NORMAL
12/16/2016 6:47:06 AM,unknown,unknown,application,Microsoft-Windows-Security-SPP,1066,0.005445803294450657,Normal,NORMAL
12/16/2016 6:47:06 AM,unknown,unknown,application,Microsoft-Windows-Security-SPP,900,0.061202548463747064,Normal,NORMAL
12/16/2016 6:17:37 AM,unknown,unknown,application,Microsoft-Windows-Security-SPP,903,0.07551470077704064,Normal,NORMAL
12/16/2016 6:17:37 AM,unknown,unknown,application,Microsoft-Windows-Security-SPP,16384,-0.05564884409930182,Anomalie,HIGH
12/16/2016 6:17:06 AM,unknown,unknown,application,Microsoft-Windows-Security-SPP,902,0.07925445249697433,Normal,NORMAL
12/16/2016 6:17:06 AM,unknown,unknown,application,Microsoft-Windows-Security-SPP,1037,0.07648600799119776,Normal,NORMAL
12/16/2016 6:17:06 AM,unknown,unknown,application,Microsoft-Windows-Security-SPP,1003,0.05557019579885564,Normal,NORMAL
12/16/2016 6:17:06 AM,unknown,unknown,application,Microsoft-Windows-Security-SPP,1066,0.03382551426161934,Normal,NORMAL
12/16/2016 6:17:06 AM,unknown,unknown,application,Microsoft-Windows-Security-SPP,900,0.0764154054734586,Normal,NORMAL
12/16/2016 5:47:36 AM,unknown,unknown,application,Microsoft-Windows-Security-SPP,903,0.05829865771042214,Normal,NORMAL
12/16/2016 5:47:36 AM,unknown,unknown,application,Microsoft-Windows-Security-SPP,16384,-0.07185671213149492,Anomalie,HIGH
12/16/2016 5:47:06 AM,unknown,unknown,application,Microsoft-Windows-Security-SPP,902,0.06083340675328097,Normal,NORMAL
12/16/2016 5:47:06 AM,unknown,unknown,application,Microsoft-Windows-Security-SPP,1037,0.05791306308970329,Normal,NORMAL
12/16/2016 5:47:06 AM,unknown,unknown,application,Microsoft-Windows-Security-SPP,1003,0.03701446101795891,Normal,NORMAL
12/16/2016 5:47:06 AM,unknown,unknown,application,Microsoft-Windows-Security-SPP,1066,0.004722817607303309,Normal,NORMAL
12/16/2016 5:47:06 AM,unknown,unknown,application,Microsoft-Windows-Security-SPP,900,0.05917645005037664,Normal,NORMAL
12/16/2016 5:17:36 AM,unknown,unknown,application,Microsoft-Windows-Security-SPP,903,0.07544205699716855,Normal,NORMAL
12/16/2016 5:17:36 AM,unknown,unknown,application,Microsoft-Windows-Security-SPP,16384,-0.05756389737880241,Anomalie,HIGH
12/16/2016 5:17:06 AM,unknown,unknown,application,Microsoft-Windows-Security-SPP,902,0.0791824347241244,Normal,NORMAL
12/16/2016 5:17:06 AM,unknown,unknown,application,Microsoft-Windows-Security-SPP,1037,0.07604172765763761,Normal,NORMAL
12/16/2016 5:17:06 AM,unknown,unknown,application,Microsoft-Windows-Security-SPP,1003,0.05453484534776254,Normal,NORMAL
12/16/2016 5:17:06 AM,unknown,unknown,application,Microsoft-Windows-Security-SPP,1066,0.03137024309518832,Normal,NORMAL
12/16/2016 5:17:06 AM,unknown,unknown,application,Microsoft-Windows-Security-SPP,900,0.07609325481184653,Normal,NORMAL
12/16/2016 4:47:36 AM,unknown,unknown,application,Microsoft-Windows-Security-SPP,903,0.05529763020757933,Normal,NORMAL
12/16/2016 4:47:36 AM,unknown,unknown,application,Microsoft-Windows-Security-SPP,16384,-0.07397822786009778,Anomalie,HIGH
12/16/2016 4:47:06 AM,unknown,unknown,application,Microsoft-Windows-Security-SPP,902,0.057849238843295625,Normal,NORMAL
12/16/2016 4:47:06 AM,unknown,unknown,application,Microsoft-Windows-Security-SPP,1037,0.053667155053631455,Normal,NORMAL
12/16/2016 4:47:06 AM,unknown,unknown,application,Microsoft-Windows-Security-SPP,1003,0.03403137874641804,Normal,NORMAL
12/16/2016 4:47:06 AM,unknown,unknown,application,Microsoft-Windows-Security-SPP,1066,0.0022912570835139645,Normal,NORMAL
12/16/2016 4:47:06 AM,unknown,unknown,application,Microsoft-Windows-Security-SPP,900,0.0561176492898387,Normal,NORMAL
12/16/2016 4:17:36 AM,unknown,unknown,application,Microsoft-Windows-Security-SPP,903,0.06873797692767597,Normal,NORMAL
12/16/2016 4:17:36 AM,unknown,unknown,application,Microsoft-Windows-Security-SPP,16384,-0.06235130840519265,Anomalie,HIGH
12/16/2016 4:17:06 AM,unknown,unknown,application,Microsoft-Windows-Security-SPP,902,0.07253612699533735,Normal,NORMAL
12/16/2016 4:17:06 AM,unknown,unknown,application,Microsoft-Windows-Security-SPP,1037,0.06814405016588082,Normal,NORMAL
12/16/2016 4:17:06 AM,unknown,unknown,application,Microsoft-Windows-Security-SPP,1003,0.047030027093641624,Normal,NORMAL
12/16/2016 4:17:06 AM,unknown,unknown,application,Microsoft-Windows-Security-SPP,1066,0.024870053712686635,Normal,NORMAL
12/16/2016 4:17:06 AM,unknown,unknown,application,Microsoft-Windows-Security-SPP,900,0.06933747594439499,Normal,NORMAL
12/16/2016 3:47:36 AM,unknown,unknown,application,Microsoft-Windows-Security-SPP,903,0.05191040152346493,Normal,NORMAL
12/16/2016 3:47:36 AM,unknown,unknown,application,Microsoft-Windows-Security-SPP,16384,-0.07437312601834545,Anomalie,HIGH
12/16/2016 3:47:06 AM,unknown,unknown,application,Microsoft-Windows-Security-SPP,902,0.054481039407155374,Normal,NORMAL
12/16/2016 3:47:06 AM,unknown,unknown,application,Microsoft-Windows-Security-SPP,1037,0.0502677667006769,Normal,NORMAL
12/16/2016 3:47:06 AM,unknown,unknown,application,Microsoft-Windows-Security-SPP,1003,0.029417584803925645,Normal,NORMAL
12/16/2016 3:47:06 AM,unknown,unknown,application,Microsoft-Windows-Security-SPP,1066,-0.002977150132041695,Anomalie,HIGH
12/16/2016 3:47:05 AM,unknown,unknown,application,Microsoft-Windows-Security-SPP,900,0.052736536099394216,Normal,NORMAL
12/16/2016 3:17:36 AM,unknown,unknown,application,Microsoft-Windows-Security-SPP,903,0.06704119181251206,Normal,NORMAL
12/16/2016 3:17:36 AM,unknown,unknown,application,Microsoft-Windows-Security-SPP,16384,-0.06428907405836892,Anomalie,HIGH
12/16/2016 3:17:05 AM,unknown,unknown,application,Microsoft-Windows-Security-SPP,902,0.0708539639083654,Normal,NORMAL
12/16/2016 3:17:05 AM,unknown,unknown,application,Microsoft-Windows-Security-SPP,1037,0.06674463334512176,Normal,NORMAL
12/16/2016 3:17:05 AM,unknown,unknown,application,Microsoft-Windows-Security-SPP,1003,0.04556366161153491,Normal,NORMAL
12/16/2016 3:17:05 AM,unknown,unknown,application,Microsoft-Windows-Security-SPP,1066,0.0216371960693838,Normal,NORMAL
12/16/2016 3:17:05 AM,unknown,unknown,application,Microsoft-Windows-Security-SPP,900,0.06764299876634966,Normal,NORMAL
12/16/2016 2:47:35 AM,unknown,unknown,application,Microsoft-Windows-Security-SPP,903,0.04539170899582873,Normal,NORMAL
12/16/2016 2:47:35 AM,unknown,unknown,application,Microsoft-Windows-Security-SPP,16384,-0.07856039758805888,Anomalie,HIGH
12/16/2016 2:47:05 AM,unknown,unknown,application,Microsoft-Windows-Security-SPP,902,0.04857676102054842,Normal,NORMAL
12/16/2016 2:47:05 AM,unknown,unknown,application,Microsoft-Windows-Security-SPP,1037,0.04430881576544565,Normal,NORMAL
12/16/2016 2:47:05 AM,unknown,unknown,application,Microsoft-Windows-Security-SPP,1003,0.0205646914686638,Normal,NORMAL
12/16/2016 2:47:05 AM,unknown,unknown,application,Microsoft-Windows-Security-SPP,1066,-0.011805196860193101,Anomalie,HIGH
12/16/2016 2:47:05 AM,unknown,unknown,application,Microsoft-Windows-Security-SPP,900,0.04680962057330851,Normal,NORMAL
12/16/2016 2:17:35 AM,unknown,unknown,application,Microsoft-Windows-Security-SPP,903,0.0643909499645347,Normal,NORMAL
12/16/2016 2:17:35 AM,unknown,unknown,application,Microsoft-Windows-Security-SPP,16384,-0.06643736288690816,Anomalie,HIGH
12/16/2016 2:17:05 AM,unknown,unknown,application,Microsoft-Windows-Security-SPP,902,0.06682247672753788,Normal,NORMAL
12/16/2016 2:17:05 AM,unknown,unknown,application,Microsoft-Windows-Security-SPP,1037,0.06267537720370875,Normal,NORMAL
12/16/2016 2:17:05 AM,unknown,unknown,application,Microsoft-Windows-Security-SPP,1003,0.03968242272932304,Normal,NORMAL
12/16/2016 2:17:05 AM,unknown,unknown,application,Microsoft-Windows-Security-SPP,1066,0.015198297441617159,Normal,NORMAL
12/16/2016 2:17:05 AM,unknown,unknown,application,Microsoft-Windows-Security-SPP,900,0.06383886432023839,Normal,NORMAL
12/16/2016 1:47:35 AM,unknown,unknown,application,Microsoft-Windows-Security-SPP,903,0.04106668995947593,Normal,NORMAL
12/16/2016 1:47:35 AM,unknown,unknown,application,Microsoft-Windows-Security-SPP,16384,-0.08256202175544691,Anomalie,HIGH
12/16/2016 1:47:05 AM,unknown,unknown,application,Microsoft-Windows-Security-SPP,902,0.0445960695393659,Normal,NORMAL
12/16/2016 1:47:05 AM,unknown,unknown,application,Microsoft-Windows-Security-SPP,1037,0.04029126380203096,Normal,NORMAL
12/16/2016 1:47:05 AM,unknown,unknown,application,Microsoft-Windows-Security-SPP,1003,0.016978773069164732,Normal,NORMAL
12/16/2016 1:47:05 AM,unknown,unknown,application,Microsoft-Windows-Security-SPP,1066,-0.013492752362837868,Anomalie,HIGH
12/16/2016 1:47:05 AM,unknown,unknown,application,Microsoft-Windows-Security-SPP,900,0.042813667029197755,Normal,NORMAL
12/16/2016 1:17:35 AM,unknown,unknown,application,Microsoft-Windows-Security-SPP,903,0.05593183316420475,Normal,NORMAL
12/16/2016 1:17:35 AM,unknown,unknown,application,Microsoft-Windows-Security-SPP,16384,-0.07302955115518328,Anomalie,HIGH
12/16/2016 1:17:05 AM,unknown,unknown,application,Microsoft-Windows-Security-SPP,902,0.05784410525442957,Normal,NORMAL
12/16/2016 1:17:05 AM,unknown,unknown,application,Microsoft-Windows-Security-SPP,1037,0.05361289191773694,Normal,NORMAL
12/16/2016 1:17:05 AM,unknown,unknown,application,Microsoft-Windows-Security-SPP,1003,0.031048215853793193,Normal,NORMAL
12/16/2016 1:17:05 AM,unknown,unknown,application,Microsoft-Windows-Security-SPP,1066,0.009367389894696987,Normal,NORMAL
12/16/2016 1:17:05 AM,unknown,unknown,application,Microsoft-Windows-Security-SPP,900,0.05479997753655147,Normal,NORMAL
12/16/2016 12:47:35 AM,unknown,unknown,application,Microsoft-Windows-Security-SPP,903,0.033990046622121795,Normal,NORMAL
12/16/2016 12:47:35 AM,unknown,unknown,application,Microsoft-Windows-Security-SPP,16384,-0.0850537597211436,Anomalie,HIGH
12/16/2016 12:47:05 AM,unknown,unknown,application,Microsoft-Windows-Security-SPP,902,0.03725334742308822,Normal,NORMAL
12/16/2016 12:47:05 AM,unknown,unknown,application,Microsoft-Windows-Security-SPP,1037,0.03288054940868729,Normal,NORMAL
12/16/2016 12:47:05 AM,unknown,unknown,application,Microsoft-Windows-Security-SPP,1003,0.009344171442933202,Normal,NORMAL
12/16/2016 12:47:05 AM,unknown,unknown,application,Microsoft-Windows-Security-SPP,1066,-0.021380728462784826,Anomalie,HIGH
12/16/2016 12:47:05 AM,unknown,unknown,application,Microsoft-Windows-Security-SPP,900,0.035442792747013174,Normal,NORMAL
12/16/2016 12:17:35 AM,unknown,unknown,application,Microsoft-Windows-Security-SPP,903,0.044148235142784265,Normal,NORMAL
12/16/2016 12:17:35 AM,unknown,unknown,application,Microsoft-Windows-Security-SPP,16384,-0.08110753511302848,Anomalie,HIGH
12/16/2016 12:17:05 AM,unknown,unknown,application,Microsoft-Windows-Security-SPP,902,0.04579656856668851,Normal,NORMAL
12/16/2016 12:17:05 AM,unknown,unknown,application,Microsoft-Windows-Security-SPP,1037,0.04145248796342599,Normal,NORMAL
12/16/2016 12:17:05 AM,unknown,unknown,application,Microsoft-Windows-Security-SPP,1003,0.019091640667250276,Normal,NORMAL
12/16/2016 12:17:05 AM,unknown,unknown,application,Microsoft-Windows-Security-SPP,1066,-0.0036134868663033615,Anomalie,HIGH
12/16/2016 12:17:04 AM,unknown,unknown,application,Microsoft-Windows-Security-SPP,900,0.04267123899315667,Normal,NORMAL
12/15/2016 11:47:35 PM,unknown,unknown,application,Microsoft-Windows-Security-SPP,903,0.04558894331632757,Normal,NORMAL
12/15/2016 11:47:35 PM,unknown,unknown,application,Microsoft-Windows-Security-SPP,16384,-0.08398046664169034,Anomalie,HIGH
12/15/2016 11:47:04 PM,unknown,unknown,application,Microsoft-Windows-Security-SPP,902,0.0457242606831173,Normal,NORMAL
12/15/2016 11:47:04 PM,unknown,unknown,application,Microsoft-Windows-Security-SPP,1037,0.03850577970681557,Normal,NORMAL
12/15/2016 11:47:04 PM,unknown,unknown,application,Microsoft-Windows-Security-SPP,1003,0.021270687105747033,Normal,NORMAL
12/15/2016 11:47:04 PM,unknown,unknown,application,Microsoft-Windows-Security-SPP,1066,-0.011001468775331258,Anomalie,HIGH
12/15/2016 11:47:04 PM,unknown,unknown,application,Microsoft-Windows-Security-SPP,900,0.04550561917160728,Normal,NORMAL
12/15/2016 11:17:34 PM,unknown,unknown,application,Microsoft-Windows-Security-SPP,903,0.04286625530548771,Normal,NORMAL
12/15/2016 11:17:34 PM,unknown,unknown,application,Microsoft-Windows-Security-SPP,16384,-0.08795138461113317,Anomalie,HIGH
12/15/2016 11:17:04 PM,unknown,unknown,application,Microsoft-Windows-Security-SPP,902,0.04661984657104312,Normal,NORMAL
12/15/2016 11:17:04 PM,unknown,unknown,application,Microsoft-Windows-Security-SPP,1037,0.04040393769689915,Normal,NORMAL
12/15/2016 11:17:04 PM,unknown,unknown,application,Microsoft-Windows-Security-SPP,1003,0.022024241604588435,Normal,NORMAL
12/15/2016 11:17:04 PM,unknown,unknown,application,Microsoft-Windows-Security-SPP,1066,0.002699002195689637,Normal,NORMAL
12/15/2016 11:17:04 PM,unknown,unknown,application,Microsoft-Windows-Security-SPP,900,0.04566548356030359,Normal,NORMAL
12/15/2016 10:47:34 PM,unknown,unknown,application,Microsoft-Windows-Security-SPP,903,0.04720070033734047,Normal,NORMAL
