12/15/2016 10:26:07 AM,unknown,unknown,application,Microsoft-Windows-Winsrv,10001,-0.03415899116832055,Anomalie,HIGH
12/15/2016 10:26:00 AM,unknown,unknown,application,Desktop Window Manager,9009,-0.08539962565385939,Anomalie,HIGH
12/15/2016 10:26:00 AM,unknown,unknown,application,Desktop Window Manager,9020,-0.22366984464604645,Anomalie,HIGH
12/15/2016 10:25:49 AM,unknown,unknown,application,Windows PowerShell (logit.ps),10,0.11134386221107673,Normal,NORMAL
12/15/2016 10:25:49 AM,unknown,unknown,application,Windows PowerShell (logit.ps),10,-0.05886166989766073,Anomalie,HIGH
12/15/2016 10:25:49 AM,unknown,unknown,application,Windows PowerShell (logit.ps),10,0.10841811602967327,Normal,NORMAL
12/15/2016 10:25:49 AM,unknown,unknown,application,Windows PowerShell (logit.ps),10,0.06863153054216914,Normal,NORMAL
12/15/2016 10:25:49 AM,unknown,unknown,application,Windows PowerShell (logit.ps),10,0.11134386221107673,Normal,NORMAL
12/15/2016 10:25:20 AM,unknown,unknown,application,Windows PowerShell (logit.ps),10,0.11134386221107673,Normal,NORMAL
12/15/2016 10:25:20 AM,unknown,unknown,application,Windows PowerShell (logit.ps),10,-0.05886166989766073,Anomalie,HIGH
12/15/2016 10:25:20 AM,unknown,unknown,application,Windows PowerShell (logit.ps),10,0.10841811602967327,Normal,NORMAL
12/15/2016 10:25:20 AM,unknown,unknown,application,Windows PowerShell (logit.ps),10,0.06863153054216914,Normal,NORMAL
12/15/2016 10:25:20 AM,unknown,unknown,application,Windows PowerShell (logit.ps),10,0.11134386221107673,Normal,NORMAL
12/15/2016 10:24:43 AM,unknown,unknown,application,Windows PowerShell (logit.ps),10,0.10868912560227001,Normal,NORMAL
12/15/2016 10:24:43 AM,unknown,unknown,application,Windows PowerShell (logit.ps),10,-0.0578108764153249,Anomalie,HIGH
12/15/2016 10:24:43 AM,unknown,unknown,application,Windows PowerShell (logit.ps),10,0.10574387114621164,Normal,NORMAL
12/15/2016 10:24:43 AM,unknown,unknown,application,Windows PowerShell (logit.ps),10,0.06871168664357336,Normal,NORMAL
12/15/2016 10:24:43 AM,unknown,unknown,application,Windows PowerShell (logit.ps),10,0.10868912560227001,Normal,NORMAL
12/15/2016 10:24:16 AM,unknown,unknown,application,Windows PowerShell (logit.ps),10,0.10868912560227001,Normal,NORMAL
12/15/2016 10:24:16 AM,unknown,unknown,application,Windows PowerShell (logit.ps),10,-0.0578108764153249,Anomalie,HIGH
12/15/2016 10:24:16 AM,unknown,unknown,application,Windows PowerShell (logit.ps),10,0.10574387114621164,Normal,NORMAL
12/15/2016 10:24:16 AM,unknown,unknown,application,Windows PowerShell (logit.ps),10,0.06949848865762215,Normal,NORMAL
12/15/2016 10:24:16 AM,unknown,unknown,application,Windows PowerShell (logit.ps),10,0.10868912560227001,Normal,NORMAL
12/15/2016 10:23:40 AM,unknown,unknown,application,Windows PowerShell (logit.ps),10,0.10814640979018297,Normal,NORMAL
12/15/2016 10:23:40 AM,unknown,unknown,application,Windows PowerShell (logit.ps),10,-0.06011851303166882,Anomalie,HIGH
12/15/2016 10:23:40 AM,unknown,unknown,application,Windows PowerShell (logit.ps),10,0.10519716719869654,Normal,NORMAL
12/15/2016 10:23:40 AM,unknown,unknown,application,Windows PowerShell (logit.ps),10,0.06890270525155345,Normal,NORMAL
12/15/2016 10:23:40 AM,unknown,unknown,application,Windows PowerShell (logit.ps),10,0.10814640979018297,Normal,NORMAL
12/15/2016 10:23:12 AM,unknown,unknown,application,Windows PowerShell (logit.ps),10,0.10814640979018297,Normal,NORMAL
12/15/2016 10:23:12 AM,unknown,unknown,application,Windows PowerShell (logit.ps),10,-0.06011851303166882,Anomalie,HIGH
12/15/2016 10:23:11 AM,unknown,unknown,application,Windows PowerShell (logit.ps),10,0.10519716719869654,Normal,NORMAL
12/15/2016 10:23:11 AM,unknown,unknown,application,Windows PowerShell (logit.ps),10,0.06890270525155345,Normal,NORMAL
12/15/2016 10:23:11 AM,unknown,unknown,application,Windows PowerShell (logit.ps),10,0.10814640979018297,Normal,NORMAL
12/15/2016 10:22:41 AM,unknown,unknown,application,Windows PowerShell (logit.ps),10,0.10854190602835162,Normal,NORMAL
12/15/2016 10:22:41 AM,unknown,unknown,application,Windows PowerShell (logit.ps),10,-0.06080978034882867,Anomalie,HIGH
12/15/2016 10:22:41 AM,unknown,unknown,application,Windows PowerShell (logit.ps),10,0.10559556973243278,Normal,NORMAL
12/15/2016 10:22:41 AM,unknown,unknown,application,Windows PowerShell (logit.ps),10,0.06840371878954227,Normal,NORMAL
12/15/2016 10:22:41 AM,unknown,unknown,application,Windows PowerShell (logit.ps),10,0.10854190602835162,Normal,NORMAL
12/15/2016 10:22:11 AM,unknown,unknown,application,Windows PowerShell (logit.ps),10,0.10854190602835162,Normal,NORMAL
12/15/2016 10:22:11 AM,unknown,unknown,application,Windows PowerShell (logit.ps),10,-0.06080978034882867,Anomalie,HIGH
12/15/2016 10:22:11 AM,unknown,unknown,application,Windows PowerShell (logit.ps),10,0.10559556973243278,Normal,NORMAL
12/15/2016 10:22:11 AM,unknown,unknown,application,Windows PowerShell (logit.ps),10,0.06840371878954227,Normal,NORMAL
12/15/2016 10:22:11 AM,unknown,unknown,application,Windows PowerShell (logit.ps),10,0.10854190602835162,Normal,NORMAL
12/15/2016 10:21:40 AM,unknown,unknown,application,Windows PowerShell (logit.ps),10,0.10751700799132746,Normal,NORMAL
12/15/2016 10:21:40 AM,unknown,unknown,application,Windows PowerShell (logit.ps),10,-0.061548797888146156,Anomalie,HIGH
12/15/2016 10:21:40 AM,unknown,unknown,application,Windows PowerShell (logit.ps),10,0.1045631402543108,Normal,NORMAL
12/15/2016 10:21:40 AM,unknown,unknown,application,Windows PowerShell (logit.ps),10,0.06834182215797407,Normal,NORMAL
12/15/2016 10:21:40 AM,unknown,unknown,application,Windows PowerShell (logit.ps),10,0.10751700799132746,Normal,NORMAL
12/15/2016 10:21:06 AM,unknown,unknown,application,Windows PowerShell (logit.ps),10,0.10751700799132746,Normal,NORMAL
12/15/2016 10:21:06 AM,unknown,unknown,application,Windows PowerShell (logit.ps),10,-0.061548797888146156,Anomalie,HIGH
12/15/2016 10:21:06 AM,unknown,unknown,application,Windows PowerShell (logit.ps),10,0.1045631402543108,Normal,NORMAL
12/15/2016 10:21:06 AM,unknown,unknown,application,Windows PowerShell (logit.ps),10,0.06834182215797407,Normal,NORMAL
12/15/2016 10:21:06 AM,unknown,unknown,application,Windows PowerShell (logit.ps),10,0.10751700799132746,Normal,NORMAL
12/15/2016 10:20:38 AM,unknown,unknown,application,Windows PowerShell (logit.ps),10,0.10917002132857678,Normal,NORMAL
12/15/2016 10:20:38 AM,unknown,unknown,application,Windows PowerShell (logit.ps),10,-0.05189134693441455,Anomalie,HIGH
12/15/2016 10:20:38 AM,unknown,unknown,application,Windows PowerShell (logit.ps),10,0.10622830072438083,Normal,NORMAL
12/15/2016 10:20:38 AM,unknown,unknown,application,Windows PowerShell (logit.ps),10,0.07059426121795087,Normal,NORMAL
12/15/2016 10:20:38 AM,unknown,unknown,application,Windows PowerShell (logit.ps),10,0.10917002132857678,Normal,NORMAL
12/15/2016 10:20:10 AM,unknown,unknown,application,Windows PowerShell (logit.ps),10,0.10917002132857678,Normal,NORMAL
12/15/2016 10:20:10 AM,unknown,unknown,application,Windows PowerShell (logit.ps),10,-0.05189134693441455,Anomalie,HIGH
12/15/2016 10:20:10 AM,unknown,unknown,application,Windows PowerShell (logit.ps),10,0.10622830072438083,Normal,NORMAL
12/15/2016 10:20:10 AM,unknown,unknown,application,Windows PowerShell (logit.ps),10,0.07059426121795087,Normal,NORMAL
12/15/2016 10:20:10 AM,unknown,unknown,application,Windows PowerShell (logit.ps),10,0.10917002132857678,Normal,NORMAL
12/15/2016 10:19:39 AM,unknown,unknown,application,Windows PowerShell (logit.ps),10,0.10343478193378103,Normal,NORMAL
12/15/2016 10:19:39 AM,unknown,unknown,application,Windows PowerShell (logit.ps),10,-0.053874348543815564,Anomalie,HIGH
12/15/2016 10:19:39 AM,unknown,unknown,application,Windows PowerShell (logit.ps),10,0.10011663585366659,Normal,NORMAL
12/15/2016 10:19:39 AM,unknown,unknown,application,Windows PowerShell (logit.ps),10,0.06432022274976862,Normal,NORMAL
12/15/2016 10:19:38 AM,unknown,unknown,application,Windows PowerShell (logit.ps),10,0.10343478193378103,Normal,NORMAL
12/15/2016 10:18:52 AM,unknown,unknown,application,Windows PowerShell (logit.ps),10,0.10507010967666797,Normal,NORMAL
12/15/2016 10:18:52 AM,unknown,unknown,application,Windows PowerShell (logit.ps),10,-0.04982960432565653,Anomalie,HIGH
12/15/2016 10:18:52 AM,unknown,unknown,application,Windows PowerShell (logit.ps),10,0.10176532704151742,Normal,NORMAL
12/15/2016 10:18:52 AM,unknown,unknown,application,Windows PowerShell (logit.ps),10,0.06366202529294096,Normal,NORMAL
12/15/2016 10:18:52 AM,unknown,unknown,application,Windows PowerShell (logit.ps),10,0.10507010967666797,Normal,NORMAL
12/15/2016 10:18:12 AM,unknown,unknown,application,Windows PowerShell (logit.ps),10,0.10507010967666797,Normal,NORMAL
12/15/2016 10:18:12 AM,unknown,unknown,application,Windows PowerShell (logit.ps),10,-0.04982960432565653,Anomalie,HIGH
12/15/2016 10:18:12 AM,unknown,unknown,application,Windows PowerShell (logit.ps),10,0.10176532704151742,Normal,NORMAL
12/15/2016 10:18:12 AM,unknown,unknown,application,Windows PowerShell (logit.ps),10,0.06366202529294096,Normal,NORMAL
12/15/2016 10:18:12 AM,unknown,unknown,application,Windows PowerShell (logit.ps),10,0.10507010967666797,Normal,NORMAL
12/15/2016 10:17:43 AM,unknown,unknown,application,Windows PowerShell (logit.ps),10,0.1057380991442109,Normal,NORMAL
12/15/2016 10:17:43 AM,unknown,unknown,application,Windows PowerShell (logit.ps),10,-0.04957498921821524,Anomalie,HIGH
12/15/2016 10:17:43 AM,unknown,unknown,application,Windows PowerShell (logit.ps),10,0.10243877513380695,Normal,NORMAL
12/15/2016 10:17:43 AM,unknown,unknown,application,Windows PowerShell (logit.ps),10,0.0638649761305507,Normal,NORMAL
12/15/2016 10:17:39 AM,unknown,unknown,application,Windows PowerShell (logit.ps),10,0.1057380991442109,Normal,NORMAL
12/15/2016 10:17:08 AM,unknown,unknown,application,Windows PowerShell (logit.ps),10,0.1057380991442109,Normal,NORMAL
12/15/2016 10:17:08 AM,unknown,unknown,application,Windows PowerShell (logit.ps),10,-0.04995337089237106,Anomalie,HIGH
12/15/2016 10:17:08 AM,unknown,unknown,application,Windows PowerShell (logit.ps),10,0.10243877513380695,Normal,NORMAL
12/15/2016 10:17:08 AM,unknown,unknown,application,Windows PowerShell (logit.ps),10,0.0657745957803294,Normal,NORMAL
12/15/2016 10:17:08 AM,unknown,unknown,application,Windows PowerShell (logit.ps),10,0.1057380991442109,Normal,NORMAL
12/15/2016 10:16:39 AM,unknown,unknown,application,Windows PowerShell (logit.ps),10,0.10599580980911832,Normal,NORMAL
12/15/2016 10:16:39 AM,unknown,unknown,application,Windows PowerShell (logit.ps),10,-0.04919686346533603,Anomalie,HIGH
12/15/2016 10:16:39 AM,unknown,unknown,application,Windows PowerShell (logit.ps),10,0.10269859173882456,Normal,NORMAL
12/15/2016 10:16:39 AM,unknown,unknown,application,Windows PowerShell (logit.ps),10,0.06607470397833065,Normal,NORMAL
12/15/2016 10:16:39 AM,unknown,unknown,application,Windows PowerShell (logit.ps),10,0.10599580980911832,Normal,NORMAL
12/15/2016 10:16:05 AM,unknown,unknown,application,Windows PowerShell (logit.ps),10,0.10599580980911832,Normal,NORMAL
12/15/2016 10:16:05 AM,unknown,unknown,application,Windows PowerShell (logit.ps),10,-0.04919686346533603,Anomalie,HIGH
12/15/2016 10:16:05 AM,unknown,unknown,application,Windows PowerShell (logit.ps),10,0.10269859173882456,Normal,NORMAL
12/15/2016 10:16:05 AM,unknown,unknown,application,Windows PowerShell (logit.ps),10,0.06607470397833065,Normal,NORMAL
12/15/2016 10:16:05 AM,unknown,unknown,application,Windows PowerShell (logit.ps),10,0.10599580980911832,Normal,NORMAL
12/15/2016 10:15:37 AM,unknown,unknown,application,Windows PowerShell (logit.ps),10,0.10455643213614463,Normal,NORMAL
12/15/2016 10:15:37 AM,unknown,unknown,application,Windows PowerShell (logit.ps),10,-0.04919686346533603,Anomalie,HIGH
12/15/2016 10:15:37 AM,unknown,unknown,application,Windows PowerShell (logit.ps),10,0.10130473154654063,Normal,NORMAL
12/15/2016 10:15:37 AM,unknown,unknown,application,Windows PowerShell (logit.ps),10,0.06607470397833065,Normal,NORMAL
12/15/2016 10:15:37 AM,unknown,unknown,application,Windows PowerShell (logit.ps),10,0.10455643213614463,Normal,NORMAL
12/15/2016 10:15:00 AM,unknown,unknown,application,Windows PowerShell (logit.ps),10,0.10455643213614463,Normal,NORMAL
12/15/2016 10:15:00 AM,unknown,unknown,application,Windows PowerShell (logit.ps),10,-0.04919686346533603,Anomalie,HIGH
12/15/2016 10:15:00 AM,unknown,unknown,application,Windows PowerShell (logit.ps),10,0.10130473154654063,Normal,NORMAL
12/15/2016 10:15:00 AM,unknown,unknown,application,Windows PowerShell (logit.ps),10,0.06607470397833065,Normal,NORMAL
12/15/2016 10:15:00 AM,unknown,unknown,application,Windows PowerShell (logit.ps),10,0.10455643213614463,Normal,NORMAL
12/15/2016 10:14:31 AM,unknown,unknown,application,Windows PowerShell (logit.ps),10,0.10380013044741171,Normal,NORMAL
12/15/2016 10:14:31 AM,unknown,unknown,application,Windows PowerShell (logit.ps),10,-0.050800992656118704,Anomalie,HIGH
12/15/2016 10:14:31 AM,unknown,unknown,application,Windows PowerShell (logit.ps),10,0.10054235655314542,Normal,NORMAL
12/15/2016 10:14:31 AM,unknown,unknown,application,Windows PowerShell (logit.ps),10,0.06408686466797386,Normal,NORMAL
12/15/2016 10:14:31 AM,unknown,unknown,application,Windows PowerShell (logit.ps),10,0.10380013044741171,Normal,NORMAL
12/15/2016 10:13:55 AM,unknown,unknown,application,Windows PowerShell (logit.ps),10,0.10078527568845619,Normal,NORMAL
12/15/2016 10:13:55 AM,unknown,unknown,application,Windows PowerShell (logit.ps),10,-0.0517448072824388,Anomalie,HIGH
12/15/2016 10:13:55 AM,unknown,unknown,application,Windows PowerShell (logit.ps),10,0.09750329170483452,Normal,NORMAL
12/15/2016 10:13:55 AM,unknown,unknown,application,Windows PowerShell (logit.ps),10,0.061349038858141525,Normal,NORMAL
12/15/2016 10:13:55 AM,unknown,unknown,application,Windows PowerShell (logit.ps),10,0.10078527568845619,Normal,NORMAL
12/15/2016 10:13:24 AM,unknown,unknown,application,Windows PowerShell (logit.ps),10,0.10078527568845619,Normal,NORMAL
12/15/2016 10:13:24 AM,unknown,unknown,application,Windows PowerShell (logit.ps),10,-0.0517448072824388,Anomalie,HIGH
12/15/2016 10:13:24 AM,unknown,unknown,application,Windows PowerShell (logit.ps),10,0.09750329170483452,Normal,NORMAL
12/15/2016 10:13:24 AM,unknown,unknown,application,Windows PowerShell (logit.ps),10,0.061349038858141525,Normal,NORMAL
12/15/2016 10:13:24 AM,unknown,unknown,application,Windows PowerShell (logit.ps),10,0.10078527568845619,Normal,NORMAL
12/15/2016 10:12:55 AM,unknown,unknown,application,Windows PowerShell (logit.ps),10,0.10280587815902281,Normal,NORMAL
12/15/2016 10:12:55 AM,unknown,unknown,application,Windows PowerShell (logit.ps),10,-0.05330623500315723,Anomalie,HIGH
12/15/2016 10:12:55 AM,unknown,unknown,application,Windows PowerShell (logit.ps),10,0.09954012015319291,Normal,NORMAL
12/15/2016 10:12:55 AM,unknown,unknown,application,Windows PowerShell (logit.ps),10,0.06278980134653023,Normal,NORMAL
12/15/2016 10:12:55 AM,unknown,unknown,application,Windows PowerShell (logit.ps),10,0.10280587815902281,Normal,NORMAL
12/15/2016 10:12:24 AM,unknown,unknown,application,Windows PowerShell (logit.ps),10,0.10280587815902281,Normal,NORMAL
12/15/2016 10:12:24 AM,unknown,unknown,application,Windows PowerShell (logit.ps),10,-0.05330623500315723,Anomalie,HIGH
12/15/2016 10:12:24 AM,unknown,unknown,application,Windows PowerShell (logit.ps),10,0.09954012015319291,Normal,NORMAL
12/15/2016 10:12:24 AM,unknown,unknown,application,Windows PowerShell (logit.ps),10,0.06278980134653023,Normal,NORMAL
12/15/2016 10:12:24 AM,unknown,unknown,application,Windows PowerShell (logit.ps),10,0.10280587815902281,Normal,NORMAL
12/15/2016 10:11:53 AM,unknown,unknown,application,Windows PowerShell (logit.ps),10,0.10335581574508812,Normal,NORMAL
12/15/2016 10:11:53 AM,unknown,unknown,application,Windows PowerShell (logit.ps),10,-0.05444972970334805,Anomalie,HIGH
12/15/2016 10:11:53 AM,unknown,unknown,application,Windows PowerShell (logit.ps),10,0.10009447388503068,Normal,NORMAL
12/15/2016 10:11:53 AM,unknown,unknown,application,Windows PowerShell (logit.ps),10,0.061107851575879835,Normal,NORMAL
12/15/2016 10:11:53 AM,unknown,unknown,application,Windows PowerShell (logit.ps),10,0.10335581574508812,Normal,NORMAL
12/15/2016 10:11:25 AM,unknown,unknown,application,Windows PowerShell (logit.ps),10,0.10335581574508812,Normal,NORMAL
12/15/2016 10:11:25 AM,unknown,unknown,application,Windows PowerShell (logit.ps),10,-0.05444972970334805,Anomalie,HIGH
12/15/2016 10:11:25 AM,unknown,unknown,application,Windows PowerShell (logit.ps),10,0.10009447388503068,Normal,NORMAL
12/15/2016 10:11:25 AM,unknown,unknown,application,Windows PowerShell (logit.ps),10,0.061107851575879835,Normal,NORMAL
12/15/2016 10:11:25 AM,unknown,unknown,application,Windows PowerShell (logit.ps),10,0.10335581574508812,Normal,NORMAL
12/15/2016 10:10:51 AM,unknown,unknown,application,Windows PowerShell (logit.ps),10,0.10557116853432946,Normal,NORMAL
12/15/2016 10:10:51 AM,unknown,unknown,application,Windows PowerShell (logit.ps),10,-0.0511194179993818,Anomalie,HIGH
12/15/2016 10:10:51 AM,unknown,unknown,application,Windows PowerShell (logit.ps),10,0.10176975873575006,Normal,NORMAL
12/15/2016 10:10:51 AM,unknown,unknown,application,Windows PowerShell (logit.ps),10,0.062075112469898,Normal,NORMAL
12/15/2016 10:10:51 AM,unknown,unknown,application,Windows PowerShell (logit.ps),10,0.10557116853432946,Normal,NORMAL
12/15/2016 10:10:14 AM,unknown,unknown,application,Windows PowerShell (logit.ps),10,0.10557116853432946,Normal,NORMAL
12/15/2016 10:10:14 AM,unknown,unknown,application,Windows PowerShell (logit.ps),10,-0.0511194179993818,Anomalie,HIGH
12/15/2016 10:10:14 AM,unknown,unknown,application,Windows PowerShell (logit.ps),10,0.10176975873575006,Normal,NORMAL
12/15/2016 10:10:14 AM,unknown,unknown,application,Windows PowerShell (logit.ps),10,0.06530075951143505,Normal,NORMAL
12/15/2016 10:10:14 AM,unknown,unknown,application,Windows PowerShell (logit.ps),10,0.10557116853432946,Normal,NORMAL
12/15/2016 10:09:44 AM,unknown,unknown,application,Windows PowerShell (logit.ps),10,0.10109077602176841,Normal,NORMAL
12/15/2016 10:09:44 AM,unknown,unknown,application,Windows PowerShell (logit.ps),10,-0.03338925547264904,Anomalie,HIGH
12/15/2016 10:09:44 AM,unknown,unknown,application,Windows PowerShell (logit.ps),10,0.0967176938103263,Normal,NORMAL
12/15/2016 10:09:44 AM,unknown,unknown,application,Windows PowerShell (logit.ps),10,0.05455203910182044,Normal,NORMAL
12/15/2016 10:09:43 AM,unknown,unknown,application,Windows PowerShell (logit.ps),10,0.10109077602176841,Normal,NORMAL
12/15/2016 10:09:11 AM,unknown,unknown,application,Windows PowerShell (logit.ps),10,0.10109077602176841,Normal,NORMAL
12/15/2016 10:09:11 AM,unknown,unknown,application,Windows PowerShell (logit.ps),10,-0.051714052246337405,Anomalie,HIGH
12/15/2016 10:09:11 AM,unknown,unknown,application,Windows PowerShell (logit.ps),10,0.0967176938103263,Normal,NORMAL
12/15/2016 10:09:11 AM,unknown,unknown,application,Windows PowerShell (logit.ps),10,0.05789938409908457,Normal,NORMAL
12/15/2016 10:09:11 AM,unknown,unknown,application,Windows PowerShell (logit.ps),10,0.10109077602176841,Normal,NORMAL
12/15/2016 10:08:56 AM,unknown,unknown,application,Desktop Window Manager,9009,-0.08840169227250327,Anomalie,HIGH
12/15/2016 10:08:56 AM,unknown,unknown,application,Desktop Window Manager,9020,-0.221445741525084,Anomalie,HIGH
12/15/2016 10:08:35 AM,unknown,unknown,application,Windows PowerShell (logit.ps),10,0.0974945470158125,Normal,NORMAL
12/15/2016 10:08:35 AM,unknown,unknown,application,Windows PowerShell (logit.ps),10,-0.05556649576420669,Anomalie,HIGH
12/15/2016 10:08:35 AM,unknown,unknown,application,Windows PowerShell (logit.ps),10,0.09314138182755288,Normal,NORMAL
12/15/2016 10:08:35 AM,unknown,unknown,application,Windows PowerShell (logit.ps),10,0.053614490347567045,Normal,NORMAL
12/15/2016 10:08:35 AM,unknown,unknown,application,Windows PowerShell (logit.ps),10,0.0974945470158125,Normal,NORMAL
12/15/2016 10:08:00 AM,unknown,unknown,application,Windows PowerShell (logit.ps),10,0.0974945470158125,Normal,NORMAL
12/15/2016 10:08:00 AM,unknown,unknown,application,Windows PowerShell (logit.ps),10,-0.05556649576420669,Anomalie,HIGH
12/15/2016 10:08:00 AM,unknown,unknown,application,Windows PowerShell (logit.ps),10,0.09314138182755288,Normal,NORMAL
12/15/2016 10:08:00 AM,unknown,unknown,application,Windows PowerShell (logit.ps),10,0.05423094735697587,Normal,NORMAL
12/15/2016 10:08:00 AM,unknown,unknown,application,Windows PowerShell (logit.ps),10,0.0974945470158125,Normal,NORMAL
12/15/2016 10:07:25 AM,unknown,unknown,application,Windows PowerShell (logit.ps),10,0.09110906359006449,Normal,NORMAL
12/15/2016 10:07:25 AM,unknown,unknown,application,Windows PowerShell (logit.ps),10,-0.05780197623906602,Anomalie,HIGH
12/15/2016 10:07:25 AM,unknown,unknown,application,Windows PowerShell (logit.ps),10,0.0863429011287497,Normal,NORMAL
12/15/2016 10:07:25 AM,unknown,unknown,application,Windows PowerShell (logit.ps),10,0.04922286097217521,Normal,NORMAL
12/15/2016 10:07:25 AM,unknown,unknown,application,Windows PowerShell (logit.ps),10,0.09110906359006449,Normal,NORMAL
12/15/2016 10:06:52 AM,unknown,unknown,application,Windows PowerShell (logit.ps),10,0.09034865062565,Normal,NORMAL
12/15/2016 10:06:52 AM,unknown,unknown,application,Windows PowerShell (logit.ps),10,-0.057505840610226344,Anomalie,HIGH
12/15/2016 10:06:52 AM,unknown,unknown,application,Windows PowerShell (logit.ps),10,0.08575097671928905,Normal,NORMAL
12/15/2016 10:06:52 AM,unknown,unknown,application,Windows PowerShell (logit.ps),10,0.04773418738046836,Normal,NORMAL
12/15/2016 10:06:52 AM,unknown,unknown,application,Windows PowerShell (logit.ps),10,0.09034865062565,Normal,NORMAL
12/15/2016 10:06:20 AM,unknown,unknown,application,Windows PowerShell (logit.ps),10,0.09034865062565,Normal,NORMAL
12/15/2016 10:06:20 AM,unknown,unknown,application,Windows PowerShell (logit.ps),10,-0.057505840610226344,Anomalie,HIGH
12/15/2016 10:06:20 AM,unknown,unknown,application,Windows PowerShell (logit.ps),10,0.08575097671928905,Normal,NORMAL
12/15/2016 10:06:20 AM,unknown,unknown,application,Windows PowerShell (logit.ps),10,0.04773418738046836,Normal,NORMAL
12/15/2016 10:06:20 AM,unknown,unknown,application,Windows PowerShell (logit.ps),10,0.09034865062565,Normal,NORMAL
12/15/2016 10:05:47 AM,unknown,unknown,application,Windows PowerShell (logit.ps),10,0.08812275688324955,Normal,NORMAL
12/15/2016 10:05:47 AM,unknown,unknown,application,Windows PowerShell (logit.ps),10,-0.05968218829595073,Anomalie,HIGH
12/15/2016 10:05:47 AM,unknown,unknown,application,Windows PowerShell (logit.ps),10,0.08378878541347828,Normal,NORMAL
12/15/2016 10:05:47 AM,unknown,unknown,application,Windows PowerShell (logit.ps),10,0.0469016836810206,Normal,NORMAL
12/15/2016 10:05:47 AM,unknown,unknown,application,Windows PowerShell (logit.ps),10,0.08812275688324955,Normal,NORMAL
12/15/2016 10:05:18 AM,unknown,unknown,application,Windows PowerShell (logit.ps),10,0.08812275688324955,Normal,NORMAL
12/15/2016 10:05:18 AM,unknown,unknown,application,Windows PowerShell (logit.ps),10,-0.05968218829595073,Anomalie,HIGH
12/15/2016 10:05:18 AM,unknown,unknown,application,Windows PowerShell (logit.ps),10,0.08378878541347828,Normal,NORMAL
12/15/2016 10:05:18 AM,unknown,unknown,application,Windows PowerShell (logit.ps),10,0.0469016836810206,Normal,NORMAL
12/15/2016 10:05:18 AM,unknown,unknown,application,Windows PowerShell (logit.ps),10,0.08812275688324955,Normal,NORMAL
12/15/2016 10:04:49 AM,unknown,unknown,application,Windows PowerShell (logit.ps),10,0.08404645796548793,Normal,NORMAL
12/15/2016 10:04:49 AM,unknown,unknown,application,Windows PowerShell (logit.ps),10,-0.061747041213119136,Anomalie,HIGH
12/15/2016 10:04:48 AM,unknown,unknown,application,Windows PowerShell (logit.ps),10,0.07967055943639761,Normal,NORMAL
12/15/2016 10:04:48 AM,unknown,unknown,application,Windows PowerShell (logit.ps),10,0.040676673615353764,Normal,NORMAL
12/15/2016 10:04:48 AM,unknown,unknown,application,Windows PowerShell (logit.ps),10,0.08404645796548793,Normal,NORMAL
12/15/2016 10:04:17 AM,unknown,unknown,application,Windows PowerShell (logit.ps),10,0.08404645796548793,Normal,NORMAL
12/15/2016 10:04:17 AM,unknown,unknown,application,Windows PowerShell (logit.ps),10,-0.061747041213119136,Anomalie,HIGH
12/15/2016 10:04:17 AM,unknown,unknown,application,Windows PowerShell (logit.ps),10,0.07967055943639761,Normal,NORMAL
12/15/2016 10:04:17 AM,unknown,unknown,application,Windows PowerShell (logit.ps),10,0.040676673615353764,Normal,NORMAL
12/15/2016 10:04:16 AM,unknown,unknown,application,Windows PowerShell (logit.ps),10,0.08404645796548793,Normal,NORMAL
12/15/2016 10:03:49 AM,unknown,unknown,application,Windows PowerShell (logit.ps),10,0.0747725399469949,Normal,NORMAL
12/15/2016 10:03:49 AM,unknown,unknown,application,Windows PowerShell (logit.ps),10,-0.06379653497034277,Anomalie,HIGH
12/15/2016 10:03:49 AM,unknown,unknown,application,Windows PowerShell (logit.ps),10,0.06975069497492614,Normal,NORMAL
12/15/2016 10:03:49 AM,unknown,unknown,application,Windows PowerShell (logit.ps),10,0.03438565989871056,Normal,NORMAL
12/15/2016 10:03:49 AM,unknown,unknown,application,Windows PowerShell (logit.ps),10,0.0747725399469949,Normal,NORMAL
12/15/2016 10:03:17 AM,unknown,unknown,application,Windows PowerShell (logit.ps),10,0.0747725399469949,Normal,NORMAL
12/15/2016 10:03:17 AM,unknown,unknown,application,Windows PowerShell (logit.ps),10,-0.06379653497034277,Anomalie,HIGH
12/15/2016 10:03:17 AM,unknown,unknown,application,Windows PowerShell (logit.ps),10,0.06975069497492614,Normal,NORMAL
12/15/2016 10:03:17 AM,unknown,unknown,application,Windows PowerShell (logit.ps),10,0.03028750863059898,Normal,NORMAL
12/15/2016 10:03:17 AM,unknown,unknown,application,Windows PowerShell (logit.ps),10,0.0747725399469949,Normal,NORMAL
12/15/2016 10:02:46 AM,unknown,unknown,application,Windows PowerShell (logit.ps),10,0.07057658001996125,Normal,NORMAL
12/15/2016 10:02:46 AM,unknown,unknown,application,Windows PowerShell (logit.ps),10,-0.06560076553665772,Anomalie,HIGH
12/15/2016 10:02:46 AM,unknown,unknown,application,Windows PowerShell (logit.ps),10,0.06525035935778295,Normal,NORMAL
12/15/2016 10:02:46 AM,unknown,unknown,application,Windows PowerShell (logit.ps),10,0.031640672923961,Normal,NORMAL
12/15/2016 10:02:46 AM,unknown,unknown,application,Windows PowerShell (logit.ps),10,0.07057658001996125,Normal,NORMAL
12/15/2016 10:02:12 AM,unknown,unknown,application,Windows PowerShell (logit.ps),10,0.07057658001996125,Normal,NORMAL
12/15/2016 10:02:12 AM,unknown,unknown,application,Windows PowerShell (logit.ps),10,-0.06560076553665772,Anomalie,HIGH
12/15/2016 10:02:12 AM,unknown,unknown,application,Windows PowerShell (logit.ps),10,0.06525035935778295,Normal,NORMAL
12/15/2016 10:02:12 AM,unknown,unknown,application,Windows PowerShell (logit.ps),10,0.03343315931437901,Normal,NORMAL
12/15/2016 10:02:12 AM,unknown,unknown,application,Windows PowerShell (logit.ps),10,0.07057658001996125,Normal,NORMAL
12/15/2016 10:01:39 AM,unknown,unknown,application,Windows PowerShell (logit.ps),10,0.05416706559776907,Normal,NORMAL
12/15/2016 10:01:39 AM,unknown,unknown,application,Windows PowerShell (logit.ps),10,-0.07785174850189569,Anomalie,HIGH
12/15/2016 10:01:39 AM,unknown,unknown,application,Windows PowerShell (logit.ps),10,0.04899068339833362,Normal,NORMAL
12/15/2016 10:01:39 AM,unknown,unknown,application,Windows PowerShell (logit.ps),10,0.017455481057232047,Normal,NORMAL
12/15/2016 10:01:39 AM,unknown,unknown,application,Windows PowerShell (logit.ps),10,0.05416706559776907,Normal,NORMAL
12/15/2016 10:01:07 AM,unknown,unknown,application,Windows PowerShell (logit.ps),10,0.05416706559776907,Normal,NORMAL
12/15/2016 10:01:07 AM,unknown,unknown,application,Windows PowerShell (logit.ps),10,-0.07785174850189569,Anomalie,HIGH
12/15/2016 10:01:07 AM,unknown,unknown,application,Windows PowerShell (logit.ps),10,0.04899068339833362,Normal,NORMAL
12/15/2016 10:01:07 AM,unknown,unknown,application,Windows PowerShell (logit.ps),10,0.017455481057232047,Normal,NORMAL
12/15/2016 10:01:07 AM,unknown,unknown,application,Windows PowerShell (logit.ps),10,0.05416706559776907,Normal,NORMAL
12/15/2016 10:00:39 AM,unknown,unknown,application,Windows PowerShell (logit.ps),10,0.0473034897266158,Normal,NORMAL
12/15/2016 10:00:39 AM,unknown,unknown,application,Windows PowerShell (logit.ps),10,-0.08825507588588921,Anomalie,HIGH
12/15/2016 10:00:39 AM,unknown,unknown,application,Windows PowerShell (logit.ps),10,0.04238684232944451,Normal,NORMAL
12/15/2016 10:00:39 AM,unknown,unknown,application,Windows PowerShell (logit.ps),10,0.009078981348845216,Normal,NORMAL
12/15/2016 10:00:39 AM,unknown,unknown,application,Windows PowerShell (logit.ps),10,0.0473034897266158,Normal,NORMAL
12/15/2016 10:00:11 AM,unknown,unknown,application,Windows PowerShell (logit.ps),10,0.0473034897266158,Normal,NORMAL
12/15/2016 10:00:11 AM,unknown,unknown,application,Windows PowerShell (logit.ps),10,-0.08825507588588921,Anomalie,HIGH
12/15/2016 10:00:11 AM,unknown,unknown,application,Windows PowerShell (logit.ps),10,0.04238684232944451,Normal,NORMAL
12/15/2016 10:00:11 AM,unknown,unknown,application,Windows PowerShell (logit.ps),10,0.009078981348845216,Normal,NORMAL
12/15/2016 10:00:11 AM,unknown,unknown,application,Windows PowerShell (logit.ps),10,0.0473034897266158,Normal,NORMAL
12/15/2016 9:59:39 AM,unknown,unknown,application,Windows PowerShell (logit.ps),10,0.04571823012191356,Normal,NORMAL
12/15/2016 9:59:39 AM,unknown,unknown,application,Windows PowerShell (logit.ps),10,-0.0943456440720235,Anomalie,HIGH
12/15/2016 9:59:39 AM,unknown,unknown,application,Windows PowerShell (logit.ps),10,0.036908716833557065,Normal,NORMAL
12/15/2016 9:59:39 AM,unknown,unknown,application,Windows PowerShell (logit.ps),10,-0.015095799907762553,Anomalie,HIGH
12/15/2016 9:59:39 AM,unknown,unknown,application,Windows PowerShell (logit.ps),10,0.04571823012191356,Normal,NORMAL
12/15/2016 9:59:09 AM,unknown,unknown,application,Windows PowerShell (logit.ps),10,0.04571823012191356,Normal,NORMAL
12/15/2016 9:59:09 AM,unknown,unknown,application,Windows PowerShell (logit.ps),10,-0.0943456440720235,Anomalie,HIGH
12/15/2016 9:59:09 AM,unknown,unknown,application,Windows PowerShell (logit.ps),10,0.036908716833557065,Normal,NORMAL
12/15/2016 9:59:09 AM,unknown,unknown,application,Windows PowerShell (logit.ps),10,-0.015095799907762553,Anomalie,HIGH
12/15/2016 9:59:09 AM,unknown,unknown,application,Windows PowerShell (logit.ps),10,0.04571823012191356,Normal,NORMAL
12/15/2016 9:58:34 AM,unknown,unknown,application,Windows PowerShell (logit.ps),10,0.04999793948771214,Normal,NORMAL
12/15/2016 9:58:34 AM,unknown,unknown,application,Windows PowerShell (logit.ps),10,-0.09114639536269253,Anomalie,HIGH
12/15/2016 9:58:33 AM,unknown,unknown,application,Windows PowerShell (logit.ps),10,0.04126972136142959,Normal,NORMAL
12/15/2016 9:58:33 AM,unknown,unknown,application,Windows PowerShell (logit.ps),10,-0.009552067091957994,Anomalie,HIGH
12/15/2016 9:58:33 AM,unknown,unknown,application,Windows PowerShell (logit.ps),10,0.04999793948771214,Normal,NORMAL
12/15/2016 9:58:23 AM,unknown,unknown,application,Microsoft-Windows-Security-SPP,903,0.025881220728431076,Normal,NORMAL
12/15/2016 9:58:23 AM,unknown,unknown,application,Microsoft-Windows-Security-SPP,16384,-0.09002798249319632,Anomalie,HIGH
12/15/2016 9:57:56 AM,unknown,unknown,application,Windows PowerShell (logit.ps),10,0.05585549068751822,Normal,NORMAL
12/15/2016 9:57:56 AM,unknown,unknown,application,Windows PowerShell (logit.ps),10,-0.08741131391149681,Anomalie,HIGH
12/15/2016 9:57:56 AM,unknown,unknown,application,Windows PowerShell (logit.ps),10,0.046925682795455836,Normal,NORMAL
12/15/2016 9:57:56 AM,unknown,unknown,application,Windows PowerShell (logit.ps),10,-0.0031210774811180064,Anomalie,HIGH
12/15/2016 9:57:56 AM,unknown,unknown,application,Windows PowerShell (logit.ps),10,0.05585549068751822,Normal,NORMAL
12/15/2016 9:57:22 AM,unknown,unknown,application,Windows PowerShell (logit.ps),10,0.05585549068751822,Normal,NORMAL
12/15/2016 9:57:22 AM,unknown,unknown,application,Windows PowerShell (logit.ps),10,-0.08741131391149681,Anomalie,HIGH
12/15/2016 9:57:22 AM,unknown,unknown,application,Windows PowerShell (logit.ps),10,0.046925682795455836,Normal,NORMAL
12/15/2016 9:57:22 AM,unknown,unknown,application,Windows PowerShell (logit.ps),10,-0.004234684727191684,Anomalie,HIGH
12/15/2016 9:57:22 AM,unknown,unknown,application,Windows PowerShell (logit.ps),10,0.05585549068751822,Normal,NORMAL
12/15/2016 9:56:55 AM,unknown,unknown,application,Windows PowerShell (logit.ps),10,0.06712350928017835,Normal,NORMAL
12/15/2016 9:56:55 AM,unknown,unknown,application,Windows PowerShell (logit.ps),10,-0.08193074084708074,Anomalie,HIGH
12/15/2016 9:56:55 AM,unknown,unknown,application,Windows PowerShell (logit.ps),10,0.0573466469922429,Normal,NORMAL
12/15/2016 9:56:55 AM,unknown,unknown,application,Windows PowerShell (logit.ps),10,0.003947741312699371,Normal,NORMAL
12/15/2016 9:56:55 AM,unknown,unknown,application,Windows PowerShell (logit.ps),10,0.06712350928017835,Normal,NORMAL
12/15/2016 9:56:19 AM,unknown,unknown,application,Windows PowerShell (logit.ps),10,0.06712350928017835,Normal,NORMAL
12/15/2016 9:56:19 AM,unknown,unknown,application,Windows PowerShell (logit.ps),10,-0.08193074084708074,Anomalie,HIGH
12/15/2016 9:56:19 AM,unknown,unknown,application,Windows PowerShell (logit.ps),10,0.0573466469922429,Normal,NORMAL
12/15/2016 9:56:19 AM,unknown,unknown,application,Windows PowerShell (logit.ps),10,0.003947741312699371,Normal,NORMAL
12/15/2016 9:56:19 AM,unknown,unknown,application,Windows PowerShell (logit.ps),10,0.06712350928017835,Normal,NORMAL
12/15/2016 9:56:14 AM,unknown,unknown,application,Microsoft-Windows-Security-SPP,902,0.03509389187376105,Normal,NORMAL
12/15/2016 9:56:14 AM,unknown,unknown,application,Microsoft-Windows-Security-SPP,1037,0.03098423276467066,Normal,NORMAL
12/15/2016 9:56:14 AM,unknown,unknown,application,Microsoft-Windows-Security-SPP,1003,0.014813910874769687,Normal,NORMAL
12/15/2016 9:56:14 AM,unknown,unknown,application,Microsoft-Windows-Security-SPP,1066,-0.012426899222565124,Anomalie,HIGH
