12/18/2016 3:38:59 AM,unknown,unknown,application,Microsoft-Windows-Security-SPP,1003,0.02495977963209456,Normal,NORMAL
12/18/2016 3:38:59 AM,unknown,unknown,application,Microsoft-Windows-Security-SPP,1066,-0.00692259292839037,Anomalie,HIGH
12/18/2016 3:38:59 AM,unknown,unknown,application,Microsoft-Windows-Security-SPP,900,0.05008132772773882,Normal,NORMAL
12/18/2016 3:09:29 AM,unknown,unknown,application,Microsoft-Windows-Security-SPP,903,0.04763763880484939,Normal,NORMAL
12/18/2016 3:09:29 AM,unknown,unknown,application,Microsoft-Windows-Security-SPP,16384,-0.08390526625776651,Anomalie,HIGH
12/18/2016 3:08:59 AM,unknown,unknown,application,Microsoft-Windows-Security-SPP,902,0.054355735940444905,Normal,NORMAL
12/18/2016 3:08:59 AM,unknown,unknown,application,Microsoft-Windows-Security-SPP,1037,0.046586306374558184,Normal,NORMAL
12/18/2016 3:08:59 AM,unknown,unknown,application,Microsoft-Windows-Security-SPP,1003,0.023502477825657453,Normal,NORMAL
12/18/2016 3:08:59 AM,unknown,unknown,application,Microsoft-Windows-Security-SPP,1066,-0.0006349633737318117,Anomalie,HIGH
12/18/2016 3:08:58 AM,unknown,unknown,application,Microsoft-Windows-Security-SPP,900,0.050129042767828424,Normal,NORMAL
12/18/2016 2:39:29 AM,unknown,unknown,application,Microsoft-Windows-Security-SPP,903,0.03874675631680469,Normal,NORMAL
12/18/2016 2:39:29 AM,unknown,unknown,application,Microsoft-Windows-Security-SPP,16384,-0.08004206660325663,Anomalie,HIGH
12/18/2016 2:38:58 AM,unknown,unknown,application,Microsoft-Windows-Security-SPP,902,0.04840721717923102,Normal,NORMAL
12/18/2016 2:38:58 AM,unknown,unknown,application,Microsoft-Windows-Security-SPP,1037,0.042929527664146094,Normal,NORMAL
12/18/2016 2:38:58 AM,unknown,unknown,application,Microsoft-Windows-Security-SPP,1003,0.01572070738851078,Normal,NORMAL
12/18/2016 2:38:58 AM,unknown,unknown,application,Microsoft-Windows-Security-SPP,1066,-0.01721017914623202,Anomalie,HIGH
12/18/2016 2:38:58 AM,unknown,unknown,application,Microsoft-Windows-Security-SPP,900,0.043786552198574746,Normal,NORMAL
12/18/2016 2:09:28 AM,unknown,unknown,application,Microsoft-Windows-Security-SPP,903,0.0445837524847606,Normal,NORMAL
12/18/2016 2:09:28 AM,unknown,unknown,application,Microsoft-Windows-Security-SPP,16384,-0.08391440394105698,Anomalie,HIGH
12/18/2016 2:08:58 AM,unknown,unknown,application,Microsoft-Windows-Security-SPP,902,0.05246504334951124,Normal,NORMAL
12/18/2016 2:08:58 AM,unknown,unknown,application,Microsoft-Windows-Security-SPP,1037,0.044663338252613594,Normal,NORMAL
12/18/2016 2:08:58 AM,unknown,unknown,application,Microsoft-Windows-Security-SPP,1003,0.019134772327465133,Normal,NORMAL
12/18/2016 2:08:58 AM,unknown,unknown,application,Microsoft-Windows-Security-SPP,1066,-0.005833122938634805,Anomalie,HIGH
12/18/2016 2:08:58 AM,unknown,unknown,application,Microsoft-Windows-Security-SPP,900,0.04848650543711053,Normal,NORMAL
12/18/2016 1:39:28 AM,unknown,unknown,application,Microsoft-Windows-Security-SPP,903,0.03703524639846806,Normal,NORMAL
12/18/2016 1:39:28 AM,unknown,unknown,application,Microsoft-Windows-Security-SPP,16384,-0.08241587361750646,Anomalie,HIGH
12/18/2016 1:38:58 AM,unknown,unknown,application,Microsoft-Windows-Security-SPP,902,0.04352339924225984,Normal,NORMAL
12/18/2016 1:38:58 AM,unknown,unknown,application,Microsoft-Windows-Security-SPP,1037,0.03798768931538693,Normal,NORMAL
12/18/2016 1:38:58 AM,unknown,unknown,application,Microsoft-Windows-Security-SPP,1003,0.009476798762644068,Normal,NORMAL
12/18/2016 1:38:58 AM,unknown,unknown,application,Microsoft-Windows-Security-SPP,1066,-0.023566936994719012,Anomalie,HIGH
12/18/2016 1:38:58 AM,unknown,unknown,application,Microsoft-Windows-Security-SPP,900,0.038853791567028895,Normal,NORMAL
12/18/2016 1:09:28 AM,unknown,unknown,application,Microsoft-Windows-Security-SPP,903,0.036892809778880764,Normal,NORMAL
12/18/2016 1:09:28 AM,unknown,unknown,application,Microsoft-Windows-Security-SPP,16384,-0.08835681101333936,Anomalie,HIGH
12/18/2016 1:08:58 AM,unknown,unknown,application,Microsoft-Windows-Security-SPP,902,0.041820958711924094,Normal,NORMAL
12/18/2016 1:08:58 AM,unknown,unknown,application,Microsoft-Windows-Security-SPP,1037,0.033837551160883106,Normal,NORMAL
12/18/2016 1:08:58 AM,unknown,unknown,application,Microsoft-Windows-Security-SPP,1003,0.006984545576423473,Normal,NORMAL
12/18/2016 1:08:58 AM,unknown,unknown,application,Microsoft-Windows-Security-SPP,1066,-0.016684707581284375,Anomalie,HIGH
12/18/2016 1:08:58 AM,unknown,unknown,application,Microsoft-Windows-Security-SPP,900,0.03774976027293242,Normal,NORMAL
12/18/2016 12:39:28 AM,unknown,unknown,application,Microsoft-Windows-Security-SPP,903,0.02621787618341359,Normal,NORMAL
12/18/2016 12:39:28 AM,unknown,unknown,application,Microsoft-Windows-Security-SPP,16384,-0.0880730113053173,Anomalie,HIGH
12/18/2016 12:38:58 AM,unknown,unknown,application,Microsoft-Windows-Security-SPP,902,0.032854583355177214,Normal,NORMAL
12/18/2016 12:38:58 AM,unknown,unknown,application,Microsoft-Windows-Security-SPP,1037,0.027950868480560553,Normal,NORMAL
12/18/2016 12:38:58 AM,unknown,unknown,application,Microsoft-Windows-Security-SPP,1003,0.0006534015167964924,Normal,NORMAL
12/18/2016 12:38:58 AM,unknown,unknown,application,Microsoft-Windows-Security-SPP,1066,-0.03197269932809277,Anomalie,HIGH
12/18/2016 12:38:58 AM,unknown,unknown,application,Microsoft-Windows-Security-SPP,900,0.028078059205136396,Normal,NORMAL
12/18/2016 12:09:28 AM,unknown,unknown,application,Microsoft-Windows-Security-SPP,903,0.024836511546330986,Normal,NORMAL
12/18/2016 12:09:28 AM,unknown,unknown,application,Microsoft-Windows-Security-SPP,16384,-0.09720041888410647,Anomalie,HIGH
12/18/2016 12:08:58 AM,unknown,unknown,application,Microsoft-Windows-Security-SPP,902,0.029565783646504862,Normal,NORMAL
12/18/2016 12:08:58 AM,unknown,unknown,application,Microsoft-Windows-Security-SPP,1037,0.021042808250337885,Normal,NORMAL
12/18/2016 12:08:58 AM,unknown,unknown,application,Microsoft-Windows-Security-SPP,1003,-0.005389313055901734,Anomalie,HIGH
12/18/2016 12:08:58 AM,unknown,unknown,application,Microsoft-Windows-Security-SPP,1066,-0.029419114379446,Anomalie,HIGH
12/18/2016 12:08:58 AM,unknown,unknown,application,Microsoft-Windows-Security-SPP,900,0.025387899568147465,Normal,NORMAL
12/17/2016 11:39:28 PM,unknown,unknown,application,Microsoft-Windows-Security-SPP,903,0.05699051630563262,Normal,NORMAL
12/17/2016 11:39:28 PM,unknown,unknown,application,Microsoft-Windows-Security-SPP,16384,-0.060065782039099846,Anomalie,HIGH
12/17/2016 11:38:58 PM,unknown,unknown,application,Microsoft-Windows-Security-SPP,902,0.058792632844902604,Normal,NORMAL
12/17/2016 11:38:58 PM,unknown,unknown,application,Microsoft-Windows-Security-SPP,1037,0.05251081128390822,Normal,NORMAL
12/17/2016 11:38:58 PM,unknown,unknown,application,Microsoft-Windows-Security-SPP,1003,0.03360199011573484,Normal,NORMAL
12/17/2016 11:38:57 PM,unknown,unknown,application,Microsoft-Windows-Security-SPP,1066,0.0064172182070145745,Normal,NORMAL
12/17/2016 11:38:57 PM,unknown,unknown,application,Microsoft-Windows-Security-SPP,900,0.05667488390974945,Normal,NORMAL
12/17/2016 11:09:28 PM,unknown,unknown,application,Microsoft-Windows-Security-SPP,903,0.049463525347272996,Normal,NORMAL
12/17/2016 11:09:28 PM,unknown,unknown,application,Microsoft-Windows-Security-SPP,16384,-0.06831847490975074,Anomalie,HIGH
12/17/2016 11:08:57 PM,unknown,unknown,application,Microsoft-Windows-Security-SPP,902,0.05064936473929127,Normal,NORMAL
12/17/2016 11:08:57 PM,unknown,unknown,application,Microsoft-Windows-Security-SPP,1037,0.046032233167047465,Normal,NORMAL
12/17/2016 11:08:57 PM,unknown,unknown,application,Microsoft-Windows-Security-SPP,1003,0.021765538897356884,Normal,NORMAL
12/17/2016 11:08:57 PM,unknown,unknown,application,Microsoft-Windows-Security-SPP,1066,-9.620004722743491e-05,Anomalie,HIGH
12/17/2016 11:08:57 PM,unknown,unknown,application,Microsoft-Windows-Security-SPP,900,0.0495121407652081,Normal,NORMAL
12/17/2016 10:39:27 PM,unknown,unknown,application,Microsoft-Windows-Security-SPP,903,0.06129468619204953,Normal,NORMAL
12/17/2016 10:39:27 PM,unknown,unknown,application,Microsoft-Windows-Security-SPP,16384,-0.05891089966746743,Anomalie,HIGH
12/17/2016 10:38:57 PM,unknown,unknown,application,Microsoft-Windows-Security-SPP,902,0.06307966090550438,Normal,NORMAL
12/17/2016 10:38:57 PM,unknown,unknown,application,Microsoft-Windows-Security-SPP,1037,0.05520837947772905,Normal,NORMAL
12/17/2016 10:38:57 PM,unknown,unknown,application,Microsoft-Windows-Security-SPP,1003,0.04003824189061822,Normal,NORMAL
12/17/2016 10:38:57 PM,unknown,unknown,application,Microsoft-Windows-Security-SPP,1066,0.011025799906647815,Normal,NORMAL
12/17/2016 10:38:57 PM,unknown,unknown,application,Microsoft-Windows-Security-SPP,900,0.0609820561078559,Normal,NORMAL
12/17/2016 10:09:27 PM,unknown,unknown,application,Microsoft-Windows-Security-SPP,903,0.0535459786907429,Normal,NORMAL
12/17/2016 10:09:27 PM,unknown,unknown,application,Microsoft-Windows-Security-SPP,16384,-0.06683771146645434,Anomalie,HIGH
12/17/2016 10:08:57 PM,unknown,unknown,application,Microsoft-Windows-Security-SPP,902,0.05559786952062862,Normal,NORMAL
12/17/2016 10:08:57 PM,unknown,unknown,application,Microsoft-Windows-Security-SPP,1037,0.04878327806227567,Normal,NORMAL
12/17/2016 10:08:57 PM,unknown,unknown,application,Microsoft-Windows-Security-SPP,1003,0.02729357973165053,Normal,NORMAL
12/17/2016 10:08:57 PM,unknown,unknown,application,Microsoft-Windows-Security-SPP,1066,0.004277022571878231,Normal,NORMAL
12/17/2016 10:08:57 PM,unknown,unknown,application,Microsoft-Windows-Security-SPP,900,0.054472910360848004,Normal,NORMAL
12/17/2016 9:39:27 PM,unknown,unknown,application,Microsoft-Windows-Security-SPP,903,0.0819556770769716,Normal,NORMAL
12/17/2016 9:39:27 PM,unknown,unknown,application,Microsoft-Windows-Security-SPP,16384,-0.03981557920516299,Anomalie,HIGH
12/17/2016 9:38:57 PM,unknown,unknown,application,Microsoft-Windows-Security-SPP,902,0.08319164509136773,Normal,NORMAL
12/17/2016 9:38:57 PM,unknown,unknown,application,Microsoft-Windows-Security-SPP,1037,0.0766360787817073,Normal,NORMAL
12/17/2016 9:38:57 PM,unknown,unknown,application,Microsoft-Windows-Security-SPP,1003,0.05803734745711764,Normal,NORMAL
12/17/2016 9:38:57 PM,unknown,unknown,application,Microsoft-Windows-Security-SPP,1066,0.027224615379282002,Normal,NORMAL
12/17/2016 9:38:57 PM,unknown,unknown,application,Microsoft-Windows-Security-SPP,900,0.08091364582576094,Normal,NORMAL
12/17/2016 9:09:27 PM,unknown,unknown,application,Microsoft-Windows-Security-SPP,903,0.07226671540549806,Normal,NORMAL
12/17/2016 9:09:27 PM,unknown,unknown,application,Microsoft-Windows-Security-SPP,16384,-0.05590965148233007,Anomalie,HIGH
12/17/2016 9:08:57 PM,unknown,unknown,application,Microsoft-Windows-Security-SPP,902,0.07358714526763954,Normal,NORMAL
12/17/2016 9:08:57 PM,unknown,unknown,application,Microsoft-Windows-Security-SPP,1037,0.06748709948944792,Normal,NORMAL
12/17/2016 9:08:57 PM,unknown,unknown,application,Microsoft-Windows-Security-SPP,1003,0.042356362857582486,Normal,NORMAL
12/17/2016 9:08:57 PM,unknown,unknown,application,Microsoft-Windows-Security-SPP,1066,0.016064719348168055,Normal,NORMAL
12/17/2016 9:08:57 PM,unknown,unknown,application,Microsoft-Windows-Security-SPP,900,0.07163421250844837,Normal,NORMAL
12/17/2016 8:39:27 PM,unknown,unknown,application,Microsoft-Windows-Security-SPP,903,0.09032248296594408,Normal,NORMAL
12/17/2016 8:39:27 PM,unknown,unknown,application,Microsoft-Windows-Security-SPP,16384,-0.03874063002553152,Anomalie,HIGH
12/17/2016 8:38:57 PM,unknown,unknown,application,Microsoft-Windows-Security-SPP,902,0.09125138625386398,Normal,NORMAL
12/17/2016 8:38:57 PM,unknown,unknown,application,Microsoft-Windows-Security-SPP,1037,0.08346531672661972,Normal,NORMAL
12/17/2016 8:38:57 PM,unknown,unknown,application,Microsoft-Windows-Security-SPP,1003,0.06733558318529276,Normal,NORMAL
12/17/2016 8:38:57 PM,unknown,unknown,application,Microsoft-Windows-Security-SPP,1066,0.037151678318169123,Normal,NORMAL
12/17/2016 8:38:57 PM,unknown,unknown,application,Microsoft-Windows-Security-SPP,900,0.08930084431040602,Normal,NORMAL
12/17/2016 8:09:27 PM,unknown,unknown,application,Microsoft-Windows-Security-SPP,903,0.08003274096818136,Normal,NORMAL
12/17/2016 8:09:27 PM,unknown,unknown,application,Microsoft-Windows-Security-SPP,16384,-0.053439194980431814,Anomalie,HIGH
12/17/2016 8:08:57 PM,unknown,unknown,application,Microsoft-Windows-Security-SPP,902,0.08116979773160454,Normal,NORMAL
12/17/2016 8:08:57 PM,unknown,unknown,application,Microsoft-Windows-Security-SPP,1037,0.07477734158779092,Normal,NORMAL
12/17/2016 8:08:57 PM,unknown,unknown,application,Microsoft-Windows-Security-SPP,1003,0.052737264326133904,Normal,NORMAL
12/17/2016 8:08:56 PM,unknown,unknown,application,Microsoft-Windows-Security-SPP,1066,0.028653345324701707,Normal,NORMAL
12/17/2016 8:08:56 PM,unknown,unknown,application,Microsoft-Windows-Security-SPP,900,0.07925083702027064,Normal,NORMAL
12/17/2016 7:39:26 PM,unknown,unknown,application,Microsoft-Windows-Security-SPP,903,0.09323068196363293,Normal,NORMAL
12/17/2016 7:39:26 PM,unknown,unknown,application,Microsoft-Windows-Security-SPP,16384,-0.038817562081725154,Anomalie,HIGH
12/17/2016 7:38:56 PM,unknown,unknown,application,Microsoft-Windows-Security-SPP,902,0.09500194946594764,Normal,NORMAL
12/17/2016 7:38:56 PM,unknown,unknown,application,Microsoft-Windows-Security-SPP,1037,0.08699994990588583,Normal,NORMAL
12/17/2016 7:38:56 PM,unknown,unknown,application,Microsoft-Windows-Security-SPP,1003,0.0705641386511488,Normal,NORMAL
12/17/2016 7:38:56 PM,unknown,unknown,application,Microsoft-Windows-Security-SPP,1066,0.038145019958193915,Normal,NORMAL
12/17/2016 7:38:56 PM,unknown,unknown,application,Microsoft-Windows-Security-SPP,900,0.09306889917261457,Normal,NORMAL
12/17/2016 7:09:26 PM,unknown,unknown,application,Microsoft-Windows-Security-SPP,903,0.08240944145681484,Normal,NORMAL
12/17/2016 7:09:26 PM,unknown,unknown,application,Microsoft-Windows-Security-SPP,16384,-0.0525990970250918,Anomalie,HIGH
12/17/2016 7:08:56 PM,unknown,unknown,application,Microsoft-Windows-Security-SPP,902,0.08354020548156077,Normal,NORMAL
12/17/2016 7:08:56 PM,unknown,unknown,application,Microsoft-Windows-Security-SPP,1037,0.07718312668856431,Normal,NORMAL
12/17/2016 7:08:56 PM,unknown,unknown,application,Microsoft-Windows-Security-SPP,1003,0.05511685549661577,Normal,NORMAL
12/17/2016 7:08:56 PM,unknown,unknown,application,Microsoft-Windows-Security-SPP,1066,0.027934687860803553,Normal,NORMAL
12/17/2016 7:08:56 PM,unknown,unknown,application,Microsoft-Windows-Security-SPP,900,0.08163186474864548,Normal,NORMAL
12/17/2016 6:39:26 PM,unknown,unknown,application,Microsoft-Windows-Security-SPP,903,0.09434540571892447,Normal,NORMAL
12/17/2016 6:39:26 PM,unknown,unknown,application,Microsoft-Windows-Security-SPP,16384,-0.03656817934213352,Anomalie,HIGH
12/17/2016 6:38:56 PM,unknown,unknown,application,Microsoft-Windows-Security-SPP,902,0.09639151912727761,Normal,NORMAL
12/17/2016 6:38:56 PM,unknown,unknown,application,Microsoft-Windows-Security-SPP,1037,0.08813135940238431,Normal,NORMAL
12/17/2016 6:38:56 PM,unknown,unknown,application,Microsoft-Windows-Security-SPP,1003,0.07155578401643198,Normal,NORMAL
12/17/2016 6:38:56 PM,unknown,unknown,application,Microsoft-Windows-Security-SPP,1066,0.039878500628542646,Normal,NORMAL
12/17/2016 6:38:56 PM,unknown,unknown,application,Microsoft-Windows-Security-SPP,900,0.09446494942498262,Normal,NORMAL
12/18/2016 2:09:26 AM,unknown,unknown,application,Microsoft-Windows-Security-SPP,903,0.0445837524847606,Normal,NORMAL
12/18/2016 2:09:26 AM,unknown,unknown,application,Microsoft-Windows-Security-SPP,16384,-0.08391440394105698,Anomalie,HIGH
12/18/2016 2:08:56 AM,unknown,unknown,application,Microsoft-Windows-Security-SPP,902,0.05246504334951124,Normal,NORMAL
12/18/2016 2:08:56 AM,unknown,unknown,application,Microsoft-Windows-Security-SPP,1037,0.044663338252613594,Normal,NORMAL
12/18/2016 2:08:56 AM,unknown,unknown,application,Microsoft-Windows-Security-SPP,1003,0.019134772327465133,Normal,NORMAL
12/18/2016 2:08:56 AM,unknown,unknown,application,Microsoft-Windows-Security-SPP,1066,-0.005833122938634805,Anomalie,HIGH
12/18/2016 2:08:55 AM,unknown,unknown,application,Microsoft-Windows-Security-SPP,900,0.04848650543711053,Normal,NORMAL
12/18/2016 1:39:25 AM,unknown,unknown,application,Microsoft-Windows-Security-SPP,903,0.03703524639846806,Normal,NORMAL
12/18/2016 1:39:25 AM,unknown,unknown,application,Microsoft-Windows-Security-SPP,16384,-0.08241587361750646,Anomalie,HIGH
12/18/2016 1:38:55 AM,unknown,unknown,application,Microsoft-Windows-Security-SPP,902,0.04352339924225984,Normal,NORMAL
12/18/2016 1:38:55 AM,unknown,unknown,application,Microsoft-Windows-Security-SPP,1037,0.03798768931538693,Normal,NORMAL
12/18/2016 1:38:55 AM,unknown,unknown,application,Microsoft-Windows-Security-SPP,1003,0.009476798762644068,Normal,NORMAL
12/18/2016 1:38:55 AM,unknown,unknown,application,Microsoft-Windows-Security-SPP,1066,-0.023566936994719012,Anomalie,HIGH
12/18/2016 1:38:55 AM,unknown,unknown,application,Microsoft-Windows-Security-SPP,900,0.038853791567028895,Normal,NORMAL
12/18/2016 1:09:25 AM,unknown,unknown,application,Microsoft-Windows-Security-SPP,903,0.036892809778880764,Normal,NORMAL
12/18/2016 1:09:25 AM,unknown,unknown,application,Microsoft-Windows-Security-SPP,16384,-0.08835681101333936,Anomalie,HIGH
12/18/2016 1:08:55 AM,unknown,unknown,application,Microsoft-Windows-Security-SPP,902,0.041820958711924094,Normal,NORMAL
12/18/2016 1:08:55 AM,unknown,unknown,application,Microsoft-Windows-Security-SPP,1037,0.033837551160883106,Normal,NORMAL
12/18/2016 1:08:55 AM,unknown,unknown,application,Microsoft-Windows-Security-SPP,1003,0.006984545576423473,Normal,NORMAL
12/18/2016 1:08:55 AM,unknown,unknown,application,Microsoft-Windows-Security-SPP,1066,-0.016684707581284375,Anomalie,HIGH
12/18/2016 1:08:55 AM,unknown,unknown,application,Microsoft-Windows-Security-SPP,900,0.03774976027293242,Normal,NORMAL
12/18/2016 12:39:25 AM,unknown,unknown,application,Microsoft-Windows-Security-SPP,903,0.02621787618341359,Normal,NORMAL
12/18/2016 12:39:25 AM,unknown,unknown,application,Microsoft-Windows-Security-SPP,16384,-0.0880730113053173,Anomalie,HIGH
12/18/2016 12:38:55 AM,unknown,unknown,application,Microsoft-Windows-Security-SPP,902,0.032854583355177214,Normal,NORMAL
12/18/2016 12:38:55 AM,unknown,unknown,application,Microsoft-Windows-Security-SPP,1037,0.027950868480560553,Normal,NORMAL
12/18/2016 12:38:55 AM,unknown,unknown,application,Microsoft-Windows-Security-SPP,1003,0.0006534015167964924,Normal,NORMAL
12/18/2016 12:38:55 AM,unknown,unknown,application,Microsoft-Windows-Security-SPP,1066,-0.03197269932809277,Anomalie,HIGH
12/18/2016 12:38:55 AM,unknown,unknown,application,Microsoft-Windows-Security-SPP,900,0.028078059205136396,Normal,NORMAL
12/18/2016 12:09:25 AM,unknown,unknown,application,Microsoft-Windows-Security-SPP,903,0.024836511546330986,Normal,NORMAL
12/18/2016 12:09:25 AM,unknown,unknown,application,Microsoft-Windows-Security-SPP,16384,-0.09720041888410647,Anomalie,HIGH
12/18/2016 12:08:55 AM,unknown,unknown,application,Microsoft-Windows-Security-SPP,902,0.029565783646504862,Normal,NORMAL
12/18/2016 12:08:55 AM,unknown,unknown,application,Microsoft-Windows-Security-SPP,1037,0.021042808250337885,Normal,NORMAL
12/18/2016 12:08:55 AM,unknown,unknown,application,Microsoft-Windows-Security-SPP,1003,-0.005389313055901734,Anomalie,HIGH
12/18/2016 12:08:55 AM,unknown,unknown,application,Microsoft-Windows-Security-SPP,1066,-0.029419114379446,Anomalie,HIGH
12/18/2016 12:08:55 AM,unknown,unknown,application,Microsoft-Windows-Security-SPP,900,0.025387899568147465,Normal,NORMAL
12/17/2016 11:39:25 PM,unknown,unknown,application,Microsoft-Windows-Security-SPP,903,0.05699051630563262,Normal,NORMAL
12/17/2016 11:39:25 PM,unknown,unknown,application,Microsoft-Windows-Security-SPP,16384,-0.060065782039099846,Anomalie,HIGH
12/17/2016 11:38:55 PM,unknown,unknown,application,Microsoft-Windows-Security-SPP,902,0.058792632844902604,Normal,NORMAL
12/17/2016 11:38:55 PM,unknown,unknown,application,Microsoft-Windows-Security-SPP,1037,0.05251081128390822,Normal,NORMAL
12/17/2016 11:38:55 PM,unknown,unknown,application,Microsoft-Windows-Security-SPP,1003,0.03360199011573484,Normal,NORMAL
12/17/2016 11:38:55 PM,unknown,unknown,application,Microsoft-Windows-Security-SPP,1066,0.0064172182070145745,Normal,NORMAL
12/17/2016 11:38:55 PM,unknown,unknown,application,Microsoft-Windows-Security-SPP,900,0.05667488390974945,Normal,NORMAL
12/17/2016 11:09:25 PM,unknown,unknown,application,Microsoft-Windows-Security-SPP,903,0.049463525347272996,Normal,NORMAL
12/17/2016 11:09:25 PM,unknown,unknown,application,Microsoft-Windows-Security-SPP,16384,-0.06831847490975074,Anomalie,HIGH
12/17/2016 11:08:55 PM,unknown,unknown,application,Microsoft-Windows-Security-SPP,902,0.05064936473929127,Normal,NORMAL
12/17/2016 11:08:55 PM,unknown,unknown,application,Microsoft-Windows-Security-SPP,1037,0.046032233167047465,Normal,NORMAL
12/17/2016 11:08:55 PM,unknown,unknown,application,Microsoft-Windows-Security-SPP,1003,0.021765538897356884,Normal,NORMAL
12/17/2016 11:08:54 PM,unknown,unknown,application,Microsoft-Windows-Security-SPP,1066,-9.620004722743491e-05,Anomalie,HIGH
12/17/2016 11:08:54 PM,unknown,unknown,application,Microsoft-Windows-Security-SPP,900,0.0495121407652081,Normal,NORMAL
12/17/2016 10:39:25 PM,unknown,unknown,application,Microsoft-Windows-Security-SPP,903,0.06129468619204953,Normal,NORMAL
12/17/2016 10:39:25 PM,unknown,unknown,application,Microsoft-Windows-Security-SPP,16384,-0.05891089966746743,Anomalie,HIGH
12/17/2016 10:38:54 PM,unknown,unknown,application,Microsoft-Windows-Security-SPP,902,0.06307966090550438,Normal,NORMAL
12/17/2016 10:38:54 PM,unknown,unknown,application,Microsoft-Windows-Security-SPP,1037,0.05520837947772905,Normal,NORMAL
12/17/2016 10:38:54 PM,unknown,unknown,application,Microsoft-Windows-Security-SPP,1003,0.04003824189061822,Normal,NORMAL
12/17/2016 10:38:54 PM,unknown,unknown,application,Microsoft-Windows-Security-SPP,1066,0.011025799906647815,Normal,NORMAL
12/17/2016 10:38:54 PM,unknown,unknown,application,Microsoft-Windows-Security-SPP,900,0.0609820561078559,Normal,NORMAL
12/17/2016 10:09:24 PM,unknown,unknown,application,Microsoft-Windows-Security-SPP,903,0.0535459786907429,Normal,NORMAL
12/17/2016 10:09:24 PM,unknown,unknown,application,Microsoft-Windows-Security-SPP,16384,-0.06683771146645434,Anomalie,HIGH
12/17/2016 10:08:54 PM,unknown,unknown,application,Microsoft-Windows-Security-SPP,902,0.05559786952062862,Normal,NORMAL
12/17/2016 10:08:54 PM,unknown,unknown,application,Microsoft-Windows-Security-SPP,1037,0.04878327806227567,Normal,NORMAL
12/17/2016 10:08:54 PM,unknown,unknown,application,Microsoft-Windows-Security-SPP,1003,0.02729357973165053,Normal,NORMAL
12/17/2016 10:08:54 PM,unknown,unknown,application,Microsoft-Windows-Security-SPP,1066,0.004277022571878231,Normal,NORMAL
12/17/2016 10:08:54 PM,unknown,unknown,application,Microsoft-Windows-Security-SPP,900,0.054472910360848004,Normal,NORMAL
12/17/2016 9:39:24 PM,unknown,unknown,application,Microsoft-Windows-Security-SPP,903,0.0819556770769716,Normal,NORMAL
12/17/2016 9:39:24 PM,unknown,unknown,application,Microsoft-Windows-Security-SPP,16384,-0.03981557920516299,Anomalie,HIGH
12/17/2016 9:38:54 PM,unknown,unknown,application,Microsoft-Windows-Security-SPP,902,0.08319164509136773,Normal,NORMAL
12/17/2016 9:38:54 PM,unknown,unknown,application,Microsoft-Windows-Security-SPP,1037,0.0766360787817073,Normal,NORMAL
12/17/2016 9:38:54 PM,unknown,unknown,application,Microsoft-Windows-Security-SPP,1003,0.05803734745711764,Normal,NORMAL
12/17/2016 9:38:54 PM,unknown,unknown,application,Microsoft-Windows-Security-SPP,1066,0.027224615379282002,Normal,NORMAL
12/17/2016 9:38:54 PM,unknown,unknown,application,Microsoft-Windows-Security-SPP,900,0.08091364582576094,Normal,NORMAL
12/17/2016 9:09:24 PM,unknown,unknown,application,Microsoft-Windows-Security-SPP,903,0.07226671540549806,Normal,NORMAL
12/17/2016 9:09:24 PM,unknown,unknown,application,Microsoft-Windows-Security-SPP,16384,-0.05590965148233007,Anomalie,HIGH
12/17/2016 9:08:54 PM,unknown,unknown,application,Microsoft-Windows-Security-SPP,902,0.07358714526763954,Normal,NORMAL
12/17/2016 9:08:54 PM,unknown,unknown,application,Microsoft-Windows-Security-SPP,1037,0.06748709948944792,Normal,NORMAL
12/17/2016 9:08:54 PM,unknown,unknown,application,Microsoft-Windows-Security-SPP,1003,0.042356362857582486,Normal,NORMAL
12/17/2016 9:08:54 PM,unknown,unknown,application,Microsoft-Windows-Security-SPP,1066,0.016064719348168055,Normal,NORMAL
12/17/2016 9:08:54 PM,unknown,unknown,application,Microsoft-Windows-Security-SPP,900,0.07163421250844837,Normal,NORMAL
12/17/2016 8:43:37 PM,unknown,unknown,application,Desktop Window Manager,9009,-0.08838887466955592,Anomalie,HIGH
12/17/2016 8:40:40 PM,unknown,unknown,application,ESENT,326,-0.04231114835538341,Anomalie,HIGH
12/17/2016 8:40:40 PM,unknown,unknown,application,ESENT,327,-0.04119226706117496,Anomalie,HIGH
12/17/2016 8:40:40 PM,unknown,unknown,application,ESENT,326,-0.041937935555620975,Anomalie,HIGH
12/17/2016 8:40:39 PM,unknown,unknown,application,ESENT,327,-0.041937935555620975,Anomalie,HIGH
12/17/2016 8:40:39 PM,unknown,unknown,application,ESENT,327,-0.04119226706117496,Anomalie,HIGH
12/17/2016 8:40:39 PM,unknown,unknown,application,ESENT,326,-0.041937935555620975,Anomalie,HIGH
12/17/2016 8:39:24 PM,unknown,unknown,application,Microsoft-Windows-Security-SPP,903,0.09032248296594408,Normal,NORMAL
12/17/2016 8:39:24 PM,unknown,unknown,application,Microsoft-Windows-Security-SPP,16384,-0.03874063002553152,Anomalie,HIGH
12/17/2016 8:38:54 PM,unknown,unknown,application,Microsoft-Windows-Security-SPP,902,0.09125138625386398,Normal,NORMAL
12/17/2016 8:38:54 PM,unknown,unknown,application,Microsoft-Windows-Security-SPP,1037,0.08346531672661972,Normal,NORMAL
12/17/2016 8:38:54 PM,unknown,unknown,application,Microsoft-Windows-Security-SPP,1003,0.06733558318529276,Normal,NORMAL
12/17/2016 8:38:54 PM,unknown,unknown,application,Microsoft-Windows-Security-SPP,1066,0.037151678318169123,Normal,NORMAL
12/17/2016 8:38:54 PM,unknown,unknown,application,Microsoft-Windows-Security-SPP,900,0.08930084431040602,Normal,NORMAL
12/17/2016 8:09:24 PM,unknown,unknown,application,Microsoft-Windows-Security-SPP,903,0.08003274096818136,Normal,NORMAL
12/17/2016 8:09:24 PM,unknown,unknown,application,Microsoft-Windows-Security-SPP,16384,-0.053439194980431814,Anomalie,HIGH
12/17/2016 8:08:54 PM,unknown,unknown,application,Microsoft-Windows-Security-SPP,902,0.08116979773160454,Normal,NORMAL
12/17/2016 8:08:54 PM,unknown,unknown,application,Microsoft-Windows-Security-SPP,1037,0.07477734158779092,Normal,NORMAL
12/17/2016 8:08:54 PM,unknown,unknown,application,Microsoft-Windows-Security-SPP,1003,0.052737264326133904,Normal,NORMAL
12/17/2016 8:08:54 PM,unknown,unknown,application,Microsoft-Windows-Security-SPP,1066,0.028653345324701707,Normal,NORMAL
12/17/2016 8:08:53 PM,unknown,unknown,application,Microsoft-Windows-Security-SPP,900,0.07925083702027064,Normal,NORMAL
12/17/2016 7:39:24 PM,unknown,unknown,application,Microsoft-Windows-Security-SPP,903,0.09323068196363293,Normal,NORMAL
12/17/2016 7:39:23 PM,unknown,unknown,application,Microsoft-Windows-Security-SPP,16384,-0.038817562081725154,Anomalie,HIGH
12/17/2016 7:38:53 PM,unknown,unknown,application,Microsoft-Windows-Security-SPP,902,0.09500194946594764,Normal,NORMAL
12/17/2016 7:38:53 PM,unknown,unknown,application,Microsoft-Windows-Security-SPP,1037,0.08699994990588583,Normal,NORMAL
12/17/2016 7:38:53 PM,unknown,unknown,application,Microsoft-Windows-Security-SPP,1003,0.0705641386511488,Normal,NORMAL
12/17/2016 7:38:53 PM,unknown,unknown,application,Microsoft-Windows-Security-SPP,1066,0.038145019958193915,Normal,NORMAL
12/17/2016 7:38:53 PM,unknown,unknown,application,Microsoft-Windows-Security-SPP,900,0.09306889917261457,Normal,NORMAL
12/17/2016 7:09:23 PM,unknown,unknown,application,Microsoft-Windows-Security-SPP,903,0.08240944145681484,Normal,NORMAL
12/17/2016 7:09:23 PM,unknown,unknown,application,Microsoft-Windows-Security-SPP,16384,-0.0525990970250918,Anomalie,HIGH
12/17/2016 7:08:53 PM,unknown,unknown,application,Microsoft-Windows-Security-SPP,902,0.08354020548156077,Normal,NORMAL
12/17/2016 7:08:53 PM,unknown,unknown,application,Microsoft-Windows-Security-SPP,1037,0.07718312668856431,Normal,NORMAL
12/17/2016 7:08:53 PM,unknown,unknown,application,Microsoft-Windows-Security-SPP,1003,0.05511685549661577,Normal,NORMAL
12/17/2016 7:08:53 PM,unknown,unknown,application,Microsoft-Windows-Security-SPP,1066,0.027934687860803553,Normal,NORMAL
12/17/2016 7:08:53 PM,unknown,unknown,application,Microsoft-Windows-Security-SPP,900,0.08163186474864548,Normal,NORMAL
12/17/2016 6:39:23 PM,unknown,unknown,application,Microsoft-Windows-Security-SPP,903,0.09434540571892447,Normal,NORMAL
12/17/2016 6:39:23 PM,unknown,unknown,application,Microsoft-Windows-Security-SPP,16384,-0.03656817934213352,Anomalie,HIGH
12/17/2016 6:38:53 PM,unknown,unknown,application,Microsoft-Windows-Security-SPP,902,0.09639151912727761,Normal,NORMAL
12/17/2016 6:38:53 PM,unknown,unknown,application,Microsoft-Windows-Security-SPP,1037,0.08813135940238431,Normal,NORMAL
12/17/2016 6:38:53 PM,unknown,unknown,application,Microsoft-Windows-Security-SPP,1003,0.07155578401643198,Normal,NORMAL
12/17/2016 6:38:53 PM,unknown,unknown,application,Microsoft-Windows-Security-SPP,1066,0.039878500628542646,Normal,NORMAL
12/17/2016 6:38:53 PM,unknown,unknown,application,Microsoft-Windows-Security-SPP,900,0.09446494942498262,Normal,NORMAL
12/17/2016 6:09:23 PM,unknown,unknown,application,Microsoft-Windows-Security-SPP,903,0.08286108180432228,Normal,NORMAL
12/17/2016 6:09:23 PM,unknown,unknown,application,Microsoft-Windows-Security-SPP,16384,-0.04914158262422896,Anomalie,HIGH
12/17/2016 6:08:53 PM,unknown,unknown,application,Microsoft-Windows-Security-SPP,902,0.08456603065015883,Normal,NORMAL
12/17/2016 6:08:53 PM,unknown,unknown,application,Microsoft-Windows-Security-SPP,1037,0.07705553525488923,Normal,NORMAL
12/17/2016 6:08:53 PM,unknown,unknown,application,Microsoft-Windows-Security-SPP,1003,0.05581431238323076,Normal,NORMAL
12/17/2016 6:08:53 PM,unknown,unknown,application,Microsoft-Windows-Security-SPP,1066,0.027792561098059387,Normal,NORMAL
12/17/2016 6:08:53 PM,unknown,unknown,application,Microsoft-Windows-Security-SPP,900,0.08208432739415383,Normal,NORMAL
12/17/2016 5:39:23 PM,unknown,unknown,application,Microsoft-Windows-Security-SPP,903,0.09367658964381476,Normal,NORMAL
12/17/2016 5:39:23 PM,unknown,unknown,application,Microsoft-Windows-Security-SPP,16384,-0.03860462480305571,Anomalie,HIGH
12/17/2016 5:38:53 PM,unknown,unknown,application,Microsoft-Windows-Security-SPP,902,0.09600584979616683,Normal,NORMAL
12/17/2016 5:38:53 PM,unknown,unknown,application,Microsoft-Windows-Security-SPP,1037,0.08773797831818536,Normal,NORMAL
12/17/2016 5:38:53 PM,unknown,unknown,application,Microsoft-Windows-Security-SPP,1003,0.07091440662850151,Normal,NORMAL
12/17/2016 5:38:53 PM,unknown,unknown,application,Microsoft-Windows-Security-SPP,1066,0.04009724065054654,Normal,NORMAL
12/17/2016 5:38:53 PM,unknown,unknown,application,Microsoft-Windows-Security-SPP,900,0.09407748143254491,Normal,NORMAL
12/17/2016 5:12:50 PM,unknown,unknown,application,Desktop Window Manager,9009,-0.09634303335136363,Anomalie,HIGH
12/17/2016 5:09:23 PM,unknown,unknown,application,Microsoft-Windows-Security-SPP,903,0.08080483313201914,Normal,NORMAL
12/17/2016 5:09:23 PM,unknown,unknown,application,Microsoft-Windows-Security-SPP,16384,-0.04998442702905004,Anomalie,HIGH
12/17/2016 5:08:53 PM,unknown,unknown,application,Microsoft-Windows-Security-SPP,902,0.08344355077465704,Normal,NORMAL
12/17/2016 5:08:53 PM,unknown,unknown,application,Microsoft-Windows-Security-SPP,1037,0.07679237320851695,Normal,NORMAL
12/17/2016 5:08:53 PM,unknown,unknown,application,Microsoft-Windows-Security-SPP,1003,0.05617619748410185,Normal,NORMAL
12/17/2016 5:08:53 PM,unknown,unknown,application,Microsoft-Windows-Security-SPP,1066,0.02838655590231781,Normal,NORMAL
12/17/2016 5:08:53 PM,unknown,unknown,application,Microsoft-Windows-Security-SPP,900,0.0809552918007046,Normal,NORMAL
12/17/2016 4:39:23 PM,unknown,unknown,application,Microsoft-Windows-Security-SPP,903,0.09480942871197517,Normal,NORMAL
12/17/2016 4:39:23 PM,unknown,unknown,application,Microsoft-Windows-Security-SPP,16384,-0.03417152565987769,Anomalie,HIGH
12/17/2016 4:38:53 PM,unknown,unknown,application,Microsoft-Windows-Security-SPP,902,0.09702440080621433,Normal,NORMAL
12/17/2016 4:38:53 PM,unknown,unknown,application,Microsoft-Windows-Security-SPP,1037,0.09065396651922425,Normal,NORMAL
12/17/2016 4:38:53 PM,unknown,unknown,application,Microsoft-Windows-Security-SPP,1003,0.07384564249660924,Normal,NORMAL
12/17/2016 4:38:52 PM,unknown,unknown,application,Microsoft-Windows-Security-SPP,1066,0.04150818313841437,Normal,NORMAL
12/17/2016 4:38:52 PM,unknown,unknown,application,Microsoft-Windows-Security-SPP,900,0.09510078269925909,Normal,NORMAL
12/17/2016 4:09:23 PM,unknown,unknown,application,Microsoft-Windows-Security-SPP,903,0.08156467294680725,Normal,NORMAL
12/17/2016 4:09:23 PM,unknown,unknown,application,Microsoft-Windows-Security-SPP,16384,-0.04817247114915835,Anomalie,HIGH
12/17/2016 4:08:52 PM,unknown,unknown,application,Microsoft-Windows-Security-SPP,902,0.0854539672219955,Normal,NORMAL
12/17/2016 4:08:52 PM,unknown,unknown,application,Microsoft-Windows-Security-SPP,1037,0.08046543497980396,Normal,NORMAL
12/17/2016 4:08:52 PM,unknown,unknown,application,Microsoft-Windows-Security-SPP,1003,0.05899931190329982,Normal,NORMAL
12/17/2016 4:08:52 PM,unknown,unknown,application,Microsoft-Windows-Security-SPP,1066,0.032739494334111385,Normal,NORMAL
12/17/2016 4:08:52 PM,unknown,unknown,application,Microsoft-Windows-Security-SPP,900,0.08297744986005179,Normal,NORMAL
12/17/2016 3:39:22 PM,unknown,unknown,application,Microsoft-Windows-Security-SPP,903,0.09612598425177549,Normal,NORMAL
12/17/2016 3:39:22 PM,unknown,unknown,application,Microsoft-Windows-Security-SPP,16384,-0.03133128788535444,Anomalie,HIGH
12/17/2016 3:38:52 PM,unknown,unknown,application,Microsoft-Windows-Security-SPP,902,0.09932314807112674,Normal,NORMAL
12/17/2016 3:38:52 PM,unknown,unknown,application,Microsoft-Windows-Security-SPP,1037,0.0936624151337418,Normal,NORMAL
12/17/2016 3:38:52 PM,unknown,unknown,application,Microsoft-Windows-Security-SPP,1003,0.07657303265993987,Normal,NORMAL
12/17/2016 3:38:52 PM,unknown,unknown,application,Microsoft-Windows-Security-SPP,1066,0.044608776073475576,Normal,NORMAL
12/17/2016 3:38:52 PM,unknown,unknown,application,Microsoft-Windows-Security-SPP,900,0.09684161590538987,Normal,NORMAL
12/17/2016 3:09:22 PM,unknown,unknown,application,Microsoft-Windows-Security-SPP,903,0.0826961878960285,Normal,NORMAL
12/17/2016 3:09:22 PM,unknown,unknown,application,Microsoft-Windows-Security-SPP,16384,-0.045217858876243966,Anomalie,HIGH
12/17/2016 3:08:52 PM,unknown,unknown,application,Microsoft-Windows-Security-SPP,902,0.0852338009565427,Normal,NORMAL
12/17/2016 3:08:52 PM,unknown,unknown,application,Microsoft-Windows-Security-SPP,1037,0.08064745876187968,Normal,NORMAL
12/17/2016 3:08:52 PM,unknown,unknown,application,Microsoft-Windows-Security-SPP,1003,0.06019049615042338,Normal,NORMAL
12/17/2016 3:08:52 PM,unknown,unknown,application,Microsoft-Windows-Security-SPP,1066,0.034126989003754826,Normal,NORMAL
12/17/2016 3:08:52 PM,unknown,unknown,application,Microsoft-Windows-Security-SPP,900,0.08275599773819359,Normal,NORMAL
12/17/2016 2:39:22 PM,unknown,unknown,application,Microsoft-Windows-Security-SPP,903,0.09254685014740116,Normal,NORMAL
12/17/2016 2:39:22 PM,unknown,unknown,application,Microsoft-Windows-Security-SPP,16384,-0.032110220296730274,Anomalie,HIGH
12/17/2016 2:38:52 PM,unknown,unknown,application,Microsoft-Windows-Security-SPP,902,0.09886375197299441,Normal,NORMAL
12/17/2016 2:38:52 PM,unknown,unknown,application,Microsoft-Windows-Security-SPP,1037,0.09280019764733105,Normal,NORMAL
12/17/2016 2:38:52 PM,unknown,unknown,application,Microsoft-Windows-Security-SPP,1003,0.07690046436822129,Normal,NORMAL
12/17/2016 2:38:52 PM,unknown,unknown,application,Microsoft-Windows-Security-SPP,1066,0.04489519733943398,Normal,NORMAL
12/17/2016 2:38:52 PM,unknown,unknown,application,Microsoft-Windows-Security-SPP,900,0.09576200686555869,Normal,NORMAL
12/17/2016 2:09:22 PM,unknown,unknown,application,Microsoft-Windows-Security-SPP,903,0.08314077631967859,Normal,NORMAL
12/17/2016 2:09:22 PM,unknown,unknown,application,Microsoft-Windows-Security-SPP,16384,-0.04210035815477442,Anomalie,HIGH
12/17/2016 2:08:52 PM,unknown,unknown,application,Microsoft-Windows-Security-SPP,902,0.08567574594602334,Normal,NORMAL
12/17/2016 2:08:52 PM,unknown,unknown,application,Microsoft-Windows-Security-SPP,1037,0.08074408207910705,Normal,NORMAL
12/17/2016 2:08:52 PM,unknown,unknown,application,Microsoft-Windows-Security-SPP,1003,0.06010133422018016,Normal,NORMAL
12/17/2016 2:08:52 PM,unknown,unknown,application,Microsoft-Windows-Security-SPP,1066,0.033066617055325986,Normal,NORMAL
12/17/2016 2:08:52 PM,unknown,unknown,application,Microsoft-Windows-Security-SPP,900,0.08223986527669619,Normal,NORMAL
12/17/2016 1:39:22 PM,unknown,unknown,application,Microsoft-Windows-Security-SPP,903,0.09102129117131297,Normal,NORMAL
12/17/2016 1:39:22 PM,unknown,unknown,application,Microsoft-Windows-Security-SPP,16384,-0.03757454137918792,Anomalie,HIGH
12/17/2016 1:38:52 PM,unknown,unknown,application,Microsoft-Windows-Security-SPP,902,0.09748525796568869,Normal,NORMAL
12/17/2016 1:38:52 PM,unknown,unknown,application,Microsoft-Windows-Security-SPP,1037,0.09182522665142301,Normal,NORMAL
12/17/2016 1:38:52 PM,unknown,unknown,application,Microsoft-Windows-Security-SPP,1003,0.07839583714246257,Normal,NORMAL
12/17/2016 1:38:52 PM,unknown,unknown,application,Microsoft-Windows-Security-SPP,1066,0.04516282671933225,Normal,NORMAL
12/17/2016 1:38:52 PM,unknown,unknown,application,Microsoft-Windows-Security-SPP,900,0.09482627341212096,Normal,NORMAL
12/17/2016 1:09:22 PM,unknown,unknown,application,Microsoft-Windows-Security-SPP,903,0.08087006042625677,Normal,NORMAL
12/17/2016 1:09:22 PM,unknown,unknown,application,Microsoft-Windows-Security-SPP,16384,-0.04494337099734991,Anomalie,HIGH
12/17/2016 1:08:52 PM,unknown,unknown,application,Microsoft-Windows-Security-SPP,902,0.08441035587451312,Normal,NORMAL
12/17/2016 1:08:52 PM,unknown,unknown,application,Microsoft-Windows-Security-SPP,1037,0.0798999489660383,Normal,NORMAL
12/17/2016 1:08:52 PM,unknown,unknown,application,Microsoft-Windows-Security-SPP,1003,0.062370302850376313,Normal,NORMAL
12/17/2016 1:08:52 PM,unknown,unknown,application,Microsoft-Windows-Security-SPP,1066,0.03588968299863893,Normal,NORMAL
12/17/2016 1:08:52 PM,unknown,unknown,application,Microsoft-Windows-Security-SPP,900,0.08143202818087664,Normal,NORMAL
12/17/2016 12:39:22 PM,unknown,unknown,application,Microsoft-Windows-Security-SPP,903,0.09074536482213241,Normal,NORMAL
12/17/2016 12:39:22 PM,unknown,unknown,application,Microsoft-Windows-Security-SPP,16384,-0.0341357736605008,Anomalie,HIGH
12/17/2016 12:38:52 PM,unknown,unknown,application,Microsoft-Windows-Security-SPP,902,0.09749243799923824,Normal,NORMAL
12/17/2016 12:38:51 PM,unknown,unknown,application,Microsoft-Windows-Security-SPP,1037,0.09285858159471161,Normal,NORMAL
12/17/2016 12:38:51 PM,unknown,unknown,application,Microsoft-Windows-Security-SPP,1003,0.07907615012511471,Normal,NORMAL
12/17/2016 12:38:51 PM,unknown,unknown,application,Microsoft-Windows-Security-SPP,1066,0.04712690706327449,Normal,NORMAL
12/17/2016 12:38:51 PM,unknown,unknown,application,Microsoft-Windows-Security-SPP,900,0.09489167939542908,Normal,NORMAL
12/17/2016 12:09:22 PM,unknown,unknown,application,Microsoft-Windows-Security-SPP,903,0.0825411739422871,Normal,NORMAL
12/17/2016 12:09:22 PM,unknown,unknown,application,Microsoft-Windows-Security-SPP,16384,-0.04207442634350167,Anomalie,HIGH
12/17/2016 12:08:51 PM,unknown,unknown,application,Microsoft-Windows-Security-SPP,902,0.0860676663063411,Normal,NORMAL
12/17/2016 12:08:51 PM,unknown,unknown,application,Microsoft-Windows-Security-SPP,1037,0.08340710637955517,Normal,NORMAL
12/17/2016 12:08:51 PM,unknown,unknown,application,Microsoft-Windows-Security-SPP,1003,0.06562223036833209,Normal,NORMAL
12/17/2016 12:08:51 PM,unknown,unknown,application,Microsoft-Windows-Security-SPP,1066,0.039756141125832034,Normal,NORMAL
12/17/2016 12:08:51 PM,unknown,unknown,application,Microsoft-Windows-Security-SPP,900,0.08316077646160536,Normal,NORMAL
12/17/2016 11:39:21 AM,unknown,unknown,application,Microsoft-Windows-Security-SPP,903,0.091300775439914,Normal,NORMAL
12/17/2016 11:39:21 AM,unknown,unknown,application,Microsoft-Windows-Security-SPP,16384,-0.03775923315618013,Anomalie,HIGH
12/17/2016 11:38:51 AM,unknown,unknown,application,Microsoft-Windows-Security-SPP,902,0.09790747314243164,Normal,NORMAL
12/17/2016 11:38:51 AM,unknown,unknown,application,Microsoft-Windows-Security-SPP,1037,0.09283017769366053,Normal,NORMAL
12/17/2016 11:38:51 AM,unknown,unknown,application,Microsoft-Windows-Security-SPP,1003,0.07974949001858678,Normal,NORMAL
12/17/2016 11:38:51 AM,unknown,unknown,application,Microsoft-Windows-Security-SPP,1066,0.04844222996009273,Normal,NORMAL
12/17/2016 11:38:51 AM,unknown,unknown,application,Microsoft-Windows-Security-SPP,900,0.09582789345442827,Normal,NORMAL
12/17/2016 11:09:21 AM,unknown,unknown,application,Microsoft-Windows-Security-SPP,903,0.08385562342574193,Normal,NORMAL
12/17/2016 11:09:21 AM,unknown,unknown,application,Microsoft-Windows-Security-SPP,16384,-0.046353942226663336,Anomalie,HIGH
12/17/2016 11:08:51 AM,unknown,unknown,application,Microsoft-Windows-Security-SPP,902,0.08737125868360573,Normal,NORMAL
12/17/2016 11:08:51 AM,unknown,unknown,application,Microsoft-Windows-Security-SPP,1037,0.0841975768345144,Normal,NORMAL
12/17/2016 11:08:51 AM,unknown,unknown,application,Microsoft-Windows-Security-SPP,1003,0.06668110071166228,Normal,NORMAL
12/17/2016 11:08:51 AM,unknown,unknown,application,Microsoft-Windows-Security-SPP,1066,0.043181416846431675,Normal,NORMAL
12/17/2016 11:08:51 AM,unknown,unknown,application,Microsoft-Windows-Security-SPP,900,0.08514194610885889,Normal,NORMAL
12/17/2016 10:59:36 AM,unknown,unknown,application,Desktop Window Manager,9009,-0.12283629360989845,Anomalie,HIGH
12/17/2016 10:39:21 AM,unknown,unknown,application,Microsoft-Windows-Security-SPP,903,0.09056744608001283,Normal,NORMAL
12/17/2016 10:39:21 AM,unknown,unknown,application,Microsoft-Windows-Security-SPP,16384,-0.039219171114064255,Anomalie,HIGH
12/17/2016 10:38:51 AM,unknown,unknown,application,Microsoft-Windows-Security-SPP,902,0.09736541217037509,Normal,NORMAL
12/17/2016 10:38:51 AM,unknown,unknown,application,Microsoft-Windows-Security-SPP,1037,0.09384936052211146,Normal,NORMAL
12/17/2016 10:38:51 AM,unknown,unknown,application,Microsoft-Windows-Security-SPP,1003,0.07744357957996989,Normal,NORMAL
12/17/2016 10:38:51 AM,unknown,unknown,application,Microsoft-Windows-Security-SPP,1066,0.04777510400669199,Normal,NORMAL
12/17/2016 10:38:51 AM,unknown,unknown,application,Microsoft-Windows-Security-SPP,900,0.09528309362161702,Normal,NORMAL
12/17/2016 10:09:21 AM,unknown,unknown,application,Microsoft-Windows-Security-SPP,903,0.08639573772050824,Normal,NORMAL
12/17/2016 10:09:21 AM,unknown,unknown,application,Microsoft-Windows-Security-SPP,16384,-0.04545690085255083,Anomalie,HIGH
12/17/2016 10:08:51 AM,unknown,unknown,application,Microsoft-Windows-Security-SPP,902,0.0880308887450717,Normal,NORMAL
12/17/2016 10:08:51 AM,unknown,unknown,application,Microsoft-Windows-Security-SPP,1037,0.08590156911936547,Normal,NORMAL
12/17/2016 10:08:51 AM,unknown,unknown,application,Microsoft-Windows-Security-SPP,1003,0.06602759727551516,Normal,NORMAL
12/17/2016 10:08:51 AM,unknown,unknown,application,Microsoft-Windows-Security-SPP,1066,0.04368310005408482,Normal,NORMAL
12/17/2016 10:08:51 AM,unknown,unknown,application,Microsoft-Windows-Security-SPP,900,0.08580505986325632,Normal,NORMAL
12/17/2016 9:39:21 AM,unknown,unknown,application,Microsoft-Windows-Security-SPP,903,0.08916098354339075,Normal,NORMAL
12/17/2016 9:39:21 AM,unknown,unknown,application,Microsoft-Windows-Security-SPP,16384,-0.042768757632861476,Anomalie,HIGH
12/17/2016 9:38:51 AM,unknown,unknown,application,Microsoft-Windows-Security-SPP,902,0.09673832204253147,Normal,NORMAL
12/17/2016 9:38:51 AM,unknown,unknown,application,Microsoft-Windows-Security-SPP,1037,0.09363895842231862,Normal,NORMAL
12/17/2016 9:38:51 AM,unknown,unknown,application,Microsoft-Windows-Security-SPP,1003,0.07669066200232949,Normal,NORMAL
12/17/2016 9:38:51 AM,unknown,unknown,application,Microsoft-Windows-Security-SPP,1066,0.0465383952061757,Normal,NORMAL
12/17/2016 9:38:51 AM,unknown,unknown,application,Microsoft-Windows-Security-SPP,900,0.09433846880219604,Normal,NORMAL
12/17/2016 9:09:21 AM,unknown,unknown,application,Microsoft-Windows-Security-SPP,903,0.08546108969952265,Normal,NORMAL
12/17/2016 9:09:21 AM,unknown,unknown,application,Microsoft-Windows-Security-SPP,16384,-0.048313856410295286,Anomalie,HIGH
12/17/2016 9:08:51 AM,unknown,unknown,application,Microsoft-Windows-Security-SPP,902,0.08677976298072865,Normal,NORMAL
12/17/2016 9:08:50 AM,unknown,unknown,application,Microsoft-Windows-Security-SPP,1037,0.08434614410891356,Normal,NORMAL
12/17/2016 9:08:50 AM,unknown,unknown,application,Microsoft-Windows-Security-SPP,1003,0.06484396569914302,Normal,NORMAL
12/17/2016 9:08:50 AM,unknown,unknown,application,Microsoft-Windows-Security-SPP,1066,0.04265776362169388,Normal,NORMAL
12/17/2016 9:08:50 AM,unknown,unknown,application,Microsoft-Windows-Security-SPP,900,0.08454732654986985,Normal,NORMAL
12/17/2016 8:39:21 AM,unknown,unknown,application,Microsoft-Windows-Security-SPP,903,0.08780563450602574,Normal,NORMAL
12/17/2016 8:39:21 AM,unknown,unknown,application,Microsoft-Windows-Security-SPP,16384,-0.04775856972290293,Anomalie,HIGH
12/17/2016 8:38:50 AM,unknown,unknown,application,Microsoft-Windows-Security-SPP,902,0.0959258424495425,Normal,NORMAL
12/17/2016 8:38:50 AM,unknown,unknown,application,Microsoft-Windows-Security-SPP,1037,0.09282037785339448,Normal,NORMAL
12/17/2016 8:38:50 AM,unknown,unknown,application,Microsoft-Windows-Security-SPP,1003,0.07462668926640059,Normal,NORMAL
12/17/2016 8:38:50 AM,unknown,unknown,application,Microsoft-Windows-Security-SPP,1066,0.042411649158527465,Normal,NORMAL
12/17/2016 8:38:50 AM,unknown,unknown,application,Microsoft-Windows-Security-SPP,900,0.09362095302935175,Normal,NORMAL
12/17/2016 8:09:20 AM,unknown,unknown,application,Microsoft-Windows-Security-SPP,903,0.08228890805710115,Normal,NORMAL
12/17/2016 8:09:20 AM,unknown,unknown,application,Microsoft-Windows-Security-SPP,16384,-0.0506171575114811,Anomalie,HIGH
12/17/2016 8:08:50 AM,unknown,unknown,application,Microsoft-Windows-Security-SPP,902,0.08361744646958441,Normal,NORMAL
12/17/2016 8:08:50 AM,unknown,unknown,application,Microsoft-Windows-Security-SPP,1037,0.08009010239704017,Normal,NORMAL
12/17/2016 8:08:50 AM,unknown,unknown,application,Microsoft-Windows-Security-SPP,1003,0.05998929215180093,Normal,NORMAL
12/17/2016 8:08:50 AM,unknown,unknown,application,Microsoft-Windows-Security-SPP,1066,0.036359443153598126,Normal,NORMAL
12/17/2016 8:08:50 AM,unknown,unknown,application,Microsoft-Windows-Security-SPP,900,0.08104387557486764,Normal,NORMAL
12/17/2016 7:39:20 AM,unknown,unknown,application,Microsoft-Windows-Security-SPP,903,0.08191949626542594,Normal,NORMAL
12/17/2016 7:39:20 AM,unknown,unknown,application,Microsoft-Windows-Security-SPP,16384,-0.047062406777881316,Anomalie,HIGH
12/17/2016 7:38:50 AM,unknown,unknown,application,Microsoft-Windows-Security-SPP,902,0.08980473474185957,Normal,NORMAL
12/17/2016 7:38:50 AM,unknown,unknown,application,Microsoft-Windows-Security-SPP,1037,0.08747053699406127,Normal,NORMAL
12/17/2016 7:38:50 AM,unknown,unknown,application,Microsoft-Windows-Security-SPP,1003,0.06643256041136558,Normal,NORMAL
12/17/2016 7:38:50 AM,unknown,unknown,application,Microsoft-Windows-Security-SPP,1066,0.03569298669933724,Normal,NORMAL
12/17/2016 7:38:50 AM,unknown,unknown,application,Microsoft-Windows-Security-SPP,900,0.08746573071378888,Normal,NORMAL
12/17/2016 7:09:20 AM,unknown,unknown,application,Microsoft-Windows-Security-SPP,903,0.07600264341291108,Normal,NORMAL
12/17/2016 7:09:20 AM,unknown,unknown,application,Microsoft-Windows-Security-SPP,16384,-0.049944763748082655,Anomalie,HIGH
12/17/2016 7:08:50 AM,unknown,unknown,application,Microsoft-Windows-Security-SPP,902,0.07826957713346228,Normal,NORMAL
12/17/2016 7:08:50 AM,unknown,unknown,application,Microsoft-Windows-Security-SPP,1037,0.07518363601794131,Normal,NORMAL
12/17/2016 7:08:50 AM,unknown,unknown,application,Microsoft-Windows-Security-SPP,1003,0.05314048922970388,Normal,NORMAL
12/17/2016 7:08:50 AM,unknown,unknown,application,Microsoft-Windows-Security-SPP,1066,0.029956597730147583,Normal,NORMAL
12/17/2016 7:08:50 AM,unknown,unknown,application,Microsoft-Windows-Security-SPP,900,0.07513025061818479,Normal,NORMAL
12/17/2016 6:39:20 AM,unknown,unknown,application,Microsoft-Windows-Security-SPP,903,0.08064631040071335,Normal,NORMAL
12/17/2016 6:39:20 AM,unknown,unknown,application,Microsoft-Windows-Security-SPP,16384,-0.0531056713340341,Anomalie,HIGH
12/17/2016 6:38:50 AM,unknown,unknown,application,Microsoft-Windows-Security-SPP,902,0.08855502908625257,Normal,NORMAL
12/17/2016 6:38:50 AM,unknown,unknown,application,Microsoft-Windows-Security-SPP,1037,0.0854975385547545,Normal,NORMAL
12/17/2016 6:38:50 AM,unknown,unknown,application,Microsoft-Windows-Security-SPP,1003,0.06399743175795425,Normal,NORMAL
