timestamp,source_ip,dest_ip,log_source,source_name,event_id,anomaly_score,prediction,alert_level
12/19/2016 3:51:15 PM,unknown,unknown,application,Desktop Window Manager,9009,-0.11451784008818011,Anomalie,HIGH
12/19/2016 3:48:39 PM,unknown,unknown,application,RSyslogWindowsAgent,151,-0.1369208927712533,Anomalie,HIGH
12/19/2016 3:48:39 PM,unknown,unknown,application,RSyslogWindowsAgent,114,-0.11544544464706374,Anomalie,HIGH
12/19/2016 3:48:38 PM,unknown,unknown,application,RSyslogWindowsAgent,114,-0.11544544464706374,Anomalie,HIGH
12/19/2016 3:48:25 PM,unknown,unknown,application,RSyslogWindowsAgent,114,-0.11544544464706374,Anomalie,HIGH
12/19/2016 3:48:24 PM,unknown,unknown,application,RSyslogWindowsAgent,114,-0.11544544464706374,Anomalie,HIGH
12/19/2016 3:48:23 PM,unknown,unknown,application,RSyslogWindowsAgent,114,-0.11544544464706374,Anomalie,HIGH
12/19/2016 3:48:22 PM,unknown,unknown,application,RSyslogWindowsAgent,114,-0.11544544464706374,Anomalie,HIGH
12/19/2016 3:48:09 PM,unknown,unknown,application,RSyslogWindowsAgent,114,-0.11544544464706374,Anomalie,HIGH
12/19/2016 3:48:08 PM,unknown,unknown,application,RSyslogWindowsAgent,114,-0.11544544464706374,Anomalie,HIGH
12/19/2016 3:48:07 PM,unknown,unknown,application,RSyslogWindowsAgent,114,-0.11544544464706374,Anomalie,HIGH
12/19/2016 3:48:06 PM,unknown,unknown,application,RSyslogWindowsAgent,114,-0.11544544464706374,Anomalie,HIGH
12/19/2016 3:47:53 PM,unknown,unknown,application,RSyslogWindowsAgent,114,-0.11345994769261492,Anomalie,HIGH
12/19/2016 3:47:52 PM,unknown,unknown,application,RSyslogWindowsAgent,114,-0.11345994769261492,Anomalie,HIGH
12/19/2016 3:47:51 PM,unknown,unknown,application,RSyslogWindowsAgent,114,-0.11345994769261492,Anomalie,HIGH
12/19/2016 3:47:50 PM,unknown,unknown,application,RSyslogWindowsAgent,114,-0.11345994769261492,Anomalie,HIGH
12/19/2016 3:47:35 PM,unknown,unknown,application,RSyslogWindowsAgent,114,-0.11345994769261492,Anomalie,HIGH
12/19/2016 3:47:34 PM,unknown,unknown,application,RSyslogWindowsAgent,114,-0.11345994769261492,Anomalie,HIGH
12/19/2016 3:47:19 PM,unknown,unknown,application,RSyslogWindowsAgent,114,-0.11345994769261492,Anomalie,HIGH
12/19/2016 3:47:18 PM,unknown,unknown,application,RSyslogWindowsAgent,114,-0.11345994769261492,Anomalie,HIGH
12/19/2016 3:47:02 PM,unknown,unknown,application,RSyslogWindowsAgent,114,-0.11345994769261492,Anomalie,HIGH
12/19/2016 3:46:46 PM,unknown,unknown,application,RSyslogWindowsAgent,114,-0.10977795518105637,Anomalie,HIGH
12/19/2016 3:46:33 PM,unknown,unknown,application,RSyslogWindowsAgent,114,-0.10977795518105637,Anomalie,HIGH
12/19/2016 3:46:30 PM,unknown,unknown,application,RSyslogWindowsAgent,114,-0.10977795518105637,Anomalie,HIGH
12/19/2016 3:39:52 PM,unknown,unknown,application,Microsoft-Windows-Security-SPP,903,0.060679221502019376,Normal,NORMAL
12/19/2016 3:39:52 PM,unknown,unknown,application,Microsoft-Windows-Security-SPP,16384,-0.0626508034730926,Anomalie,HIGH
12/19/2016 3:39:22 PM,unknown,unknown,application,Microsoft-Windows-Security-SPP,902,0.0679711672989346,Normal,NORMAL
12/19/2016 3:39:22 PM,unknown,unknown,application,Microsoft-Windows-Security-SPP,1037,0.058113064733167574,Normal,NORMAL
12/19/2016 3:39:22 PM,unknown,unknown,application,Microsoft-Windows-Security-SPP,1003,0.04413057316416924,Normal,NORMAL
12/19/2016 3:39:22 PM,unknown,unknown,application,Microsoft-Windows-Security-SPP,1066,0.020140402139497693,Normal,NORMAL
12/19/2016 3:39:22 PM,unknown,unknown,application,Microsoft-Windows-Security-SPP,900,0.06431433091110839,Normal,NORMAL
12/19/2016 3:16:24 PM,unknown,unknown,application,RSyslogWindowsAgent,151,-0.12981487323715368,Anomalie,HIGH
12/19/2016 3:16:24 PM,unknown,unknown,application,RSyslogWindowsAgent,114,-0.1057415411826661,Anomalie,HIGH
12/19/2016 3:16:23 PM,unknown,unknown,application,RSyslogWindowsAgent,114,-0.1057415411826661,Anomalie,HIGH
12/19/2016 3:16:22 PM,unknown,unknown,application,RSyslogWindowsAgent,114,-0.1057415411826661,Anomalie,HIGH
12/19/2016 3:16:21 PM,unknown,unknown,application,RSyslogWindowsAgent,114,-0.1057415411826661,Anomalie,HIGH
12/19/2016 3:16:20 PM,unknown,unknown,application,RSyslogWindowsAgent,114,-0.1057415411826661,Anomalie,HIGH
12/19/2016 3:16:07 PM,unknown,unknown,application,RSyslogWindowsAgent,114,-0.1057415411826661,Anomalie,HIGH
12/19/2016 3:16:06 PM,unknown,unknown,application,RSyslogWindowsAgent,114,-0.1057415411826661,Anomalie,HIGH
12/19/2016 3:16:05 PM,unknown,unknown,application,RSyslogWindowsAgent,114,-0.1057415411826661,Anomalie,HIGH
12/19/2016 3:16:04 PM,unknown,unknown,application,RSyslogWindowsAgent,114,-0.1057415411826661,Anomalie,HIGH
12/19/2016 3:16:03 PM,unknown,unknown,application,RSyslogWindowsAgent,114,-0.1057415411826661,Anomalie,HIGH
12/19/2016 3:15:51 PM,unknown,unknown,application,RSyslogWindowsAgent,114,-0.10825403930871969,Anomalie,HIGH
12/19/2016 3:15:50 PM,unknown,unknown,application,RSyslogWindowsAgent,114,-0.10825403930871969,Anomalie,HIGH
12/19/2016 3:15:49 PM,unknown,unknown,application,RSyslogWindowsAgent,114,-0.10825403930871969,Anomalie,HIGH
12/19/2016 3:15:48 PM,unknown,unknown,application,RSyslogWindowsAgent,114,-0.10825403930871969,Anomalie,HIGH
12/19/2016 3:15:47 PM,unknown,unknown,application,RSyslogWindowsAgent,114,-0.10825403930871969,Anomalie,HIGH
12/19/2016 3:15:31 PM,unknown,unknown,application,RSyslogWindowsAgent,114,-0.10825403930871969,Anomalie,HIGH
12/19/2016 3:15:15 PM,unknown,unknown,application,RSyslogWindowsAgent,114,-0.10825403930871969,Anomalie,HIGH
12/19/2016 3:14:59 PM,unknown,unknown,application,RSyslogWindowsAgent,114,-0.1094846448746607,Anomalie,HIGH
12/19/2016 3:14:43 PM,unknown,unknown,application,RSyslogWindowsAgent,114,-0.1094846448746607,Anomalie,HIGH
12/19/2016 3:09:52 PM,unknown,unknown,application,Microsoft-Windows-Security-SPP,903,0.054323700650539264,Normal,NORMAL
12/19/2016 3:09:52 PM,unknown,unknown,application,Microsoft-Windows-Security-SPP,16384,-0.07624285198560854,Anomalie,HIGH
12/19/2016 3:09:22 PM,unknown,unknown,application,Microsoft-Windows-Security-SPP,902,0.06150177088983955,Normal,NORMAL
12/19/2016 3:09:22 PM,unknown,unknown,application,Microsoft-Windows-Security-SPP,1037,0.05440868202669641,Normal,NORMAL
12/19/2016 3:09:22 PM,unknown,unknown,application,Microsoft-Windows-Security-SPP,1003,0.04204831829908351,Normal,NORMAL
12/19/2016 3:09:22 PM,unknown,unknown,application,Microsoft-Windows-Security-SPP,1066,0.022974720093112633,Normal,NORMAL
12/19/2016 3:09:22 PM,unknown,unknown,application,Microsoft-Windows-Security-SPP,900,0.059579002712571494,Normal,NORMAL
12/19/2016 2:44:35 PM,unknown,unknown,application,RSyslogWindowsAgent,151,-0.12786829461456273,Anomalie,HIGH
12/19/2016 2:44:35 PM,unknown,unknown,application,RSyslogWindowsAgent,114,-0.10240327666710569,Anomalie,HIGH
12/19/2016 2:44:34 PM,unknown,unknown,application,RSyslogWindowsAgent,114,-0.10240327666710569,Anomalie,HIGH
12/19/2016 2:44:33 PM,unknown,unknown,application,RSyslogWindowsAgent,114,-0.10240327666710569,Anomalie,HIGH
12/19/2016 2:44:22 PM,unknown,unknown,application,RSyslogWindowsAgent,114,-0.10240327666710569,Anomalie,HIGH
12/19/2016 2:44:21 PM,unknown,unknown,application,RSyslogWindowsAgent,114,-0.10240327666710569,Anomalie,HIGH
12/19/2016 2:44:20 PM,unknown,unknown,application,RSyslogWindowsAgent,114,-0.10240327666710569,Anomalie,HIGH
12/19/2016 2:44:19 PM,unknown,unknown,application,RSyslogWindowsAgent,114,-0.10240327666710569,Anomalie,HIGH
12/19/2016 2:44:18 PM,unknown,unknown,application,RSyslogWindowsAgent,114,-0.10240327666710569,Anomalie,HIGH
12/19/2016 2:44:17 PM,unknown,unknown,application,RSyslogWindowsAgent,114,-0.10240327666710569,Anomalie,HIGH
12/19/2016 2:44:01 PM,unknown,unknown,application,RSyslogWindowsAgent,114,-0.10240327666710569,Anomalie,HIGH
12/19/2016 2:43:45 PM,unknown,unknown,application,RSyslogWindowsAgent,114,-0.10185414145830529,Anomalie,HIGH
12/19/2016 2:43:29 PM,unknown,unknown,application,RSyslogWindowsAgent,114,-0.10185414145830529,Anomalie,HIGH
12/19/2016 2:43:13 PM,unknown,unknown,application,RSyslogWindowsAgent,114,-0.10185414145830529,Anomalie,HIGH
12/19/2016 2:42:57 PM,unknown,unknown,application,RSyslogWindowsAgent,114,-0.10089238499550168,Anomalie,HIGH
12/19/2016 2:42:41 PM,unknown,unknown,application,RSyslogWindowsAgent,114,-0.10089238499550168,Anomalie,HIGH
12/19/2016 2:42:25 PM,unknown,unknown,application,RSyslogWindowsAgent,114,-0.10089238499550168,Anomalie,HIGH
12/19/2016 2:42:09 PM,unknown,unknown,application,RSyslogWindowsAgent,114,-0.10089238499550168,Anomalie,HIGH
12/19/2016 2:41:53 PM,unknown,unknown,application,RSyslogWindowsAgent,114,-0.0971767920966976,Anomalie,HIGH
12/19/2016 2:41:37 PM,unknown,unknown,application,RSyslogWindowsAgent,114,-0.0971767920966976,Anomalie,HIGH
12/19/2016 2:41:23 PM,unknown,unknown,application,RSyslogWindowsAgent,114,-0.0971767920966976,Anomalie,HIGH
12/19/2016 2:41:21 PM,unknown,unknown,application,RSyslogWindowsAgent,114,-0.0971767920966976,Anomalie,HIGH
12/19/2016 2:39:52 PM,unknown,unknown,application,Microsoft-Windows-Security-SPP,903,0.06130173487236801,Normal,NORMAL
12/19/2016 2:39:52 PM,unknown,unknown,application,Microsoft-Windows-Security-SPP,16384,-0.05912057912751567,Anomalie,HIGH
12/19/2016 2:39:22 PM,unknown,unknown,application,Microsoft-Windows-Security-SPP,902,0.06886431122281805,Normal,NORMAL
12/19/2016 2:39:22 PM,unknown,unknown,application,Microsoft-Windows-Security-SPP,1037,0.05794948573443276,Normal,NORMAL
12/19/2016 2:39:22 PM,unknown,unknown,application,Microsoft-Windows-Security-SPP,1003,0.04617239348722285,Normal,NORMAL
12/19/2016 2:39:22 PM,unknown,unknown,application,Microsoft-Windows-Security-SPP,1066,0.021724593774788525,Normal,NORMAL
12/19/2016 2:39:22 PM,unknown,unknown,application,Microsoft-Windows-Security-SPP,900,0.0648517958034362,Normal,NORMAL
12/19/2016 2:11:18 PM,unknown,unknown,application,RSyslogWindowsAgent,151,-0.13156947693425858,Anomalie,HIGH
12/19/2016 2:11:18 PM,unknown,unknown,application,RSyslogWindowsAgent,114,-0.10730346724703321,Anomalie,HIGH
12/19/2016 2:11:17 PM,unknown,unknown,application,RSyslogWindowsAgent,114,-0.10730346724703321,Anomalie,HIGH
12/19/2016 2:11:16 PM,unknown,unknown,application,RSyslogWindowsAgent,114,-0.10730346724703321,Anomalie,HIGH
12/19/2016 2:11:12 PM,unknown,unknown,application,RSyslogWindowsAgent,114,-0.10730346724703321,Anomalie,HIGH
12/19/2016 2:11:05 PM,unknown,unknown,application,RSyslogWindowsAgent,114,-0.10730346724703321,Anomalie,HIGH
12/19/2016 2:11:04 PM,unknown,unknown,application,RSyslogWindowsAgent,114,-0.10730346724703321,Anomalie,HIGH
12/19/2016 2:11:03 PM,unknown,unknown,application,RSyslogWindowsAgent,114,-0.10730346724703321,Anomalie,HIGH
12/19/2016 2:11:02 PM,unknown,unknown,application,RSyslogWindowsAgent,114,-0.10730346724703321,Anomalie,HIGH
12/19/2016 2:11:01 PM,unknown,unknown,application,RSyslogWindowsAgent,114,-0.10730346724703321,Anomalie,HIGH
12/19/2016 2:11:00 PM,unknown,unknown,application,RSyslogWindowsAgent,114,-0.10730346724703321,Anomalie,HIGH
12/19/2016 2:10:56 PM,unknown,unknown,application,RSyslogWindowsAgent,114,-0.1092571910466632,Anomalie,HIGH
12/19/2016 2:10:44 PM,unknown,unknown,application,RSyslogWindowsAgent,114,-0.1092571910466632,Anomalie,HIGH
12/19/2016 2:10:40 PM,unknown,unknown,application,RSyslogWindowsAgent,114,-0.1092571910466632,Anomalie,HIGH
12/19/2016 2:10:28 PM,unknown,unknown,application,RSyslogWindowsAgent,114,-0.1092571910466632,Anomalie,HIGH
12/19/2016 2:10:24 PM,unknown,unknown,application,RSyslogWindowsAgent,114,-0.1092571910466632,Anomalie,HIGH
12/19/2016 2:10:12 PM,unknown,unknown,application,RSyslogWindowsAgent,114,-0.1092571910466632,Anomalie,HIGH
12/19/2016 2:10:08 PM,unknown,unknown,application,RSyslogWindowsAgent,114,-0.1092571910466632,Anomalie,HIGH
12/19/2016 2:10:07 PM,unknown,unknown,application,RSyslogWindowsAgent,114,-0.1092571910466632,Anomalie,HIGH
12/19/2016 2:09:56 PM,unknown,unknown,application,RSyslogWindowsAgent,114,-0.1092571910466632,Anomalie,HIGH
12/19/2016 2:09:52 PM,unknown,unknown,application,RSyslogWindowsAgent,114,-0.1092571910466632,Anomalie,HIGH
12/19/2016 2:09:52 PM,unknown,unknown,application,Microsoft-Windows-Security-SPP,903,0.054697205357246315,Normal,NORMAL
12/19/2016 2:09:52 PM,unknown,unknown,application,Microsoft-Windows-Security-SPP,16384,-0.07375297479191312,Anomalie,HIGH
12/19/2016 2:09:51 PM,unknown,unknown,application,RSyslogWindowsAgent,114,-0.1092571910466632,Anomalie,HIGH
12/19/2016 2:09:37 PM,unknown,unknown,application,RSyslogWindowsAgent,114,-0.1092571910466632,Anomalie,HIGH
12/19/2016 2:09:36 PM,unknown,unknown,application,RSyslogWindowsAgent,114,-0.1092571910466632,Anomalie,HIGH
12/19/2016 2:09:35 PM,unknown,unknown,application,RSyslogWindowsAgent,114,-0.1092571910466632,Anomalie,HIGH
12/19/2016 2:09:22 PM,unknown,unknown,application,Microsoft-Windows-Security-SPP,902,0.06095990677146723,Normal,NORMAL
12/19/2016 2:09:22 PM,unknown,unknown,application,Microsoft-Windows-Security-SPP,1037,0.053267813110701334,Normal,NORMAL
12/19/2016 2:09:22 PM,unknown,unknown,application,Microsoft-Windows-Security-SPP,1003,0.041469904810634284,Normal,NORMAL
12/19/2016 2:09:22 PM,unknown,unknown,application,Microsoft-Windows-Security-SPP,1066,0.021809914074464865,Normal,NORMAL
12/19/2016 2:09:22 PM,unknown,unknown,application,Microsoft-Windows-Security-SPP,900,0.05832504891763024,Normal,NORMAL
12/19/2016 1:39:52 PM,unknown,unknown,application,Microsoft-Windows-Security-SPP,903,0.06154241107542524,Normal,NORMAL
12/19/2016 1:39:52 PM,unknown,unknown,application,Microsoft-Windows-Security-SPP,16384,-0.05962884625063525,Anomalie,HIGH
12/19/2016 1:39:33 PM,unknown,unknown,application,RSyslogWindowsAgent,151,-0.1233434759398423,Anomalie,HIGH
12/19/2016 1:39:33 PM,unknown,unknown,application,RSyslogWindowsAgent,114,-0.10094347036577667,Anomalie,HIGH
12/19/2016 1:39:32 PM,unknown,unknown,application,RSyslogWindowsAgent,114,-0.10094347036577667,Anomalie,HIGH
12/19/2016 1:39:28 PM,unknown,unknown,application,RSyslogWindowsAgent,114,-0.10094347036577667,Anomalie,HIGH
12/19/2016 1:39:27 PM,unknown,unknown,application,RSyslogWindowsAgent,114,-0.10094347036577667,Anomalie,HIGH
12/19/2016 1:39:22 PM,unknown,unknown,application,Microsoft-Windows-Security-SPP,902,0.0697262460193101,Normal,NORMAL
12/19/2016 1:39:22 PM,unknown,unknown,application,Microsoft-Windows-Security-SPP,1037,0.059746563561969834,Normal,NORMAL
12/19/2016 1:39:22 PM,unknown,unknown,application,Microsoft-Windows-Security-SPP,1003,0.04923678420119876,Normal,NORMAL
12/19/2016 1:39:22 PM,unknown,unknown,application,Microsoft-Windows-Security-SPP,1066,0.02294907216654196,Normal,NORMAL
12/19/2016 1:39:22 PM,unknown,unknown,application,Microsoft-Windows-Security-SPP,900,0.06572157977979393,Normal,NORMAL
12/19/2016 1:39:17 PM,unknown,unknown,application,RSyslogWindowsAgent,114,-0.10094347036577667,Anomalie,HIGH
12/19/2016 1:39:16 PM,unknown,unknown,application,RSyslogWindowsAgent,114,-0.10094347036577667,Anomalie,HIGH
12/19/2016 1:39:12 PM,unknown,unknown,application,RSyslogWindowsAgent,114,-0.10094347036577667,Anomalie,HIGH
12/19/2016 1:39:11 PM,unknown,unknown,application,RSyslogWindowsAgent,114,-0.10094347036577667,Anomalie,HIGH
12/19/2016 1:39:01 PM,unknown,unknown,application,RSyslogWindowsAgent,114,-0.10094347036577667,Anomalie,HIGH
12/19/2016 1:39:00 PM,unknown,unknown,application,RSyslogWindowsAgent,114,-0.10094347036577667,Anomalie,HIGH
12/19/2016 1:38:56 PM,unknown,unknown,application,RSyslogWindowsAgent,114,-0.0997057002900903,Anomalie,HIGH
12/19/2016 1:38:55 PM,unknown,unknown,application,RSyslogWindowsAgent,114,-0.0997057002900903,Anomalie,HIGH
12/19/2016 1:10:54 PM,unknown,unknown,application,ESENT,326,-0.056621232708911395,Anomalie,HIGH
12/19/2016 1:10:54 PM,unknown,unknown,application,ESENT,327,-0.05688812512964636,Anomalie,HIGH
12/19/2016 1:10:54 PM,unknown,unknown,application,ESENT,326,-0.05738779338956268,Anomalie,HIGH
12/19/2016 1:10:54 PM,unknown,unknown,application,ESENT,327,-0.05534834708736891,Anomalie,HIGH
12/19/2016 1:10:54 PM,unknown,unknown,application,ESENT,327,-0.05688812512964636,Anomalie,HIGH
12/19/2016 1:10:54 PM,unknown,unknown,application,ESENT,326,-0.05738779338956268,Anomalie,HIGH
12/19/2016 1:09:52 PM,unknown,unknown,application,Microsoft-Windows-Security-SPP,903,0.05727532351256748,Normal,NORMAL
12/19/2016 1:09:52 PM,unknown,unknown,application,Microsoft-Windows-Security-SPP,16384,-0.0703428134212154,Anomalie,HIGH
12/19/2016 1:09:22 PM,unknown,unknown,application,Microsoft-Windows-Security-SPP,902,0.06413579192452801,Normal,NORMAL
12/19/2016 1:09:22 PM,unknown,unknown,application,Microsoft-Windows-Security-SPP,1037,0.057416689276535204,Normal,NORMAL
12/19/2016 1:09:22 PM,unknown,unknown,application,Microsoft-Windows-Security-SPP,1003,0.045777889314988496,Normal,NORMAL
12/19/2016 1:09:22 PM,unknown,unknown,application,Microsoft-Windows-Security-SPP,1066,0.023964105064800345,Normal,NORMAL
12/19/2016 1:09:22 PM,unknown,unknown,application,Microsoft-Windows-Security-SPP,900,0.06151959070536178,Normal,NORMAL
12/19/2016 1:08:53 PM,unknown,unknown,application,RSyslogWindowsAgent,151,-0.13267461237930833,Anomalie,HIGH
12/19/2016 1:08:53 PM,unknown,unknown,application,RSyslogWindowsAgent,114,-0.11403572845218157,Anomalie,HIGH
12/19/2016 1:08:47 PM,unknown,unknown,application,RSyslogWindowsAgent,114,-0.11403572845218157,Anomalie,HIGH
12/19/2016 1:08:46 PM,unknown,unknown,application,RSyslogWindowsAgent,114,-0.11403572845218157,Anomalie,HIGH
12/19/2016 1:08:45 PM,unknown,unknown,application,RSyslogWindowsAgent,114,-0.11403572845218157,Anomalie,HIGH
12/19/2016 1:08:44 PM,unknown,unknown,application,RSyslogWindowsAgent,114,-0.11403572845218157,Anomalie,HIGH
12/19/2016 1:08:43 PM,unknown,unknown,application,RSyslogWindowsAgent,114,-0.11403572845218157,Anomalie,HIGH
12/19/2016 1:08:42 PM,unknown,unknown,application,RSyslogWindowsAgent,114,-0.11403572845218157,Anomalie,HIGH
12/19/2016 1:08:37 PM,unknown,unknown,application,RSyslogWindowsAgent,114,-0.11403572845218157,Anomalie,HIGH
12/19/2016 1:08:26 PM,unknown,unknown,application,RSyslogWindowsAgent,114,-0.11403572845218157,Anomalie,HIGH
12/19/2016 1:08:25 PM,unknown,unknown,application,RSyslogWindowsAgent,114,-0.11403572845218157,Anomalie,HIGH
12/19/2016 12:39:52 PM,unknown,unknown,application,Microsoft-Windows-Security-SPP,903,0.06323457069033306,Normal,NORMAL
12/19/2016 12:39:52 PM,unknown,unknown,application,Microsoft-Windows-Security-SPP,16384,-0.05667343351021559,Anomalie,HIGH
12/19/2016 12:39:22 PM,unknown,unknown,application,Microsoft-Windows-Security-SPP,902,0.07138749030310876,Normal,NORMAL
12/19/2016 12:39:22 PM,unknown,unknown,application,Microsoft-Windows-Security-SPP,1037,0.06211958291819675,Normal,NORMAL
12/19/2016 12:39:22 PM,unknown,unknown,application,Microsoft-Windows-Security-SPP,1003,0.052320507725361065,Normal,NORMAL
12/19/2016 12:39:22 PM,unknown,unknown,application,Microsoft-Windows-Security-SPP,1066,0.02741392014768007,Normal,NORMAL
12/19/2016 12:39:21 PM,unknown,unknown,application,Microsoft-Windows-Security-SPP,900,0.06739795212807892,Normal,NORMAL
12/19/2016 12:38:23 PM,unknown,unknown,application,RSyslogWindowsAgent,151,-0.12728281427026644,Anomalie,HIGH
12/19/2016 12:38:23 PM,unknown,unknown,application,RSyslogWindowsAgent,114,-0.10432793047035815,Anomalie,HIGH
12/19/2016 12:38:22 PM,unknown,unknown,application,RSyslogWindowsAgent,114,-0.10432793047035815,Anomalie,HIGH
12/19/2016 12:38:21 PM,unknown,unknown,application,RSyslogWindowsAgent,114,-0.10432793047035815,Anomalie,HIGH
12/19/2016 12:38:20 PM,unknown,unknown,application,RSyslogWindowsAgent,114,-0.10432793047035815,Anomalie,HIGH
12/19/2016 12:38:13 PM,unknown,unknown,application,RSyslogWindowsAgent,114,-0.10432793047035815,Anomalie,HIGH
12/19/2016 12:38:10 PM,unknown,unknown,application,RSyslogWindowsAgent,114,-0.10432793047035815,Anomalie,HIGH
12/19/2016 12:38:07 PM,unknown,unknown,application,RSyslogWindowsAgent,114,-0.10432793047035815,Anomalie,HIGH
12/19/2016 12:38:06 PM,unknown,unknown,application,RSyslogWindowsAgent,114,-0.10432793047035815,Anomalie,HIGH
12/19/2016 12:38:05 PM,unknown,unknown,application,RSyslogWindowsAgent,114,-0.10432793047035815,Anomalie,HIGH
12/19/2016 12:38:04 PM,unknown,unknown,application,RSyslogWindowsAgent,114,-0.10432793047035815,Anomalie,HIGH
12/19/2016 12:37:57 PM,unknown,unknown,application,RSyslogWindowsAgent,114,-0.10399884973261286,Anomalie,HIGH
12/19/2016 12:37:54 PM,unknown,unknown,application,RSyslogWindowsAgent,114,-0.10399884973261286,Anomalie,HIGH
12/19/2016 12:37:51 PM,unknown,unknown,application,RSyslogWindowsAgent,114,-0.10399884973261286,Anomalie,HIGH
12/19/2016 12:37:50 PM,unknown,unknown,application,RSyslogWindowsAgent,114,-0.10399884973261286,Anomalie,HIGH
12/19/2016 12:37:49 PM,unknown,unknown,application,RSyslogWindowsAgent,114,-0.10399884973261286,Anomalie,HIGH
12/19/2016 12:09:52 PM,unknown,unknown,application,Microsoft-Windows-Security-SPP,903,0.0592576667969581,Normal,NORMAL
12/19/2016 12:09:52 PM,unknown,unknown,application,Microsoft-Windows-Security-SPP,16384,-0.06787801668339122,Anomalie,HIGH
12/19/2016 12:09:21 PM,unknown,unknown,application,Microsoft-Windows-Security-SPP,902,0.06608806123144012,Normal,NORMAL
12/19/2016 12:09:21 PM,unknown,unknown,application,Microsoft-Windows-Security-SPP,1037,0.060075568433332505,Normal,NORMAL
12/19/2016 12:09:21 PM,unknown,unknown,application,Microsoft-Windows-Security-SPP,1003,0.048168634314755876,Normal,NORMAL
12/19/2016 12:09:21 PM,unknown,unknown,application,Microsoft-Windows-Security-SPP,1066,0.027052792518437063,Normal,NORMAL
12/19/2016 12:09:21 PM,unknown,unknown,application,Microsoft-Windows-Security-SPP,900,0.06287224934752622,Normal,NORMAL
12/19/2016 12:07:48 PM,unknown,unknown,application,RSyslogWindowsAgent,151,-0.14337692705929217,Anomalie,HIGH
12/19/2016 12:07:48 PM,unknown,unknown,application,RSyslogWindowsAgent,114,-0.12442740605853575,Anomalie,HIGH
12/19/2016 12:07:43 PM,unknown,unknown,application,RSyslogWindowsAgent,114,-0.12442740605853575,Anomalie,HIGH
12/19/2016 12:07:35 PM,unknown,unknown,application,RSyslogWindowsAgent,114,-0.12442740605853575,Anomalie,HIGH
12/19/2016 12:07:32 PM,unknown,unknown,application,RSyslogWindowsAgent,114,-0.12442740605853575,Anomalie,HIGH
12/19/2016 12:07:27 PM,unknown,unknown,application,RSyslogWindowsAgent,114,-0.12442740605853575,Anomalie,HIGH
12/19/2016 12:07:19 PM,unknown,unknown,application,RSyslogWindowsAgent,114,-0.12442740605853575,Anomalie,HIGH
12/19/2016 12:07:16 PM,unknown,unknown,application,RSyslogWindowsAgent,114,-0.12442740605853575,Anomalie,HIGH
12/19/2016 12:07:11 PM,unknown,unknown,application,RSyslogWindowsAgent,114,-0.12442740605853575,Anomalie,HIGH
12/19/2016 12:07:03 PM,unknown,unknown,application,RSyslogWindowsAgent,114,-0.12442740605853575,Anomalie,HIGH
12/19/2016 12:07:00 PM,unknown,unknown,application,RSyslogWindowsAgent,114,-0.12442740605853575,Anomalie,HIGH
12/19/2016 12:06:55 PM,unknown,unknown,application,RSyslogWindowsAgent,114,-0.1270060233220177,Anomalie,HIGH
12/19/2016 11:39:51 AM,unknown,unknown,application,Microsoft-Windows-Security-SPP,903,0.06336620224449913,Normal,NORMAL
12/19/2016 11:39:51 AM,unknown,unknown,application,Microsoft-Windows-Security-SPP,16384,-0.05843095739055515,Anomalie,HIGH
12/19/2016 11:39:21 AM,unknown,unknown,application,Microsoft-Windows-Security-SPP,902,0.07096768176769225,Normal,NORMAL
12/19/2016 11:39:21 AM,unknown,unknown,application,Microsoft-Windows-Security-SPP,1037,0.0621283954917608,Normal,NORMAL
12/19/2016 11:39:21 AM,unknown,unknown,application,Microsoft-Windows-Security-SPP,1003,0.05179702719002821,Normal,NORMAL
12/19/2016 11:39:21 AM,unknown,unknown,application,Microsoft-Windows-Security-SPP,1066,0.02835369257667042,Normal,NORMAL
12/19/2016 11:39:21 AM,unknown,unknown,application,Microsoft-Windows-Security-SPP,900,0.06749258270577152,Normal,NORMAL
12/19/2016 11:36:47 AM,unknown,unknown,application,RSyslogWindowsAgent,151,-0.1407480857034249,Anomalie,HIGH
12/19/2016 11:36:47 AM,unknown,unknown,application,RSyslogWindowsAgent,114,-0.11782003406851382,Anomalie,HIGH
12/19/2016 11:36:46 AM,unknown,unknown,application,RSyslogWindowsAgent,114,-0.11782003406851382,Anomalie,HIGH
12/19/2016 11:36:34 AM,unknown,unknown,application,RSyslogWindowsAgent,114,-0.11782003406851382,Anomalie,HIGH
12/19/2016 11:36:31 AM,unknown,unknown,application,RSyslogWindowsAgent,114,-0.11782003406851382,Anomalie,HIGH
12/19/2016 11:36:30 AM,unknown,unknown,application,RSyslogWindowsAgent,114,-0.11782003406851382,Anomalie,HIGH
12/19/2016 11:36:18 AM,unknown,unknown,application,RSyslogWindowsAgent,114,-0.11782003406851382,Anomalie,HIGH
12/19/2016 11:36:15 AM,unknown,unknown,application,RSyslogWindowsAgent,114,-0.11782003406851382,Anomalie,HIGH
12/19/2016 11:36:14 AM,unknown,unknown,application,RSyslogWindowsAgent,114,-0.11782003406851382,Anomalie,HIGH
12/19/2016 11:36:02 AM,unknown,unknown,application,RSyslogWindowsAgent,114,-0.11782003406851382,Anomalie,HIGH
12/19/2016 11:36:01 AM,unknown,unknown,application,RSyslogWindowsAgent,114,-0.11782003406851382,Anomalie,HIGH
12/19/2016 11:35:59 AM,unknown,unknown,application,RSyslogWindowsAgent,114,-0.12037177406974087,Anomalie,HIGH
12/19/2016 11:35:58 AM,unknown,unknown,application,RSyslogWindowsAgent,114,-0.12037177406974087,Anomalie,HIGH
12/19/2016 11:35:46 AM,unknown,unknown,application,RSyslogWindowsAgent,114,-0.12037177406974087,Anomalie,HIGH
12/19/2016 11:35:45 AM,unknown,unknown,application,RSyslogWindowsAgent,114,-0.12037177406974087,Anomalie,HIGH
12/19/2016 11:09:51 AM,unknown,unknown,application,Microsoft-Windows-Security-SPP,903,0.05957422126806644,Normal,NORMAL
12/19/2016 11:09:51 AM,unknown,unknown,application,Microsoft-Windows-Security-SPP,16384,-0.07071452677183465,Anomalie,HIGH
12/19/2016 11:09:21 AM,unknown,unknown,application,Microsoft-Windows-Security-SPP,902,0.06609992511994967,Normal,NORMAL
12/19/2016 11:09:21 AM,unknown,unknown,application,Microsoft-Windows-Security-SPP,1037,0.06051975558044759,Normal,NORMAL
12/19/2016 11:09:21 AM,unknown,unknown,application,Microsoft-Windows-Security-SPP,1003,0.04827561922990514,Normal,NORMAL
12/19/2016 11:09:21 AM,unknown,unknown,application,Microsoft-Windows-Security-SPP,1066,0.02906963798699902,Normal,NORMAL
12/19/2016 11:09:21 AM,unknown,unknown,application,Microsoft-Windows-Security-SPP,900,0.06355069890588344,Normal,NORMAL
12/19/2016 11:05:43 AM,unknown,unknown,application,RSyslogWindowsAgent,151,-0.1528177178611908,Anomalie,HIGH
12/19/2016 11:05:43 AM,unknown,unknown,application,RSyslogWindowsAgent,114,-0.1344649646630509,Anomalie,HIGH
12/19/2016 11:05:41 AM,unknown,unknown,application,RSyslogWindowsAgent,114,-0.1344649646630509,Anomalie,HIGH
12/19/2016 11:05:38 AM,unknown,unknown,application,RSyslogWindowsAgent,114,-0.1344649646630509,Anomalie,HIGH
12/19/2016 11:05:37 AM,unknown,unknown,application,RSyslogWindowsAgent,114,-0.1344649646630509,Anomalie,HIGH
12/19/2016 11:05:36 AM,unknown,unknown,application,RSyslogWindowsAgent,114,-0.1344649646630509,Anomalie,HIGH
12/19/2016 11:05:35 AM,unknown,unknown,application,RSyslogWindowsAgent,114,-0.1344649646630509,Anomalie,HIGH
12/19/2016 11:05:34 AM,unknown,unknown,application,RSyslogWindowsAgent,114,-0.1344649646630509,Anomalie,HIGH
12/19/2016 11:05:28 AM,unknown,unknown,application,RSyslogWindowsAgent,114,-0.1344649646630509,Anomalie,HIGH
12/19/2016 11:05:27 AM,unknown,unknown,application,RSyslogWindowsAgent,114,-0.1344649646630509,Anomalie,HIGH
12/19/2016 11:05:25 AM,unknown,unknown,application,RSyslogWindowsAgent,114,-0.1344649646630509,Anomalie,HIGH
12/19/2016 10:31:30 AM,unknown,unknown,application,RSyslogWindowsAgent,151,-0.14039747405417957,Anomalie,HIGH
12/19/2016 10:31:30 AM,unknown,unknown,application,RSyslogWindowsAgent,114,-0.11960636950076586,Anomalie,HIGH
12/19/2016 10:31:20 AM,unknown,unknown,application,RSyslogWindowsAgent,114,-0.11960636950076586,Anomalie,HIGH
12/19/2016 10:31:19 AM,unknown,unknown,application,RSyslogWindowsAgent,114,-0.11960636950076586,Anomalie,HIGH
12/19/2016 10:31:18 AM,unknown,unknown,application,RSyslogWindowsAgent,114,-0.11960636950076586,Anomalie,HIGH
12/19/2016 10:31:17 AM,unknown,unknown,application,RSyslogWindowsAgent,114,-0.11960636950076586,Anomalie,HIGH
12/19/2016 10:31:14 AM,unknown,unknown,application,RSyslogWindowsAgent,114,-0.11960636950076586,Anomalie,HIGH
12/19/2016 10:31:04 AM,unknown,unknown,application,RSyslogWindowsAgent,114,-0.11960636950076586,Anomalie,HIGH
12/19/2016 10:31:03 AM,unknown,unknown,application,RSyslogWindowsAgent,114,-0.11960636950076586,Anomalie,HIGH
12/19/2016 10:31:02 AM,unknown,unknown,application,RSyslogWindowsAgent,114,-0.11960636950076586,Anomalie,HIGH
12/19/2016 10:31:01 AM,unknown,unknown,application,RSyslogWindowsAgent,114,-0.11960636950076586,Anomalie,HIGH
12/19/2016 10:30:48 AM,unknown,unknown,application,RSyslogWindowsAgent,114,-0.12003214948116092,Anomalie,HIGH
12/19/2016 10:30:47 AM,unknown,unknown,application,RSyslogWindowsAgent,114,-0.12003214948116092,Anomalie,HIGH
12/19/2016 10:30:46 AM,unknown,unknown,application,RSyslogWindowsAgent,114,-0.12003214948116092,Anomalie,HIGH
12/19/2016 10:30:45 AM,unknown,unknown,application,RSyslogWindowsAgent,114,-0.12003214948116092,Anomalie,HIGH
12/19/2016 10:30:32 AM,unknown,unknown,application,RSyslogWindowsAgent,114,-0.12003214948116092,Anomalie,HIGH
12/19/2016 10:30:31 AM,unknown,unknown,application,RSyslogWindowsAgent,114,-0.12003214948116092,Anomalie,HIGH
12/19/2016 10:30:30 AM,unknown,unknown,application,RSyslogWindowsAgent,114,-0.12003214948116092,Anomalie,HIGH
12/19/2016 10:30:29 AM,unknown,unknown,application,RSyslogWindowsAgent,114,-0.12126226272592489,Anomalie,HIGH
12/19/2016 10:22:38 AM,unknown,unknown,application,Microsoft-Windows-Security-SPP,903,0.05576055247316536,Normal,NORMAL
12/19/2016 10:22:38 AM,unknown,unknown,application,Microsoft-Windows-Security-SPP,16384,-0.06892920151910331,Anomalie,HIGH
12/19/2016 10:22:08 AM,unknown,unknown,application,Microsoft-Windows-Security-SPP,902,0.0623064801596202,Normal,NORMAL
12/19/2016 10:22:08 AM,unknown,unknown,application,Microsoft-Windows-Security-SPP,1037,0.05561473103723663,Normal,NORMAL
12/19/2016 10:22:08 AM,unknown,unknown,application,Microsoft-Windows-Security-SPP,1003,0.041252496292546736,Normal,NORMAL
12/19/2016 10:22:08 AM,unknown,unknown,application,Microsoft-Windows-Security-SPP,1066,0.022059940837866054,Normal,NORMAL
12/19/2016 10:22:08 AM,unknown,unknown,application,Microsoft-Windows-Security-SPP,900,0.0597983711487009,Normal,NORMAL
12/19/2016 10:14:39 AM,unknown,unknown,application,Desktop Window Manager,9009,-0.11810660208426427,Anomalie,HIGH
12/19/2016 10:14:39 AM,unknown,unknown,application,Desktop Window Manager,9020,-0.23922248693746995,Anomalie,HIGH
12/19/2016 10:14:15 AM,unknown,unknown,application,Windows PowerShell (logit.ps),10,0.049296990485260705,Normal,NORMAL
12/19/2016 10:14:15 AM,unknown,unknown,application,Windows PowerShell (logit.ps),10,-0.024585341895446478,Anomalie,HIGH
12/19/2016 10:14:14 AM,unknown,unknown,application,Windows PowerShell (logit.ps),10,0.04507690201051323,Normal,NORMAL
12/19/2016 10:14:14 AM,unknown,unknown,application,Windows PowerShell (logit.ps),10,-0.006204181475922277,Anomalie,HIGH
12/19/2016 10:14:14 AM,unknown,unknown,application,Windows PowerShell (logit.ps),10,0.049296990485260705,Normal,NORMAL
12/19/2016 10:13:42 AM,unknown,unknown,application,Windows PowerShell (logit.ps),10,0.04754721965364378,Normal,NORMAL
12/19/2016 10:13:42 AM,unknown,unknown,application,Windows PowerShell (logit.ps),10,-0.02582068731931164,Anomalie,HIGH
12/19/2016 10:13:42 AM,unknown,unknown,application,Windows PowerShell (logit.ps),10,0.043311085224568724,Normal,NORMAL
12/19/2016 10:13:42 AM,unknown,unknown,application,Windows PowerShell (logit.ps),10,-0.006204181475922277,Anomalie,HIGH
12/19/2016 10:13:42 AM,unknown,unknown,application,Windows PowerShell (logit.ps),10,0.04754721965364378,Normal,NORMAL
12/19/2016 10:13:09 AM,unknown,unknown,application,Windows PowerShell (logit.ps),10,0.04754721965364378,Normal,NORMAL
12/19/2016 10:13:09 AM,unknown,unknown,application,Windows PowerShell (logit.ps),10,-0.02502180658288944,Anomalie,HIGH
12/19/2016 10:13:09 AM,unknown,unknown,application,Windows PowerShell (logit.ps),10,0.043311085224568724,Normal,NORMAL
12/19/2016 10:13:09 AM,unknown,unknown,application,Windows PowerShell (logit.ps),10,-0.006204181475922277,Anomalie,HIGH
12/19/2016 10:13:09 AM,unknown,unknown,application,Windows PowerShell (logit.ps),10,0.04754721965364378,Normal,NORMAL
12/19/2016 10:12:37 AM,unknown,unknown,application,Windows PowerShell (logit.ps),10,0.046270916710966004,Normal,NORMAL
12/19/2016 10:12:37 AM,unknown,unknown,application,Windows PowerShell (logit.ps),10,-0.027671605825978163,Anomalie,HIGH
12/19/2016 10:12:37 AM,unknown,unknown,application,Windows PowerShell (logit.ps),10,0.0423392508931425,Normal,NORMAL
12/19/2016 10:12:37 AM,unknown,unknown,application,Windows PowerShell (logit.ps),10,-0.006117299099191786,Anomalie,HIGH
12/19/2016 10:12:37 AM,unknown,unknown,application,Windows PowerShell (logit.ps),10,0.046270916710966004,Normal,NORMAL
12/19/2016 10:12:08 AM,unknown,unknown,application,Windows PowerShell (logit.ps),10,0.046270916710966004,Normal,NORMAL
12/19/2016 10:12:08 AM,unknown,unknown,application,Windows PowerShell (logit.ps),10,-0.025411793780209524,Anomalie,HIGH
12/19/2016 10:12:08 AM,unknown,unknown,application,Windows PowerShell (logit.ps),10,0.0423392508931425,Normal,NORMAL
12/19/2016 10:12:08 AM,unknown,unknown,application,Windows PowerShell (logit.ps),10,-0.006613554920990472,Anomalie,HIGH
12/19/2016 10:12:08 AM,unknown,unknown,application,Windows PowerShell (logit.ps),10,0.046270916710966004,Normal,NORMAL
12/19/2016 10:11:35 AM,unknown,unknown,application,Windows PowerShell (logit.ps),10,0.046584216368235454,Normal,NORMAL
12/19/2016 10:11:35 AM,unknown,unknown,application,Windows PowerShell (logit.ps),10,-0.02948322417084437,Anomalie,HIGH
12/19/2016 10:11:35 AM,unknown,unknown,application,Windows PowerShell (logit.ps),10,0.042970954929722915,Normal,NORMAL
12/19/2016 10:11:35 AM,unknown,unknown,application,Windows PowerShell (logit.ps),10,-0.007662178485912552,Anomalie,HIGH
12/19/2016 10:11:35 AM,unknown,unknown,application,Windows PowerShell (logit.ps),10,0.046584216368235454,Normal,NORMAL
12/19/2016 10:11:20 AM,unknown,unknown,application,Desktop Window Manager,9009,-0.11405287075155801,Anomalie,HIGH
12/19/2016 10:11:04 AM,unknown,unknown,application,Windows PowerShell (logit.ps),10,0.046584216368235454,Normal,NORMAL
12/19/2016 10:11:04 AM,unknown,unknown,application,Windows PowerShell (logit.ps),10,-0.028314885038146387,Anomalie,HIGH
12/19/2016 10:11:04 AM,unknown,unknown,application,Windows PowerShell (logit.ps),10,0.042970954929722915,Normal,NORMAL
12/19/2016 10:11:04 AM,unknown,unknown,application,Windows PowerShell (logit.ps),10,-0.006706125482181413,Anomalie,HIGH
12/19/2016 10:11:04 AM,unknown,unknown,application,Windows PowerShell (logit.ps),10,0.046584216368235454,Normal,NORMAL
12/19/2016 10:10:31 AM,unknown,unknown,application,Windows PowerShell (logit.ps),10,0.0470075448613525,Normal,NORMAL
12/19/2016 10:10:31 AM,unknown,unknown,application,Windows PowerShell (logit.ps),10,-0.028711832415167726,Anomalie,HIGH
12/19/2016 10:10:31 AM,unknown,unknown,application,Windows PowerShell (logit.ps),10,0.04339758778091668,Normal,NORMAL
12/19/2016 10:10:31 AM,unknown,unknown,application,Windows PowerShell (logit.ps),10,-0.004870518716206251,Anomalie,HIGH
12/19/2016 10:10:31 AM,unknown,unknown,application,Windows PowerShell (logit.ps),10,0.0470075448613525,Normal,NORMAL
12/19/2016 10:09:59 AM,unknown,unknown,application,Windows PowerShell (logit.ps),10,0.04693763720590749,Normal,NORMAL
12/19/2016 10:09:59 AM,unknown,unknown,application,Windows PowerShell (logit.ps),10,-0.029446480073463954,Anomalie,HIGH
12/19/2016 10:09:59 AM,unknown,unknown,application,Windows PowerShell (logit.ps),10,0.04332713445011638,Normal,NORMAL
12/19/2016 10:09:59 AM,unknown,unknown,application,Windows PowerShell (logit.ps),10,-0.008265145962447873,Anomalie,HIGH
12/19/2016 10:09:59 AM,unknown,unknown,application,Windows PowerShell (logit.ps),10,0.04693763720590749,Normal,NORMAL
12/19/2016 10:09:29 AM,unknown,unknown,application,Windows PowerShell (logit.ps),10,0.04693763720590749,Normal,NORMAL
12/19/2016 10:09:29 AM,unknown,unknown,application,Windows PowerShell (logit.ps),10,-0.029446480073463954,Anomalie,HIGH
12/19/2016 10:09:29 AM,unknown,unknown,application,Windows PowerShell (logit.ps),10,0.04332713445011638,Normal,NORMAL
12/19/2016 10:09:29 AM,unknown,unknown,application,Windows PowerShell (logit.ps),10,-0.008265145962447873,Anomalie,HIGH
12/19/2016 10:09:29 AM,unknown,unknown,application,Windows PowerShell (logit.ps),10,0.04693763720590749,Normal,NORMAL
12/19/2016 10:09:00 AM,unknown,unknown,application,Windows PowerShell (logit.ps),10,0.04693763720590749,Normal,NORMAL
12/19/2016 10:09:00 AM,unknown,unknown,application,Windows PowerShell (logit.ps),10,-0.029446480073463954,Anomalie,HIGH
12/19/2016 10:09:00 AM,unknown,unknown,application,Windows PowerShell (logit.ps),10,0.04332713445011638,Normal,NORMAL
12/19/2016 10:09:00 AM,unknown,unknown,application,Windows PowerShell (logit.ps),10,-0.0068140018168052485,Anomalie,HIGH
12/19/2016 10:09:00 AM,unknown,unknown,application,Windows PowerShell (logit.ps),10,0.04693763720590749,Normal,NORMAL
12/19/2016 10:08:32 AM,unknown,unknown,application,Windows PowerShell (logit.ps),10,0.04331938381373118,Normal,NORMAL
12/19/2016 10:08:32 AM,unknown,unknown,application,Windows PowerShell (logit.ps),10,-0.032484843702352606,Anomalie,HIGH
12/19/2016 10:08:32 AM,unknown,unknown,application,Windows PowerShell (logit.ps),10,0.03968063820395157,Normal,NORMAL
12/19/2016 10:08:32 AM,unknown,unknown,application,Windows PowerShell (logit.ps),10,-0.011204896735851344,Anomalie,HIGH
12/19/2016 10:08:32 AM,unknown,unknown,application,Windows PowerShell (logit.ps),10,0.04331938381373118,Normal,NORMAL
12/19/2016 10:08:04 AM,unknown,unknown,application,Windows PowerShell (logit.ps),10,0.04331938381373118,Normal,NORMAL
12/19/2016 10:08:04 AM,unknown,unknown,application,Windows PowerShell (logit.ps),10,-0.03204228491097272,Anomalie,HIGH
12/19/2016 10:08:04 AM,unknown,unknown,application,Windows PowerShell (logit.ps),10,0.03968063820395157,Normal,NORMAL
12/19/2016 10:08:04 AM,unknown,unknown,application,Windows PowerShell (logit.ps),10,-0.013281660213101176,Anomalie,HIGH
12/19/2016 10:08:04 AM,unknown,unknown,application,Windows PowerShell (logit.ps),10,0.04331938381373118,Normal,NORMAL
12/19/2016 10:07:37 AM,unknown,unknown,application,Windows PowerShell (logit.ps),10,0.03731138824601998,Normal,NORMAL
12/19/2016 10:07:37 AM,unknown,unknown,application,Windows PowerShell (logit.ps),10,-0.03499541012404206,Anomalie,HIGH
12/19/2016 10:07:36 AM,unknown,unknown,application,Windows PowerShell (logit.ps),10,0.03323685394696663,Normal,NORMAL
12/19/2016 10:07:36 AM,unknown,unknown,application,Windows PowerShell (logit.ps),10,-0.01566957289996629,Anomalie,HIGH
12/19/2016 10:07:36 AM,unknown,unknown,application,Windows PowerShell (logit.ps),10,0.03731138824601998,Normal,NORMAL
12/19/2016 10:07:00 AM,unknown,unknown,application,Windows PowerShell (logit.ps),10,0.03731138824601998,Normal,NORMAL
12/19/2016 10:07:00 AM,unknown,unknown,application,Windows PowerShell (logit.ps),10,-0.03499541012404206,Anomalie,HIGH
12/19/2016 10:07:00 AM,unknown,unknown,application,Windows PowerShell (logit.ps),10,0.03323685394696663,Normal,NORMAL
12/19/2016 10:07:00 AM,unknown,unknown,application,Windows PowerShell (logit.ps),10,-0.016132477986225413,Anomalie,HIGH
12/19/2016 10:07:00 AM,unknown,unknown,application,Windows PowerShell (logit.ps),10,0.03731138824601998,Normal,NORMAL
12/19/2016 10:06:34 AM,unknown,unknown,application,Windows PowerShell (logit.ps),10,0.034831283107753686,Normal,NORMAL
12/19/2016 10:06:34 AM,unknown,unknown,application,Windows PowerShell (logit.ps),10,-0.03892342523105308,Anomalie,HIGH
12/19/2016 10:06:33 AM,unknown,unknown,application,Windows PowerShell (logit.ps),10,0.030449740184801788,Normal,NORMAL
12/19/2016 10:06:33 AM,unknown,unknown,application,Windows PowerShell (logit.ps),10,-0.019924411775760875,Anomalie,HIGH
12/19/2016 10:06:33 AM,unknown,unknown,application,Windows PowerShell (logit.ps),10,0.034831283107753686,Normal,NORMAL
12/19/2016 10:06:06 AM,unknown,unknown,application,Windows PowerShell (logit.ps),10,0.034831283107753686,Normal,NORMAL
12/19/2016 10:06:06 AM,unknown,unknown,application,Windows PowerShell (logit.ps),10,-0.03892342523105308,Anomalie,HIGH
12/19/2016 10:06:06 AM,unknown,unknown,application,Windows PowerShell (logit.ps),10,0.030449740184801788,Normal,NORMAL
12/19/2016 10:06:06 AM,unknown,unknown,application,Windows PowerShell (logit.ps),10,-0.019924411775760875,Anomalie,HIGH
12/19/2016 10:06:06 AM,unknown,unknown,application,Windows PowerShell (logit.ps),10,0.034831283107753686,Normal,NORMAL
12/19/2016 10:05:35 AM,unknown,unknown,application,Windows PowerShell (logit.ps),10,0.03450242391514646,Normal,NORMAL
12/19/2016 10:05:35 AM,unknown,unknown,application,Windows PowerShell (logit.ps),10,-0.0405672000168491,Anomalie,HIGH
12/19/2016 10:05:34 AM,unknown,unknown,application,Windows PowerShell (logit.ps),10,0.030117845295697054,Normal,NORMAL
12/19/2016 10:05:34 AM,unknown,unknown,application,Windows PowerShell (logit.ps),10,-0.018686589658534647,Anomalie,HIGH
12/19/2016 10:05:34 AM,unknown,unknown,application,Windows PowerShell (logit.ps),10,0.03450242391514646,Normal,NORMAL
12/19/2016 10:05:07 AM,unknown,unknown,application,Windows PowerShell (logit.ps),10,0.03450242391514646,Normal,NORMAL
12/19/2016 10:05:07 AM,unknown,unknown,application,Windows PowerShell (logit.ps),10,-0.0405672000168491,Anomalie,HIGH
12/19/2016 10:05:07 AM,unknown,unknown,application,Windows PowerShell (logit.ps),10,0.030117845295697054,Normal,NORMAL
12/19/2016 10:05:07 AM,unknown,unknown,application,Windows PowerShell (logit.ps),10,-0.020171103556707815,Anomalie,HIGH
12/19/2016 10:05:07 AM,unknown,unknown,application,Windows PowerShell (logit.ps),10,0.03450242391514646,Normal,NORMAL
12/19/2016 10:04:37 AM,unknown,unknown,application,Windows PowerShell (logit.ps),10,0.02997207150576947,Normal,NORMAL
12/19/2016 10:04:37 AM,unknown,unknown,application,Windows PowerShell (logit.ps),10,-0.045882590970434345,Anomalie,HIGH
12/19/2016 10:04:37 AM,unknown,unknown,application,Windows PowerShell (logit.ps),10,0.026550062390189977,Normal,NORMAL
12/19/2016 10:04:37 AM,unknown,unknown,application,Windows PowerShell (logit.ps),10,-0.02528939897223581,Anomalie,HIGH
12/19/2016 10:04:37 AM,unknown,unknown,application,Windows PowerShell (logit.ps),10,0.02997207150576947,Normal,NORMAL
12/19/2016 10:04:06 AM,unknown,unknown,application,Windows PowerShell (logit.ps),10,0.02997207150576947,Normal,NORMAL
12/19/2016 10:04:06 AM,unknown,unknown,application,Windows PowerShell (logit.ps),10,-0.045882590970434345,Anomalie,HIGH
12/19/2016 10:04:06 AM,unknown,unknown,application,Windows PowerShell (logit.ps),10,0.026550062390189977,Normal,NORMAL
12/19/2016 10:04:06 AM,unknown,unknown,application,Windows PowerShell (logit.ps),10,-0.023790539629772067,Anomalie,HIGH
12/19/2016 10:04:06 AM,unknown,unknown,application,Windows PowerShell (logit.ps),10,0.02997207150576947,Normal,NORMAL
12/19/2016 10:03:58 AM,unknown,unknown,application,Microsoft-Windows-Security-SPP,903,0.03500449966029817,Normal,NORMAL
