12/15/2016 10:47:34 PM,unknown,unknown,application,Microsoft-Windows-Security-SPP,16384,-0.083495857988644,Anomalie,HIGH
12/15/2016 10:47:04 PM,unknown,unknown,application,Microsoft-Windows-Security-SPP,902,0.047335547560491076,Normal,NORMAL
12/15/2016 10:47:04 PM,unknown,unknown,application,Microsoft-Windows-Security-SPP,1037,0.03944066009502567,Normal,NORMAL
12/15/2016 10:47:04 PM,unknown,unknown,application,Microsoft-Windows-Security-SPP,1003,0.023885317554777408,Normal,NORMAL
12/15/2016 10:47:04 PM,unknown,unknown,application,Microsoft-Windows-Security-SPP,1066,-0.00833862417897635,Anomalie,HIGH
12/15/2016 10:47:04 PM,unknown,unknown,application,Microsoft-Windows-Security-SPP,900,0.04711766569216885,Normal,NORMAL
12/15/2016 10:17:34 PM,unknown,unknown,application,Microsoft-Windows-Security-SPP,903,0.04585394483308913,Normal,NORMAL
12/15/2016 10:17:34 PM,unknown,unknown,application,Microsoft-Windows-Security-SPP,16384,-0.08722721845090498,Anomalie,HIGH
12/15/2016 10:17:04 PM,unknown,unknown,application,Microsoft-Windows-Security-SPP,902,0.0495835025217532,Normal,NORMAL
12/15/2016 10:17:04 PM,unknown,unknown,application,Microsoft-Windows-Security-SPP,1037,0.043407393005958916,Normal,NORMAL
12/15/2016 10:17:04 PM,unknown,unknown,application,Microsoft-Windows-Security-SPP,1003,0.026127478505463042,Normal,NORMAL
12/15/2016 10:17:04 PM,unknown,unknown,application,Microsoft-Windows-Security-SPP,1066,0.00807427213095746,Normal,NORMAL
12/15/2016 10:17:04 PM,unknown,unknown,application,Microsoft-Windows-Security-SPP,900,0.04863525012753467,Normal,NORMAL
12/15/2016 9:47:34 PM,unknown,unknown,application,Microsoft-Windows-Security-SPP,903,0.06642396068554346,Normal,NORMAL
12/15/2016 9:47:34 PM,unknown,unknown,application,Microsoft-Windows-Security-SPP,16384,-0.07110463921277699,Anomalie,HIGH
12/15/2016 9:47:04 PM,unknown,unknown,application,Microsoft-Windows-Security-SPP,902,0.0662534162096069,Normal,NORMAL
12/15/2016 9:47:04 PM,unknown,unknown,application,Microsoft-Windows-Security-SPP,1037,0.05760927574275876,Normal,NORMAL
12/15/2016 9:47:04 PM,unknown,unknown,application,Microsoft-Windows-Security-SPP,1003,0.040425545114496086,Normal,NORMAL
12/15/2016 9:47:04 PM,unknown,unknown,application,Microsoft-Windows-Security-SPP,1066,0.009102578427469754,Normal,NORMAL
12/15/2016 9:47:04 PM,unknown,unknown,application,Microsoft-Windows-Security-SPP,900,0.06575983532239238,Normal,NORMAL
12/15/2016 9:19:11 PM,unknown,unknown,application,Microsoft-Windows-Security-SPP,903,0.06112083331041207,Normal,NORMAL
12/15/2016 9:19:11 PM,unknown,unknown,application,Microsoft-Windows-Security-SPP,16384,-0.07814330724640806,Anomalie,HIGH
12/15/2016 9:18:16 PM,unknown,unknown,application,Windows PowerShell (logit.ps),10,0.08483071541819276,Normal,NORMAL
12/15/2016 9:18:16 PM,unknown,unknown,application,Windows PowerShell (logit.ps),10,0.02221422314902205,Normal,NORMAL
12/15/2016 9:18:16 PM,unknown,unknown,application,Windows PowerShell (logit.ps),10,0.0800380905107359,Normal,NORMAL
12/15/2016 9:18:16 PM,unknown,unknown,application,Windows PowerShell (logit.ps),10,0.03591792424943202,Normal,NORMAL
12/15/2016 9:18:16 PM,unknown,unknown,application,Windows PowerShell (logit.ps),10,0.08483071541819276,Normal,NORMAL
12/15/2016 9:17:49 PM,unknown,unknown,application,Windows PowerShell (logit.ps),10,0.08386909648546637,Normal,NORMAL
12/15/2016 9:17:49 PM,unknown,unknown,application,Windows PowerShell (logit.ps),10,0.02188442950866959,Normal,NORMAL
12/15/2016 9:17:49 PM,unknown,unknown,application,Windows PowerShell (logit.ps),10,0.07887795731942698,Normal,NORMAL
12/15/2016 9:17:49 PM,unknown,unknown,application,Windows PowerShell (logit.ps),10,0.035597405482982514,Normal,NORMAL
12/15/2016 9:17:49 PM,unknown,unknown,application,Windows PowerShell (logit.ps),10,0.08386909648546637,Normal,NORMAL
12/15/2016 9:17:21 PM,unknown,unknown,application,Windows PowerShell (logit.ps),10,0.08386909648546637,Normal,NORMAL
12/15/2016 9:17:21 PM,unknown,unknown,application,Windows PowerShell (logit.ps),10,0.02188442950866959,Normal,NORMAL
12/15/2016 9:17:21 PM,unknown,unknown,application,Windows PowerShell (logit.ps),10,0.07887795731942698,Normal,NORMAL
12/15/2016 9:17:21 PM,unknown,unknown,application,Windows PowerShell (logit.ps),10,0.035597405482982514,Normal,NORMAL
12/15/2016 9:17:21 PM,unknown,unknown,application,Windows PowerShell (logit.ps),10,0.08386909648546637,Normal,NORMAL
12/15/2016 9:17:04 PM,unknown,unknown,application,Microsoft-Windows-Security-SPP,902,0.06370101333646189,Normal,NORMAL
12/15/2016 9:17:04 PM,unknown,unknown,application,Microsoft-Windows-Security-SPP,1037,0.05741596158645107,Normal,NORMAL
12/15/2016 9:17:04 PM,unknown,unknown,application,Microsoft-Windows-Security-SPP,1003,0.03815983899553277,Normal,NORMAL
12/15/2016 9:17:04 PM,unknown,unknown,application,Microsoft-Windows-Security-SPP,1066,0.018892291768199898,Normal,NORMAL
12/15/2016 9:17:04 PM,unknown,unknown,application,Microsoft-Windows-Security-SPP,900,0.06219262633508005,Normal,NORMAL
12/15/2016 9:16:54 PM,unknown,unknown,application,Windows PowerShell (logit.ps),10,0.08418546012087597,Normal,NORMAL
12/15/2016 9:16:54 PM,unknown,unknown,application,Windows PowerShell (logit.ps),10,0.0245097888246123,Normal,NORMAL
12/15/2016 9:16:54 PM,unknown,unknown,application,Windows PowerShell (logit.ps),10,0.0792584042982516,Normal,NORMAL
12/15/2016 9:16:54 PM,unknown,unknown,application,Windows PowerShell (logit.ps),10,0.03465875593997986,Normal,NORMAL
12/15/2016 9:16:54 PM,unknown,unknown,application,Windows PowerShell (logit.ps),10,0.08418546012087597,Normal,NORMAL
12/15/2016 9:16:27 PM,unknown,unknown,application,Windows PowerShell (logit.ps),10,0.08418546012087597,Normal,NORMAL
12/15/2016 9:16:27 PM,unknown,unknown,application,Windows PowerShell (logit.ps),10,0.0245097888246123,Normal,NORMAL
12/15/2016 9:16:27 PM,unknown,unknown,application,Windows PowerShell (logit.ps),10,0.0792584042982516,Normal,NORMAL
12/15/2016 9:16:27 PM,unknown,unknown,application,Windows PowerShell (logit.ps),10,0.03465875593997986,Normal,NORMAL
12/15/2016 9:16:27 PM,unknown,unknown,application,Windows PowerShell (logit.ps),10,0.08418546012087597,Normal,NORMAL
12/15/2016 9:16:01 PM,unknown,unknown,application,Windows PowerShell (logit.ps),10,0.08418546012087597,Normal,NORMAL
12/15/2016 9:16:01 PM,unknown,unknown,application,Windows PowerShell (logit.ps),10,0.0245097888246123,Normal,NORMAL
12/15/2016 9:16:01 PM,unknown,unknown,application,Windows PowerShell (logit.ps),10,0.0792584042982516,Normal,NORMAL
12/15/2016 9:16:01 PM,unknown,unknown,application,Windows PowerShell (logit.ps),10,0.03573626231867638,Normal,NORMAL
12/15/2016 9:16:01 PM,unknown,unknown,application,Windows PowerShell (logit.ps),10,0.08418546012087597,Normal,NORMAL
12/15/2016 9:15:34 PM,unknown,unknown,application,Windows PowerShell (logit.ps),10,0.08272816469473498,Normal,NORMAL
12/15/2016 9:15:34 PM,unknown,unknown,application,Windows PowerShell (logit.ps),10,0.0245097888246123,Normal,NORMAL
12/15/2016 9:15:34 PM,unknown,unknown,application,Windows PowerShell (logit.ps),10,0.07778422631843013,Normal,NORMAL
12/15/2016 9:15:34 PM,unknown,unknown,application,Windows PowerShell (logit.ps),10,0.03573626231867638,Normal,NORMAL
12/15/2016 9:15:34 PM,unknown,unknown,application,Windows PowerShell (logit.ps),10,0.08272816469473498,Normal,NORMAL
12/15/2016 9:15:07 PM,unknown,unknown,application,Windows PowerShell (logit.ps),10,0.08272816469473498,Normal,NORMAL
12/15/2016 9:15:07 PM,unknown,unknown,application,Windows PowerShell (logit.ps),10,0.0245097888246123,Normal,NORMAL
12/15/2016 9:15:07 PM,unknown,unknown,application,Windows PowerShell (logit.ps),10,0.07778422631843013,Normal,NORMAL
12/15/2016 9:15:07 PM,unknown,unknown,application,Windows PowerShell (logit.ps),10,0.03573626231867638,Normal,NORMAL
12/15/2016 9:15:07 PM,unknown,unknown,application,Windows PowerShell (logit.ps),10,0.08272816469473498,Normal,NORMAL
12/15/2016 9:14:41 PM,unknown,unknown,application,Windows PowerShell (logit.ps),10,0.08111876919672512,Normal,NORMAL
12/15/2016 9:14:41 PM,unknown,unknown,application,Windows PowerShell (logit.ps),10,0.021064450727468265,Normal,NORMAL
12/15/2016 9:14:41 PM,unknown,unknown,application,Windows PowerShell (logit.ps),10,0.07615618620972497,Normal,NORMAL
12/15/2016 9:14:41 PM,unknown,unknown,application,Windows PowerShell (logit.ps),10,0.03125633636956948,Normal,NORMAL
12/15/2016 9:14:41 PM,unknown,unknown,application,Windows PowerShell (logit.ps),10,0.08111876919672512,Normal,NORMAL
12/15/2016 9:14:14 PM,unknown,unknown,application,Windows PowerShell (logit.ps),10,0.08111876919672512,Normal,NORMAL
12/15/2016 9:14:14 PM,unknown,unknown,application,Windows PowerShell (logit.ps),10,0.021064450727468265,Normal,NORMAL
12/15/2016 9:14:14 PM,unknown,unknown,application,Windows PowerShell (logit.ps),10,0.07615618620972497,Normal,NORMAL
12/15/2016 9:14:14 PM,unknown,unknown,application,Windows PowerShell (logit.ps),10,0.03125633636956948,Normal,NORMAL
12/15/2016 9:14:14 PM,unknown,unknown,application,Windows PowerShell (logit.ps),10,0.08111876919672512,Normal,NORMAL
12/15/2016 9:13:47 PM,unknown,unknown,application,Windows PowerShell (logit.ps),10,0.08111876919672512,Normal,NORMAL
12/15/2016 9:13:47 PM,unknown,unknown,application,Windows PowerShell (logit.ps),10,0.0205966971248292,Normal,NORMAL
12/15/2016 9:13:47 PM,unknown,unknown,application,Windows PowerShell (logit.ps),10,0.07615618620972497,Normal,NORMAL
12/15/2016 9:13:47 PM,unknown,unknown,application,Windows PowerShell (logit.ps),10,0.0325116841890814,Normal,NORMAL
12/15/2016 9:13:47 PM,unknown,unknown,application,Windows PowerShell (logit.ps),10,0.08111876919672512,Normal,NORMAL
12/15/2016 8:49:34 PM,unknown,unknown,application,Windows PowerShell (logit.ps),10,0.09577444172751887,Normal,NORMAL
12/15/2016 8:49:34 PM,unknown,unknown,application,Windows PowerShell (logit.ps),10,0.026521391017366225,Normal,NORMAL
12/15/2016 8:49:34 PM,unknown,unknown,application,Windows PowerShell (logit.ps),10,0.08789017476407684,Normal,NORMAL
12/15/2016 8:49:34 PM,unknown,unknown,application,Windows PowerShell (logit.ps),10,0.03191984298153905,Normal,NORMAL
12/15/2016 8:49:34 PM,unknown,unknown,application,Windows PowerShell (logit.ps),10,0.09577444172751887,Normal,NORMAL
12/15/2016 8:49:08 PM,unknown,unknown,application,Windows PowerShell (logit.ps),10,0.09577444172751887,Normal,NORMAL
12/15/2016 8:49:08 PM,unknown,unknown,application,Windows PowerShell (logit.ps),10,0.026521391017366225,Normal,NORMAL
12/15/2016 8:49:08 PM,unknown,unknown,application,Windows PowerShell (logit.ps),10,0.08789017476407684,Normal,NORMAL
12/15/2016 8:49:08 PM,unknown,unknown,application,Windows PowerShell (logit.ps),10,0.032309810736804556,Normal,NORMAL
12/15/2016 8:49:08 PM,unknown,unknown,application,Windows PowerShell (logit.ps),10,0.09577444172751887,Normal,NORMAL
12/15/2016 8:48:41 PM,unknown,unknown,application,Windows PowerShell (logit.ps),10,0.09748826890252149,Normal,NORMAL
12/15/2016 8:48:41 PM,unknown,unknown,application,Windows PowerShell (logit.ps),10,0.030545509391135373,Normal,NORMAL
12/15/2016 8:48:41 PM,unknown,unknown,application,Windows PowerShell (logit.ps),10,0.08963666295219497,Normal,NORMAL
12/15/2016 8:48:41 PM,unknown,unknown,application,Windows PowerShell (logit.ps),10,0.036285699410197825,Normal,NORMAL
12/15/2016 8:48:41 PM,unknown,unknown,application,Windows PowerShell (logit.ps),10,0.09748826890252149,Normal,NORMAL
12/15/2016 8:48:14 PM,unknown,unknown,application,Windows PowerShell (logit.ps),10,0.09748826890252149,Normal,NORMAL
12/15/2016 8:48:14 PM,unknown,unknown,application,Windows PowerShell (logit.ps),10,0.030545509391135373,Normal,NORMAL
12/15/2016 8:48:14 PM,unknown,unknown,application,Windows PowerShell (logit.ps),10,0.08963666295219497,Normal,NORMAL
12/15/2016 8:48:14 PM,unknown,unknown,application,Windows PowerShell (logit.ps),10,0.036285699410197825,Normal,NORMAL
12/15/2016 8:48:14 PM,unknown,unknown,application,Windows PowerShell (logit.ps),10,0.09748826890252149,Normal,NORMAL
12/15/2016 8:47:46 PM,unknown,unknown,application,Windows PowerShell (logit.ps),10,0.09908005824331412,Normal,NORMAL
12/15/2016 8:47:46 PM,unknown,unknown,application,Windows PowerShell (logit.ps),10,0.024691409185936264,Normal,NORMAL
12/15/2016 8:47:46 PM,unknown,unknown,application,Windows PowerShell (logit.ps),10,0.09125878758775663,Normal,NORMAL
12/15/2016 8:47:46 PM,unknown,unknown,application,Windows PowerShell (logit.ps),10,0.040653610233076676,Normal,NORMAL
12/15/2016 8:47:46 PM,unknown,unknown,application,Windows PowerShell (logit.ps),10,0.09908005824331412,Normal,NORMAL
12/15/2016 8:47:16 PM,unknown,unknown,application,Windows PowerShell (logit.ps),10,0.09908005824331412,Normal,NORMAL
12/15/2016 8:47:16 PM,unknown,unknown,application,Windows PowerShell (logit.ps),10,0.032616742301703694,Normal,NORMAL
12/15/2016 8:47:12 PM,unknown,unknown,application,Windows PowerShell (logit.ps),10,0.09125878758775663,Normal,NORMAL
12/15/2016 8:47:12 PM,unknown,unknown,application,Windows PowerShell (logit.ps),10,0.040653610233076676,Normal,NORMAL
12/15/2016 8:47:12 PM,unknown,unknown,application,Windows PowerShell (logit.ps),10,0.09908005824331412,Normal,NORMAL
12/15/2016 8:46:41 PM,unknown,unknown,application,Windows PowerShell (logit.ps),10,0.10053911772747343,Normal,NORMAL
12/15/2016 8:46:41 PM,unknown,unknown,application,Windows PowerShell (logit.ps),10,0.036827756945760626,Normal,NORMAL
12/15/2016 8:46:41 PM,unknown,unknown,application,Windows PowerShell (logit.ps),10,0.09209934182277107,Normal,NORMAL
12/15/2016 8:46:41 PM,unknown,unknown,application,Windows PowerShell (logit.ps),10,0.042876364617779106,Normal,NORMAL
12/15/2016 8:46:41 PM,unknown,unknown,application,Windows PowerShell (logit.ps),10,0.10053911772747343,Normal,NORMAL
12/15/2016 8:46:14 PM,unknown,unknown,application,Windows PowerShell (logit.ps),10,0.10053911772747343,Normal,NORMAL
12/15/2016 8:46:14 PM,unknown,unknown,application,Windows PowerShell (logit.ps),10,0.036827756945760626,Normal,NORMAL
12/15/2016 8:46:14 PM,unknown,unknown,application,Windows PowerShell (logit.ps),10,0.09209934182277107,Normal,NORMAL
12/15/2016 8:46:14 PM,unknown,unknown,application,Windows PowerShell (logit.ps),10,0.042876364617779106,Normal,NORMAL
12/15/2016 8:46:14 PM,unknown,unknown,application,Windows PowerShell (logit.ps),10,0.10053911772747343,Normal,NORMAL
12/15/2016 8:45:42 PM,unknown,unknown,application,Windows PowerShell (logit.ps),10,0.10160739143871633,Normal,NORMAL
12/15/2016 8:45:42 PM,unknown,unknown,application,Windows PowerShell (logit.ps),10,0.03767895072603178,Normal,NORMAL
12/15/2016 8:45:41 PM,unknown,unknown,application,Windows PowerShell (logit.ps),10,0.09318966233100484,Normal,NORMAL
12/15/2016 8:45:41 PM,unknown,unknown,application,Windows PowerShell (logit.ps),10,0.04371666569382321,Normal,NORMAL
12/15/2016 8:45:41 PM,unknown,unknown,application,Windows PowerShell (logit.ps),10,0.10160739143871633,Normal,NORMAL
12/15/2016 8:45:15 PM,unknown,unknown,application,Windows PowerShell (logit.ps),10,0.10160739143871633,Normal,NORMAL
12/15/2016 8:45:15 PM,unknown,unknown,application,Windows PowerShell (logit.ps),10,0.03767895072603178,Normal,NORMAL
12/15/2016 8:45:15 PM,unknown,unknown,application,Windows PowerShell (logit.ps),10,0.09318966233100484,Normal,NORMAL
12/15/2016 8:45:15 PM,unknown,unknown,application,Windows PowerShell (logit.ps),10,0.04371666569382321,Normal,NORMAL
12/15/2016 8:45:14 PM,unknown,unknown,application,Windows PowerShell (logit.ps),10,0.10160739143871633,Normal,NORMAL
12/15/2016 8:44:42 PM,unknown,unknown,application,Windows PowerShell (logit.ps),10,0.10224667945781263,Normal,NORMAL
12/15/2016 8:44:42 PM,unknown,unknown,application,Windows PowerShell (logit.ps),10,0.029841398624880944,Normal,NORMAL
12/15/2016 8:44:42 PM,unknown,unknown,application,Windows PowerShell (logit.ps),10,0.09499828272651356,Normal,NORMAL
12/15/2016 8:44:42 PM,unknown,unknown,application,Windows PowerShell (logit.ps),10,0.04474462058888601,Normal,NORMAL
12/15/2016 8:44:42 PM,unknown,unknown,application,Windows PowerShell (logit.ps),10,0.10224667945781263,Normal,NORMAL
12/15/2016 8:44:28 PM,unknown,unknown,application,Desktop Window Manager,9009,-0.07127721795340813,Anomalie,HIGH
12/15/2016 8:44:28 PM,unknown,unknown,application,Desktop Window Manager,9020,-0.22098941137641215,Anomalie,HIGH
12/15/2016 8:44:05 PM,unknown,unknown,application,Windows PowerShell (logit.ps),10,0.10224667945781263,Normal,NORMAL
12/15/2016 8:44:05 PM,unknown,unknown,application,Windows PowerShell (logit.ps),10,0.038899561294808205,Normal,NORMAL
12/15/2016 8:44:05 PM,unknown,unknown,application,Windows PowerShell (logit.ps),10,0.09499828272651356,Normal,NORMAL
12/15/2016 8:44:05 PM,unknown,unknown,application,Windows PowerShell (logit.ps),10,0.04430873044412659,Normal,NORMAL
12/15/2016 8:44:05 PM,unknown,unknown,application,Windows PowerShell (logit.ps),10,0.10224667945781263,Normal,NORMAL
12/15/2016 8:43:36 PM,unknown,unknown,application,Windows PowerShell (logit.ps),10,0.1042333426867803,Normal,NORMAL
12/15/2016 8:43:36 PM,unknown,unknown,application,Windows PowerShell (logit.ps),10,0.03938741776582083,Normal,NORMAL
12/15/2016 8:43:36 PM,unknown,unknown,application,Windows PowerShell (logit.ps),10,0.09734389825110806,Normal,NORMAL
12/15/2016 8:43:36 PM,unknown,unknown,application,Windows PowerShell (logit.ps),10,0.045372788232240446,Normal,NORMAL
12/15/2016 8:43:36 PM,unknown,unknown,application,Windows PowerShell (logit.ps),10,0.1042333426867803,Normal,NORMAL
12/15/2016 8:43:02 PM,unknown,unknown,application,Windows PowerShell (logit.ps),10,0.1042333426867803,Normal,NORMAL
12/15/2016 8:43:02 PM,unknown,unknown,application,Windows PowerShell (logit.ps),10,0.030338645663939068,Normal,NORMAL
12/15/2016 8:43:02 PM,unknown,unknown,application,Windows PowerShell (logit.ps),10,0.09734389825110806,Normal,NORMAL
12/15/2016 8:43:02 PM,unknown,unknown,application,Windows PowerShell (logit.ps),10,0.045372788232240446,Normal,NORMAL
12/15/2016 8:43:02 PM,unknown,unknown,application,Windows PowerShell (logit.ps),10,0.1042333426867803,Normal,NORMAL
12/15/2016 8:42:28 PM,unknown,unknown,application,Windows PowerShell (logit.ps),10,0.10507953583872137,Normal,NORMAL
12/15/2016 8:42:28 PM,unknown,unknown,application,Windows PowerShell (logit.ps),10,0.03839758451400688,Normal,NORMAL
12/15/2016 8:42:28 PM,unknown,unknown,application,Windows PowerShell (logit.ps),10,0.0978683608926813,Normal,NORMAL
12/15/2016 8:42:28 PM,unknown,unknown,application,Windows PowerShell (logit.ps),10,0.049793039870163036,Normal,NORMAL
12/15/2016 8:42:28 PM,unknown,unknown,application,Windows PowerShell (logit.ps),10,0.10507953583872137,Normal,NORMAL
12/15/2016 8:42:18 PM,unknown,unknown,application,Windows PowerShell (logit.ps),10,0.10507953583872137,Normal,NORMAL
12/15/2016 8:42:18 PM,unknown,unknown,application,Windows PowerShell (logit.ps),10,0.03402102975175458,Normal,NORMAL
12/15/2016 8:42:18 PM,unknown,unknown,application,Windows PowerShell (logit.ps),10,0.0978683608926813,Normal,NORMAL
12/15/2016 8:42:18 PM,unknown,unknown,application,Windows PowerShell (logit.ps),10,0.049793039870163036,Normal,NORMAL
12/15/2016 8:42:18 PM,unknown,unknown,application,Windows PowerShell (logit.ps),10,0.10507953583872137,Normal,NORMAL
12/15/2016 8:41:45 PM,unknown,unknown,application,Windows PowerShell (logit.ps),10,0.10846810051232708,Normal,NORMAL
12/15/2016 8:41:45 PM,unknown,unknown,application,Windows PowerShell (logit.ps),10,0.03803970910435528,Normal,NORMAL
12/15/2016 8:41:45 PM,unknown,unknown,application,Windows PowerShell (logit.ps),10,0.10131734861834557,Normal,NORMAL
12/15/2016 8:41:45 PM,unknown,unknown,application,Windows PowerShell (logit.ps),10,0.04919704896182303,Normal,NORMAL
12/15/2016 8:41:42 PM,unknown,unknown,application,Windows PowerShell (logit.ps),10,0.10846810051232708,Normal,NORMAL
12/15/2016 8:41:11 PM,unknown,unknown,application,Windows PowerShell (logit.ps),10,0.10846810051232708,Normal,NORMAL
12/15/2016 8:41:11 PM,unknown,unknown,application,Windows PowerShell (logit.ps),10,0.03803970910435528,Normal,NORMAL
12/15/2016 8:41:11 PM,unknown,unknown,application,Windows PowerShell (logit.ps),10,0.10131734861834557,Normal,NORMAL
12/15/2016 8:41:11 PM,unknown,unknown,application,Windows PowerShell (logit.ps),10,0.04919704896182303,Normal,NORMAL
12/15/2016 8:41:11 PM,unknown,unknown,application,Windows PowerShell (logit.ps),10,0.10846810051232708,Normal,NORMAL
12/15/2016 8:40:55 PM,unknown,unknown,application,Desktop Window Manager,9009,-0.06768318345571878,Anomalie,HIGH
12/15/2016 8:40:55 PM,unknown,unknown,application,Desktop Window Manager,9020,-0.22098941137641215,Anomalie,HIGH
12/15/2016 8:40:44 PM,unknown,unknown,application,Windows PowerShell (logit.ps),10,0.10743104917791424,Normal,NORMAL
12/15/2016 8:40:44 PM,unknown,unknown,application,Windows PowerShell (logit.ps),10,0.038181170457876834,Normal,NORMAL
12/15/2016 8:40:44 PM,unknown,unknown,application,Windows PowerShell (logit.ps),10,0.10108208585007594,Normal,NORMAL
12/15/2016 8:40:44 PM,unknown,unknown,application,Windows PowerShell (logit.ps),10,0.049646389602121255,Normal,NORMAL
12/15/2016 8:40:43 PM,unknown,unknown,application,Windows PowerShell (logit.ps),10,0.10743104917791424,Normal,NORMAL
12/15/2016 8:40:17 PM,unknown,unknown,application,Desktop Window Manager,9009,-0.06768318345571878,Anomalie,HIGH
12/15/2016 8:40:17 PM,unknown,unknown,application,Desktop Window Manager,9020,-0.22098941137641215,Anomalie,HIGH
12/15/2016 8:40:17 PM,unknown,unknown,application,Windows PowerShell (logit.ps),10,0.10743104917791424,Normal,NORMAL
12/15/2016 8:40:17 PM,unknown,unknown,application,Windows PowerShell (logit.ps),10,0.038181170457876834,Normal,NORMAL
12/15/2016 8:40:16 PM,unknown,unknown,application,Windows PowerShell (logit.ps),10,0.10108208585007594,Normal,NORMAL
12/15/2016 8:40:16 PM,unknown,unknown,application,Windows PowerShell (logit.ps),10,0.049646389602121255,Normal,NORMAL
12/15/2016 8:40:16 PM,unknown,unknown,application,Windows PowerShell (logit.ps),10,0.10743104917791424,Normal,NORMAL
12/15/2016 8:39:44 PM,unknown,unknown,application,Windows PowerShell (logit.ps),10,0.10743104917791424,Normal,NORMAL
12/15/2016 8:39:44 PM,unknown,unknown,application,Windows PowerShell (logit.ps),10,0.03848550573043841,Normal,NORMAL
12/15/2016 8:39:44 PM,unknown,unknown,application,Windows PowerShell (logit.ps),10,0.10108208585007594,Normal,NORMAL
12/15/2016 8:39:44 PM,unknown,unknown,application,Windows PowerShell (logit.ps),10,0.05035573464019161,Normal,NORMAL
12/15/2016 8:39:44 PM,unknown,unknown,application,Windows PowerShell (logit.ps),10,0.10743104917791424,Normal,NORMAL
12/15/2016 8:39:28 PM,unknown,unknown,application,Desktop Window Manager,9009,-0.06768318345571878,Anomalie,HIGH
12/15/2016 8:39:28 PM,unknown,unknown,application,Desktop Window Manager,9020,-0.22049534819655559,Anomalie,HIGH
12/15/2016 8:39:16 PM,unknown,unknown,application,Windows PowerShell (logit.ps),10,0.10743104917791424,Normal,NORMAL
12/15/2016 8:39:16 PM,unknown,unknown,application,Windows PowerShell (logit.ps),10,0.03848550573043841,Normal,NORMAL
12/15/2016 8:39:16 PM,unknown,unknown,application,Windows PowerShell (logit.ps),10,0.10108208585007594,Normal,NORMAL
12/15/2016 8:39:16 PM,unknown,unknown,application,Windows PowerShell (logit.ps),10,0.05035573464019161,Normal,NORMAL
12/15/2016 8:39:16 PM,unknown,unknown,application,Windows PowerShell (logit.ps),10,0.10743104917791424,Normal,NORMAL
12/15/2016 8:38:42 PM,unknown,unknown,application,Windows PowerShell (logit.ps),10,0.10479767943808732,Normal,NORMAL
12/15/2016 8:38:42 PM,unknown,unknown,application,Windows PowerShell (logit.ps),10,0.04101385018996395,Normal,NORMAL
12/15/2016 8:38:42 PM,unknown,unknown,application,Windows PowerShell (logit.ps),10,0.09840713192706879,Normal,NORMAL
12/15/2016 8:38:42 PM,unknown,unknown,application,Windows PowerShell (logit.ps),10,0.048827338867448444,Normal,NORMAL
12/15/2016 8:38:39 PM,unknown,unknown,application,Windows PowerShell (logit.ps),10,0.10479767943808732,Normal,NORMAL
12/15/2016 8:38:08 PM,unknown,unknown,application,Windows PowerShell (logit.ps),10,0.10479767943808732,Normal,NORMAL
12/15/2016 8:38:08 PM,unknown,unknown,application,Windows PowerShell (logit.ps),10,0.04101385018996395,Normal,NORMAL
12/15/2016 8:38:08 PM,unknown,unknown,application,Windows PowerShell (logit.ps),10,0.09840713192706879,Normal,NORMAL
12/15/2016 8:38:08 PM,unknown,unknown,application,Windows PowerShell (logit.ps),10,0.048827338867448444,Normal,NORMAL
12/15/2016 8:38:08 PM,unknown,unknown,application,Windows PowerShell (logit.ps),10,0.10479767943808732,Normal,NORMAL
12/15/2016 8:37:54 PM,unknown,unknown,application,Windows PowerShell (logit.ps),10,0.10344241864419179,Normal,NORMAL
12/15/2016 8:37:54 PM,unknown,unknown,application,Windows PowerShell (logit.ps),10,0.04106946393502331,Normal,NORMAL
12/15/2016 8:37:53 PM,unknown,unknown,application,Windows PowerShell (logit.ps),10,0.09703046987976849,Normal,NORMAL
12/15/2016 8:37:53 PM,unknown,unknown,application,Windows PowerShell (logit.ps),10,0.0478448835095765,Normal,NORMAL
12/15/2016 8:37:53 PM,unknown,unknown,application,Windows PowerShell (logit.ps),10,0.10344241864419179,Normal,NORMAL
12/15/2016 8:37:23 PM,unknown,unknown,application,Windows PowerShell (logit.ps),10,0.10344241864419179,Normal,NORMAL
12/15/2016 8:37:23 PM,unknown,unknown,application,Windows PowerShell (logit.ps),10,0.03290646920434487,Normal,NORMAL
12/15/2016 8:37:23 PM,unknown,unknown,application,Windows PowerShell (logit.ps),10,0.09703046987976849,Normal,NORMAL
12/15/2016 8:37:23 PM,unknown,unknown,application,Windows PowerShell (logit.ps),10,0.0478448835095765,Normal,NORMAL
12/15/2016 8:37:23 PM,unknown,unknown,application,Windows PowerShell (logit.ps),10,0.10344241864419179,Normal,NORMAL
12/15/2016 8:37:04 PM,unknown,unknown,application,Desktop Window Manager,9009,-0.07400567021131144,Anomalie,HIGH
12/15/2016 8:37:04 PM,unknown,unknown,application,Desktop Window Manager,9020,-0.22049534819655559,Anomalie,HIGH
12/15/2016 8:36:52 PM,unknown,unknown,application,Windows PowerShell (logit.ps),10,0.10125980539669138,Normal,NORMAL
12/15/2016 8:36:52 PM,unknown,unknown,application,Windows PowerShell (logit.ps),10,0.04157234978272445,Normal,NORMAL
12/15/2016 8:36:52 PM,unknown,unknown,application,Windows PowerShell (logit.ps),10,0.09481339045468451,Normal,NORMAL
12/15/2016 8:36:52 PM,unknown,unknown,application,Windows PowerShell (logit.ps),10,0.04687503946065813,Normal,NORMAL
12/15/2016 8:36:52 PM,unknown,unknown,application,Windows PowerShell (logit.ps),10,0.10125980539669138,Normal,NORMAL
12/15/2016 8:36:24 PM,unknown,unknown,application,Windows PowerShell (logit.ps),10,0.10125980539669138,Normal,NORMAL
12/15/2016 8:36:24 PM,unknown,unknown,application,Windows PowerShell (logit.ps),10,0.04157234978272445,Normal,NORMAL
12/15/2016 8:36:24 PM,unknown,unknown,application,Windows PowerShell (logit.ps),10,0.09481339045468451,Normal,NORMAL
12/15/2016 8:36:24 PM,unknown,unknown,application,Windows PowerShell (logit.ps),10,0.04687503946065813,Normal,NORMAL
12/15/2016 8:36:24 PM,unknown,unknown,application,Windows PowerShell (logit.ps),10,0.10125980539669138,Normal,NORMAL
12/15/2016 8:36:05 PM,unknown,unknown,application,Desktop Window Manager,9009,-0.07742400850982545,Anomalie,HIGH
12/15/2016 8:36:05 PM,unknown,unknown,application,Desktop Window Manager,9020,-0.22098941137641215,Anomalie,HIGH
12/15/2016 8:35:52 PM,unknown,unknown,application,Windows PowerShell (logit.ps),10,0.10322131804949153,Normal,NORMAL
12/15/2016 8:35:52 PM,unknown,unknown,application,Windows PowerShell (logit.ps),10,0.04290021125458815,Normal,NORMAL
12/15/2016 8:35:52 PM,unknown,unknown,application,Windows PowerShell (logit.ps),10,0.09691185971029592,Normal,NORMAL
12/15/2016 8:35:52 PM,unknown,unknown,application,Windows PowerShell (logit.ps),10,0.049730758189444335,Normal,NORMAL
12/15/2016 8:35:52 PM,unknown,unknown,application,Windows PowerShell (logit.ps),10,0.10322131804949153,Normal,NORMAL
12/15/2016 8:35:25 PM,unknown,unknown,application,Windows PowerShell (logit.ps),10,0.10322131804949153,Normal,NORMAL
12/15/2016 8:35:25 PM,unknown,unknown,application,Windows PowerShell (logit.ps),10,0.04290021125458815,Normal,NORMAL
12/15/2016 8:35:25 PM,unknown,unknown,application,Windows PowerShell (logit.ps),10,0.09691185971029592,Normal,NORMAL
12/15/2016 8:35:25 PM,unknown,unknown,application,Windows PowerShell (logit.ps),10,0.04929954463193387,Normal,NORMAL
12/15/2016 8:35:25 PM,unknown,unknown,application,Windows PowerShell (logit.ps),10,0.10322131804949153,Normal,NORMAL
12/15/2016 8:35:15 PM,unknown,unknown,application,Windows PowerShell (logit.ps),10,0.10322131804949153,Normal,NORMAL
12/15/2016 8:35:15 PM,unknown,unknown,application,Windows PowerShell (logit.ps),10,0.03438116258655405,Normal,NORMAL
12/15/2016 8:35:15 PM,unknown,unknown,application,Windows PowerShell (logit.ps),10,0.09691185971029592,Normal,NORMAL
12/15/2016 8:35:15 PM,unknown,unknown,application,Windows PowerShell (logit.ps),10,0.049730758189444335,Normal,NORMAL
12/15/2016 8:35:15 PM,unknown,unknown,application,Windows PowerShell (logit.ps),10,0.10322131804949153,Normal,NORMAL
12/15/2016 8:34:46 PM,unknown,unknown,application,Desktop Window Manager,9009,-0.0804922765772238,Anomalie,HIGH
12/15/2016 8:34:46 PM,unknown,unknown,application,Desktop Window Manager,9020,-0.22247360815838568,Anomalie,HIGH
12/15/2016 8:34:46 PM,unknown,unknown,application,Windows PowerShell (logit.ps),10,0.10396439151824116,Normal,NORMAL
12/15/2016 8:34:46 PM,unknown,unknown,application,Windows PowerShell (logit.ps),10,0.04496677093306767,Normal,NORMAL
12/15/2016 8:34:46 PM,unknown,unknown,application,Windows PowerShell (logit.ps),10,0.09766647338884815,Normal,NORMAL
12/15/2016 8:34:46 PM,unknown,unknown,application,Windows PowerShell (logit.ps),10,0.05323106187111709,Normal,NORMAL
12/15/2016 8:34:46 PM,unknown,unknown,application,Windows PowerShell (logit.ps),10,0.10396439151824116,Normal,NORMAL
12/15/2016 8:34:13 PM,unknown,unknown,application,Windows PowerShell (logit.ps),10,0.10396439151824116,Normal,NORMAL
12/15/2016 8:34:13 PM,unknown,unknown,application,Windows PowerShell (logit.ps),10,0.04496677093306767,Normal,NORMAL
12/15/2016 8:34:13 PM,unknown,unknown,application,Windows PowerShell (logit.ps),10,0.09766647338884815,Normal,NORMAL
12/15/2016 8:34:13 PM,unknown,unknown,application,Windows PowerShell (logit.ps),10,0.05323106187111709,Normal,NORMAL
12/15/2016 8:34:13 PM,unknown,unknown,application,Windows PowerShell (logit.ps),10,0.10396439151824116,Normal,NORMAL
12/15/2016 8:33:43 PM,unknown,unknown,application,Windows PowerShell (logit.ps),10,0.10231877779392629,Normal,NORMAL
12/15/2016 8:33:43 PM,unknown,unknown,application,Windows PowerShell (logit.ps),10,0.04516479898864817,Normal,NORMAL
12/15/2016 8:33:43 PM,unknown,unknown,application,Windows PowerShell (logit.ps),10,0.09599530266589001,Normal,NORMAL
12/15/2016 8:33:43 PM,unknown,unknown,application,Windows PowerShell (logit.ps),10,0.05342556680456689,Normal,NORMAL
12/15/2016 8:33:43 PM,unknown,unknown,application,Windows PowerShell (logit.ps),10,0.10231877779392629,Normal,NORMAL
12/15/2016 8:33:14 PM,unknown,unknown,application,Windows PowerShell (logit.ps),10,0.10231877779392629,Normal,NORMAL
12/15/2016 8:33:14 PM,unknown,unknown,application,Windows PowerShell (logit.ps),10,0.04516479898864817,Normal,NORMAL
12/15/2016 8:33:14 PM,unknown,unknown,application,Windows PowerShell (logit.ps),10,0.09599530266589001,Normal,NORMAL
12/15/2016 8:33:14 PM,unknown,unknown,application,Windows PowerShell (logit.ps),10,0.05342556680456689,Normal,NORMAL
12/15/2016 8:33:14 PM,unknown,unknown,application,Windows PowerShell (logit.ps),10,0.10231877779392629,Normal,NORMAL
12/15/2016 8:32:45 PM,unknown,unknown,application,Windows PowerShell (logit.ps),10,0.1015230843670843,Normal,NORMAL
12/15/2016 8:32:45 PM,unknown,unknown,application,Windows PowerShell (logit.ps),10,0.04418372032782536,Normal,NORMAL
12/15/2016 8:32:45 PM,unknown,unknown,application,Windows PowerShell (logit.ps),10,0.09549516047577128,Normal,NORMAL
12/15/2016 8:32:45 PM,unknown,unknown,application,Windows PowerShell (logit.ps),10,0.052088443889780234,Normal,NORMAL
12/15/2016 8:32:45 PM,unknown,unknown,application,Windows PowerShell (logit.ps),10,0.1015230843670843,Normal,NORMAL
12/15/2016 8:32:17 PM,unknown,unknown,application,Windows PowerShell (logit.ps),10,0.1015230843670843,Normal,NORMAL
12/15/2016 8:32:17 PM,unknown,unknown,application,Windows PowerShell (logit.ps),10,0.03689923177772492,Normal,NORMAL
12/15/2016 8:32:17 PM,unknown,unknown,application,Windows PowerShell (logit.ps),10,0.09549516047577128,Normal,NORMAL
12/15/2016 8:32:17 PM,unknown,unknown,application,Windows PowerShell (logit.ps),10,0.052088443889780234,Normal,NORMAL
12/15/2016 8:32:17 PM,unknown,unknown,application,Windows PowerShell (logit.ps),10,0.1015230843670843,Normal,NORMAL
12/15/2016 8:31:44 PM,unknown,unknown,application,Windows PowerShell (logit.ps),10,0.10420999135809861,Normal,NORMAL
12/15/2016 8:31:44 PM,unknown,unknown,application,Windows PowerShell (logit.ps),10,0.041669508903284413,Normal,NORMAL
12/15/2016 8:31:44 PM,unknown,unknown,application,Windows PowerShell (logit.ps),10,0.098221768211403,Normal,NORMAL
12/15/2016 8:31:44 PM,unknown,unknown,application,Windows PowerShell (logit.ps),10,0.053966532525430266,Normal,NORMAL
12/15/2016 8:31:44 PM,unknown,unknown,application,Windows PowerShell (logit.ps),10,0.10420999135809861,Normal,NORMAL
12/15/2016 8:31:15 PM,unknown,unknown,application,Windows PowerShell (logit.ps),10,0.10420999135809861,Normal,NORMAL
12/15/2016 8:31:15 PM,unknown,unknown,application,Windows PowerShell (logit.ps),10,0.041669508903284413,Normal,NORMAL
12/15/2016 8:31:15 PM,unknown,unknown,application,Windows PowerShell (logit.ps),10,0.098221768211403,Normal,NORMAL
12/15/2016 8:31:15 PM,unknown,unknown,application,Windows PowerShell (logit.ps),10,0.053966532525430266,Normal,NORMAL
12/15/2016 8:31:15 PM,unknown,unknown,application,Windows PowerShell (logit.ps),10,0.10420999135809861,Normal,NORMAL
12/15/2016 8:30:46 PM,unknown,unknown,application,Windows PowerShell (logit.ps),10,0.10422158276850946,Normal,NORMAL
12/15/2016 8:30:46 PM,unknown,unknown,application,Windows PowerShell (logit.ps),10,0.04086889987782566,Normal,NORMAL
12/15/2016 8:30:43 PM,unknown,unknown,application,Windows PowerShell (logit.ps),10,0.09851168524658516,Normal,NORMAL
12/15/2016 8:30:43 PM,unknown,unknown,application,Windows PowerShell (logit.ps),10,0.05338182159782323,Normal,NORMAL
12/15/2016 8:30:43 PM,unknown,unknown,application,Windows PowerShell (logit.ps),10,0.10422158276850946,Normal,NORMAL
12/15/2016 8:30:11 PM,unknown,unknown,application,Windows PowerShell (logit.ps),10,0.10422158276850946,Normal,NORMAL
12/15/2016 8:30:11 PM,unknown,unknown,application,Windows PowerShell (logit.ps),10,0.04086889987782566,Normal,NORMAL
12/15/2016 8:30:11 PM,unknown,unknown,application,Windows PowerShell (logit.ps),10,0.09851168524658516,Normal,NORMAL
12/15/2016 8:30:11 PM,unknown,unknown,application,Windows PowerShell (logit.ps),10,0.05338182159782323,Normal,NORMAL
12/15/2016 8:30:11 PM,unknown,unknown,application,Windows PowerShell (logit.ps),10,0.10422158276850946,Normal,NORMAL
12/15/2016 8:29:44 PM,unknown,unknown,application,Windows PowerShell (logit.ps),10,0.10461672670185951,Normal,NORMAL
12/15/2016 8:29:44 PM,unknown,unknown,application,Windows PowerShell (logit.ps),10,0.04028144486249058,Normal,NORMAL
12/15/2016 8:29:44 PM,unknown,unknown,application,Windows PowerShell (logit.ps),10,0.09902834066604937,Normal,NORMAL
12/15/2016 8:29:44 PM,unknown,unknown,application,Windows PowerShell (logit.ps),10,0.05269220861633017,Normal,NORMAL
12/15/2016 8:29:43 PM,unknown,unknown,application,Windows PowerShell (logit.ps),10,0.10461672670185951,Normal,NORMAL
12/15/2016 8:29:12 PM,unknown,unknown,application,Windows PowerShell (logit.ps),10,0.10461672670185951,Normal,NORMAL
12/15/2016 8:29:12 PM,unknown,unknown,application,Windows PowerShell (logit.ps),10,0.03720979915518091,Normal,NORMAL
12/15/2016 8:29:12 PM,unknown,unknown,application,Windows PowerShell (logit.ps),10,0.09902834066604937,Normal,NORMAL
12/15/2016 8:29:12 PM,unknown,unknown,application,Windows PowerShell (logit.ps),10,0.05269220861633017,Normal,NORMAL
12/15/2016 8:29:12 PM,unknown,unknown,application,Windows PowerShell (logit.ps),10,0.10461672670185951,Normal,NORMAL
12/15/2016 8:28:42 PM,unknown,unknown,application,Windows PowerShell (logit.ps),10,0.10551324938771622,Normal,NORMAL
12/15/2016 8:28:42 PM,unknown,unknown,application,Windows PowerShell (logit.ps),10,0.043829275674562185,Normal,NORMAL
12/15/2016 8:28:42 PM,unknown,unknown,application,Windows PowerShell (logit.ps),10,0.09993723796992121,Normal,NORMAL
12/15/2016 8:28:42 PM,unknown,unknown,application,Windows PowerShell (logit.ps),10,0.054942927814472575,Normal,NORMAL
12/15/2016 8:28:42 PM,unknown,unknown,application,Windows PowerShell (logit.ps),10,0.10551324938771622,Normal,NORMAL
12/15/2016 8:28:04 PM,unknown,unknown,application,Windows PowerShell (logit.ps),10,0.10551324938771622,Normal,NORMAL
12/15/2016 8:28:04 PM,unknown,unknown,application,Windows PowerShell (logit.ps),10,0.043829275674562185,Normal,NORMAL
12/15/2016 8:28:04 PM,unknown,unknown,application,Windows PowerShell (logit.ps),10,0.09993723796992121,Normal,NORMAL
12/15/2016 8:28:04 PM,unknown,unknown,application,Windows PowerShell (logit.ps),10,0.054942927814472575,Normal,NORMAL
12/15/2016 8:28:04 PM,unknown,unknown,application,Windows PowerShell (logit.ps),10,0.10551324938771622,Normal,NORMAL
12/15/2016 8:27:37 PM,unknown,unknown,application,Windows PowerShell (logit.ps),10,0.10551324938771622,Normal,NORMAL
12/15/2016 8:27:37 PM,unknown,unknown,application,Windows PowerShell (logit.ps),10,0.04344872207419653,Normal,NORMAL
12/15/2016 8:27:37 PM,unknown,unknown,application,Windows PowerShell (logit.ps),10,0.09993723796992121,Normal,NORMAL
12/15/2016 8:27:37 PM,unknown,unknown,application,Windows PowerShell (logit.ps),10,0.05499724319190619,Normal,NORMAL
12/15/2016 8:27:37 PM,unknown,unknown,application,Windows PowerShell (logit.ps),10,0.10551324938771622,Normal,NORMAL
12/15/2016 8:27:06 PM,unknown,unknown,application,Desktop Window Manager,9009,-0.08583361514122101,Anomalie,HIGH
12/15/2016 8:27:06 PM,unknown,unknown,application,Desktop Window Manager,9020,-0.22107442821486467,Anomalie,HIGH
12/15/2016 8:27:06 PM,unknown,unknown,application,Windows PowerShell (logit.ps),10,0.10551324938771622,Normal,NORMAL
12/15/2016 8:27:06 PM,unknown,unknown,application,Windows PowerShell (logit.ps),10,0.04344872207419653,Normal,NORMAL
12/15/2016 8:27:06 PM,unknown,unknown,application,Windows PowerShell (logit.ps),10,0.09993723796992121,Normal,NORMAL
12/15/2016 8:27:06 PM,unknown,unknown,application,Windows PowerShell (logit.ps),10,0.05499724319190619,Normal,NORMAL
12/15/2016 8:27:06 PM,unknown,unknown,application,Windows PowerShell (logit.ps),10,0.10551324938771622,Normal,NORMAL
12/15/2016 8:26:33 PM,unknown,unknown,application,Windows PowerShell (logit.ps),10,0.10588557004485233,Normal,NORMAL
12/15/2016 8:26:33 PM,unknown,unknown,application,Windows PowerShell (logit.ps),10,0.04162883126919431,Normal,NORMAL
12/15/2016 8:26:33 PM,unknown,unknown,application,Windows PowerShell (logit.ps),10,0.10031469773394641,Normal,NORMAL
12/15/2016 8:26:33 PM,unknown,unknown,application,Windows PowerShell (logit.ps),10,0.05502507240280097,Normal,NORMAL
12/15/2016 8:26:33 PM,unknown,unknown,application,Windows PowerShell (logit.ps),10,0.10588557004485233,Normal,NORMAL
12/15/2016 8:26:21 PM,unknown,unknown,application,Microsoft-Windows-Security-SPP,903,0.07873464964539073,Normal,NORMAL
12/15/2016 8:26:21 PM,unknown,unknown,application,Microsoft-Windows-Security-SPP,16384,-0.06647767890034639,Anomalie,HIGH
12/15/2016 8:25:55 PM,unknown,unknown,application,Windows PowerShell (logit.ps),10,0.106480899000234,Normal,NORMAL
12/15/2016 8:25:55 PM,unknown,unknown,application,Windows PowerShell (logit.ps),10,0.044110570998776355,Normal,NORMAL
12/15/2016 8:25:55 PM,unknown,unknown,application,Windows PowerShell (logit.ps),10,0.10091824395870946,Normal,NORMAL
12/15/2016 8:25:55 PM,unknown,unknown,application,Windows PowerShell (logit.ps),10,0.05258135704236544,Normal,NORMAL
12/15/2016 8:25:55 PM,unknown,unknown,application,Windows PowerShell (logit.ps),10,0.106480899000234,Normal,NORMAL
12/15/2016 8:25:23 PM,unknown,unknown,application,Windows PowerShell (logit.ps),10,0.106480899000234,Normal,NORMAL
12/15/2016 8:25:23 PM,unknown,unknown,application,Windows PowerShell (logit.ps),10,0.03812487137015663,Normal,NORMAL
12/15/2016 8:25:23 PM,unknown,unknown,application,Windows PowerShell (logit.ps),10,0.10091824395870946,Normal,NORMAL
12/15/2016 8:25:23 PM,unknown,unknown,application,Windows PowerShell (logit.ps),10,0.054600664919282726,Normal,NORMAL
12/15/2016 8:25:23 PM,unknown,unknown,application,Windows PowerShell (logit.ps),10,0.106480899000234,Normal,NORMAL
12/15/2016 8:25:14 PM,unknown,unknown,application,Desktop Window Manager,9009,-0.0841338511403501,Anomalie,HIGH
12/15/2016 8:25:14 PM,unknown,unknown,application,Desktop Window Manager,9020,-0.2215688833249092,Anomalie,HIGH
12/15/2016 8:24:50 PM,unknown,unknown,application,Windows PowerShell (logit.ps),10,0.10363670375070333,Normal,NORMAL
12/15/2016 8:24:50 PM,unknown,unknown,application,Windows PowerShell (logit.ps),10,0.044184946537136005,Normal,NORMAL
12/15/2016 8:24:50 PM,unknown,unknown,application,Windows PowerShell (logit.ps),10,0.09803479055059727,Normal,NORMAL
12/15/2016 8:24:50 PM,unknown,unknown,application,Windows PowerShell (logit.ps),10,0.05406479788817259,Normal,NORMAL
12/15/2016 8:24:50 PM,unknown,unknown,application,Windows PowerShell (logit.ps),10,0.10363670375070333,Normal,NORMAL
12/15/2016 8:24:19 PM,unknown,unknown,application,Windows PowerShell (logit.ps),10,0.10363670375070333,Normal,NORMAL
12/15/2016 8:24:19 PM,unknown,unknown,application,Windows PowerShell (logit.ps),10,0.044184946537136005,Normal,NORMAL
12/15/2016 8:24:19 PM,unknown,unknown,application,Windows PowerShell (logit.ps),10,0.09803479055059727,Normal,NORMAL
12/15/2016 8:24:19 PM,unknown,unknown,application,Windows PowerShell (logit.ps),10,0.05406479788817259,Normal,NORMAL
12/15/2016 8:24:19 PM,unknown,unknown,application,Windows PowerShell (logit.ps),10,0.10363670375070333,Normal,NORMAL
12/15/2016 8:23:51 PM,unknown,unknown,application,Windows PowerShell (logit.ps),10,0.10336201808701445,Normal,NORMAL
12/15/2016 8:23:51 PM,unknown,unknown,application,Windows PowerShell (logit.ps),10,0.04355488635272903,Normal,NORMAL
12/15/2016 8:23:50 PM,unknown,unknown,application,Windows PowerShell (logit.ps),10,0.0977563134266185,Normal,NORMAL
12/15/2016 8:23:50 PM,unknown,unknown,application,Windows PowerShell (logit.ps),10,0.0537020975531155,Normal,NORMAL
12/15/2016 8:23:50 PM,unknown,unknown,application,Windows PowerShell (logit.ps),10,0.10336201808701445,Normal,NORMAL
12/15/2016 8:23:19 PM,unknown,unknown,application,Windows PowerShell (logit.ps),10,0.10336201808701445,Normal,NORMAL
12/15/2016 8:23:19 PM,unknown,unknown,application,Windows PowerShell (logit.ps),10,0.04355488635272903,Normal,NORMAL
12/15/2016 8:23:19 PM,unknown,unknown,application,Windows PowerShell (logit.ps),10,0.0977563134266185,Normal,NORMAL
12/15/2016 8:23:19 PM,unknown,unknown,application,Windows PowerShell (logit.ps),10,0.0537020975531155,Normal,NORMAL
12/15/2016 8:23:19 PM,unknown,unknown,application,Windows PowerShell (logit.ps),10,0.10336201808701445,Normal,NORMAL
12/15/2016 8:23:17 PM,unknown,unknown,application,Microsoft-Windows-Security-SPP,902,0.08041855584499191,Normal,NORMAL
12/15/2016 8:23:17 PM,unknown,unknown,application,Microsoft-Windows-Security-SPP,1037,0.07438435896774293,Normal,NORMAL
12/15/2016 8:23:17 PM,unknown,unknown,application,Microsoft-Windows-Security-SPP,1003,0.052827176762620776,Normal,NORMAL
12/15/2016 8:23:17 PM,unknown,unknown,application,Microsoft-Windows-Security-SPP,1066,0.02961299929676564,Normal,NORMAL
