11/10/2016 9:58:08 PM,unknown,unknown,system,Microsoft-Windows-Kernel-General,15.0,Information,-0.9968438476417432,1,NORMAL
11/10/2016 9:58:08 PM,unknown,unknown,system,Service Control Manager,7036.0,Information,-2.190704688803805,-1,HIGH
11/10/2016 9:58:06 PM,unknown,unknown,system,Service Control Manager,7036.0,Information,-2.2338341426878148,-1,HIGH
11/10/2016 9:58:06 PM,unknown,unknown,system,Service Control Manager,7036.0,Information,-2.190704688803805,-1,HIGH
11/10/2016 9:58:06 PM,unknown,unknown,system,Service Control Manager,7036.0,Information,-2.2659376125860202,-1,HIGH
11/10/2016 9:58:05 PM,unknown,unknown,system,Microsoft-Windows-Kernel-General,16.0,Information,-0.9966870330091713,1,NORMAL
11/10/2016 9:58:05 PM,unknown,unknown,system,Microsoft-Windows-Kernel-General,16.0,Information,-0.9967023671053106,1,NORMAL
11/10/2016 9:58:05 PM,unknown,unknown,system,Service Control Manager,7036.0,Information,-2.2637115347260166,-1,HIGH
11/10/2016 9:43:22 PM,unknown,unknown,system,Service Control Manager,7036.0,Information,-1.0441927940893576,1,NORMAL
11/10/2016 9:43:22 PM,unknown,unknown,system,Service Control Manager,7036.0,Information,-1.0519628468279763,1,NORMAL
11/10/2016 9:39:02 PM,unknown,unknown,system,Service Control Manager,7036.0,Information,-0.9573585857483249,1,NORMAL
11/10/2016 9:38:32 PM,unknown,unknown,system,Service Control Manager,7036.0,Information,-0.9583006494875101,1,NORMAL
11/10/2016 9:09:02 PM,unknown,unknown,system,Service Control Manager,7036.0,Information,-0.9802386455792079,1,NORMAL
11/10/2016 9:08:32 PM,unknown,unknown,system,Service Control Manager,7036.0,Information,-0.9781100121095325,1,NORMAL
11/10/2016 8:51:22 PM,unknown,unknown,system,Service Control Manager,7036.0,Information,-2.331122530201221,-1,HIGH
11/10/2016 8:39:02 PM,unknown,unknown,system,Service Control Manager,7036.0,Information,-0.9862209809913661,1,NORMAL
11/10/2016 8:38:31 PM,unknown,unknown,system,Service Control Manager,7036.0,Information,-0.98590328905982,1,NORMAL
11/10/2016 8:38:22 PM,unknown,unknown,system,Service Control Manager,7036.0,Information,-0.9905829607564791,1,NORMAL
11/10/2016 8:11:22 PM,unknown,unknown,system,Service Control Manager,7036.0,Information,-1.0276680435678107,1,NORMAL
11/10/2016 8:11:22 PM,unknown,unknown,system,Service Control Manager,7036.0,Information,-1.0575013524758778,1,NORMAL
11/10/2016 8:09:02 PM,unknown,unknown,system,Service Control Manager,7036.0,Information,-1.0186094709862867,1,NORMAL
11/10/2016 8:08:31 PM,unknown,unknown,system,Service Control Manager,7036.0,Information,-1.0108101005619148,1,NORMAL
11/10/2016 7:39:02 PM,unknown,unknown,system,Service Control Manager,7036.0,Information,-0.9946721940846881,1,NORMAL
11/10/2016 7:38:31 PM,unknown,unknown,system,Service Control Manager,7036.0,Information,-0.9970094472750796,1,NORMAL
11/10/2016 7:22:22 PM,unknown,unknown,system,Service Control Manager,7036.0,Information,-1.0111245360395162,1,NORMAL
11/10/2016 7:09:22 PM,unknown,unknown,system,Service Control Manager,7036.0,Information,-1.1705985177995835,-1,HIGH
11/10/2016 7:09:01 PM,unknown,unknown,system,Service Control Manager,7036.0,Information,-1.1032879750070135,-1,HIGH
11/10/2016 7:08:31 PM,unknown,unknown,system,Service Control Manager,7036.0,Information,-1.4182831558014999,-1,HIGH
11/10/2016 6:42:22 PM,unknown,unknown,system,Service Control Manager,7036.0,Information,-1.0356465848403518,1,NORMAL
11/10/2016 6:42:22 PM,unknown,unknown,system,Service Control Manager,7036.0,Information,-1.025529018762422,1,NORMAL
11/10/2016 6:39:01 PM,unknown,unknown,system,Service Control Manager,7036.0,Information,-1.0202311334456657,1,NORMAL
11/10/2016 6:38:31 PM,unknown,unknown,system,Service Control Manager,7036.0,Information,-1.0295127599789062,1,NORMAL
11/10/2016 6:13:21 PM,unknown,unknown,system,Service Control Manager,7036.0,Information,-1.3254626004262529,-1,HIGH
11/10/2016 6:09:01 PM,unknown,unknown,system,Service Control Manager,7036.0,Information,-1.3768024376628731,-1,HIGH
11/10/2016 6:08:31 PM,unknown,unknown,system,Service Control Manager,7036.0,Information,-1.1523316112700486,-1,HIGH
11/10/2016 6:00:22 PM,unknown,unknown,system,Service Control Manager,7036.0,Information,-1.7772722305353816,-1,HIGH
11/10/2016 5:39:01 PM,unknown,unknown,system,Service Control Manager,7036.0,Information,-1.0289329957748752,1,NORMAL
11/10/2016 5:38:31 PM,unknown,unknown,system,Service Control Manager,7036.0,Information,-1.0284582102712374,1,NORMAL
11/10/2016 5:33:21 PM,unknown,unknown,system,Service Control Manager,7036.0,Information,-1.2227764035427233,-1,HIGH
11/10/2016 5:33:21 PM,unknown,unknown,system,Service Control Manager,7036.0,Information,-1.0731520573479427,1,NORMAL
11/10/2016 5:09:01 PM,unknown,unknown,system,Service Control Manager,7036.0,Information,-1.484705877329016,-1,HIGH
11/10/2016 5:08:30 PM,unknown,unknown,system,Service Control Manager,7036.0,Information,-1.6223192552530268,-1,HIGH
11/10/2016 5:03:21 PM,unknown,unknown,system,Service Control Manager,7036.0,Information,-1.5949460354767837,-1,HIGH
11/10/2016 4:50:21 PM,unknown,unknown,system,Service Control Manager,7036.0,Information,-1.0640084896407038,1,NORMAL
11/10/2016 4:39:01 PM,unknown,unknown,system,Service Control Manager,7036.0,Information,-1.0481479975651131,1,NORMAL
11/10/2016 4:38:30 PM,unknown,unknown,system,Service Control Manager,7036.0,Information,-1.074430545624264,1,NORMAL
11/10/2016 4:23:21 PM,unknown,unknown,system,Service Control Manager,7036.0,Information,-1.2618908530637893,-1,HIGH
11/10/2016 4:23:21 PM,unknown,unknown,system,Service Control Manager,7036.0,Information,-1.0487723841884782,1,NORMAL
11/10/2016 4:09:00 PM,unknown,unknown,system,Service Control Manager,7036.0,Information,-1.0866542117746953,1,NORMAL
11/10/2016 4:08:30 PM,unknown,unknown,system,Service Control Manager,7036.0,Information,-1.0884015206876725,1,NORMAL
11/10/2016 3:39:00 PM,unknown,unknown,system,Service Control Manager,7036.0,Information,-1.0804761414067103,1,NORMAL
11/10/2016 3:38:30 PM,unknown,unknown,system,Service Control Manager,7036.0,Information,-1.0845492746675454,1,NORMAL
11/10/2016 3:38:21 PM,unknown,unknown,system,Service Control Manager,7036.0,Information,-1.111460962288479,-1,HIGH
11/10/2016 3:28:21 PM,unknown,unknown,system,Service Control Manager,7036.0,Information,-1.0462528056260008,1,NORMAL
11/10/2016 3:09:00 PM,unknown,unknown,system,Service Control Manager,7036.0,Information,-1.0357689055603618,1,NORMAL
11/10/2016 3:08:30 PM,unknown,unknown,system,Service Control Manager,7036.0,Information,-1.0450103484125268,1,NORMAL
11/10/2016 2:58:21 PM,unknown,unknown,system,Service Control Manager,7036.0,Information,-1.1188530322472559,-1,HIGH
11/10/2016 2:58:21 PM,unknown,unknown,system,Service Control Manager,7036.0,Information,-1.0476918597662728,1,NORMAL
11/10/2016 2:39:00 PM,unknown,unknown,system,Service Control Manager,7036.0,Information,-1.0488378373199247,1,NORMAL
11/10/2016 2:38:30 PM,unknown,unknown,system,Service Control Manager,7036.0,Information,-1.06164875233044,1,NORMAL
11/10/2016 2:09:00 PM,unknown,unknown,system,Service Control Manager,7036.0,Information,-1.0155014688700632,1,NORMAL
11/10/2016 2:08:30 PM,unknown,unknown,system,Service Control Manager,7036.0,Information,-1.0157059333280467,1,NORMAL
11/10/2016 2:05:21 PM,unknown,unknown,system,Service Control Manager,7036.0,Information,-1.0511408642646385,1,NORMAL
11/10/2016 1:52:21 PM,unknown,unknown,system,Service Control Manager,7036.0,Information,-1.0483517527947654,1,NORMAL
11/10/2016 1:39:00 PM,unknown,unknown,system,Service Control Manager,7036.0,Information,-1.04430444909455,1,NORMAL
11/10/2016 1:38:29 PM,unknown,unknown,system,Service Control Manager,7036.0,Information,-1.0480282260245006,1,NORMAL
11/10/2016 1:25:21 PM,unknown,unknown,system,Service Control Manager,7036.0,Information,-1.2994298284429349,-1,HIGH
11/10/2016 1:25:20 PM,unknown,unknown,system,Service Control Manager,7036.0,Information,-1.2083272636427727,-1,HIGH
11/10/2016 1:09:00 PM,unknown,unknown,system,Service Control Manager,7036.0,Information,-1.020910312515808,1,NORMAL
11/10/2016 1:08:29 PM,unknown,unknown,system,Service Control Manager,7036.0,Information,-1.0253817962942529,1,NORMAL
11/10/2016 12:38:59 PM,unknown,unknown,system,Service Control Manager,7036.0,Information,-1.0188608904726724,1,NORMAL
11/10/2016 12:38:29 PM,unknown,unknown,system,Service Control Manager,7036.0,Information,-1.0188608904726724,1,NORMAL
11/10/2016 12:34:29 PM,unknown,unknown,system,Service Control Manager,7040.0,Information,-1.2142130442704824,-1,HIGH
11/10/2016 12:10:22 PM,unknown,unknown,system,Service Control Manager,7036.0,Information,-1.7999682249974132,-1,HIGH
11/10/2016 12:08:59 PM,unknown,unknown,system,Service Control Manager,7036.0,Information,-1.4275457276541315,-1,HIGH
11/10/2016 12:08:29 PM,unknown,unknown,system,Service Control Manager,7036.0,Information,-1.4275457276541315,-1,HIGH
11/10/2016 11:57:51 AM,unknown,unknown,system,Service Control Manager,7036.0,Information,-1.2297940984800448,-1,HIGH
11/10/2016 11:38:59 AM,unknown,unknown,system,Service Control Manager,7036.0,Information,-0.9856230732790197,1,NORMAL
11/10/2016 11:38:29 AM,unknown,unknown,system,Service Control Manager,7036.0,Information,-0.9856230732790197,1,NORMAL
11/10/2016 11:36:31 AM,unknown,unknown,system,Service Control Manager,7036.0,Information,-1.0048143892184016,1,NORMAL
11/10/2016 11:34:36 AM,unknown,unknown,system,Microsoft-Windows-WindowsUpdateClient,17.0,Information,-10.922213288423052,-1,HIGH
11/10/2016 11:34:36 AM,unknown,unknown,system,Microsoft-Windows-WindowsUpdateClient,17.0,Information,-10.861235448854421,-1,HIGH
11/10/2016 11:34:31 AM,unknown,unknown,system,Microsoft-Windows-WindowsUpdateClient,17.0,Information,-10.800257702847695,-1,HIGH
11/10/2016 11:34:31 AM,unknown,unknown,system,Microsoft-Windows-WindowsUpdateClient,17.0,Information,-10.74748742622295,-1,HIGH
11/10/2016 11:34:31 AM,unknown,unknown,system,Microsoft-Windows-WindowsUpdateClient,17.0,Information,-10.694717242699049,-1,HIGH
11/10/2016 11:34:13 AM,unknown,unknown,system,Service Control Manager,7040.0,Information,-1.0776541473188284,1,NORMAL
11/10/2016 11:34:12 AM,unknown,unknown,system,Service Control Manager,7040.0,Information,-1.0776541473188284,1,NORMAL
11/10/2016 11:34:10 AM,unknown,unknown,system,Service Control Manager,7040.0,Information,-1.0776541473188284,1,NORMAL
11/10/2016 11:34:08 AM,unknown,unknown,system,Service Control Manager,7040.0,Information,-1.0776541473188284,1,NORMAL
11/10/2016 11:29:21 AM,unknown,unknown,system,Microsoft-Windows-WindowsUpdateClient,17.0,Information,-1.305576623949306,-1,HIGH
11/10/2016 11:29:21 AM,unknown,unknown,system,Microsoft-Windows-WindowsUpdateClient,17.0,Information,-1.2724672883771866,-1,HIGH
11/10/2016 11:29:21 AM,unknown,unknown,system,Microsoft-Windows-WindowsUpdateClient,17.0,Information,-1.2417044959716255,-1,HIGH
11/10/2016 11:29:21 AM,unknown,unknown,system,Microsoft-Windows-WindowsUpdateClient,17.0,Information,-1.2098663950193222,-1,HIGH
11/10/2016 11:29:21 AM,unknown,unknown,system,Microsoft-Windows-WindowsUpdateClient,17.0,Information,-1.1850387383960457,-1,HIGH
11/10/2016 11:29:21 AM,unknown,unknown,system,Microsoft-Windows-WindowsUpdateClient,17.0,Information,-1.1630479345551896,-1,HIGH
11/10/2016 11:29:21 AM,unknown,unknown,system,Microsoft-Windows-WindowsUpdateClient,17.0,Information,-1.140856152100297,-1,HIGH
11/10/2016 11:29:21 AM,unknown,unknown,system,Microsoft-Windows-WindowsUpdateClient,17.0,Information,-1.1200781841364706,-1,HIGH
11/10/2016 11:29:21 AM,unknown,unknown,system,Microsoft-Windows-WindowsUpdateClient,17.0,Information,-1.1020059695195585,1,NORMAL
11/10/2016 11:29:21 AM,unknown,unknown,system,Microsoft-Windows-WindowsUpdateClient,17.0,Information,-1.0886206078883918,1,NORMAL
11/10/2016 11:29:21 AM,unknown,unknown,system,Microsoft-Windows-WindowsUpdateClient,17.0,Information,-1.0802261095225416,1,NORMAL
11/10/2016 11:29:21 AM,unknown,unknown,system,Microsoft-Windows-WindowsUpdateClient,17.0,Information,-1.0755519740922808,1,NORMAL
11/10/2016 11:29:21 AM,unknown,unknown,system,Microsoft-Windows-WindowsUpdateClient,17.0,Information,-1.0644877116811196,1,NORMAL
11/10/2016 11:29:21 AM,unknown,unknown,system,Microsoft-Windows-WindowsUpdateClient,17.0,Information,-1.0380260871356313,1,NORMAL
11/10/2016 11:29:21 AM,unknown,unknown,system,Microsoft-Windows-WindowsUpdateClient,17.0,Information,-1.0204230819703357,1,NORMAL
11/10/2016 11:29:21 AM,unknown,unknown,system,Microsoft-Windows-WindowsUpdateClient,17.0,Information,-1.0105447411712711,1,NORMAL
11/10/2016 11:29:21 AM,unknown,unknown,system,Microsoft-Windows-WindowsUpdateClient,17.0,Information,-0.995160087314801,1,NORMAL
11/10/2016 11:29:21 AM,unknown,unknown,system,Microsoft-Windows-WindowsUpdateClient,17.0,Information,-0.9807262685884329,1,NORMAL
11/10/2016 11:29:21 AM,unknown,unknown,system,Microsoft-Windows-WindowsUpdateClient,17.0,Information,-0.9646846097679422,1,NORMAL
11/10/2016 11:29:21 AM,unknown,unknown,system,Microsoft-Windows-WindowsUpdateClient,17.0,Information,-0.9545952506301151,1,NORMAL
11/10/2016 11:29:21 AM,unknown,unknown,system,Microsoft-Windows-WindowsUpdateClient,17.0,Information,-0.9471723425815679,1,NORMAL
11/10/2016 11:29:21 AM,unknown,unknown,system,Microsoft-Windows-WindowsUpdateClient,17.0,Information,-0.9450017041853749,1,NORMAL
11/10/2016 11:29:21 AM,unknown,unknown,system,Microsoft-Windows-WindowsUpdateClient,17.0,Information,-0.94437636741417,1,NORMAL
11/10/2016 11:29:21 AM,unknown,unknown,system,Microsoft-Windows-WindowsUpdateClient,17.0,Information,-0.9507764675762,1,NORMAL
11/10/2016 11:29:21 AM,unknown,unknown,system,Microsoft-Windows-WindowsUpdateClient,17.0,Information,-0.9544320044906422,1,NORMAL
11/10/2016 11:29:21 AM,unknown,unknown,system,Microsoft-Windows-WindowsUpdateClient,17.0,Information,-0.9592596004123712,1,NORMAL
11/10/2016 11:29:21 AM,unknown,unknown,system,Microsoft-Windows-WindowsUpdateClient,17.0,Information,-0.9665006870782158,1,NORMAL
11/10/2016 11:29:21 AM,unknown,unknown,system,Microsoft-Windows-WindowsUpdateClient,17.0,Information,-0.9699630077229601,1,NORMAL
11/10/2016 11:29:21 AM,unknown,unknown,system,Microsoft-Windows-WindowsUpdateClient,17.0,Information,-0.9717298074743046,1,NORMAL
11/10/2016 11:29:21 AM,unknown,unknown,system,Microsoft-Windows-WindowsUpdateClient,17.0,Information,-0.9765631124460775,1,NORMAL
11/10/2016 11:29:21 AM,unknown,unknown,system,Microsoft-Windows-WindowsUpdateClient,17.0,Information,-0.9779551166364743,1,NORMAL
11/10/2016 11:29:21 AM,unknown,unknown,system,Microsoft-Windows-WindowsUpdateClient,17.0,Information,-0.9800103159398899,1,NORMAL
11/10/2016 11:29:21 AM,unknown,unknown,system,Microsoft-Windows-WindowsUpdateClient,17.0,Information,-0.9828418457279133,1,NORMAL
11/10/2016 11:29:21 AM,unknown,unknown,system,Microsoft-Windows-WindowsUpdateClient,17.0,Information,-0.9900447352637205,1,NORMAL
11/10/2016 11:29:21 AM,unknown,unknown,system,Microsoft-Windows-WindowsUpdateClient,17.0,Information,-0.9941442660707033,1,NORMAL
11/10/2016 11:29:21 AM,unknown,unknown,system,Microsoft-Windows-WindowsUpdateClient,17.0,Information,-0.9992906693295446,1,NORMAL
11/10/2016 11:29:21 AM,unknown,unknown,system,Microsoft-Windows-WindowsUpdateClient,17.0,Information,-1.0120133522078876,1,NORMAL
11/10/2016 11:29:21 AM,unknown,unknown,system,Microsoft-Windows-WindowsUpdateClient,17.0,Information,-1.0161469505209284,1,NORMAL
11/10/2016 11:29:21 AM,unknown,unknown,system,Microsoft-Windows-WindowsUpdateClient,17.0,Information,-1.0264099955648092,1,NORMAL
11/10/2016 11:29:21 AM,unknown,unknown,system,Microsoft-Windows-WindowsUpdateClient,17.0,Information,-1.0323042014078043,1,NORMAL
11/10/2016 11:29:21 AM,unknown,unknown,system,Microsoft-Windows-WindowsUpdateClient,17.0,Information,-1.0381063339042416,1,NORMAL
11/10/2016 11:29:21 AM,unknown,unknown,system,Microsoft-Windows-WindowsUpdateClient,17.0,Information,-1.043440549548253,1,NORMAL
11/10/2016 11:29:21 AM,unknown,unknown,system,Microsoft-Windows-WindowsUpdateClient,17.0,Information,-1.059446550715143,1,NORMAL
11/10/2016 11:29:21 AM,unknown,unknown,system,Microsoft-Windows-WindowsUpdateClient,17.0,Information,-1.0623246760312388,1,NORMAL
11/10/2016 11:29:21 AM,unknown,unknown,system,Microsoft-Windows-WindowsUpdateClient,17.0,Information,-1.0810611959881233,1,NORMAL
11/10/2016 11:29:21 AM,unknown,unknown,system,Microsoft-Windows-WindowsUpdateClient,17.0,Information,-1.0902808950752454,1,NORMAL
11/10/2016 11:29:21 AM,unknown,unknown,system,Microsoft-Windows-WindowsUpdateClient,17.0,Information,-1.114633932143608,-1,HIGH
11/10/2016 11:29:21 AM,unknown,unknown,system,Microsoft-Windows-WindowsUpdateClient,17.0,Information,-1.1159157045321542,-1,HIGH
11/10/2016 11:29:21 AM,unknown,unknown,system,Microsoft-Windows-WindowsUpdateClient,17.0,Information,-1.094734300810993,1,NORMAL
11/10/2016 11:29:21 AM,unknown,unknown,system,Microsoft-Windows-WindowsUpdateClient,17.0,Information,-1.2143351273151344,-1,HIGH
11/10/2016 11:29:21 AM,unknown,unknown,system,Microsoft-Windows-WindowsUpdateClient,17.0,Information,-1.3068741766037875,-1,HIGH
11/10/2016 11:29:21 AM,unknown,unknown,system,Microsoft-Windows-WindowsUpdateClient,17.0,Information,-2.465212857443392,-1,HIGH
11/10/2016 11:29:17 AM,unknown,unknown,system,Service Control Manager,7040.0,Information,-1.0194105082733012,1,NORMAL
11/10/2016 11:29:11 AM,unknown,unknown,system,Service Control Manager,7040.0,Information,-1.0194105082733012,1,NORMAL
11/10/2016 11:29:10 AM,unknown,unknown,system,Service Control Manager,7040.0,Information,-1.0194105082733012,1,NORMAL
11/10/2016 11:29:08 AM,unknown,unknown,system,Service Control Manager,7040.0,Information,-1.0194105082733012,1,NORMAL
11/10/2016 11:29:06 AM,unknown,unknown,system,Service Control Manager,7040.0,Information,-1.0194105082733012,1,NORMAL
11/10/2016 11:28:44 AM,unknown,unknown,system,Service Control Manager,7040.0,Information,-1.0183694735754818,1,NORMAL
11/10/2016 11:27:00 AM,unknown,unknown,system,Service Control Manager,7040.0,Information,-1.0257416387699356,1,NORMAL
11/10/2016 11:24:22 AM,unknown,unknown,system,Service Control Manager,7036.0,Information,-1.2960402600961936,-1,HIGH
11/10/2016 11:19:06 AM,unknown,unknown,system,Service Control Manager,7040.0,Information,-1.1959999996538297,-1,HIGH
11/10/2016 11:18:53 AM,unknown,unknown,system,Service Control Manager,7040.0,Information,-1.0,1,NORMAL
11/10/2016 11:18:52 AM,unknown,unknown,system,Service Control Manager,7040.0,Information,-1.0,1,NORMAL
11/10/2016 11:18:46 AM,unknown,unknown,system,Service Control Manager,7040.0,Information,-1.0,1,NORMAL
11/10/2016 11:18:38 AM,unknown,unknown,system,Service Control Manager,7040.0,Information,-1.0,1,NORMAL
11/10/2016 11:18:36 AM,unknown,unknown,system,Service Control Manager,7040.0,Information,-1.0,1,NORMAL
11/10/2016 11:18:35 AM,unknown,unknown,system,Service Control Manager,7040.0,Information,-1.0,1,NORMAL
11/10/2016 11:18:32 AM,unknown,unknown,system,Service Control Manager,7040.0,Information,-1.0,1,NORMAL
11/10/2016 11:18:32 AM,unknown,unknown,system,Service Control Manager,7040.0,Information,-1.0,1,NORMAL
11/10/2016 11:18:28 AM,unknown,unknown,system,Service Control Manager,7040.0,Information,-1.0,1,NORMAL
11/10/2016 11:18:28 AM,unknown,unknown,system,Service Control Manager,7040.0,Information,-1.0,1,NORMAL
11/10/2016 11:18:25 AM,unknown,unknown,system,Service Control Manager,7040.0,Information,-1.0,1,NORMAL
11/10/2016 11:18:23 AM,unknown,unknown,system,Service Control Manager,7040.0,Information,-1.0,1,NORMAL
11/10/2016 11:18:21 AM,unknown,unknown,system,Service Control Manager,7040.0,Information,-1.0,1,NORMAL
11/10/2016 11:18:20 AM,unknown,unknown,system,Service Control Manager,7040.0,Information,-1.0,1,NORMAL
11/10/2016 11:18:18 AM,unknown,unknown,system,Service Control Manager,7040.0,Information,-1.0,1,NORMAL
11/10/2016 11:18:17 AM,unknown,unknown,system,Service Control Manager,7040.0,Information,-1.0,1,NORMAL
11/10/2016 11:18:11 AM,unknown,unknown,system,Service Control Manager,7040.0,Information,-1.0,1,NORMAL
11/10/2016 11:18:10 AM,unknown,unknown,system,Service Control Manager,7040.0,Information,-1.0,1,NORMAL
11/10/2016 11:18:08 AM,unknown,unknown,system,Service Control Manager,7040.0,Information,-1.0,1,NORMAL
11/10/2016 11:18:02 AM,unknown,unknown,system,Service Control Manager,7040.0,Information,-1.0,1,NORMAL
11/10/2016 11:17:56 AM,unknown,unknown,system,Service Control Manager,7040.0,Information,-1.0,1,NORMAL
11/10/2016 11:17:51 AM,unknown,unknown,system,Service Control Manager,7040.0,Information,-1.0,1,NORMAL
11/10/2016 11:17:48 AM,unknown,unknown,system,Service Control Manager,7040.0,Information,-1.0,1,NORMAL
11/10/2016 11:17:47 AM,unknown,unknown,system,Service Control Manager,7040.0,Information,-1.0,1,NORMAL
11/10/2016 11:17:43 AM,unknown,unknown,system,Service Control Manager,7040.0,Information,-1.0,1,NORMAL
11/10/2016 11:17:43 AM,unknown,unknown,system,Service Control Manager,7040.0,Information,-1.0,1,NORMAL
11/10/2016 11:17:40 AM,unknown,unknown,system,Service Control Manager,7040.0,Information,-1.0,1,NORMAL
11/10/2016 11:17:31 AM,unknown,unknown,system,Service Control Manager,7040.0,Information,-1.0,1,NORMAL
11/10/2016 11:17:28 AM,unknown,unknown,system,Service Control Manager,7040.0,Information,-1.0,1,NORMAL
11/10/2016 11:17:27 AM,unknown,unknown,system,Service Control Manager,7040.0,Information,-1.0,1,NORMAL
11/10/2016 11:17:24 AM,unknown,unknown,system,Service Control Manager,7040.0,Information,-1.0,1,NORMAL
11/10/2016 11:17:23 AM,unknown,unknown,system,Service Control Manager,7040.0,Information,-1.0,1,NORMAL
11/10/2016 11:17:22 AM,unknown,unknown,system,Service Control Manager,7040.0,Information,-1.0,1,NORMAL
11/10/2016 11:17:21 AM,unknown,unknown,system,Service Control Manager,7040.0,Information,-1.0,1,NORMAL
11/10/2016 11:17:16 AM,unknown,unknown,system,Service Control Manager,7040.0,Information,-1.0,1,NORMAL
11/10/2016 11:17:13 AM,unknown,unknown,system,Service Control Manager,7040.0,Information,-1.0,1,NORMAL
11/10/2016 11:17:09 AM,unknown,unknown,system,Service Control Manager,7040.0,Information,-1.0,1,NORMAL
11/10/2016 11:17:07 AM,unknown,unknown,system,Service Control Manager,7040.0,Information,-1.0,1,NORMAL
11/10/2016 11:17:06 AM,unknown,unknown,system,Service Control Manager,7040.0,Information,-1.0,1,NORMAL
11/10/2016 11:17:04 AM,unknown,unknown,system,Service Control Manager,7040.0,Information,-1.0,1,NORMAL
11/10/2016 11:17:01 AM,unknown,unknown,system,Service Control Manager,7040.0,Information,-1.0,1,NORMAL
11/10/2016 11:17:00 AM,unknown,unknown,system,Service Control Manager,7040.0,Information,-1.0,1,NORMAL
11/10/2016 11:16:57 AM,unknown,unknown,system,Service Control Manager,7040.0,Information,-1.0,1,NORMAL
11/10/2016 11:16:56 AM,unknown,unknown,system,Service Control Manager,7040.0,Information,-1.0,1,NORMAL
11/10/2016 11:16:54 AM,unknown,unknown,system,Service Control Manager,7040.0,Information,-1.0,1,NORMAL
11/10/2016 11:16:54 AM,unknown,unknown,system,Service Control Manager,7040.0,Information,-1.0,1,NORMAL
11/10/2016 11:16:51 AM,unknown,unknown,system,Service Control Manager,7040.0,Information,-1.0,1,NORMAL
11/10/2016 11:16:50 AM,unknown,unknown,system,Service Control Manager,7040.0,Information,-1.0,1,NORMAL
11/10/2016 11:16:49 AM,unknown,unknown,system,Service Control Manager,7040.0,Information,-1.0,1,NORMAL
11/10/2016 11:16:47 AM,unknown,unknown,system,Service Control Manager,7040.0,Information,-1.0,1,NORMAL
11/10/2016 11:16:41 AM,unknown,unknown,system,Service Control Manager,7040.0,Information,-1.0,1,NORMAL
11/10/2016 11:16:36 AM,unknown,unknown,system,Service Control Manager,7040.0,Information,-1.0,1,NORMAL
11/10/2016 11:16:29 AM,unknown,unknown,system,Service Control Manager,7040.0,Information,-1.0,1,NORMAL
11/10/2016 11:16:22 AM,unknown,unknown,system,Service Control Manager,7040.0,Information,-1.0,1,NORMAL
11/10/2016 11:16:20 AM,unknown,unknown,system,Service Control Manager,7040.0,Information,-1.0,1,NORMAL
11/10/2016 11:16:20 AM,unknown,unknown,system,Service Control Manager,7040.0,Information,-1.0,1,NORMAL
11/10/2016 11:16:04 AM,unknown,unknown,system,Service Control Manager,7040.0,Information,-1.0,1,NORMAL
11/10/2016 11:15:46 AM,unknown,unknown,system,Service Control Manager,7040.0,Information,-1.0,1,NORMAL
11/10/2016 11:15:42 AM,unknown,unknown,system,Service Control Manager,7040.0,Information,-1.0,1,NORMAL
11/10/2016 11:15:40 AM,unknown,unknown,system,Service Control Manager,7040.0,Information,-1.0,1,NORMAL
11/10/2016 11:15:38 AM,unknown,unknown,system,Service Control Manager,7040.0,Information,-1.0,1,NORMAL
11/10/2016 11:15:36 AM,unknown,unknown,system,Service Control Manager,7040.0,Information,-1.0,1,NORMAL
11/10/2016 11:15:30 AM,unknown,unknown,system,Service Control Manager,7040.0,Information,-1.0,1,NORMAL
11/10/2016 11:15:23 AM,unknown,unknown,system,Service Control Manager,7040.0,Information,-1.0,1,NORMAL
11/10/2016 11:15:20 AM,unknown,unknown,system,Service Control Manager,7040.0,Information,-1.0,1,NORMAL
11/10/2016 11:15:20 AM,unknown,unknown,system,Service Control Manager,7040.0,Information,-1.0,1,NORMAL
11/10/2016 11:15:17 AM,unknown,unknown,system,Service Control Manager,7040.0,Information,-1.0,1,NORMAL
11/10/2016 11:15:13 AM,unknown,unknown,system,Service Control Manager,7040.0,Information,-1.0,1,NORMAL
11/10/2016 11:15:10 AM,unknown,unknown,system,Service Control Manager,7040.0,Information,-1.0,1,NORMAL
11/10/2016 11:15:10 AM,unknown,unknown,system,Service Control Manager,7040.0,Information,-1.0,1,NORMAL
11/10/2016 11:15:09 AM,unknown,unknown,system,Service Control Manager,7040.0,Information,-1.0,1,NORMAL
11/10/2016 11:15:07 AM,unknown,unknown,system,Service Control Manager,7040.0,Information,-1.0,1,NORMAL
11/10/2016 11:15:04 AM,unknown,unknown,system,Service Control Manager,7040.0,Information,-1.0,1,NORMAL
11/10/2016 11:15:01 AM,unknown,unknown,system,Service Control Manager,7040.0,Information,-1.0,1,NORMAL
11/10/2016 11:14:59 AM,unknown,unknown,system,Service Control Manager,7040.0,Information,-1.0,1,NORMAL
11/10/2016 11:14:58 AM,unknown,unknown,system,Service Control Manager,7040.0,Information,-1.0,1,NORMAL
11/10/2016 11:14:49 AM,unknown,unknown,system,Service Control Manager,7040.0,Information,-1.0,1,NORMAL
11/10/2016 11:14:46 AM,unknown,unknown,system,Service Control Manager,7040.0,Information,-1.0,1,NORMAL
11/10/2016 11:14:43 AM,unknown,unknown,system,Service Control Manager,7040.0,Information,-1.0,1,NORMAL
11/10/2016 11:14:37 AM,unknown,unknown,system,Service Control Manager,7040.0,Information,-1.0,1,NORMAL
11/10/2016 11:14:32 AM,unknown,unknown,system,Service Control Manager,7040.0,Information,-1.0,1,NORMAL
11/10/2016 11:14:30 AM,unknown,unknown,system,Service Control Manager,7040.0,Information,-1.0,1,NORMAL
11/10/2016 11:14:28 AM,unknown,unknown,system,Service Control Manager,7040.0,Information,-1.0,1,NORMAL
11/10/2016 11:14:22 AM,unknown,unknown,system,Service Control Manager,7040.0,Information,-1.0,1,NORMAL
11/10/2016 11:14:15 AM,unknown,unknown,system,Service Control Manager,7040.0,Information,-1.0,1,NORMAL
11/10/2016 11:14:08 AM,unknown,unknown,system,Service Control Manager,7040.0,Information,-1.0,1,NORMAL
11/10/2016 11:14:04 AM,unknown,unknown,system,Service Control Manager,7040.0,Information,-1.0,1,NORMAL
11/10/2016 11:14:03 AM,unknown,unknown,system,Service Control Manager,7040.0,Information,-1.0,1,NORMAL
11/10/2016 11:14:01 AM,unknown,unknown,system,Service Control Manager,7040.0,Information,-1.0,1,NORMAL
11/10/2016 11:13:55 AM,unknown,unknown,system,Service Control Manager,7040.0,Information,-1.0000000000000007,1,NORMAL
11/10/2016 11:29:21 AM,unknown,unknown,system,Microsoft-Windows-WindowsUpdateClient,17.0,Information,-1.305576623949306,-1,HIGH
11/10/2016 11:29:21 AM,unknown,unknown,system,Microsoft-Windows-WindowsUpdateClient,17.0,Information,-1.2724672883771866,-1,HIGH
11/10/2016 11:29:21 AM,unknown,unknown,system,Microsoft-Windows-WindowsUpdateClient,17.0,Information,-1.2417044959716255,-1,HIGH
11/10/2016 11:29:21 AM,unknown,unknown,system,Microsoft-Windows-WindowsUpdateClient,17.0,Information,-1.2098663950193222,-1,HIGH
11/10/2016 11:29:21 AM,unknown,unknown,system,Microsoft-Windows-WindowsUpdateClient,17.0,Information,-1.1850387383960457,-1,HIGH
11/10/2016 11:29:21 AM,unknown,unknown,system,Microsoft-Windows-WindowsUpdateClient,17.0,Information,-1.1630479345551896,-1,HIGH
11/10/2016 11:29:21 AM,unknown,unknown,system,Microsoft-Windows-WindowsUpdateClient,17.0,Information,-1.140856152100297,-1,HIGH
11/10/2016 11:29:21 AM,unknown,unknown,system,Microsoft-Windows-WindowsUpdateClient,17.0,Information,-1.1200781841364706,-1,HIGH
11/10/2016 11:29:21 AM,unknown,unknown,system,Microsoft-Windows-WindowsUpdateClient,17.0,Information,-1.1020059695195585,1,NORMAL
11/10/2016 11:29:21 AM,unknown,unknown,system,Microsoft-Windows-WindowsUpdateClient,17.0,Information,-1.0886206078883918,1,NORMAL
11/10/2016 11:29:21 AM,unknown,unknown,system,Microsoft-Windows-WindowsUpdateClient,17.0,Information,-1.0802261095225416,1,NORMAL
11/10/2016 11:29:21 AM,unknown,unknown,system,Microsoft-Windows-WindowsUpdateClient,17.0,Information,-1.0755519740922808,1,NORMAL
11/10/2016 11:29:21 AM,unknown,unknown,system,Microsoft-Windows-WindowsUpdateClient,17.0,Information,-1.0644877116811196,1,NORMAL
11/10/2016 11:29:21 AM,unknown,unknown,system,Microsoft-Windows-WindowsUpdateClient,17.0,Information,-1.0380260871356313,1,NORMAL
11/10/2016 11:29:21 AM,unknown,unknown,system,Microsoft-Windows-WindowsUpdateClient,17.0,Information,-1.0204230819703357,1,NORMAL
11/10/2016 11:29:21 AM,unknown,unknown,system,Microsoft-Windows-WindowsUpdateClient,17.0,Information,-1.0105447411712711,1,NORMAL
11/10/2016 11:29:21 AM,unknown,unknown,system,Microsoft-Windows-WindowsUpdateClient,17.0,Information,-0.995160087314801,1,NORMAL
11/10/2016 11:29:21 AM,unknown,unknown,system,Microsoft-Windows-WindowsUpdateClient,17.0,Information,-0.9807262685884329,1,NORMAL
11/10/2016 11:29:21 AM,unknown,unknown,system,Microsoft-Windows-WindowsUpdateClient,17.0,Information,-0.9646846097679422,1,NORMAL
11/10/2016 11:29:21 AM,unknown,unknown,system,Microsoft-Windows-WindowsUpdateClient,17.0,Information,-0.9545952506301151,1,NORMAL
11/10/2016 11:29:21 AM,unknown,unknown,system,Microsoft-Windows-WindowsUpdateClient,17.0,Information,-0.9471723425815679,1,NORMAL
11/10/2016 11:29:21 AM,unknown,unknown,system,Microsoft-Windows-WindowsUpdateClient,17.0,Information,-0.9450017041853749,1,NORMAL
11/10/2016 11:29:21 AM,unknown,unknown,system,Microsoft-Windows-WindowsUpdateClient,17.0,Information,-0.94437636741417,1,NORMAL
11/10/2016 11:29:21 AM,unknown,unknown,system,Microsoft-Windows-WindowsUpdateClient,17.0,Information,-0.9507764675762,1,NORMAL
11/10/2016 11:29:21 AM,unknown,unknown,system,Microsoft-Windows-WindowsUpdateClient,17.0,Information,-0.9544320044906422,1,NORMAL
11/10/2016 11:29:21 AM,unknown,unknown,system,Microsoft-Windows-WindowsUpdateClient,17.0,Information,-0.9592596004123712,1,NORMAL
11/10/2016 11:29:21 AM,unknown,unknown,system,Microsoft-Windows-WindowsUpdateClient,17.0,Information,-0.9665006870782158,1,NORMAL
11/10/2016 11:29:21 AM,unknown,unknown,system,Microsoft-Windows-WindowsUpdateClient,17.0,Information,-0.9699630077229601,1,NORMAL
11/10/2016 11:29:21 AM,unknown,unknown,system,Microsoft-Windows-WindowsUpdateClient,17.0,Information,-0.9717298074743046,1,NORMAL
11/10/2016 11:29:21 AM,unknown,unknown,system,Microsoft-Windows-WindowsUpdateClient,17.0,Information,-0.9765631124460775,1,NORMAL
11/10/2016 11:29:21 AM,unknown,unknown,system,Microsoft-Windows-WindowsUpdateClient,17.0,Information,-0.9779551166364743,1,NORMAL
11/10/2016 11:29:21 AM,unknown,unknown,system,Microsoft-Windows-WindowsUpdateClient,17.0,Information,-0.9800103159398899,1,NORMAL
11/10/2016 11:29:21 AM,unknown,unknown,system,Microsoft-Windows-WindowsUpdateClient,17.0,Information,-0.9828418457279133,1,NORMAL
11/10/2016 11:29:21 AM,unknown,unknown,system,Microsoft-Windows-WindowsUpdateClient,17.0,Information,-0.9900447352637205,1,NORMAL
11/10/2016 11:29:21 AM,unknown,unknown,system,Microsoft-Windows-WindowsUpdateClient,17.0,Information,-0.9941442660707033,1,NORMAL
11/10/2016 11:29:21 AM,unknown,unknown,system,Microsoft-Windows-WindowsUpdateClient,17.0,Information,-0.9992906693295446,1,NORMAL
11/10/2016 11:29:21 AM,unknown,unknown,system,Microsoft-Windows-WindowsUpdateClient,17.0,Information,-1.0120133522078876,1,NORMAL
11/10/2016 11:29:21 AM,unknown,unknown,system,Microsoft-Windows-WindowsUpdateClient,17.0,Information,-1.0161469505209284,1,NORMAL
11/10/2016 11:29:21 AM,unknown,unknown,system,Microsoft-Windows-WindowsUpdateClient,17.0,Information,-1.0264099955648092,1,NORMAL
11/10/2016 11:29:21 AM,unknown,unknown,system,Microsoft-Windows-WindowsUpdateClient,17.0,Information,-1.0323042014078043,1,NORMAL
11/10/2016 11:29:21 AM,unknown,unknown,system,Microsoft-Windows-WindowsUpdateClient,17.0,Information,-1.0381063339042416,1,NORMAL
11/10/2016 11:29:21 AM,unknown,unknown,system,Microsoft-Windows-WindowsUpdateClient,17.0,Information,-1.043440549548253,1,NORMAL
11/10/2016 11:29:21 AM,unknown,unknown,system,Microsoft-Windows-WindowsUpdateClient,17.0,Information,-1.059446550715143,1,NORMAL
11/10/2016 11:29:21 AM,unknown,unknown,system,Microsoft-Windows-WindowsUpdateClient,17.0,Information,-1.0623246760312388,1,NORMAL
11/10/2016 11:29:21 AM,unknown,unknown,system,Microsoft-Windows-WindowsUpdateClient,17.0,Information,-1.0810611959881233,1,NORMAL
11/10/2016 11:29:21 AM,unknown,unknown,system,Microsoft-Windows-WindowsUpdateClient,17.0,Information,-1.0902808950752454,1,NORMAL
11/10/2016 11:29:21 AM,unknown,unknown,system,Microsoft-Windows-WindowsUpdateClient,17.0,Information,-1.114633932143608,-1,HIGH
11/10/2016 11:29:21 AM,unknown,unknown,system,Microsoft-Windows-WindowsUpdateClient,17.0,Information,-1.1159157045321542,-1,HIGH
11/10/2016 11:29:21 AM,unknown,unknown,system,Microsoft-Windows-WindowsUpdateClient,17.0,Information,-1.094734300810993,1,NORMAL
11/10/2016 11:29:21 AM,unknown,unknown,system,Microsoft-Windows-WindowsUpdateClient,17.0,Information,-1.2143351273151344,-1,HIGH
11/10/2016 11:29:21 AM,unknown,unknown,system,Microsoft-Windows-WindowsUpdateClient,17.0,Information,-1.3068741766037875,-1,HIGH
