11/21/2016 6:58:24 PM,unknown,unknown,system,Microsoft-Windows-Kernel-General,16.0,Information,-1.4426862905530669,-1,HIGH
11/21/2016 6:58:24 PM,unknown,unknown,system,Service Control Manager,7036.0,Information,-1.0923277343293467,1,NORMAL
11/21/2016 6:58:24 PM,unknown,unknown,system,Service Control Manager,7036.0,Information,-1.0748750584854867,1,NORMAL
11/21/2016 6:40:16 PM,unknown,unknown,system,Service Control Manager,7036.0,Information,-0.9870518171493008,1,NORMAL
11/21/2016 6:39:46 PM,unknown,unknown,system,Service Control Manager,7036.0,Information,-0.9870840957998223,1,NORMAL
11/21/2016 6:28:55 PM,unknown,unknown,system,Service Control Manager,7036.0,Information,-1.0624969514018214,1,NORMAL
11/21/2016 6:15:55 PM,unknown,unknown,system,Service Control Manager,7036.0,Information,-1.134092725698004,-1,HIGH
11/21/2016 6:10:16 PM,unknown,unknown,system,Service Control Manager,7036.0,Information,-0.9882347375870182,1,NORMAL
11/21/2016 6:09:46 PM,unknown,unknown,system,Service Control Manager,7036.0,Information,-0.9914052176174871,1,NORMAL
11/21/2016 5:48:55 PM,unknown,unknown,system,Service Control Manager,7036.0,Information,-1.128735104409572,-1,HIGH
11/21/2016 5:48:55 PM,unknown,unknown,system,Service Control Manager,7036.0,Information,-1.1342111919015274,-1,HIGH
11/21/2016 5:40:16 PM,unknown,unknown,system,Service Control Manager,7036.0,Information,-0.9947304832782884,1,NORMAL
11/21/2016 5:40:00 PM,unknown,unknown,system,Service Control Manager,7036.0,Information,-0.9928036989060692,1,NORMAL
11/21/2016 5:39:46 PM,unknown,unknown,system,Service Control Manager,7036.0,Information,-0.993042585488781,1,NORMAL
11/21/2016 5:27:00 PM,unknown,unknown,system,Service Control Manager,7036.0,Information,-1.0141056063593643,1,NORMAL
11/21/2016 5:10:16 PM,unknown,unknown,system,Service Control Manager,7036.0,Information,-0.9958139783262061,1,NORMAL
11/21/2016 5:09:46 PM,unknown,unknown,system,Service Control Manager,7036.0,Information,-0.9933739082494367,1,NORMAL
11/21/2016 5:00:00 PM,unknown,unknown,system,Service Control Manager,7036.0,Information,-1.4232371802809416,-1,HIGH
11/21/2016 5:00:00 PM,unknown,unknown,system,Service Control Manager,7036.0,Information,-1.4371867698907246,-1,HIGH
11/21/2016 4:40:55 PM,unknown,unknown,system,Service Control Manager,7036.0,Information,-0.9942073291832847,1,NORMAL
11/21/2016 4:40:16 PM,unknown,unknown,system,Service Control Manager,7036.0,Information,-0.9941009928057862,1,NORMAL
11/21/2016 4:39:46 PM,unknown,unknown,system,Service Control Manager,7036.0,Information,-0.9966676967316792,1,NORMAL
11/21/2016 4:27:55 PM,unknown,unknown,system,Service Control Manager,7036.0,Information,-1.0087563309039174,1,NORMAL
11/21/2016 4:10:16 PM,unknown,unknown,system,Service Control Manager,7036.0,Information,-1.000485222302493,1,NORMAL
11/21/2016 4:09:45 PM,unknown,unknown,system,Service Control Manager,7036.0,Information,-0.9989788720220948,1,NORMAL
11/21/2016 4:00:55 PM,unknown,unknown,system,Service Control Manager,7036.0,Information,-1.4864866988884793,-1,HIGH
11/21/2016 4:00:55 PM,unknown,unknown,system,Service Control Manager,7036.0,Information,-1.5033202557929668,-1,HIGH
11/21/2016 3:40:16 PM,unknown,unknown,system,Service Control Manager,7036.0,Information,-1.000557889417139,1,NORMAL
11/21/2016 3:39:45 PM,unknown,unknown,system,Service Control Manager,7036.0,Information,-0.997352842729544,1,NORMAL
11/21/2016 3:23:55 PM,unknown,unknown,system,Service Control Manager,7036.0,Information,-1.0063595263572536,1,NORMAL
11/21/2016 3:10:55 PM,unknown,unknown,system,Service Control Manager,7036.0,Information,-1.0004161581212998,1,NORMAL
11/21/2016 3:10:15 PM,unknown,unknown,system,Service Control Manager,7036.0,Information,-0.9970919837694485,1,NORMAL
11/21/2016 3:09:45 PM,unknown,unknown,system,Service Control Manager,7036.0,Information,-0.9970460911070077,1,NORMAL
11/21/2016 2:43:54 PM,unknown,unknown,system,Service Control Manager,7036.0,Information,-0.9996463196398513,1,NORMAL
11/21/2016 2:43:54 PM,unknown,unknown,system,Service Control Manager,7036.0,Information,-1.0127656855288245,1,NORMAL
11/21/2016 2:40:15 PM,unknown,unknown,system,Service Control Manager,7036.0,Information,-0.9944991255830619,1,NORMAL
11/21/2016 2:39:45 PM,unknown,unknown,system,Service Control Manager,7036.0,Information,-0.9901574067813174,1,NORMAL
11/21/2016 2:10:15 PM,unknown,unknown,system,Service Control Manager,7036.0,Information,-0.9999162967530095,1,NORMAL
11/21/2016 2:09:45 PM,unknown,unknown,system,Service Control Manager,7036.0,Information,-1.000544364208787,1,NORMAL
11/21/2016 1:40:15 PM,unknown,unknown,system,Service Control Manager,7036.0,Information,-0.9875279086002735,1,NORMAL
11/21/2016 1:39:45 PM,unknown,unknown,system,Service Control Manager,7036.0,Information,-0.9837403506647777,1,NORMAL
11/21/2016 1:38:54 PM,unknown,unknown,system,Service Control Manager,7036.0,Information,-0.9798063123787262,1,NORMAL
11/21/2016 1:25:54 PM,unknown,unknown,system,Service Control Manager,7036.0,Information,-1.0169283446910569,1,NORMAL
11/21/2016 1:10:15 PM,unknown,unknown,system,Service Control Manager,7036.0,Information,-1.003548650207866,1,NORMAL
11/21/2016 1:09:45 PM,unknown,unknown,system,Service Control Manager,7036.0,Information,-0.9987689215217871,1,NORMAL
11/21/2016 12:58:54 PM,unknown,unknown,system,Service Control Manager,7036.0,Information,-1.0669950913232702,1,NORMAL
11/21/2016 12:58:54 PM,unknown,unknown,system,Service Control Manager,7036.0,Information,-1.0642243149081911,1,NORMAL
11/21/2016 12:40:15 PM,unknown,unknown,system,Service Control Manager,7036.0,Information,-0.990641312563328,1,NORMAL
11/21/2016 12:39:44 PM,unknown,unknown,system,Service Control Manager,7036.0,Information,-0.9892850571685643,1,NORMAL
11/21/2016 12:37:54 PM,unknown,unknown,system,Service Control Manager,7036.0,Information,-0.9875678600188101,1,NORMAL
11/21/2016 12:24:54 PM,unknown,unknown,system,Service Control Manager,7036.0,Information,-1.0154541947587392,1,NORMAL
11/21/2016 12:10:15 PM,unknown,unknown,system,Service Control Manager,7036.0,Information,-0.9987264983396169,1,NORMAL
11/21/2016 12:09:44 PM,unknown,unknown,system,Service Control Manager,7036.0,Information,-0.9977922107401739,1,NORMAL
11/21/2016 11:57:54 AM,unknown,unknown,system,Service Control Manager,7036.0,Information,-1.0577153339205758,1,NORMAL
11/21/2016 11:57:54 AM,unknown,unknown,system,Service Control Manager,7036.0,Information,-1.0587904916767565,1,NORMAL
11/21/2016 11:40:14 AM,unknown,unknown,system,Service Control Manager,7036.0,Information,-0.989862513672726,1,NORMAL
11/21/2016 11:39:44 AM,unknown,unknown,system,Service Control Manager,7036.0,Information,-0.9942245640710496,1,NORMAL
11/21/2016 11:10:14 AM,unknown,unknown,system,Service Control Manager,7036.0,Information,-0.9761701984619318,1,NORMAL
11/21/2016 11:09:44 AM,unknown,unknown,system,Service Control Manager,7036.0,Information,-0.9709484091756357,1,NORMAL
11/21/2016 10:58:50 AM,unknown,unknown,system,Service Control Manager,7036.0,Information,-1.093665202530034,1,NORMAL
11/21/2016 10:48:25 AM,unknown,unknown,system,Service Control Manager,7036.0,Information,-1.1221399629198858,-1,HIGH
11/21/2016 10:40:14 AM,unknown,unknown,system,Service Control Manager,7036.0,Information,-0.9951326371823391,1,NORMAL
11/21/2016 10:39:44 AM,unknown,unknown,system,Service Control Manager,7036.0,Information,-0.9967958931671297,1,NORMAL
11/21/2016 10:19:55 AM,unknown,unknown,system,Service Control Manager,7036.0,Information,-1.0404258660935433,1,NORMAL
11/21/2016 10:19:55 AM,unknown,unknown,system,Service Control Manager,7036.0,Information,-1.029577546845989,1,NORMAL
11/21/2016 10:10:14 AM,unknown,unknown,system,Service Control Manager,7036.0,Information,-0.9785881503235252,1,NORMAL
11/21/2016 10:09:44 AM,unknown,unknown,system,Service Control Manager,7036.0,Information,-0.9766074880696345,1,NORMAL
11/21/2016 9:40:14 AM,unknown,unknown,system,Service Control Manager,7036.0,Information,-0.9901720817625298,1,NORMAL
11/21/2016 9:39:44 AM,unknown,unknown,system,Service Control Manager,7036.0,Information,-0.9926161489264865,1,NORMAL
11/21/2016 9:18:54 AM,unknown,unknown,system,Service Control Manager,7036.0,Information,-1.0445716937025318,1,NORMAL
11/21/2016 9:10:14 AM,unknown,unknown,system,Service Control Manager,7036.0,Information,-0.9747874061864974,1,NORMAL
11/21/2016 9:09:43 AM,unknown,unknown,system,Service Control Manager,7036.0,Information,-0.9754610989554486,1,NORMAL
11/21/2016 9:05:54 AM,unknown,unknown,system,Service Control Manager,7036.0,Information,-1.0613981023760917,1,NORMAL
11/21/2016 8:40:14 AM,unknown,unknown,system,Service Control Manager,7036.0,Information,-0.9878124568095644,1,NORMAL
11/21/2016 8:39:43 AM,unknown,unknown,system,Service Control Manager,7036.0,Information,-0.9855999048127911,1,NORMAL
11/21/2016 8:38:54 AM,unknown,unknown,system,Service Control Manager,7036.0,Information,-0.9854719162107268,1,NORMAL
11/21/2016 8:38:54 AM,unknown,unknown,system,Service Control Manager,7036.0,Information,-0.995551146703965,1,NORMAL
11/21/2016 8:10:13 AM,unknown,unknown,system,Service Control Manager,7036.0,Information,-1.0059093432712094,1,NORMAL
11/21/2016 8:09:43 AM,unknown,unknown,system,Service Control Manager,7036.0,Information,-1.0042902313793605,1,NORMAL
11/21/2016 7:40:13 AM,unknown,unknown,system,Service Control Manager,7036.0,Information,-0.9830395100704031,1,NORMAL
11/21/2016 7:39:43 AM,unknown,unknown,system,Service Control Manager,7036.0,Information,-0.9813183155345291,1,NORMAL
11/21/2016 7:26:53 AM,unknown,unknown,system,Service Control Manager,7036.0,Information,-1.039354079700873,1,NORMAL
11/21/2016 7:13:54 AM,unknown,unknown,system,Service Control Manager,7036.0,Information,-1.0411248407533669,1,NORMAL
11/21/2016 7:10:13 AM,unknown,unknown,system,Service Control Manager,7036.0,Information,-0.9967154635533815,1,NORMAL
11/21/2016 7:09:43 AM,unknown,unknown,system,Service Control Manager,7036.0,Information,-0.9974868350014419,1,NORMAL
11/21/2016 6:46:53 AM,unknown,unknown,system,Service Control Manager,7036.0,Information,-1.079970274881396,1,NORMAL
11/21/2016 6:46:53 AM,unknown,unknown,system,Service Control Manager,7036.0,Information,-1.0917008096006533,1,NORMAL
11/21/2016 6:40:13 AM,unknown,unknown,system,Service Control Manager,7036.0,Information,-0.9826102328258142,1,NORMAL
11/21/2016 6:39:43 AM,unknown,unknown,system,Service Control Manager,7036.0,Information,-0.9796120629722394,1,NORMAL
11/21/2016 6:10:13 AM,unknown,unknown,system,Service Control Manager,7036.0,Information,-0.990513909398883,1,NORMAL
11/21/2016 6:09:43 AM,unknown,unknown,system,Service Control Manager,7036.0,Information,-0.9899054425006857,1,NORMAL
11/21/2016 5:40:35 AM,unknown,unknown,system,Service Control Manager,7036.0,Information,-0.9808323928003685,1,NORMAL
11/21/2016 5:40:13 AM,unknown,unknown,system,Service Control Manager,7036.0,Information,-0.9806627645604293,1,NORMAL
11/21/2016 5:39:42 AM,unknown,unknown,system,Service Control Manager,7036.0,Information,-0.9813540765293824,1,NORMAL
11/21/2016 5:28:05 AM,unknown,unknown,system,Service Control Manager,7036.0,Information,-1.0951246838367314,1,NORMAL
11/21/2016 5:11:12 AM,unknown,unknown,system,Service Control Manager,7036.0,Information,-0.9828137428697464,1,NORMAL
11/21/2016 5:10:13 AM,unknown,unknown,system,Service Control Manager,7036.0,Information,-0.9828430088793345,1,NORMAL
11/21/2016 5:09:42 AM,unknown,unknown,system,Service Control Manager,7036.0,Information,-0.983601100286958,1,NORMAL
11/21/2016 5:09:12 AM,unknown,unknown,system,Service Control Manager,7036.0,Information,-0.9834692431814137,1,NORMAL
11/21/2016 4:52:43 AM,unknown,unknown,system,Service Control Manager,7036.0,Information,-698256806.2871056,-1,HIGH
11/21/2016 4:50:37 AM,unknown,unknown,system,Service Control Manager,7036.0,Information,-1.1904284124720805,-1,HIGH
11/21/2016 4:50:35 AM,unknown,unknown,system,Service Control Manager,7036.0,Information,-1.1953211095886465,-1,HIGH
11/21/2016 4:50:35 AM,unknown,unknown,system,Service Control Manager,7036.0,Information,-239732608.03764397,-1,HIGH
11/21/2016 4:40:12 AM,unknown,unknown,system,Service Control Manager,7036.0,Information,-0.9861114202404115,1,NORMAL
11/21/2016 4:39:42 AM,unknown,unknown,system,Service Control Manager,7036.0,Information,-0.986102907461003,1,NORMAL
11/21/2016 4:10:12 AM,unknown,unknown,system,Service Control Manager,7036.0,Information,-0.9879416570636295,1,NORMAL
11/21/2016 4:09:42 AM,unknown,unknown,system,Service Control Manager,7036.0,Information,-0.9863101789632567,1,NORMAL
11/21/2016 4:00:53 AM,unknown,unknown,system,Service Control Manager,7036.0,Information,-1.4457087924495837,-1,HIGH
11/21/2016 4:00:00 AM,unknown,unknown,system,EventLog,6013.0,Information,-1.0586316304190284,1,NORMAL
11/21/2016 3:47:53 AM,unknown,unknown,system,Service Control Manager,7036.0,Information,-1.1123424269838542,-1,HIGH
11/21/2016 3:40:12 AM,unknown,unknown,system,Service Control Manager,7036.0,Information,-0.9732294008936532,1,NORMAL
11/21/2016 3:39:42 AM,unknown,unknown,system,Service Control Manager,7036.0,Information,-0.9737606281688695,1,NORMAL
11/21/2016 3:20:53 AM,unknown,unknown,system,Service Control Manager,7036.0,Information,-1.043948812909535,1,NORMAL
11/21/2016 3:20:53 AM,unknown,unknown,system,Service Control Manager,7036.0,Information,-1.040318335391551,1,NORMAL
11/21/2016 3:10:12 AM,unknown,unknown,system,Service Control Manager,7036.0,Information,-0.9980853682534854,1,NORMAL
11/21/2016 3:09:42 AM,unknown,unknown,system,Service Control Manager,7036.0,Information,-0.995794233915606,1,NORMAL
11/21/2016 2:47:53 AM,unknown,unknown,system,Service Control Manager,7036.0,Information,-1.1088566149687196,-1,HIGH
11/21/2016 2:40:12 AM,unknown,unknown,system,Service Control Manager,7036.0,Information,-0.9667160640589944,1,NORMAL
11/21/2016 2:39:42 AM,unknown,unknown,system,Service Control Manager,7036.0,Information,-0.9610705452180659,1,NORMAL
11/21/2016 2:34:53 AM,unknown,unknown,system,Service Control Manager,7036.0,Information,-1.0437728997091167,1,NORMAL
11/21/2016 2:10:12 AM,unknown,unknown,system,Service Control Manager,7036.0,Information,-0.9692689332039337,1,NORMAL
11/21/2016 2:09:41 AM,unknown,unknown,system,Service Control Manager,7036.0,Information,-0.9638373223963913,1,NORMAL
11/21/2016 2:07:52 AM,unknown,unknown,system,Service Control Manager,7036.0,Information,-0.9742888384476193,1,NORMAL
11/21/2016 2:07:52 AM,unknown,unknown,system,Service Control Manager,7036.0,Information,-0.9760375029406716,1,NORMAL
11/21/2016 1:40:12 AM,unknown,unknown,system,Service Control Manager,7036.0,Information,-1.0006437260050616,1,NORMAL
11/21/2016 1:39:41 AM,unknown,unknown,system,Service Control Manager,7036.0,Information,-0.9991136700261343,1,NORMAL
11/21/2016 1:12:52 AM,unknown,unknown,system,Service Control Manager,7036.0,Information,-1.010181147052693,1,NORMAL
11/21/2016 1:10:12 AM,unknown,unknown,system,Service Control Manager,7036.0,Information,-0.9953023437313222,1,NORMAL
11/21/2016 1:09:41 AM,unknown,unknown,system,Service Control Manager,7036.0,Information,-0.9936779699843806,1,NORMAL
11/21/2016 12:59:52 AM,unknown,unknown,system,Service Control Manager,7036.0,Information,-2930546997.9944005,-1,HIGH
11/21/2016 12:40:11 AM,unknown,unknown,system,Service Control Manager,7036.0,Information,-1.0203305248649857,1,NORMAL
11/21/2016 12:39:41 AM,unknown,unknown,system,Service Control Manager,7036.0,Information,-1.019916766284947,1,NORMAL
11/21/2016 12:32:52 AM,unknown,unknown,system,Service Control Manager,7036.0,Information,-1.1865517065681443,-1,HIGH
11/21/2016 12:32:52 AM,unknown,unknown,system,Service Control Manager,7036.0,Information,-1.2002008829891784,-1,HIGH
11/21/2016 12:10:11 AM,unknown,unknown,system,Service Control Manager,7036.0,Information,-1.0248959054102473,1,NORMAL
11/21/2016 12:09:41 AM,unknown,unknown,system,Service Control Manager,7036.0,Information,-1.0179697762631486,1,NORMAL
11/21/2016 12:02:35 AM,unknown,unknown,system,Service Control Manager,7036.0,Information,-1.2942580054003978,-1,HIGH
11/20/2016 11:49:52 PM,unknown,unknown,system,Service Control Manager,7036.0,Information,-1.168667167616021,-1,HIGH
11/20/2016 11:40:11 PM,unknown,unknown,system,Service Control Manager,7036.0,Information,-1.0677088909704526,1,NORMAL
11/20/2016 11:39:41 PM,unknown,unknown,system,Service Control Manager,7036.0,Information,-1.076208567376195,1,NORMAL
11/20/2016 11:22:52 PM,unknown,unknown,system,Service Control Manager,7036.0,Information,-1.1186134318142085,-1,HIGH
11/20/2016 11:22:52 PM,unknown,unknown,system,Service Control Manager,7036.0,Information,-1.1214863063665503,-1,HIGH
11/20/2016 11:10:11 PM,unknown,unknown,system,Service Control Manager,7036.0,Information,-1.0159232366637319,1,NORMAL
11/20/2016 11:09:41 PM,unknown,unknown,system,Service Control Manager,7036.0,Information,-1.0089490052799481,1,NORMAL
11/20/2016 10:40:11 PM,unknown,unknown,system,Service Control Manager,7036.0,Information,-1.0317378673438424,1,NORMAL
11/20/2016 10:39:40 PM,unknown,unknown,system,Service Control Manager,7036.0,Information,-1.0371988916508714,1,NORMAL
11/20/2016 10:36:52 PM,unknown,unknown,system,Service Control Manager,7036.0,Information,-1.0580927814201677,1,NORMAL
11/20/2016 10:27:00 PM,unknown,unknown,system,Service Control Manager,7036.0,Information,-1.0632745661217307,1,NORMAL
11/20/2016 10:10:11 PM,unknown,unknown,system,Service Control Manager,7036.0,Information,-1.0070115718875876,1,NORMAL
11/20/2016 10:09:40 PM,unknown,unknown,system,Service Control Manager,7036.0,Information,-0.9941011913088835,1,NORMAL
11/20/2016 10:00:00 PM,unknown,unknown,system,Service Control Manager,7036.0,Information,-1.3700177524420563,-1,HIGH
11/20/2016 9:58:52 PM,unknown,unknown,system,Service Control Manager,7036.0,Information,-1.0841312522595492,1,NORMAL
11/20/2016 9:40:11 PM,unknown,unknown,system,Service Control Manager,7036.0,Information,-0.9598348085256153,1,NORMAL
11/20/2016 9:39:40 PM,unknown,unknown,system,Service Control Manager,7036.0,Information,-0.961525321141365,1,NORMAL
11/20/2016 9:31:52 PM,unknown,unknown,system,Service Control Manager,7036.0,Information,-1.1368875885432055,-1,HIGH
11/20/2016 9:31:52 PM,unknown,unknown,system,Service Control Manager,7036.0,Information,-1.1550076934786822,-1,HIGH
11/20/2016 9:10:10 PM,unknown,unknown,system,Service Control Manager,7036.0,Information,-0.9798108823091866,1,NORMAL
11/20/2016 9:09:40 PM,unknown,unknown,system,Service Control Manager,7036.0,Information,-0.9771141343370019,1,NORMAL
11/20/2016 8:56:52 PM,unknown,unknown,system,Service Control Manager,7036.0,Information,-1.0358586996393446,1,NORMAL
11/20/2016 8:43:52 PM,unknown,unknown,system,Service Control Manager,7036.0,Information,-1.0091536298720714,1,NORMAL
11/20/2016 8:40:10 PM,unknown,unknown,system,Service Control Manager,7036.0,Information,-0.9844926541939628,1,NORMAL
11/20/2016 8:39:40 PM,unknown,unknown,system,Service Control Manager,7036.0,Information,-0.9853055757101139,1,NORMAL
11/20/2016 8:16:52 PM,unknown,unknown,system,Service Control Manager,7036.0,Information,-1.1102527113022387,-1,HIGH
11/20/2016 8:16:52 PM,unknown,unknown,system,Service Control Manager,7036.0,Information,-1.109692796648836,-1,HIGH
11/20/2016 8:10:10 PM,unknown,unknown,system,Service Control Manager,7036.0,Information,-0.9997018560067006,1,NORMAL
11/20/2016 8:09:40 PM,unknown,unknown,system,Service Control Manager,7036.0,Information,-0.9982648578032312,1,NORMAL
11/20/2016 7:50:52 PM,unknown,unknown,system,Service Control Manager,7036.0,Information,-1.090755763991574,1,NORMAL
11/20/2016 7:40:10 PM,unknown,unknown,system,Service Control Manager,7036.0,Information,-0.989162997344324,1,NORMAL
11/20/2016 7:39:40 PM,unknown,unknown,system,Service Control Manager,7036.0,Information,-0.9865675394040261,1,NORMAL
11/20/2016 7:39:22 PM,unknown,unknown,system,Service Control Manager,7036.0,Information,-0.9850793157400064,1,NORMAL
11/20/2016 7:10:52 PM,unknown,unknown,system,Service Control Manager,7036.0,Information,-0.9800536535656937,1,NORMAL
11/20/2016 7:10:52 PM,unknown,unknown,system,Service Control Manager,7036.0,Information,-0.9791497199313736,1,NORMAL
11/20/2016 7:10:10 PM,unknown,unknown,system,Service Control Manager,7036.0,Information,-0.9805473842784422,1,NORMAL
11/20/2016 7:09:39 PM,unknown,unknown,system,Service Control Manager,7036.0,Information,-0.9768818113221583,1,NORMAL
11/20/2016 6:40:10 PM,unknown,unknown,system,Service Control Manager,7036.0,Information,-0.9946286437784926,1,NORMAL
11/20/2016 6:39:39 PM,unknown,unknown,system,Service Control Manager,7036.0,Information,-0.989947898092851,1,NORMAL
11/20/2016 6:29:01 PM,unknown,unknown,system,Service Control Manager,7036.0,Information,-1.026394506802848,1,NORMAL
11/20/2016 6:11:01 PM,unknown,unknown,system,Service Control Manager,7036.0,Information,-0.9778222413562792,1,NORMAL
11/20/2016 6:11:01 PM,unknown,unknown,system,Service Control Manager,7036.0,Information,-0.9965365836151346,1,NORMAL
11/20/2016 6:10:09 PM,unknown,unknown,system,Service Control Manager,7036.0,Information,-0.9755526785556314,1,NORMAL
11/20/2016 6:09:39 PM,unknown,unknown,system,Service Control Manager,7036.0,Information,-0.9727495626965088,1,NORMAL
11/20/2016 6:09:17 PM,unknown,unknown,system,Service Control Manager,7036.0,Information,-0.9726608763188261,1,NORMAL
11/20/2016 6:09:17 PM,unknown,unknown,system,Microsoft-Windows-Kernel-General,1.0,Information,-1.3495118322168818,-1,HIGH
11/20/2016 6:09:17 PM,unknown,unknown,system,Microsoft-Windows-Time-Service,35.0,Information,-1.3765994764688643,-1,HIGH
11/20/2016 6:09:04 PM,unknown,unknown,system,Microsoft-Windows-Kernel-General,16.0,Information,-1.3499633096193722,-1,HIGH
11/20/2016 6:09:04 PM,unknown,unknown,system,Microsoft-Windows-Kernel-General,16.0,Information,-1.3499361678643356,-1,HIGH
11/20/2016 6:09:04 PM,unknown,unknown,system,Microsoft-Windows-Kernel-General,16.0,Information,-1.3499705607319372,-1,HIGH
11/20/2016 6:09:04 PM,unknown,unknown,system,Microsoft-Windows-Kernel-General,16.0,Information,-1.3500586958463971,-1,HIGH
11/20/2016 6:09:03 PM,unknown,unknown,system,Microsoft-Windows-Time-Service,37.0,Information,-1.3765149719532945,-1,HIGH
11/20/2016 6:09:01 PM,unknown,unknown,system,Microsoft-Windows-Kernel-General,16.0,Information,-1.3499361678643356,-1,HIGH
11/20/2016 6:09:01 PM,unknown,unknown,system,Service Control Manager,7036.0,Information,-0.9726143070016758,1,NORMAL
11/20/2016 6:09:01 PM,unknown,unknown,system,Service Control Manager,7036.0,Information,-0.9726031978420937,1,NORMAL
11/20/2016 6:09:01 PM,unknown,unknown,system,Service Control Manager,7036.0,Information,-0.9726608763188261,1,NORMAL
11/20/2016 6:09:01 PM,unknown,unknown,system,Service Control Manager,7036.0,Information,-0.9972876093652577,1,NORMAL
11/20/2016 5:54:52 PM,unknown,unknown,system,Service Control Manager,7036.0,Information,-1.0304014347962824,1,NORMAL
11/20/2016 5:41:52 PM,unknown,unknown,system,Service Control Manager,7036.0,Information,-0.9928074484294289,1,NORMAL
11/20/2016 5:40:09 PM,unknown,unknown,system,Service Control Manager,7036.0,Information,-0.990542799752269,1,NORMAL
11/20/2016 5:39:39 PM,unknown,unknown,system,Service Control Manager,7036.0,Information,-0.9880959471155997,1,NORMAL
11/20/2016 5:14:52 PM,unknown,unknown,system,Service Control Manager,7036.0,Information,-1.078979629314062,1,NORMAL
11/20/2016 5:14:52 PM,unknown,unknown,system,Service Control Manager,7036.0,Information,-1.1034529525524588,-1,HIGH
11/20/2016 5:10:09 PM,unknown,unknown,system,Service Control Manager,7036.0,Information,-0.9881801028574401,1,NORMAL
11/20/2016 5:09:39 PM,unknown,unknown,system,Service Control Manager,7036.0,Information,-0.9846809685495088,1,NORMAL
11/20/2016 4:40:09 PM,unknown,unknown,system,Service Control Manager,7036.0,Information,-0.9857290584831995,1,NORMAL
11/20/2016 4:39:39 PM,unknown,unknown,system,Service Control Manager,7036.0,Information,-0.981568029409092,1,NORMAL
11/20/2016 4:10:52 PM,unknown,unknown,system,Service Control Manager,7036.0,Information,-1.009839755192162,1,NORMAL
11/20/2016 4:10:09 PM,unknown,unknown,system,Service Control Manager,7036.0,Information,-1.0081366881444094,1,NORMAL
11/20/2016 4:09:39 PM,unknown,unknown,system,Service Control Manager,7036.0,Information,-1.0069480321543076,1,NORMAL
11/20/2016 3:57:53 PM,unknown,unknown,system,Service Control Manager,7036.0,Information,-1.026402448831232,1,NORMAL
11/20/2016 3:40:09 PM,unknown,unknown,system,Service Control Manager,7036.0,Information,-0.9916247488853327,1,NORMAL
11/20/2016 3:39:39 PM,unknown,unknown,system,Service Control Manager,7036.0,Information,-0.9909652582559727,1,NORMAL
11/20/2016 3:30:52 PM,unknown,unknown,system,Service Control Manager,7036.0,Information,-1.1576668208933363,-1,HIGH
11/20/2016 3:30:52 PM,unknown,unknown,system,Service Control Manager,7036.0,Information,-1.1505943204212856,-1,HIGH
11/20/2016 3:10:09 PM,unknown,unknown,system,Service Control Manager,7036.0,Information,-0.996888880756947,1,NORMAL
11/20/2016 3:09:38 PM,unknown,unknown,system,Service Control Manager,7036.0,Information,-0.9974178958281628,1,NORMAL
11/20/2016 3:08:52 PM,unknown,unknown,system,Service Control Manager,7036.0,Information,-0.9967302220083066,1,NORMAL
11/20/2016 2:55:52 PM,unknown,unknown,system,Service Control Manager,7036.0,Information,-1.0284289073716326,1,NORMAL
11/20/2016 2:40:08 PM,unknown,unknown,system,Service Control Manager,7036.0,Information,-0.9953191436001184,1,NORMAL
11/20/2016 2:39:38 PM,unknown,unknown,system,Service Control Manager,7036.0,Information,-0.9940661580232728,1,NORMAL
11/20/2016 2:28:52 PM,unknown,unknown,system,Service Control Manager,7036.0,Information,-1.050600153507012,1,NORMAL
11/20/2016 2:28:52 PM,unknown,unknown,system,Service Control Manager,7036.0,Information,-1.0536540801509306,1,NORMAL
11/20/2016 2:10:08 PM,unknown,unknown,system,Service Control Manager,7036.0,Information,-0.9982449854684036,1,NORMAL
11/20/2016 2:09:38 PM,unknown,unknown,system,Service Control Manager,7036.0,Information,-0.9949131965715939,1,NORMAL
11/20/2016 1:40:08 PM,unknown,unknown,system,Service Control Manager,7036.0,Information,-1.0023721190243453,1,NORMAL
11/20/2016 1:39:38 PM,unknown,unknown,system,Service Control Manager,7036.0,Information,-1.0083381946981964,1,NORMAL
11/20/2016 1:34:52 PM,unknown,unknown,system,Service Control Manager,7036.0,Information,-1.1454346322259974,-1,HIGH
11/20/2016 1:21:52 PM,unknown,unknown,system,Service Control Manager,7036.0,Information,-1.03788856326853,1,NORMAL
11/20/2016 1:10:08 PM,unknown,unknown,system,Service Control Manager,7036.0,Information,-0.9863368032493048,1,NORMAL
11/20/2016 1:09:38 PM,unknown,unknown,system,Service Control Manager,7036.0,Information,-0.9829203631367207,1,NORMAL
11/20/2016 12:54:52 PM,unknown,unknown,system,Service Control Manager,7036.0,Information,-1.02447008666884,1,NORMAL
11/20/2016 12:54:52 PM,unknown,unknown,system,Service Control Manager,7036.0,Information,-1.0233192867855343,1,NORMAL
11/20/2016 12:40:08 PM,unknown,unknown,system,Service Control Manager,7036.0,Information,-1.0021628380657568,1,NORMAL
11/20/2016 12:39:38 PM,unknown,unknown,system,Service Control Manager,7036.0,Information,-1.0006463290511736,1,NORMAL
11/20/2016 12:10:08 PM,unknown,unknown,system,Service Control Manager,7036.0,Information,-0.9872449815560513,1,NORMAL
11/20/2016 12:09:38 PM,unknown,unknown,system,Service Control Manager,7036.0,Information,-0.9860737942162835,1,NORMAL
11/20/2016 12:05:52 PM,unknown,unknown,system,Service Control Manager,7036.0,Information,-1.0915268241789737,1,NORMAL
11/20/2016 11:52:52 AM,unknown,unknown,system,Service Control Manager,7036.0,Information,-1.0685919950742822,1,NORMAL
11/20/2016 11:40:08 AM,unknown,unknown,system,Service Control Manager,7036.0,Information,-1.0029283183536781,1,NORMAL
11/20/2016 11:39:37 AM,unknown,unknown,system,Service Control Manager,7036.0,Information,-0.9974171728063765,1,NORMAL
11/20/2016 11:25:52 AM,unknown,unknown,system,Service Control Manager,7036.0,Information,-1.028323755604949,1,NORMAL
11/20/2016 11:25:52 AM,unknown,unknown,system,Service Control Manager,7036.0,Information,-1.02998899761041,1,NORMAL
11/20/2016 11:10:08 AM,unknown,unknown,system,Service Control Manager,7036.0,Information,-0.9795647417883515,1,NORMAL
11/20/2016 11:09:37 AM,unknown,unknown,system,Service Control Manager,7036.0,Information,-0.9757135957388442,1,NORMAL
11/20/2016 10:40:07 AM,unknown,unknown,system,Service Control Manager,7036.0,Information,-0.9868710091116563,1,NORMAL
11/20/2016 10:39:37 AM,unknown,unknown,system,Service Control Manager,7036.0,Information,-0.9786974839763017,1,NORMAL
11/20/2016 10:20:51 AM,unknown,unknown,system,Service Control Manager,7036.0,Information,-1.1334483424155049,-1,HIGH
11/20/2016 10:10:07 AM,unknown,unknown,system,Service Control Manager,7036.0,Information,-0.9899690322655055,1,NORMAL
11/20/2016 10:09:37 AM,unknown,unknown,system,Service Control Manager,7036.0,Information,-0.9864433167882354,1,NORMAL
11/20/2016 10:07:52 AM,unknown,unknown,system,Service Control Manager,7036.0,Information,-1.0113711758274286,1,NORMAL
11/20/2016 9:40:51 AM,unknown,unknown,system,Service Control Manager,7036.0,Information,-0.9860445387448934,1,NORMAL
11/20/2016 9:40:51 AM,unknown,unknown,system,Service Control Manager,7036.0,Information,-0.9839869999776839,1,NORMAL
11/20/2016 9:40:07 AM,unknown,unknown,system,Service Control Manager,7036.0,Information,-0.983437334639447,1,NORMAL
11/20/2016 9:39:37 AM,unknown,unknown,system,Service Control Manager,7036.0,Information,-0.9767974534656345,1,NORMAL
11/20/2016 9:10:07 AM,unknown,unknown,system,Service Control Manager,7036.0,Information,-0.9935086571288106,1,NORMAL
11/20/2016 9:09:37 AM,unknown,unknown,system,Service Control Manager,7036.0,Information,-0.9878332769199664,1,NORMAL
11/20/2016 8:43:36 AM,unknown,unknown,system,Service Control Manager,7036.0,Information,-1.0048375210672449,1,NORMAL
11/20/2016 8:40:07 AM,unknown,unknown,system,Service Control Manager,7036.0,Information,-0.9882302483288794,1,NORMAL
11/20/2016 8:39:37 AM,unknown,unknown,system,Service Control Manager,7036.0,Information,-0.981183255052145,1,NORMAL
11/20/2016 8:31:06 AM,unknown,unknown,system,Service Control Manager,7036.0,Information,-1.2505144923411902,-1,HIGH
11/20/2016 8:10:07 AM,unknown,unknown,system,Service Control Manager,7036.0,Information,-1.0015986794255967,1,NORMAL
11/20/2016 8:09:36 AM,unknown,unknown,system,Service Control Manager,7036.0,Information,-0.9979409210743602,1,NORMAL
11/20/2016 7:55:44 AM,unknown,unknown,system,Service Control Manager,7036.0,Information,-1.0286871141703717,1,NORMAL
11/20/2016 7:53:38 AM,unknown,unknown,system,Service Control Manager,7036.0,Information,-1.0377633542385885,1,NORMAL
11/20/2016 7:53:36 AM,unknown,unknown,system,Service Control Manager,7036.0,Information,-1.0374280926789416,1,NORMAL
11/20/2016 7:53:36 AM,unknown,unknown,system,Service Control Manager,7036.0,Information,-1.039091301729981,1,NORMAL
11/20/2016 7:40:07 AM,unknown,unknown,system,Service Control Manager,7036.0,Information,-0.9964577240620852,1,NORMAL
11/20/2016 7:39:36 AM,unknown,unknown,system,Service Control Manager,7036.0,Information,-0.9932135709923162,1,NORMAL
11/20/2016 7:29:51 AM,unknown,unknown,system,Service Control Manager,7036.0,Information,-1.1788911153496473,-1,HIGH
11/20/2016 7:16:51 AM,unknown,unknown,system,Service Control Manager,7036.0,Information,-1.153264053318332,-1,HIGH
11/20/2016 7:10:06 AM,unknown,unknown,system,Service Control Manager,7036.0,Information,-1.0042697480101532,1,NORMAL
11/20/2016 7:09:36 AM,unknown,unknown,system,Service Control Manager,7036.0,Information,-1.0060990455195116,1,NORMAL
11/20/2016 6:49:51 AM,unknown,unknown,system,Service Control Manager,7036.0,Information,-1.155858831423498,-1,HIGH
11/20/2016 6:49:51 AM,unknown,unknown,system,Service Control Manager,7036.0,Information,-1.1468071074388644,-1,HIGH
11/20/2016 6:40:06 AM,unknown,unknown,system,Service Control Manager,7036.0,Information,-1.001199573026617,1,NORMAL
11/20/2016 6:39:36 AM,unknown,unknown,system,Service Control Manager,7036.0,Information,-1.0010095088547302,1,NORMAL
11/20/2016 6:29:51 AM,unknown,unknown,system,Service Control Manager,7036.0,Information,-1.1774158624025597,-1,HIGH
11/20/2016 6:16:51 AM,unknown,unknown,system,Service Control Manager,7036.0,Information,-1.1919724299803587,-1,HIGH
11/20/2016 6:10:06 AM,unknown,unknown,system,Service Control Manager,7036.0,Information,-1.0146309613874478,1,NORMAL
11/20/2016 6:09:36 AM,unknown,unknown,system,Service Control Manager,7036.0,Information,-1.0109697064903889,1,NORMAL
11/20/2016 5:49:51 AM,unknown,unknown,system,Service Control Manager,7036.0,Information,-1.1099229390954353,-1,HIGH
11/20/2016 5:49:51 AM,unknown,unknown,system,Service Control Manager,7036.0,Information,-1.1083569340528932,-1,HIGH
11/20/2016 5:40:06 AM,unknown,unknown,system,Service Control Manager,7036.0,Information,-0.9857170125053807,1,NORMAL
11/20/2016 5:39:36 AM,unknown,unknown,system,Service Control Manager,7036.0,Information,-0.9852473539772624,1,NORMAL
11/20/2016 5:27:50 AM,unknown,unknown,system,Service Control Manager,7036.0,Information,-1.043088381233846,1,NORMAL
11/20/2016 5:14:50 AM,unknown,unknown,system,Service Control Manager,7036.0,Information,-1.1501095933063639,-1,HIGH
11/20/2016 5:11:12 AM,unknown,unknown,system,Service Control Manager,7036.0,Information,-0.9866091794475248,1,NORMAL
11/20/2016 5:10:06 AM,unknown,unknown,system,Service Control Manager,7036.0,Information,-0.9783313667453837,1,NORMAL
11/20/2016 5:09:36 AM,unknown,unknown,system,Service Control Manager,7036.0,Information,-0.9723715746074464,1,NORMAL
11/20/2016 5:09:12 AM,unknown,unknown,system,Service Control Manager,7036.0,Information,-0.9722154592245598,1,NORMAL
11/20/2016 4:47:50 AM,unknown,unknown,system,Service Control Manager,7036.0,Information,-1.1032807750941456,-1,HIGH
11/20/2016 4:47:50 AM,unknown,unknown,system,Service Control Manager,7036.0,Information,-1.1106055247430122,-1,HIGH
11/20/2016 4:40:06 AM,unknown,unknown,system,Service Control Manager,7036.0,Information,-0.9897741900251915,1,NORMAL
11/20/2016 4:39:35 AM,unknown,unknown,system,Service Control Manager,7036.0,Information,-0.9961623798090009,1,NORMAL
11/20/2016 4:10:05 AM,unknown,unknown,system,Service Control Manager,7036.0,Information,-0.9703847959873823,1,NORMAL
11/20/2016 4:09:35 AM,unknown,unknown,system,Service Control Manager,7036.0,Information,-0.9666008641276025,1,NORMAL
11/20/2016 4:00:00 AM,unknown,unknown,system,Service Control Manager,7036.0,Information,-1.369409254395344,-1,HIGH
11/20/2016 4:00:00 AM,unknown,unknown,system,EventLog,6013.0,Information,-1.0545918083575934,1,NORMAL
11/20/2016 3:46:30 AM,unknown,unknown,system,Service Control Manager,7036.0,Information,-1.119363595344394,-1,HIGH
11/20/2016 3:40:05 AM,unknown,unknown,system,Service Control Manager,7036.0,Information,-0.9916603009494875,1,NORMAL
11/20/2016 3:39:35 AM,unknown,unknown,system,Service Control Manager,7036.0,Information,-0.9912957371864873,1,NORMAL
11/20/2016 3:10:05 AM,unknown,unknown,system,Service Control Manager,7036.0,Information,-0.9770781571800039,1,NORMAL
11/20/2016 3:09:35 AM,unknown,unknown,system,Service Control Manager,7036.0,Information,-0.9657014902300497,1,NORMAL
11/20/2016 3:00:00 AM,unknown,unknown,system,Service Control Manager,7036.0,Information,-1.3615832513067847,-1,HIGH
11/20/2016 3:00:00 AM,unknown,unknown,system,Service Control Manager,7036.0,Information,-1.3757276655791673,-1,HIGH
11/20/2016 2:40:05 AM,unknown,unknown,system,Service Control Manager,7036.0,Information,-0.9607121805251724,1,NORMAL
11/20/2016 2:39:35 AM,unknown,unknown,system,Service Control Manager,7036.0,Information,-0.9652611125036539,1,NORMAL
11/20/2016 2:10:05 AM,unknown,unknown,system,Service Control Manager,7036.0,Information,-0.9794869984240765,1,NORMAL
11/20/2016 2:09:35 AM,unknown,unknown,system,Service Control Manager,7036.0,Information,-0.9756235603040292,1,NORMAL
11/20/2016 2:00:39 AM,unknown,unknown,system,Service Control Manager,7036.0,Information,-1.3842897187414922,-1,HIGH
11/20/2016 1:50:51 AM,unknown,unknown,system,Service Control Manager,7036.0,Information,-1.2476447049975636,-1,HIGH
11/20/2016 1:40:05 AM,unknown,unknown,system,Service Control Manager,7036.0,Information,-0.9743600716987434,1,NORMAL
11/20/2016 1:39:35 AM,unknown,unknown,system,Service Control Manager,7036.0,Information,-0.9816464997336553,1,NORMAL
11/20/2016 1:23:51 AM,unknown,unknown,system,Service Control Manager,7036.0,Information,-1.0193036841895218,1,NORMAL
11/20/2016 1:23:51 AM,unknown,unknown,system,Service Control Manager,7036.0,Information,-1.017776671835849,1,NORMAL
11/20/2016 1:10:05 AM,unknown,unknown,system,Service Control Manager,7036.0,Information,-0.9928357048910841,1,NORMAL
11/20/2016 1:09:34 AM,unknown,unknown,system,Service Control Manager,7036.0,Information,-0.9915695878699124,1,NORMAL
11/20/2016 12:47:50 AM,unknown,unknown,system,Service Control Manager,7036.0,Information,-1.2522902799467284,-1,HIGH
11/20/2016 12:40:05 AM,unknown,unknown,system,Service Control Manager,7036.0,Information,-1.0120885639203103,1,NORMAL
11/20/2016 12:39:34 AM,unknown,unknown,system,Service Control Manager,7036.0,Information,-1.011859786713099,1,NORMAL
11/20/2016 12:34:50 AM,unknown,unknown,system,Service Control Manager,7036.0,Information,-1.2626323883920687,-1,HIGH
11/20/2016 12:10:04 AM,unknown,unknown,system,Service Control Manager,7036.0,Information,-1.0404425191846838,1,NORMAL
11/20/2016 12:09:34 AM,unknown,unknown,system,Service Control Manager,7036.0,Information,-1.0518141269787429,1,NORMAL
11/20/2016 12:07:50 AM,unknown,unknown,system,Service Control Manager,7036.0,Information,-1.0456633986951045,1,NORMAL
11/20/2016 12:07:50 AM,unknown,unknown,system,Service Control Manager,7036.0,Information,-1.0653666903769694,1,NORMAL
11/19/2016 11:40:04 PM,unknown,unknown,system,Service Control Manager,7036.0,Information,-1.0596209232970852,1,NORMAL
11/19/2016 11:39:34 PM,unknown,unknown,system,Service Control Manager,7036.0,Information,-1.0657264164979054,1,NORMAL
11/19/2016 11:22:50 PM,unknown,unknown,system,Service Control Manager,7036.0,Information,-1.122796764232584,-1,HIGH
11/19/2016 11:10:04 PM,unknown,unknown,system,Service Control Manager,7036.0,Information,-1.0153604075074818,1,NORMAL
11/19/2016 11:09:50 PM,unknown,unknown,system,Service Control Manager,7036.0,Information,-1.0209122585049542,1,NORMAL
11/19/2016 11:09:34 PM,unknown,unknown,system,Service Control Manager,7036.0,Information,-1.0144706647828519,1,NORMAL
11/19/2016 10:42:50 PM,unknown,unknown,system,Service Control Manager,7036.0,Information,-1.002070208742798,1,NORMAL
11/19/2016 10:42:50 PM,unknown,unknown,system,Service Control Manager,7036.0,Information,-1.0090465464909972,1,NORMAL
11/19/2016 10:40:04 PM,unknown,unknown,system,Service Control Manager,7036.0,Information,-0.9908939868055966,1,NORMAL
11/19/2016 10:39:34 PM,unknown,unknown,system,Service Control Manager,7036.0,Information,-0.9948889339955143,1,NORMAL
11/19/2016 10:10:04 PM,unknown,unknown,system,Service Control Manager,7036.0,Information,-0.9817099716177204,1,NORMAL
11/19/2016 10:09:34 PM,unknown,unknown,system,Service Control Manager,7036.0,Information,-0.9877354768113424,1,NORMAL
11/19/2016 9:49:59 PM,unknown,unknown,system,Service Control Manager,7036.0,Information,-1.0948563955373931,1,NORMAL
11/19/2016 9:40:04 PM,unknown,unknown,system,Service Control Manager,7036.0,Information,-0.9454829533824985,1,NORMAL
11/19/2016 9:39:33 PM,unknown,unknown,system,Service Control Manager,7036.0,Information,-0.9538518885479208,1,NORMAL
11/19/2016 9:32:00 PM,unknown,unknown,system,Service Control Manager,7036.0,Information,-1.2384759316946665,-1,HIGH
11/19/2016 9:31:59 PM,unknown,unknown,system,Service Control Manager,7036.0,Information,-0.9987842558388277,1,NORMAL
11/19/2016 9:30:15 PM,unknown,unknown,system,Service Control Manager,7036.0,Information,-1.2055407116570498,-1,HIGH
11/19/2016 9:30:15 PM,unknown,unknown,system,Microsoft-Windows-Kernel-General,1.0,Information,-1.1361628379292137,-1,HIGH
11/19/2016 9:30:15 PM,unknown,unknown,system,Microsoft-Windows-Time-Service,35.0,Information,-1.376006689421406,-1,HIGH
