12/12/2016 2:31:14 AM,unknown,unknown,system,Microsoft-Windows-Kernel-General,16.0,Information,-1.3840903524187511,-1,HIGH
12/12/2016 2:31:14 AM,unknown,unknown,system,Service Control Manager,7036.0,Information,-1.1932801398555746,-1,HIGH
12/12/2016 2:31:14 AM,unknown,unknown,system,Service Control Manager,7036.0,Information,-1.1754785772147003,-1,HIGH
12/12/2016 2:31:14 AM,unknown,unknown,system,Service Control Manager,7036.0,Information,-1.1818336783552617,-1,HIGH
12/12/2016 2:31:14 AM,unknown,unknown,system,Service Control Manager,7036.0,Information,-1.1750170669029956,-1,HIGH
12/12/2016 2:31:14 AM,unknown,unknown,system,Service Control Manager,7036.0,Information,-1.072083392783828,1,NORMAL
12/12/2016 2:22:57 AM,unknown,unknown,system,Service Control Manager,7036.0,Information,-1.0355821360020792,1,NORMAL
12/12/2016 2:22:26 AM,unknown,unknown,system,Service Control Manager,7036.0,Information,-1.0355821360020792,1,NORMAL
12/12/2016 2:13:01 AM,unknown,unknown,system,Service Control Manager,7036.0,Information,-1.0122652017532519,1,NORMAL
12/12/2016 2:00:01 AM,unknown,unknown,system,Service Control Manager,7036.0,Information,-1.4121643914275277,-1,HIGH
12/12/2016 1:52:57 AM,unknown,unknown,system,Service Control Manager,7036.0,Information,-2014886940.5183642,-1,HIGH
12/12/2016 1:52:26 AM,unknown,unknown,system,Service Control Manager,7036.0,Information,-2014886940.5183642,-1,HIGH
12/12/2016 1:43:03 AM,unknown,unknown,system,Service Control Manager,7036.0,Information,-1.0285648106119125,1,NORMAL
12/12/2016 1:33:01 AM,unknown,unknown,system,Service Control Manager,7036.0,Information,-1.0859360713417883,1,NORMAL
12/12/2016 1:33:01 AM,unknown,unknown,system,Service Control Manager,7036.0,Information,-1.0988005164817176,1,NORMAL
12/12/2016 1:33:01 AM,unknown,unknown,system,Service Control Manager,7036.0,Information,-1.0853050993341529,1,NORMAL
12/12/2016 1:22:56 AM,unknown,unknown,system,Service Control Manager,7036.0,Information,-1.122096843569627,-1,HIGH
12/12/2016 1:22:26 AM,unknown,unknown,system,Service Control Manager,7036.0,Information,-1.122096843569627,-1,HIGH
12/12/2016 1:03:46 AM,unknown,unknown,system,Service Control Manager,7036.0,Information,-1.1370273230530388,-1,HIGH
12/12/2016 12:52:56 AM,unknown,unknown,system,Service Control Manager,7036.0,Information,-2206774846.77598,-1,HIGH
12/12/2016 12:52:26 AM,unknown,unknown,system,Service Control Manager,7036.0,Information,-2206774846.77598,-1,HIGH
12/12/2016 12:43:46 AM,unknown,unknown,system,Service Control Manager,7036.0,Information,-1.0695613613618173,1,NORMAL
12/12/2016 12:26:14 AM,unknown,unknown,system,Service Control Manager,7036.0,Information,-1.126067074641152,-1,HIGH
12/12/2016 12:22:56 AM,unknown,unknown,system,Service Control Manager,7036.0,Information,-1.147370851522486,-1,HIGH
12/12/2016 12:22:26 AM,unknown,unknown,system,Service Control Manager,7036.0,Information,-1.147370851522486,-1,HIGH
12/12/2016 12:15:10 AM,unknown,unknown,system,Service Control Manager,7036.0,Information,-1.2021828238209205,-1,HIGH
12/11/2016 11:58:12 PM,unknown,unknown,system,Service Control Manager,7036.0,Information,-1.1656997407950405,-1,HIGH
12/11/2016 11:52:56 PM,unknown,unknown,system,Service Control Manager,7036.0,Information,-1.1131099234484385,-1,HIGH
12/11/2016 11:52:25 PM,unknown,unknown,system,Service Control Manager,7036.0,Information,-1.1131099234484385,-1,HIGH
12/11/2016 11:48:10 PM,unknown,unknown,system,Service Control Manager,7036.0,Information,-1.151721525039823,-1,HIGH
12/11/2016 11:48:10 PM,unknown,unknown,system,Service Control Manager,7036.0,Information,-1.1453299370815273,-1,HIGH
12/11/2016 11:47:44 PM,unknown,unknown,system,Service Control Manager,7036.0,Information,-1.1352545417075572,-1,HIGH
12/11/2016 11:22:56 PM,unknown,unknown,system,Service Control Manager,7036.0,Information,-1.1173337604008193,-1,HIGH
12/11/2016 11:22:25 PM,unknown,unknown,system,Service Control Manager,7036.0,Information,-1.1173337604008193,-1,HIGH
12/11/2016 11:20:44 PM,unknown,unknown,system,Service Control Manager,7036.0,Information,-1.1362686824515196,-1,HIGH
12/11/2016 11:20:44 PM,unknown,unknown,system,Service Control Manager,7036.0,Information,-1.131456945854936,-1,HIGH
12/11/2016 11:20:44 PM,unknown,unknown,system,Service Control Manager,7036.0,Information,-1.1396731501398354,-1,HIGH
12/11/2016 11:20:44 PM,unknown,unknown,system,Service Control Manager,7036.0,Information,-1.1362686824515196,-1,HIGH
12/11/2016 10:58:46 PM,unknown,unknown,system,Service Control Manager,7036.0,Information,-1.1207060996082008,-1,HIGH
12/11/2016 10:52:55 PM,unknown,unknown,system,Service Control Manager,7036.0,Information,-1.1103230838006777,-1,HIGH
12/11/2016 10:52:25 PM,unknown,unknown,system,Service Control Manager,7036.0,Information,-1.1103230838006777,-1,HIGH
12/11/2016 10:29:53 PM,unknown,unknown,system,Service Control Manager,7036.0,Information,-1.136470298746778,-1,HIGH
12/11/2016 10:22:55 PM,unknown,unknown,system,Service Control Manager,7036.0,Information,-1.0661833110009673,1,NORMAL
12/11/2016 10:22:25 PM,unknown,unknown,system,Service Control Manager,7036.0,Information,-1.0661833110009673,1,NORMAL
12/11/2016 10:12:55 PM,unknown,unknown,system,Service Control Manager,7036.0,Information,-1.0065249391719564,1,NORMAL
12/11/2016 10:02:53 PM,unknown,unknown,system,Service Control Manager,7036.0,Information,-1.2098587931917009,-1,HIGH
12/11/2016 10:02:53 PM,unknown,unknown,system,Service Control Manager,7036.0,Information,-1.1933459493837506,-1,HIGH
12/11/2016 9:52:55 PM,unknown,unknown,system,Service Control Manager,7036.0,Information,-1.0661747448858483,1,NORMAL
12/11/2016 9:52:25 PM,unknown,unknown,system,Service Control Manager,7036.0,Information,-1.0661747448858483,1,NORMAL
12/11/2016 9:43:46 PM,unknown,unknown,system,Service Control Manager,7036.0,Information,-0.9960502734924371,1,NORMAL
12/11/2016 9:27:37 PM,unknown,unknown,system,Service Control Manager,7036.0,Information,-1.0384252980762638,1,NORMAL
12/11/2016 9:22:55 PM,unknown,unknown,system,Service Control Manager,7036.0,Information,-1.0266888581005742,1,NORMAL
12/11/2016 9:22:25 PM,unknown,unknown,system,Service Control Manager,7036.0,Information,-1.0266888581005742,1,NORMAL
12/11/2016 9:16:08 PM,unknown,unknown,system,Service Control Manager,7036.0,Information,-1.1104564705925484,-1,HIGH
12/11/2016 8:59:10 PM,unknown,unknown,system,Service Control Manager,7036.0,Information,-1.083542974250659,1,NORMAL
12/11/2016 8:52:55 PM,unknown,unknown,system,Service Control Manager,7036.0,Information,-1.0243647345540492,1,NORMAL
12/11/2016 8:52:24 PM,unknown,unknown,system,Service Control Manager,7036.0,Information,-1.0243647345540492,1,NORMAL
12/11/2016 8:49:08 PM,unknown,unknown,system,Service Control Manager,7036.0,Information,-1.1107258000782472,-1,HIGH
12/11/2016 8:49:08 PM,unknown,unknown,system,Service Control Manager,7036.0,Information,-1.1035198792080423,-1,HIGH
12/11/2016 8:48:00 PM,unknown,unknown,system,Service Control Manager,7036.0,Information,-1.1011688790134233,1,NORMAL
12/11/2016 8:44:15 PM,unknown,unknown,system,Schannel,36888.0,Error,-0.9966038300215279,1,NORMAL
12/11/2016 8:44:15 PM,unknown,unknown,system,Schannel,36888.0,Error,-0.9966038300215279,1,NORMAL
12/11/2016 8:22:55 PM,unknown,unknown,system,Service Control Manager,7036.0,Information,-1.00093598327246,1,NORMAL
12/11/2016 8:22:24 PM,unknown,unknown,system,Service Control Manager,7036.0,Information,-1.00093598327246,1,NORMAL
12/11/2016 8:00:00 PM,unknown,unknown,system,Service Control Manager,7036.0,Information,-1.386537538177234,-1,HIGH
12/11/2016 7:54:37 PM,unknown,unknown,system,Service Control Manager,7036.0,Information,-1.0290781154604085,1,NORMAL
12/11/2016 7:52:55 PM,unknown,unknown,system,Service Control Manager,7036.0,Information,-1.0277121852988598,1,NORMAL
12/11/2016 7:52:24 PM,unknown,unknown,system,Service Control Manager,7036.0,Information,-1.0277121852988598,1,NORMAL
12/11/2016 7:37:39 PM,unknown,unknown,system,Service Control Manager,7036.0,Information,-0.9842266996895898,1,NORMAL
12/11/2016 7:27:37 PM,unknown,unknown,system,Service Control Manager,7036.0,Information,-0.9821829151040782,1,NORMAL
12/11/2016 7:27:37 PM,unknown,unknown,system,Service Control Manager,7036.0,Information,-0.97422099893196,1,NORMAL
12/11/2016 7:27:37 PM,unknown,unknown,system,Service Control Manager,7036.0,Information,-0.982241709667615,1,NORMAL
12/11/2016 7:22:54 PM,unknown,unknown,system,Service Control Manager,7036.0,Information,-0.9824780801935111,1,NORMAL
12/11/2016 7:22:24 PM,unknown,unknown,system,Service Control Manager,7036.0,Information,-0.9824780801935111,1,NORMAL
12/11/2016 7:19:03 PM,unknown,unknown,system,Schannel,36888.0,Error,-0.991245327507916,1,NORMAL
12/11/2016 7:19:03 PM,unknown,unknown,system,Schannel,36888.0,Error,-0.991245327507916,1,NORMAL
12/11/2016 7:10:09 PM,unknown,unknown,system,Service Control Manager,7036.0,Information,-0.9800536535656937,1,NORMAL
12/11/2016 6:57:39 PM,unknown,unknown,system,Service Control Manager,7036.0,Information,-1.050000079144765,1,NORMAL
12/11/2016 6:52:54 PM,unknown,unknown,system,Service Control Manager,7036.0,Information,-1.0472967269887925,1,NORMAL
12/11/2016 6:52:24 PM,unknown,unknown,system,Service Control Manager,7036.0,Information,-1.0472967269887925,1,NORMAL
12/11/2016 6:39:33 PM,unknown,unknown,system,Service Control Manager,7036.0,Information,-0.9900298152994736,1,NORMAL
12/11/2016 6:29:31 PM,unknown,unknown,system,Service Control Manager,7036.0,Information,-1.026292542764479,1,NORMAL
12/11/2016 6:22:54 PM,unknown,unknown,system,Service Control Manager,7036.0,Information,-0.9932908769854408,1,NORMAL
12/11/2016 6:22:24 PM,unknown,unknown,system,Service Control Manager,7036.0,Information,-0.9932908769854408,1,NORMAL
12/11/2016 6:20:09 PM,unknown,unknown,system,Service Control Manager,7036.0,Information,-1.0251625235485498,1,NORMAL
12/11/2016 6:20:09 PM,unknown,unknown,system,Service Control Manager,7036.0,Information,-1.0253113647540388,1,NORMAL
12/11/2016 6:20:09 PM,unknown,unknown,system,Service Control Manager,7036.0,Information,-1.0270555999707391,1,NORMAL
12/11/2016 6:20:09 PM,unknown,unknown,system,Service Control Manager,7036.0,Information,-1.0251625235485498,1,NORMAL
12/11/2016 6:03:46 PM,unknown,unknown,system,Service Control Manager,7036.0,Information,-1.2262766419857336,-1,HIGH
12/11/2016 5:52:54 PM,unknown,unknown,system,Service Control Manager,7036.0,Information,-1.0651047455564053,1,NORMAL
12/11/2016 5:52:23 PM,unknown,unknown,system,Service Control Manager,7036.0,Information,-1.0651047455564053,1,NORMAL
12/11/2016 5:43:46 PM,unknown,unknown,system,Service Control Manager,7036.0,Information,-0.9955060705660628,1,NORMAL
12/11/2016 5:33:46 PM,unknown,unknown,system,Service Control Manager,7036.0,Information,-1.1736229993498175,-1,HIGH
12/11/2016 5:24:09 PM,unknown,unknown,system,Service Control Manager,7036.0,Information,-1.0012345836853094,1,NORMAL
12/11/2016 5:22:54 PM,unknown,unknown,system,Service Control Manager,7036.0,Information,-1.0001858298419928,1,NORMAL
12/11/2016 5:22:23 PM,unknown,unknown,system,Service Control Manager,7036.0,Information,-1.0001858298419928,1,NORMAL
12/11/2016 5:07:11 PM,unknown,unknown,system,Service Control Manager,7036.0,Information,-0.999864956311511,1,NORMAL
12/11/2016 4:57:09 PM,unknown,unknown,system,Service Control Manager,7036.0,Information,-1.0360916696187383,1,NORMAL
12/11/2016 4:57:09 PM,unknown,unknown,system,Service Control Manager,7036.0,Information,-1.0328164159884248,1,NORMAL
12/11/2016 4:52:53 PM,unknown,unknown,system,Service Control Manager,7036.0,Information,-1.0520531015916303,1,NORMAL
12/11/2016 4:52:23 PM,unknown,unknown,system,Service Control Manager,7036.0,Information,-1.0520531015916303,1,NORMAL
12/11/2016 4:43:46 PM,unknown,unknown,system,Service Control Manager,7036.0,Information,-0.9995942677286689,1,NORMAL
12/11/2016 4:22:53 PM,unknown,unknown,system,Service Control Manager,7036.0,Information,-1.00386127273812,1,NORMAL
12/11/2016 4:22:23 PM,unknown,unknown,system,Service Control Manager,7036.0,Information,-1.00386127273812,1,NORMAL
12/11/2016 4:18:46 PM,unknown,unknown,system,Service Control Manager,7036.0,Information,-1.1398982447524824,-1,HIGH
12/11/2016 4:05:07 PM,unknown,unknown,system,Service Control Manager,7036.0,Information,-1.0954569707312265,1,NORMAL
12/11/2016 3:52:53 PM,unknown,unknown,system,Service Control Manager,7036.0,Information,-1.0453140958407796,1,NORMAL
12/11/2016 3:52:23 PM,unknown,unknown,system,Service Control Manager,7036.0,Information,-1.0453140958407796,1,NORMAL
12/11/2016 3:47:35 PM,unknown,unknown,system,Service Control Manager,7036.0,Information,-1.1519044142559418,-1,HIGH
12/11/2016 3:31:32 PM,unknown,unknown,system,Service Control Manager,7036.0,Information,-1.1899709053674707,-1,HIGH
12/11/2016 3:29:54 PM,unknown,unknown,system,Service Control Manager,7036.0,Information,-1.0821496368086363,1,NORMAL
12/11/2016 3:29:23 PM,unknown,unknown,system,Service Control Manager,7036.0,Information,-1.0821496368086363,1,NORMAL
12/11/2016 3:29:22 PM,unknown,unknown,system,Service Control Manager,7036.0,Information,-1.0811200475445626,1,NORMAL
12/11/2016 3:27:37 PM,unknown,unknown,system,Service Control Manager,7036.0,Information,-1.018468152031096,1,NORMAL
12/11/2016 3:27:37 PM,unknown,unknown,system,Service Control Manager,7036.0,Information,-1.0225605331363148,1,NORMAL
12/11/2016 3:26:24 PM,unknown,unknown,system,Service Control Manager,7036.0,Information,-1.0141940208638494,1,NORMAL
12/11/2016 3:22:53 PM,unknown,unknown,system,Service Control Manager,7036.0,Information,-1.0128895933034225,1,NORMAL
12/11/2016 3:22:22 PM,unknown,unknown,system,Service Control Manager,7036.0,Information,-1.0128895933034225,1,NORMAL
12/11/2016 3:07:56 PM,unknown,unknown,system,Service Control Manager,7036.0,Information,-1.0036740818680105,1,NORMAL
12/11/2016 2:57:54 PM,unknown,unknown,system,Service Control Manager,7036.0,Information,-1.0340962109816099,1,NORMAL
12/11/2016 2:57:54 PM,unknown,unknown,system,Service Control Manager,7036.0,Information,-1.0335409447477257,1,NORMAL
12/11/2016 2:52:53 PM,unknown,unknown,system,Service Control Manager,7036.0,Information,-1.0367741125608083,1,NORMAL
12/11/2016 2:52:22 PM,unknown,unknown,system,Service Control Manager,7036.0,Information,-1.0367741125608083,1,NORMAL
12/11/2016 2:43:46 PM,unknown,unknown,system,Service Control Manager,7036.0,Information,-1.0118486126599646,1,NORMAL
12/11/2016 2:22:53 PM,unknown,unknown,system,Service Control Manager,7036.0,Information,-1.0201239411144005,1,NORMAL
12/11/2016 2:22:22 PM,unknown,unknown,system,Service Control Manager,7036.0,Information,-1.0201239411144005,1,NORMAL
12/11/2016 1:59:17 PM,unknown,unknown,system,Service Control Manager,7036.0,Information,-1.0495171195404551,1,NORMAL
12/11/2016 1:52:52 PM,unknown,unknown,system,Service Control Manager,7036.0,Information,-1.0451106377094863,1,NORMAL
12/11/2016 1:52:22 PM,unknown,unknown,system,Service Control Manager,7036.0,Information,-1.0451106377094863,1,NORMAL
12/11/2016 1:48:17 PM,unknown,unknown,system,Service Control Manager,7036.0,Information,-1.1491620360685828,-1,HIGH
12/11/2016 1:22:52 PM,unknown,unknown,system,Service Control Manager,7036.0,Information,-1.0214631357986539,1,NORMAL
12/11/2016 1:22:22 PM,unknown,unknown,system,Service Control Manager,7036.0,Information,-1.0214631357986539,1,NORMAL
12/11/2016 1:22:19 PM,unknown,unknown,system,Service Control Manager,7036.0,Information,-1.021455645815984,1,NORMAL
12/11/2016 1:20:48 PM,unknown,unknown,system,Service Control Manager,7036.0,Information,-1.0990054550443706,1,NORMAL
12/11/2016 1:20:48 PM,unknown,unknown,system,Service Control Manager,7036.0,Information,-1.0990054550443706,1,NORMAL
12/11/2016 1:12:17 PM,unknown,unknown,system,Service Control Manager,7036.0,Information,-0.9880948060892786,1,NORMAL
12/11/2016 1:12:17 PM,unknown,unknown,system,Service Control Manager,7036.0,Information,-0.9888498075066736,1,NORMAL
12/11/2016 1:12:17 PM,unknown,unknown,system,Service Control Manager,7036.0,Information,-0.9881171185187525,1,NORMAL
12/11/2016 1:03:46 PM,unknown,unknown,system,Service Control Manager,7036.0,Information,-1.2159151304198237,-1,HIGH
12/11/2016 12:52:52 PM,unknown,unknown,system,Service Control Manager,7036.0,Information,-1.0422113015284622,1,NORMAL
12/11/2016 12:52:22 PM,unknown,unknown,system,Service Control Manager,7036.0,Information,-1.0422113015284622,1,NORMAL
12/11/2016 12:43:46 PM,unknown,unknown,system,Service Control Manager,7036.0,Information,-1.0137146438186813,1,NORMAL
12/11/2016 12:22:52 PM,unknown,unknown,system,Service Control Manager,7036.0,Information,-1.0242726010191325,1,NORMAL
12/11/2016 12:22:21 PM,unknown,unknown,system,Service Control Manager,7036.0,Information,-1.0242726010191325,1,NORMAL
12/11/2016 12:09:52 PM,unknown,unknown,system,Service Control Manager,7036.0,Information,-0.9853166352873924,1,NORMAL
12/11/2016 12:00:00 PM,unknown,unknown,system,EventLog,6013.0,Information,-1.0324791657733707,1,NORMAL
12/11/2016 11:56:52 AM,unknown,unknown,system,Service Control Manager,7036.0,Information,-1.036411158397286,1,NORMAL
12/11/2016 11:52:52 AM,unknown,unknown,system,Service Control Manager,7036.0,Information,-1.0619545698542352,1,NORMAL
12/11/2016 11:52:21 AM,unknown,unknown,system,Service Control Manager,7036.0,Information,-1.0619545698542352,1,NORMAL
12/11/2016 11:39:54 AM,unknown,unknown,system,Service Control Manager,7036.0,Information,-0.9953241859502601,1,NORMAL
12/11/2016 11:29:52 AM,unknown,unknown,system,Service Control Manager,7036.0,Information,-1.1710310086554965,-1,HIGH
12/11/2016 11:29:52 AM,unknown,unknown,system,Service Control Manager,7036.0,Information,-1.1855374298570307,-1,HIGH
12/11/2016 11:29:52 AM,unknown,unknown,system,Service Control Manager,7036.0,Information,-1.169930409806711,-1,HIGH
12/11/2016 11:23:46 AM,unknown,unknown,system,Service Control Manager,7036.0,Information,-1.0267324765154004,1,NORMAL
12/11/2016 11:22:51 AM,unknown,unknown,system,Service Control Manager,7036.0,Information,-1.0294411458411563,1,NORMAL
12/11/2016 11:22:21 AM,unknown,unknown,system,Service Control Manager,7036.0,Information,-1.0294411458411563,1,NORMAL
12/11/2016 11:10:46 AM,unknown,unknown,system,Service Control Manager,7036.0,Information,-0.9783178399138444,1,NORMAL
12/11/2016 10:53:48 AM,unknown,unknown,system,Service Control Manager,7036.0,Information,-1.0650936052782327,1,NORMAL
12/11/2016 10:52:51 AM,unknown,unknown,system,Service Control Manager,7036.0,Information,-1.0689887000790432,1,NORMAL
12/11/2016 10:52:21 AM,unknown,unknown,system,Service Control Manager,7036.0,Information,-1.0689887000790432,1,NORMAL
12/11/2016 10:43:46 AM,unknown,unknown,system,Service Control Manager,7036.0,Information,-1.0010334613389056,1,NORMAL
12/11/2016 10:43:46 AM,unknown,unknown,system,Service Control Manager,7036.0,Information,-1.0195893732187362,1,NORMAL
12/11/2016 10:43:46 AM,unknown,unknown,system,Service Control Manager,7036.0,Information,-0.9999808808598436,1,NORMAL
12/11/2016 10:22:51 AM,unknown,unknown,system,Service Control Manager,7036.0,Information,-1.0403674704554238,1,NORMAL
12/11/2016 10:22:21 AM,unknown,unknown,system,Service Control Manager,7036.0,Information,-1.0403674704554238,1,NORMAL
12/11/2016 10:14:13 AM,unknown,unknown,system,Service Control Manager,7036.0,Information,-1.0485659584474663,1,NORMAL
12/11/2016 10:01:13 AM,unknown,unknown,system,Service Control Manager,7036.0,Information,-1.3870183470855764,-1,HIGH
12/11/2016 9:52:51 AM,unknown,unknown,system,Service Control Manager,7036.0,Information,-1.1218700276312397,-1,HIGH
12/11/2016 9:52:21 AM,unknown,unknown,system,Service Control Manager,7036.0,Information,-1.1218700276312397,-1,HIGH
12/11/2016 9:44:16 AM,unknown,unknown,system,Service Control Manager,7036.0,Information,-1.0561786968985618,1,NORMAL
12/11/2016 9:34:13 AM,unknown,unknown,system,Service Control Manager,7036.0,Information,-1.124325478641061,-1,HIGH
12/11/2016 9:34:13 AM,unknown,unknown,system,Service Control Manager,7036.0,Information,-1.136434646995978,-1,HIGH
12/11/2016 9:34:13 AM,unknown,unknown,system,Service Control Manager,7036.0,Information,-1.1228075166306615,-1,HIGH
12/11/2016 9:22:51 AM,unknown,unknown,system,Service Control Manager,7036.0,Information,-1.0843998613997672,1,NORMAL
12/11/2016 9:22:20 AM,unknown,unknown,system,Service Control Manager,7036.0,Information,-1.0843998613997672,1,NORMAL
12/11/2016 9:04:38 AM,unknown,unknown,system,Service Control Manager,7036.0,Information,-1.107476798264817,-1,HIGH
12/11/2016 8:52:51 AM,unknown,unknown,system,Service Control Manager,7036.0,Information,-1.0797342515536115,1,NORMAL
12/11/2016 8:52:20 AM,unknown,unknown,system,Service Control Manager,7036.0,Information,-1.0797342515536115,1,NORMAL
12/11/2016 8:48:08 AM,unknown,unknown,system,Service Control Manager,7036.0,Information,-1.2483314284136753,-1,HIGH
12/11/2016 8:22:51 AM,unknown,unknown,system,Service Control Manager,7036.0,Information,-1.0656110891707287,1,NORMAL
12/11/2016 8:22:20 AM,unknown,unknown,system,Service Control Manager,7036.0,Information,-1.0656110891707287,1,NORMAL
12/11/2016 8:20:40 AM,unknown,unknown,system,Service Control Manager,7036.0,Information,-1.1216703952460376,-1,HIGH
12/11/2016 8:20:40 AM,unknown,unknown,system,Service Control Manager,7036.0,Information,-1.1216703952460376,-1,HIGH
12/11/2016 8:14:40 AM,unknown,unknown,system,Service Control Manager,7036.0,Information,-1.0573435727377065,1,NORMAL
12/11/2016 8:04:38 AM,unknown,unknown,system,Service Control Manager,7036.0,Information,-1.0847348809262305,1,NORMAL
12/11/2016 8:04:38 AM,unknown,unknown,system,Service Control Manager,7036.0,Information,-1.095295103077356,1,NORMAL
12/11/2016 8:04:38 AM,unknown,unknown,system,Service Control Manager,7036.0,Information,-1.0837241782318998,1,NORMAL
12/11/2016 8:03:46 AM,unknown,unknown,system,Service Control Manager,7036.0,Information,-1.1384929816140097,-1,HIGH
12/11/2016 7:52:50 AM,unknown,unknown,system,Service Control Manager,7036.0,Information,-1.0340613798014116,1,NORMAL
12/11/2016 7:52:20 AM,unknown,unknown,system,Service Control Manager,7036.0,Information,-1.0340613798014116,1,NORMAL
12/11/2016 7:50:15 AM,unknown,unknown,system,Schannel,36888.0,Error,-1.0227209194924334,1,NORMAL
12/11/2016 7:50:15 AM,unknown,unknown,system,Schannel,36888.0,Error,-1.0227209194924334,1,NORMAL
12/11/2016 7:43:46 AM,unknown,unknown,system,Service Control Manager,7036.0,Information,-1.0086252297266467,1,NORMAL
12/11/2016 7:28:46 AM,unknown,unknown,system,Service Control Manager,7036.0,Information,-1.0919389517032032,1,NORMAL
12/11/2016 7:22:50 AM,unknown,unknown,system,Service Control Manager,7036.0,Information,-1.0492897536299122,1,NORMAL
12/11/2016 7:22:20 AM,unknown,unknown,system,Service Control Manager,7036.0,Information,-1.0492897536299122,1,NORMAL
12/11/2016 7:15:23 AM,unknown,unknown,system,Service Control Manager,7036.0,Information,-1.1557911289044736,-1,HIGH
12/11/2016 7:02:30 AM,unknown,unknown,system,Schannel,36888.0,Error,-1.1746070366168775,-1,HIGH
12/11/2016 7:02:30 AM,unknown,unknown,system,Schannel,36888.0,Error,-1.1746070366168775,-1,HIGH
12/11/2016 6:58:25 AM,unknown,unknown,system,Service Control Manager,7036.0,Information,-1.3128702177232074,-1,HIGH
12/11/2016 6:52:50 AM,unknown,unknown,system,Service Control Manager,7036.0,Information,-1.0335625555202252,1,NORMAL
12/11/2016 6:52:20 AM,unknown,unknown,system,Service Control Manager,7036.0,Information,-1.0335625555202252,1,NORMAL
12/11/2016 6:52:16 AM,unknown,unknown,system,Schannel,36888.0,Error,-1.025633564837321,1,NORMAL
12/11/2016 6:52:16 AM,unknown,unknown,system,Schannel,36888.0,Error,-1.025633564837321,1,NORMAL
12/11/2016 6:48:23 AM,unknown,unknown,system,Service Control Manager,7036.0,Information,-1.1510262797632498,-1,HIGH
12/11/2016 6:48:23 AM,unknown,unknown,system,Service Control Manager,7036.0,Information,-1.1431310953341063,-1,HIGH
12/11/2016 6:43:46 AM,unknown,unknown,system,Service Control Manager,7036.0,Information,-1.001223175318796,1,NORMAL
12/11/2016 6:22:50 AM,unknown,unknown,system,Service Control Manager,7036.0,Information,-1.0459629205015244,1,NORMAL
12/11/2016 6:22:19 AM,unknown,unknown,system,Service Control Manager,7036.0,Information,-1.0459629205015244,1,NORMAL
12/11/2016 6:03:46 AM,unknown,unknown,system,Service Control Manager,7036.0,Information,-1.187617479377696,-1,HIGH
12/11/2016 5:52:50 AM,unknown,unknown,system,Service Control Manager,7036.0,Information,-1.0249922873724926,1,NORMAL
12/11/2016 5:52:19 AM,unknown,unknown,system,Service Control Manager,7036.0,Information,-1.0249922873724926,1,NORMAL
12/11/2016 5:43:46 AM,unknown,unknown,system,Service Control Manager,7036.0,Information,-0.9970973788384728,1,NORMAL
12/11/2016 5:28:46 AM,unknown,unknown,system,Service Control Manager,7036.0,Information,-1.069326458460324,1,NORMAL
12/11/2016 5:22:49 AM,unknown,unknown,system,Service Control Manager,7036.0,Information,-1.0103880071134312,1,NORMAL
12/11/2016 5:22:19 AM,unknown,unknown,system,Service Control Manager,7036.0,Information,-1.0103880071134312,1,NORMAL
12/11/2016 5:20:46 AM,unknown,unknown,system,Service Control Manager,7036.0,Information,-1.0920815785891458,1,NORMAL
12/11/2016 5:18:41 AM,unknown,unknown,system,Service Control Manager,7036.0,Information,-1.1998951397326416,-1,HIGH
12/11/2016 4:52:49 AM,unknown,unknown,system,Service Control Manager,7036.0,Information,-1.0360393511689896,1,NORMAL
12/11/2016 4:52:19 AM,unknown,unknown,system,Service Control Manager,7036.0,Information,-1.0360393511689896,1,NORMAL
12/11/2016 4:51:41 AM,unknown,unknown,system,Service Control Manager,7036.0,Information,-1.0281390834216084,1,NORMAL
12/11/2016 4:51:41 AM,unknown,unknown,system,Service Control Manager,7036.0,Information,-1.0231102001257437,1,NORMAL
12/11/2016 4:43:46 AM,unknown,unknown,system,Service Control Manager,7036.0,Information,-1.002289331159551,1,NORMAL
12/11/2016 4:35:13 AM,unknown,unknown,system,Service Control Manager,7036.0,Information,-1.0888877050094148,1,NORMAL
12/11/2016 4:23:47 AM,unknown,unknown,system,Service Control Manager,7036.0,Information,-0.9902878296075525,1,NORMAL
12/11/2016 4:22:49 AM,unknown,unknown,system,Service Control Manager,7036.0,Information,-0.9876928911647114,1,NORMAL
12/11/2016 4:22:19 AM,unknown,unknown,system,Service Control Manager,7036.0,Information,-0.9876928911647114,1,NORMAL
12/11/2016 3:57:56 AM,unknown,unknown,system,Service Control Manager,7036.0,Information,-1.0863946704856762,1,NORMAL
12/11/2016 3:57:49 AM,unknown,unknown,system,Service Control Manager,7036.0,Information,-1.0971222099715898,1,NORMAL
12/11/2016 3:56:12 AM,unknown,unknown,system,Service Control Manager,7036.0,Information,-1.0883676009285201,1,NORMAL
12/11/2016 3:56:12 AM,unknown,unknown,system,Microsoft-Windows-Kernel-General,1.0,Information,-1.5593045618924193,-1,HIGH
12/11/2016 3:56:12 AM,unknown,unknown,system,Microsoft-Windows-Time-Service,35.0,Information,-3.507495479629986,-1,HIGH
12/11/2016 3:56:02 AM,unknown,unknown,system,Microsoft-Windows-Kernel-General,16.0,Information,-1.5566076054114704,-1,HIGH
12/11/2016 3:56:02 AM,unknown,unknown,system,Microsoft-Windows-Kernel-General,16.0,Information,-1.5565808756843986,-1,HIGH
12/11/2016 3:56:02 AM,unknown,unknown,system,Microsoft-Windows-Kernel-General,16.0,Information,-1.5565837122726642,-1,HIGH
12/11/2016 3:56:00 AM,unknown,unknown,system,Microsoft-Windows-Kernel-General,16.0,Information,-1.556644481479155,-1,HIGH
12/11/2016 3:55:57 AM,unknown,unknown,system,Microsoft-Windows-Time-Service,37.0,Information,-3.5264167962103925,-1,HIGH
12/11/2016 3:55:56 AM,unknown,unknown,system,Microsoft-Windows-Kernel-General,16.0,Information,-1.53180138589443,-1,HIGH
12/11/2016 3:55:56 AM,unknown,unknown,system,Service Control Manager,7036.0,Information,-1.0886963225664916,1,NORMAL
12/11/2016 3:55:56 AM,unknown,unknown,system,Service Control Manager,7036.0,Information,-1.0803909717632783,1,NORMAL
12/11/2016 3:52:49 AM,unknown,unknown,system,Service Control Manager,7036.0,Information,-1.0565023940684397,1,NORMAL
12/11/2016 3:52:19 AM,unknown,unknown,system,Service Control Manager,7036.0,Information,-1.0565023940684397,1,NORMAL
12/11/2016 3:47:47 AM,unknown,unknown,system,Service Control Manager,7036.0,Information,-1.1439049656406985,-1,HIGH
12/11/2016 3:47:47 AM,unknown,unknown,system,Service Control Manager,7036.0,Information,-1.1280653529233327,-1,HIGH
12/11/2016 3:47:13 AM,unknown,unknown,system,Service Control Manager,7036.0,Information,-1.1439049656406985,-1,HIGH
12/11/2016 3:22:49 AM,unknown,unknown,system,Service Control Manager,7036.0,Information,-0.9822475207038336,1,NORMAL
12/11/2016 3:22:18 AM,unknown,unknown,system,Service Control Manager,7036.0,Information,-0.9822475207038336,1,NORMAL
12/11/2016 3:20:13 AM,unknown,unknown,system,Service Control Manager,7036.0,Information,-1.0023326637652539,1,NORMAL
12/11/2016 3:20:13 AM,unknown,unknown,system,Service Control Manager,7036.0,Information,-1.0016150627206155,1,NORMAL
12/11/2016 3:20:13 AM,unknown,unknown,system,Service Control Manager,7036.0,Information,-1.0025551349757564,1,NORMAL
12/11/2016 3:20:13 AM,unknown,unknown,system,Service Control Manager,7036.0,Information,-1.0023326637652539,1,NORMAL
12/11/2016 2:59:54 AM,unknown,unknown,system,Service Control Manager,7036.0,Information,-1.1081203872208003,-1,HIGH
12/11/2016 2:52:49 AM,unknown,unknown,system,Service Control Manager,7036.0,Information,-1.0892996080584667,1,NORMAL
12/11/2016 2:52:18 AM,unknown,unknown,system,Service Control Manager,7036.0,Information,-1.0892996080584667,1,NORMAL
12/11/2016 2:50:24 AM,unknown,unknown,system,Schannel,36888.0,Error,-1.044500099472858,1,NORMAL
12/11/2016 2:50:24 AM,unknown,unknown,system,Schannel,36888.0,Error,-1.044500099472858,1,NORMAL
12/11/2016 2:47:19 AM,unknown,unknown,system,Service Control Manager,7036.0,Information,-1.1499692259938026,-1,HIGH
12/11/2016 2:30:21 AM,unknown,unknown,system,Service Control Manager,7036.0,Information,-1.2112944546542947,-1,HIGH
12/11/2016 2:22:49 AM,unknown,unknown,system,Service Control Manager,7036.0,Information,-1.006393361396151,1,NORMAL
12/11/2016 2:22:18 AM,unknown,unknown,system,Service Control Manager,7036.0,Information,-1.006393361396151,1,NORMAL
12/11/2016 2:20:19 AM,unknown,unknown,system,Service Control Manager,7036.0,Information,-1.0342245387375997,1,NORMAL
12/11/2016 2:20:19 AM,unknown,unknown,system,Service Control Manager,7036.0,Information,-1.036131657640193,1,NORMAL
12/11/2016 2:20:19 AM,unknown,unknown,system,Service Control Manager,7036.0,Information,-1.0341244062553656,1,NORMAL
12/11/2016 2:03:46 AM,unknown,unknown,system,Service Control Manager,7036.0,Information,-1.1655928401075528,-1,HIGH
12/11/2016 1:52:48 AM,unknown,unknown,system,Service Control Manager,7036.0,Information,-1.2224333257622002,-1,HIGH
12/11/2016 1:52:18 AM,unknown,unknown,system,Service Control Manager,7036.0,Information,-1.2224333257622002,-1,HIGH
12/11/2016 1:43:46 AM,unknown,unknown,system,Service Control Manager,7036.0,Information,-1.006288575051075,1,NORMAL
12/11/2016 1:41:36 AM,unknown,unknown,system,Service Control Manager,7036.0,Information,-0.9861140811431011,1,NORMAL
12/11/2016 1:28:06 AM,unknown,unknown,system,Service Control Manager,7036.0,Information,-1.1190988301249953,-1,HIGH
12/11/2016 1:22:48 AM,unknown,unknown,system,Service Control Manager,7036.0,Information,-1.0180220245430913,1,NORMAL
12/11/2016 1:22:18 AM,unknown,unknown,system,Service Control Manager,7036.0,Information,-1.0180220245430913,1,NORMAL
12/11/2016 12:52:48 AM,unknown,unknown,system,Service Control Manager,7036.0,Information,-1.2551036047889887,-1,HIGH
12/11/2016 12:52:18 AM,unknown,unknown,system,Service Control Manager,7036.0,Information,-1.2551036047889887,-1,HIGH
12/11/2016 12:51:37 AM,unknown,unknown,system,Service Control Manager,7036.0,Information,-1.3224739133250742,-1,HIGH
12/11/2016 12:41:36 AM,unknown,unknown,system,Service Control Manager,7036.0,Information,-1.012562720066086,1,NORMAL
12/11/2016 12:41:36 AM,unknown,unknown,system,Service Control Manager,7036.0,Information,-1.0120998143519422,1,NORMAL
12/11/2016 12:41:36 AM,unknown,unknown,system,Service Control Manager,7036.0,Information,-1.0117183413294586,1,NORMAL
12/11/2016 12:22:48 AM,unknown,unknown,system,Service Control Manager,7036.0,Information,-1.0969965052974293,1,NORMAL
12/11/2016 12:22:17 AM,unknown,unknown,system,Service Control Manager,7036.0,Information,-1.0969965052974293,1,NORMAL
12/11/2016 12:20:42 AM,unknown,unknown,system,Service Control Manager,7036.0,Information,-1.1388055761071703,-1,HIGH
12/11/2016 12:09:12 AM,unknown,unknown,system,Service Control Manager,7036.0,Information,-1.059715937345793,1,NORMAL
12/10/2016 11:52:47 PM,unknown,unknown,system,Service Control Manager,7036.0,Information,-1.1371819809635078,-1,HIGH
12/10/2016 11:52:17 PM,unknown,unknown,system,Service Control Manager,7036.0,Information,-1.1371819809635078,-1,HIGH
12/10/2016 11:50:44 PM,unknown,unknown,system,Service Control Manager,7036.0,Information,-1.1748559596965276,-1,HIGH
12/10/2016 11:40:42 PM,unknown,unknown,system,Service Control Manager,7036.0,Information,-1.0605286152812903,1,NORMAL
12/10/2016 11:40:42 PM,unknown,unknown,system,Service Control Manager,7036.0,Information,-1.0682871722604217,1,NORMAL
12/10/2016 11:40:42 PM,unknown,unknown,system,Service Control Manager,7036.0,Information,-1.0593617735923058,1,NORMAL
12/10/2016 11:22:47 PM,unknown,unknown,system,Service Control Manager,7036.0,Information,-1.12136374175681,-1,HIGH
12/10/2016 11:22:17 PM,unknown,unknown,system,Service Control Manager,7036.0,Information,-1.12136374175681,-1,HIGH
12/10/2016 10:58:46 PM,unknown,unknown,system,Service Control Manager,7036.0,Information,-1.069019033913563,1,NORMAL
12/10/2016 10:52:47 PM,unknown,unknown,system,Service Control Manager,7036.0,Information,-1.0568914004444971,1,NORMAL
12/10/2016 10:52:17 PM,unknown,unknown,system,Service Control Manager,7036.0,Information,-1.0568914004444971,1,NORMAL
12/10/2016 10:47:13 PM,unknown,unknown,system,Service Control Manager,7036.0,Information,-1.124151805872585,-1,HIGH
12/10/2016 10:34:55 PM,unknown,unknown,system,Schannel,36888.0,Error,-0.9731668192043863,1,NORMAL
12/10/2016 10:34:55 PM,unknown,unknown,system,Schannel,36888.0,Error,-0.9731668192043863,1,NORMAL
12/10/2016 10:22:47 PM,unknown,unknown,system,Service Control Manager,7036.0,Information,-1.058884971032797,1,NORMAL
12/10/2016 10:22:17 PM,unknown,unknown,system,Service Control Manager,7036.0,Information,-1.058884971032797,1,NORMAL
12/10/2016 10:20:13 PM,unknown,unknown,system,Service Control Manager,7036.0,Information,-1.105143685235789,-1,HIGH
12/10/2016 10:20:13 PM,unknown,unknown,system,Service Control Manager,7036.0,Information,-1.105143685235789,-1,HIGH
12/10/2016 10:16:58 PM,unknown,unknown,system,Schannel,36888.0,Error,-1.0174056967137306,1,NORMAL
12/10/2016 10:16:58 PM,unknown,unknown,system,Schannel,36888.0,Error,-1.0174056967137306,1,NORMAL
12/10/2016 10:12:15 PM,unknown,unknown,system,Service Control Manager,7036.0,Information,-0.9877915330499368,1,NORMAL
12/10/2016 10:02:13 PM,unknown,unknown,system,Service Control Manager,7036.0,Information,-1.207162160952106,-1,HIGH
12/10/2016 10:02:13 PM,unknown,unknown,system,Service Control Manager,7036.0,Information,-1.1996348211516648,-1,HIGH
12/10/2016 9:52:47 PM,unknown,unknown,system,Service Control Manager,7036.0,Information,-1.0285118850040982,1,NORMAL
12/10/2016 9:52:17 PM,unknown,unknown,system,Service Control Manager,7036.0,Information,-1.0285118850040982,1,NORMAL
12/10/2016 9:43:46 PM,unknown,unknown,system,Service Control Manager,7036.0,Information,-1.0037636781484895,1,NORMAL
12/10/2016 9:22:47 PM,unknown,unknown,system,Service Control Manager,7036.0,Information,-1.02851530295723,1,NORMAL
12/10/2016 9:22:16 PM,unknown,unknown,system,Service Control Manager,7036.0,Information,-1.02851530295723,1,NORMAL
12/10/2016 9:03:48 PM,unknown,unknown,system,Service Control Manager,7036.0,Information,-1.1236293543024607,-1,HIGH
12/10/2016 8:52:47 PM,unknown,unknown,system,Service Control Manager,7036.0,Information,-1.0202409329841333,1,NORMAL
12/10/2016 8:52:16 PM,unknown,unknown,system,Service Control Manager,7036.0,Information,-1.0202409329841333,1,NORMAL
12/10/2016 8:50:48 PM,unknown,unknown,system,Service Control Manager,7036.0,Information,-1.0740968598871559,1,NORMAL
12/10/2016 8:34:07 PM,unknown,unknown,system,Schannel,36888.0,Error,-0.9731719318736713,1,NORMAL
12/10/2016 8:34:07 PM,unknown,unknown,system,Schannel,36888.0,Error,-0.9731719318736713,1,NORMAL
12/10/2016 8:33:50 PM,unknown,unknown,system,Service Control Manager,7036.0,Information,-1.2269254464305803,-1,HIGH
12/10/2016 8:33:28 PM,unknown,unknown,system,Schannel,36888.0,Error,-0.9736619934068353,1,NORMAL
12/10/2016 8:33:28 PM,unknown,unknown,system,Schannel,36888.0,Error,-0.9736619934068353,1,NORMAL
12/10/2016 8:23:48 PM,unknown,unknown,system,Service Control Manager,7036.0,Information,-0.984682736063123,1,NORMAL
12/10/2016 8:23:48 PM,unknown,unknown,system,Service Control Manager,7036.0,Information,-0.9837770838431125,1,NORMAL
12/10/2016 8:23:48 PM,unknown,unknown,system,Service Control Manager,7036.0,Information,-0.9846945781047693,1,NORMAL
12/10/2016 8:22:47 PM,unknown,unknown,system,Service Control Manager,7036.0,Information,-0.9823488733265061,1,NORMAL
12/10/2016 8:22:16 PM,unknown,unknown,system,Service Control Manager,7036.0,Information,-0.9823488733265061,1,NORMAL
12/10/2016 8:16:46 PM,unknown,unknown,system,Service Control Manager,7036.0,Information,-1.1002760036540613,1,NORMAL
12/10/2016 8:07:46 PM,unknown,unknown,system,Service Control Manager,7036.0,Information,-1.0065647398107282,1,NORMAL
12/10/2016 7:52:46 PM,unknown,unknown,system,Service Control Manager,7036.0,Information,-1.0146126648252125,1,NORMAL
12/10/2016 7:52:25 PM,unknown,unknown,system,Schannel,36888.0,Error,-1.0102705325578447,1,NORMAL
12/10/2016 7:52:25 PM,unknown,unknown,system,Schannel,36888.0,Error,-1.0102705325578447,1,NORMAL
12/10/2016 7:52:16 PM,unknown,unknown,system,Service Control Manager,7036.0,Information,-1.0146126648252125,1,NORMAL
12/10/2016 7:49:49 PM,unknown,unknown,system,Service Control Manager,7036.0,Information,-1.0735713843089294,1,NORMAL
12/10/2016 7:33:46 PM,unknown,unknown,system,Service Control Manager,7036.0,Information,-1.1699690353921302,-1,HIGH
12/10/2016 7:32:07 PM,unknown,unknown,system,Service Control Manager,7036.0,Information,-1.2171232284400961,-1,HIGH
