12/13/2016 4:25:17 AM,unknown,unknown,system,Microsoft-Windows-WindowsUpdateClient,43.0,Information,-1.2823264512415165,-1,HIGH
12/13/2016 4:25:12 AM,unknown,unknown,system,Service Control Manager,7040.0,Information,-1.0,1,NORMAL
12/13/2016 4:25:12 AM,unknown,unknown,system,Service Control Manager,7040.0,Information,-1.0,1,NORMAL
12/13/2016 4:25:12 AM,unknown,unknown,system,Service Control Manager,7036.0,Information,-2.997862374666406,-1,HIGH
12/13/2016 4:25:12 AM,unknown,unknown,system,Service Control Manager,7040.0,Information,-1.0,1,NORMAL
12/13/2016 4:25:11 AM,unknown,unknown,system,Service Control Manager,7040.0,Information,-1.0,1,NORMAL
12/13/2016 4:25:10 AM,unknown,unknown,system,Service Control Manager,7040.0,Information,-1.0,1,NORMAL
12/13/2016 4:25:10 AM,unknown,unknown,system,Service Control Manager,7040.0,Information,-1.0,1,NORMAL
12/13/2016 4:25:01 AM,unknown,unknown,system,Service Control Manager,7040.0,Information,-1.0,1,NORMAL
12/13/2016 4:25:01 AM,unknown,unknown,system,Service Control Manager,7036.0,Information,-2.8931903193654427,-1,HIGH
12/13/2016 4:25:01 AM,unknown,unknown,system,Service Control Manager,7036.0,Information,-3.140422491802949,-1,HIGH
12/13/2016 4:25:01 AM,unknown,unknown,system,Service Control Manager,7036.0,Information,-2.981419909269893,-1,HIGH
12/13/2016 4:25:01 AM,unknown,unknown,system,Service Control Manager,7036.0,Information,-2.437336342635679,-1,HIGH
12/13/2016 4:25:01 AM,unknown,unknown,system,Service Control Manager,7036.0,Information,-1.0095344402689514,1,NORMAL
12/13/2016 4:25:01 AM,unknown,unknown,system,Service Control Manager,7036.0,Information,-3.074945015684424,-1,HIGH
12/13/2016 4:23:46 AM,unknown,unknown,system,Service Control Manager,7036.0,Information,-2.847216241505373,-1,HIGH
12/13/2016 4:23:05 AM,unknown,unknown,system,Service Control Manager,7036.0,Information,-2.9637724408302004,-1,HIGH
12/13/2016 4:22:35 AM,unknown,unknown,system,Service Control Manager,7036.0,Information,-2.382117528889088,-1,HIGH
12/13/2016 4:14:24 AM,unknown,unknown,system,Service Control Manager,7036.0,Information,-1.0615409071594275,1,NORMAL
12/13/2016 3:57:26 AM,unknown,unknown,system,Service Control Manager,7036.0,Information,-1.254580540486457,-1,HIGH
12/13/2016 3:53:05 AM,unknown,unknown,system,Service Control Manager,7036.0,Information,-1.0593026718772323,1,NORMAL
12/13/2016 3:52:35 AM,unknown,unknown,system,Service Control Manager,7036.0,Information,-1.0755716286004142,1,NORMAL
12/13/2016 3:47:24 AM,unknown,unknown,system,Service Control Manager,7036.0,Information,-1.110368581996098,-1,HIGH
12/13/2016 3:47:24 AM,unknown,unknown,system,Service Control Manager,7036.0,Information,-1.116962844378633,-1,HIGH
12/13/2016 3:43:46 AM,unknown,unknown,system,Service Control Manager,7036.0,Information,-0.9827448743237772,1,NORMAL
12/13/2016 3:23:05 AM,unknown,unknown,system,Service Control Manager,7036.0,Information,-3.020848928256638,-1,HIGH
12/13/2016 3:22:35 AM,unknown,unknown,system,Service Control Manager,7036.0,Information,-2.2823033419716534,-1,HIGH
12/13/2016 2:59:08 AM,unknown,unknown,system,Service Control Manager,7036.0,Information,-792189058.3105109,-1,HIGH
12/13/2016 2:53:05 AM,unknown,unknown,system,Service Control Manager,7036.0,Information,-1.1618978586203972,-1,HIGH
12/13/2016 2:52:34 AM,unknown,unknown,system,Service Control Manager,7036.0,Information,-1.1318313748926438,-1,HIGH
12/13/2016 2:46:08 AM,unknown,unknown,system,Service Control Manager,7036.0,Information,-1.114591272449491,-1,HIGH
12/13/2016 2:29:10 AM,unknown,unknown,system,Service Control Manager,7036.0,Information,-2583126220.0168285,-1,HIGH
12/13/2016 2:23:05 AM,unknown,unknown,system,Service Control Manager,7036.0,Information,-2.641916203095943,-1,HIGH
12/13/2016 2:22:34 AM,unknown,unknown,system,Service Control Manager,7036.0,Information,-2.2112768243381073,-1,HIGH
12/13/2016 2:19:08 AM,unknown,unknown,system,Service Control Manager,7036.0,Information,-1.1446989067496487,-1,HIGH
12/13/2016 2:19:08 AM,unknown,unknown,system,Service Control Manager,7036.0,Information,-1.220984661687885,-1,HIGH
12/13/2016 2:19:08 AM,unknown,unknown,system,Service Control Manager,7036.0,Information,-1.1440975931776243,-1,HIGH
12/13/2016 2:00:42 AM,unknown,unknown,system,Service Control Manager,7036.0,Information,-1.4317042750017563,-1,HIGH
12/13/2016 1:53:05 AM,unknown,unknown,system,Service Control Manager,7036.0,Information,-1.253354164324163,-1,HIGH
12/13/2016 1:52:34 AM,unknown,unknown,system,Service Control Manager,7036.0,Information,-1.176680303896974,-1,HIGH
12/13/2016 1:47:42 AM,unknown,unknown,system,Service Control Manager,7036.0,Information,-1.1340289164026636,-1,HIGH
12/13/2016 1:23:04 AM,unknown,unknown,system,Service Control Manager,7036.0,Information,-2.1709227322211495,-1,HIGH
12/13/2016 1:22:34 AM,unknown,unknown,system,Service Control Manager,7036.0,Information,-1.8973482585387256,-1,HIGH
12/13/2016 1:20:42 AM,unknown,unknown,system,Service Control Manager,7036.0,Information,-1.3020493848497312,-1,HIGH
12/13/2016 1:20:42 AM,unknown,unknown,system,Service Control Manager,7036.0,Information,-1.2581373254102568,-1,HIGH
12/13/2016 1:20:42 AM,unknown,unknown,system,Service Control Manager,7036.0,Information,-1.306856620300245,-1,HIGH
12/13/2016 1:20:41 AM,unknown,unknown,system,Service Control Manager,7036.0,Information,-1.3020493848497312,-1,HIGH
12/13/2016 1:15:05 AM,unknown,unknown,system,Service Control Manager,7036.0,Information,-1.099572997251962,1,NORMAL
12/13/2016 1:02:05 AM,unknown,unknown,system,Service Control Manager,7036.0,Information,-1.2808743814918062,-1,HIGH
12/13/2016 12:53:04 AM,unknown,unknown,system,Service Control Manager,7036.0,Information,-1.201280233817467,-1,HIGH
12/13/2016 12:52:34 AM,unknown,unknown,system,Service Control Manager,7036.0,Information,-1.1939764036803189,-1,HIGH
12/13/2016 12:45:07 AM,unknown,unknown,system,Service Control Manager,7036.0,Information,-1.1375475204870087,-1,HIGH
12/13/2016 12:35:05 AM,unknown,unknown,system,Service Control Manager,7036.0,Information,-1.1578719693414243,-1,HIGH
12/13/2016 12:35:05 AM,unknown,unknown,system,Service Control Manager,7036.0,Information,-1.1668796585361332,-1,HIGH
12/13/2016 12:35:05 AM,unknown,unknown,system,Service Control Manager,7036.0,Information,-1.1563731922758824,-1,HIGH
12/13/2016 12:23:04 AM,unknown,unknown,system,Service Control Manager,7036.0,Information,-1.182549394514102,-1,HIGH
12/13/2016 12:22:34 AM,unknown,unknown,system,Service Control Manager,7036.0,Information,-1.1479073931773416,-1,HIGH
12/13/2016 12:00:40 AM,unknown,unknown,system,Service Control Manager,7036.0,Information,-1.3806849028126984,-1,HIGH
12/12/2016 11:53:04 PM,unknown,unknown,system,Service Control Manager,7036.0,Information,-1.1583771394971487,-1,HIGH
12/12/2016 11:52:34 PM,unknown,unknown,system,Service Control Manager,7036.0,Information,-1.1728039281915117,-1,HIGH
12/12/2016 11:34:10 PM,unknown,unknown,system,Service Control Manager,7036.0,Information,-1.2113187856973928,-1,HIGH
12/12/2016 11:28:25 PM,unknown,unknown,system,Schannel,36888.0,Error,-1.086876606800779,1,NORMAL
12/12/2016 11:28:25 PM,unknown,unknown,system,Schannel,36888.0,Error,-1.086876606800779,1,NORMAL
12/12/2016 11:23:04 PM,unknown,unknown,system,Service Control Manager,7036.0,Information,-1.1174538903770301,-1,HIGH
12/12/2016 11:22:33 PM,unknown,unknown,system,Service Control Manager,7036.0,Information,-1.1439169479770839,-1,HIGH
12/12/2016 11:15:42 PM,unknown,unknown,system,Service Control Manager,7036.0,Information,-1.1336179793217154,-1,HIGH
12/12/2016 11:05:40 PM,unknown,unknown,system,Service Control Manager,7036.0,Information,-1.148811843760468,-1,HIGH
12/12/2016 11:05:40 PM,unknown,unknown,system,Service Control Manager,7036.0,Information,-1.157462708296129,-1,HIGH
12/12/2016 11:05:40 PM,unknown,unknown,system,Service Control Manager,7036.0,Information,-1.1477038866472906,-1,HIGH
12/12/2016 11:03:46 PM,unknown,unknown,system,Service Control Manager,7036.0,Information,-1.2671050053459292,-1,HIGH
12/12/2016 10:53:03 PM,unknown,unknown,system,Service Control Manager,7036.0,Information,-1.1053620182741215,-1,HIGH
12/12/2016 10:52:33 PM,unknown,unknown,system,Service Control Manager,7036.0,Information,-1.1166565239455886,-1,HIGH
12/12/2016 10:43:46 PM,unknown,unknown,system,Service Control Manager,7036.0,Information,-1.006977763660796,1,NORMAL
12/12/2016 10:32:33 PM,unknown,unknown,system,Service Control Manager,7036.0,Information,-1.2067401364755472,-1,HIGH
12/12/2016 10:23:03 PM,unknown,unknown,system,Service Control Manager,7036.0,Information,-1.086925193992343,1,NORMAL
12/12/2016 10:22:33 PM,unknown,unknown,system,Service Control Manager,7036.0,Information,-1.1250308581395898,-1,HIGH
12/12/2016 10:20:09 PM,unknown,unknown,system,Service Control Manager,7036.0,Information,-1.1279617568628078,-1,HIGH
12/12/2016 10:03:11 PM,unknown,unknown,system,Service Control Manager,7036.0,Information,-1.16174082118026,-1,HIGH
12/12/2016 9:53:09 PM,unknown,unknown,system,Service Control Manager,7036.0,Information,-1.0818288338271396,1,NORMAL
12/12/2016 9:53:09 PM,unknown,unknown,system,Service Control Manager,7036.0,Information,-1.0814287583909827,1,NORMAL
12/12/2016 9:53:03 PM,unknown,unknown,system,Service Control Manager,7036.0,Information,-1.080841147667443,1,NORMAL
12/12/2016 9:52:33 PM,unknown,unknown,system,Service Control Manager,7036.0,Information,-1.0815454803138678,1,NORMAL
12/12/2016 9:43:46 PM,unknown,unknown,system,Service Control Manager,7036.0,Information,-0.9752732509708589,1,NORMAL
12/12/2016 9:32:46 PM,unknown,unknown,system,Schannel,36888.0,Error,-1.0552205633454692,1,NORMAL
12/12/2016 9:32:46 PM,unknown,unknown,system,Schannel,36888.0,Error,-1.0552205633454692,1,NORMAL
12/12/2016 9:25:25 PM,unknown,unknown,system,Service Control Manager,7036.0,Information,-1.0783594384153425,1,NORMAL
12/12/2016 9:23:03 PM,unknown,unknown,system,Service Control Manager,7036.0,Information,-1.0740836814263692,1,NORMAL
12/12/2016 9:22:33 PM,unknown,unknown,system,Service Control Manager,7036.0,Information,-1.0932822918372822,1,NORMAL
12/12/2016 9:14:26 PM,unknown,unknown,system,Service Control Manager,7036.0,Information,-1.032411859823387,1,NORMAL
12/12/2016 8:57:28 PM,unknown,unknown,system,Service Control Manager,7036.0,Information,-1.0849002214582915,1,NORMAL
12/12/2016 8:53:03 PM,unknown,unknown,system,Service Control Manager,7036.0,Information,-1.0549554123784934,1,NORMAL
12/12/2016 8:52:33 PM,unknown,unknown,system,Service Control Manager,7036.0,Information,-1.0689381843972603,1,NORMAL
12/12/2016 8:47:26 PM,unknown,unknown,system,Service Control Manager,7036.0,Information,-1.0516042117074467,1,NORMAL
12/12/2016 8:47:26 PM,unknown,unknown,system,Service Control Manager,7036.0,Information,-1.04256327181272,1,NORMAL
12/12/2016 8:47:25 PM,unknown,unknown,system,Service Control Manager,7036.0,Information,-1.0516042117074467,1,NORMAL
12/12/2016 8:23:03 PM,unknown,unknown,system,Service Control Manager,7036.0,Information,-1.037940529695082,1,NORMAL
12/12/2016 8:22:32 PM,unknown,unknown,system,Service Control Manager,7036.0,Information,-1.0436672546517294,1,NORMAL
12/12/2016 8:20:25 PM,unknown,unknown,system,Service Control Manager,7036.0,Information,-1.066381102713172,1,NORMAL
12/12/2016 8:20:25 PM,unknown,unknown,system,Service Control Manager,7036.0,Information,-1.0664161370713996,1,NORMAL
12/12/2016 8:20:25 PM,unknown,unknown,system,Service Control Manager,7036.0,Information,-1.0688079315829895,1,NORMAL
12/12/2016 8:20:25 PM,unknown,unknown,system,Service Control Manager,7036.0,Information,-1.066381102713172,1,NORMAL
12/12/2016 8:05:48 PM,unknown,unknown,system,Service Control Manager,7036.0,Information,-1.0241222583811405,1,NORMAL
12/12/2016 7:53:03 PM,unknown,unknown,system,Service Control Manager,7036.0,Information,-1.0505107655836199,1,NORMAL
12/12/2016 7:52:48 PM,unknown,unknown,system,Service Control Manager,7036.0,Information,-1.0713049785861002,1,NORMAL
12/12/2016 7:52:32 PM,unknown,unknown,system,Service Control Manager,7036.0,Information,-1.0718417820814166,1,NORMAL
12/12/2016 7:35:50 PM,unknown,unknown,system,Service Control Manager,7036.0,Information,-1.0480609356203971,1,NORMAL
12/12/2016 7:25:48 PM,unknown,unknown,system,Service Control Manager,7036.0,Information,-1.0246222079460936,1,NORMAL
12/12/2016 7:25:48 PM,unknown,unknown,system,Service Control Manager,7036.0,Information,-1.0245174537931683,1,NORMAL
12/12/2016 7:25:48 PM,unknown,unknown,system,Service Control Manager,7036.0,Information,-1.0244398051281072,1,NORMAL
12/12/2016 7:23:02 PM,unknown,unknown,system,Service Control Manager,7036.0,Information,-1.022903105024732,1,NORMAL
12/12/2016 7:22:32 PM,unknown,unknown,system,Service Control Manager,7036.0,Information,-1.0268928161355397,1,NORMAL
12/12/2016 7:03:46 PM,unknown,unknown,system,Service Control Manager,7036.0,Information,-1.1480778885929732,-1,HIGH
12/12/2016 6:53:02 PM,unknown,unknown,system,Service Control Manager,7036.0,Information,-1.0861607071147,1,NORMAL
12/12/2016 6:52:32 PM,unknown,unknown,system,Service Control Manager,7036.0,Information,-1.0699088552532563,1,NORMAL
12/12/2016 6:43:46 PM,unknown,unknown,system,Service Control Manager,7036.0,Information,-1.0048781792910777,1,NORMAL
12/12/2016 6:23:02 PM,unknown,unknown,system,Service Control Manager,7036.0,Information,-1.0026795672281474,1,NORMAL
12/12/2016 6:22:47 PM,unknown,unknown,system,Service Control Manager,7036.0,Information,-1.004304999848473,1,NORMAL
12/12/2016 6:22:32 PM,unknown,unknown,system,Service Control Manager,7036.0,Information,-1.0038945971699083,1,NORMAL
12/12/2016 6:09:47 PM,unknown,unknown,system,Service Control Manager,7036.0,Information,-0.9933180586495548,1,NORMAL
12/12/2016 5:53:02 PM,unknown,unknown,system,Service Control Manager,7036.0,Information,-1.1067236779900687,-1,HIGH
12/12/2016 5:52:49 PM,unknown,unknown,system,Service Control Manager,7036.0,Information,-1.1631293760011063,-1,HIGH
12/12/2016 5:52:32 PM,unknown,unknown,system,Service Control Manager,7036.0,Information,-1.1628195110715687,-1,HIGH
12/12/2016 5:42:47 PM,unknown,unknown,system,Service Control Manager,7036.0,Information,-0.9987311246568198,1,NORMAL
12/12/2016 5:42:47 PM,unknown,unknown,system,Service Control Manager,7036.0,Information,-1.003904141121544,1,NORMAL
12/12/2016 5:42:47 PM,unknown,unknown,system,Service Control Manager,7036.0,Information,-1.0020322232310446,1,NORMAL
12/12/2016 5:23:02 PM,unknown,unknown,system,Service Control Manager,7036.0,Information,-1.002907020102249,1,NORMAL
12/12/2016 5:22:31 PM,unknown,unknown,system,Service Control Manager,7036.0,Information,-1.002638280679597,1,NORMAL
12/12/2016 5:13:04 PM,unknown,unknown,system,Schannel,36888.0,Error,-1.0415022833819536,1,NORMAL
12/12/2016 5:13:04 PM,unknown,unknown,system,Schannel,36888.0,Error,-1.0415022833819536,1,NORMAL
12/12/2016 5:08:45 PM,unknown,unknown,system,Service Control Manager,7036.0,Information,-0.9873300301809401,1,NORMAL
12/12/2016 4:55:45 PM,unknown,unknown,system,Service Control Manager,7036.0,Information,-1.0767071765221,1,NORMAL
12/12/2016 4:53:02 PM,unknown,unknown,system,Service Control Manager,7036.0,Information,-1.0729030945053444,1,NORMAL
12/12/2016 4:52:31 PM,unknown,unknown,system,Service Control Manager,7036.0,Information,-1.1515590436155108,-1,HIGH
12/12/2016 4:38:47 PM,unknown,unknown,system,Service Control Manager,7036.0,Information,-0.9916116829271944,1,NORMAL
12/12/2016 4:30:51 PM,unknown,unknown,system,Schannel,36888.0,Error,-1.0168649224411377,1,NORMAL
12/12/2016 4:30:51 PM,unknown,unknown,system,Schannel,36888.0,Error,-1.0168649224411377,1,NORMAL
12/12/2016 4:28:45 PM,unknown,unknown,system,Service Control Manager,7036.0,Information,-1.0219003998104974,1,NORMAL
12/12/2016 4:28:45 PM,unknown,unknown,system,Service Control Manager,7036.0,Information,-1.0253075199609385,1,NORMAL
12/12/2016 4:28:45 PM,unknown,unknown,system,Service Control Manager,7036.0,Information,-1.0217205045478537,1,NORMAL
12/12/2016 4:23:01 PM,unknown,unknown,system,Service Control Manager,7036.0,Information,-1.007503949644357,1,NORMAL
12/12/2016 4:22:31 PM,unknown,unknown,system,Service Control Manager,7036.0,Information,-1.0023577855016226,1,NORMAL
12/12/2016 4:08:46 PM,unknown,unknown,system,Service Control Manager,7036.0,Information,-0.9931349582055407,1,NORMAL
12/12/2016 3:54:01 PM,unknown,unknown,system,Service Control Manager,7036.0,Information,-1.0615437264308136,1,NORMAL
12/12/2016 3:53:01 PM,unknown,unknown,system,Service Control Manager,7036.0,Information,-1.056557854200411,1,NORMAL
12/12/2016 3:52:31 PM,unknown,unknown,system,Service Control Manager,7036.0,Information,-1.18027085488482,-1,HIGH
12/12/2016 3:35:40 PM,unknown,unknown,system,Service Control Manager,7036.0,Information,-1.0575032153510353,1,NORMAL
12/12/2016 3:25:38 PM,unknown,unknown,system,Service Control Manager,7036.0,Information,-1.011050675294615,1,NORMAL
12/12/2016 3:23:01 PM,unknown,unknown,system,Service Control Manager,7036.0,Information,-1.0073959827180712,1,NORMAL
12/12/2016 3:22:31 PM,unknown,unknown,system,Service Control Manager,7036.0,Information,-1.0043157729849754,1,NORMAL
12/12/2016 3:20:26 PM,unknown,unknown,system,Service Control Manager,7036.0,Information,-1.0494071023875426,1,NORMAL
12/12/2016 3:20:25 PM,unknown,unknown,system,Service Control Manager,7036.0,Information,-1.0494071023875426,1,NORMAL
12/12/2016 3:00:00 PM,unknown,unknown,system,Service Control Manager,7036.0,Information,-1.5119273895210525,-1,HIGH
12/12/2016 2:53:01 PM,unknown,unknown,system,Service Control Manager,7036.0,Information,-1.0741255174309499,1,NORMAL
12/12/2016 2:52:31 PM,unknown,unknown,system,Service Control Manager,7036.0,Information,-1.110251376295608,-1,HIGH
12/12/2016 2:43:46 PM,unknown,unknown,system,Service Control Manager,7036.0,Information,-0.9996463196398513,1,NORMAL
12/12/2016 2:28:46 PM,unknown,unknown,system,Service Control Manager,7036.0,Information,-1.029307933596035,1,NORMAL
12/12/2016 2:23:01 PM,unknown,unknown,system,Service Control Manager,7036.0,Information,-1.011245728715405,1,NORMAL
12/12/2016 2:22:30 PM,unknown,unknown,system,Service Control Manager,7036.0,Information,-1.010415441569857,1,NORMAL
12/12/2016 2:18:00 PM,unknown,unknown,system,Service Control Manager,7036.0,Information,-1.1025931599955965,1,NORMAL
12/12/2016 2:01:02 PM,unknown,unknown,system,Service Control Manager,7036.0,Information,-1.3996114807499598,-1,HIGH
12/12/2016 1:56:54 PM,unknown,unknown,system,Schannel,36888.0,Error,-1.096473735633867,1,NORMAL
12/12/2016 1:56:53 PM,unknown,unknown,system,Schannel,36888.0,Error,-1.096473735633867,1,NORMAL
12/12/2016 1:53:01 PM,unknown,unknown,system,Service Control Manager,7036.0,Information,-1.0684321848913634,1,NORMAL
12/12/2016 1:52:30 PM,unknown,unknown,system,Service Control Manager,7036.0,Information,-1.0571973870453002,1,NORMAL
12/12/2016 1:51:00 PM,unknown,unknown,system,Service Control Manager,7036.0,Information,-1.0624260127597642,1,NORMAL
12/12/2016 1:51:00 PM,unknown,unknown,system,Service Control Manager,7036.0,Information,-1.071969858721957,1,NORMAL
12/12/2016 1:43:46 PM,unknown,unknown,system,Service Control Manager,7036.0,Information,-1.008927892679094,1,NORMAL
12/12/2016 1:23:46 PM,unknown,unknown,system,Service Control Manager,7036.0,Information,-1.0154843870016597,1,NORMAL
12/12/2016 1:23:01 PM,unknown,unknown,system,Service Control Manager,7036.0,Information,-1.0152505278913686,1,NORMAL
12/12/2016 1:22:30 PM,unknown,unknown,system,Service Control Manager,7036.0,Information,-1.0169643115085814,1,NORMAL
12/12/2016 1:12:19 PM,unknown,unknown,system,Service Control Manager,7036.0,Information,-1.0110632589751898,1,NORMAL
12/12/2016 12:55:21 PM,unknown,unknown,system,Service Control Manager,7036.0,Information,-1.0489687906489926,1,NORMAL
12/12/2016 12:53:00 PM,unknown,unknown,system,Service Control Manager,7036.0,Information,-1.0516185336733965,1,NORMAL
12/12/2016 12:52:30 PM,unknown,unknown,system,Service Control Manager,7036.0,Information,-1.0476130369494043,1,NORMAL
12/12/2016 12:45:19 PM,unknown,unknown,system,Service Control Manager,7036.0,Information,-1.096838635879105,1,NORMAL
12/12/2016 12:45:19 PM,unknown,unknown,system,Service Control Manager,7036.0,Information,-1.088261360314742,1,NORMAL
12/12/2016 12:43:46 PM,unknown,unknown,system,Service Control Manager,7036.0,Information,-1.0099121950739565,1,NORMAL
12/12/2016 12:23:00 PM,unknown,unknown,system,Service Control Manager,7036.0,Information,-1.0115894038168771,1,NORMAL
12/12/2016 12:22:30 PM,unknown,unknown,system,Service Control Manager,7036.0,Information,-1.0197608491965031,1,NORMAL
12/12/2016 12:01:44 PM,unknown,unknown,system,Service Control Manager,7036.0,Information,-1.3335780282439869,-1,HIGH
12/12/2016 12:00:00 PM,unknown,unknown,system,EventLog,6013.0,Information,-1.0359317453451293,1,NORMAL
12/12/2016 11:53:00 AM,unknown,unknown,system,Service Control Manager,7036.0,Information,-1.035321024865553,1,NORMAL
12/12/2016 11:52:30 AM,unknown,unknown,system,Service Control Manager,7036.0,Information,-1.0421813256489267,1,NORMAL
12/12/2016 11:38:44 AM,unknown,unknown,system,Service Control Manager,7036.0,Information,-0.9946577848153473,1,NORMAL
12/12/2016 11:31:47 AM,unknown,unknown,system,Service Control Manager,7036.0,Information,-1.2087317148820795,-1,HIGH
12/12/2016 11:23:00 AM,unknown,unknown,system,Service Control Manager,7036.0,Information,-1.0134348404571896,1,NORMAL
12/12/2016 11:22:29 AM,unknown,unknown,system,Service Control Manager,7036.0,Information,-1.01585478195076,1,NORMAL
12/12/2016 11:13:55 AM,unknown,unknown,system,Service Control Manager,7040.0,Information,-1.1790603446695354,-1,HIGH
12/12/2016 11:11:44 AM,unknown,unknown,system,Service Control Manager,7036.0,Information,-0.9760057413495143,1,NORMAL
12/12/2016 11:11:44 AM,unknown,unknown,system,Service Control Manager,7036.0,Information,-0.9925690414598843,1,NORMAL
12/12/2016 11:11:44 AM,unknown,unknown,system,Service Control Manager,7036.0,Information,-0.9760692654067776,1,NORMAL
12/12/2016 11:04:14 AM,unknown,unknown,system,Service Control Manager,7036.0,Information,-1.1032894522909251,-1,HIGH
12/12/2016 10:53:00 AM,unknown,unknown,system,Service Control Manager,7036.0,Information,-1.0449385752657687,1,NORMAL
12/12/2016 10:52:29 AM,unknown,unknown,system,Service Control Manager,7036.0,Information,-1.0391247825297747,1,NORMAL
12/12/2016 10:48:02 AM,unknown,unknown,system,Service Control Manager,7036.0,Information,-1.1221399629198858,-1,HIGH
12/12/2016 10:30:50 AM,unknown,unknown,system,Service Control Manager,7036.0,Information,-1.1667105865195613,-1,HIGH
12/12/2016 10:23:00 AM,unknown,unknown,system,Service Control Manager,7036.0,Information,-1.0109489914129963,1,NORMAL
12/12/2016 10:22:29 AM,unknown,unknown,system,Service Control Manager,7036.0,Information,-1.0112024035875473,1,NORMAL
12/12/2016 10:18:27 AM,unknown,unknown,system,Service Control Manager,7036.0,Information,-1.0408823059382484,1,NORMAL
12/12/2016 10:16:31 AM,unknown,unknown,system,Microsoft-Windows-WindowsUpdateClient,17.0,Information,-4.7219798628211676,-1,HIGH
,unknown,unknown,system,,,- Cumulative Security Update for Internet Explorer 11 for Windows Server 2012 R2 (KB3185319),-1.0,1,NORMAL
12/12/2016 10:16:20 AM,unknown,unknown,system,Service Control Manager,7036.0,Information,-1.0687690591845505,1,NORMAL
12/12/2016 10:15:39 AM,unknown,unknown,system,Service Control Manager,7036.0,Information,-1.032000739008852,1,NORMAL
12/12/2016 10:13:33 AM,unknown,unknown,system,Service Control Manager,7040.0,Information,-1.0868909440248986,1,NORMAL
12/12/2016 10:12:10 AM,unknown,unknown,system,Service Control Manager,7040.0,Information,-1.0512108304253636,1,NORMAL
12/12/2016 10:11:53 AM,unknown,unknown,system,Microsoft-Windows-WindowsUpdateClient,44.0,Information,-2.4541312994605455,-1,HIGH
12/12/2016 10:11:52 AM,unknown,unknown,system,Service Control Manager,7036.0,Information,-0.9841198559695021,1,NORMAL
12/12/2016 10:11:48 AM,unknown,unknown,system,Service Control Manager,7040.0,Information,-1.1293938124212957,-1,HIGH
12/12/2016 10:11:22 AM,unknown,unknown,system,Service Control Manager,7036.0,Information,-0.9841198559695021,1,NORMAL
12/12/2016 10:11:20 AM,unknown,unknown,system,Service Control Manager,7036.0,Information,-0.9848034253017639,1,NORMAL
12/12/2016 10:01:32 AM,unknown,unknown,system,Service Control Manager,7036.0,Information,-1.3011352319845486,-1,HIGH
12/12/2016 10:01:32 AM,unknown,unknown,system,Service Control Manager,7036.0,Information,-1.310525536935301,-1,HIGH
12/12/2016 10:01:32 AM,unknown,unknown,system,Service Control Manager,7036.0,Information,-1.29957762609542,-1,HIGH
12/12/2016 9:58:46 AM,unknown,unknown,system,Service Control Manager,7036.0,Information,-1.094041700777393,1,NORMAL
12/12/2016 9:52:59 AM,unknown,unknown,system,Service Control Manager,7036.0,Information,-1.073322384281355,1,NORMAL
12/12/2016 9:52:29 AM,unknown,unknown,system,Service Control Manager,7036.0,Information,-1.073322384281355,1,NORMAL
12/12/2016 9:47:36 AM,unknown,unknown,system,Service Control Manager,7036.0,Information,-1.125150785419565,-1,HIGH
12/12/2016 9:22:59 AM,unknown,unknown,system,Service Control Manager,7036.0,Information,-1.0074652067787908,1,NORMAL
12/12/2016 9:22:29 AM,unknown,unknown,system,Service Control Manager,7036.0,Information,-1.0074652067787908,1,NORMAL
12/12/2016 9:20:36 AM,unknown,unknown,system,Service Control Manager,7036.0,Information,-1.0194957610367434,1,NORMAL
12/12/2016 9:20:36 AM,unknown,unknown,system,Service Control Manager,7036.0,Information,-1.020379340999345,1,NORMAL
12/12/2016 9:20:36 AM,unknown,unknown,system,Service Control Manager,7036.0,Information,-1.0194957610367434,1,NORMAL
12/12/2016 9:16:19 AM,unknown,unknown,system,Service Control Manager,7036.0,Information,-1.0697655761887939,1,NORMAL
12/12/2016 8:59:22 AM,unknown,unknown,system,Service Control Manager,7036.0,Information,-1.1053626569933532,-1,HIGH
12/12/2016 8:52:59 AM,unknown,unknown,system,Service Control Manager,7036.0,Information,-1.102120770813015,1,NORMAL
12/12/2016 8:52:29 AM,unknown,unknown,system,Service Control Manager,7036.0,Information,-1.102120770813015,1,NORMAL
12/12/2016 8:49:19 AM,unknown,unknown,system,Service Control Manager,7036.0,Information,-1.1423130974624736,-1,HIGH
12/12/2016 8:49:19 AM,unknown,unknown,system,Service Control Manager,7036.0,Information,-1.139276634923234,-1,HIGH
12/12/2016 8:43:46 AM,unknown,unknown,system,Service Control Manager,7036.0,Information,-1.0053248761684075,1,NORMAL
12/12/2016 8:22:59 AM,unknown,unknown,system,Service Control Manager,7036.0,Information,-1.0132758995528222,1,NORMAL
12/12/2016 8:22:28 AM,unknown,unknown,system,Service Control Manager,7036.0,Information,-1.0132758995528222,1,NORMAL
12/12/2016 8:03:33 AM,unknown,unknown,system,Schannel,36888.0,Error,-1.045303154391367,1,NORMAL
12/12/2016 8:03:33 AM,unknown,unknown,system,Schannel,36888.0,Error,-1.045303154391367,1,NORMAL
12/12/2016 8:01:21 AM,unknown,unknown,system,Service Control Manager,7036.0,Information,-1.2671939030369657,-1,HIGH
12/12/2016 7:52:59 AM,unknown,unknown,system,Service Control Manager,7036.0,Information,-1.0863647430041017,1,NORMAL
12/12/2016 7:52:28 AM,unknown,unknown,system,Service Control Manager,7036.0,Information,-1.0863647430041017,1,NORMAL
12/12/2016 7:34:51 AM,unknown,unknown,system,Service Control Manager,7036.0,Information,-1.0993263175441734,1,NORMAL
12/12/2016 7:22:58 AM,unknown,unknown,system,Service Control Manager,7036.0,Information,-1.0172143840999928,1,NORMAL
12/12/2016 7:22:28 AM,unknown,unknown,system,Service Control Manager,7036.0,Information,-1.0172143840999928,1,NORMAL
12/12/2016 7:16:24 AM,unknown,unknown,system,Service Control Manager,7036.0,Information,-1.0862733842722294,1,NORMAL
12/12/2016 7:06:21 AM,unknown,unknown,system,Service Control Manager,7036.0,Information,-1.026940592793329,1,NORMAL
12/12/2016 7:06:21 AM,unknown,unknown,system,Service Control Manager,7036.0,Information,-1.0378556369744236,1,NORMAL
12/12/2016 7:06:21 AM,unknown,unknown,system,Service Control Manager,7036.0,Information,-1.027188042472624,1,NORMAL
12/12/2016 7:03:46 AM,unknown,unknown,system,Service Control Manager,7036.0,Information,-1.1742289268201325,-1,HIGH
12/12/2016 6:52:58 AM,unknown,unknown,system,Service Control Manager,7036.0,Information,-1.1094143083269166,-1,HIGH
12/12/2016 6:52:28 AM,unknown,unknown,system,Service Control Manager,7036.0,Information,-1.1094143083269166,-1,HIGH
12/12/2016 6:43:46 AM,unknown,unknown,system,Service Control Manager,7036.0,Information,-1.0030348281547037,1,NORMAL
12/12/2016 6:22:58 AM,unknown,unknown,system,Service Control Manager,7036.0,Information,-1.0166877646221186,1,NORMAL
12/12/2016 6:22:28 AM,unknown,unknown,system,Service Control Manager,7036.0,Information,-1.0166877646221186,1,NORMAL
12/12/2016 6:17:37 AM,unknown,unknown,system,Schannel,36888.0,Error,-0.994348005932568,1,NORMAL
12/12/2016 6:17:37 AM,unknown,unknown,system,Schannel,36888.0,Error,-0.994348005932568,1,NORMAL
12/12/2016 6:00:01 AM,unknown,unknown,system,Service Control Manager,7036.0,Information,-1.4584397371338271,-1,HIGH
12/12/2016 5:52:58 AM,unknown,unknown,system,Service Control Manager,7036.0,Information,-1.2232913561636034,-1,HIGH
12/12/2016 5:52:28 AM,unknown,unknown,system,Service Control Manager,7036.0,Information,-1.2232913561636034,-1,HIGH
12/12/2016 5:47:01 AM,unknown,unknown,system,Service Control Manager,7036.0,Information,-1.1159332762916923,-1,HIGH
12/12/2016 5:30:03 AM,unknown,unknown,system,Service Control Manager,7036.0,Information,-1.166643273782981,-1,HIGH
12/12/2016 5:22:58 AM,unknown,unknown,system,Service Control Manager,7036.0,Information,-1.0079356408366305,1,NORMAL
12/12/2016 5:22:27 AM,unknown,unknown,system,Service Control Manager,7036.0,Information,-1.0079356408366305,1,NORMAL
12/12/2016 5:21:39 AM,unknown,unknown,system,Schannel,36888.0,Error,-0.9874937168309734,1,NORMAL
12/12/2016 5:21:39 AM,unknown,unknown,system,Schannel,36888.0,Error,-0.9874937168309734,1,NORMAL
12/12/2016 5:20:01 AM,unknown,unknown,system,Service Control Manager,7036.0,Information,-1.066444484281977,1,NORMAL
12/12/2016 5:20:01 AM,unknown,unknown,system,Service Control Manager,7036.0,Information,-1.0676477456779714,1,NORMAL
12/12/2016 5:20:01 AM,unknown,unknown,system,Service Control Manager,7036.0,Information,-1.0659608213531653,1,NORMAL
12/12/2016 5:02:38 AM,unknown,unknown,system,Service Control Manager,7036.0,Information,-1.2790346103402248,-1,HIGH
12/12/2016 4:52:58 AM,unknown,unknown,system,Service Control Manager,7036.0,Information,-625159746.2327914,-1,HIGH
12/12/2016 4:52:27 AM,unknown,unknown,system,Service Control Manager,7036.0,Information,-625159746.2327914,-1,HIGH
12/12/2016 4:48:08 AM,unknown,unknown,system,Service Control Manager,7036.0,Information,-1.1267670986389193,-1,HIGH
12/12/2016 4:22:57 AM,unknown,unknown,system,Service Control Manager,7036.0,Information,-1.0128882329526987,1,NORMAL
12/12/2016 4:22:27 AM,unknown,unknown,system,Service Control Manager,7036.0,Information,-1.0128882329526987,1,NORMAL
12/12/2016 4:20:55 AM,unknown,unknown,system,Service Control Manager,7036.0,Information,-1.0277921381316648,1,NORMAL
12/12/2016 4:20:55 AM,unknown,unknown,system,Service Control Manager,7036.0,Information,-1.0277921381316648,1,NORMAL
12/12/2016 4:17:40 AM,unknown,unknown,system,Service Control Manager,7036.0,Information,-1.107604461284783,-1,HIGH
12/12/2016 4:07:38 AM,unknown,unknown,system,Service Control Manager,7036.0,Information,-0.9890550811318957,1,NORMAL
12/12/2016 4:07:38 AM,unknown,unknown,system,Service Control Manager,7036.0,Information,-0.9975088354262739,1,NORMAL
12/12/2016 4:07:38 AM,unknown,unknown,system,Service Control Manager,7036.0,Information,-0.9881580157844982,1,NORMAL
12/12/2016 4:03:46 AM,unknown,unknown,system,Service Control Manager,7036.0,Information,-1.1840086303655988,-1,HIGH
12/12/2016 3:52:57 AM,unknown,unknown,system,Service Control Manager,7036.0,Information,-1071110116.6982898,-1,HIGH
12/12/2016 3:52:27 AM,unknown,unknown,system,Service Control Manager,7036.0,Information,-1071110116.6982898,-1,HIGH
12/12/2016 3:43:46 AM,unknown,unknown,system,Service Control Manager,7036.0,Information,-1.0003048487666035,1,NORMAL
12/12/2016 3:31:14 AM,unknown,unknown,system,Service Control Manager,7036.0,Information,-1.1337255292962511,-1,HIGH
12/12/2016 3:22:57 AM,unknown,unknown,system,Service Control Manager,7036.0,Information,-1.0150674624694611,1,NORMAL
12/12/2016 3:22:27 AM,unknown,unknown,system,Service Control Manager,7036.0,Information,-1.0150674624694611,1,NORMAL
12/12/2016 3:13:14 AM,unknown,unknown,system,Service Control Manager,7036.0,Information,-1.0363942138495417,1,NORMAL
12/12/2016 2:55:23 AM,unknown,unknown,system,Service Control Manager,7036.0,Information,-1672355166.441271,-1,HIGH
12/12/2016 2:52:57 AM,unknown,unknown,system,Service Control Manager,7036.0,Information,-1709483375.8734891,-1,HIGH
12/12/2016 2:52:27 AM,unknown,unknown,system,Service Control Manager,7036.0,Information,-1709483375.8734891,-1,HIGH
12/12/2016 2:45:21 AM,unknown,unknown,system,Service Control Manager,7036.0,Information,-1.0685546688822336,1,NORMAL
12/12/2016 2:33:14 AM,unknown,unknown,system,Service Control Manager,7036.0,Information,-1.0777227003725394,1,NORMAL
12/12/2016 2:33:14 AM,unknown,unknown,system,Service Control Manager,7036.0,Information,-1.0704056505273085,1,NORMAL
12/12/2016 2:31:30 AM,unknown,unknown,system,Service Control Manager,7036.0,Information,-1.1750170669029956,-1,HIGH
12/12/2016 2:31:30 AM,unknown,unknown,system,Microsoft-Windows-Kernel-General,1.0,Information,-1.3864392124524074,-1,HIGH
12/12/2016 2:31:30 AM,unknown,unknown,system,Microsoft-Windows-Time-Service,35.0,Information,-4.626494439360347,-1,HIGH
12/12/2016 2:31:21 AM,unknown,unknown,system,Microsoft-Windows-Kernel-General,16.0,Information,-1.3840946079511283,-1,HIGH
12/12/2016 2:31:20 AM,unknown,unknown,system,Microsoft-Windows-Kernel-General,16.0,Information,-1.3840967955807262,-1,HIGH
12/12/2016 2:31:20 AM,unknown,unknown,system,Microsoft-Windows-Kernel-General,16.0,Information,-1.3841047321744084,-1,HIGH
12/12/2016 2:31:18 AM,unknown,unknown,system,Microsoft-Windows-Kernel-General,16.0,Information,-1.3841837088549167,-1,HIGH
12/12/2016 2:31:15 AM,unknown,unknown,system,Microsoft-Windows-Time-Service,37.0,Information,-4.622606581278083,-1,HIGH
