11/11/2016 7:55:15 PM,unknown,unknown,system,Microsoft-Windows-Kernel-General,16.0,Information,-0.9870256585732566,1,NORMAL
11/11/2016 7:42:23 PM,unknown,unknown,system,Service Control Manager,7036.0,Information,-1.0454498416360665,1,NORMAL
11/11/2016 7:39:09 PM,unknown,unknown,system,Service Control Manager,7036.0,Information,-1.0089433269772685,1,NORMAL
11/11/2016 7:38:39 PM,unknown,unknown,system,Service Control Manager,7036.0,Information,-1.0164831670185412,1,NORMAL
11/11/2016 7:33:55 PM,unknown,unknown,system,Service Control Manager,7036.0,Information,-1.190234243713313,-1,HIGH
11/11/2016 7:09:09 PM,unknown,unknown,system,Service Control Manager,7036.0,Information,-0.9735642192631287,1,NORMAL
11/11/2016 7:08:39 PM,unknown,unknown,system,Service Control Manager,7036.0,Information,-0.966752665651657,1,NORMAL
11/11/2016 7:05:25 PM,unknown,unknown,system,Service Control Manager,7036.0,Information,-1.0518554224658687,1,NORMAL
11/11/2016 7:05:25 PM,unknown,unknown,system,Service Control Manager,7036.0,Information,-1.060046542494601,1,NORMAL
11/11/2016 6:39:09 PM,unknown,unknown,system,Service Control Manager,7036.0,Information,-1.050715784981863,1,NORMAL
11/11/2016 6:38:39 PM,unknown,unknown,system,Service Control Manager,7036.0,Information,-1.0421368075255066,1,NORMAL
11/11/2016 6:09:09 PM,unknown,unknown,system,Service Control Manager,7036.0,Information,-1.0118069877155398,1,NORMAL
11/11/2016 6:08:39 PM,unknown,unknown,system,Service Control Manager,7036.0,Information,-1.0004030751815562,1,NORMAL
11/11/2016 6:01:26 PM,unknown,unknown,system,Service Control Manager,7036.0,Information,-1.2727764054198665,-1,HIGH
11/11/2016 5:48:26 PM,unknown,unknown,system,Service Control Manager,7036.0,Information,-1.6233319639506716,-1,HIGH
11/11/2016 5:39:09 PM,unknown,unknown,system,Service Control Manager,7036.0,Information,-1.7052538181905346,-1,HIGH
11/11/2016 5:38:39 PM,unknown,unknown,system,Service Control Manager,7036.0,Information,-1.733984566347511,-1,HIGH
11/11/2016 5:21:26 PM,unknown,unknown,system,Service Control Manager,7036.0,Information,-0.9758041286925889,1,NORMAL
11/11/2016 5:21:26 PM,unknown,unknown,system,Service Control Manager,7036.0,Information,-0.9786357397068756,1,NORMAL
11/11/2016 5:09:09 PM,unknown,unknown,system,Service Control Manager,7036.0,Information,-1.008553382822443,1,NORMAL
11/11/2016 5:08:39 PM,unknown,unknown,system,Service Control Manager,7036.0,Information,-1.0068411555148564,1,NORMAL
11/11/2016 4:39:09 PM,unknown,unknown,system,Service Control Manager,7036.0,Information,-1.547760420915704,-1,HIGH
11/11/2016 4:38:38 PM,unknown,unknown,system,Service Control Manager,7036.0,Information,-1.7028505203268416,-1,HIGH
11/11/2016 4:09:08 PM,unknown,unknown,system,Service Control Manager,7036.0,Information,-0.9958040703461412,1,NORMAL
11/11/2016 4:08:38 PM,unknown,unknown,system,Service Control Manager,7036.0,Information,-0.9949728860897527,1,NORMAL
11/11/2016 4:08:26 PM,unknown,unknown,system,Service Control Manager,7036.0,Information,-0.9938983680470369,1,NORMAL
11/11/2016 3:55:26 PM,unknown,unknown,system,Service Control Manager,7036.0,Information,-1.07760999320491,1,NORMAL
11/11/2016 3:39:08 PM,unknown,unknown,system,Service Control Manager,7036.0,Information,-1.5948172007841404,-1,HIGH
11/11/2016 3:38:38 PM,unknown,unknown,system,Service Control Manager,7036.0,Information,-1.4333302517074609,-1,HIGH
11/11/2016 3:28:25 PM,unknown,unknown,system,Service Control Manager,7036.0,Information,-1.1812385883843601,-1,HIGH
11/11/2016 3:28:25 PM,unknown,unknown,system,Service Control Manager,7036.0,Information,-1.1755395268326552,-1,HIGH
11/11/2016 3:09:08 PM,unknown,unknown,system,Service Control Manager,7036.0,Information,-0.9926015565210787,1,NORMAL
11/11/2016 3:08:38 PM,unknown,unknown,system,Service Control Manager,7036.0,Information,-0.9904300008751247,1,NORMAL
11/11/2016 2:39:08 PM,unknown,unknown,system,Service Control Manager,7036.0,Information,-1.0658921241878359,1,NORMAL
11/11/2016 2:38:38 PM,unknown,unknown,system,Service Control Manager,7036.0,Information,-1.0581938787725782,1,NORMAL
11/11/2016 2:29:25 PM,unknown,unknown,system,Service Control Manager,7036.0,Information,-1.2456963379129957,-1,HIGH
11/11/2016 2:16:25 PM,unknown,unknown,system,Service Control Manager,7036.0,Information,-1.027965518562737,1,NORMAL
11/11/2016 2:09:08 PM,unknown,unknown,system,Service Control Manager,7036.0,Information,-0.9890211176170739,1,NORMAL
11/11/2016 2:08:38 PM,unknown,unknown,system,Service Control Manager,7036.0,Information,-0.9901166320856296,1,NORMAL
11/11/2016 1:49:25 PM,unknown,unknown,system,Service Control Manager,7036.0,Information,-1.0314518249239994,1,NORMAL
11/11/2016 1:49:25 PM,unknown,unknown,system,Service Control Manager,7036.0,Information,-1.0318581334566612,1,NORMAL
11/11/2016 1:39:08 PM,unknown,unknown,system,Service Control Manager,7036.0,Information,-1.0348990286792246,1,NORMAL
11/11/2016 1:38:38 PM,unknown,unknown,system,Service Control Manager,7036.0,Information,-1.022617286429762,1,NORMAL
11/11/2016 1:17:25 PM,unknown,unknown,system,Service Control Manager,7036.0,Information,-1.0551379361277684,1,NORMAL
11/11/2016 1:09:08 PM,unknown,unknown,system,Service Control Manager,7036.0,Information,-0.9924916812527629,1,NORMAL
11/11/2016 1:08:37 PM,unknown,unknown,system,Service Control Manager,7036.0,Information,-0.9925905866438868,1,NORMAL
11/11/2016 1:04:25 PM,unknown,unknown,system,Service Control Manager,7036.0,Information,-1.074371939822138,1,NORMAL
11/11/2016 12:39:08 PM,unknown,unknown,system,Service Control Manager,7036.0,Information,-1.0052935629464705,1,NORMAL
11/11/2016 12:38:37 PM,unknown,unknown,system,Service Control Manager,7036.0,Information,-1.005343480476554,1,NORMAL
11/11/2016 12:37:25 PM,unknown,unknown,system,Service Control Manager,7036.0,Information,-1.0045788132341904,1,NORMAL
11/11/2016 12:37:25 PM,unknown,unknown,system,Service Control Manager,7036.0,Information,-1.0078680124826054,1,NORMAL
11/11/2016 12:09:07 PM,unknown,unknown,system,Service Control Manager,7036.0,Information,-0.9898626462064621,1,NORMAL
11/11/2016 12:08:37 PM,unknown,unknown,system,Service Control Manager,7036.0,Information,-0.9900511213445523,1,NORMAL
11/11/2016 11:44:25 AM,unknown,unknown,system,Service Control Manager,7036.0,Information,-1.0812640603780546,1,NORMAL
11/11/2016 11:39:07 AM,unknown,unknown,system,Service Control Manager,7036.0,Information,-1.0152468103842929,1,NORMAL
11/11/2016 11:38:37 AM,unknown,unknown,system,Service Control Manager,7036.0,Information,-1.0151111439200942,1,NORMAL
11/11/2016 11:31:25 AM,unknown,unknown,system,Service Control Manager,7036.0,Information,-1.222533991875147,-1,HIGH
11/11/2016 11:09:07 AM,unknown,unknown,system,Service Control Manager,7036.0,Information,-0.9895376585419022,1,NORMAL
11/11/2016 11:08:37 AM,unknown,unknown,system,Service Control Manager,7036.0,Information,-0.987976206137076,1,NORMAL
11/11/2016 11:04:24 AM,unknown,unknown,system,Service Control Manager,7036.0,Information,-1.0404224131749908,1,NORMAL
11/11/2016 11:04:24 AM,unknown,unknown,system,Service Control Manager,7036.0,Information,-1.0595510797443708,1,NORMAL
11/11/2016 10:39:07 AM,unknown,unknown,system,Service Control Manager,7036.0,Information,-0.976742944924745,1,NORMAL
11/11/2016 10:38:37 AM,unknown,unknown,system,Service Control Manager,7036.0,Information,-0.9767928581864895,1,NORMAL
11/11/2016 10:37:24 AM,unknown,unknown,system,Service Control Manager,7036.0,Information,-0.9786536313283356,1,NORMAL
11/11/2016 10:27:24 AM,unknown,unknown,system,Service Control Manager,7036.0,Information,-1.0568350800094566,1,NORMAL
11/11/2016 10:09:07 AM,unknown,unknown,system,Service Control Manager,7036.0,Information,-0.9897518823485214,1,NORMAL
11/11/2016 10:08:37 AM,unknown,unknown,system,Service Control Manager,7036.0,Information,-0.9870346976369225,1,NORMAL
11/11/2016 9:57:24 AM,unknown,unknown,system,Service Control Manager,7036.0,Information,-1.0930392264679425,1,NORMAL
11/11/2016 9:57:24 AM,unknown,unknown,system,Service Control Manager,7036.0,Information,-1.0808389617087177,1,NORMAL
11/11/2016 9:39:07 AM,unknown,unknown,system,Service Control Manager,7036.0,Information,-0.9853761060104216,1,NORMAL
11/11/2016 9:38:36 AM,unknown,unknown,system,Service Control Manager,7036.0,Information,-0.9859298960458637,1,NORMAL
11/11/2016 9:09:07 AM,unknown,unknown,system,Service Control Manager,7036.0,Information,-0.9928223490575246,1,NORMAL
11/11/2016 9:08:36 AM,unknown,unknown,system,Service Control Manager,7036.0,Information,-0.9894938407092948,1,NORMAL
11/11/2016 8:50:16 AM,unknown,unknown,system,Service Control Manager,7036.0,Information,-0.9753161018060476,1,NORMAL
11/11/2016 8:39:24 AM,unknown,unknown,system,Service Control Manager,7036.0,Information,-0.9794378011847376,1,NORMAL
11/11/2016 8:39:07 AM,unknown,unknown,system,Service Control Manager,7036.0,Information,-0.9762326457591912,1,NORMAL
11/11/2016 8:38:36 AM,unknown,unknown,system,Service Control Manager,7036.0,Information,-0.9763314383457937,1,NORMAL
11/11/2016 8:12:24 AM,unknown,unknown,system,Service Control Manager,7036.0,Information,-1.025043471202979,1,NORMAL
11/11/2016 8:12:24 AM,unknown,unknown,system,Service Control Manager,7036.0,Information,-1.039439493568742,1,NORMAL
11/11/2016 8:09:06 AM,unknown,unknown,system,Service Control Manager,7036.0,Information,-0.9955671781811284,1,NORMAL
11/11/2016 8:08:36 AM,unknown,unknown,system,Service Control Manager,7036.0,Information,-0.9956616986237892,1,NORMAL
11/11/2016 7:39:06 AM,unknown,unknown,system,Service Control Manager,7036.0,Information,-1.0237166671443207,1,NORMAL
11/11/2016 7:38:36 AM,unknown,unknown,system,Service Control Manager,7036.0,Information,-1.0209888693534088,1,NORMAL
11/11/2016 7:17:24 AM,unknown,unknown,system,Service Control Manager,7036.0,Information,-1.066078903873637,1,NORMAL
11/11/2016 7:09:06 AM,unknown,unknown,system,Service Control Manager,7036.0,Information,-0.9917922984689491,1,NORMAL
11/11/2016 7:08:36 AM,unknown,unknown,system,Service Control Manager,7036.0,Information,-0.995159424543133,1,NORMAL
11/11/2016 7:04:24 AM,unknown,unknown,system,Service Control Manager,7036.0,Information,-1.0737853973419873,1,NORMAL
11/11/2016 6:39:06 AM,unknown,unknown,system,Service Control Manager,7036.0,Information,-1.0121364853894952,1,NORMAL
11/11/2016 6:38:36 AM,unknown,unknown,system,Service Control Manager,7036.0,Information,-1.0153438498995064,1,NORMAL
11/11/2016 6:37:23 AM,unknown,unknown,system,Service Control Manager,7036.0,Information,-1.0098659549769073,1,NORMAL
11/11/2016 6:37:23 AM,unknown,unknown,system,Service Control Manager,7036.0,Information,-1.019105236059693,1,NORMAL
11/11/2016 6:15:23 AM,unknown,unknown,system,Service Control Manager,7036.0,Information,-1.0459041086742753,1,NORMAL
11/11/2016 6:09:06 AM,unknown,unknown,system,Service Control Manager,7036.0,Information,-0.9912852886317336,1,NORMAL
11/11/2016 6:08:35 AM,unknown,unknown,system,Service Control Manager,7036.0,Information,-0.9913755026847355,1,NORMAL
11/11/2016 6:02:24 AM,unknown,unknown,system,Service Control Manager,7036.0,Information,-1.2349412927649663,-1,HIGH
11/11/2016 5:39:06 AM,unknown,unknown,system,Service Control Manager,7036.0,Information,-0.9968433536477869,1,NORMAL
11/11/2016 5:38:35 AM,unknown,unknown,system,Service Control Manager,7036.0,Information,-0.9996721560474444,1,NORMAL
11/11/2016 5:27:57 AM,unknown,unknown,system,Service Control Manager,7036.0,Information,-1.050585023784904,1,NORMAL
11/11/2016 5:25:50 AM,unknown,unknown,system,Service Control Manager,7036.0,Information,-1.0045716473662674,1,NORMAL
11/11/2016 5:19:14 AM,unknown,unknown,system,Service Control Manager,7036.0,Information,-0.9987667686568611,1,NORMAL
11/11/2016 5:11:36 AM,unknown,unknown,system,Service Control Manager,7036.0,Information,-0.9888690807704803,1,NORMAL
11/11/2016 5:09:14 AM,unknown,unknown,system,Service Control Manager,7036.0,Information,-0.9893902107177931,1,NORMAL
11/11/2016 5:09:14 AM,unknown,unknown,system,Service Control Manager,7036.0,Information,-0.9894770421669498,1,NORMAL
11/11/2016 5:09:05 AM,unknown,unknown,system,Service Control Manager,7036.0,Information,-0.9894889431645175,1,NORMAL
11/11/2016 5:08:35 AM,unknown,unknown,system,Service Control Manager,7036.0,Information,-0.9885082043508981,1,NORMAL
11/11/2016 5:05:23 AM,unknown,unknown,system,Service Control Manager,7036.0,Information,-1.0304104579387192,1,NORMAL
11/11/2016 5:05:23 AM,unknown,unknown,system,Service Control Manager,7036.0,Information,-1.0408912006786053,1,NORMAL
11/11/2016 4:39:05 AM,unknown,unknown,system,Service Control Manager,7036.0,Information,-0.9888056091851948,1,NORMAL
11/11/2016 4:38:35 AM,unknown,unknown,system,Service Control Manager,7036.0,Information,-0.992032102795974,1,NORMAL
11/11/2016 4:09:05 AM,unknown,unknown,system,Service Control Manager,7036.0,Information,-0.9899488991982238,1,NORMAL
11/11/2016 4:08:35 AM,unknown,unknown,system,Service Control Manager,7036.0,Information,-0.9878755589903137,1,NORMAL
11/11/2016 4:00:00 AM,unknown,unknown,system,EventLog,6013.0,Information,-0.990518707832404,1,NORMAL
11/11/2016 3:54:23 AM,unknown,unknown,system,Service Control Manager,7036.0,Information,-1.0195368675250345,1,NORMAL
11/11/2016 3:42:53 AM,unknown,unknown,system,Service Control Manager,7036.0,Information,-1.0035492969324469,1,NORMAL
11/11/2016 3:39:05 AM,unknown,unknown,system,Service Control Manager,7036.0,Information,-0.9705383449747845,1,NORMAL
11/11/2016 3:38:35 AM,unknown,unknown,system,Service Control Manager,7036.0,Information,-0.966635598496278,1,NORMAL
11/11/2016 3:14:23 AM,unknown,unknown,system,Service Control Manager,7036.0,Information,-1.0210858198354178,1,NORMAL
11/11/2016 3:14:23 AM,unknown,unknown,system,Service Control Manager,7036.0,Information,-1.0279162553077972,1,NORMAL
11/11/2016 3:09:05 AM,unknown,unknown,system,Service Control Manager,7036.0,Information,-0.9704156579411958,1,NORMAL
11/11/2016 3:08:35 AM,unknown,unknown,system,Service Control Manager,7036.0,Information,-0.9580651727767325,1,NORMAL
11/11/2016 2:52:23 AM,unknown,unknown,system,Service Control Manager,7036.0,Information,-1.0236025066357506,1,NORMAL
11/11/2016 2:39:23 AM,unknown,unknown,system,Service Control Manager,7036.0,Information,-0.9856667870143572,1,NORMAL
11/11/2016 2:39:05 AM,unknown,unknown,system,Service Control Manager,7036.0,Information,-0.9794285693345947,1,NORMAL
11/11/2016 2:38:34 AM,unknown,unknown,system,Service Control Manager,7036.0,Information,-0.9903459013422163,1,NORMAL
11/11/2016 2:12:23 AM,unknown,unknown,system,Service Control Manager,7036.0,Information,-0.9995375225091081,1,NORMAL
11/11/2016 2:12:23 AM,unknown,unknown,system,Service Control Manager,7036.0,Information,-1.0034805791176722,1,NORMAL
11/11/2016 2:09:05 AM,unknown,unknown,system,Service Control Manager,7036.0,Information,-0.9888503542451802,1,NORMAL
11/11/2016 2:08:34 AM,unknown,unknown,system,Service Control Manager,7036.0,Information,-0.9918923469472157,1,NORMAL
11/11/2016 1:39:04 AM,unknown,unknown,system,Service Control Manager,7036.0,Information,-1.024346076024181,1,NORMAL
11/11/2016 1:38:34 AM,unknown,unknown,system,Service Control Manager,7036.0,Information,-1.0253412626698823,1,NORMAL
11/11/2016 1:09:04 AM,unknown,unknown,system,Service Control Manager,7036.0,Information,-1.0195380009595316,1,NORMAL
11/11/2016 1:08:34 AM,unknown,unknown,system,Service Control Manager,7036.0,Information,-1.0239854870696514,1,NORMAL
11/11/2016 1:01:23 AM,unknown,unknown,system,Service Control Manager,7036.0,Information,-1.2674262358334114,-1,HIGH
11/11/2016 12:48:23 AM,unknown,unknown,system,Service Control Manager,7036.0,Information,-1.1416387430477397,-1,HIGH
11/11/2016 12:39:04 AM,unknown,unknown,system,Service Control Manager,7036.0,Information,-1.0920726251017705,1,NORMAL
11/11/2016 12:38:34 AM,unknown,unknown,system,Service Control Manager,7036.0,Information,-1.094859736944385,1,NORMAL
11/11/2016 12:21:23 AM,unknown,unknown,system,Service Control Manager,7036.0,Information,-1.1254354355128924,-1,HIGH
11/11/2016 12:21:23 AM,unknown,unknown,system,Service Control Manager,7036.0,Information,-1.1317643709982166,-1,HIGH
11/11/2016 12:09:04 AM,unknown,unknown,system,Service Control Manager,7036.0,Information,-1.0589084683290015,1,NORMAL
11/11/2016 12:08:34 AM,unknown,unknown,system,Service Control Manager,7036.0,Information,-1.0537073608521228,1,NORMAL
11/10/2016 11:39:04 PM,unknown,unknown,system,Service Control Manager,7036.0,Information,-1.0374608681814985,1,NORMAL
11/10/2016 11:38:34 PM,unknown,unknown,system,Service Control Manager,7036.0,Information,-1.0387456555751884,1,NORMAL
11/10/2016 11:35:38 PM,unknown,unknown,system,Service Control Manager,7036.0,Information,-1.0846534563760046,1,NORMAL
11/10/2016 11:34:41 PM,unknown,unknown,system,Service Control Manager,7036.0,Information,-1.1035976251422124,-1,HIGH
11/10/2016 11:32:38 PM,unknown,unknown,system,Service Control Manager,7036.0,Information,-1.1605590731679256,-1,HIGH
11/10/2016 11:29:43 PM,unknown,unknown,system,Microsoft-Windows-WindowsUpdateClient,22.0,Information,-10.844090453755543,-1,HIGH
11/10/2016 11:28:27 PM,unknown,unknown,system,Microsoft-Windows-WindowsUpdateClient,43.0,Information,-1.2007897689977463,-1,HIGH
11/10/2016 11:27:22 PM,unknown,unknown,system,Service Control Manager,7036.0,Information,-1.188623919963675,-1,HIGH
11/10/2016 11:27:14 PM,unknown,unknown,system,Microsoft-Windows-WindowsUpdateClient,43.0,Information,-1.1989505984927027,-1,HIGH
11/10/2016 11:26:00 PM,unknown,unknown,system,Microsoft-Windows-WindowsUpdateClient,43.0,Information,-1.195584751469501,-1,HIGH
11/10/2016 11:24:46 PM,unknown,unknown,system,Microsoft-Windows-WindowsUpdateClient,43.0,Information,-1.1741354646712348,-1,HIGH
11/10/2016 11:21:54 PM,unknown,unknown,system,Service Control Manager,7036.0,Information,-1.0886259411133887,1,NORMAL
11/10/2016 11:19:58 PM,unknown,unknown,system,Service Control Manager,7036.0,Information,-1.1133948364877921,-1,HIGH
11/10/2016 11:17:03 PM,unknown,unknown,system,Microsoft-Windows-WindowsUpdateClient,43.0,Information,-1.0549651201462027,1,NORMAL
11/10/2016 11:16:24 PM,unknown,unknown,system,Microsoft-Windows-WindowsUpdateClient,43.0,Information,-1.0474974992897628,1,NORMAL
11/10/2016 11:15:23 PM,unknown,unknown,system,Microsoft-Windows-WindowsUpdateClient,43.0,Information,-1.0270312573973883,1,NORMAL
11/10/2016 11:14:41 PM,unknown,unknown,system,Microsoft-Windows-WindowsUpdateClient,43.0,Information,-1.0175337194365373,1,NORMAL
11/10/2016 11:14:22 PM,unknown,unknown,system,Service Control Manager,7036.0,Information,-1.1583353312747942,-1,HIGH
11/10/2016 11:14:03 PM,unknown,unknown,system,Microsoft-Windows-WindowsUpdateClient,43.0,Information,-1.0175337194365373,1,NORMAL
11/10/2016 11:13:24 PM,unknown,unknown,system,Microsoft-Windows-WindowsUpdateClient,43.0,Information,-1.0091507347395676,1,NORMAL
11/10/2016 11:12:37 PM,unknown,unknown,system,Microsoft-Windows-WindowsUpdateClient,43.0,Information,-1.0139396590229486,1,NORMAL
11/10/2016 11:11:57 PM,unknown,unknown,system,Microsoft-Windows-WindowsUpdateClient,43.0,Information,-1.0147875879445187,1,NORMAL
11/10/2016 11:11:18 PM,unknown,unknown,system,Microsoft-Windows-WindowsUpdateClient,43.0,Information,-1.0153517095511138,1,NORMAL
11/10/2016 11:10:40 PM,unknown,unknown,system,Microsoft-Windows-WindowsUpdateClient,43.0,Information,-1.0134042498714029,1,NORMAL
11/10/2016 11:10:02 PM,unknown,unknown,system,Microsoft-Windows-WindowsUpdateClient,43.0,Information,-1.0134042498714029,1,NORMAL
11/10/2016 11:09:20 PM,unknown,unknown,system,Microsoft-Windows-WindowsUpdateClient,43.0,Information,-1.0067119891873786,1,NORMAL
11/10/2016 11:09:04 PM,unknown,unknown,system,Service Control Manager,7036.0,Information,-1.0637172205639704,1,NORMAL
11/10/2016 11:08:37 PM,unknown,unknown,system,Microsoft-Windows-WindowsUpdateClient,43.0,Information,-0.9968781427715194,1,NORMAL
11/10/2016 11:08:34 PM,unknown,unknown,system,Service Control Manager,7036.0,Information,-1.0691612354216142,1,NORMAL
11/10/2016 11:07:59 PM,unknown,unknown,system,Microsoft-Windows-WindowsUpdateClient,43.0,Information,-0.9961593418117508,1,NORMAL
11/10/2016 11:07:12 PM,unknown,unknown,system,Microsoft-Windows-WindowsUpdateClient,43.0,Information,-0.9961593418117508,1,NORMAL
11/10/2016 11:06:30 PM,unknown,unknown,system,Microsoft-Windows-WindowsUpdateClient,43.0,Information,-1.006005683994467,1,NORMAL
11/10/2016 11:05:52 PM,unknown,unknown,system,Microsoft-Windows-WindowsUpdateClient,43.0,Information,-0.9844316270893282,1,NORMAL
11/10/2016 11:05:12 PM,unknown,unknown,system,Microsoft-Windows-WindowsUpdateClient,43.0,Information,-0.9844316270893282,1,NORMAL
11/10/2016 11:04:34 PM,unknown,unknown,system,Microsoft-Windows-WindowsUpdateClient,43.0,Information,-0.9814115670556499,1,NORMAL
11/10/2016 11:03:54 PM,unknown,unknown,system,Microsoft-Windows-WindowsUpdateClient,43.0,Information,-0.9895129487128003,1,NORMAL
11/10/2016 11:03:16 PM,unknown,unknown,system,Microsoft-Windows-WindowsUpdateClient,43.0,Information,-0.9883716010321042,1,NORMAL
11/10/2016 11:02:37 PM,unknown,unknown,system,Microsoft-Windows-WindowsUpdateClient,43.0,Information,-0.9939242508266468,1,NORMAL
11/10/2016 11:01:59 PM,unknown,unknown,system,Microsoft-Windows-WindowsUpdateClient,43.0,Information,-1.0023528436744427,1,NORMAL
11/10/2016 11:01:21 PM,unknown,unknown,system,Microsoft-Windows-WindowsUpdateClient,43.0,Information,-1.0023528436744427,1,NORMAL
11/10/2016 11:00:44 PM,unknown,unknown,system,Microsoft-Windows-WindowsUpdateClient,43.0,Information,-1.027112372697653,1,NORMAL
11/10/2016 11:00:06 PM,unknown,unknown,system,Microsoft-Windows-WindowsUpdateClient,43.0,Information,-1.027112372697653,1,NORMAL
11/10/2016 10:59:25 PM,unknown,unknown,system,Microsoft-Windows-WindowsUpdateClient,43.0,Information,-1.0218605612348304,1,NORMAL
11/10/2016 10:58:45 PM,unknown,unknown,system,Microsoft-Windows-WindowsUpdateClient,43.0,Information,-1.0185216465442108,1,NORMAL
11/10/2016 10:58:05 PM,unknown,unknown,system,Microsoft-Windows-WindowsUpdateClient,43.0,Information,-1.018494196555064,1,NORMAL
11/10/2016 10:57:04 PM,unknown,unknown,system,Microsoft-Windows-WindowsUpdateClient,43.0,Information,-1.0179391660452881,1,NORMAL
11/10/2016 10:56:25 PM,unknown,unknown,system,Microsoft-Windows-WindowsUpdateClient,43.0,Information,-1.0172919631026696,1,NORMAL
11/10/2016 10:55:41 PM,unknown,unknown,system,Microsoft-Windows-WindowsUpdateClient,43.0,Information,-1.0186022964547223,1,NORMAL
11/10/2016 10:55:05 PM,unknown,unknown,system,Microsoft-Windows-WindowsUpdateClient,43.0,Information,-1.0186022964547223,1,NORMAL
11/10/2016 10:54:20 PM,unknown,unknown,system,Microsoft-Windows-WindowsUpdateClient,43.0,Information,-1.0199124405179656,1,NORMAL
11/10/2016 10:53:43 PM,unknown,unknown,system,Microsoft-Windows-WindowsUpdateClient,43.0,Information,-1.0212223480861544,1,NORMAL
11/10/2016 10:53:06 PM,unknown,unknown,system,Microsoft-Windows-WindowsUpdateClient,43.0,Information,-1.0212223480861544,1,NORMAL
11/10/2016 10:52:29 PM,unknown,unknown,system,Microsoft-Windows-WindowsUpdateClient,43.0,Information,-1.0225319548469793,1,NORMAL
11/10/2016 10:51:53 PM,unknown,unknown,system,Microsoft-Windows-WindowsUpdateClient,43.0,Information,-1.023308762445424,1,NORMAL
11/10/2016 10:51:18 PM,unknown,unknown,system,Microsoft-Windows-WindowsUpdateClient,43.0,Information,-1.023308762445424,1,NORMAL
11/10/2016 10:50:41 PM,unknown,unknown,system,Microsoft-Windows-WindowsUpdateClient,43.0,Information,-1.0178378909076655,1,NORMAL
11/10/2016 10:49:39 PM,unknown,unknown,system,Microsoft-Windows-WindowsUpdateClient,43.0,Information,-1.017810500651432,1,NORMAL
11/10/2016 10:48:57 PM,unknown,unknown,system,Microsoft-Windows-WindowsUpdateClient,43.0,Information,-1.0100639939671288,1,NORMAL
11/10/2016 10:48:20 PM,unknown,unknown,system,Microsoft-Windows-WindowsUpdateClient,43.0,Information,-1.0113427270889717,1,NORMAL
11/10/2016 10:47:43 PM,unknown,unknown,system,Microsoft-Windows-WindowsUpdateClient,43.0,Information,-1.0053899306986795,1,NORMAL
11/10/2016 10:47:22 PM,unknown,unknown,system,Service Control Manager,7036.0,Information,-1.2375470000586126,-1,HIGH
11/10/2016 10:47:22 PM,unknown,unknown,system,Service Control Manager,7036.0,Information,-1.3138970127005936,-1,HIGH
11/10/2016 10:47:00 PM,unknown,unknown,system,Microsoft-Windows-WindowsUpdateClient,43.0,Information,-1.0053899306986795,1,NORMAL
11/10/2016 10:46:21 PM,unknown,unknown,system,Microsoft-Windows-WindowsUpdateClient,43.0,Information,-0.9973807855517223,1,NORMAL
11/10/2016 10:45:43 PM,unknown,unknown,system,Microsoft-Windows-WindowsUpdateClient,43.0,Information,-0.9918434903788341,1,NORMAL
11/10/2016 10:45:01 PM,unknown,unknown,system,Microsoft-Windows-WindowsUpdateClient,43.0,Information,-0.9918434903788341,1,NORMAL
11/10/2016 10:44:23 PM,unknown,unknown,system,Microsoft-Windows-WindowsUpdateClient,43.0,Information,-0.9895364880837714,1,NORMAL
11/10/2016 10:43:48 PM,unknown,unknown,system,Microsoft-Windows-WindowsUpdateClient,43.0,Information,-0.989020095749272,1,NORMAL
11/10/2016 10:43:09 PM,unknown,unknown,system,Microsoft-Windows-WindowsUpdateClient,43.0,Information,-0.989020095749272,1,NORMAL
11/10/2016 10:42:31 PM,unknown,unknown,system,Microsoft-Windows-WindowsUpdateClient,43.0,Information,-0.9988066182630696,1,NORMAL
11/10/2016 10:41:57 PM,unknown,unknown,system,Microsoft-Windows-WindowsUpdateClient,43.0,Information,-0.9966913123654928,1,NORMAL
11/10/2016 10:41:23 PM,unknown,unknown,system,Microsoft-Windows-WindowsUpdateClient,43.0,Information,-0.9961945668182318,1,NORMAL
11/10/2016 10:40:41 PM,unknown,unknown,system,Microsoft-Windows-WindowsUpdateClient,43.0,Information,-1.0120180009776818,1,NORMAL
11/10/2016 10:39:58 PM,unknown,unknown,system,Microsoft-Windows-WindowsUpdateClient,43.0,Information,-1.021777230017104,1,NORMAL
11/10/2016 10:39:08 PM,unknown,unknown,system,Microsoft-Windows-WindowsUpdateClient,43.0,Information,-1.021777230017104,1,NORMAL
11/10/2016 10:39:04 PM,unknown,unknown,system,Service Control Manager,7036.0,Information,-1.018547900575541,1,NORMAL
11/10/2016 10:38:35 PM,unknown,unknown,system,Microsoft-Windows-WindowsUpdateClient,43.0,Information,-1.0454159271246488,1,NORMAL
11/10/2016 10:38:33 PM,unknown,unknown,system,Service Control Manager,7036.0,Information,-1.0222302028677597,1,NORMAL
11/10/2016 10:38:02 PM,unknown,unknown,system,Microsoft-Windows-WindowsUpdateClient,43.0,Information,-1.0460063973124405,1,NORMAL
11/10/2016 10:37:27 PM,unknown,unknown,system,Microsoft-Windows-WindowsUpdateClient,43.0,Information,-1.0592271015051637,1,NORMAL
11/10/2016 10:36:48 PM,unknown,unknown,system,Microsoft-Windows-WindowsUpdateClient,43.0,Information,-1.0738371452947393,1,NORMAL
11/10/2016 10:36:11 PM,unknown,unknown,system,Microsoft-Windows-WindowsUpdateClient,43.0,Information,-1.074834993901888,1,NORMAL
11/10/2016 10:35:34 PM,unknown,unknown,system,Microsoft-Windows-WindowsUpdateClient,43.0,Information,-1.091344980271206,1,NORMAL
11/10/2016 10:34:54 PM,unknown,unknown,system,Microsoft-Windows-WindowsUpdateClient,43.0,Information,-1.096141517194679,1,NORMAL
11/10/2016 10:34:21 PM,unknown,unknown,system,Microsoft-Windows-WindowsUpdateClient,43.0,Information,-1.096141517194679,1,NORMAL
11/10/2016 10:33:39 PM,unknown,unknown,system,Microsoft-Windows-WindowsUpdateClient,43.0,Information,-1.1010295724100343,1,NORMAL
11/10/2016 10:33:07 PM,unknown,unknown,system,Microsoft-Windows-WindowsUpdateClient,43.0,Information,-1.10105684242395,1,NORMAL
11/10/2016 10:32:33 PM,unknown,unknown,system,Microsoft-Windows-WindowsUpdateClient,43.0,Information,-1.1234070567721084,-1,HIGH
11/10/2016 10:32:00 PM,unknown,unknown,system,Microsoft-Windows-WindowsUpdateClient,43.0,Information,-1.1412172639768563,-1,HIGH
11/10/2016 10:31:27 PM,unknown,unknown,system,Microsoft-Windows-WindowsUpdateClient,43.0,Information,-1.164109644559361,-1,HIGH
11/10/2016 10:30:52 PM,unknown,unknown,system,Microsoft-Windows-WindowsUpdateClient,43.0,Information,-1.1638826283309458,-1,HIGH
11/10/2016 10:30:20 PM,unknown,unknown,system,Microsoft-Windows-WindowsUpdateClient,43.0,Information,-1.1638826283309458,-1,HIGH
11/10/2016 10:29:46 PM,unknown,unknown,system,Microsoft-Windows-WindowsUpdateClient,43.0,Information,-1.176870875787715,-1,HIGH
11/10/2016 10:28:52 PM,unknown,unknown,system,Microsoft-Windows-WindowsUpdateClient,43.0,Information,-1.2391169693404052,-1,HIGH
11/10/2016 10:28:22 PM,unknown,unknown,system,Service Control Manager,7036.0,Information,-1.1203452257028,-1,HIGH
11/10/2016 10:28:19 PM,unknown,unknown,system,Microsoft-Windows-WindowsUpdateClient,43.0,Information,-1.194593300235499,-1,HIGH
11/10/2016 10:27:44 PM,unknown,unknown,system,Microsoft-Windows-WindowsUpdateClient,43.0,Information,-1.1935595300317698,-1,HIGH
11/10/2016 10:27:11 PM,unknown,unknown,system,Microsoft-Windows-WindowsUpdateClient,43.0,Information,-1.1924566600795605,-1,HIGH
11/10/2016 10:26:21 PM,unknown,unknown,system,Microsoft-Windows-WindowsUpdateClient,43.0,Information,-1.2003955078702608,-1,HIGH
11/10/2016 10:25:47 PM,unknown,unknown,system,Microsoft-Windows-WindowsUpdateClient,43.0,Information,-1.184646122555857,-1,HIGH
11/10/2016 10:25:12 PM,unknown,unknown,system,Microsoft-Windows-WindowsUpdateClient,43.0,Information,-1.2637871971491463,-1,HIGH
11/10/2016 10:24:39 PM,unknown,unknown,system,Microsoft-Windows-WindowsUpdateClient,43.0,Information,-1.1586758602216234,-1,HIGH
11/10/2016 10:24:07 PM,unknown,unknown,system,Microsoft-Windows-WindowsUpdateClient,43.0,Information,-1.1673277644188382,-1,HIGH
11/10/2016 10:23:42 PM,unknown,unknown,system,Microsoft-Windows-WindowsUpdateClient,43.0,Information,-1.1556620452342141,-1,HIGH
11/10/2016 10:23:35 PM,unknown,unknown,system,Microsoft-Windows-WindowsUpdateClient,43.0,Information,-1.1556620452342141,-1,HIGH
11/10/2016 10:23:03 PM,unknown,unknown,system,Microsoft-Windows-WindowsUpdateClient,43.0,Information,-1.1555467102238368,-1,HIGH
11/10/2016 10:22:28 PM,unknown,unknown,system,Microsoft-Windows-WindowsUpdateClient,43.0,Information,-1.1436661028273383,-1,HIGH
11/10/2016 10:21:57 PM,unknown,unknown,system,Microsoft-Windows-WindowsUpdateClient,43.0,Information,-1.1192818298713767,-1,HIGH
11/10/2016 10:21:24 PM,unknown,unknown,system,Microsoft-Windows-WindowsUpdateClient,43.0,Information,-1.119574047920325,-1,HIGH
11/10/2016 10:20:52 PM,unknown,unknown,system,Microsoft-Windows-WindowsUpdateClient,43.0,Information,-1.098467787973855,1,NORMAL
11/10/2016 10:20:22 PM,unknown,unknown,system,Service Control Manager,7036.0,Information,-1.0145253873058122,1,NORMAL
11/10/2016 10:20:19 PM,unknown,unknown,system,Microsoft-Windows-WindowsUpdateClient,43.0,Information,-1.0967009132506982,1,NORMAL
11/10/2016 10:19:10 PM,unknown,unknown,system,Microsoft-Windows-WindowsUpdateClient,43.0,Information,-1.0988370628017692,1,NORMAL
11/10/2016 10:18:54 PM,unknown,unknown,system,Microsoft-Windows-WindowsUpdateClient,43.0,Information,-1.0674522581911066,1,NORMAL
11/10/2016 10:18:37 PM,unknown,unknown,system,Microsoft-Windows-WindowsUpdateClient,43.0,Information,-1.0670708679356422,1,NORMAL
11/10/2016 10:18:09 PM,unknown,unknown,system,Microsoft-Windows-WindowsUpdateClient,43.0,Information,-1.1878650415779584,-1,HIGH
11/10/2016 10:17:51 PM,unknown,unknown,system,Microsoft-Windows-WindowsUpdateClient,43.0,Information,-1.0444210860081982,1,NORMAL
11/10/2016 10:17:35 PM,unknown,unknown,system,Microsoft-Windows-WindowsUpdateClient,43.0,Information,-1.044507022101421,1,NORMAL
11/10/2016 10:17:19 PM,unknown,unknown,system,Microsoft-Windows-WindowsUpdateClient,43.0,Information,-1.0444210860081982,1,NORMAL
11/10/2016 10:17:01 PM,unknown,unknown,system,Microsoft-Windows-WindowsUpdateClient,43.0,Information,-1.044507022101421,1,NORMAL
11/10/2016 10:16:46 PM,unknown,unknown,system,Microsoft-Windows-WindowsUpdateClient,43.0,Information,-1.0356019033861563,1,NORMAL
11/10/2016 10:16:32 PM,unknown,unknown,system,Microsoft-Windows-WindowsUpdateClient,43.0,Information,-1.029442464147062,1,NORMAL
11/10/2016 10:16:16 PM,unknown,unknown,system,Microsoft-Windows-WindowsUpdateClient,43.0,Information,-1.0356019033861563,1,NORMAL
11/10/2016 10:16:02 PM,unknown,unknown,system,Microsoft-Windows-WindowsUpdateClient,43.0,Information,-1.029442464147062,1,NORMAL
11/10/2016 10:16:00 PM,unknown,unknown,system,Service Control Manager,7036.0,Information,-1.0670512577164508,1,NORMAL
11/10/2016 10:15:48 PM,unknown,unknown,system,Microsoft-Windows-WindowsUpdateClient,43.0,Information,-1.020374222809686,1,NORMAL
11/10/2016 10:15:34 PM,unknown,unknown,system,Microsoft-Windows-WindowsUpdateClient,43.0,Information,-1.020374222809686,1,NORMAL
11/10/2016 10:15:23 PM,unknown,unknown,system,Microsoft-Windows-WindowsUpdateClient,43.0,Information,-1.0203901558831732,1,NORMAL
11/10/2016 10:15:05 PM,unknown,unknown,system,Microsoft-Windows-WindowsUpdateClient,43.0,Information,-1.0203901558831732,1,NORMAL
11/10/2016 10:14:49 PM,unknown,unknown,system,Microsoft-Windows-WindowsUpdateClient,43.0,Information,-1.0122982204016033,1,NORMAL
11/10/2016 10:14:33 PM,unknown,unknown,system,Microsoft-Windows-WindowsUpdateClient,43.0,Information,-1.0122982204016033,1,NORMAL
11/10/2016 10:14:17 PM,unknown,unknown,system,Microsoft-Windows-WindowsUpdateClient,43.0,Information,-1.0122982204016033,1,NORMAL
11/10/2016 10:14:03 PM,unknown,unknown,system,Microsoft-Windows-WindowsUpdateClient,43.0,Information,-1.01451431880774,1,NORMAL
11/10/2016 10:13:50 PM,unknown,unknown,system,Microsoft-Windows-WindowsUpdateClient,43.0,Information,-1.0087876102970537,1,NORMAL
11/10/2016 10:13:35 PM,unknown,unknown,system,Microsoft-Windows-WindowsUpdateClient,43.0,Information,-1.0087876102970537,1,NORMAL
11/10/2016 10:13:21 PM,unknown,unknown,system,Microsoft-Windows-WindowsUpdateClient,43.0,Information,-1.0087876102970537,1,NORMAL
11/10/2016 10:13:05 PM,unknown,unknown,system,Service Control Manager,7000.0,Error,-3.047321944537556,-1,HIGH
11/10/2016 10:13:05 PM,unknown,unknown,system,Service Control Manager,7009.0,Error,-56947046251.43224,-1,HIGH
11/10/2016 10:13:05 PM,unknown,unknown,system,Service Control Manager,7036.0,Information,-1.0296106377387353,1,NORMAL
11/10/2016 10:13:05 PM,unknown,unknown,system,Service Control Manager,7036.0,Information,-1.0296106377387353,1,NORMAL
11/10/2016 10:13:05 PM,unknown,unknown,system,Service Control Manager,7036.0,Information,-1.0296106377387353,1,NORMAL
11/10/2016 10:13:03 PM,unknown,unknown,system,Microsoft-Windows-WindowsUpdateClient,43.0,Information,-1.0087876102970537,1,NORMAL
11/10/2016 10:12:35 PM,unknown,unknown,system,Microsoft-Windows-WindowsUpdateClient,43.0,Information,-1.0077104996000645,1,NORMAL
11/10/2016 10:12:21 PM,unknown,unknown,system,Microsoft-Windows-WindowsUpdateClient,43.0,Information,-1.0077104996000645,1,NORMAL
11/10/2016 10:12:08 PM,unknown,unknown,system,Microsoft-Windows-WindowsUpdateClient,43.0,Information,-1.0077104996000645,1,NORMAL
11/10/2016 10:11:54 PM,unknown,unknown,system,Microsoft-Windows-WindowsUpdateClient,43.0,Information,-1.0075428374784174,1,NORMAL
11/10/2016 10:11:41 PM,unknown,unknown,system,Microsoft-Windows-WindowsUpdateClient,43.0,Information,-1.0075042176518594,1,NORMAL
11/10/2016 10:11:27 PM,unknown,unknown,system,Microsoft-Windows-WindowsUpdateClient,43.0,Information,-1.0075042176518594,1,NORMAL
11/10/2016 10:11:10 PM,unknown,unknown,system,Microsoft-Windows-WindowsUpdateClient,43.0,Information,-1.0075428374784174,1,NORMAL
11/10/2016 10:11:10 PM,unknown,unknown,system,Microsoft-Windows-WindowsUpdateClient,19.0,Information,-1.4200019671885367,-1,HIGH
11/10/2016 10:11:02 PM,unknown,unknown,system,Service Control Manager,7036.0,Information,-0.994436171814196,1,NORMAL
11/10/2016 10:10:57 PM,unknown,unknown,system,Service Control Manager,7036.0,Information,-0.997871961196205,1,NORMAL
11/10/2016 10:10:54 PM,unknown,unknown,system,Microsoft-Windows-Kernel-General,16.0,Information,-0.990227110829808,1,NORMAL
11/10/2016 10:10:22 PM,unknown,unknown,system,Service Control Manager,7036.0,Information,-0.9978719611962049,1,NORMAL
11/10/2016 10:10:14 PM,unknown,unknown,system,Microsoft-Windows-WindowsUpdateClient,43.0,Information,-1.4982027854193682,-1,HIGH
11/10/2016 10:10:11 PM,unknown,unknown,system,Service Control Manager,7036.0,Information,-1.0014305550472777,1,NORMAL
11/10/2016 10:10:00 PM,unknown,unknown,system,Microsoft-Windows-WindowsUpdateClient,43.0,Information,-1.0097808797228216,1,NORMAL
11/10/2016 10:09:49 PM,unknown,unknown,system,Microsoft-Windows-WindowsUpdateClient,43.0,Information,-0.9910913556565732,1,NORMAL
11/10/2016 10:09:37 PM,unknown,unknown,system,Microsoft-Windows-WindowsUpdateClient,43.0,Information,-0.9910913556565732,1,NORMAL
11/10/2016 10:09:20 PM,unknown,unknown,system,Microsoft-Windows-WindowsUpdateClient,43.0,Information,-0.9926099582639507,1,NORMAL
11/10/2016 10:09:05 PM,unknown,unknown,system,Microsoft-Windows-WindowsUpdateClient,43.0,Information,-0.9910913556565732,1,NORMAL
11/10/2016 10:09:04 PM,unknown,unknown,system,Service Control Manager,7036.0,Information,-1.0056487106470293,1,NORMAL
11/10/2016 10:08:49 PM,unknown,unknown,system,Microsoft-Windows-WindowsUpdateClient,43.0,Information,-0.9854448124579801,1,NORMAL
11/10/2016 10:08:34 PM,unknown,unknown,system,Microsoft-Windows-WindowsUpdateClient,43.0,Information,-0.9854448124579801,1,NORMAL
11/10/2016 10:08:32 PM,unknown,unknown,system,Service Control Manager,7036.0,Information,-1.0037633958538492,1,NORMAL
11/10/2016 10:08:19 PM,unknown,unknown,system,Microsoft-Windows-WindowsUpdateClient,43.0,Information,-0.9854448124579801,1,NORMAL
11/10/2016 10:08:16 PM,unknown,unknown,system,Service Control Manager,7036.0,Information,-1.003957419621878,1,NORMAL
11/10/2016 10:08:04 PM,unknown,unknown,system,Microsoft-Windows-WindowsUpdateClient,43.0,Information,-0.9854448124579801,1,NORMAL
11/10/2016 10:07:53 PM,unknown,unknown,system,Microsoft-Windows-WindowsUpdateClient,43.0,Information,-0.995074169294163,1,NORMAL
11/10/2016 10:07:40 PM,unknown,unknown,system,Microsoft-Windows-WindowsUpdateClient,43.0,Information,-0.995074169294163,1,NORMAL
11/10/2016 10:07:12 PM,unknown,unknown,system,Microsoft-Windows-WindowsUpdateClient,43.0,Information,-1.1469671028290664,-1,HIGH
11/10/2016 10:07:01 PM,unknown,unknown,system,Microsoft-Windows-WindowsUpdateClient,43.0,Information,-0.995074169294163,1,NORMAL
11/10/2016 10:06:48 PM,unknown,unknown,system,Microsoft-Windows-WindowsUpdateClient,43.0,Information,-0.9913307099148274,1,NORMAL
11/10/2016 10:06:30 PM,unknown,unknown,system,Microsoft-Windows-WindowsUpdateClient,43.0,Information,-0.9945597979910284,1,NORMAL
11/10/2016 10:06:16 PM,unknown,unknown,system,Microsoft-Windows-WindowsUpdateClient,43.0,Information,-0.9913307099148274,1,NORMAL
11/10/2016 10:06:04 PM,unknown,unknown,system,Microsoft-Windows-WindowsUpdateClient,43.0,Information,-0.9913307099148274,1,NORMAL
11/10/2016 10:05:53 PM,unknown,unknown,system,Microsoft-Windows-WindowsUpdateClient,43.0,Information,-0.9751093657677476,1,NORMAL
11/10/2016 10:05:42 PM,unknown,unknown,system,Microsoft-Windows-WindowsUpdateClient,43.0,Information,-0.9751093657677479,1,NORMAL
11/10/2016 10:05:32 PM,unknown,unknown,system,Microsoft-Windows-WindowsUpdateClient,43.0,Information,-0.9751093657677476,1,NORMAL
11/10/2016 10:05:21 PM,unknown,unknown,system,Microsoft-Windows-WindowsUpdateClient,43.0,Information,-0.9751093657677479,1,NORMAL
11/10/2016 10:05:11 PM,unknown,unknown,system,Microsoft-Windows-WindowsUpdateClient,43.0,Information,-0.9751093657677476,1,NORMAL
11/10/2016 10:04:59 PM,unknown,unknown,system,Microsoft-Windows-WindowsUpdateClient,43.0,Information,-0.9817720170246205,1,NORMAL
11/10/2016 10:04:49 PM,unknown,unknown,system,Microsoft-Windows-WindowsUpdateClient,43.0,Information,-0.9817720170246205,1,NORMAL
11/10/2016 10:04:28 PM,unknown,unknown,system,Microsoft-Windows-WindowsUpdateClient,43.0,Information,-0.9817720170246205,1,NORMAL
11/10/2016 10:04:18 PM,unknown,unknown,system,Microsoft-Windows-WindowsUpdateClient,43.0,Information,-0.9817720170246205,1,NORMAL
11/10/2016 10:02:36 PM,unknown,unknown,system,Microsoft-Windows-WindowsUpdateClient,43.0,Information,-1.0808347379663037,1,NORMAL
11/10/2016 10:02:29 PM,unknown,unknown,system,Microsoft-Windows-WindowsUpdateClient,43.0,Information,-0.9910891114182071,1,NORMAL
11/10/2016 10:02:23 PM,unknown,unknown,system,Microsoft-Windows-WindowsUpdateClient,43.0,Information,-0.9910891114182071,1,NORMAL
11/10/2016 10:02:15 PM,unknown,unknown,system,Microsoft-Windows-WindowsUpdateClient,43.0,Information,-0.9913097983371949,1,NORMAL
11/10/2016 10:02:06 PM,unknown,unknown,system,Microsoft-Windows-WindowsUpdateClient,43.0,Information,-0.9913097983371949,1,NORMAL
11/10/2016 10:01:56 PM,unknown,unknown,system,Microsoft-Windows-WindowsUpdateClient,43.0,Information,-0.9912798579836725,1,NORMAL
11/10/2016 10:01:50 PM,unknown,unknown,system,Microsoft-Windows-WindowsUpdateClient,43.0,Information,-0.9877473134405337,1,NORMAL
11/10/2016 10:01:43 PM,unknown,unknown,system,Microsoft-Windows-WindowsUpdateClient,43.0,Information,-0.9877473134405337,1,NORMAL
11/10/2016 10:01:43 PM,unknown,unknown,system,Microsoft-Windows-WindowsUpdateClient,43.0,Information,-0.9912798579836725,1,NORMAL
11/10/2016 10:01:35 PM,unknown,unknown,system,Microsoft-Windows-WindowsUpdateClient,43.0,Information,-0.9912798579836725,1,NORMAL
11/10/2016 10:01:35 PM,unknown,unknown,system,Microsoft-Windows-WindowsUpdateClient,43.0,Information,-0.9912798579836725,1,NORMAL
11/10/2016 10:01:30 PM,unknown,unknown,system,Microsoft-Windows-WindowsUpdateClient,43.0,Information,-0.9912798579836725,1,NORMAL
11/10/2016 10:01:23 PM,unknown,unknown,system,Microsoft-Windows-WindowsUpdateClient,43.0,Information,-0.9877473134405337,1,NORMAL
11/10/2016 10:01:23 PM,unknown,unknown,system,Microsoft-Windows-WindowsUpdateClient,43.0,Information,-0.9877473134405337,1,NORMAL
11/10/2016 10:01:18 PM,unknown,unknown,system,Microsoft-Windows-WindowsUpdateClient,43.0,Information,-0.9877473134405337,1,NORMAL
11/10/2016 10:01:11 PM,unknown,unknown,system,Service Control Manager,7036.0,Information,-1.162490396222956,-1,HIGH
11/10/2016 10:01:11 PM,unknown,unknown,system,Microsoft-Windows-WindowsUpdateClient,43.0,Information,-0.9877473134405337,1,NORMAL
11/10/2016 10:01:11 PM,unknown,unknown,system,Microsoft-Windows-WindowsUpdateClient,43.0,Information,-0.9877473134405337,1,NORMAL
11/10/2016 10:01:05 PM,unknown,unknown,system,Microsoft-Windows-WindowsUpdateClient,43.0,Information,-0.9912798579836725,1,NORMAL
11/10/2016 10:00:59 PM,unknown,unknown,system,Microsoft-Windows-WindowsUpdateClient,43.0,Information,-1.0086363480448959,1,NORMAL
11/10/2016 10:00:59 PM,unknown,unknown,system,Microsoft-Windows-WindowsUpdateClient,43.0,Information,-1.0086363480448959,1,NORMAL
11/10/2016 10:00:56 PM,unknown,unknown,system,Service Control Manager,7036.0,Information,-1.2330124618996203,-1,HIGH
11/10/2016 10:00:54 PM,unknown,unknown,system,Microsoft-Windows-WindowsUpdateClient,43.0,Information,-1.0102129356109193,1,NORMAL
11/10/2016 10:00:49 PM,unknown,unknown,system,Microsoft-Windows-WindowsUpdateClient,43.0,Information,-1.0086363480448959,1,NORMAL
11/10/2016 10:00:45 PM,unknown,unknown,system,Microsoft-Windows-WindowsUpdateClient,43.0,Information,-1.0102129356109193,1,NORMAL
11/10/2016 10:00:45 PM,unknown,unknown,system,Microsoft-Windows-WindowsUpdateClient,43.0,Information,-1.0086363480448959,1,NORMAL
11/10/2016 10:00:40 PM,unknown,unknown,system,Microsoft-Windows-WindowsUpdateClient,43.0,Information,-1.0086363480448959,1,NORMAL
11/10/2016 10:00:40 PM,unknown,unknown,system,Microsoft-Windows-WindowsUpdateClient,43.0,Information,-1.0102129356109193,1,NORMAL
11/10/2016 10:00:35 PM,unknown,unknown,system,Microsoft-Windows-WindowsUpdateClient,43.0,Information,-1.0086363480448959,1,NORMAL
11/10/2016 10:00:35 PM,unknown,unknown,system,Microsoft-Windows-WindowsUpdateClient,43.0,Information,-1.0086363480448959,1,NORMAL
11/10/2016 10:00:30 PM,unknown,unknown,system,Microsoft-Windows-WindowsUpdateClient,43.0,Information,-1.0102129356109193,1,NORMAL
11/10/2016 10:00:25 PM,unknown,unknown,system,Microsoft-Windows-WindowsUpdateClient,43.0,Information,-1.0102129356109193,1,NORMAL
11/10/2016 10:00:25 PM,unknown,unknown,system,Microsoft-Windows-WindowsUpdateClient,43.0,Information,-1.0086363480448959,1,NORMAL
11/10/2016 10:00:21 PM,unknown,unknown,system,Microsoft-Windows-WindowsUpdateClient,43.0,Information,-1.0086363480448959,1,NORMAL
11/10/2016 10:00:21 PM,unknown,unknown,system,Microsoft-Windows-WindowsUpdateClient,43.0,Information,-1.0102129356109193,1,NORMAL
11/10/2016 10:00:04 PM,unknown,unknown,system,Microsoft-Windows-WindowsUpdateClient,43.0,Information,-1.45578390959077,-1,HIGH
11/10/2016 10:00:04 PM,unknown,unknown,system,Microsoft-Windows-WindowsUpdateClient,43.0,Information,-1.0102129356109193,1,NORMAL
11/10/2016 9:59:54 PM,unknown,unknown,system,Microsoft-Windows-WindowsUpdateClient,43.0,Information,-1.0226171125079793,1,NORMAL
11/10/2016 9:59:49 PM,unknown,unknown,system,Microsoft-Windows-WindowsUpdateClient,43.0,Information,-1.0226171125079793,1,NORMAL
11/10/2016 9:59:49 PM,unknown,unknown,system,Microsoft-Windows-WindowsUpdateClient,43.0,Information,-1.0226171125079793,1,NORMAL
11/10/2016 9:59:49 PM,unknown,unknown,system,Microsoft-Windows-WindowsUpdateClient,19.0,Information,-1.034465890729967,1,NORMAL
11/10/2016 9:59:33 PM,unknown,unknown,system,Microsoft-Windows-WindowsUpdateClient,43.0,Information,-1.0351242405627559,1,NORMAL
11/10/2016 9:59:28 PM,unknown,unknown,system,Microsoft-Windows-WindowsUpdateClient,19.0,Information,-1.0228841341965136,1,NORMAL
11/10/2016 9:59:28 PM,unknown,unknown,system,Microsoft-Windows-WindowsUpdateClient,43.0,Information,-1.0226171125079793,1,NORMAL
11/10/2016 9:59:28 PM,unknown,unknown,system,Microsoft-Windows-WindowsUpdateClient,43.0,Information,-1.0229647590098805,1,NORMAL
11/10/2016 9:59:24 PM,unknown,unknown,system,Microsoft-Windows-WindowsUpdateClient,43.0,Information,-1.0226171125079793,1,NORMAL
11/10/2016 9:59:24 PM,unknown,unknown,system,Microsoft-Windows-WindowsUpdateClient,19.0,Information,-1.0229638774493224,1,NORMAL
11/10/2016 9:59:24 PM,unknown,unknown,system,Microsoft-Windows-WindowsUpdateClient,43.0,Information,-1.0229647590098805,1,NORMAL
11/10/2016 9:59:24 PM,unknown,unknown,system,Microsoft-Windows-WindowsUpdateClient,43.0,Information,-1.0226171125079793,1,NORMAL
11/10/2016 9:59:20 PM,unknown,unknown,system,Microsoft-Windows-WindowsUpdateClient,43.0,Information,-1.0226171125079793,1,NORMAL
11/10/2016 9:59:20 PM,unknown,unknown,system,Microsoft-Windows-WindowsUpdateClient,19.0,Information,-1.0228841341965136,1,NORMAL
11/10/2016 9:59:20 PM,unknown,unknown,system,Microsoft-Windows-WindowsUpdateClient,43.0,Information,-1.0226171125079793,1,NORMAL
11/10/2016 9:59:13 PM,unknown,unknown,system,Microsoft-Windows-WindowsUpdateClient,43.0,Information,-1.0351242405627559,1,NORMAL
11/10/2016 9:59:13 PM,unknown,unknown,system,Microsoft-Windows-WindowsUpdateClient,43.0,Information,-1.0229647590098805,1,NORMAL
11/10/2016 9:59:13 PM,unknown,unknown,system,Microsoft-Windows-WindowsUpdateClient,19.0,Information,-1.031906692236117,1,NORMAL
11/10/2016 9:59:09 PM,unknown,unknown,system,Service Control Manager,7040.0,Information,-2.396664623677426,-1,HIGH
11/10/2016 9:59:08 PM,unknown,unknown,system,Service Control Manager,7040.0,Information,-2.396664623677426,-1,HIGH
11/10/2016 9:59:04 PM,unknown,unknown,system,Microsoft-Windows-WindowsUpdateClient,43.0,Information,-1.0324403274207294,1,NORMAL
11/10/2016 9:59:04 PM,unknown,unknown,system,Microsoft-Windows-WindowsUpdateClient,19.0,Information,-1.034465890729967,1,NORMAL
11/10/2016 9:59:00 PM,unknown,unknown,system,Service Control Manager,7040.0,Information,-2.396664623677426,-1,HIGH
11/10/2016 9:58:58 PM,unknown,unknown,system,Service Control Manager,7040.0,Information,-2.311643785130668,-1,HIGH
11/10/2016 9:58:55 PM,unknown,unknown,system,Microsoft-Windows-WindowsUpdateClient,43.0,Information,-1.0244674753576377,1,NORMAL
11/10/2016 9:58:55 PM,unknown,unknown,system,Microsoft-Windows-WindowsUpdateClient,19.0,Information,-1.018752396320303,1,NORMAL
11/10/2016 9:58:50 PM,unknown,unknown,system,Service Control Manager,7040.0,Information,-2.311643785130668,-1,HIGH
11/10/2016 9:58:50 PM,unknown,unknown,system,Service Control Manager,7036.0,Information,-2.2180530111045225,-1,HIGH
11/10/2016 9:58:50 PM,unknown,unknown,system,Service Control Manager,7036.0,Information,-2.260666785792967,-1,HIGH
11/10/2016 9:58:49 PM,unknown,unknown,system,Service Control Manager,7040.0,Information,-2.311643785130668,-1,HIGH
11/10/2016 9:58:32 PM,unknown,unknown,system,Microsoft-Windows-WindowsUpdateClient,43.0,Information,-1.0187457209540889,1,NORMAL
11/10/2016 9:58:27 PM,unknown,unknown,system,Microsoft-Windows-Kernel-General,16.0,Information,-0.9967347371255764,1,NORMAL
11/10/2016 9:58:27 PM,unknown,unknown,system,Service Control Manager,7040.0,Information,-2.311643785130668,-1,HIGH
11/10/2016 9:58:16 PM,unknown,unknown,system,Microsoft-Windows-Kernel-General,15.0,Information,-0.9967805253198088,1,NORMAL
11/10/2016 9:58:15 PM,unknown,unknown,system,Service Control Manager,7036.0,Information,-2.2278514633344777,-1,HIGH
11/10/2016 9:58:12 PM,unknown,unknown,system,Microsoft-Windows-Kernel-General,16.0,Information,-0.9971551162726119,1,NORMAL
11/10/2016 9:58:12 PM,unknown,unknown,system,Microsoft-Windows-Kernel-General,16.0,Information,-0.9966870330091713,1,NORMAL
11/10/2016 9:58:12 PM,unknown,unknown,system,Microsoft-Windows-Kernel-General,16.0,Information,-0.9967102471048723,1,NORMAL
11/10/2016 9:58:10 PM,unknown,unknown,system,Microsoft-Windows-Kernel-General,16.0,Information,-0.9967431832966868,1,NORMAL
