12/1/2016 8:24:23 PM,unknown,unknown,system,Microsoft-Windows-WindowsUpdateClient,17.0,Information,-3.5847282881994427,-1,HIGH
,unknown,unknown,system,,,- Security Update for Microsoft .NET Framework 3.5 on Windows 8.1 and Windows Server 2012 R2 for x64 (KB3142026),-1.0,1,NORMAL
,unknown,unknown,system,,,- Security Update for Microsoft .NET Framework 3.5 on Windows 8.1 and Windows Server 2012 R2 for x64-based Systems (KB3037576),-1.0,1,NORMAL
,unknown,unknown,system,,,- Security Update for Microsoft .NET Framework 3.5 on Windows 8.1 and Windows Server 2012 R2 for x64 (KB3135985),-1.0,1,NORMAL
,unknown,unknown,system,,,- Security Update for Microsoft .NET Framework 3.5 on Windows 8.1 and Windows Server 2012 R2 for x64 (KB3127222),-1.0,1,NORMAL
,unknown,unknown,system,,,- Security Update for Microsoft .NET Framework 3.5 on Windows 8.1 and Windows Server 2012 R2 for x64-based Systems (KB3074545),-1.0,1,NORMAL
12/1/2016 8:24:23 PM,unknown,unknown,system,Microsoft-Windows-WindowsUpdateClient,17.0,Information,-3.5847282881994427,-1,HIGH
,unknown,unknown,system,,,- Security Update for Microsoft .NET Framework 3.5 on Windows 8.1 and Windows Server 2012 R2 for x64 (KB3142026),-1.0,1,NORMAL
,unknown,unknown,system,,,- Security Update for Microsoft .NET Framework 3.5 on Windows 8.1 and Windows Server 2012 R2 for x64-based Systems (KB3037576),-1.0,1,NORMAL
,unknown,unknown,system,,,- Security Update for Microsoft .NET Framework 3.5 on Windows 8.1 and Windows Server 2012 R2 for x64 (KB3135985),-1.0,1,NORMAL
,unknown,unknown,system,,,- Security Update for Microsoft .NET Framework 3.5 on Windows 8.1 and Windows Server 2012 R2 for x64 (KB3127222),-1.0,1,NORMAL
12/1/2016 8:24:23 PM,unknown,unknown,system,Microsoft-Windows-WindowsUpdateClient,17.0,Information,-3.5847282881994427,-1,HIGH
,unknown,unknown,system,,,- Security Update for Microsoft .NET Framework 3.5 on Windows 8.1 and Windows Server 2012 R2 for x64 (KB3142026),-1.0,1,NORMAL
,unknown,unknown,system,,,- Security Update for Microsoft .NET Framework 3.5 on Windows 8.1 and Windows Server 2012 R2 for x64-based Systems (KB3037576),-1.0,1,NORMAL
,unknown,unknown,system,,,- Security Update for Microsoft .NET Framework 3.5 on Windows 8.1 and Windows Server 2012 R2 for x64 (KB3135985),-1.0,1,NORMAL
12/1/2016 8:24:23 PM,unknown,unknown,system,Microsoft-Windows-WindowsUpdateClient,17.0,Information,-3.5847282881994427,-1,HIGH
,unknown,unknown,system,,,- Security Update for Microsoft .NET Framework 3.5 on Windows 8.1 and Windows Server 2012 R2 for x64 (KB3142026),-1.0,1,NORMAL
,unknown,unknown,system,,,- Security Update for Microsoft .NET Framework 3.5 on Windows 8.1 and Windows Server 2012 R2 for x64-based Systems (KB3037576),-1.0,1,NORMAL
12/1/2016 8:24:23 PM,unknown,unknown,system,Microsoft-Windows-WindowsUpdateClient,17.0,Information,-3.5847282881994427,-1,HIGH
,unknown,unknown,system,,,- Security Update for Microsoft .NET Framework 3.5 on Windows 8.1 and Windows Server 2012 R2 for x64 (KB3142026),-1.0,1,NORMAL
12/1/2016 8:23:56 PM,unknown,unknown,system,Service Control Manager,7036.0,Information,-0.989514374757407,1,NORMAL
12/1/2016 8:20:49 PM,unknown,unknown,system,Service Control Manager,7036.0,Information,-0.9867718542492788,1,NORMAL
12/1/2016 8:20:09 PM,unknown,unknown,system,Service Control Manager,7036.0,Information,-0.9866578582961434,1,NORMAL
12/1/2016 8:20:09 PM,unknown,unknown,system,Service Control Manager,7036.0,Information,-0.9866578582961434,1,NORMAL
12/1/2016 8:20:00 PM,unknown,unknown,system,Service Control Manager,7036.0,Information,-0.9817136556260266,1,NORMAL
12/1/2016 8:18:43 PM,unknown,unknown,system,Service Control Manager,7036.0,Information,-0.98938500879766,1,NORMAL
12/1/2016 8:18:12 PM,unknown,unknown,system,Service Control Manager,7036.0,Information,-0.98938500879766,1,NORMAL
12/1/2016 8:16:47 PM,unknown,unknown,system,Service Control Manager,7040.0,Information,-1.0231211426637123,1,NORMAL
12/1/2016 8:16:32 PM,unknown,unknown,system,Service Control Manager,7040.0,Information,-1.0231211426637123,1,NORMAL
12/1/2016 8:16:28 PM,unknown,unknown,system,Service Control Manager,7040.0,Information,-1.0231211426637123,1,NORMAL
12/1/2016 8:16:16 PM,unknown,unknown,system,Service Control Manager,7040.0,Information,-1.0231211426637123,1,NORMAL
12/1/2016 8:16:10 PM,unknown,unknown,system,Service Control Manager,7036.0,Information,-1.0094266661309919,1,NORMAL
12/1/2016 8:16:01 PM,unknown,unknown,system,Service Control Manager,7040.0,Information,-1.0231211426637123,1,NORMAL
12/1/2016 8:15:53 PM,unknown,unknown,system,Service Control Manager,7036.0,Information,-1.0436279177013796,1,NORMAL
12/1/2016 8:15:49 PM,unknown,unknown,system,Service Control Manager,7045.0,Information,-2.5484837884216276,-1,HIGH
12/1/2016 8:15:49 PM,unknown,unknown,system,Service Control Manager,7045.0,Information,-2.485283441227109,-1,HIGH
12/1/2016 8:15:44 PM,unknown,unknown,system,Service Control Manager,7036.0,Information,-1.0530045452235475,1,NORMAL
12/1/2016 8:14:58 PM,unknown,unknown,system,Service Control Manager,7040.0,Information,-1.1177390365548971,-1,HIGH
12/1/2016 8:14:55 PM,unknown,unknown,system,Service Control Manager,7040.0,Information,-1.1177390365548971,-1,HIGH
12/1/2016 8:14:52 PM,unknown,unknown,system,Service Control Manager,7040.0,Information,-1.1177390365548971,-1,HIGH
12/1/2016 8:14:49 PM,unknown,unknown,system,Service Control Manager,7040.0,Information,-1.1177390365548971,-1,HIGH
12/1/2016 8:14:47 PM,unknown,unknown,system,Service Control Manager,7036.0,Information,-1.0576887970357083,1,NORMAL
12/1/2016 8:14:42 PM,unknown,unknown,system,Service Control Manager,7040.0,Information,-1.1177390365548971,-1,HIGH
12/1/2016 8:14:40 PM,unknown,unknown,system,Service Control Manager,7040.0,Information,-1.1177390365548971,-1,HIGH
12/1/2016 8:14:39 PM,unknown,unknown,system,Service Control Manager,7040.0,Information,-1.1177390365548971,-1,HIGH
12/1/2016 8:14:37 PM,unknown,unknown,system,Service Control Manager,7040.0,Information,-1.1177390365548971,-1,HIGH
12/1/2016 8:14:31 PM,unknown,unknown,system,Service Control Manager,7040.0,Information,-1.1177390365548971,-1,HIGH
12/1/2016 8:12:41 PM,unknown,unknown,system,Service Control Manager,7040.0,Information,-1.1326001424336136,-1,HIGH
12/1/2016 8:12:33 PM,unknown,unknown,system,Service Control Manager,7040.0,Information,-1.1326001424336136,-1,HIGH
12/1/2016 8:12:21 PM,unknown,unknown,system,Microsoft-Windows-WindowsUpdateClient,44.0,Information,-1.289209520766094,-1,HIGH
12/1/2016 8:12:21 PM,unknown,unknown,system,Microsoft-Windows-WindowsUpdateClient,44.0,Information,-1.289209520766094,-1,HIGH
12/1/2016 8:12:21 PM,unknown,unknown,system,Microsoft-Windows-WindowsUpdateClient,44.0,Information,-1.289209520766094,-1,HIGH
12/1/2016 8:12:16 PM,unknown,unknown,system,Microsoft-Windows-WindowsUpdateClient,44.0,Information,-1.289209520766094,-1,HIGH
12/1/2016 8:12:16 PM,unknown,unknown,system,Microsoft-Windows-WindowsUpdateClient,44.0,Information,-1.289209520766094,-1,HIGH
12/1/2016 8:12:16 PM,unknown,unknown,system,Microsoft-Windows-WindowsUpdateClient,44.0,Information,-1.289209520766094,-1,HIGH
12/1/2016 8:12:16 PM,unknown,unknown,system,Microsoft-Windows-WindowsUpdateClient,44.0,Information,-1.289209520766094,-1,HIGH
12/1/2016 8:12:16 PM,unknown,unknown,system,Microsoft-Windows-WindowsUpdateClient,44.0,Information,-1.289209520766094,-1,HIGH
12/1/2016 8:12:16 PM,unknown,unknown,system,Microsoft-Windows-WindowsUpdateClient,44.0,Information,-1.289209520766094,-1,HIGH
12/1/2016 8:12:16 PM,unknown,unknown,system,Microsoft-Windows-WindowsUpdateClient,44.0,Information,-1.289209520766094,-1,HIGH
12/1/2016 8:12:16 PM,unknown,unknown,system,Microsoft-Windows-WindowsUpdateClient,44.0,Information,-1.289209520766094,-1,HIGH
12/1/2016 8:12:16 PM,unknown,unknown,system,Microsoft-Windows-WindowsUpdateClient,44.0,Information,-1.289209520766094,-1,HIGH
12/1/2016 8:12:16 PM,unknown,unknown,system,Microsoft-Windows-WindowsUpdateClient,44.0,Information,-1.289209520766094,-1,HIGH
12/1/2016 8:12:16 PM,unknown,unknown,system,Microsoft-Windows-WindowsUpdateClient,44.0,Information,-1.289209520766094,-1,HIGH
12/1/2016 8:12:16 PM,unknown,unknown,system,Microsoft-Windows-WindowsUpdateClient,44.0,Information,-1.289209520766094,-1,HIGH
12/1/2016 8:12:16 PM,unknown,unknown,system,Microsoft-Windows-WindowsUpdateClient,44.0,Information,-1.289209520766094,-1,HIGH
12/1/2016 8:12:16 PM,unknown,unknown,system,Microsoft-Windows-WindowsUpdateClient,44.0,Information,-1.289209520766094,-1,HIGH
12/1/2016 8:12:16 PM,unknown,unknown,system,Microsoft-Windows-WindowsUpdateClient,44.0,Information,-1.289209520766094,-1,HIGH
12/1/2016 8:12:16 PM,unknown,unknown,system,Microsoft-Windows-WindowsUpdateClient,44.0,Information,-1.289209520766094,-1,HIGH
12/1/2016 8:12:14 PM,unknown,unknown,system,Service Control Manager,7040.0,Information,-1.1783052912363994,-1,HIGH
12/1/2016 8:09:24 PM,unknown,unknown,system,Service Control Manager,7036.0,Information,-1.0186094709862867,1,NORMAL
12/1/2016 8:08:54 PM,unknown,unknown,system,Service Control Manager,7036.0,Information,-1.0108101005619148,1,NORMAL
12/1/2016 8:08:53 PM,unknown,unknown,system,Service Control Manager,7036.0,Information,-1.010557305892954,1,NORMAL
12/1/2016 8:07:16 PM,unknown,unknown,system,Service Control Manager,7036.0,Information,-1.036680010108184,1,NORMAL
12/1/2016 8:07:16 PM,unknown,unknown,system,Service Control Manager,7036.0,Information,-1.0714682867036551,1,NORMAL
12/1/2016 8:07:16 PM,unknown,unknown,system,Service Control Manager,7036.0,Information,-1.035140917229298,1,NORMAL
12/1/2016 8:05:26 PM,unknown,unknown,system,Service Control Manager,7036.0,Information,-1.1760879692894792,-1,HIGH
12/1/2016 7:55:32 PM,unknown,unknown,system,Service Control Manager,7036.0,Information,-1.6172157067950714,-1,HIGH
12/1/2016 7:48:42 PM,unknown,unknown,system,Service Control Manager,7036.0,Information,-2.471616411736569,-1,HIGH
12/1/2016 7:48:12 PM,unknown,unknown,system,Service Control Manager,7036.0,Information,-2.471616411736569,-1,HIGH
12/1/2016 7:38:34 PM,unknown,unknown,system,Service Control Manager,7036.0,Information,-0.9970343918148211,1,NORMAL
12/1/2016 7:28:32 PM,unknown,unknown,system,Service Control Manager,7036.0,Information,-1.256461971416294,-1,HIGH
12/1/2016 7:28:32 PM,unknown,unknown,system,Service Control Manager,7036.0,Information,-1.2072589519833399,-1,HIGH
12/1/2016 7:18:42 PM,unknown,unknown,system,Service Control Manager,7036.0,Information,-1.0078507343005179,1,NORMAL
12/1/2016 7:18:12 PM,unknown,unknown,system,Service Control Manager,7036.0,Information,-1.0078507343005179,1,NORMAL
12/1/2016 7:11:31 PM,unknown,unknown,system,Service Control Manager,7036.0,Information,-1.1349156368077808,-1,HIGH
12/1/2016 7:10:26 PM,unknown,unknown,system,Service Control Manager,7036.0,Information,-1.142222599884079,-1,HIGH
12/1/2016 7:04:37 PM,unknown,unknown,system,Service Control Manager,7036.0,Information,-1.7288745066066613,-1,HIGH
12/1/2016 6:53:59 PM,unknown,unknown,system,Service Control Manager,7036.0,Information,-2.1740954370502616,-1,HIGH
12/1/2016 6:48:42 PM,unknown,unknown,system,Service Control Manager,7036.0,Information,-1.9151766662471967,-1,HIGH
12/1/2016 6:48:12 PM,unknown,unknown,system,Service Control Manager,7036.0,Information,-1.9151766662471967,-1,HIGH
12/1/2016 6:37:00 PM,unknown,unknown,system,Service Control Manager,7036.0,Information,-1.060026436102167,1,NORMAL
12/1/2016 6:26:59 PM,unknown,unknown,system,Service Control Manager,7036.0,Information,-1.133283666431228,-1,HIGH
12/1/2016 6:26:59 PM,unknown,unknown,system,Service Control Manager,7036.0,Information,-1.2248824665414688,-1,HIGH
12/1/2016 6:19:37 PM,unknown,unknown,system,Service Control Manager,7036.0,Information,-1.0950894934926223,1,NORMAL
12/1/2016 6:18:42 PM,unknown,unknown,system,Service Control Manager,7036.0,Information,-1.1053342401074593,-1,HIGH
12/1/2016 6:18:11 PM,unknown,unknown,system,Service Control Manager,7036.0,Information,-1.1053342401074593,-1,HIGH
12/1/2016 6:12:18 PM,unknown,unknown,system,Service Control Manager,7036.0,Information,-1.2899837228601976,-1,HIGH
12/1/2016 6:00:52 PM,unknown,unknown,system,Service Control Manager,7036.0,Information,-1.7772722305353816,-1,HIGH
12/1/2016 5:58:28 PM,unknown,unknown,system,Service Control Manager,7036.0,Information,-2.437518384717754,-1,HIGH
12/1/2016 5:58:28 PM,unknown,unknown,system,Service Control Manager,7036.0,Information,-2.437518384717754,-1,HIGH
12/1/2016 5:56:21 PM,unknown,unknown,system,Service Control Manager,7036.0,Information,-2.065728547063688,-1,HIGH
12/1/2016 5:56:21 PM,unknown,unknown,system,Service Control Manager,7036.0,Information,-2.065728547063688,-1,HIGH
12/1/2016 5:54:01 PM,unknown,unknown,system,Service Control Manager,7036.0,Information,-2.1890469785832365,-1,HIGH
12/1/2016 5:49:10 PM,unknown,unknown,system,Service Control Manager,7036.0,Information,-1.2539373637370421,-1,HIGH
12/1/2016 5:48:42 PM,unknown,unknown,system,Service Control Manager,7036.0,Information,-1.1901425070452047,-1,HIGH
12/1/2016 5:48:11 PM,unknown,unknown,system,Service Control Manager,7036.0,Information,-1.1901425070452047,-1,HIGH
12/1/2016 5:46:07 PM,unknown,unknown,system,Service Control Manager,7036.0,Information,-1.1282083561627778,-1,HIGH
12/1/2016 5:44:34 PM,unknown,unknown,system,Service Control Manager,7036.0,Information,-1.0997332098857326,1,NORMAL
12/1/2016 5:44:04 PM,unknown,unknown,system,Service Control Manager,7045.0,Information,-2.6645563931169858,-1,HIGH
12/1/2016 5:42:27 PM,unknown,unknown,system,Service Control Manager,7036.0,Information,-1.0229476193510403,1,NORMAL
12/1/2016 5:42:21 PM,unknown,unknown,system,Service Control Manager,7036.0,Information,-1.025229021180474,1,NORMAL
12/1/2016 5:42:19 PM,unknown,unknown,system,Service Control Manager,7036.0,Information,-1.0229476193510403,1,NORMAL
12/1/2016 5:42:01 PM,unknown,unknown,system,Service Control Manager,7036.0,Information,-1.0201318398659165,1,NORMAL
12/1/2016 5:41:40 PM,unknown,unknown,system,Service Control Manager,7036.0,Information,-1.0270000486098574,1,NORMAL
12/1/2016 5:39:11 PM,unknown,unknown,system,Service Control Manager,7036.0,Information,-1.0239883479671903,1,NORMAL
12/1/2016 5:39:11 PM,unknown,unknown,system,Service Control Manager,7036.0,Information,-1.0239883479671903,1,NORMAL
12/1/2016 5:37:24 PM,unknown,unknown,system,Service Control Manager,7036.0,Information,-1.0473418740596556,1,NORMAL
12/1/2016 5:32:22 PM,unknown,unknown,system,Service Control Manager,7036.0,Information,-1.227526594065455,-1,HIGH
12/1/2016 5:32:22 PM,unknown,unknown,system,Service Control Manager,7036.0,Information,-1.075527112029816,1,NORMAL
12/1/2016 5:32:21 PM,unknown,unknown,system,Microsoft-Windows-Kernel-General,16.0,Information,-1.0346773547445358,1,NORMAL
12/1/2016 5:31:25 PM,unknown,unknown,system,Service Control Manager,7036.0,Information,-1.0769181939210677,1,NORMAL
12/1/2016 5:19:18 PM,unknown,unknown,system,Service Control Manager,7036.0,Information,-1.1562565778916962,-1,HIGH
12/1/2016 5:18:41 PM,unknown,unknown,system,Service Control Manager,7036.0,Information,-1.205194198477364,-1,HIGH
12/1/2016 5:18:11 PM,unknown,unknown,system,Service Control Manager,7036.0,Information,-1.205194198477364,-1,HIGH
12/1/2016 5:06:39 PM,unknown,unknown,system,Service Control Manager,7036.0,Information,-1.8323435456290116,-1,HIGH
12/1/2016 5:02:46 PM,unknown,unknown,system,Service Control Manager,7036.0,Information,-1.4339440827835233,-1,HIGH
12/1/2016 5:02:19 PM,unknown,unknown,system,Service Control Manager,7036.0,Information,-1.6894998314852494,-1,HIGH
12/1/2016 4:52:18 PM,unknown,unknown,system,Service Control Manager,7036.0,Information,-1.1743236211382773,-1,HIGH
12/1/2016 4:52:18 PM,unknown,unknown,system,Service Control Manager,7036.0,Information,-1.0529614284833542,1,NORMAL
12/1/2016 4:52:18 PM,unknown,unknown,system,Service Control Manager,7036.0,Information,-1.1607423338826077,-1,HIGH
12/1/2016 4:48:41 PM,unknown,unknown,system,Service Control Manager,7036.0,Information,-1.14600410492542,-1,HIGH
12/1/2016 4:48:10 PM,unknown,unknown,system,Service Control Manager,7036.0,Information,-1.14600410492542,-1,HIGH
12/1/2016 4:39:37 PM,unknown,unknown,system,Service Control Manager,7036.0,Information,-1.0545326884229653,1,NORMAL
12/1/2016 4:19:37 PM,unknown,unknown,system,Service Control Manager,7036.0,Information,-1.2177936814541923,-1,HIGH
12/1/2016 4:18:40 PM,unknown,unknown,system,Service Control Manager,7036.0,Information,-1.1654576119127755,-1,HIGH
12/1/2016 4:18:10 PM,unknown,unknown,system,Service Control Manager,7036.0,Information,-1.1654576119127755,-1,HIGH
12/1/2016 3:48:40 PM,unknown,unknown,system,Service Control Manager,7036.0,Information,-1.1734450509888201,-1,HIGH
12/1/2016 3:48:10 PM,unknown,unknown,system,Service Control Manager,7036.0,Information,-1.1734450509888201,-1,HIGH
12/1/2016 3:43:32 PM,unknown,unknown,system,Service Control Manager,7036.0,Information,-1.142562917104055,-1,HIGH
12/1/2016 3:30:32 PM,unknown,unknown,system,Service Control Manager,7036.0,Information,-1.0433133288013654,1,NORMAL
12/1/2016 3:18:40 PM,unknown,unknown,system,Service Control Manager,7036.0,Information,-1.1736877645096713,-1,HIGH
12/1/2016 3:18:10 PM,unknown,unknown,system,Service Control Manager,7036.0,Information,-1.1736877645096713,-1,HIGH
12/1/2016 3:13:33 PM,unknown,unknown,system,Service Control Manager,7036.0,Information,-1.0681315491547163,1,NORMAL
12/1/2016 3:03:32 PM,unknown,unknown,system,Service Control Manager,7036.0,Information,-1.0794452245435056,1,NORMAL
12/1/2016 3:03:32 PM,unknown,unknown,system,Service Control Manager,7036.0,Information,-1.0180646492492667,1,NORMAL
12/1/2016 3:03:32 PM,unknown,unknown,system,Service Control Manager,7036.0,Information,-1.0711552997345555,1,NORMAL
12/1/2016 2:48:40 PM,unknown,unknown,system,Service Control Manager,7036.0,Information,-1.129693830147669,-1,HIGH
12/1/2016 2:48:10 PM,unknown,unknown,system,Service Control Manager,7036.0,Information,-1.129693830147669,-1,HIGH
12/1/2016 2:39:35 PM,unknown,unknown,system,Service Control Manager,7036.0,Information,-1.047480954949062,1,NORMAL
12/1/2016 2:19:14 PM,unknown,unknown,system,Service Control Manager,7036.0,Information,-1.0789540059442155,1,NORMAL
12/1/2016 2:18:40 PM,unknown,unknown,system,Service Control Manager,7036.0,Information,-1.158018644983695,-1,HIGH
12/1/2016 2:18:09 PM,unknown,unknown,system,Service Control Manager,7036.0,Information,-1.158018644983695,-1,HIGH
12/1/2016 2:09:11 PM,unknown,unknown,system,Service Control Manager,7036.0,Information,-1.0161139147782388,1,NORMAL
12/1/2016 2:06:06 PM,unknown,unknown,system,Service Control Manager,7036.0,Information,-0.9911822067812337,1,NORMAL
12/1/2016 2:04:06 PM,unknown,unknown,system,Service Control Manager,7036.0,Information,-1.0419242637971369,1,NORMAL
12/1/2016 2:04:06 PM,unknown,unknown,system,Service Control Manager,7036.0,Information,-1.0419242637971369,1,NORMAL
12/1/2016 2:04:06 PM,unknown,unknown,system,Service Control Manager,7036.0,Information,-0.9939409461736706,1,NORMAL
12/1/2016 2:02:27 PM,unknown,unknown,system,Service Control Manager,7036.0,Information,-1.0864051120526477,1,NORMAL
12/1/2016 2:00:49 PM,unknown,unknown,system,Service Control Manager,7036.0,Information,-1.1675897635679688,-1,HIGH
12/1/2016 2:00:09 PM,unknown,unknown,system,Service Control Manager,7036.0,Information,-1.144538981494796,-1,HIGH
12/1/2016 1:58:48 PM,unknown,unknown,system,Service Control Manager,7036.0,Information,-1.1231959660930846,-1,HIGH
12/1/2016 1:53:15 PM,unknown,unknown,system,Service Control Manager,7036.0,Information,-1.0704135811921904,1,NORMAL
12/1/2016 1:53:05 PM,unknown,unknown,system,Service Control Manager,7036.0,Information,-1.0562168176487197,1,NORMAL
12/1/2016 1:51:11 PM,unknown,unknown,system,Service Control Manager,7036.0,Information,-1.0868338226850647,1,NORMAL
12/1/2016 1:51:10 PM,unknown,unknown,system,Service Control Manager,7036.0,Information,-1.11026307554973,-1,HIGH
12/1/2016 1:51:05 PM,unknown,unknown,system,Service Control Manager,7036.0,Information,-1.1085397907551553,-1,HIGH
12/1/2016 1:51:05 PM,unknown,unknown,system,Service Control Manager,7036.0,Information,-1.0599663976461624,1,NORMAL
12/1/2016 1:51:05 PM,unknown,unknown,system,Microsoft-Windows-GroupPolicy,1503.0,Information,-1.2979117049171007,-1,HIGH
12/1/2016 1:51:05 PM,unknown,unknown,system,Microsoft-Windows-Winlogon,7001.0,Information,-1.1133807905839046,-1,HIGH
12/1/2016 1:50:44 PM,unknown,unknown,system,Service Control Manager,7036.0,Information,-1.0555176883753725,1,NORMAL
12/1/2016 1:50:43 PM,unknown,unknown,system,Microsoft-Windows-Winlogon,7002.0,Information,-1.0925227495691603,1,NORMAL
12/1/2016 1:48:41 PM,unknown,unknown,system,Service Control Manager,7040.0,Information,-1.0941528931477207,1,NORMAL
12/1/2016 1:48:40 PM,unknown,unknown,system,Service Control Manager,7036.0,Information,-1.093886526905681,1,NORMAL
12/1/2016 1:48:09 PM,unknown,unknown,system,Service Control Manager,7036.0,Information,-1.093886526905681,1,NORMAL
12/1/2016 1:45:59 PM,unknown,unknown,system,Service Control Manager,7036.0,Information,-1.1068571877872186,-1,HIGH
12/1/2016 1:45:58 PM,unknown,unknown,system,Service Control Manager,7036.0,Information,-1.1068571877872186,-1,HIGH
12/1/2016 1:42:58 PM,unknown,unknown,system,Service Control Manager,7036.0,Information,-1.0677628988594194,1,NORMAL
12/1/2016 1:42:58 PM,unknown,unknown,system,Service Control Manager,7036.0,Information,-1.0677628988594194,1,NORMAL
12/1/2016 1:33:11 PM,unknown,unknown,system,Service Control Manager,7036.0,Information,-1.170964283540713,-1,HIGH
12/1/2016 1:33:11 PM,unknown,unknown,system,Service Control Manager,7036.0,Information,-1.170964283540713,-1,HIGH
12/1/2016 1:30:06 PM,unknown,unknown,system,Service Control Manager,7036.0,Information,-1.2631863950369662,-1,HIGH
12/1/2016 1:29:58 PM,unknown,unknown,system,Service Control Manager,7036.0,Information,-1.2010877924267487,-1,HIGH
12/1/2016 1:24:20 PM,unknown,unknown,system,Service Control Manager,7036.0,Information,-1.2364639719597774,-1,HIGH
12/1/2016 1:21:48 PM,unknown,unknown,system,Service Control Manager,7036.0,Information,-1.2516869551906245,-1,HIGH
12/1/2016 1:18:39 PM,unknown,unknown,system,Service Control Manager,7036.0,Information,-1.2643681120500683,-1,HIGH
12/1/2016 1:18:09 PM,unknown,unknown,system,Service Control Manager,7036.0,Information,-1.2643681120500683,-1,HIGH
12/1/2016 1:11:48 PM,unknown,unknown,system,Service Control Manager,7036.0,Information,-1.0329904227069668,1,NORMAL
12/1/2016 1:11:48 PM,unknown,unknown,system,Service Control Manager,7036.0,Information,-1.0285420116454398,1,NORMAL
12/1/2016 1:06:54 PM,unknown,unknown,system,Service Control Manager,7036.0,Information,-1.0312037919052963,1,NORMAL
12/1/2016 1:00:17 PM,unknown,unknown,system,Service Control Manager,7036.0,Information,-2.8655462739708697,-1,HIGH
12/1/2016 12:56:04 PM,unknown,unknown,system,Service Control Manager,7036.0,Information,-1.1253990337968884,-1,HIGH
12/1/2016 12:55:25 PM,unknown,unknown,system,Service Control Manager,7036.0,Information,-1.070336513613378,1,NORMAL
12/1/2016 12:53:46 PM,unknown,unknown,system,Microsoft-Windows-DNS-Client,1014.0,Warning,-5.6000686515408065,-1,HIGH
12/1/2016 12:53:04 PM,unknown,unknown,system,Service Control Manager,7036.0,Information,-1.0692660155852716,1,NORMAL
12/1/2016 12:52:20 PM,unknown,unknown,system,Service Control Manager,7036.0,Information,-1.046208625195845,1,NORMAL
12/1/2016 12:50:15 PM,unknown,unknown,system,Service Control Manager,7045.0,Information,-2.615506867038323,-1,HIGH
12/1/2016 12:50:04 PM,unknown,unknown,system,Service Control Manager,7036.0,Information,-1.0677263272389612,1,NORMAL
12/1/2016 12:50:03 PM,unknown,unknown,system,Service Control Manager,7036.0,Information,-1.046116121502065,1,NORMAL
12/1/2016 12:50:03 PM,unknown,unknown,system,Service Control Manager,7040.0,Information,-1.1184342669527756,-1,HIGH
12/1/2016 12:49:57 PM,unknown,unknown,system,Service Control Manager,7045.0,Information,-3.3320817958119124,-1,HIGH
12/1/2016 12:48:39 PM,unknown,unknown,system,Service Control Manager,7036.0,Information,-1.0449502892637499,1,NORMAL
12/1/2016 12:48:29 PM,unknown,unknown,system,Microsoft-Windows-WindowsUpdateClient,44.0,Information,-1.5799696686391413,-1,HIGH
12/1/2016 12:48:08 PM,unknown,unknown,system,Microsoft-Windows-WindowsUpdateClient,44.0,Information,-1.5799696686391413,-1,HIGH
12/1/2016 12:48:00 PM,unknown,unknown,system,Microsoft-Windows-WindowsUpdateClient,44.0,Information,-1.5799696686391413,-1,HIGH
12/1/2016 12:47:55 PM,unknown,unknown,system,Service Control Manager,7040.0,Information,-1.181064406210801,-1,HIGH
12/1/2016 12:47:50 PM,unknown,unknown,system,Service Control Manager,7036.0,Information,-1.0507499648050436,1,NORMAL
12/1/2016 12:47:49 PM,unknown,unknown,system,Service Control Manager,7036.0,Information,-1.04571613983383,1,NORMAL
12/1/2016 12:47:35 PM,unknown,unknown,system,Service Control Manager,7040.0,Information,-1.149196612277716,-1,HIGH
12/1/2016 12:47:31 PM,unknown,unknown,system,Service Control Manager,7036.0,Information,-1.0478670011057383,1,NORMAL
12/1/2016 12:47:11 PM,unknown,unknown,system,Service Control Manager,7036.0,Information,-1.0451534296807727,1,NORMAL
12/1/2016 12:47:02 PM,unknown,unknown,system,Service Control Manager,7036.0,Information,-1.0513299309447648,1,NORMAL
12/1/2016 12:46:50 PM,unknown,unknown,system,Service Control Manager,7036.0,Information,-1.0755928397260557,1,NORMAL
12/1/2016 12:44:35 PM,unknown,unknown,system,Service Control Manager,7036.0,Information,-1.0246777947355858,1,NORMAL
12/1/2016 12:44:29 PM,unknown,unknown,system,Service Control Manager,7036.0,Information,-1.0477368612158677,1,NORMAL
12/1/2016 12:37:34 PM,unknown,unknown,system,Service Control Manager,7036.0,Information,-1.0277675169507536,1,NORMAL
12/1/2016 12:19:34 PM,unknown,unknown,system,Service Control Manager,7036.0,Information,-3.090969163454174,-1,HIGH
12/1/2016 12:18:39 PM,unknown,unknown,system,Service Control Manager,7036.0,Information,-3.620166032822778,-1,HIGH
12/1/2016 12:18:08 PM,unknown,unknown,system,Service Control Manager,7036.0,Information,-3.620166032822778,-1,HIGH
12/1/2016 12:02:36 PM,unknown,unknown,system,Service Control Manager,7036.0,Information,-3.5251946722478227,-1,HIGH
12/1/2016 12:00:00 PM,unknown,unknown,system,EventLog,6013.0,Information,-0.9684410497728654,1,NORMAL
12/1/2016 11:52:34 AM,unknown,unknown,system,Service Control Manager,7036.0,Information,-1.0724870851939627,1,NORMAL
12/1/2016 11:52:34 AM,unknown,unknown,system,Service Control Manager,7036.0,Information,-1.0757450617939124,1,NORMAL
12/1/2016 11:52:34 AM,unknown,unknown,system,Service Control Manager,7036.0,Information,-1.0702027251612949,1,NORMAL
12/1/2016 11:48:39 AM,unknown,unknown,system,Service Control Manager,7036.0,Information,-1.041623270038845,1,NORMAL
12/1/2016 11:48:08 AM,unknown,unknown,system,Service Control Manager,7036.0,Information,-1.041623270038845,1,NORMAL
12/1/2016 11:43:06 AM,unknown,unknown,system,Service Control Manager,7036.0,Information,-0.9983742785765997,1,NORMAL
12/1/2016 11:27:58 AM,unknown,unknown,system,Service Control Manager,7036.0,Information,-1.0200775792516423,1,NORMAL
12/1/2016 11:26:14 AM,unknown,unknown,system,Microsoft-Windows-Time-Service,35.0,Information,-1.30359523106319,-1,HIGH
12/1/2016 11:26:14 AM,unknown,unknown,system,Microsoft-Windows-Time-Service,37.0,Information,-1.303384073295014,-1,HIGH
12/1/2016 11:26:14 AM,unknown,unknown,system,Service Control Manager,7036.0,Information,-1.0356633272045124,1,NORMAL
12/1/2016 11:26:09 AM,unknown,unknown,system,Microsoft-Windows-Kernel-General,1.0,Information,-1.141797709697692,-1,HIGH
12/1/2016 11:25:37 AM,unknown,unknown,system,Service Control Manager,7036.0,Information,-1.0760965772983113,1,NORMAL
12/1/2016 11:19:45 AM,unknown,unknown,system,Service Control Manager,7036.0,Information,-2.5626687883115404,-1,HIGH
12/1/2016 11:18:38 AM,unknown,unknown,system,Service Control Manager,7036.0,Information,-2.9886122070043566,-1,HIGH
12/1/2016 11:18:08 AM,unknown,unknown,system,Service Control Manager,7036.0,Information,-2.9886122070043566,-1,HIGH
12/1/2016 11:13:08 AM,unknown,unknown,system,Service Control Manager,7036.0,Information,-2.853760575880756,-1,HIGH
12/1/2016 11:06:21 AM,unknown,unknown,system,Service Control Manager,7040.0,Information,-1.0000370116882038,1,NORMAL
12/1/2016 11:05:11 AM,unknown,unknown,system,Service Control Manager,7036.0,Information,-1.6525948293243347,-1,HIGH
12/1/2016 11:03:10 AM,unknown,unknown,system,Service Control Manager,7036.0,Information,-2.3745686927138654,-1,HIGH
12/1/2016 11:03:08 AM,unknown,unknown,system,Service Control Manager,7036.0,Information,-2.7348788824988897,-1,HIGH
12/1/2016 11:03:05 AM,unknown,unknown,system,Service Control Manager,7036.0,Information,-2.646472381023828,-1,HIGH
12/1/2016 10:56:47 AM,unknown,unknown,system,Service Control Manager,7036.0,Information,-1.1226566482940696,-1,HIGH
12/1/2016 10:48:38 AM,unknown,unknown,system,Service Control Manager,7036.0,Information,-1.0442227433796267,1,NORMAL
12/1/2016 10:48:08 AM,unknown,unknown,system,Service Control Manager,7036.0,Information,-1.0442227433796267,1,NORMAL
12/1/2016 10:38:59 AM,unknown,unknown,system,Service Control Manager,7036.0,Information,-0.9819016173636226,1,NORMAL
12/1/2016 10:28:57 AM,unknown,unknown,system,Service Control Manager,7036.0,Information,-1.0218637581032999,1,NORMAL
12/1/2016 10:18:38 AM,unknown,unknown,system,Service Control Manager,7036.0,Information,-1.5282679738766094,-1,HIGH
12/1/2016 10:18:08 AM,unknown,unknown,system,Service Control Manager,7036.0,Information,-1.5282679738766094,-1,HIGH
12/1/2016 10:16:22 AM,unknown,unknown,system,Service Control Manager,7036.0,Information,-1.4657175208974644,-1,HIGH
12/1/2016 10:08:04 AM,unknown,unknown,system,Service Control Manager,7036.0,Information,-1.2476334985377313,-1,HIGH
12/1/2016 10:07:33 AM,unknown,unknown,system,Service Control Manager,7036.0,Information,-1.2123030556088095,-1,HIGH
12/1/2016 10:07:13 AM,unknown,unknown,system,Service Control Manager,7036.0,Information,-1.192376584195358,-1,HIGH
12/1/2016 10:07:01 AM,unknown,unknown,system,Service Control Manager,7036.0,Information,-1.1895885359779732,-1,HIGH
12/1/2016 10:02:18 AM,unknown,unknown,system,Service Control Manager,7036.0,Information,-2.830894465602638,-1,HIGH
12/1/2016 10:02:17 AM,unknown,unknown,system,Service Control Manager,7036.0,Information,-2.830894465602638,-1,HIGH
12/1/2016 10:02:00 AM,unknown,unknown,system,Service Control Manager,7036.0,Information,-2.9331326419762367,-1,HIGH
12/1/2016 9:57:58 AM,unknown,unknown,system,Service Control Manager,7036.0,Information,-1.0276296841220822,1,NORMAL
12/1/2016 9:57:46 AM,unknown,unknown,system,Service Control Manager,7036.0,Information,-1.2735274537150654,-1,HIGH
12/1/2016 9:57:28 AM,unknown,unknown,system,Service Control Manager,7040.0,Information,-1.0042251165528215,1,NORMAL
12/1/2016 9:57:28 AM,unknown,unknown,system,Service Control Manager,7036.0,Information,-1.2457998218997326,-1,HIGH
12/1/2016 9:57:27 AM,unknown,unknown,system,Service Control Manager,7036.0,Information,-1.2735274537150654,-1,HIGH
12/1/2016 9:57:24 AM,unknown,unknown,system,Service Control Manager,7045.0,Information,-3.5385279429338823,-1,HIGH
12/1/2016 9:57:24 AM,unknown,unknown,system,Service Control Manager,7045.0,Information,-3.458504662153534,-1,HIGH
12/1/2016 9:55:58 AM,unknown,unknown,system,Service Control Manager,7036.0,Information,-1.2967862844596858,-1,HIGH
12/1/2016 9:55:58 AM,unknown,unknown,system,Service Control Manager,7036.0,Information,-1.2967862844596858,-1,HIGH
12/1/2016 9:55:58 AM,unknown,unknown,system,Service Control Manager,7036.0,Information,-1.0241088055846106,1,NORMAL
12/1/2016 9:54:53 AM,unknown,unknown,system,Service Control Manager,7036.0,Information,-1.3239013773441548,-1,HIGH
12/1/2016 9:53:39 AM,unknown,unknown,system,Service Control Manager,7036.0,Information,-1.1867127176588896,-1,HIGH
12/1/2016 9:53:37 AM,unknown,unknown,system,Service Control Manager,7036.0,Information,-1.1853009757129693,-1,HIGH
12/1/2016 9:53:10 AM,unknown,unknown,system,Service Control Manager,7036.0,Information,-1.1867127176588896,-1,HIGH
12/1/2016 9:53:09 AM,unknown,unknown,system,Service Control Manager,7036.0,Information,-1.1867127176588896,-1,HIGH
12/1/2016 9:49:01 AM,unknown,unknown,system,Service Control Manager,7036.0,Information,-1.0779527478431952,1,NORMAL
12/1/2016 9:48:38 AM,unknown,unknown,system,Service Control Manager,7036.0,Information,-1.067740732607907,1,NORMAL
12/1/2016 9:48:08 AM,unknown,unknown,system,Service Control Manager,7036.0,Information,-1.067740732607907,1,NORMAL
12/1/2016 9:44:56 AM,unknown,unknown,system,Service Control Manager,7036.0,Information,-1.0359627500784077,1,NORMAL
12/1/2016 9:43:43 AM,unknown,unknown,system,Service Control Manager,7036.0,Information,-0.9979438240318658,1,NORMAL
12/1/2016 9:43:37 AM,unknown,unknown,system,Service Control Manager,7036.0,Information,-0.9986270799000718,1,NORMAL
12/1/2016 9:43:18 AM,unknown,unknown,system,Microsoft-Windows-WindowsUpdateClient,19.0,Information,-1.2925360034139113,-1,HIGH
12/1/2016 9:43:18 AM,unknown,unknown,system,Microsoft-Windows-WindowsUpdateClient,19.0,Information,-1.2925360034139113,-1,HIGH
12/1/2016 9:43:18 AM,unknown,unknown,system,Microsoft-Windows-WindowsUpdateClient,19.0,Information,-1.2968939333576486,-1,HIGH
12/1/2016 9:43:14 AM,unknown,unknown,system,Service Control Manager,7036.0,Information,-0.9980417498655916,1,NORMAL
12/1/2016 9:43:12 AM,unknown,unknown,system,Service Control Manager,7036.0,Information,-0.9979438240318658,1,NORMAL
12/1/2016 9:42:58 AM,unknown,unknown,system,Service Control Manager,7036.0,Information,-0.9865009370712992,1,NORMAL
12/1/2016 9:42:57 AM,unknown,unknown,system,Service Control Manager,7036.0,Information,-0.9824538251847261,1,NORMAL
12/1/2016 9:42:56 AM,unknown,unknown,system,Service Control Manager,7036.0,Information,-0.9864063231185809,1,NORMAL
12/1/2016 9:42:56 AM,unknown,unknown,system,Microsoft-Windows-Winlogon,7001.0,Information,-1.111431552646782,-1,HIGH
12/1/2016 9:40:31 AM,unknown,unknown,system,Service Control Manager,7036.0,Information,-0.982802660883887,1,NORMAL
12/1/2016 9:27:58 AM,unknown,unknown,system,Service Control Manager,7036.0,Information,-1.0246602981060065,1,NORMAL
12/1/2016 9:27:46 AM,unknown,unknown,system,Service Control Manager,7036.0,Information,-1.0241085194775428,1,NORMAL
12/1/2016 9:25:33 AM,unknown,unknown,system,Service Control Manager,7036.0,Information,-1.4030981972883436,-1,HIGH
12/1/2016 9:20:26 AM,unknown,unknown,system,Service Control Manager,7036.0,Information,-1.6182808377396984,-1,HIGH
12/1/2016 9:20:23 AM,unknown,unknown,system,Service Control Manager,7036.0,Information,-1.5972392258647132,-1,HIGH
12/1/2016 9:20:00 AM,unknown,unknown,system,Service Control Manager,7036.0,Information,-1.604172079058178,-1,HIGH
12/1/2016 9:19:58 AM,unknown,unknown,system,Service Control Manager,7036.0,Information,-1.2312862014966408,-1,HIGH
12/1/2016 9:19:55 AM,unknown,unknown,system,Service Control Manager,7036.0,Information,-1.210865412300259,-1,HIGH
12/1/2016 9:19:55 AM,unknown,unknown,system,Service Control Manager,7036.0,Information,-1.2318273134083946,-1,HIGH
12/1/2016 9:19:55 AM,unknown,unknown,system,Service Control Manager,7036.0,Information,-1.2040363228211084,-1,HIGH
12/1/2016 9:19:46 AM,unknown,unknown,system,Service Control Manager,7036.0,Information,-1.208183346862759,-1,HIGH
12/1/2016 9:19:41 AM,unknown,unknown,system,Service Control Manager,7036.0,Information,-1.2234866932270907,-1,HIGH
12/1/2016 9:19:41 AM,unknown,unknown,system,Virtual Disk Service,4.0,Information,-13.597677597720452,-1,HIGH
12/1/2016 9:19:38 AM,unknown,unknown,system,Service Control Manager,7036.0,Information,-1.2234866932270907,-1,HIGH
12/1/2016 9:19:38 AM,unknown,unknown,system,Virtual Disk Service,3.0,Information,-13.598996002139366,-1,HIGH
12/1/2016 9:18:39 AM,unknown,unknown,system,Service Control Manager,7036.0,Information,-0.9907561498171433,1,NORMAL
12/1/2016 9:18:23 AM,unknown,unknown,system,Service Control Manager,7040.0,Information,-1.8556495503527841,-1,HIGH
12/1/2016 9:18:08 AM,unknown,unknown,system,Service Control Manager,7036.0,Information,-1.2480419757432362,-1,HIGH
12/1/2016 9:18:04 AM,unknown,unknown,system,Service Control Manager,7036.0,Information,-0.986911052663174,1,NORMAL
12/1/2016 9:18:03 AM,unknown,unknown,system,Service Control Manager,7036.0,Information,-0.986162593346901,1,NORMAL
12/1/2016 9:17:59 AM,unknown,unknown,system,Service Control Manager,7036.0,Information,-0.9961429387369793,1,NORMAL
12/1/2016 9:17:58 AM,unknown,unknown,system,Service Control Manager,7036.0,Information,-0.9993694752580127,1,NORMAL
12/1/2016 9:17:58 AM,unknown,unknown,system,Service Control Manager,7036.0,Information,-0.9981500764604148,1,NORMAL
12/1/2016 9:17:58 AM,unknown,unknown,system,Service Control Manager,7036.0,Information,-0.9976775192951842,1,NORMAL
12/1/2016 9:17:58 AM,unknown,unknown,system,Service Control Manager,7036.0,Information,-0.994891249388995,1,NORMAL
12/1/2016 9:17:58 AM,unknown,unknown,system,Service Control Manager,7036.0,Information,-1.0007213655045584,1,NORMAL
12/1/2016 9:17:56 AM,unknown,unknown,system,Microsoft-Windows-Iphlpsvc,4200.0,Information,-1.348454184487361,-1,HIGH
12/1/2016 9:17:55 AM,unknown,unknown,system,Service Control Manager,7026.0,Information,-0.9952809047548458,1,NORMAL
12/1/2016 9:17:55 AM,unknown,unknown,system,Service Control Manager,7036.0,Information,-0.9904922968542492,1,NORMAL
12/1/2016 9:17:54 AM,unknown,unknown,system,Service Control Manager,7036.0,Information,-0.9885230704832983,1,NORMAL
12/1/2016 9:17:54 AM,unknown,unknown,system,Service Control Manager,7036.0,Information,-0.9977387797575463,1,NORMAL
12/1/2016 9:17:52 AM,unknown,unknown,system,Service Control Manager,7036.0,Information,-0.9977387797575463,1,NORMAL
12/1/2016 9:17:52 AM,unknown,unknown,system,Service Control Manager,7036.0,Information,-0.9928561538523539,1,NORMAL
12/1/2016 9:17:52 AM,unknown,unknown,system,Microsoft-Windows-WinRM,10148.0,Information,-20.830295301190976,-1,HIGH
12/1/2016 9:17:48 AM,unknown,unknown,system,Service Control Manager,7036.0,Information,-0.9989581921688192,1,NORMAL
12/1/2016 9:17:46 AM,unknown,unknown,system,Service Control Manager,7036.0,Information,-0.9962556247644402,1,NORMAL
12/1/2016 9:17:46 AM,unknown,unknown,system,Service Control Manager,7036.0,Information,-0.9915326148829261,1,NORMAL
12/1/2016 9:17:46 AM,unknown,unknown,system,Service Control Manager,7036.0,Information,-0.9947322842094767,1,NORMAL
12/1/2016 9:17:46 AM,unknown,unknown,system,Service Control Manager,7036.0,Information,-0.9976775192951842,1,NORMAL
12/1/2016 9:17:46 AM,unknown,unknown,system,Service Control Manager,7036.0,Information,-0.9952852628093072,1,NORMAL
12/1/2016 9:17:46 AM,unknown,unknown,system,Service Control Manager,7036.0,Information,-0.9939437499163553,1,NORMAL
12/1/2016 9:17:45 AM,unknown,unknown,system,Service Control Manager,7036.0,Information,-0.9927924156713382,1,NORMAL
12/1/2016 9:17:44 AM,unknown,unknown,system,Service Control Manager,7036.0,Information,-0.9995556857966088,1,NORMAL
12/1/2016 9:17:44 AM,unknown,unknown,system,Service Control Manager,7036.0,Information,-0.9888725151598173,1,NORMAL
12/1/2016 9:17:43 AM,unknown,unknown,system,Service Control Manager,7036.0,Information,-0.9945074904128431,1,NORMAL
12/1/2016 9:17:42 AM,unknown,unknown,system,Service Control Manager,7036.0,Information,-0.9999669622153071,1,NORMAL
12/1/2016 9:17:42 AM,unknown,unknown,system,Service Control Manager,7036.0,Information,-0.9962555734049314,1,NORMAL
12/1/2016 9:17:42 AM,unknown,unknown,system,Service Control Manager,7036.0,Information,-0.9933718581642978,1,NORMAL
12/1/2016 9:17:40 AM,unknown,unknown,system,Service Control Manager,7036.0,Information,-1.0001437800554216,1,NORMAL
12/1/2016 9:17:40 AM,unknown,unknown,system,Service Control Manager,7036.0,Information,-0.9920201553389066,1,NORMAL
12/1/2016 9:17:40 AM,unknown,unknown,system,Microsoft-Windows-DHCPv6-Client,51046.0,Information,-2.4556984321539757,-1,HIGH
12/1/2016 9:17:40 AM,unknown,unknown,system,Service Control Manager,7036.0,Information,-0.9880543725079977,1,NORMAL
12/1/2016 9:17:40 AM,unknown,unknown,system,Microsoft-Windows-Dhcp-Client,50036.0,Information,-2.425828922392239,-1,HIGH
12/1/2016 9:17:40 AM,unknown,unknown,system,Service Control Manager,7036.0,Information,-0.9989581921688192,1,NORMAL
12/1/2016 9:17:40 AM,unknown,unknown,system,Service Control Manager,7036.0,Information,-0.9999669622153071,1,NORMAL
12/1/2016 9:17:39 AM,unknown,unknown,system,Service Control Manager,7036.0,Information,-0.9958545960880008,1,NORMAL
12/1/2016 9:17:39 AM,unknown,unknown,system,Service Control Manager,7036.0,Information,-0.9950792882097167,1,NORMAL
12/1/2016 9:17:39 AM,unknown,unknown,system,Service Control Manager,7036.0,Information,-0.9993694752580127,1,NORMAL
12/1/2016 9:17:39 AM,unknown,unknown,system,Service Control Manager,7036.0,Information,-0.9987635619290203,1,NORMAL
12/1/2016 9:17:38 AM,unknown,unknown,system,Service Control Manager,7036.0,Information,-0.9975297700920218,1,NORMAL
12/1/2016 9:17:37 AM,unknown,unknown,system,Service Control Manager,7036.0,Information,-0.9995556857966088,1,NORMAL
12/1/2016 9:17:37 AM,unknown,unknown,system,Service Control Manager,7036.0,Information,-0.9904922968542492,1,NORMAL
12/1/2016 9:17:36 AM,unknown,unknown,system,Service Control Manager,7036.0,Information,-0.9975297700920218,1,NORMAL
12/1/2016 9:17:35 AM,unknown,unknown,system,Microsoft-Windows-FilterManager,6.0,Information,-1.4055520655699751,-1,HIGH
12/1/2016 9:17:34 AM,unknown,unknown,system,Service Control Manager,7036.0,Information,-0.9993694752580127,1,NORMAL
12/1/2016 9:17:34 AM,unknown,unknown,system,Service Control Manager,7036.0,Information,-0.9999669622153071,1,NORMAL
12/1/2016 9:17:34 AM,unknown,unknown,system,Service Control Manager,7036.0,Information,-0.9951738784978366,1,NORMAL
12/1/2016 9:17:33 AM,unknown,unknown,system,Service Control Manager,7036.0,Information,-0.99573161962592,1,NORMAL
12/1/2016 9:17:33 AM,unknown,unknown,system,Service Control Manager,7036.0,Information,-0.9951965086302832,1,NORMAL
12/1/2016 9:17:33 AM,unknown,unknown,system,Service Control Manager,7036.0,Information,-0.9987635619290203,1,NORMAL
12/1/2016 9:17:33 AM,unknown,unknown,system,Service Control Manager,7036.0,Information,-1.0016986890204704,1,NORMAL
12/1/2016 9:17:33 AM,unknown,unknown,system,Service Control Manager,7036.0,Information,-0.994992469757673,1,NORMAL
12/1/2016 9:17:18 AM,unknown,unknown,system,Microsoft-Windows-Ntfs,98.0,Information,-1.273687399518033,-1,HIGH
12/1/2016 9:17:18 AM,unknown,unknown,system,Microsoft-Windows-Kernel-Processor-Power,55.0,Information,-1.2986093935653542,-1,HIGH
12/1/2016 9:17:18 AM,unknown,unknown,system,Microsoft-Windows-Kernel-Processor-Power,55.0,Information,-1.2986093935653542,-1,HIGH
12/1/2016 9:17:17 AM,unknown,unknown,system,Microsoft-Windows-Kernel-Power,508.0,Information,-1.2213401453416477,-1,HIGH
12/1/2016 9:17:17 AM,unknown,unknown,system,Microsoft-Windows-FilterManager,6.0,Information,-1.4056363143231565,-1,HIGH
12/1/2016 9:16:14 AM,unknown,unknown,system,Microsoft-Windows-Ntfs,98.0,Information,-1.3404187822875802,-1,HIGH
12/1/2016 9:16:11 AM,unknown,unknown,system,Microsoft-Windows-Kernel-Boot,32.0,Information,-1.266556237892101,-1,HIGH
12/1/2016 9:16:11 AM,unknown,unknown,system,Microsoft-Windows-Kernel-Boot,18.0,Information,-1.2676786045829078,-1,HIGH
12/1/2016 9:16:11 AM,unknown,unknown,system,Microsoft-Windows-Kernel-Boot,27.0,Information,-1.2739178292275546,-1,HIGH
12/1/2016 9:16:11 AM,unknown,unknown,system,Microsoft-Windows-Kernel-Boot,20.0,Information,-1.262200814996509,-1,HIGH
12/1/2016 9:16:11 AM,unknown,unknown,system,Microsoft-Windows-Kernel-General,12.0,Information,-1.2673549744488926,-1,HIGH
12/1/2016 9:16:05 AM,unknown,unknown,system,Microsoft-Windows-Kernel-General,13.0,Information,-1.2694492956783308,-1,HIGH
12/1/2016 9:16:01 AM,unknown,unknown,system,Microsoft-Windows-Kernel-Power,109.0,Information,-1.1087517778467768,-1,HIGH
12/1/2016 9:17:35 AM,unknown,unknown,system,EventLog,6013.0,Information,-0.9634497540037563,1,NORMAL
12/1/2016 9:17:35 AM,unknown,unknown,system,EventLog,6005.0,Information,-0.963451328032623,1,NORMAL
12/1/2016 9:17:35 AM,unknown,unknown,system,EventLog,6009.0,Information,-0.9634722973135227,1,NORMAL
12/1/2016 9:15:57 AM,unknown,unknown,system,Service Control Manager,7036.0,Information,-1.08905328503586,1,NORMAL
12/1/2016 9:15:57 AM,unknown,unknown,system,Service Control Manager,7036.0,Information,-1.093210869625137,1,NORMAL
12/1/2016 9:15:57 AM,unknown,unknown,system,Service Control Manager,7036.0,Information,-1.1047457895600896,-1,HIGH
12/1/2016 9:15:56 AM,unknown,unknown,system,Service Control Manager,7036.0,Information,-1.0907182535175595,1,NORMAL
12/1/2016 9:15:56 AM,unknown,unknown,system,Service Control Manager,7036.0,Information,-1.1144621388318219,-1,HIGH
12/1/2016 9:15:56 AM,unknown,unknown,system,Service Control Manager,7036.0,Information,-1.0973983609988753,1,NORMAL
12/1/2016 9:15:56 AM,unknown,unknown,system,Service Control Manager,7036.0,Information,-1.1033103589354765,-1,HIGH
12/1/2016 9:15:56 AM,unknown,unknown,system,Service Control Manager,7036.0,Information,-1.0900919429977312,1,NORMAL
12/1/2016 9:15:56 AM,unknown,unknown,system,Service Control Manager,7036.0,Information,-1.0973084646682145,1,NORMAL
12/1/2016 9:15:56 AM,unknown,unknown,system,Service Control Manager,7036.0,Information,-1.0960808670948645,1,NORMAL
12/1/2016 9:15:56 AM,unknown,unknown,system,Service Control Manager,7036.0,Information,-1.0973084646682145,1,NORMAL
12/1/2016 9:15:56 AM,unknown,unknown,system,Service Control Manager,7036.0,Information,-1.0962061577056157,1,NORMAL
12/1/2016 9:15:56 AM,unknown,unknown,system,Service Control Manager,7036.0,Information,-1.1206837218523062,-1,HIGH
12/1/2016 9:15:56 AM,unknown,unknown,system,Microsoft-Windows-Dhcp-Client,50037.0,Information,-2.4246504849514374,-1,HIGH
12/1/2016 9:15:56 AM,unknown,unknown,system,Microsoft-Windows-DHCPv6-Client,51047.0,Information,-2.4545566319443974,-1,HIGH
12/1/2016 9:15:56 AM,unknown,unknown,system,Service Control Manager,7036.0,Information,-1.1066536515571919,-1,HIGH
12/1/2016 9:15:56 AM,unknown,unknown,system,Service Control Manager,7036.0,Information,-1.1003858968555706,1,NORMAL
12/1/2016 9:15:56 AM,unknown,unknown,system,Service Control Manager,7036.0,Information,-1.0921089193304039,1,NORMAL
12/1/2016 9:15:56 AM,unknown,unknown,system,Service Control Manager,7036.0,Information,-1.1665382625154888,-1,HIGH
12/1/2016 9:15:56 AM,unknown,unknown,system,Service Control Manager,7036.0,Information,-1.093962637114843,1,NORMAL
12/1/2016 9:15:56 AM,unknown,unknown,system,Service Control Manager,7036.0,Information,-1.1083552658864755,-1,HIGH
12/1/2016 9:15:56 AM,unknown,unknown,system,EventLog,6006.0,Information,-0.9642382275151187,1,NORMAL
12/1/2016 9:15:56 AM,unknown,unknown,system,Microsoft-Windows-WinRM,10149.0,Warning,-339683558622.7129,-1,HIGH
12/1/2016 9:15:55 AM,unknown,unknown,system,Service Control Manager,7036.0,Information,-1.0930399287695658,1,NORMAL
12/1/2016 9:15:55 AM,unknown,unknown,system,Service Control Manager,7036.0,Information,-1.0919458276573055,1,NORMAL
12/1/2016 9:15:54 AM,unknown,unknown,system,Service Control Manager,7036.0,Information,-1.0900919429977312,1,NORMAL
12/1/2016 9:15:45 AM,unknown,unknown,system,Service Control Manager,7036.0,Information,-1.0968055431125046,1,NORMAL
12/1/2016 9:15:45 AM,unknown,unknown,system,Service Control Manager,7036.0,Information,-1.1144621388318219,-1,HIGH
12/1/2016 9:15:42 AM,unknown,unknown,system,Microsoft-Windows-WindowsUpdateClient,27.0,Information,-1.0804545280313855,1,NORMAL
12/1/2016 9:15:42 AM,unknown,unknown,system,Microsoft-Windows-WindowsUpdateClient,22.0,Information,-1.1167900226787588,-1,HIGH
12/1/2016 9:15:21 AM,unknown,unknown,system,Microsoft-Windows-WindowsUpdateClient,43.0,Information,-1.0214945719159134,1,NORMAL
12/1/2016 9:15:19 AM,unknown,unknown,system,Microsoft-Windows-WindowsUpdateClient,43.0,Information,-1.0177303841970544,1,NORMAL
12/1/2016 9:15:18 AM,unknown,unknown,system,Service Control Manager,7040.0,Information,-1.5226899107608665,-1,HIGH
12/1/2016 9:15:18 AM,unknown,unknown,system,Microsoft-Windows-WindowsUpdateClient,43.0,Information,-1.0177303841970544,1,NORMAL
12/1/2016 9:15:18 AM,unknown,unknown,system,Microsoft-Windows-WindowsUpdateClient,19.0,Information,-0.9922252707525692,1,NORMAL
12/1/2016 9:15:17 AM,unknown,unknown,system,Service Control Manager,7040.0,Information,-1.5226899107608665,-1,HIGH
12/1/2016 9:15:13 AM,unknown,unknown,system,Service Control Manager,7040.0,Information,-1.5226899107608665,-1,HIGH
12/1/2016 9:15:13 AM,unknown,unknown,system,Microsoft-Windows-WindowsUpdateClient,43.0,Information,-0.9922616000840314,1,NORMAL
12/1/2016 9:15:13 AM,unknown,unknown,system,Microsoft-Windows-WindowsUpdateClient,19.0,Information,-1.01852941839968,1,NORMAL
12/1/2016 9:15:13 AM,unknown,unknown,system,Service Control Manager,7040.0,Information,-1.5226899107608665,-1,HIGH
12/1/2016 9:15:08 AM,unknown,unknown,system,Service Control Manager,7040.0,Information,-1.5226899107608665,-1,HIGH
12/1/2016 9:15:07 AM,unknown,unknown,system,Microsoft-Windows-WindowsUpdateClient,43.0,Information,-1.0177303841970544,1,NORMAL
12/1/2016 9:15:07 AM,unknown,unknown,system,Microsoft-Windows-WindowsUpdateClient,19.0,Information,-0.9922252707525692,1,NORMAL
12/1/2016 9:15:07 AM,unknown,unknown,system,Service Control Manager,7040.0,Information,-1.5226899107608665,-1,HIGH
12/1/2016 9:15:00 AM,unknown,unknown,system,Service Control Manager,7036.0,Information,-1.1063227018656163,-1,HIGH
12/1/2016 9:15:00 AM,unknown,unknown,system,Service Control Manager,7040.0,Information,-1.5226899107608665,-1,HIGH
12/1/2016 9:14:59 AM,unknown,unknown,system,Microsoft-Windows-WindowsUpdateClient,43.0,Information,-0.9917629991918385,1,NORMAL
