11/6/2016 6:24:29 PM,unknown,unknown,system,Microsoft-Windows-Time-Service,37.0,Information,-1.3434952016046453,-1,HIGH
11/6/2016 6:24:28 PM,unknown,unknown,system,Service Control Manager,7036.0,Information,-0.9888837275685403,1,NORMAL
11/6/2016 6:24:28 PM,unknown,unknown,system,Service Control Manager,7036.0,Information,-0.9889646944976065,1,NORMAL
11/6/2016 6:24:27 PM,unknown,unknown,system,Service Control Manager,7036.0,Information,-0.98949879561581,1,NORMAL
11/6/2016 6:08:33 PM,unknown,unknown,system,Service Control Manager,7036.0,Information,-0.9749750494190004,1,NORMAL
11/6/2016 6:08:03 PM,unknown,unknown,system,Service Control Manager,7036.0,Information,-0.9749750494190004,1,NORMAL
11/6/2016 5:38:33 PM,unknown,unknown,system,Service Control Manager,7036.0,Information,-0.9816177775474557,1,NORMAL
11/6/2016 5:38:03 PM,unknown,unknown,system,Service Control Manager,7036.0,Information,-0.9816177775474557,1,NORMAL
11/6/2016 5:08:33 PM,unknown,unknown,system,Service Control Manager,7036.0,Information,-0.9887864446156256,1,NORMAL
11/6/2016 5:08:03 PM,unknown,unknown,system,Service Control Manager,7036.0,Information,-0.9887864446156256,1,NORMAL
11/6/2016 4:40:01 PM,unknown,unknown,system,Service Control Manager,7036.0,Information,-0.9858686833466916,1,NORMAL
11/6/2016 4:38:33 PM,unknown,unknown,system,Service Control Manager,7036.0,Information,-0.9789392108900077,1,NORMAL
11/6/2016 4:38:03 PM,unknown,unknown,system,Service Control Manager,7036.0,Information,-0.9789392108900077,1,NORMAL
11/6/2016 4:27:01 PM,unknown,unknown,system,Service Control Manager,7036.0,Information,-1.0108591271872465,1,NORMAL
11/6/2016 4:08:33 PM,unknown,unknown,system,Service Control Manager,7036.0,Information,-1.0077717283735326,1,NORMAL
11/6/2016 4:08:03 PM,unknown,unknown,system,Service Control Manager,7036.0,Information,-1.0077717283735326,1,NORMAL
11/6/2016 4:00:01 PM,unknown,unknown,system,Service Control Manager,7036.0,Information,-1.4406660795514912,-1,HIGH
11/6/2016 4:00:00 PM,unknown,unknown,system,Service Control Manager,7036.0,Information,-1.4607394826297,-1,HIGH
11/6/2016 3:38:33 PM,unknown,unknown,system,Service Control Manager,7036.0,Information,-0.9897575837634204,1,NORMAL
11/6/2016 3:38:02 PM,unknown,unknown,system,Service Control Manager,7036.0,Information,-0.9897575837634204,1,NORMAL
11/6/2016 3:08:33 PM,unknown,unknown,system,Service Control Manager,7036.0,Information,-0.9967371021866677,1,NORMAL
11/6/2016 3:08:02 PM,unknown,unknown,system,Service Control Manager,7036.0,Information,-0.9967371021866677,1,NORMAL
11/6/2016 2:38:32 PM,unknown,unknown,system,Service Control Manager,7036.0,Information,-1.000854810557334,1,NORMAL
11/6/2016 2:38:02 PM,unknown,unknown,system,Service Control Manager,7036.0,Information,-1.000854810557334,1,NORMAL
11/6/2016 2:08:32 PM,unknown,unknown,system,Service Control Manager,7036.0,Information,-0.994483058957587,1,NORMAL
11/6/2016 2:08:02 PM,unknown,unknown,system,Service Control Manager,7036.0,Information,-0.994483058957587,1,NORMAL
11/6/2016 1:38:32 PM,unknown,unknown,system,Service Control Manager,7036.0,Information,-1.0080375317703445,1,NORMAL
11/6/2016 1:38:02 PM,unknown,unknown,system,Service Control Manager,7036.0,Information,-1.0080375317703445,1,NORMAL
11/6/2016 1:08:32 PM,unknown,unknown,system,Service Control Manager,7036.0,Information,-0.9812600240056213,1,NORMAL
11/6/2016 1:08:02 PM,unknown,unknown,system,Service Control Manager,7036.0,Information,-0.9812600240056213,1,NORMAL
11/6/2016 12:38:32 PM,unknown,unknown,system,Service Control Manager,7036.0,Information,-1.003003625523663,1,NORMAL
11/6/2016 12:38:02 PM,unknown,unknown,system,Service Control Manager,7036.0,Information,-1.003003625523663,1,NORMAL
11/6/2016 12:08:32 PM,unknown,unknown,system,Service Control Manager,7036.0,Information,-0.9849519486405507,1,NORMAL
11/6/2016 12:08:02 PM,unknown,unknown,system,Service Control Manager,7036.0,Information,-0.9849519486405507,1,NORMAL
11/6/2016 11:38:32 AM,unknown,unknown,system,Service Control Manager,7036.0,Information,-0.9898922399552498,1,NORMAL
11/6/2016 11:38:01 AM,unknown,unknown,system,Service Control Manager,7036.0,Information,-0.9898922399552498,1,NORMAL
11/6/2016 11:08:32 AM,unknown,unknown,system,Service Control Manager,7036.0,Information,-0.9746608008683181,1,NORMAL
11/6/2016 11:08:01 AM,unknown,unknown,system,Service Control Manager,7036.0,Information,-0.9746608008683181,1,NORMAL
11/6/2016 10:38:31 AM,unknown,unknown,system,Service Control Manager,7036.0,Information,-0.9826532580016584,1,NORMAL
11/6/2016 10:38:01 AM,unknown,unknown,system,Service Control Manager,7036.0,Information,-0.9826532580016584,1,NORMAL
11/6/2016 10:08:31 AM,unknown,unknown,system,Service Control Manager,7036.0,Information,-0.9879766798221051,1,NORMAL
11/6/2016 10:08:01 AM,unknown,unknown,system,Service Control Manager,7036.0,Information,-0.9879766798221051,1,NORMAL
11/6/2016 9:38:31 AM,unknown,unknown,system,Service Control Manager,7036.0,Information,-0.9837061929606495,1,NORMAL
11/6/2016 9:38:01 AM,unknown,unknown,system,Service Control Manager,7036.0,Information,-0.9837061929606495,1,NORMAL
11/6/2016 9:08:31 AM,unknown,unknown,system,Service Control Manager,7036.0,Information,-0.9925671895591006,1,NORMAL
11/6/2016 9:08:01 AM,unknown,unknown,system,Service Control Manager,7036.0,Information,-0.9925671895591006,1,NORMAL
11/6/2016 8:38:31 AM,unknown,unknown,system,Service Control Manager,7036.0,Information,-0.9860651993936033,1,NORMAL
11/6/2016 8:38:01 AM,unknown,unknown,system,Service Control Manager,7036.0,Information,-0.9860651993936033,1,NORMAL
11/6/2016 8:08:31 AM,unknown,unknown,system,Service Control Manager,7036.0,Information,-1.005766939231514,1,NORMAL
11/6/2016 8:08:00 AM,unknown,unknown,system,Service Control Manager,7036.0,Information,-1.005766939231514,1,NORMAL
11/6/2016 7:38:31 AM,unknown,unknown,system,Service Control Manager,7036.0,Information,-0.9894939370917227,1,NORMAL
11/6/2016 7:38:00 AM,unknown,unknown,system,Service Control Manager,7036.0,Information,-0.9894939370917227,1,NORMAL
11/6/2016 7:08:31 AM,unknown,unknown,system,Service Control Manager,7036.0,Information,-1.0161745686171368,1,NORMAL
11/6/2016 7:08:00 AM,unknown,unknown,system,Service Control Manager,7036.0,Information,-1.0161745686171368,1,NORMAL
11/6/2016 6:38:30 AM,unknown,unknown,system,Service Control Manager,7036.0,Information,-0.9944840694651353,1,NORMAL
11/6/2016 6:38:00 AM,unknown,unknown,system,Service Control Manager,7036.0,Information,-0.9944840694651353,1,NORMAL
11/6/2016 6:08:30 AM,unknown,unknown,system,Service Control Manager,7036.0,Information,-1.0109949740651918,1,NORMAL
11/6/2016 6:08:00 AM,unknown,unknown,system,Service Control Manager,7036.0,Information,-1.0109949740651918,1,NORMAL
11/6/2016 5:38:30 AM,unknown,unknown,system,Service Control Manager,7036.0,Information,-0.9905801860757022,1,NORMAL
11/6/2016 5:38:00 AM,unknown,unknown,system,Service Control Manager,7036.0,Information,-0.9905801860757022,1,NORMAL
11/6/2016 5:08:30 AM,unknown,unknown,system,Service Control Manager,7036.0,Information,-0.9729127247345614,1,NORMAL
11/6/2016 5:08:00 AM,unknown,unknown,system,Service Control Manager,7036.0,Information,-0.9729127247345614,1,NORMAL
11/6/2016 4:38:30 AM,unknown,unknown,system,Service Control Manager,7036.0,Information,-1.0026732868852404,1,NORMAL
11/6/2016 4:37:59 AM,unknown,unknown,system,Service Control Manager,7036.0,Information,-1.0028431129722575,1,NORMAL
11/6/2016 4:08:30 AM,unknown,unknown,system,Service Control Manager,7036.0,Information,-0.9596975601884274,1,NORMAL
11/6/2016 4:07:59 AM,unknown,unknown,system,Service Control Manager,7036.0,Information,-0.9803225405545571,1,NORMAL
11/6/2016 4:00:00 AM,unknown,unknown,system,EventLog,6013.0,Information,-1.0545992446907666,1,NORMAL
11/6/2016 3:38:29 AM,unknown,unknown,system,Service Control Manager,7036.0,Information,-1.0045255711911023,1,NORMAL
11/6/2016 3:37:59 AM,unknown,unknown,system,Service Control Manager,7036.0,Information,-1.0028162460586267,1,NORMAL
11/6/2016 3:08:29 AM,unknown,unknown,system,Service Control Manager,7036.0,Information,-0.9703633180651906,1,NORMAL
11/6/2016 3:07:59 AM,unknown,unknown,system,Service Control Manager,7036.0,Information,-0.9972993573804776,1,NORMAL
11/6/2016 2:38:29 AM,unknown,unknown,system,Service Control Manager,7036.0,Information,-0.9639202915908096,1,NORMAL
11/6/2016 2:37:59 AM,unknown,unknown,system,Service Control Manager,7036.0,Information,-0.9935746211676216,1,NORMAL
11/6/2016 2:08:29 AM,unknown,unknown,system,Service Control Manager,7036.0,Information,-0.9724433081325567,1,NORMAL
11/6/2016 2:07:59 AM,unknown,unknown,system,Service Control Manager,7036.0,Information,-0.9882053152959658,1,NORMAL
11/6/2016 1:38:29 AM,unknown,unknown,system,Service Control Manager,7036.0,Information,-0.9855244275612293,1,NORMAL
11/6/2016 1:37:59 AM,unknown,unknown,system,Service Control Manager,7036.0,Information,-0.9907895656259182,1,NORMAL
11/6/2016 1:08:29 AM,unknown,unknown,system,Service Control Manager,7036.0,Information,-0.9929285241539771,1,NORMAL
11/6/2016 1:07:58 AM,unknown,unknown,system,Service Control Manager,7036.0,Information,-1.0148464654691491,1,NORMAL
11/6/2016 1:38:29 AM,unknown,unknown,system,Service Control Manager,7036.0,Information,-0.9855244275612293,1,NORMAL
11/6/2016 1:37:58 AM,unknown,unknown,system,Service Control Manager,7036.0,Information,-0.9907895656259182,1,NORMAL
11/6/2016 1:08:28 AM,unknown,unknown,system,Service Control Manager,7036.0,Information,-0.9929285241539771,1,NORMAL
11/6/2016 1:07:58 AM,unknown,unknown,system,Service Control Manager,7036.0,Information,-1.0148464654691491,1,NORMAL
11/6/2016 12:38:28 AM,unknown,unknown,system,Service Control Manager,7036.0,Information,-1.0161346453338735,1,NORMAL
11/6/2016 12:37:58 AM,unknown,unknown,system,Service Control Manager,7036.0,Information,-1.044318160505733,1,NORMAL
11/6/2016 12:08:28 AM,unknown,unknown,system,Service Control Manager,7036.0,Information,-1.0466198481712596,1,NORMAL
11/6/2016 12:07:58 AM,unknown,unknown,system,Service Control Manager,7036.0,Information,-1.0543975036370816,1,NORMAL
11/5/2016 11:38:28 PM,unknown,unknown,system,Service Control Manager,7036.0,Information,-1.0666870755513218,1,NORMAL
11/5/2016 11:37:58 PM,unknown,unknown,system,Service Control Manager,7036.0,Information,-1.0920126625226745,1,NORMAL
11/5/2016 11:08:28 PM,unknown,unknown,system,Service Control Manager,7036.0,Information,-1.020529434762346,1,NORMAL
11/5/2016 11:07:58 PM,unknown,unknown,system,Service Control Manager,7036.0,Information,-1.0430338214861021,1,NORMAL
11/5/2016 10:44:45 PM,unknown,unknown,system,Service Control Manager,7036.0,Information,-1.0572917855893091,1,NORMAL
11/5/2016 10:38:28 PM,unknown,unknown,system,Service Control Manager,7036.0,Information,-1.0054565661885404,1,NORMAL
11/5/2016 10:37:58 PM,unknown,unknown,system,Service Control Manager,7036.0,Information,-1.0284862507166335,1,NORMAL
11/5/2016 10:29:26 PM,unknown,unknown,system,Service Control Manager,7036.0,Information,-1.1515277041469387,-1,HIGH
11/5/2016 10:29:26 PM,unknown,unknown,system,Microsoft-Windows-Kernel-General,1.0,Information,-1.171129534015961,-1,HIGH
11/5/2016 10:29:26 PM,unknown,unknown,system,Microsoft-Windows-Time-Service,35.0,Information,-1.3813280577574363,-1,HIGH
11/5/2016 10:29:15 PM,unknown,unknown,system,Microsoft-Windows-Kernel-General,16.0,Information,-1.1619957560805085,-1,HIGH
11/5/2016 10:29:15 PM,unknown,unknown,system,Microsoft-Windows-Kernel-General,16.0,Information,-1.161980573729985,-1,HIGH
11/5/2016 10:29:15 PM,unknown,unknown,system,Microsoft-Windows-Kernel-General,16.0,Information,-1.1620197892127835,-1,HIGH
11/5/2016 10:29:15 PM,unknown,unknown,system,Microsoft-Windows-Kernel-General,16.0,Information,-1.1621174073244456,-1,HIGH
11/5/2016 10:29:14 PM,unknown,unknown,system,Microsoft-Windows-Kernel-General,16.0,Information,-1.1666722192864185,-1,HIGH
11/5/2016 10:29:12 PM,unknown,unknown,system,Microsoft-Windows-Time-Service,37.0,Information,-1.3810688047912085,-1,HIGH
11/5/2016 10:29:11 PM,unknown,unknown,system,Microsoft-Windows-Kernel-General,16.0,Information,-1.1619922727794434,-1,HIGH
11/5/2016 10:29:10 PM,unknown,unknown,system,Service Control Manager,7036.0,Information,-1.1515277041469387,-1,HIGH
11/5/2016 10:27:01 PM,unknown,unknown,system,Service Control Manager,7036.0,Information,-1.0648373714987667,1,NORMAL
11/5/2016 10:08:28 PM,unknown,unknown,system,Service Control Manager,7036.0,Information,-0.9797866949480227,1,NORMAL
11/5/2016 10:07:57 PM,unknown,unknown,system,Service Control Manager,7036.0,Information,-0.9818474088566498,1,NORMAL
11/5/2016 10:00:00 PM,unknown,unknown,system,Service Control Manager,7036.0,Information,-1.3356689281898573,-1,HIGH
11/5/2016 10:00:00 PM,unknown,unknown,system,Service Control Manager,7036.0,Information,-1.344982481750145,-1,HIGH
11/5/2016 9:38:28 PM,unknown,unknown,system,Service Control Manager,7036.0,Information,-0.9500467978782209,1,NORMAL
11/5/2016 9:37:57 PM,unknown,unknown,system,Service Control Manager,7036.0,Information,-0.9773537633529352,1,NORMAL
11/5/2016 9:08:27 PM,unknown,unknown,system,Service Control Manager,7036.0,Information,-0.961827512278167,1,NORMAL
11/5/2016 9:07:57 PM,unknown,unknown,system,Service Control Manager,7036.0,Information,-0.9659697423346355,1,NORMAL
11/5/2016 8:38:27 PM,unknown,unknown,system,Service Control Manager,7036.0,Information,-0.9782980375017162,1,NORMAL
11/5/2016 8:37:57 PM,unknown,unknown,system,Service Control Manager,7036.0,Information,-0.9989906856885701,1,NORMAL
11/5/2016 8:08:27 PM,unknown,unknown,system,Service Control Manager,7036.0,Information,-0.9914280280857685,1,NORMAL
11/5/2016 8:07:57 PM,unknown,unknown,system,Service Control Manager,7036.0,Information,-0.9930729578160671,1,NORMAL
11/5/2016 7:38:27 PM,unknown,unknown,system,Service Control Manager,7036.0,Information,-1.0026402011540432,1,NORMAL
11/5/2016 7:37:57 PM,unknown,unknown,system,Service Control Manager,7036.0,Information,-1.0152106130332803,1,NORMAL
11/5/2016 7:08:27 PM,unknown,unknown,system,Service Control Manager,7036.0,Information,-0.9875033508150879,1,NORMAL
11/5/2016 7:07:57 PM,unknown,unknown,system,Service Control Manager,7036.0,Information,-0.9949790239183061,1,NORMAL
11/5/2016 6:38:27 PM,unknown,unknown,system,Service Control Manager,7036.0,Information,-1.0078462423500565,1,NORMAL
11/5/2016 6:37:56 PM,unknown,unknown,system,Service Control Manager,7036.0,Information,-1.0187483810699012,1,NORMAL
11/5/2016 6:08:27 PM,unknown,unknown,system,Service Control Manager,7036.0,Information,-0.9774186272188234,1,NORMAL
11/5/2016 6:07:56 PM,unknown,unknown,system,Service Control Manager,7036.0,Information,-0.9861530904807296,1,NORMAL
11/5/2016 5:38:26 PM,unknown,unknown,system,Service Control Manager,7036.0,Information,-1.0049755109520104,1,NORMAL
11/5/2016 5:37:56 PM,unknown,unknown,system,Service Control Manager,7036.0,Information,-1.0148202176655179,1,NORMAL
11/5/2016 5:08:26 PM,unknown,unknown,system,Service Control Manager,7036.0,Information,-0.9803575899834753,1,NORMAL
11/5/2016 5:07:56 PM,unknown,unknown,system,Service Control Manager,7036.0,Information,-0.9801042378920009,1,NORMAL
11/5/2016 4:38:26 PM,unknown,unknown,system,Service Control Manager,7036.0,Information,-0.9960230543528281,1,NORMAL
11/5/2016 4:37:56 PM,unknown,unknown,system,Service Control Manager,7036.0,Information,-1.0026013567271372,1,NORMAL
11/5/2016 4:08:26 PM,unknown,unknown,system,Service Control Manager,7036.0,Information,-0.9861232957957518,1,NORMAL
11/5/2016 4:07:56 PM,unknown,unknown,system,Service Control Manager,7036.0,Information,-0.9833690787172996,1,NORMAL
11/5/2016 3:38:26 PM,unknown,unknown,system,Service Control Manager,7036.0,Information,-1.0037506298065204,1,NORMAL
11/5/2016 3:37:56 PM,unknown,unknown,system,Service Control Manager,7036.0,Information,-1.0021357502754094,1,NORMAL
11/5/2016 3:08:26 PM,unknown,unknown,system,Service Control Manager,7036.0,Information,-0.9911863859747655,1,NORMAL
11/5/2016 3:07:55 PM,unknown,unknown,system,Service Control Manager,7036.0,Information,-0.9945981971608121,1,NORMAL
11/5/2016 2:38:26 PM,unknown,unknown,system,Service Control Manager,7036.0,Information,-0.9937644020297215,1,NORMAL
11/5/2016 2:37:55 PM,unknown,unknown,system,Service Control Manager,7036.0,Information,-0.995774528167623,1,NORMAL
11/5/2016 2:08:25 PM,unknown,unknown,system,Service Control Manager,7036.0,Information,-0.9823054112508564,1,NORMAL
11/5/2016 2:07:55 PM,unknown,unknown,system,Service Control Manager,7036.0,Information,-0.9891020406972576,1,NORMAL
11/5/2016 1:38:25 PM,unknown,unknown,system,Service Control Manager,7036.0,Information,-0.9720460114993634,1,NORMAL
11/5/2016 1:37:55 PM,unknown,unknown,system,Service Control Manager,7036.0,Information,-0.9769598752380004,1,NORMAL
11/5/2016 1:08:25 PM,unknown,unknown,system,Service Control Manager,7036.0,Information,-0.9827555850779846,1,NORMAL
11/5/2016 1:07:55 PM,unknown,unknown,system,Service Control Manager,7036.0,Information,-0.9900274087352788,1,NORMAL
11/5/2016 12:38:25 PM,unknown,unknown,system,Service Control Manager,7036.0,Information,-0.9750440381160178,1,NORMAL
11/5/2016 12:37:55 PM,unknown,unknown,system,Service Control Manager,7036.0,Information,-0.9866297513224466,1,NORMAL
11/5/2016 12:08:25 PM,unknown,unknown,system,Service Control Manager,7036.0,Information,-0.9829981379548189,1,NORMAL
11/5/2016 12:07:55 PM,unknown,unknown,system,Service Control Manager,7036.0,Information,-0.9846278399575772,1,NORMAL
11/5/2016 11:38:25 AM,unknown,unknown,system,Service Control Manager,7036.0,Information,-0.9753232921467092,1,NORMAL
11/5/2016 11:37:54 AM,unknown,unknown,system,Service Control Manager,7036.0,Information,-0.98919199853406,1,NORMAL
11/5/2016 11:08:25 AM,unknown,unknown,system,Service Control Manager,7036.0,Information,-0.9796480523662552,1,NORMAL
11/5/2016 11:07:54 AM,unknown,unknown,system,Service Control Manager,7036.0,Information,-0.9901096224967426,1,NORMAL
11/5/2016 10:38:24 AM,unknown,unknown,system,Service Control Manager,7036.0,Information,-0.9841762645732932,1,NORMAL
11/5/2016 10:37:54 AM,unknown,unknown,system,Service Control Manager,7036.0,Information,-0.9937062629251457,1,NORMAL
11/5/2016 10:08:24 AM,unknown,unknown,system,Service Control Manager,7036.0,Information,-0.978004342353162,1,NORMAL
11/5/2016 10:07:54 AM,unknown,unknown,system,Service Control Manager,7036.0,Information,-0.9828341105843709,1,NORMAL
11/5/2016 9:38:24 AM,unknown,unknown,system,Service Control Manager,7036.0,Information,-0.9852400158039234,1,NORMAL
11/5/2016 9:37:54 AM,unknown,unknown,system,Service Control Manager,7036.0,Information,-0.9944985157157066,1,NORMAL
11/5/2016 9:08:24 AM,unknown,unknown,system,Service Control Manager,7036.0,Information,-0.987445533882421,1,NORMAL
11/5/2016 9:07:54 AM,unknown,unknown,system,Service Control Manager,7036.0,Information,-0.9867502717233624,1,NORMAL
11/5/2016 8:38:24 AM,unknown,unknown,system,Service Control Manager,7036.0,Information,-0.9990987811120183,1,NORMAL
11/5/2016 8:37:54 AM,unknown,unknown,system,Service Control Manager,7036.0,Information,-0.9993508400241445,1,NORMAL
11/5/2016 8:08:24 AM,unknown,unknown,system,Service Control Manager,7036.0,Information,-0.9974816186339197,1,NORMAL
11/5/2016 8:07:53 AM,unknown,unknown,system,Service Control Manager,7036.0,Information,-0.9946121171324489,1,NORMAL
11/5/2016 7:38:24 AM,unknown,unknown,system,Service Control Manager,7036.0,Information,-0.9974472882619722,1,NORMAL
11/5/2016 7:37:53 AM,unknown,unknown,system,Service Control Manager,7036.0,Information,-0.9976058779246132,1,NORMAL
11/5/2016 7:08:23 AM,unknown,unknown,system,Service Control Manager,7036.0,Information,-1.0026539245136172,1,NORMAL
11/5/2016 7:07:53 AM,unknown,unknown,system,Service Control Manager,7036.0,Information,-1.0100584052098747,1,NORMAL
11/5/2016 6:38:23 AM,unknown,unknown,system,Service Control Manager,7036.0,Information,-1.0150425710473543,1,NORMAL
11/5/2016 6:37:53 AM,unknown,unknown,system,Service Control Manager,7036.0,Information,-1.0194412197055276,1,NORMAL
11/5/2016 6:08:23 AM,unknown,unknown,system,Service Control Manager,7036.0,Information,-0.974644859568011,1,NORMAL
11/5/2016 6:07:53 AM,unknown,unknown,system,Service Control Manager,7036.0,Information,-0.9937109530015104,1,NORMAL
11/5/2016 5:38:23 AM,unknown,unknown,system,Service Control Manager,7036.0,Information,-0.9977211514742117,1,NORMAL
11/5/2016 5:37:53 AM,unknown,unknown,system,Service Control Manager,7036.0,Information,-1.0125340686873132,1,NORMAL
11/5/2016 5:08:23 AM,unknown,unknown,system,Service Control Manager,7036.0,Information,-0.9677202818585998,1,NORMAL
11/5/2016 5:07:53 AM,unknown,unknown,system,Service Control Manager,7036.0,Information,-0.9789582399557899,1,NORMAL
11/5/2016 5:00:00 AM,unknown,unknown,system,EventLog,6013.0,Information,-0.9991740811810256,1,NORMAL
11/5/2016 4:38:23 AM,unknown,unknown,system,Service Control Manager,7036.0,Information,-0.9808376170473092,1,NORMAL
11/5/2016 4:37:53 AM,unknown,unknown,system,Service Control Manager,7036.0,Information,-1.0041318482367034,1,NORMAL
11/5/2016 4:08:23 AM,unknown,unknown,system,Service Control Manager,7036.0,Information,-0.9750494322608815,1,NORMAL
11/5/2016 4:07:52 AM,unknown,unknown,system,Service Control Manager,7036.0,Information,-0.9894105611017452,1,NORMAL
11/5/2016 3:40:01 AM,unknown,unknown,system,Service Control Manager,7036.0,Information,-0.9763721548809403,1,NORMAL
11/5/2016 3:38:23 AM,unknown,unknown,system,Service Control Manager,7036.0,Information,-0.9683781589111311,1,NORMAL
11/5/2016 3:37:52 AM,unknown,unknown,system,Service Control Manager,7036.0,Information,-0.9814685996298713,1,NORMAL
11/5/2016 3:27:01 AM,unknown,unknown,system,Service Control Manager,7036.0,Information,-1.0378100029609603,1,NORMAL
11/5/2016 3:08:22 AM,unknown,unknown,system,Service Control Manager,7036.0,Information,-0.9832189935817377,1,NORMAL
11/5/2016 3:07:52 AM,unknown,unknown,system,Service Control Manager,7036.0,Information,-0.9917831376128866,1,NORMAL
11/5/2016 3:00:00 AM,unknown,unknown,system,Service Control Manager,7036.0,Information,-1.287907403203185,-1,HIGH
11/5/2016 3:00:00 AM,unknown,unknown,system,Service Control Manager,7036.0,Information,-1.3068719091265957,-1,HIGH
11/5/2016 2:38:22 AM,unknown,unknown,system,Service Control Manager,7036.0,Information,-0.9689603724103035,1,NORMAL
11/5/2016 2:37:52 AM,unknown,unknown,system,Service Control Manager,7036.0,Information,-0.9815928717424,1,NORMAL
11/5/2016 2:08:22 AM,unknown,unknown,system,Service Control Manager,7036.0,Information,-0.9723469477189575,1,NORMAL
11/5/2016 2:07:52 AM,unknown,unknown,system,Service Control Manager,7036.0,Information,-0.9747493203293561,1,NORMAL
11/5/2016 1:38:22 AM,unknown,unknown,system,Service Control Manager,7036.0,Information,-1.023065026167866,1,NORMAL
11/5/2016 1:37:52 AM,unknown,unknown,system,Service Control Manager,7036.0,Information,-1.0255292774032279,1,NORMAL
11/5/2016 1:08:22 AM,unknown,unknown,system,Service Control Manager,7036.0,Information,-0.9995524042125539,1,NORMAL
11/5/2016 1:07:52 AM,unknown,unknown,system,Service Control Manager,7036.0,Information,-1.011719026882714,1,NORMAL
11/5/2016 12:38:22 AM,unknown,unknown,system,Service Control Manager,7036.0,Information,-1.0654086085935999,1,NORMAL
11/5/2016 12:37:51 AM,unknown,unknown,system,Service Control Manager,7036.0,Information,-1.0916906878208619,1,NORMAL
11/5/2016 12:08:22 AM,unknown,unknown,system,Service Control Manager,7036.0,Information,-1.022816511855106,1,NORMAL
11/5/2016 12:07:51 AM,unknown,unknown,system,Service Control Manager,7036.0,Information,-1.0277755063916048,1,NORMAL
11/4/2016 11:38:21 PM,unknown,unknown,system,Service Control Manager,7036.0,Information,-1.0394955337498046,1,NORMAL
11/4/2016 11:37:51 PM,unknown,unknown,system,Service Control Manager,7036.0,Information,-1.0461804173136509,1,NORMAL
11/4/2016 11:08:21 PM,unknown,unknown,system,Service Control Manager,7036.0,Information,-1.0444851672667894,1,NORMAL
11/4/2016 11:07:51 PM,unknown,unknown,system,Service Control Manager,7036.0,Information,-1.0686438299951833,1,NORMAL
11/4/2016 10:38:21 PM,unknown,unknown,system,Service Control Manager,7036.0,Information,-1.0129282540697644,1,NORMAL
11/4/2016 10:37:51 PM,unknown,unknown,system,Service Control Manager,7036.0,Information,-1.0090502444026284,1,NORMAL
11/4/2016 10:08:21 PM,unknown,unknown,system,Service Control Manager,7036.0,Information,-1.0151408914330018,1,NORMAL
11/4/2016 10:07:51 PM,unknown,unknown,system,Service Control Manager,7036.0,Information,-1.0133773803977484,1,NORMAL
11/4/2016 9:38:21 PM,unknown,unknown,system,Service Control Manager,7036.0,Information,-0.9616096309141384,1,NORMAL
11/4/2016 9:37:51 PM,unknown,unknown,system,Service Control Manager,7036.0,Information,-0.9741077953581379,1,NORMAL
11/4/2016 9:08:21 PM,unknown,unknown,system,Service Control Manager,7036.0,Information,-0.9563291669258597,1,NORMAL
11/4/2016 9:07:50 PM,unknown,unknown,system,Service Control Manager,7036.0,Information,-0.9700387489362862,1,NORMAL
11/4/2016 8:38:21 PM,unknown,unknown,system,Service Control Manager,7036.0,Information,-0.9843789314718634,1,NORMAL
11/4/2016 8:37:50 PM,unknown,unknown,system,Service Control Manager,7036.0,Information,-0.995607582149911,1,NORMAL
11/4/2016 8:08:20 PM,unknown,unknown,system,Service Control Manager,7036.0,Information,-0.9712708680855566,1,NORMAL
11/4/2016 8:07:50 PM,unknown,unknown,system,Service Control Manager,7036.0,Information,-0.9768294697888591,1,NORMAL
11/4/2016 8:07:03 PM,unknown,unknown,system,Service Control Manager,7036.0,Information,-0.9774820198403427,1,NORMAL
11/4/2016 8:05:03 PM,unknown,unknown,system,Service Control Manager,7040.0,Information,-1.1743575219009714,-1,HIGH
11/4/2016 7:38:20 PM,unknown,unknown,system,Service Control Manager,7036.0,Information,-1.0164831670185412,1,NORMAL
11/4/2016 7:37:50 PM,unknown,unknown,system,Service Control Manager,7036.0,Information,-1.0247161024443487,1,NORMAL
11/4/2016 7:23:37 PM,unknown,unknown,system,Service Control Manager,7040.0,Information,-1.0268997312110388,1,NORMAL
11/4/2016 7:23:37 PM,unknown,unknown,system,Service Control Manager,7036.0,Information,-1.0132468765645002,1,NORMAL
11/4/2016 7:08:20 PM,unknown,unknown,system,Service Control Manager,7036.0,Information,-0.966752665651657,1,NORMAL
11/4/2016 7:07:50 PM,unknown,unknown,system,Service Control Manager,7036.0,Information,-0.9750780602033021,1,NORMAL
11/4/2016 6:38:20 PM,unknown,unknown,system,Service Control Manager,7036.0,Information,-1.0421368075255066,1,NORMAL
11/4/2016 6:37:50 PM,unknown,unknown,system,Service Control Manager,7036.0,Information,-1.076728971039683,1,NORMAL
11/4/2016 6:08:20 PM,unknown,unknown,system,Service Control Manager,7036.0,Information,-1.0004030751815562,1,NORMAL
11/4/2016 6:07:50 PM,unknown,unknown,system,Service Control Manager,7036.0,Information,-1.0020143259853798,1,NORMAL
11/4/2016 5:38:20 PM,unknown,unknown,system,Service Control Manager,7036.0,Information,-1.733984566347511,-1,HIGH
11/4/2016 5:37:50 PM,unknown,unknown,system,Service Control Manager,7036.0,Information,-1.8130626429547556,-1,HIGH
11/4/2016 5:08:20 PM,unknown,unknown,system,Service Control Manager,7036.0,Information,-1.0068411555148564,1,NORMAL
11/4/2016 5:07:49 PM,unknown,unknown,system,Service Control Manager,7036.0,Information,-1.0116305247351656,1,NORMAL
11/4/2016 4:38:20 PM,unknown,unknown,system,Service Control Manager,7036.0,Information,-1.7028505203268416,-1,HIGH
11/4/2016 4:37:49 PM,unknown,unknown,system,Service Control Manager,7036.0,Information,-1.618563635554807,-1,HIGH
11/4/2016 4:08:19 PM,unknown,unknown,system,Service Control Manager,7036.0,Information,-0.9949728860897527,1,NORMAL
11/4/2016 4:07:49 PM,unknown,unknown,system,Service Control Manager,7036.0,Information,-0.9997141982747437,1,NORMAL
11/4/2016 3:38:19 PM,unknown,unknown,system,Service Control Manager,7036.0,Information,-1.4333302517074609,-1,HIGH
11/4/2016 3:37:49 PM,unknown,unknown,system,Service Control Manager,7036.0,Information,-1.4052428238825385,-1,HIGH
11/4/2016 3:08:19 PM,unknown,unknown,system,Service Control Manager,7036.0,Information,-0.9904300008751247,1,NORMAL
11/4/2016 3:07:49 PM,unknown,unknown,system,Service Control Manager,7036.0,Information,-0.999648807714221,1,NORMAL
11/4/2016 2:38:19 PM,unknown,unknown,system,Service Control Manager,7036.0,Information,-1.0581938787725782,1,NORMAL
11/4/2016 2:37:49 PM,unknown,unknown,system,Service Control Manager,7036.0,Information,-1.0592441278269311,1,NORMAL
11/4/2016 2:08:19 PM,unknown,unknown,system,Service Control Manager,7036.0,Information,-0.9901166320856296,1,NORMAL
11/4/2016 2:07:49 PM,unknown,unknown,system,Service Control Manager,7036.0,Information,-0.9936181656738906,1,NORMAL
11/4/2016 1:38:19 PM,unknown,unknown,system,Service Control Manager,7036.0,Information,-1.022617286429762,1,NORMAL
11/4/2016 1:37:49 PM,unknown,unknown,system,Service Control Manager,7036.0,Information,-1.0265682122086144,1,NORMAL
11/4/2016 1:08:19 PM,unknown,unknown,system,Service Control Manager,7036.0,Information,-0.9925905866438868,1,NORMAL
11/4/2016 1:07:48 PM,unknown,unknown,system,Service Control Manager,7036.0,Information,-0.9947121902267396,1,NORMAL
11/4/2016 12:38:19 PM,unknown,unknown,system,Service Control Manager,7036.0,Information,-1.005343480476554,1,NORMAL
11/4/2016 12:37:48 PM,unknown,unknown,system,Service Control Manager,7036.0,Information,-1.0041545456769843,1,NORMAL
11/4/2016 12:08:18 PM,unknown,unknown,system,Service Control Manager,7036.0,Information,-0.9900511213445523,1,NORMAL
11/4/2016 12:07:48 PM,unknown,unknown,system,Service Control Manager,7036.0,Information,-0.9900278364950346,1,NORMAL
11/4/2016 11:38:18 AM,unknown,unknown,system,Service Control Manager,7036.0,Information,-1.0151111439200942,1,NORMAL
11/4/2016 11:37:48 AM,unknown,unknown,system,Service Control Manager,7036.0,Information,-1.0131470630911859,1,NORMAL
11/4/2016 11:08:18 AM,unknown,unknown,system,Service Control Manager,7036.0,Information,-0.987976206137076,1,NORMAL
11/4/2016 11:07:48 AM,unknown,unknown,system,Service Control Manager,7036.0,Information,-0.9892396229805099,1,NORMAL
11/4/2016 10:38:18 AM,unknown,unknown,system,Service Control Manager,7036.0,Information,-0.9767928581864895,1,NORMAL
11/4/2016 10:37:48 AM,unknown,unknown,system,Service Control Manager,7036.0,Information,-0.9784437031128316,1,NORMAL
11/4/2016 10:08:18 AM,unknown,unknown,system,Service Control Manager,7036.0,Information,-0.9870346976369225,1,NORMAL
11/4/2016 10:07:48 AM,unknown,unknown,system,Service Control Manager,7036.0,Information,-0.9895231472429152,1,NORMAL
11/4/2016 9:38:18 AM,unknown,unknown,system,Service Control Manager,7036.0,Information,-0.9859298960458637,1,NORMAL
11/4/2016 9:37:48 AM,unknown,unknown,system,Service Control Manager,7036.0,Information,-0.985193649239166,1,NORMAL
11/4/2016 9:08:18 AM,unknown,unknown,system,Service Control Manager,7036.0,Information,-0.9894938407092948,1,NORMAL
11/4/2016 9:07:47 AM,unknown,unknown,system,Service Control Manager,7036.0,Information,-0.9862462358372988,1,NORMAL
11/4/2016 8:40:01 AM,unknown,unknown,system,Service Control Manager,7036.0,Information,-0.9794049646520692,1,NORMAL
11/4/2016 8:38:18 AM,unknown,unknown,system,Service Control Manager,7036.0,Information,-0.9763314383457937,1,NORMAL
11/4/2016 8:37:47 AM,unknown,unknown,system,Service Control Manager,7036.0,Information,-0.9763006323217883,1,NORMAL
11/4/2016 8:28:31 AM,unknown,unknown,system,Service Control Manager,7036.0,Information,-1.083221799982514,1,NORMAL
11/4/2016 8:08:17 AM,unknown,unknown,system,Service Control Manager,7036.0,Information,-0.9956616986237892,1,NORMAL
11/4/2016 8:07:47 AM,unknown,unknown,system,Service Control Manager,7036.0,Information,-0.9911656119084921,1,NORMAL
11/4/2016 8:00:00 AM,unknown,unknown,system,Service Control Manager,7036.0,Information,-1.2489493696339935,-1,HIGH
11/4/2016 8:00:00 AM,unknown,unknown,system,Service Control Manager,7036.0,Information,-1.2525459189431356,-1,HIGH
11/4/2016 7:38:17 AM,unknown,unknown,system,Service Control Manager,7036.0,Information,-1.0209888693534088,1,NORMAL
11/4/2016 7:37:47 AM,unknown,unknown,system,Service Control Manager,7036.0,Information,-1.0190239954091238,1,NORMAL
11/4/2016 7:08:17 AM,unknown,unknown,system,Service Control Manager,7036.0,Information,-0.995159424543133,1,NORMAL
11/4/2016 7:07:47 AM,unknown,unknown,system,Service Control Manager,7036.0,Information,-0.9932361484335385,1,NORMAL
11/4/2016 6:38:17 AM,unknown,unknown,system,Service Control Manager,7036.0,Information,-1.0153438498995064,1,NORMAL
11/4/2016 6:37:47 AM,unknown,unknown,system,Service Control Manager,7036.0,Information,-1.0102324020566773,1,NORMAL
11/4/2016 6:08:17 AM,unknown,unknown,system,Service Control Manager,7036.0,Information,-0.9913755026847355,1,NORMAL
11/4/2016 6:07:47 AM,unknown,unknown,system,Service Control Manager,7036.0,Information,-0.9955832455490988,1,NORMAL
11/4/2016 5:38:17 AM,unknown,unknown,system,Service Control Manager,7036.0,Information,-0.9996721560474444,1,NORMAL
11/4/2016 5:37:47 AM,unknown,unknown,system,Service Control Manager,7036.0,Information,-1.000076058040589,1,NORMAL
11/4/2016 5:08:17 AM,unknown,unknown,system,Service Control Manager,7036.0,Information,-0.9885082043508981,1,NORMAL
11/4/2016 5:07:46 AM,unknown,unknown,system,Service Control Manager,7036.0,Information,-0.993434970849253,1,NORMAL
11/4/2016 5:00:00 AM,unknown,unknown,system,EventLog,6013.0,Information,-0.9918515462976109,1,NORMAL
11/4/2016 4:38:17 AM,unknown,unknown,system,Service Control Manager,7036.0,Information,-0.992032102795974,1,NORMAL
11/4/2016 4:37:46 AM,unknown,unknown,system,Service Control Manager,7036.0,Information,-0.9925243609792335,1,NORMAL
11/4/2016 4:08:16 AM,unknown,unknown,system,Service Control Manager,7036.0,Information,-0.9878755589903137,1,NORMAL
11/4/2016 4:07:46 AM,unknown,unknown,system,Service Control Manager,7036.0,Information,-0.9895790494372737,1,NORMAL
11/4/2016 3:38:16 AM,unknown,unknown,system,Service Control Manager,7036.0,Information,-0.966635598496278,1,NORMAL
11/4/2016 3:37:46 AM,unknown,unknown,system,Service Control Manager,7036.0,Information,-0.9651721804038101,1,NORMAL
11/4/2016 3:08:16 AM,unknown,unknown,system,Service Control Manager,7036.0,Information,-0.9580651727767325,1,NORMAL
11/4/2016 3:07:46 AM,unknown,unknown,system,Service Control Manager,7036.0,Information,-0.9594396291855664,1,NORMAL
11/4/2016 2:38:16 AM,unknown,unknown,system,Service Control Manager,7036.0,Information,-0.9903459013422163,1,NORMAL
11/4/2016 2:37:46 AM,unknown,unknown,system,Service Control Manager,7036.0,Information,-0.9858598077589177,1,NORMAL
11/4/2016 2:08:16 AM,unknown,unknown,system,Service Control Manager,7036.0,Information,-0.9918923469472157,1,NORMAL
11/4/2016 2:07:46 AM,unknown,unknown,system,Service Control Manager,7036.0,Information,-0.9753694765352546,1,NORMAL
11/4/2016 1:38:16 AM,unknown,unknown,system,Service Control Manager,7036.0,Information,-1.0253412626698823,1,NORMAL
11/4/2016 1:37:46 AM,unknown,unknown,system,Service Control Manager,7036.0,Information,-1.0274498309561912,1,NORMAL
11/4/2016 1:08:16 AM,unknown,unknown,system,Service Control Manager,7036.0,Information,-1.0239854870696514,1,NORMAL
11/4/2016 1:07:45 AM,unknown,unknown,system,Service Control Manager,7036.0,Information,-1.0261873841819988,1,NORMAL
11/4/2016 12:38:16 AM,unknown,unknown,system,Service Control Manager,7036.0,Information,-1.094859736944385,1,NORMAL
11/4/2016 12:37:45 AM,unknown,unknown,system,Service Control Manager,7036.0,Information,-1.1158983145298824,-1,HIGH
11/4/2016 12:08:15 AM,unknown,unknown,system,Service Control Manager,7036.0,Information,-1.0537073608521228,1,NORMAL
11/4/2016 12:07:45 AM,unknown,unknown,system,Service Control Manager,7036.0,Information,-1.0710461498553177,1,NORMAL
11/3/2016 11:38:15 PM,unknown,unknown,system,Service Control Manager,7036.0,Information,-1.0387456555751884,1,NORMAL
11/3/2016 11:37:45 PM,unknown,unknown,system,Service Control Manager,7036.0,Information,-1.0493155214084375,1,NORMAL
11/3/2016 11:08:15 PM,unknown,unknown,system,Service Control Manager,7036.0,Information,-1.0691612354216142,1,NORMAL
11/3/2016 11:07:45 PM,unknown,unknown,system,Service Control Manager,7036.0,Information,-1.0726592056743873,1,NORMAL
11/3/2016 10:38:15 PM,unknown,unknown,system,Service Control Manager,7036.0,Information,-1.0222302028677597,1,NORMAL
11/3/2016 10:37:45 PM,unknown,unknown,system,Service Control Manager,7036.0,Information,-1.0273888496083812,1,NORMAL
11/3/2016 10:08:15 PM,unknown,unknown,system,Service Control Manager,7036.0,Information,-1.0037633958538492,1,NORMAL
11/3/2016 10:07:45 PM,unknown,unknown,system,Service Control Manager,7036.0,Information,-1.0014121168626946,1,NORMAL
11/3/2016 9:38:15 PM,unknown,unknown,system,Service Control Manager,7036.0,Information,-0.9583006494875101,1,NORMAL
11/3/2016 9:37:45 PM,unknown,unknown,system,Service Control Manager,7036.0,Information,-0.9705802575750141,1,NORMAL
11/3/2016 9:08:15 PM,unknown,unknown,system,Service Control Manager,7036.0,Information,-0.9781100121095325,1,NORMAL
11/3/2016 9:07:44 PM,unknown,unknown,system,Service Control Manager,7036.0,Information,-0.9777501983819766,1,NORMAL
11/3/2016 8:38:15 PM,unknown,unknown,system,Service Control Manager,7036.0,Information,-0.98590328905982,1,NORMAL
11/3/2016 8:37:44 PM,unknown,unknown,system,Service Control Manager,7036.0,Information,-1.0004841835400413,1,NORMAL
11/3/2016 8:37:35 PM,unknown,unknown,system,Service Control Manager,7036.0,Information,-1.0025928876333974,1,NORMAL
11/3/2016 8:35:35 PM,unknown,unknown,system,Service Control Manager,7040.0,Information,-1.1003783969965037,1,NORMAL
11/3/2016 8:08:14 PM,unknown,unknown,system,Service Control Manager,7036.0,Information,-1.0108101005619148,1,NORMAL
11/3/2016 8:07:44 PM,unknown,unknown,system,Service Control Manager,7036.0,Information,-1.0347789552661741,1,NORMAL
11/3/2016 7:38:24 PM,unknown,unknown,system,Service Control Manager,7036.0,Information,-0.9970094472750796,1,NORMAL
11/3/2016 7:38:15 PM,unknown,unknown,system,Service Control Manager,7036.0,Information,-0.9970094472750796,1,NORMAL
11/3/2016 7:37:44 PM,unknown,unknown,system,Service Control Manager,7036.0,Information,-1.006974603523354,1,NORMAL
11/3/2016 7:35:32 PM,unknown,unknown,system,Microsoft-Windows-Kernel-General,15.0,Information,-1.0003406382169013,1,NORMAL
11/3/2016 7:35:32 PM,unknown,unknown,system,Microsoft-Windows-Kernel-General,15.0,Information,-0.9990512537955041,1,NORMAL
11/3/2016 7:35:19 PM,unknown,unknown,system,Microsoft-Windows-Kernel-General,15.0,Information,-0.9985354380405237,1,NORMAL
11/3/2016 7:35:19 PM,unknown,unknown,system,Service Control Manager,7036.0,Information,-1.0230349628840063,1,NORMAL
11/3/2016 7:35:18 PM,unknown,unknown,system,Service Control Manager,7040.0,Information,-1.2028224327030899,-1,HIGH
11/3/2016 7:35:18 PM,unknown,unknown,system,Service Control Manager,7036.0,Information,-1.0235231962023739,1,NORMAL
11/3/2016 7:35:18 PM,unknown,unknown,system,Microsoft-Windows-Kernel-General,16.0,Information,-0.9982511396989823,1,NORMAL
11/3/2016 7:08:14 PM,unknown,unknown,system,Service Control Manager,7036.0,Information,-1.4182831558014999,-1,HIGH
11/3/2016 7:07:44 PM,unknown,unknown,system,Service Control Manager,7036.0,Information,-1.6926662593098414,-1,HIGH
11/3/2016 6:38:14 PM,unknown,unknown,system,Service Control Manager,7036.0,Information,-1.0295127599789062,1,NORMAL
11/3/2016 6:37:44 PM,unknown,unknown,system,Service Control Manager,7036.0,Information,-1.0544721555991514,1,NORMAL
11/3/2016 6:08:14 PM,unknown,unknown,system,Service Control Manager,7036.0,Information,-1.1523316112700486,-1,HIGH
11/3/2016 6:07:44 PM,unknown,unknown,system,Service Control Manager,7036.0,Information,-1.0068223596389292,1,NORMAL
11/3/2016 5:38:14 PM,unknown,unknown,system,Service Control Manager,7036.0,Information,-1.0284582102712374,1,NORMAL
11/3/2016 5:37:43 PM,unknown,unknown,system,Service Control Manager,7036.0,Information,-1.0429640457409621,1,NORMAL
11/3/2016 5:08:14 PM,unknown,unknown,system,Service Control Manager,7036.0,Information,-1.6223192552530268,-1,HIGH
11/3/2016 5:07:43 PM,unknown,unknown,system,Service Control Manager,7036.0,Information,-1.8710092378747865,-1,HIGH
11/3/2016 4:38:13 PM,unknown,unknown,system,Service Control Manager,7036.0,Information,-1.074430545624264,1,NORMAL
11/3/2016 4:37:43 PM,unknown,unknown,system,Service Control Manager,7036.0,Information,-1.0852174663913383,1,NORMAL
11/3/2016 4:08:13 PM,unknown,unknown,system,Service Control Manager,7036.0,Information,-1.0884015206876725,1,NORMAL
11/3/2016 4:07:43 PM,unknown,unknown,system,Service Control Manager,7036.0,Information,-1.0899159489367316,1,NORMAL
11/3/2016 3:38:13 PM,unknown,unknown,system,Service Control Manager,7036.0,Information,-1.0845492746675454,1,NORMAL
11/3/2016 3:37:43 PM,unknown,unknown,system,Service Control Manager,7036.0,Information,-1.0852454127443771,1,NORMAL
11/3/2016 3:08:13 PM,unknown,unknown,system,Service Control Manager,7036.0,Information,-1.0450103484125268,1,NORMAL
11/3/2016 3:07:43 PM,unknown,unknown,system,Service Control Manager,7036.0,Information,-1.0413690899650054,1,NORMAL
11/3/2016 2:38:13 PM,unknown,unknown,system,Service Control Manager,7036.0,Information,-1.06164875233044,1,NORMAL
11/3/2016 2:37:43 PM,unknown,unknown,system,Service Control Manager,7036.0,Information,-1.0715644326183567,1,NORMAL
11/3/2016 2:08:13 PM,unknown,unknown,system,Service Control Manager,7036.0,Information,-1.0157059333280467,1,NORMAL
11/3/2016 2:07:43 PM,unknown,unknown,system,Service Control Manager,7036.0,Information,-1.0218329815068785,1,NORMAL
11/3/2016 1:40:01 PM,unknown,unknown,system,Service Control Manager,7036.0,Information,-1.0353491208609946,1,NORMAL
11/3/2016 1:38:13 PM,unknown,unknown,system,Service Control Manager,7036.0,Information,-1.0480282260245006,1,NORMAL
11/3/2016 1:37:42 PM,unknown,unknown,system,Service Control Manager,7036.0,Information,-1.0503277959811583,1,NORMAL
11/3/2016 1:28:31 PM,unknown,unknown,system,Service Control Manager,7036.0,Information,-1.2173927795533346,-1,HIGH
11/3/2016 1:08:13 PM,unknown,unknown,system,Service Control Manager,7036.0,Information,-1.0253817962942529,1,NORMAL
11/3/2016 1:07:42 PM,unknown,unknown,system,Service Control Manager,7036.0,Information,-1.0229190974297213,1,NORMAL
11/3/2016 1:00:00 PM,unknown,unknown,system,Service Control Manager,7036.0,Information,-2.8300774400730564,-1,HIGH
11/3/2016 1:00:00 PM,unknown,unknown,system,Service Control Manager,7036.0,Information,-3.462516497616859,-1,HIGH
11/3/2016 12:38:12 PM,unknown,unknown,system,Service Control Manager,7036.0,Information,-1.0188608904726724,1,NORMAL
11/3/2016 12:37:42 PM,unknown,unknown,system,Service Control Manager,7036.0,Information,-1.030264175335738,1,NORMAL
11/3/2016 12:08:12 PM,unknown,unknown,system,Service Control Manager,7036.0,Information,-1.4275457276541315,-1,HIGH
11/3/2016 12:07:42 PM,unknown,unknown,system,Service Control Manager,7036.0,Information,-1.3756212240046153,-1,HIGH
11/3/2016 11:38:12 AM,unknown,unknown,system,Service Control Manager,7036.0,Information,-0.9856230732790197,1,NORMAL
11/3/2016 11:37:42 AM,unknown,unknown,system,Service Control Manager,7036.0,Information,-0.9922899847484907,1,NORMAL
11/3/2016 11:08:12 AM,unknown,unknown,system,Service Control Manager,7036.0,Information,-1.3709007472625574,-1,HIGH
11/3/2016 11:07:42 AM,unknown,unknown,system,Service Control Manager,7036.0,Information,-1.2836003260385684,-1,HIGH
11/3/2016 10:38:12 AM,unknown,unknown,system,Service Control Manager,7036.0,Information,-0.9822539270204328,1,NORMAL
11/3/2016 10:37:42 AM,unknown,unknown,system,Service Control Manager,7036.0,Information,-0.9846818898785008,1,NORMAL
11/3/2016 10:08:12 AM,unknown,unknown,system,Service Control Manager,7036.0,Information,-1.2476334985377313,-1,HIGH
11/3/2016 10:07:42 AM,unknown,unknown,system,Service Control Manager,7036.0,Information,-1.2123030556088095,-1,HIGH
11/3/2016 9:38:12 AM,unknown,unknown,system,Service Control Manager,7036.0,Information,-0.981492584704636,1,NORMAL
11/3/2016 9:37:41 AM,unknown,unknown,system,Service Control Manager,7036.0,Information,-0.9773473221365687,1,NORMAL
11/3/2016 9:08:12 AM,unknown,unknown,system,Service Control Manager,7036.0,Information,-1.0339695425983169,1,NORMAL
11/3/2016 9:07:41 AM,unknown,unknown,system,Service Control Manager,7036.0,Information,-1.0466809519008151,1,NORMAL
11/3/2016 8:38:11 AM,unknown,unknown,system,Service Control Manager,7036.0,Information,-0.9878420830417621,1,NORMAL
11/3/2016 8:37:41 AM,unknown,unknown,system,Service Control Manager,7036.0,Information,-1.0012821304864048,1,NORMAL
11/3/2016 8:08:11 AM,unknown,unknown,system,Service Control Manager,7036.0,Information,-1.0412071585768807,1,NORMAL
11/3/2016 8:07:41 AM,unknown,unknown,system,Service Control Manager,7036.0,Information,-1.0273115642175468,1,NORMAL
11/3/2016 7:38:11 AM,unknown,unknown,system,Service Control Manager,7036.0,Information,-0.9886287410359345,1,NORMAL
11/3/2016 7:37:41 AM,unknown,unknown,system,Service Control Manager,7036.0,Information,-1.0035759316267738,1,NORMAL
11/3/2016 7:08:11 AM,unknown,unknown,system,Service Control Manager,7036.0,Information,-0.9958687362711293,1,NORMAL
11/3/2016 7:07:41 AM,unknown,unknown,system,Service Control Manager,7036.0,Information,-1.0033011407434826,1,NORMAL
11/3/2016 6:38:11 AM,unknown,unknown,system,Service Control Manager,7036.0,Information,-0.9890513743534531,1,NORMAL
11/3/2016 6:37:41 AM,unknown,unknown,system,Service Control Manager,7036.0,Information,-0.9952121626554344,1,NORMAL
11/3/2016 6:08:11 AM,unknown,unknown,system,Service Control Manager,7036.0,Information,-0.988937813764087,1,NORMAL
11/3/2016 6:07:41 AM,unknown,unknown,system,Service Control Manager,7036.0,Information,-0.9945190085982993,1,NORMAL
11/3/2016 5:38:11 AM,unknown,unknown,system,Service Control Manager,7036.0,Information,-0.9836352621881695,1,NORMAL
11/3/2016 5:37:40 AM,unknown,unknown,system,Service Control Manager,7036.0,Information,-0.9924380098929926,1,NORMAL
11/3/2016 5:08:11 AM,unknown,unknown,system,Service Control Manager,7036.0,Information,-0.9848018143961975,1,NORMAL
11/3/2016 5:07:40 AM,unknown,unknown,system,Service Control Manager,7036.0,Information,-0.9966883997100692,1,NORMAL
11/3/2016 5:00:00 AM,unknown,unknown,system,EventLog,6013.0,Information,-1.0032616421422367,1,NORMAL
11/3/2016 4:38:10 AM,unknown,unknown,system,Service Control Manager,7036.0,Information,-0.9566044432308135,1,NORMAL
11/3/2016 4:37:40 AM,unknown,unknown,system,Service Control Manager,7036.0,Information,-0.9777775313439199,1,NORMAL
11/3/2016 4:08:10 AM,unknown,unknown,system,Service Control Manager,7036.0,Information,-0.9774906384009577,1,NORMAL
11/3/2016 4:07:40 AM,unknown,unknown,system,Service Control Manager,7036.0,Information,-0.9805711582707957,1,NORMAL
11/3/2016 3:38:10 AM,unknown,unknown,system,Service Control Manager,7036.0,Information,-0.9517353040727609,1,NORMAL
11/3/2016 3:37:40 AM,unknown,unknown,system,Service Control Manager,7036.0,Information,-0.9657681440149914,1,NORMAL
11/3/2016 3:08:10 AM,unknown,unknown,system,Service Control Manager,7036.0,Information,-0.9592988076452802,1,NORMAL
11/3/2016 3:07:40 AM,unknown,unknown,system,Service Control Manager,7036.0,Information,-0.9797649021804277,1,NORMAL
11/3/2016 2:38:10 AM,unknown,unknown,system,Service Control Manager,7036.0,Information,-0.9902539335272436,1,NORMAL
11/3/2016 2:37:40 AM,unknown,unknown,system,Service Control Manager,7036.0,Information,-0.9837056063357409,1,NORMAL
11/3/2016 2:08:10 AM,unknown,unknown,system,Service Control Manager,7036.0,Information,-0.9662644607308851,1,NORMAL
11/3/2016 2:07:40 AM,unknown,unknown,system,Service Control Manager,7036.0,Information,-0.9794020408471988,1,NORMAL
11/3/2016 1:38:10 AM,unknown,unknown,system,Service Control Manager,7036.0,Information,-1.0056239909044316,1,NORMAL
11/3/2016 1:37:39 AM,unknown,unknown,system,Service Control Manager,7036.0,Information,-1.011701266625327,1,NORMAL
11/3/2016 1:08:10 AM,unknown,unknown,system,Service Control Manager,7036.0,Information,-0.9881014641961291,1,NORMAL
11/3/2016 1:07:39 AM,unknown,unknown,system,Service Control Manager,7036.0,Information,-1.0163668219999826,1,NORMAL
11/3/2016 12:38:09 AM,unknown,unknown,system,Service Control Manager,7036.0,Information,-1.0265286704397727,1,NORMAL
11/3/2016 12:37:39 AM,unknown,unknown,system,Service Control Manager,7036.0,Information,-1.0275870534953195,1,NORMAL
11/3/2016 12:08:09 AM,unknown,unknown,system,Service Control Manager,7036.0,Information,-1.0451914847162123,1,NORMAL
11/3/2016 12:07:39 AM,unknown,unknown,system,Service Control Manager,7036.0,Information,-1.0518554034474712,1,NORMAL
11/2/2016 11:38:09 PM,unknown,unknown,system,Service Control Manager,7036.0,Information,-1.0923020273913702,1,NORMAL
11/2/2016 11:37:39 PM,unknown,unknown,system,Service Control Manager,7036.0,Information,-1.080647775429796,1,NORMAL
11/2/2016 11:12:09 PM,unknown,unknown,system,Service Control Manager,7036.0,Information,-1.0629433644110236,1,NORMAL
11/2/2016 11:10:08 PM,unknown,unknown,system,Service Control Manager,7040.0,Information,-1.1291589036317107,-1,HIGH
11/2/2016 11:08:09 PM,unknown,unknown,system,Service Control Manager,7036.0,Information,-1.094482889993655,1,NORMAL
11/2/2016 11:07:39 PM,unknown,unknown,system,Service Control Manager,7036.0,Information,-1.0716684391486384,1,NORMAL
11/2/2016 10:38:09 PM,unknown,unknown,system,Service Control Manager,7036.0,Information,-1.0160396628936754,1,NORMAL
11/2/2016 10:37:39 PM,unknown,unknown,system,Service Control Manager,7036.0,Information,-1.0385341139504367,1,NORMAL
11/2/2016 10:30:05 PM,unknown,unknown,system,Service Control Manager,7036.0,Information,-1.1548092882492207,-1,HIGH
11/2/2016 10:13:15 PM,unknown,unknown,system,Service Control Manager,7036.0,Information,-1.0442240306071404,1,NORMAL
11/2/2016 10:10:21 PM,unknown,unknown,system,Service Control Manager,7036.0,Information,-1.0084364847151992,1,NORMAL
