12/1/2016 9:14:59 AM,unknown,unknown,system,Microsoft-Windows-WindowsUpdateClient,19.0,Information,-0.9917369859649362,1,NORMAL
12/1/2016 9:14:59 AM,unknown,unknown,system,Service Control Manager,7040.0,Information,-1.4597254152597847,-1,HIGH
12/1/2016 9:14:52 AM,unknown,unknown,system,Service Control Manager,7040.0,Information,-1.4597254152597847,-1,HIGH
12/1/2016 9:14:52 AM,unknown,unknown,system,Microsoft-Windows-WindowsUpdateClient,43.0,Information,-0.9917629991918385,1,NORMAL
12/1/2016 9:14:52 AM,unknown,unknown,system,Microsoft-Windows-WindowsUpdateClient,19.0,Information,-0.9917369859649362,1,NORMAL
12/1/2016 9:14:51 AM,unknown,unknown,system,Service Control Manager,7040.0,Information,-1.4597254152597847,-1,HIGH
12/1/2016 9:14:43 AM,unknown,unknown,system,Service Control Manager,7040.0,Information,-1.4597254152597847,-1,HIGH
12/1/2016 9:14:42 AM,unknown,unknown,system,Microsoft-Windows-WindowsUpdateClient,43.0,Information,-0.9917629991918385,1,NORMAL
12/1/2016 9:14:42 AM,unknown,unknown,system,Microsoft-Windows-WindowsUpdateClient,19.0,Information,-0.9917369859649362,1,NORMAL
12/1/2016 9:14:41 AM,unknown,unknown,system,Service Control Manager,7036.0,Information,-1.083280092361325,1,NORMAL
12/1/2016 9:14:41 AM,unknown,unknown,system,Service Control Manager,7036.0,Information,-1.177975404688343,-1,HIGH
12/1/2016 9:14:41 AM,unknown,unknown,system,Service Control Manager,7040.0,Information,-1.4597254152597847,-1,HIGH
12/1/2016 9:14:30 AM,unknown,unknown,system,Service Control Manager,7040.0,Information,-1.4597254152597847,-1,HIGH
12/1/2016 9:14:30 AM,unknown,unknown,system,Microsoft-Windows-WindowsUpdateClient,43.0,Information,-0.9917629991918385,1,NORMAL
12/1/2016 9:14:29 AM,unknown,unknown,system,Service Control Manager,7036.0,Information,-1.1794476124039395,-1,HIGH
12/1/2016 9:14:21 AM,unknown,unknown,system,Service Control Manager,7036.0,Information,-1.1668225544659856,-1,HIGH
12/1/2016 9:14:21 AM,unknown,unknown,system,Microsoft-Windows-Winlogon,7002.0,Information,-1.070604661311463,1,NORMAL
12/1/2016 9:14:20 AM,unknown,unknown,system,User32,1074.0,Information,-17.66840428642538,-1,HIGH
12/1/2016 9:14:20 AM,unknown,unknown,system,User32,1074.0,Information,-17.826011736580433,-1,HIGH
12/1/2016 9:05:32 AM,unknown,unknown,system,Service Control Manager,7036.0,Information,-1.0525792436476105,1,NORMAL
12/1/2016 9:05:32 AM,unknown,unknown,system,Service Control Manager,7036.0,Information,-1.0474419539389417,1,NORMAL
12/1/2016 9:03:37 AM,unknown,unknown,system,Service Control Manager,7036.0,Information,-1.1196736922534243,-1,HIGH
12/1/2016 9:02:50 AM,unknown,unknown,system,Service Control Manager,7036.0,Information,-1.6904435708111085,-1,HIGH
12/1/2016 9:02:19 AM,unknown,unknown,system,Service Control Manager,7036.0,Information,-1.6904435708111085,-1,HIGH
12/1/2016 8:32:50 AM,unknown,unknown,system,Service Control Manager,7036.0,Information,-1.0800172333862081,1,NORMAL
12/1/2016 8:32:19 AM,unknown,unknown,system,Service Control Manager,7036.0,Information,-1.0800172333862081,1,NORMAL
12/1/2016 8:23:37 AM,unknown,unknown,system,Service Control Manager,7036.0,Information,-1.9996561029273678,-1,HIGH
12/1/2016 8:03:37 AM,unknown,unknown,system,Service Control Manager,7036.0,Information,-1.1033985883943076,-1,HIGH
12/1/2016 8:02:49 AM,unknown,unknown,system,Service Control Manager,7036.0,Information,-1.1488419410645294,-1,HIGH
12/1/2016 8:02:19 AM,unknown,unknown,system,Service Control Manager,7036.0,Information,-1.1488419410645294,-1,HIGH
12/1/2016 7:53:37 AM,unknown,unknown,system,Service Control Manager,7036.0,Information,-1.1590013005260262,-1,HIGH
12/1/2016 7:44:17 AM,unknown,unknown,system,Service Control Manager,7036.0,Information,-1.0643982071999039,1,NORMAL
12/1/2016 7:32:49 AM,unknown,unknown,system,Service Control Manager,7036.0,Information,-1.1410639277034087,-1,HIGH
12/1/2016 7:32:19 AM,unknown,unknown,system,Service Control Manager,7036.0,Information,-1.1410639277034087,-1,HIGH
12/1/2016 7:27:18 AM,unknown,unknown,system,Service Control Manager,7036.0,Information,-1.0861341008730412,1,NORMAL
12/1/2016 7:17:17 AM,unknown,unknown,system,Service Control Manager,7036.0,Information,-2.519761143412991,-1,HIGH
12/1/2016 7:17:17 AM,unknown,unknown,system,Service Control Manager,7036.0,Information,-2.518712548903856,-1,HIGH
12/1/2016 7:03:37 AM,unknown,unknown,system,Service Control Manager,7036.0,Information,-1.0744362889185108,1,NORMAL
12/1/2016 7:02:49 AM,unknown,unknown,system,Service Control Manager,7036.0,Information,-1.1259131983906066,-1,HIGH
12/1/2016 7:02:19 AM,unknown,unknown,system,Service Control Manager,7036.0,Information,-1.1259131983906066,-1,HIGH
12/1/2016 6:41:49 AM,unknown,unknown,system,Service Control Manager,7036.0,Information,-0.9986613362804251,1,NORMAL
12/1/2016 6:32:49 AM,unknown,unknown,system,Service Control Manager,7036.0,Information,-1.13674642376763,-1,HIGH
12/1/2016 6:32:19 AM,unknown,unknown,system,Service Control Manager,7036.0,Information,-1.13674642376763,-1,HIGH
12/1/2016 6:28:49 AM,unknown,unknown,system,Service Control Manager,7036.0,Information,-1.0798257215978166,1,NORMAL
12/1/2016 6:11:51 AM,unknown,unknown,system,Service Control Manager,7036.0,Information,-1.0040039892379888,1,NORMAL
12/1/2016 6:02:49 AM,unknown,unknown,system,Service Control Manager,7036.0,Information,-1.1580550248977248,-1,HIGH
12/1/2016 6:02:19 AM,unknown,unknown,system,Service Control Manager,7036.0,Information,-1.1580550248977248,-1,HIGH
12/1/2016 6:01:49 AM,unknown,unknown,system,Service Control Manager,7036.0,Information,-1.2001205071955632,-1,HIGH
12/1/2016 6:01:49 AM,unknown,unknown,system,Service Control Manager,7036.0,Information,-1.2180680026008641,-1,HIGH
12/1/2016 6:01:49 AM,unknown,unknown,system,Service Control Manager,7036.0,Information,-1.1988238704023857,-1,HIGH
12/1/2016 5:38:24 AM,unknown,unknown,system,Service Control Manager,7036.0,Information,-0.9827031778346723,1,NORMAL
12/1/2016 5:32:49 AM,unknown,unknown,system,Service Control Manager,7036.0,Information,-1.1181841938148447,-1,HIGH
12/1/2016 5:32:19 AM,unknown,unknown,system,Service Control Manager,7036.0,Information,-1.1181841938148447,-1,HIGH
12/1/2016 5:28:24 AM,unknown,unknown,system,Service Control Manager,7036.0,Information,-1.0430452651228865,1,NORMAL
12/1/2016 5:08:26 AM,unknown,unknown,system,Service Control Manager,7036.0,Information,-0.9844364342984442,1,NORMAL
12/1/2016 5:02:49 AM,unknown,unknown,system,Service Control Manager,7036.0,Information,-1.1532449859155391,-1,HIGH
12/1/2016 5:02:18 AM,unknown,unknown,system,Service Control Manager,7036.0,Information,-1.1532449859155391,-1,HIGH
12/1/2016 4:58:24 AM,unknown,unknown,system,Service Control Manager,7036.0,Information,-1.0530810265453057,1,NORMAL
12/1/2016 4:58:24 AM,unknown,unknown,system,Service Control Manager,7036.0,Information,-1.0556701244891524,1,NORMAL
12/1/2016 4:58:24 AM,unknown,unknown,system,Service Control Manager,7036.0,Information,-1.0528600813382252,1,NORMAL
12/1/2016 4:32:49 AM,unknown,unknown,system,Service Control Manager,7036.0,Information,-1.0947791929711845,1,NORMAL
12/1/2016 4:32:18 AM,unknown,unknown,system,Service Control Manager,7036.0,Information,-1.0947791929711845,1,NORMAL
12/1/2016 4:19:55 AM,unknown,unknown,system,Service Control Manager,7036.0,Information,-1.0302247288739306,1,NORMAL
12/1/2016 4:02:49 AM,unknown,unknown,system,Service Control Manager,7036.0,Information,-1.150534383873846,-1,HIGH
12/1/2016 4:02:18 AM,unknown,unknown,system,Service Control Manager,7036.0,Information,-1.150534383873846,-1,HIGH
12/1/2016 4:00:00 AM,unknown,unknown,system,EventLog,6013.0,Information,-1.003261642142237,1,NORMAL
12/1/2016 3:51:55 AM,unknown,unknown,system,Service Control Manager,7036.0,Information,-1.062810825272825,1,NORMAL
12/1/2016 3:34:57 AM,unknown,unknown,system,Service Control Manager,7036.0,Information,-1.0163218736645225,1,NORMAL
12/1/2016 3:32:48 AM,unknown,unknown,system,Service Control Manager,7036.0,Information,-1.0568690795760798,1,NORMAL
12/1/2016 3:32:18 AM,unknown,unknown,system,Service Control Manager,7036.0,Information,-1.0568690795760798,1,NORMAL
12/1/2016 3:24:55 AM,unknown,unknown,system,Service Control Manager,7036.0,Information,-1.0094489546622414,1,NORMAL
12/1/2016 3:24:55 AM,unknown,unknown,system,Service Control Manager,7036.0,Information,-1.0124088939652602,1,NORMAL
12/1/2016 3:24:55 AM,unknown,unknown,system,Service Control Manager,7036.0,Information,-1.0095087129217934,1,NORMAL
12/1/2016 3:23:37 AM,unknown,unknown,system,Service Control Manager,7036.0,Information,-1.0127676211986893,1,NORMAL
12/1/2016 3:15:36 AM,unknown,unknown,system,Service Control Manager,7040.0,Information,-1.1499213033503701,-1,HIGH
12/1/2016 3:02:48 AM,unknown,unknown,system,Service Control Manager,7036.0,Information,-1.1573872179043894,-1,HIGH
12/1/2016 3:02:18 AM,unknown,unknown,system,Service Control Manager,7036.0,Information,-1.1573872179043894,-1,HIGH
12/1/2016 2:47:10 AM,unknown,unknown,system,Service Control Manager,7036.0,Information,-1.144023896399701,-1,HIGH
12/1/2016 2:32:48 AM,unknown,unknown,system,Service Control Manager,7036.0,Information,-1.0502583947200572,1,NORMAL
12/1/2016 2:32:18 AM,unknown,unknown,system,Service Control Manager,7036.0,Information,-1.0502583947200572,1,NORMAL
12/1/2016 2:30:07 AM,unknown,unknown,system,Service Control Manager,7036.0,Information,-1.0509719281301348,1,NORMAL
12/1/2016 2:22:06 AM,unknown,unknown,system,Service Control Manager,7036.0,Information,-1.026526868099446,1,NORMAL
12/1/2016 2:20:11 AM,unknown,unknown,system,Microsoft-Windows-WindowsUpdateClient,17.0,Information,-3.4520848002778712,-1,HIGH
,unknown,unknown,system,,,- Security Update for Microsoft .NET Framework 4.5.2 on Windows 8.1 and Windows Server 2012 R2 for x64 (KB3122654),-1.0,1,NORMAL
,unknown,unknown,system,,,- Security Update for Microsoft .NET Framework 4.5.2 on Windows 8.1 and Windows Server 2012 R2 for x64 (KB3163291),-1.0,1,NORMAL
,unknown,unknown,system,,,- Security Update for Microsoft .NET Framework 4.5.2 on Windows 8.1 and Windows Server 2012 R2 for x64 (KB3142030),-1.0,1,NORMAL
,unknown,unknown,system,,,- Security Update for Microsoft .NET Framework 4.5.2 on Windows 8.1 and Windows Server 2012 R2 for x64 (KB3127226),-1.0,1,NORMAL
,unknown,unknown,system,,,- Security Update for Windows Server 2012 R2 (KB3172729),-1.0,1,NORMAL
,unknown,unknown,system,,,- Security Update for Microsoft .NET Framework 4.5.2 on Windows 8.1 and Windows Server 2012 R2 for x64 (KB3135994),-1.0,1,NORMAL
,unknown,unknown,system,,,- Security Update for Windows Server 2012 R2 (KB3121461),-1.0,1,NORMAL
,unknown,unknown,system,,,- Security Update for Windows Server 2012 R2 (KB3042058),-1.0,1,NORMAL
,unknown,unknown,system,,,- Update for Windows Server 2012 R2 (KB3172614),-1.0,1,NORMAL
12/1/2016 2:20:06 AM,unknown,unknown,system,Microsoft-Windows-WindowsUpdateClient,17.0,Information,-3.4520848002778712,-1,HIGH
,unknown,unknown,system,,,- Security Update for Microsoft .NET Framework 4.5.2 on Windows 8.1 and Windows Server 2012 R2 for x64 (KB3122654),-1.0,1,NORMAL
,unknown,unknown,system,,,- Security Update for Microsoft .NET Framework 4.5.2 on Windows 8.1 and Windows Server 2012 R2 for x64 (KB3163291),-1.0,1,NORMAL
,unknown,unknown,system,,,- Security Update for Microsoft .NET Framework 4.5.2 on Windows 8.1 and Windows Server 2012 R2 for x64 (KB3142030),-1.0,1,NORMAL
,unknown,unknown,system,,,- Security Update for Microsoft .NET Framework 4.5.2 on Windows 8.1 and Windows Server 2012 R2 for x64 (KB3127226),-1.0,1,NORMAL
,unknown,unknown,system,,,- Security Update for Windows Server 2012 R2 (KB3172729),-1.0,1,NORMAL
,unknown,unknown,system,,,- Security Update for Microsoft .NET Framework 4.5.2 on Windows 8.1 and Windows Server 2012 R2 for x64 (KB3135994),-1.0,1,NORMAL
,unknown,unknown,system,,,- Security Update for Windows Server 2012 R2 (KB3121461),-1.0,1,NORMAL
,unknown,unknown,system,,,- Security Update for Windows Server 2012 R2 (KB3042058),-1.0,1,NORMAL
12/1/2016 2:20:06 AM,unknown,unknown,system,Microsoft-Windows-WindowsUpdateClient,17.0,Information,-3.4520848002778712,-1,HIGH
,unknown,unknown,system,,,- Security Update for Microsoft .NET Framework 4.5.2 on Windows 8.1 and Windows Server 2012 R2 for x64 (KB3122654),-1.0,1,NORMAL
,unknown,unknown,system,,,- Security Update for Microsoft .NET Framework 4.5.2 on Windows 8.1 and Windows Server 2012 R2 for x64 (KB3163291),-1.0,1,NORMAL
,unknown,unknown,system,,,- Security Update for Microsoft .NET Framework 4.5.2 on Windows 8.1 and Windows Server 2012 R2 for x64 (KB3142030),-1.0,1,NORMAL
,unknown,unknown,system,,,- Security Update for Microsoft .NET Framework 4.5.2 on Windows 8.1 and Windows Server 2012 R2 for x64 (KB3127226),-1.0,1,NORMAL
,unknown,unknown,system,,,- Security Update for Windows Server 2012 R2 (KB3172729),-1.0,1,NORMAL
,unknown,unknown,system,,,- Security Update for Microsoft .NET Framework 4.5.2 on Windows 8.1 and Windows Server 2012 R2 for x64 (KB3135994),-1.0,1,NORMAL
,unknown,unknown,system,,,- Security Update for Windows Server 2012 R2 (KB3121461),-1.0,1,NORMAL
12/1/2016 2:20:06 AM,unknown,unknown,system,Microsoft-Windows-WindowsUpdateClient,17.0,Information,-3.4520848002778712,-1,HIGH
,unknown,unknown,system,,,- Security Update for Microsoft .NET Framework 4.5.2 on Windows 8.1 and Windows Server 2012 R2 for x64 (KB3122654),-1.0,1,NORMAL
,unknown,unknown,system,,,- Security Update for Microsoft .NET Framework 4.5.2 on Windows 8.1 and Windows Server 2012 R2 for x64 (KB3163291),-1.0,1,NORMAL
,unknown,unknown,system,,,- Security Update for Microsoft .NET Framework 4.5.2 on Windows 8.1 and Windows Server 2012 R2 for x64 (KB3142030),-1.0,1,NORMAL
,unknown,unknown,system,,,- Security Update for Microsoft .NET Framework 4.5.2 on Windows 8.1 and Windows Server 2012 R2 for x64 (KB3127226),-1.0,1,NORMAL
,unknown,unknown,system,,,- Security Update for Windows Server 2012 R2 (KB3172729),-1.0,1,NORMAL
,unknown,unknown,system,,,- Security Update for Microsoft .NET Framework 4.5.2 on Windows 8.1 and Windows Server 2012 R2 for x64 (KB3135994),-1.0,1,NORMAL
12/1/2016 2:20:06 AM,unknown,unknown,system,Microsoft-Windows-WindowsUpdateClient,17.0,Information,-3.4520848002778712,-1,HIGH
,unknown,unknown,system,,,- Security Update for Microsoft .NET Framework 4.5.2 on Windows 8.1 and Windows Server 2012 R2 for x64 (KB3122654),-1.0,1,NORMAL
,unknown,unknown,system,,,- Security Update for Microsoft .NET Framework 4.5.2 on Windows 8.1 and Windows Server 2012 R2 for x64 (KB3163291),-1.0,1,NORMAL
,unknown,unknown,system,,,- Security Update for Microsoft .NET Framework 4.5.2 on Windows 8.1 and Windows Server 2012 R2 for x64 (KB3142030),-1.0,1,NORMAL
,unknown,unknown,system,,,- Security Update for Microsoft .NET Framework 4.5.2 on Windows 8.1 and Windows Server 2012 R2 for x64 (KB3127226),-1.0,1,NORMAL
,unknown,unknown,system,,,- Security Update for Windows Server 2012 R2 (KB3172729),-1.0,1,NORMAL
12/1/2016 2:20:06 AM,unknown,unknown,system,Microsoft-Windows-WindowsUpdateClient,17.0,Information,-3.4520848002778712,-1,HIGH
,unknown,unknown,system,,,- Security Update for Microsoft .NET Framework 4.5.2 on Windows 8.1 and Windows Server 2012 R2 for x64 (KB3122654),-1.0,1,NORMAL
,unknown,unknown,system,,,- Security Update for Microsoft .NET Framework 4.5.2 on Windows 8.1 and Windows Server 2012 R2 for x64 (KB3163291),-1.0,1,NORMAL
,unknown,unknown,system,,,- Security Update for Microsoft .NET Framework 4.5.2 on Windows 8.1 and Windows Server 2012 R2 for x64 (KB3142030),-1.0,1,NORMAL
,unknown,unknown,system,,,- Security Update for Microsoft .NET Framework 4.5.2 on Windows 8.1 and Windows Server 2012 R2 for x64 (KB3127226),-1.0,1,NORMAL
12/1/2016 2:20:06 AM,unknown,unknown,system,Microsoft-Windows-WindowsUpdateClient,17.0,Information,-3.4520848002778712,-1,HIGH
,unknown,unknown,system,,,- Security Update for Microsoft .NET Framework 4.5.2 on Windows 8.1 and Windows Server 2012 R2 for x64 (KB3122654),-1.0,1,NORMAL
,unknown,unknown,system,,,- Security Update for Microsoft .NET Framework 4.5.2 on Windows 8.1 and Windows Server 2012 R2 for x64 (KB3163291),-1.0,1,NORMAL
,unknown,unknown,system,,,- Security Update for Microsoft .NET Framework 4.5.2 on Windows 8.1 and Windows Server 2012 R2 for x64 (KB3142030),-1.0,1,NORMAL
12/1/2016 2:20:06 AM,unknown,unknown,system,Microsoft-Windows-WindowsUpdateClient,17.0,Information,-3.4520848002778712,-1,HIGH
,unknown,unknown,system,,,- Security Update for Microsoft .NET Framework 4.5.2 on Windows 8.1 and Windows Server 2012 R2 for x64 (KB3122654),-1.0,1,NORMAL
,unknown,unknown,system,,,- Security Update for Microsoft .NET Framework 4.5.2 on Windows 8.1 and Windows Server 2012 R2 for x64 (KB3163291),-1.0,1,NORMAL
12/1/2016 2:20:06 AM,unknown,unknown,system,Microsoft-Windows-WindowsUpdateClient,17.0,Information,-3.4520848002778712,-1,HIGH
,unknown,unknown,system,,,- Security Update for Microsoft .NET Framework 4.5.2 on Windows 8.1 and Windows Server 2012 R2 for x64 (KB3122654),-1.0,1,NORMAL
12/1/2016 2:19:59 AM,unknown,unknown,system,Service Control Manager,7036.0,Information,-1.0683801454312103,1,NORMAL
12/1/2016 2:18:18 AM,unknown,unknown,system,Service Control Manager,7036.0,Information,-1.0625997337070912,1,NORMAL
12/1/2016 2:15:26 AM,unknown,unknown,system,Service Control Manager,7040.0,Information,-1.1092104227089867,-1,HIGH
12/1/2016 2:15:25 AM,unknown,unknown,system,Service Control Manager,7040.0,Information,-1.1092104227089867,-1,HIGH
12/1/2016 2:15:16 AM,unknown,unknown,system,Service Control Manager,7040.0,Information,-1.1092104227089867,-1,HIGH
12/1/2016 2:13:14 AM,unknown,unknown,system,Service Control Manager,7040.0,Information,-1.0517693855427173,1,NORMAL
12/1/2016 2:13:11 AM,unknown,unknown,system,Service Control Manager,7040.0,Information,-1.0517693855427173,1,NORMAL
12/1/2016 2:12:57 AM,unknown,unknown,system,Service Control Manager,7040.0,Information,-1.0318237863575286,1,NORMAL
12/1/2016 2:12:55 AM,unknown,unknown,system,Service Control Manager,7040.0,Information,-1.0318237863575286,1,NORMAL
12/1/2016 2:12:51 AM,unknown,unknown,system,Service Control Manager,7040.0,Information,-1.0318237863575286,1,NORMAL
12/1/2016 2:11:00 AM,unknown,unknown,system,Service Control Manager,7040.0,Information,-1.00335227885593,1,NORMAL
12/1/2016 2:10:56 AM,unknown,unknown,system,Service Control Manager,7040.0,Information,-0.981604037195402,1,NORMAL
12/1/2016 2:10:40 AM,unknown,unknown,system,Microsoft-Windows-WindowsUpdateClient,44.0,Information,-0.9947793819486903,1,NORMAL
12/1/2016 2:10:40 AM,unknown,unknown,system,Microsoft-Windows-WindowsUpdateClient,44.0,Information,-0.9947793819486903,1,NORMAL
12/1/2016 2:10:40 AM,unknown,unknown,system,Microsoft-Windows-WindowsUpdateClient,44.0,Information,-0.9947793819486903,1,NORMAL
12/1/2016 2:10:35 AM,unknown,unknown,system,Microsoft-Windows-WindowsUpdateClient,44.0,Information,-0.9947793819486903,1,NORMAL
12/1/2016 2:10:35 AM,unknown,unknown,system,Microsoft-Windows-WindowsUpdateClient,44.0,Information,-0.9947793819486903,1,NORMAL
12/1/2016 2:10:35 AM,unknown,unknown,system,Microsoft-Windows-WindowsUpdateClient,44.0,Information,-0.9947793819486903,1,NORMAL
12/1/2016 2:10:35 AM,unknown,unknown,system,Microsoft-Windows-WindowsUpdateClient,44.0,Information,-0.9947793819486903,1,NORMAL
12/1/2016 2:10:35 AM,unknown,unknown,system,Microsoft-Windows-WindowsUpdateClient,44.0,Information,-0.9947793819486903,1,NORMAL
12/1/2016 2:10:35 AM,unknown,unknown,system,Microsoft-Windows-WindowsUpdateClient,44.0,Information,-0.9947793819486903,1,NORMAL
12/1/2016 2:10:33 AM,unknown,unknown,system,Service Control Manager,7040.0,Information,-1.029242569563709,1,NORMAL
12/1/2016 2:10:33 AM,unknown,unknown,system,Service Control Manager,7036.0,Information,-0.9683787782865357,1,NORMAL
12/1/2016 2:07:35 AM,unknown,unknown,system,Service Control Manager,7036.0,Information,-0.9794020408471988,1,NORMAL
12/1/2016 2:07:04 AM,unknown,unknown,system,Service Control Manager,7036.0,Information,-0.9794020408471988,1,NORMAL
12/1/2016 2:07:03 AM,unknown,unknown,system,Service Control Manager,7036.0,Information,-0.9795801130560997,1,NORMAL
12/1/2016 2:05:10 AM,unknown,unknown,system,Service Control Manager,7036.0,Information,-1.0336792639679346,1,NORMAL
12/1/2016 2:05:10 AM,unknown,unknown,system,Service Control Manager,7036.0,Information,-1.0321622227805576,1,NORMAL
12/1/2016 2:03:37 AM,unknown,unknown,system,Service Control Manager,7036.0,Information,-1.1149622677727387,-1,HIGH
12/1/2016 2:02:48 AM,unknown,unknown,system,Service Control Manager,7036.0,Information,-1.1658607125183884,-1,HIGH
12/1/2016 2:02:18 AM,unknown,unknown,system,Service Control Manager,7036.0,Information,-1.1658607125183884,-1,HIGH
12/1/2016 1:32:48 AM,unknown,unknown,system,Service Control Manager,7036.0,Information,-1.043426838783006,1,NORMAL
12/1/2016 1:32:18 AM,unknown,unknown,system,Service Control Manager,7036.0,Information,-1.043426838783006,1,NORMAL
12/1/2016 1:23:06 AM,unknown,unknown,system,Service Control Manager,7036.0,Information,-1.0655235704066395,1,NORMAL
12/1/2016 1:05:06 AM,unknown,unknown,system,Service Control Manager,7036.0,Information,-1.0699697607881566,1,NORMAL
12/1/2016 1:02:48 AM,unknown,unknown,system,Service Control Manager,7036.0,Information,-1.186032793741431,-1,HIGH
12/1/2016 1:02:18 AM,unknown,unknown,system,Service Control Manager,7036.0,Information,-1.186032793741431,-1,HIGH
12/1/2016 12:48:07 AM,unknown,unknown,system,Service Control Manager,7036.0,Information,-1.146484339075721,-1,HIGH
12/1/2016 12:38:06 AM,unknown,unknown,system,Service Control Manager,7036.0,Information,-1.026688888438389,1,NORMAL
12/1/2016 12:38:06 AM,unknown,unknown,system,Service Control Manager,7036.0,Information,-1.0350160605382774,1,NORMAL
12/1/2016 12:38:06 AM,unknown,unknown,system,Service Control Manager,7036.0,Information,-1.0265462484908807,1,NORMAL
12/1/2016 12:32:48 AM,unknown,unknown,system,Service Control Manager,7036.0,Information,-1.0861028756548137,1,NORMAL
12/1/2016 12:32:17 AM,unknown,unknown,system,Service Control Manager,7036.0,Information,-1.0861028756548137,1,NORMAL
12/1/2016 12:23:37 AM,unknown,unknown,system,Service Control Manager,7036.0,Information,-1.124720157593799,-1,HIGH
12/1/2016 12:03:37 AM,unknown,unknown,system,Service Control Manager,7036.0,Information,-1.2008169227207433,-1,HIGH
12/1/2016 12:02:48 AM,unknown,unknown,system,Service Control Manager,7036.0,Information,-1.2564382321165035,-1,HIGH
12/1/2016 12:02:17 AM,unknown,unknown,system,Service Control Manager,7036.0,Information,-1.2564382321165035,-1,HIGH
11/30/2016 11:52:18 PM,unknown,unknown,system,Service Control Manager,7036.0,Information,-1.0270256456326003,1,NORMAL
11/30/2016 11:37:55 PM,unknown,unknown,system,Service Control Manager,7036.0,Information,-1.0901548724924517,1,NORMAL
11/30/2016 11:32:48 PM,unknown,unknown,system,Service Control Manager,7036.0,Information,-1.2007539697766278,-1,HIGH
11/30/2016 11:32:17 PM,unknown,unknown,system,Service Control Manager,7036.0,Information,-1.2007539697766278,-1,HIGH
11/30/2016 11:22:26 PM,unknown,unknown,system,Service Control Manager,7036.0,Information,-0.9832263655697795,1,NORMAL
11/30/2016 11:21:14 PM,unknown,unknown,system,Service Control Manager,7036.0,Information,-1.1775048624164324,-1,HIGH
11/30/2016 11:20:26 PM,unknown,unknown,system,Service Control Manager,7036.0,Information,-1.2371210900519054,-1,HIGH
11/30/2016 11:20:26 PM,unknown,unknown,system,Service Control Manager,7036.0,Information,-1.2371210900519054,-1,HIGH
11/30/2016 11:20:26 PM,unknown,unknown,system,Service Control Manager,7036.0,Information,-0.9812160503212171,1,NORMAL
11/30/2016 11:17:54 PM,unknown,unknown,system,Service Control Manager,7036.0,Information,-1.2925454288140457,-1,HIGH
11/30/2016 11:17:05 PM,unknown,unknown,system,Service Control Manager,7036.0,Information,-0.9850554647980369,1,NORMAL
11/30/2016 11:15:05 PM,unknown,unknown,system,Service Control Manager,7036.0,Information,-0.9884739886949676,1,NORMAL
11/30/2016 11:12:16 PM,unknown,unknown,system,Service Control Manager,7036.0,Information,-1.0644072588812061,1,NORMAL
11/30/2016 11:10:29 PM,unknown,unknown,system,Service Control Manager,7036.0,Information,-1.0238150104722397,1,NORMAL
11/30/2016 11:10:16 PM,unknown,unknown,system,Service Control Manager,7036.0,Information,-1.0155441327493606,1,NORMAL
11/30/2016 11:09:25 PM,unknown,unknown,system,Service Control Manager,7036.0,Information,-1.0833662243698434,1,NORMAL
11/30/2016 11:08:19 PM,unknown,unknown,system,Service Control Manager,7036.0,Information,-1.094482889993655,1,NORMAL
11/30/2016 11:07:57 PM,unknown,unknown,system,Microsoft-Windows-WindowsUpdateClient,44.0,Information,-3124150295.5342054,-1,HIGH
11/30/2016 11:07:56 PM,unknown,unknown,system,Microsoft-Windows-WindowsUpdateClient,19.0,Information,-1.0,1,NORMAL
11/30/2016 11:07:56 PM,unknown,unknown,system,Microsoft-Windows-WindowsUpdateClient,19.0,Information,-2823446744.5416436,-1,HIGH
11/30/2016 11:07:56 PM,unknown,unknown,system,Microsoft-Windows-WindowsUpdateClient,19.0,Information,-1.0,1,NORMAL
11/30/2016 11:07:56 PM,unknown,unknown,system,Microsoft-Windows-WindowsUpdateClient,19.0,Information,-1.0,1,NORMAL
11/30/2016 11:07:56 PM,unknown,unknown,system,Microsoft-Windows-WindowsUpdateClient,19.0,Information,-1.0,1,NORMAL
11/30/2016 11:07:56 PM,unknown,unknown,system,Microsoft-Windows-WindowsUpdateClient,19.0,Information,-1.0,1,NORMAL
11/30/2016 11:07:56 PM,unknown,unknown,system,Microsoft-Windows-WindowsUpdateClient,19.0,Information,-1.0,1,NORMAL
11/30/2016 11:07:56 PM,unknown,unknown,system,Microsoft-Windows-WindowsUpdateClient,19.0,Information,-1.0,1,NORMAL
11/30/2016 11:07:56 PM,unknown,unknown,system,Microsoft-Windows-WindowsUpdateClient,19.0,Information,-1.0,1,NORMAL
11/30/2016 11:07:56 PM,unknown,unknown,system,Microsoft-Windows-WindowsUpdateClient,19.0,Information,-1.0,1,NORMAL
11/30/2016 11:07:56 PM,unknown,unknown,system,Microsoft-Windows-WindowsUpdateClient,19.0,Information,-2823446744.5416436,-1,HIGH
11/30/2016 11:07:56 PM,unknown,unknown,system,Microsoft-Windows-WindowsUpdateClient,19.0,Information,-1.0,1,NORMAL
11/30/2016 11:07:56 PM,unknown,unknown,system,Microsoft-Windows-WindowsUpdateClient,19.0,Information,-1.0,1,NORMAL
11/30/2016 11:07:56 PM,unknown,unknown,system,Microsoft-Windows-WindowsUpdateClient,19.0,Information,-1.0,1,NORMAL
11/30/2016 11:07:56 PM,unknown,unknown,system,Microsoft-Windows-WindowsUpdateClient,19.0,Information,-1.0,1,NORMAL
11/30/2016 11:07:56 PM,unknown,unknown,system,Microsoft-Windows-WindowsUpdateClient,19.0,Information,-1.0,1,NORMAL
11/30/2016 11:07:56 PM,unknown,unknown,system,Microsoft-Windows-WindowsUpdateClient,19.0,Information,-1.0,1,NORMAL
11/30/2016 11:07:56 PM,unknown,unknown,system,Microsoft-Windows-WindowsUpdateClient,19.0,Information,-1.0,1,NORMAL
11/30/2016 11:07:56 PM,unknown,unknown,system,Microsoft-Windows-WindowsUpdateClient,19.0,Information,-1.0,1,NORMAL
11/30/2016 11:07:56 PM,unknown,unknown,system,Microsoft-Windows-WindowsUpdateClient,19.0,Information,-1.0,1,NORMAL
11/30/2016 11:07:56 PM,unknown,unknown,system,Microsoft-Windows-WindowsUpdateClient,19.0,Information,-1.0,1,NORMAL
11/30/2016 11:07:56 PM,unknown,unknown,system,Microsoft-Windows-WindowsUpdateClient,19.0,Information,-1.0,1,NORMAL
11/30/2016 11:07:56 PM,unknown,unknown,system,Microsoft-Windows-WindowsUpdateClient,19.0,Information,-1.0,1,NORMAL
11/30/2016 11:07:56 PM,unknown,unknown,system,Microsoft-Windows-WindowsUpdateClient,19.0,Information,-1.0,1,NORMAL
11/30/2016 11:07:56 PM,unknown,unknown,system,Microsoft-Windows-WindowsUpdateClient,19.0,Information,-1.0,1,NORMAL
11/30/2016 11:07:56 PM,unknown,unknown,system,Microsoft-Windows-WindowsUpdateClient,19.0,Information,-1.0,1,NORMAL
11/30/2016 11:07:56 PM,unknown,unknown,system,Microsoft-Windows-WindowsUpdateClient,19.0,Information,-1.0,1,NORMAL
11/30/2016 11:07:56 PM,unknown,unknown,system,Microsoft-Windows-WindowsUpdateClient,19.0,Information,-1.0,1,NORMAL
11/30/2016 11:07:56 PM,unknown,unknown,system,Microsoft-Windows-WindowsUpdateClient,19.0,Information,-1.0,1,NORMAL
11/30/2016 11:07:56 PM,unknown,unknown,system,Microsoft-Windows-WindowsUpdateClient,19.0,Information,-1.0,1,NORMAL
11/30/2016 11:07:56 PM,unknown,unknown,system,Microsoft-Windows-WindowsUpdateClient,19.0,Information,-1.0,1,NORMAL
11/30/2016 11:07:56 PM,unknown,unknown,system,Microsoft-Windows-WindowsUpdateClient,19.0,Information,-1.0,1,NORMAL
11/30/2016 11:07:56 PM,unknown,unknown,system,Microsoft-Windows-WindowsUpdateClient,19.0,Information,-1.0,1,NORMAL
11/30/2016 11:07:56 PM,unknown,unknown,system,Microsoft-Windows-WindowsUpdateClient,19.0,Information,-1.0,1,NORMAL
11/30/2016 11:07:56 PM,unknown,unknown,system,Microsoft-Windows-WindowsUpdateClient,19.0,Information,-1.0,1,NORMAL
11/30/2016 11:07:56 PM,unknown,unknown,system,Microsoft-Windows-WindowsUpdateClient,19.0,Information,-1.0,1,NORMAL
11/30/2016 11:07:56 PM,unknown,unknown,system,Microsoft-Windows-WindowsUpdateClient,19.0,Information,-1.0,1,NORMAL
11/30/2016 11:07:56 PM,unknown,unknown,system,Microsoft-Windows-WindowsUpdateClient,19.0,Information,-1.0,1,NORMAL
11/30/2016 11:07:56 PM,unknown,unknown,system,Microsoft-Windows-WindowsUpdateClient,19.0,Information,-1.0,1,NORMAL
11/30/2016 11:07:56 PM,unknown,unknown,system,Microsoft-Windows-WindowsUpdateClient,19.0,Information,-1.0,1,NORMAL
11/30/2016 11:07:56 PM,unknown,unknown,system,Microsoft-Windows-WindowsUpdateClient,19.0,Information,-1.0,1,NORMAL
11/30/2016 11:07:56 PM,unknown,unknown,system,Microsoft-Windows-WindowsUpdateClient,19.0,Information,-1.0,1,NORMAL
11/30/2016 11:07:56 PM,unknown,unknown,system,Microsoft-Windows-WindowsUpdateClient,19.0,Information,-1.0,1,NORMAL
11/30/2016 11:07:56 PM,unknown,unknown,system,Microsoft-Windows-WindowsUpdateClient,19.0,Information,-2055327093.9208088,-1,HIGH
11/30/2016 11:07:56 PM,unknown,unknown,system,Microsoft-Windows-WindowsUpdateClient,19.0,Information,-1.0,1,NORMAL
11/30/2016 11:07:56 PM,unknown,unknown,system,Microsoft-Windows-WindowsUpdateClient,19.0,Information,-1.0,1,NORMAL
11/30/2016 11:07:56 PM,unknown,unknown,system,Microsoft-Windows-WindowsUpdateClient,19.0,Information,-1.0,1,NORMAL
11/30/2016 11:07:56 PM,unknown,unknown,system,Microsoft-Windows-WindowsUpdateClient,19.0,Information,-1.0,1,NORMAL
11/30/2016 11:07:56 PM,unknown,unknown,system,Microsoft-Windows-WindowsUpdateClient,19.0,Information,-1.0,1,NORMAL
11/30/2016 11:07:56 PM,unknown,unknown,system,Microsoft-Windows-WindowsUpdateClient,19.0,Information,-1.0,1,NORMAL
11/30/2016 11:07:56 PM,unknown,unknown,system,Microsoft-Windows-WindowsUpdateClient,19.0,Information,-1.0,1,NORMAL
11/30/2016 11:07:55 PM,unknown,unknown,system,Microsoft-Windows-WindowsUpdateClient,19.0,Information,-1.0,1,NORMAL
11/30/2016 11:07:55 PM,unknown,unknown,system,Microsoft-Windows-WindowsUpdateClient,19.0,Information,-1.0,1,NORMAL
11/30/2016 11:07:55 PM,unknown,unknown,system,Microsoft-Windows-WindowsUpdateClient,19.0,Information,-1.0,1,NORMAL
11/30/2016 11:07:55 PM,unknown,unknown,system,Microsoft-Windows-WindowsUpdateClient,19.0,Information,-1.0,1,NORMAL
11/30/2016 11:07:55 PM,unknown,unknown,system,Microsoft-Windows-WindowsUpdateClient,19.0,Information,-1.0,1,NORMAL
11/30/2016 11:07:54 PM,unknown,unknown,system,Microsoft-Windows-WindowsUpdateClient,19.0,Information,-1.0,1,NORMAL
11/30/2016 11:07:54 PM,unknown,unknown,system,Microsoft-Windows-WindowsUpdateClient,19.0,Information,-1.0,1,NORMAL
11/30/2016 11:07:54 PM,unknown,unknown,system,Microsoft-Windows-WindowsUpdateClient,19.0,Information,-2102540596.1133814,-1,HIGH
11/30/2016 11:07:54 PM,unknown,unknown,system,Microsoft-Windows-WindowsUpdateClient,19.0,Information,-1.0,1,NORMAL
11/30/2016 11:07:54 PM,unknown,unknown,system,Microsoft-Windows-WindowsUpdateClient,19.0,Information,-1.0,1,NORMAL
11/30/2016 11:07:54 PM,unknown,unknown,system,Microsoft-Windows-WindowsUpdateClient,19.0,Information,-1.0,1,NORMAL
11/30/2016 11:07:54 PM,unknown,unknown,system,Microsoft-Windows-WindowsUpdateClient,19.0,Information,-1.0,1,NORMAL
11/30/2016 11:07:54 PM,unknown,unknown,system,Microsoft-Windows-WindowsUpdateClient,19.0,Information,-1.0,1,NORMAL
11/30/2016 11:07:54 PM,unknown,unknown,system,Microsoft-Windows-WindowsUpdateClient,19.0,Information,-1.0,1,NORMAL
11/30/2016 11:07:54 PM,unknown,unknown,system,Microsoft-Windows-WindowsUpdateClient,19.0,Information,-1.0,1,NORMAL
11/30/2016 11:07:54 PM,unknown,unknown,system,Microsoft-Windows-WindowsUpdateClient,19.0,Information,-1.0,1,NORMAL
11/30/2016 11:07:54 PM,unknown,unknown,system,Microsoft-Windows-WindowsUpdateClient,19.0,Information,-1.0,1,NORMAL
11/30/2016 11:07:54 PM,unknown,unknown,system,Microsoft-Windows-WindowsUpdateClient,19.0,Information,-1.0,1,NORMAL
11/30/2016 11:07:54 PM,unknown,unknown,system,Microsoft-Windows-WindowsUpdateClient,19.0,Information,-1.0,1,NORMAL
11/30/2016 11:07:54 PM,unknown,unknown,system,Microsoft-Windows-WindowsUpdateClient,19.0,Information,-1.0,1,NORMAL
11/30/2016 11:07:54 PM,unknown,unknown,system,Microsoft-Windows-WindowsUpdateClient,19.0,Information,-1.0,1,NORMAL
11/30/2016 11:07:54 PM,unknown,unknown,system,Microsoft-Windows-WindowsUpdateClient,19.0,Information,-1.0,1,NORMAL
11/30/2016 11:07:54 PM,unknown,unknown,system,Microsoft-Windows-WindowsUpdateClient,19.0,Information,-1.0,1,NORMAL
11/30/2016 11:07:54 PM,unknown,unknown,system,Microsoft-Windows-WindowsUpdateClient,19.0,Information,-1.0,1,NORMAL
11/30/2016 11:07:54 PM,unknown,unknown,system,Microsoft-Windows-WindowsUpdateClient,19.0,Information,-1.0,1,NORMAL
11/30/2016 11:07:54 PM,unknown,unknown,system,Microsoft-Windows-WindowsUpdateClient,19.0,Information,-1.0,1,NORMAL
11/30/2016 11:07:54 PM,unknown,unknown,system,Microsoft-Windows-WindowsUpdateClient,19.0,Information,-1.0,1,NORMAL
11/30/2016 11:07:54 PM,unknown,unknown,system,Microsoft-Windows-WindowsUpdateClient,19.0,Information,-1.0,1,NORMAL
11/30/2016 11:07:54 PM,unknown,unknown,system,Microsoft-Windows-WindowsUpdateClient,19.0,Information,-1.0,1,NORMAL
11/30/2016 11:07:54 PM,unknown,unknown,system,Microsoft-Windows-WindowsUpdateClient,19.0,Information,-1.0,1,NORMAL
11/30/2016 11:07:54 PM,unknown,unknown,system,Microsoft-Windows-WindowsUpdateClient,19.0,Information,-1.0,1,NORMAL
11/30/2016 11:07:54 PM,unknown,unknown,system,Microsoft-Windows-WindowsUpdateClient,19.0,Information,-1.0,1,NORMAL
11/30/2016 11:07:54 PM,unknown,unknown,system,Microsoft-Windows-WindowsUpdateClient,19.0,Information,-1.0,1,NORMAL
11/30/2016 11:07:54 PM,unknown,unknown,system,Microsoft-Windows-WindowsUpdateClient,19.0,Information,-1.0,1,NORMAL
11/30/2016 11:07:54 PM,unknown,unknown,system,Microsoft-Windows-WindowsUpdateClient,19.0,Information,-1.0,1,NORMAL
11/30/2016 11:07:54 PM,unknown,unknown,system,Microsoft-Windows-WindowsUpdateClient,19.0,Information,-1.0,1,NORMAL
11/30/2016 11:07:54 PM,unknown,unknown,system,Microsoft-Windows-WindowsUpdateClient,19.0,Information,-1.0,1,NORMAL
11/30/2016 11:07:54 PM,unknown,unknown,system,Microsoft-Windows-WindowsUpdateClient,19.0,Information,-1.0,1,NORMAL
11/30/2016 11:07:54 PM,unknown,unknown,system,Microsoft-Windows-WindowsUpdateClient,19.0,Information,-1.0,1,NORMAL
11/30/2016 11:07:54 PM,unknown,unknown,system,Microsoft-Windows-WindowsUpdateClient,19.0,Information,-1.0,1,NORMAL
11/30/2016 11:07:54 PM,unknown,unknown,system,Microsoft-Windows-WindowsUpdateClient,19.0,Information,-1.0,1,NORMAL
11/30/2016 11:07:54 PM,unknown,unknown,system,Microsoft-Windows-WindowsUpdateClient,19.0,Information,-1.0,1,NORMAL
11/30/2016 11:07:54 PM,unknown,unknown,system,Microsoft-Windows-WindowsUpdateClient,19.0,Information,-1.0,1,NORMAL
11/30/2016 11:07:54 PM,unknown,unknown,system,Microsoft-Windows-WindowsUpdateClient,19.0,Information,-1.0,1,NORMAL
11/30/2016 11:07:54 PM,unknown,unknown,system,Microsoft-Windows-WindowsUpdateClient,19.0,Information,-1.0,1,NORMAL
11/30/2016 11:07:54 PM,unknown,unknown,system,Microsoft-Windows-WindowsUpdateClient,19.0,Information,-1.0,1,NORMAL
11/30/2016 11:07:54 PM,unknown,unknown,system,Microsoft-Windows-WindowsUpdateClient,19.0,Information,-2823446744.5416436,-1,HIGH
11/30/2016 11:07:54 PM,unknown,unknown,system,Microsoft-Windows-WindowsUpdateClient,19.0,Information,-1.0,1,NORMAL
11/30/2016 11:07:54 PM,unknown,unknown,system,Microsoft-Windows-WindowsUpdateClient,19.0,Information,-1.0,1,NORMAL
11/30/2016 11:07:54 PM,unknown,unknown,system,Microsoft-Windows-WindowsUpdateClient,19.0,Information,-1284226327.5547276,-1,HIGH
11/30/2016 11:07:54 PM,unknown,unknown,system,Microsoft-Windows-WindowsUpdateClient,19.0,Information,-1.0,1,NORMAL
11/30/2016 11:07:54 PM,unknown,unknown,system,Microsoft-Windows-WindowsUpdateClient,19.0,Information,-1.0,1,NORMAL
11/30/2016 11:07:54 PM,unknown,unknown,system,Microsoft-Windows-WindowsUpdateClient,19.0,Information,-1.0,1,NORMAL
11/30/2016 11:07:54 PM,unknown,unknown,system,Microsoft-Windows-WindowsUpdateClient,19.0,Information,-1.0,1,NORMAL
11/30/2016 11:07:54 PM,unknown,unknown,system,Microsoft-Windows-WindowsUpdateClient,19.0,Information,-1.0,1,NORMAL
11/30/2016 11:07:54 PM,unknown,unknown,system,Microsoft-Windows-WindowsUpdateClient,19.0,Information,-1.0,1,NORMAL
11/30/2016 11:07:54 PM,unknown,unknown,system,Microsoft-Windows-WindowsUpdateClient,19.0,Information,-1.0,1,NORMAL
11/30/2016 11:07:54 PM,unknown,unknown,system,Microsoft-Windows-WindowsUpdateClient,19.0,Information,-1.0,1,NORMAL
11/30/2016 11:07:54 PM,unknown,unknown,system,Microsoft-Windows-WindowsUpdateClient,19.0,Information,-1.0,1,NORMAL
11/30/2016 11:07:54 PM,unknown,unknown,system,Microsoft-Windows-WindowsUpdateClient,19.0,Information,-1.0,1,NORMAL
11/30/2016 11:07:54 PM,unknown,unknown,system,Microsoft-Windows-WindowsUpdateClient,19.0,Information,-2823446744.5416436,-1,HIGH
11/30/2016 11:07:54 PM,unknown,unknown,system,Microsoft-Windows-WindowsUpdateClient,19.0,Information,-1.0,1,NORMAL
11/30/2016 11:07:54 PM,unknown,unknown,system,Microsoft-Windows-WindowsUpdateClient,19.0,Information,-1.0,1,NORMAL
11/30/2016 11:07:54 PM,unknown,unknown,system,Microsoft-Windows-WindowsUpdateClient,19.0,Information,-1.0,1,NORMAL
11/30/2016 11:07:54 PM,unknown,unknown,system,Microsoft-Windows-WindowsUpdateClient,19.0,Information,-1.0,1,NORMAL
11/30/2016 11:07:54 PM,unknown,unknown,system,Microsoft-Windows-WindowsUpdateClient,19.0,Information,-1.0,1,NORMAL
11/30/2016 11:07:54 PM,unknown,unknown,system,Microsoft-Windows-WindowsUpdateClient,19.0,Information,-2823446744.5416436,-1,HIGH
11/30/2016 11:07:54 PM,unknown,unknown,system,Microsoft-Windows-WindowsUpdateClient,19.0,Information,-1.0,1,NORMAL
11/30/2016 11:07:54 PM,unknown,unknown,system,Microsoft-Windows-WindowsUpdateClient,19.0,Information,-1.0,1,NORMAL
11/30/2016 11:07:54 PM,unknown,unknown,system,Microsoft-Windows-WindowsUpdateClient,19.0,Information,-1.0,1,NORMAL
11/30/2016 11:07:54 PM,unknown,unknown,system,Microsoft-Windows-WindowsUpdateClient,19.0,Information,-1.0,1,NORMAL
11/30/2016 11:07:54 PM,unknown,unknown,system,Microsoft-Windows-WindowsUpdateClient,19.0,Information,-1.0,1,NORMAL
11/30/2016 11:07:54 PM,unknown,unknown,system,Microsoft-Windows-WindowsUpdateClient,19.0,Information,-1.0,1,NORMAL
11/30/2016 11:07:54 PM,unknown,unknown,system,Microsoft-Windows-WindowsUpdateClient,19.0,Information,-1.0,1,NORMAL
11/30/2016 11:07:54 PM,unknown,unknown,system,Microsoft-Windows-WindowsUpdateClient,19.0,Information,-1.0,1,NORMAL
11/30/2016 11:07:54 PM,unknown,unknown,system,Microsoft-Windows-WindowsUpdateClient,19.0,Information,-1.0,1,NORMAL
11/30/2016 11:07:54 PM,unknown,unknown,system,Microsoft-Windows-WindowsUpdateClient,19.0,Information,-1.0,1,NORMAL
11/30/2016 11:07:54 PM,unknown,unknown,system,Microsoft-Windows-WindowsUpdateClient,19.0,Information,-1.0,1,NORMAL
11/30/2016 11:07:54 PM,unknown,unknown,system,Microsoft-Windows-WindowsUpdateClient,19.0,Information,-1.0,1,NORMAL
11/30/2016 11:07:54 PM,unknown,unknown,system,Microsoft-Windows-WindowsUpdateClient,19.0,Information,-1.0,1,NORMAL
11/30/2016 11:07:54 PM,unknown,unknown,system,Microsoft-Windows-WindowsUpdateClient,19.0,Information,-1.0,1,NORMAL
11/30/2016 11:07:54 PM,unknown,unknown,system,Microsoft-Windows-WindowsUpdateClient,19.0,Information,-1.0,1,NORMAL
11/30/2016 11:07:54 PM,unknown,unknown,system,Microsoft-Windows-WindowsUpdateClient,19.0,Information,-1.0,1,NORMAL
11/30/2016 11:07:54 PM,unknown,unknown,system,Microsoft-Windows-WindowsUpdateClient,19.0,Information,-1.0,1,NORMAL
11/30/2016 11:07:54 PM,unknown,unknown,system,Microsoft-Windows-WindowsUpdateClient,19.0,Information,-1.0,1,NORMAL
11/30/2016 11:07:54 PM,unknown,unknown,system,Microsoft-Windows-WindowsUpdateClient,19.0,Information,-1.0,1,NORMAL
11/30/2016 11:07:54 PM,unknown,unknown,system,Microsoft-Windows-WindowsUpdateClient,19.0,Information,-1.0,1,NORMAL
11/30/2016 11:07:54 PM,unknown,unknown,system,Microsoft-Windows-WindowsUpdateClient,19.0,Information,-1.0,1,NORMAL
11/30/2016 11:07:54 PM,unknown,unknown,system,Microsoft-Windows-WindowsUpdateClient,19.0,Information,-1.0,1,NORMAL
11/30/2016 11:07:54 PM,unknown,unknown,system,Microsoft-Windows-WindowsUpdateClient,19.0,Information,-1.0,1,NORMAL
11/30/2016 11:07:54 PM,unknown,unknown,system,Microsoft-Windows-WindowsUpdateClient,19.0,Information,-1.0,1,NORMAL
11/30/2016 11:07:54 PM,unknown,unknown,system,Microsoft-Windows-WindowsUpdateClient,19.0,Information,-1.0,1,NORMAL
11/30/2016 11:07:54 PM,unknown,unknown,system,Microsoft-Windows-WindowsUpdateClient,19.0,Information,-1.0,1,NORMAL
11/30/2016 11:07:54 PM,unknown,unknown,system,Microsoft-Windows-WindowsUpdateClient,19.0,Information,-1.0,1,NORMAL
11/30/2016 11:07:54 PM,unknown,unknown,system,Microsoft-Windows-WindowsUpdateClient,19.0,Information,-1.0,1,NORMAL
11/30/2016 11:07:54 PM,unknown,unknown,system,Microsoft-Windows-WindowsUpdateClient,19.0,Information,-1.0,1,NORMAL
11/30/2016 11:07:54 PM,unknown,unknown,system,Microsoft-Windows-WindowsUpdateClient,19.0,Information,-1.0,1,NORMAL
11/30/2016 11:07:54 PM,unknown,unknown,system,Microsoft-Windows-WindowsUpdateClient,19.0,Information,-2823446744.5416436,-1,HIGH
11/30/2016 11:07:54 PM,unknown,unknown,system,Microsoft-Windows-WindowsUpdateClient,19.0,Information,-1.0,1,NORMAL
11/30/2016 11:07:54 PM,unknown,unknown,system,Microsoft-Windows-WindowsUpdateClient,19.0,Information,-2823446744.5416436,-1,HIGH
11/30/2016 11:07:54 PM,unknown,unknown,system,Microsoft-Windows-WindowsUpdateClient,19.0,Information,-1.0,1,NORMAL
11/30/2016 11:07:54 PM,unknown,unknown,system,Microsoft-Windows-WindowsUpdateClient,19.0,Information,-1.0,1,NORMAL
11/30/2016 11:07:54 PM,unknown,unknown,system,Microsoft-Windows-WindowsUpdateClient,19.0,Information,-1.0,1,NORMAL
11/30/2016 11:07:54 PM,unknown,unknown,system,Microsoft-Windows-WindowsUpdateClient,19.0,Information,-1.0,1,NORMAL
11/30/2016 11:07:54 PM,unknown,unknown,system,Microsoft-Windows-WindowsUpdateClient,19.0,Information,-1.0,1,NORMAL
11/30/2016 11:07:54 PM,unknown,unknown,system,Microsoft-Windows-WindowsUpdateClient,19.0,Information,-1.0,1,NORMAL
11/30/2016 11:07:54 PM,unknown,unknown,system,Microsoft-Windows-WindowsUpdateClient,19.0,Information,-1.0,1,NORMAL
11/30/2016 11:07:54 PM,unknown,unknown,system,Microsoft-Windows-WindowsUpdateClient,19.0,Information,-1.0,1,NORMAL
11/30/2016 11:07:54 PM,unknown,unknown,system,Microsoft-Windows-WindowsUpdateClient,19.0,Information,-1.0,1,NORMAL
11/30/2016 11:07:54 PM,unknown,unknown,system,Microsoft-Windows-WindowsUpdateClient,19.0,Information,-1.0,1,NORMAL
11/30/2016 11:07:54 PM,unknown,unknown,system,Microsoft-Windows-WindowsUpdateClient,19.0,Information,-1.0,1,NORMAL
11/30/2016 11:07:54 PM,unknown,unknown,system,Microsoft-Windows-WindowsUpdateClient,19.0,Information,-1.0,1,NORMAL
11/30/2016 11:07:54 PM,unknown,unknown,system,Microsoft-Windows-WindowsUpdateClient,19.0,Information,-1.0,1,NORMAL
11/30/2016 11:07:54 PM,unknown,unknown,system,Microsoft-Windows-WindowsUpdateClient,19.0,Information,-1.0,1,NORMAL
11/30/2016 11:07:54 PM,unknown,unknown,system,Microsoft-Windows-WindowsUpdateClient,19.0,Information,-1.0,1,NORMAL
11/30/2016 11:07:54 PM,unknown,unknown,system,Microsoft-Windows-WindowsUpdateClient,19.0,Information,-1.0,1,NORMAL
11/30/2016 11:07:54 PM,unknown,unknown,system,Microsoft-Windows-WindowsUpdateClient,19.0,Information,-1.0,1,NORMAL
11/30/2016 11:07:54 PM,unknown,unknown,system,Microsoft-Windows-WindowsUpdateClient,19.0,Information,-1.0,1,NORMAL
11/30/2016 11:07:54 PM,unknown,unknown,system,Microsoft-Windows-WindowsUpdateClient,19.0,Information,-1.0,1,NORMAL
11/30/2016 11:07:54 PM,unknown,unknown,system,Microsoft-Windows-WindowsUpdateClient,19.0,Information,-1.0,1,NORMAL
11/30/2016 11:07:54 PM,unknown,unknown,system,Microsoft-Windows-WindowsUpdateClient,19.0,Information,-1.0,1,NORMAL
11/30/2016 11:07:54 PM,unknown,unknown,system,Microsoft-Windows-WindowsUpdateClient,19.0,Information,-1.0,1,NORMAL
11/30/2016 11:07:54 PM,unknown,unknown,system,Microsoft-Windows-WindowsUpdateClient,19.0,Information,-1.0,1,NORMAL
11/30/2016 11:07:54 PM,unknown,unknown,system,Microsoft-Windows-WindowsUpdateClient,19.0,Information,-1.0,1,NORMAL
11/30/2016 11:07:54 PM,unknown,unknown,system,Microsoft-Windows-WindowsUpdateClient,19.0,Information,-1.0,1,NORMAL
11/30/2016 11:07:54 PM,unknown,unknown,system,Microsoft-Windows-WindowsUpdateClient,19.0,Information,-1.0,1,NORMAL
11/30/2016 11:07:54 PM,unknown,unknown,system,Microsoft-Windows-WindowsUpdateClient,19.0,Information,-1.0,1,NORMAL
11/30/2016 11:07:54 PM,unknown,unknown,system,Microsoft-Windows-WindowsUpdateClient,19.0,Information,-1.0,1,NORMAL
11/30/2016 11:07:54 PM,unknown,unknown,system,Microsoft-Windows-WindowsUpdateClient,19.0,Information,-1.0,1,NORMAL
11/30/2016 11:07:54 PM,unknown,unknown,system,Microsoft-Windows-WindowsUpdateClient,19.0,Information,-1.0,1,NORMAL
11/30/2016 11:07:53 PM,unknown,unknown,system,Microsoft-Windows-WindowsUpdateClient,19.0,Information,-1.0,1,NORMAL
11/30/2016 11:07:53 PM,unknown,unknown,system,Microsoft-Windows-WindowsUpdateClient,19.0,Information,-1.0,1,NORMAL
11/30/2016 11:07:53 PM,unknown,unknown,system,Microsoft-Windows-WindowsUpdateClient,19.0,Information,-1.0,1,NORMAL
11/30/2016 11:07:53 PM,unknown,unknown,system,Microsoft-Windows-WindowsUpdateClient,19.0,Information,-1.0,1,NORMAL
11/30/2016 11:07:53 PM,unknown,unknown,system,Microsoft-Windows-WindowsUpdateClient,19.0,Information,-1.0,1,NORMAL
11/30/2016 11:07:53 PM,unknown,unknown,system,Microsoft-Windows-WindowsUpdateClient,19.0,Information,-1.0,1,NORMAL
11/30/2016 11:07:53 PM,unknown,unknown,system,Microsoft-Windows-WindowsUpdateClient,19.0,Information,-1.0,1,NORMAL
11/30/2016 11:07:53 PM,unknown,unknown,system,Microsoft-Windows-WindowsUpdateClient,19.0,Information,-1.0,1,NORMAL
11/30/2016 11:07:53 PM,unknown,unknown,system,Microsoft-Windows-WindowsUpdateClient,19.0,Information,-1.0,1,NORMAL
11/30/2016 11:07:53 PM,unknown,unknown,system,Microsoft-Windows-WindowsUpdateClient,19.0,Information,-1.0,1,NORMAL
11/30/2016 11:07:53 PM,unknown,unknown,system,Microsoft-Windows-WindowsUpdateClient,19.0,Information,-1.0,1,NORMAL
11/30/2016 11:07:53 PM,unknown,unknown,system,Microsoft-Windows-WindowsUpdateClient,19.0,Information,-1.0,1,NORMAL
11/30/2016 11:07:53 PM,unknown,unknown,system,Microsoft-Windows-WindowsUpdateClient,19.0,Information,-1.0,1,NORMAL
11/30/2016 11:07:53 PM,unknown,unknown,system,Microsoft-Windows-WindowsUpdateClient,19.0,Information,-1.0,1,NORMAL
11/30/2016 11:07:46 PM,unknown,unknown,system,Service Control Manager,7036.0,Information,-1.0716684391486384,1,NORMAL
11/30/2016 11:07:40 PM,unknown,unknown,system,Service Control Manager,7036.0,Information,-1.0708355403261147,1,NORMAL
11/30/2016 11:07:30 PM,unknown,unknown,system,Service Control Manager,7036.0,Information,-1.0709126954031924,1,NORMAL
11/30/2016 11:07:29 PM,unknown,unknown,system,Service Control Manager,7036.0,Information,-1.0707255791415515,1,NORMAL
11/30/2016 11:07:28 PM,unknown,unknown,system,Service Control Manager,7036.0,Information,-1.0599201819025388,1,NORMAL
11/30/2016 11:07:25 PM,unknown,unknown,system,Service Control Manager,7036.0,Information,-1.0830284825040082,1,NORMAL
11/30/2016 11:07:25 PM,unknown,unknown,system,Microsoft-Windows-Kernel-General,16.0,Information,-0.9890440671756441,1,NORMAL
11/30/2016 11:07:25 PM,unknown,unknown,system,Microsoft-Windows-Kernel-General,16.0,Information,-0.9871198989835225,1,NORMAL
