12/2/2016 4:42:45 PM,unknown,unknown,system,Microsoft-Windows-WinRM,10148.0,Information,-20.483976670643013,-1,HIGH
12/2/2016 4:42:44 PM,unknown,unknown,system,Service Control Manager,7036.0,Information,-0.9896282672945459,1,NORMAL
12/2/2016 4:42:44 PM,unknown,unknown,system,Service Control Manager,7036.0,Information,-1.0174722310475222,1,NORMAL
12/2/2016 4:42:43 PM,unknown,unknown,system,Service Control Manager,7036.0,Information,-0.9937138373473389,1,NORMAL
12/2/2016 4:42:43 PM,unknown,unknown,system,Service Control Manager,7036.0,Information,-1.1375668384952062,-1,HIGH
12/2/2016 4:42:42 PM,unknown,unknown,system,Service Control Manager,7036.0,Information,-0.9913722073361362,1,NORMAL
12/2/2016 4:42:42 PM,unknown,unknown,system,Service Control Manager,7036.0,Information,-0.9739836610952766,1,NORMAL
12/2/2016 4:42:42 PM,unknown,unknown,system,Service Control Manager,7036.0,Information,-0.989783321182509,1,NORMAL
12/2/2016 4:42:42 PM,unknown,unknown,system,Service Control Manager,7036.0,Information,-0.9872670069734781,1,NORMAL
12/2/2016 4:42:41 PM,unknown,unknown,system,Service Control Manager,7036.0,Information,-0.9771254882149597,1,NORMAL
12/2/2016 4:42:41 PM,unknown,unknown,system,Service Control Manager,7036.0,Information,-1.0199933283397997,1,NORMAL
12/2/2016 4:42:41 PM,unknown,unknown,system,Service Control Manager,7036.0,Information,-0.9880013769661599,1,NORMAL
12/2/2016 4:42:40 PM,unknown,unknown,system,Service Control Manager,7036.0,Information,-0.9721447540323775,1,NORMAL
12/2/2016 4:42:39 PM,unknown,unknown,system,Service Control Manager,7036.0,Information,-0.9872670069734781,1,NORMAL
12/2/2016 4:42:39 PM,unknown,unknown,system,Service Control Manager,7036.0,Information,-0.9819934244114822,1,NORMAL
12/2/2016 4:42:39 PM,unknown,unknown,system,Service Control Manager,7036.0,Information,-0.9758196444769263,1,NORMAL
12/2/2016 4:42:39 PM,unknown,unknown,system,Service Control Manager,7036.0,Information,-0.9739836610952766,1,NORMAL
12/2/2016 4:42:39 PM,unknown,unknown,system,Service Control Manager,7036.0,Information,-0.9895902455868346,1,NORMAL
12/2/2016 4:42:35 PM,unknown,unknown,system,Service Control Manager,7036.0,Information,-0.9720466527106586,1,NORMAL
12/2/2016 4:42:35 PM,unknown,unknown,system,Service Control Manager,7036.0,Information,-0.990920891009562,1,NORMAL
12/2/2016 4:42:35 PM,unknown,unknown,system,Microsoft-Windows-DHCPv6-Client,51046.0,Information,-2.1106468450424507,-1,HIGH
12/2/2016 4:42:34 PM,unknown,unknown,system,Microsoft-Windows-Dhcp-Client,50036.0,Information,-2.085291582936121,-1,HIGH
12/2/2016 4:42:34 PM,unknown,unknown,system,Service Control Manager,7036.0,Information,-0.9945765962614626,1,NORMAL
12/2/2016 4:42:34 PM,unknown,unknown,system,Service Control Manager,7036.0,Information,-0.9739836610952766,1,NORMAL
12/2/2016 4:42:34 PM,unknown,unknown,system,Service Control Manager,7036.0,Information,-0.9721447540323775,1,NORMAL
12/2/2016 4:42:33 PM,unknown,unknown,system,Service Control Manager,7036.0,Information,-0.9879634699480251,1,NORMAL
12/2/2016 4:42:33 PM,unknown,unknown,system,Service Control Manager,7036.0,Information,-1.0053325316019552,1,NORMAL
12/2/2016 4:42:33 PM,unknown,unknown,system,Service Control Manager,7036.0,Information,-0.9721447540323775,1,NORMAL
12/2/2016 4:42:33 PM,unknown,unknown,system,Service Control Manager,7036.0,Information,-0.9690981360910159,1,NORMAL
12/2/2016 4:42:32 PM,unknown,unknown,system,Service Control Manager,7036.0,Information,-0.9859889632173836,1,NORMAL
12/2/2016 4:42:32 PM,unknown,unknown,system,Service Control Manager,7036.0,Information,-0.9771254882149597,1,NORMAL
12/2/2016 4:42:31 PM,unknown,unknown,system,Service Control Manager,7036.0,Information,-1.0874698849046454,1,NORMAL
12/2/2016 4:42:30 PM,unknown,unknown,system,Service Control Manager,7036.0,Information,-0.9859889632173836,1,NORMAL
12/2/2016 4:42:29 PM,unknown,unknown,system,Microsoft-Windows-FilterManager,6.0,Information,-1.418014962751471,-1,HIGH
12/2/2016 4:42:28 PM,unknown,unknown,system,Service Control Manager,7036.0,Information,-0.9721447540323775,1,NORMAL
12/2/2016 4:42:28 PM,unknown,unknown,system,Service Control Manager,7036.0,Information,-0.9721447540323775,1,NORMAL
12/2/2016 4:42:28 PM,unknown,unknown,system,Service Control Manager,7036.0,Information,-1.0549275076078157,1,NORMAL
12/2/2016 4:42:27 PM,unknown,unknown,system,Service Control Manager,7036.0,Information,-0.9747798792925105,1,NORMAL
12/2/2016 4:42:27 PM,unknown,unknown,system,Service Control Manager,7036.0,Information,-0.9740667086274215,1,NORMAL
12/2/2016 4:42:27 PM,unknown,unknown,system,Service Control Manager,7036.0,Information,-0.9690981360910159,1,NORMAL
12/2/2016 4:42:27 PM,unknown,unknown,system,Service Control Manager,7036.0,Information,-1.1086039065228563,-1,HIGH
12/2/2016 4:42:27 PM,unknown,unknown,system,Service Control Manager,7036.0,Information,-0.9877149008466022,1,NORMAL
12/2/2016 4:42:05 PM,unknown,unknown,system,Microsoft-Windows-Ntfs,98.0,Information,-1.1418746976599286,-1,HIGH
12/2/2016 4:42:05 PM,unknown,unknown,system,Microsoft-Windows-Kernel-Processor-Power,55.0,Information,-1.266973170791458,-1,HIGH
12/2/2016 4:42:05 PM,unknown,unknown,system,Microsoft-Windows-Kernel-Processor-Power,55.0,Information,-1.266973170791458,-1,HIGH
12/2/2016 4:42:04 PM,unknown,unknown,system,Microsoft-Windows-Kernel-Power,508.0,Information,-1.2241708709647399,-1,HIGH
12/2/2016 4:42:04 PM,unknown,unknown,system,Microsoft-Windows-FilterManager,6.0,Information,-1.4184228344142253,-1,HIGH
12/2/2016 4:42:02 PM,unknown,unknown,system,Microsoft-Windows-Ntfs,98.0,Information,-1.1531995131957662,-1,HIGH
12/2/2016 4:42:01 PM,unknown,unknown,system,Microsoft-Windows-Kernel-Boot,32.0,Information,-0.9685859318945951,1,NORMAL
12/2/2016 4:42:01 PM,unknown,unknown,system,Microsoft-Windows-Kernel-Boot,18.0,Information,-0.9700086809042415,1,NORMAL
12/2/2016 4:42:01 PM,unknown,unknown,system,Microsoft-Windows-Kernel-Boot,27.0,Information,-0.9773810317060808,1,NORMAL
12/2/2016 4:42:01 PM,unknown,unknown,system,Microsoft-Windows-Kernel-Boot,20.0,Information,-0.9672235636088802,1,NORMAL
12/2/2016 4:42:01 PM,unknown,unknown,system,Microsoft-Windows-Kernel-General,12.0,Information,-0.9702864844002237,1,NORMAL
12/2/2016 4:41:55 PM,unknown,unknown,system,Microsoft-Windows-Kernel-General,13.0,Information,-0.9729699797003549,1,NORMAL
12/2/2016 4:41:51 PM,unknown,unknown,system,Microsoft-Windows-Kernel-Power,109.0,Information,-1.109366442083026,-1,HIGH
12/2/2016 4:42:30 PM,unknown,unknown,system,EventLog,6013.0,Information,-1.225106216556488,-1,HIGH
12/2/2016 4:42:30 PM,unknown,unknown,system,EventLog,6005.0,Information,-1.2283212680630613,-1,HIGH
12/2/2016 4:42:30 PM,unknown,unknown,system,EventLog,6009.0,Information,-1.2275578981663826,-1,HIGH
12/2/2016 4:41:48 PM,unknown,unknown,system,Service Control Manager,7036.0,Information,-1.0132863203822404,1,NORMAL
12/2/2016 4:41:46 PM,unknown,unknown,system,Service Control Manager,7036.0,Information,-0.9841904766120773,1,NORMAL
12/2/2016 4:41:46 PM,unknown,unknown,system,Service Control Manager,7036.0,Information,-1.0074023428301282,1,NORMAL
12/2/2016 4:41:46 PM,unknown,unknown,system,Service Control Manager,7036.0,Information,-1.0180751842409983,1,NORMAL
12/2/2016 4:41:46 PM,unknown,unknown,system,Service Control Manager,7036.0,Information,-1.0425495777715053,1,NORMAL
12/2/2016 4:41:46 PM,unknown,unknown,system,Service Control Manager,7036.0,Information,-1.018157253283998,1,NORMAL
12/2/2016 4:41:46 PM,unknown,unknown,system,Service Control Manager,7036.0,Information,-1.1476064983107708,-1,HIGH
12/2/2016 4:41:46 PM,unknown,unknown,system,Service Control Manager,7036.0,Information,-1.0444895044795017,1,NORMAL
12/2/2016 4:41:46 PM,unknown,unknown,system,Service Control Manager,7036.0,Information,-1.0340844118991306,1,NORMAL
12/2/2016 4:41:46 PM,unknown,unknown,system,Service Control Manager,7036.0,Information,-0.9994393713425014,1,NORMAL
12/2/2016 4:41:46 PM,unknown,unknown,system,Service Control Manager,7036.0,Information,-1.0085036135255,1,NORMAL
12/2/2016 4:41:46 PM,unknown,unknown,system,Service Control Manager,7036.0,Information,-1.018157253283998,1,NORMAL
12/2/2016 4:41:46 PM,unknown,unknown,system,Service Control Manager,7036.0,Information,-1.060580187121663,1,NORMAL
12/2/2016 4:41:46 PM,unknown,unknown,system,Microsoft-Windows-Dhcp-Client,50037.0,Information,-2.119420164960898,-1,HIGH
12/2/2016 4:41:46 PM,unknown,unknown,system,Microsoft-Windows-DHCPv6-Client,51047.0,Information,-2.145225095256846,-1,HIGH
12/2/2016 4:41:46 PM,unknown,unknown,system,Service Control Manager,7036.0,Information,-1.1716823438012163,-1,HIGH
12/2/2016 4:41:46 PM,unknown,unknown,system,Service Control Manager,7036.0,Information,-1.0254490258591147,1,NORMAL
12/2/2016 4:41:46 PM,unknown,unknown,system,Service Control Manager,7036.0,Information,-1.4813022954697395,-1,HIGH
12/2/2016 4:41:46 PM,unknown,unknown,system,Service Control Manager,7036.0,Information,-1.0453016280765148,1,NORMAL
12/2/2016 4:41:46 PM,unknown,unknown,system,Service Control Manager,7036.0,Information,-1.0736431455337871,1,NORMAL
12/2/2016 4:41:46 PM,unknown,unknown,system,Service Control Manager,7036.0,Information,-1.054425216164909,1,NORMAL
12/2/2016 4:41:46 PM,unknown,unknown,system,Service Control Manager,7036.0,Information,-1.0282910346948309,1,NORMAL
12/2/2016 4:41:46 PM,unknown,unknown,system,Microsoft-Windows-Kernel-General,1.0,Information,-0.9795821635423999,1,NORMAL
12/2/2016 4:41:46 PM,unknown,unknown,system,EventLog,6006.0,Information,-1.2161632398296103,-1,HIGH
12/2/2016 4:41:46 PM,unknown,unknown,system,Microsoft-Windows-WinRM,10149.0,Warning,-339728883767.54297,-1,HIGH
12/2/2016 4:41:44 PM,unknown,unknown,system,Service Control Manager,7036.0,Information,-1.0145236613340887,1,NORMAL
12/2/2016 4:41:44 PM,unknown,unknown,system,Service Control Manager,7036.0,Information,-1.0034110662891307,1,NORMAL
12/2/2016 4:41:44 PM,unknown,unknown,system,Service Control Manager,7036.0,Information,-0.9994393713425014,1,NORMAL
12/2/2016 4:41:43 PM,unknown,unknown,system,Service Control Manager,7036.0,Information,-1.1419646539161632,-1,HIGH
12/2/2016 4:41:41 PM,unknown,unknown,system,Service Control Manager,7036.0,Information,-1.1716823438012163,-1,HIGH
12/2/2016 4:41:41 PM,unknown,unknown,system,Service Control Manager,7036.0,Information,-1.018157253283998,1,NORMAL
12/2/2016 4:41:15 PM,unknown,unknown,system,Service Control Manager,7036.0,Information,-1.0193330653175765,1,NORMAL
12/2/2016 4:40:45 PM,unknown,unknown,system,Service Control Manager,7036.0,Information,-1.3279341777138678,-1,HIGH
12/2/2016 4:40:45 PM,unknown,unknown,system,Service Control Manager,7036.0,Information,-1.386899576280997,-1,HIGH
12/2/2016 4:40:45 PM,unknown,unknown,system,Microsoft-Windows-WindowsUpdateClient,27.0,Information,-1.4357960148738542,-1,HIGH
12/2/2016 4:40:45 PM,unknown,unknown,system,Service Control Manager,7036.0,Information,-1.343075168385484,-1,HIGH
12/2/2016 4:40:43 PM,unknown,unknown,system,Service Control Manager,7036.0,Information,-1.3129942227459395,-1,HIGH
12/2/2016 4:40:43 PM,unknown,unknown,system,Microsoft-Windows-Winlogon,7002.0,Information,-1.090370093086722,1,NORMAL
12/2/2016 4:40:42 PM,unknown,unknown,system,User32,1074.0,Information,-17.07931153855231,-1,HIGH
12/2/2016 4:40:42 PM,unknown,unknown,system,User32,1074.0,Information,-16.772653396828172,-1,HIGH
12/2/2016 4:31:59 PM,unknown,unknown,system,Service Control Manager,7036.0,Information,-1.3772789879213128,-1,HIGH
12/2/2016 4:31:59 PM,unknown,unknown,system,Service Control Manager,7036.0,Information,-1.361739552788741,-1,HIGH
12/2/2016 4:24:45 PM,unknown,unknown,system,Service Control Manager,7036.0,Information,-1.0158129535059828,1,NORMAL
12/2/2016 4:20:02 PM,unknown,unknown,system,Service Control Manager,7036.0,Information,-0.9719468871858996,1,NORMAL
12/2/2016 4:20:01 PM,unknown,unknown,system,Service Control Manager,7036.0,Information,-0.9719468871858996,1,NORMAL
12/2/2016 4:18:50 PM,unknown,unknown,system,Service Control Manager,7036.0,Information,-0.9837523413199156,1,NORMAL
12/2/2016 4:18:19 PM,unknown,unknown,system,Service Control Manager,7036.0,Information,-0.9837523413199156,1,NORMAL
12/2/2016 4:14:43 PM,unknown,unknown,system,Service Control Manager,7036.0,Information,-1.017218967899076,1,NORMAL
12/2/2016 4:14:43 PM,unknown,unknown,system,Service Control Manager,7036.0,Information,-1.0200818047320006,1,NORMAL
12/2/2016 3:48:50 PM,unknown,unknown,system,Service Control Manager,7036.0,Information,-1.4126112736662406,-1,HIGH
12/2/2016 3:48:19 PM,unknown,unknown,system,Service Control Manager,7036.0,Information,-1.4126112736662406,-1,HIGH
12/2/2016 3:44:08 PM,unknown,unknown,system,Service Control Manager,7036.0,Information,-2.430722654663132,-1,HIGH
12/2/2016 3:26:21 PM,unknown,unknown,system,Service Control Manager,7036.0,Information,-1.0888087617213353,1,NORMAL
12/2/2016 3:18:49 PM,unknown,unknown,system,Service Control Manager,7036.0,Information,-0.9921113462743145,1,NORMAL
12/2/2016 3:18:19 PM,unknown,unknown,system,Service Control Manager,7036.0,Information,-0.9921113462743145,1,NORMAL
12/2/2016 3:16:18 PM,unknown,unknown,system,Service Control Manager,7036.0,Information,-1.0035551643786271,1,NORMAL
12/2/2016 3:14:06 PM,unknown,unknown,system,Service Control Manager,7036.0,Information,-1.0202428701967556,1,NORMAL
12/2/2016 3:05:47 PM,unknown,unknown,system,Service Control Manager,7036.0,Information,-1.0409013612036013,1,NORMAL
12/2/2016 2:58:04 PM,unknown,unknown,system,Service Control Manager,7036.0,Information,-1.1297206416689727,-1,HIGH
12/2/2016 2:56:15 PM,unknown,unknown,system,Service Control Manager,7036.0,Information,-1.0641063599086396,1,NORMAL
12/2/2016 2:55:47 PM,unknown,unknown,system,Service Control Manager,7036.0,Information,-1.0595692519508628,1,NORMAL
12/2/2016 2:55:45 PM,unknown,unknown,system,Service Control Manager,7036.0,Information,-1.0595423226975416,1,NORMAL
12/2/2016 2:55:44 PM,unknown,unknown,system,Service Control Manager,7036.0,Information,-1.0528588018361387,1,NORMAL
12/2/2016 2:53:54 PM,unknown,unknown,system,Service Control Manager,7036.0,Information,-1.0222845879497238,1,NORMAL
12/2/2016 2:48:49 PM,unknown,unknown,system,Service Control Manager,7036.0,Information,-1.1933824020863943,-1,HIGH
12/2/2016 2:48:19 PM,unknown,unknown,system,Service Control Manager,7036.0,Information,-1.1933824020863943,-1,HIGH
12/2/2016 2:45:11 PM,unknown,unknown,system,Service Control Manager,7036.0,Information,-2.07666724093344,-1,HIGH
12/2/2016 2:35:08 PM,unknown,unknown,system,Service Control Manager,7036.0,Information,-1.1040015288400846,-1,HIGH
12/2/2016 2:35:08 PM,unknown,unknown,system,Service Control Manager,7036.0,Information,-1.0874386925446509,1,NORMAL
12/2/2016 2:18:49 PM,unknown,unknown,system,Service Control Manager,7036.0,Information,-0.994926893053067,1,NORMAL
12/2/2016 2:18:19 PM,unknown,unknown,system,Service Control Manager,7036.0,Information,-0.994926893053067,1,NORMAL
12/2/2016 1:48:49 PM,unknown,unknown,system,Service Control Manager,7036.0,Information,-1.0632737436226603,1,NORMAL
12/2/2016 1:48:19 PM,unknown,unknown,system,Service Control Manager,7036.0,Information,-1.0632737436226603,1,NORMAL
12/2/2016 1:18:49 PM,unknown,unknown,system,Service Control Manager,7036.0,Information,-1.0406311972299995,1,NORMAL
12/2/2016 1:18:19 PM,unknown,unknown,system,Service Control Manager,7036.0,Information,-1.0406311972299995,1,NORMAL
12/2/2016 1:17:41 PM,unknown,unknown,system,Service Control Manager,7036.0,Information,-1.0557314878312705,1,NORMAL
12/2/2016 1:00:42 PM,unknown,unknown,system,Service Control Manager,7036.0,Information,-1.2661387635143542,-1,HIGH
12/2/2016 12:50:41 PM,unknown,unknown,system,Service Control Manager,7036.0,Information,-1.0464742463849843,1,NORMAL
12/2/2016 12:50:41 PM,unknown,unknown,system,Service Control Manager,7036.0,Information,-1.0565862197730471,1,NORMAL
12/2/2016 12:48:49 PM,unknown,unknown,system,Service Control Manager,7036.0,Information,-1.068188562483036,1,NORMAL
12/2/2016 12:48:18 PM,unknown,unknown,system,Service Control Manager,7036.0,Information,-1.068188562483036,1,NORMAL
12/2/2016 12:18:49 PM,unknown,unknown,system,Service Control Manager,7036.0,Information,-1.0344471641899227,1,NORMAL
12/2/2016 12:18:18 PM,unknown,unknown,system,Service Control Manager,7036.0,Information,-1.0344471641899227,1,NORMAL
12/2/2016 12:05:07 PM,unknown,unknown,system,Service Control Manager,7036.0,Information,-1.0132284897664712,1,NORMAL
12/2/2016 12:00:00 PM,unknown,unknown,system,EventLog,6013.0,Information,-0.9895768262310574,1,NORMAL
12/2/2016 11:48:48 AM,unknown,unknown,system,Service Control Manager,7036.0,Information,-1.0278354512783046,1,NORMAL
12/2/2016 11:48:18 AM,unknown,unknown,system,Service Control Manager,7036.0,Information,-1.0278354512783046,1,NORMAL
12/2/2016 11:47:19 AM,unknown,unknown,system,Service Control Manager,7036.0,Information,-1.0692110506876533,1,NORMAL
12/2/2016 11:37:18 AM,unknown,unknown,system,Service Control Manager,7036.0,Information,-1.0132848142791184,1,NORMAL
12/2/2016 11:26:14 AM,unknown,unknown,system,Microsoft-Windows-Time-Service,36.0,Warning,-340868324867.3864,-1,HIGH
12/2/2016 11:26:14 AM,unknown,unknown,system,Microsoft-Windows-Kernel-General,1.0,Information,-1.0892330287517245,1,NORMAL
12/2/2016 11:20:07 AM,unknown,unknown,system,Service Control Manager,7036.0,Information,-1.02725617922884,1,NORMAL
12/2/2016 11:20:07 AM,unknown,unknown,system,Service Control Manager,7036.0,Information,-1.0278871532647442,1,NORMAL
12/2/2016 11:20:07 AM,unknown,unknown,system,Service Control Manager,7036.0,Information,-1.02725617922884,1,NORMAL
12/2/2016 11:18:48 AM,unknown,unknown,system,Service Control Manager,7036.0,Information,-1.038345951587241,1,NORMAL
12/2/2016 11:18:18 AM,unknown,unknown,system,Service Control Manager,7036.0,Information,-1.038345951587241,1,NORMAL
12/2/2016 10:56:01 AM,unknown,unknown,system,Service Control Manager,7036.0,Information,-1.0692741267141421,1,NORMAL
12/2/2016 10:48:48 AM,unknown,unknown,system,Service Control Manager,7036.0,Information,-0.9983073805524698,1,NORMAL
12/2/2016 10:48:18 AM,unknown,unknown,system,Service Control Manager,7036.0,Information,-0.9983073805524698,1,NORMAL
12/2/2016 10:39:02 AM,unknown,unknown,system,Service Control Manager,7036.0,Information,-0.9761158175415318,1,NORMAL
12/2/2016 10:29:01 AM,unknown,unknown,system,Service Control Manager,7036.0,Information,-1.136820430822412,-1,HIGH
12/2/2016 10:29:01 AM,unknown,unknown,system,Service Control Manager,7036.0,Information,-1.14995454063155,-1,HIGH
12/2/2016 10:18:48 AM,unknown,unknown,system,Service Control Manager,7036.0,Information,-1.0393601211344574,1,NORMAL
12/2/2016 10:18:17 AM,unknown,unknown,system,Service Control Manager,7036.0,Information,-1.0393601211344574,1,NORMAL
12/2/2016 10:06:58 AM,unknown,unknown,system,Service Control Manager,7036.0,Information,-1.0128862852060987,1,NORMAL
12/2/2016 9:50:00 AM,unknown,unknown,system,Service Control Manager,7036.0,Information,-0.9867574345206762,1,NORMAL
12/2/2016 9:48:48 AM,unknown,unknown,system,Service Control Manager,7036.0,Information,-0.9898078899469133,1,NORMAL
12/2/2016 9:48:17 AM,unknown,unknown,system,Service Control Manager,7036.0,Information,-0.9898078899469133,1,NORMAL
12/2/2016 9:39:58 AM,unknown,unknown,system,Service Control Manager,7036.0,Information,-0.989262129936643,1,NORMAL
12/2/2016 9:39:58 AM,unknown,unknown,system,Service Control Manager,7036.0,Information,-0.9849818669074392,1,NORMAL
12/2/2016 9:18:47 AM,unknown,unknown,system,Service Control Manager,7036.0,Information,-1.0681509017194932,1,NORMAL
12/2/2016 9:18:17 AM,unknown,unknown,system,Service Control Manager,7036.0,Information,-1.0681509017194932,1,NORMAL
12/2/2016 8:48:47 AM,unknown,unknown,system,Service Control Manager,7036.0,Information,-0.9958101476483993,1,NORMAL
12/2/2016 8:48:17 AM,unknown,unknown,system,Service Control Manager,7036.0,Information,-0.9958101476483993,1,NORMAL
12/2/2016 8:28:29 AM,unknown,unknown,system,Service Control Manager,7036.0,Information,-1.083221799982514,1,NORMAL
12/2/2016 8:18:47 AM,unknown,unknown,system,Service Control Manager,7036.0,Information,-1.0475823460645757,1,NORMAL
12/2/2016 8:18:17 AM,unknown,unknown,system,Service Control Manager,7036.0,Information,-1.0475823460645757,1,NORMAL
12/2/2016 8:11:30 AM,unknown,unknown,system,Service Control Manager,7036.0,Information,-1.0022846039063003,1,NORMAL
12/2/2016 8:01:28 AM,unknown,unknown,system,Service Control Manager,7036.0,Information,-1.223178245425465,-1,HIGH
12/2/2016 8:01:28 AM,unknown,unknown,system,Service Control Manager,7036.0,Information,-1.2150437189544137,-1,HIGH
12/2/2016 7:59:13 AM,unknown,unknown,system,Service Control Manager,7036.0,Information,-1.2945643054482303,-1,HIGH
12/2/2016 7:48:47 AM,unknown,unknown,system,Service Control Manager,7036.0,Information,-1.0029599724674159,1,NORMAL
12/2/2016 7:48:17 AM,unknown,unknown,system,Service Control Manager,7036.0,Information,-1.0029599724674159,1,NORMAL
12/2/2016 7:42:14 AM,unknown,unknown,system,Service Control Manager,7036.0,Information,-1.0541054330425106,1,NORMAL
12/2/2016 7:32:13 AM,unknown,unknown,system,Service Control Manager,7036.0,Information,-1.1096015235486723,-1,HIGH
12/2/2016 7:32:13 AM,unknown,unknown,system,Service Control Manager,7036.0,Information,-1.1194460600357095,-1,HIGH
12/2/2016 7:18:47 AM,unknown,unknown,system,Service Control Manager,7036.0,Information,-1.0517440046926811,1,NORMAL
12/2/2016 7:18:16 AM,unknown,unknown,system,Service Control Manager,7036.0,Information,-1.0517440046926811,1,NORMAL
12/2/2016 6:48:47 AM,unknown,unknown,system,Service Control Manager,7036.0,Information,-1.0181003848407473,1,NORMAL
12/2/2016 6:48:39 AM,unknown,unknown,system,Service Control Manager,7036.0,Information,-1.0175058002366584,1,NORMAL
12/2/2016 6:48:16 AM,unknown,unknown,system,Service Control Manager,7036.0,Information,-1.0181003848407473,1,NORMAL
12/2/2016 6:28:41 AM,unknown,unknown,system,Service Control Manager,7036.0,Information,-1.0535704151679912,1,NORMAL
12/2/2016 6:20:48 AM,unknown,unknown,system,Service Control Manager,7036.0,Information,-1.0121066316375011,1,NORMAL
12/2/2016 6:20:48 AM,unknown,unknown,system,Service Control Manager,7036.0,Information,-1.0121066316375011,1,NORMAL
12/2/2016 6:18:46 AM,unknown,unknown,system,Service Control Manager,7036.0,Information,-1.0089946130948797,1,NORMAL
12/2/2016 6:18:39 AM,unknown,unknown,system,Service Control Manager,7036.0,Information,-1.017176412376609,1,NORMAL
12/2/2016 6:18:39 AM,unknown,unknown,system,Service Control Manager,7036.0,Information,-1.0096858721803095,1,NORMAL
12/2/2016 6:18:16 AM,unknown,unknown,system,Service Control Manager,7036.0,Information,-1.0089946130948797,1,NORMAL
12/2/2016 5:48:46 AM,unknown,unknown,system,Service Control Manager,7036.0,Information,-1.0298254428370177,1,NORMAL
12/2/2016 5:48:16 AM,unknown,unknown,system,Service Control Manager,7036.0,Information,-1.0298254428370177,1,NORMAL
12/2/2016 5:18:46 AM,unknown,unknown,system,Service Control Manager,7036.0,Information,-1.0030185267509457,1,NORMAL
12/2/2016 5:18:16 AM,unknown,unknown,system,Service Control Manager,7036.0,Information,-1.0030185267509457,1,NORMAL
12/2/2016 4:58:19 AM,unknown,unknown,system,Service Control Manager,7036.0,Information,-1.096832626486811,1,NORMAL
12/2/2016 4:48:46 AM,unknown,unknown,system,Service Control Manager,7036.0,Information,-1.0161949377107344,1,NORMAL
12/2/2016 4:48:15 AM,unknown,unknown,system,Service Control Manager,7036.0,Information,-1.0161949377107344,1,NORMAL
12/2/2016 4:41:20 AM,unknown,unknown,system,Service Control Manager,7036.0,Information,-0.9899498594870891,1,NORMAL
12/2/2016 4:31:19 AM,unknown,unknown,system,Service Control Manager,7036.0,Information,-1.168376165859951,-1,HIGH
12/2/2016 4:31:19 AM,unknown,unknown,system,Service Control Manager,7036.0,Information,-1.1551338235485766,-1,HIGH
12/2/2016 4:18:46 AM,unknown,unknown,system,Service Control Manager,7036.0,Information,-0.9777286164381139,1,NORMAL
12/2/2016 4:18:15 AM,unknown,unknown,system,Service Control Manager,7036.0,Information,-0.9777286164381139,1,NORMAL
12/2/2016 3:50:18 AM,unknown,unknown,system,Service Control Manager,7036.0,Information,-0.9988999446560328,1,NORMAL
12/2/2016 3:48:45 AM,unknown,unknown,system,Service Control Manager,7036.0,Information,-1.0187236826242372,1,NORMAL
12/2/2016 3:48:15 AM,unknown,unknown,system,Service Control Manager,7036.0,Information,-1.0187236826242372,1,NORMAL
12/2/2016 3:38:52 AM,unknown,unknown,system,Service Control Manager,7036.0,Information,-0.9666355984962783,1,NORMAL
12/2/2016 3:31:51 AM,unknown,unknown,system,Service Control Manager,7036.0,Information,-1.147182290235044,-1,HIGH
12/2/2016 3:31:02 AM,unknown,unknown,system,Service Control Manager,7036.0,Information,-1.164172894360526,-1,HIGH
12/2/2016 3:30:50 AM,unknown,unknown,system,Service Control Manager,7036.0,Information,-1.1210744222031221,-1,HIGH
12/2/2016 3:28:02 AM,unknown,unknown,system,Service Control Manager,7036.0,Information,-1.0859622210344773,1,NORMAL
12/2/2016 3:25:12 AM,unknown,unknown,system,Microsoft-Windows-WindowsUpdateClient,22.0,Information,-0.951165414792532,1,NORMAL
12/2/2016 3:25:06 AM,unknown,unknown,system,Microsoft-Windows-WindowsUpdateClient,43.0,Information,-0.9976713055829518,1,NORMAL
12/2/2016 3:25:06 AM,unknown,unknown,system,Microsoft-Windows-WindowsUpdateClient,19.0,Information,-0.9975756099900037,1,NORMAL
12/2/2016 3:25:04 AM,unknown,unknown,system,Service Control Manager,7036.0,Information,-1.003019667121392,1,NORMAL
12/2/2016 3:24:58 AM,unknown,unknown,system,Microsoft-Windows-WindowsUpdateClient,43.0,Information,-0.9948362892696708,1,NORMAL
12/2/2016 3:24:58 AM,unknown,unknown,system,Microsoft-Windows-WindowsUpdateClient,19.0,Information,-0.9942842587952195,1,NORMAL
12/2/2016 3:24:11 AM,unknown,unknown,system,Microsoft-Windows-WindowsUpdateClient,43.0,Information,-0.9944614990421841,1,NORMAL
12/2/2016 3:24:11 AM,unknown,unknown,system,Microsoft-Windows-WindowsUpdateClient,19.0,Information,-0.9947628407979551,1,NORMAL
12/2/2016 3:24:01 AM,unknown,unknown,system,Microsoft-Windows-WindowsUpdateClient,43.0,Information,-0.9948362892696708,1,NORMAL
12/2/2016 3:24:01 AM,unknown,unknown,system,Microsoft-Windows-WindowsUpdateClient,19.0,Information,-0.9947628407979551,1,NORMAL
12/2/2016 3:23:51 AM,unknown,unknown,system,Microsoft-Windows-WindowsUpdateClient,43.0,Information,-1.0001978285153026,1,NORMAL
12/2/2016 3:23:51 AM,unknown,unknown,system,Microsoft-Windows-WindowsUpdateClient,19.0,Information,-1.0002589547853884,1,NORMAL
12/2/2016 3:23:51 AM,unknown,unknown,system,Microsoft-Windows-WindowsUpdateClient,43.0,Information,-1.0001978285153026,1,NORMAL
12/2/2016 3:23:48 AM,unknown,unknown,system,Service Control Manager,7036.0,Information,-1.0134551361998476,1,NORMAL
12/2/2016 3:23:27 AM,unknown,unknown,system,Microsoft-Windows-WindowsUpdateClient,43.0,Information,-1.0001978285153026,1,NORMAL
12/2/2016 3:23:27 AM,unknown,unknown,system,Microsoft-Windows-WindowsUpdateClient,19.0,Information,-1.001081484944637,1,NORMAL
12/2/2016 3:23:23 AM,unknown,unknown,system,Service Control Manager,7040.0,Information,-0.9858506391551062,1,NORMAL
12/2/2016 3:23:22 AM,unknown,unknown,system,Service Control Manager,7040.0,Information,-0.9858506391551062,1,NORMAL
12/2/2016 3:23:16 AM,unknown,unknown,system,Microsoft-Windows-WindowsUpdateClient,43.0,Information,-1.0010798248565689,1,NORMAL
12/2/2016 3:23:16 AM,unknown,unknown,system,Microsoft-Windows-WindowsUpdateClient,19.0,Information,-1.0002589547853884,1,NORMAL
12/2/2016 3:23:11 AM,unknown,unknown,system,Service Control Manager,7040.0,Information,-0.9858506391551062,1,NORMAL
12/2/2016 3:23:11 AM,unknown,unknown,system,Microsoft-Windows-WindowsUpdateClient,43.0,Information,-1.0001978285153026,1,NORMAL
12/2/2016 3:23:11 AM,unknown,unknown,system,Microsoft-Windows-WindowsUpdateClient,19.0,Information,-1.0002589547853884,1,NORMAL
12/2/2016 3:23:11 AM,unknown,unknown,system,Service Control Manager,7040.0,Information,-0.9858506391551062,1,NORMAL
12/2/2016 3:23:06 AM,unknown,unknown,system,Service Control Manager,7040.0,Information,-0.9858506391551062,1,NORMAL
12/2/2016 3:23:06 AM,unknown,unknown,system,Microsoft-Windows-WindowsUpdateClient,43.0,Information,-1.0001978285153026,1,NORMAL
12/2/2016 3:23:06 AM,unknown,unknown,system,Microsoft-Windows-WindowsUpdateClient,19.0,Information,-1.001081484944637,1,NORMAL
12/2/2016 3:23:06 AM,unknown,unknown,system,Service Control Manager,7040.0,Information,-0.9858506391551062,1,NORMAL
12/2/2016 3:23:02 AM,unknown,unknown,system,Service Control Manager,7040.0,Information,-0.9858506391551062,1,NORMAL
12/2/2016 3:23:01 AM,unknown,unknown,system,Service Control Manager,7040.0,Information,-0.9858506391551062,1,NORMAL
12/2/2016 3:22:59 AM,unknown,unknown,system,Microsoft-Windows-WindowsUpdateClient,43.0,Information,-1.0015193381702605,1,NORMAL
12/2/2016 3:22:59 AM,unknown,unknown,system,Microsoft-Windows-WindowsUpdateClient,19.0,Information,-1.0009012090656642,1,NORMAL
12/2/2016 3:22:55 AM,unknown,unknown,system,Service Control Manager,7040.0,Information,-0.9765125913791725,1,NORMAL
12/2/2016 3:22:54 AM,unknown,unknown,system,Service Control Manager,7040.0,Information,-0.9765125913791725,1,NORMAL
12/2/2016 3:22:48 AM,unknown,unknown,system,Microsoft-Windows-WindowsUpdateClient,43.0,Information,-1.0008380890311126,1,NORMAL
12/2/2016 3:22:48 AM,unknown,unknown,system,Microsoft-Windows-WindowsUpdateClient,19.0,Information,-1.0009012090656642,1,NORMAL
12/2/2016 3:22:43 AM,unknown,unknown,system,Service Control Manager,7040.0,Information,-0.9765125913791725,1,NORMAL
12/2/2016 3:22:42 AM,unknown,unknown,system,Service Control Manager,7040.0,Information,-0.9765125913791725,1,NORMAL
12/2/2016 3:22:40 AM,unknown,unknown,system,Microsoft-Windows-WindowsUpdateClient,43.0,Information,-1.0008380890311126,1,NORMAL
12/2/2016 3:22:40 AM,unknown,unknown,system,Microsoft-Windows-WindowsUpdateClient,19.0,Information,-1.0009012090656642,1,NORMAL
12/2/2016 3:22:40 AM,unknown,unknown,system,Microsoft-Windows-WindowsUpdateClient,43.0,Information,-1.0008380890311126,1,NORMAL
12/2/2016 3:22:40 AM,unknown,unknown,system,Microsoft-Windows-WindowsUpdateClient,19.0,Information,-1.0015209989728966,1,NORMAL
12/2/2016 3:22:37 AM,unknown,unknown,system,Service Control Manager,7040.0,Information,-0.9765125913791725,1,NORMAL
12/2/2016 3:22:37 AM,unknown,unknown,system,Service Control Manager,7040.0,Information,-0.9765125913791725,1,NORMAL
12/2/2016 3:22:35 AM,unknown,unknown,system,Service Control Manager,7040.0,Information,-0.9765125913791725,1,NORMAL
12/2/2016 3:22:34 AM,unknown,unknown,system,Service Control Manager,7040.0,Information,-0.9765125913791725,1,NORMAL
12/2/2016 3:22:32 AM,unknown,unknown,system,Service Control Manager,7036.0,Information,-0.9842107628821155,1,NORMAL
12/2/2016 3:22:30 AM,unknown,unknown,system,Microsoft-Windows-WindowsUpdateClient,43.0,Information,-1.0015193381702605,1,NORMAL
12/2/2016 3:22:30 AM,unknown,unknown,system,Microsoft-Windows-WindowsUpdateClient,19.0,Information,-1.0015209989728966,1,NORMAL
12/2/2016 3:22:30 AM,unknown,unknown,system,Microsoft-Windows-WindowsUpdateClient,43.0,Information,-1.0015193381702605,1,NORMAL
12/2/2016 3:22:30 AM,unknown,unknown,system,Microsoft-Windows-WindowsUpdateClient,19.0,Information,-1.0009012090656642,1,NORMAL
12/2/2016 3:22:29 AM,unknown,unknown,system,Service Control Manager,7040.0,Information,-0.9765125913791725,1,NORMAL
12/2/2016 3:22:28 AM,unknown,unknown,system,Service Control Manager,7040.0,Information,-0.9765125913791725,1,NORMAL
12/2/2016 3:22:25 AM,unknown,unknown,system,Service Control Manager,7040.0,Information,-0.9765125913791725,1,NORMAL
12/2/2016 3:22:24 AM,unknown,unknown,system,Service Control Manager,7040.0,Information,-0.9765125913791725,1,NORMAL
12/2/2016 3:22:16 AM,unknown,unknown,system,Microsoft-Windows-WindowsUpdateClient,43.0,Information,-1.0008380890311126,1,NORMAL
12/2/2016 3:22:16 AM,unknown,unknown,system,Microsoft-Windows-WindowsUpdateClient,19.0,Information,-1.0009012090656642,1,NORMAL
12/2/2016 3:22:16 AM,unknown,unknown,system,Microsoft-Windows-WindowsUpdateClient,43.0,Information,-1.0008380890311126,1,NORMAL
12/2/2016 3:22:16 AM,unknown,unknown,system,Microsoft-Windows-WindowsUpdateClient,19.0,Information,-1.0015209989728966,1,NORMAL
12/2/2016 3:22:14 AM,unknown,unknown,system,Service Control Manager,7040.0,Information,-0.9765125913791725,1,NORMAL
12/2/2016 3:22:14 AM,unknown,unknown,system,Service Control Manager,7040.0,Information,-0.9765125913791725,1,NORMAL
12/2/2016 3:22:12 AM,unknown,unknown,system,Service Control Manager,7040.0,Information,-0.9765125913791725,1,NORMAL
12/2/2016 3:22:10 AM,unknown,unknown,system,Service Control Manager,7036.0,Information,-0.981911437456824,1,NORMAL
12/2/2016 3:22:10 AM,unknown,unknown,system,Service Control Manager,7036.0,Information,-0.9839723371348614,1,NORMAL
12/2/2016 3:22:10 AM,unknown,unknown,system,Service Control Manager,7040.0,Information,-0.9765125913791725,1,NORMAL
12/2/2016 3:22:05 AM,unknown,unknown,system,Microsoft-Windows-WindowsUpdateClient,43.0,Information,-1.0015193381702605,1,NORMAL
12/2/2016 3:22:00 AM,unknown,unknown,system,Service Control Manager,7040.0,Information,-0.9765125913791725,1,NORMAL
12/2/2016 3:22:00 AM,unknown,unknown,system,Service Control Manager,7036.0,Information,-0.9842107628821155,1,NORMAL
12/2/2016 3:21:59 AM,unknown,unknown,system,Service Control Manager,7036.0,Information,-0.970963587559249,1,NORMAL
12/2/2016 3:21:51 AM,unknown,unknown,system,Service Control Manager,7036.0,Information,-0.9729961947271313,1,NORMAL
12/2/2016 3:21:51 AM,unknown,unknown,system,Service Control Manager,7036.0,Information,-0.9717494667634747,1,NORMAL
12/2/2016 3:21:48 AM,unknown,unknown,system,Service Control Manager,7036.0,Information,-0.9914085296396624,1,NORMAL
12/2/2016 3:21:47 AM,unknown,unknown,system,Service Control Manager,7036.0,Information,-1.013163733656991,1,NORMAL
12/2/2016 3:21:47 AM,unknown,unknown,system,Service Control Manager,7036.0,Information,-0.9708440706726917,1,NORMAL
12/2/2016 3:18:45 AM,unknown,unknown,system,Service Control Manager,7036.0,Information,-0.9651696487125834,1,NORMAL
12/2/2016 3:18:14 AM,unknown,unknown,system,Service Control Manager,7036.0,Information,-0.9651696487125834,1,NORMAL
12/2/2016 3:07:00 AM,unknown,unknown,system,Service Control Manager,7036.0,Information,-0.9690593620677693,1,NORMAL
12/2/2016 2:50:01 AM,unknown,unknown,system,Service Control Manager,7036.0,Information,-1.0222250377686957,1,NORMAL
12/2/2016 2:48:44 AM,unknown,unknown,system,Service Control Manager,7036.0,Information,-1.0314297269891521,1,NORMAL
12/2/2016 2:48:14 AM,unknown,unknown,system,Service Control Manager,7036.0,Information,-1.0314297269891521,1,NORMAL
12/2/2016 2:40:00 AM,unknown,unknown,system,Service Control Manager,7036.0,Information,-0.9857537603291123,1,NORMAL
12/2/2016 2:40:00 AM,unknown,unknown,system,Service Control Manager,7036.0,Information,-0.9865236489453092,1,NORMAL
12/2/2016 2:18:44 AM,unknown,unknown,system,Service Control Manager,7036.0,Information,-0.9935336898215149,1,NORMAL
12/2/2016 2:18:14 AM,unknown,unknown,system,Service Control Manager,7036.0,Information,-0.9935336898215149,1,NORMAL
12/2/2016 2:04:10 AM,unknown,unknown,system,Service Control Manager,7036.0,Information,-1.071619692454925,1,NORMAL
12/2/2016 1:48:44 AM,unknown,unknown,system,Service Control Manager,7036.0,Information,-1.0800444159540334,1,NORMAL
12/2/2016 1:48:14 AM,unknown,unknown,system,Service Control Manager,7036.0,Information,-1.0800444159540334,1,NORMAL
12/2/2016 1:45:48 AM,unknown,unknown,system,Service Control Manager,7036.0,Information,-1.088765841457378,1,NORMAL
12/2/2016 1:35:47 AM,unknown,unknown,system,Service Control Manager,7036.0,Information,-1.0501132078986561,1,NORMAL
12/2/2016 1:20:40 AM,unknown,unknown,system,Service Control Manager,7036.0,Information,-1.0297776381393193,1,NORMAL
12/2/2016 1:20:40 AM,unknown,unknown,system,Service Control Manager,7036.0,Information,-1.035573300462073,1,NORMAL
12/2/2016 1:20:40 AM,unknown,unknown,system,Service Control Manager,7036.0,Information,-1.0297776381393193,1,NORMAL
12/2/2016 1:18:44 AM,unknown,unknown,system,Service Control Manager,7036.0,Information,-1.0593910961907695,1,NORMAL
12/2/2016 1:18:14 AM,unknown,unknown,system,Service Control Manager,7036.0,Information,-1.0593910961907695,1,NORMAL
12/2/2016 1:09:31 AM,unknown,unknown,system,Schannel,36888.0,Error,-1.0628505645359092,1,NORMAL
12/2/2016 1:09:31 AM,unknown,unknown,system,Schannel,36874.0,Error,-64516859478.20038,-1,HIGH
12/2/2016 12:48:44 AM,unknown,unknown,system,Service Control Manager,7036.0,Information,-1.1460683281025608,-1,HIGH
12/2/2016 12:48:14 AM,unknown,unknown,system,Service Control Manager,7036.0,Information,-1.1460683281025608,-1,HIGH
12/2/2016 12:28:32 AM,unknown,unknown,system,Service Control Manager,7036.0,Information,-1.29350495260143,-1,HIGH
12/2/2016 12:18:44 AM,unknown,unknown,system,Service Control Manager,7036.0,Information,-1.1508754463022082,-1,HIGH
12/2/2016 12:18:13 AM,unknown,unknown,system,Service Control Manager,7036.0,Information,-1.1508754463022082,-1,HIGH
12/2/2016 12:10:33 AM,unknown,unknown,system,Service Control Manager,7036.0,Information,-1.0773767218410406,1,NORMAL
12/2/2016 12:00:31 AM,unknown,unknown,system,Service Control Manager,7036.0,Information,-1.3333615891336166,-1,HIGH
12/2/2016 12:00:02 AM,unknown,unknown,system,Service Control Manager,7036.0,Information,-1.3458654587600347,-1,HIGH
12/1/2016 11:48:44 PM,unknown,unknown,system,Service Control Manager,7036.0,Information,-1.2893196739094555,-1,HIGH
12/1/2016 11:48:13 PM,unknown,unknown,system,Service Control Manager,7036.0,Information,-1.2893196739094555,-1,HIGH
12/1/2016 11:18:43 PM,unknown,unknown,system,Service Control Manager,7036.0,Information,-1.1241138082797328,-1,HIGH
12/1/2016 11:18:13 PM,unknown,unknown,system,Service Control Manager,7036.0,Information,-1.1241138082797328,-1,HIGH
12/1/2016 11:11:14 PM,unknown,unknown,system,Service Control Manager,7036.0,Information,-1.0752773412120684,1,NORMAL
12/1/2016 11:09:03 PM,unknown,unknown,system,Service Control Manager,7036.0,Information,-1.0695020046097228,1,NORMAL
12/1/2016 11:01:59 PM,unknown,unknown,system,Service Control Manager,7036.0,Information,-1.288046009608884,-1,HIGH
12/1/2016 10:48:43 PM,unknown,unknown,system,Service Control Manager,7036.0,Information,-1.4124117603498987,-1,HIGH
12/1/2016 10:48:13 PM,unknown,unknown,system,Service Control Manager,7036.0,Information,-1.4124117603498987,-1,HIGH
12/1/2016 10:33:30 PM,unknown,unknown,system,Service Control Manager,7036.0,Information,-1.07529926793597,1,NORMAL
12/1/2016 10:23:28 PM,unknown,unknown,system,Service Control Manager,7036.0,Information,-1.032948389189206,1,NORMAL
12/1/2016 10:23:15 PM,unknown,unknown,system,Service Control Manager,7036.0,Information,-1.0327352024884429,1,NORMAL
12/1/2016 10:23:14 PM,unknown,unknown,system,Service Control Manager,7036.0,Information,-1.034995042224378,1,NORMAL
12/1/2016 10:19:58 PM,unknown,unknown,system,Service Control Manager,7036.0,Information,-1.0147447597555506,1,NORMAL
12/1/2016 10:18:43 PM,unknown,unknown,system,Service Control Manager,7036.0,Information,-1.0061317967272465,1,NORMAL
12/1/2016 10:18:13 PM,unknown,unknown,system,Service Control Manager,7036.0,Information,-1.0061317967272465,1,NORMAL
12/1/2016 9:52:16 PM,unknown,unknown,system,Service Control Manager,7036.0,Information,-3.007022516025243,-1,HIGH
12/1/2016 9:48:43 PM,unknown,unknown,system,Service Control Manager,7036.0,Information,-1.620135361790104,-1,HIGH
12/1/2016 9:48:13 PM,unknown,unknown,system,Service Control Manager,7036.0,Information,-1.620135361790104,-1,HIGH
12/1/2016 9:35:47 PM,unknown,unknown,system,Service Control Manager,7036.0,Information,-0.9911154051602519,1,NORMAL
12/1/2016 9:30:01 PM,unknown,unknown,system,Service Control Manager,7036.0,Information,-1.1189350048724285,-1,HIGH
12/1/2016 9:26:46 PM,unknown,unknown,system,Service Control Manager,7036.0,Information,-1.0675193133075727,1,NORMAL
12/1/2016 9:25:09 PM,unknown,unknown,system,Service Control Manager,7036.0,Information,-1.0311004816626437,1,NORMAL
12/1/2016 9:22:06 PM,unknown,unknown,system,Service Control Manager,7036.0,Information,-0.9726665930749641,1,NORMAL
12/1/2016 9:20:01 PM,unknown,unknown,system,Service Control Manager,7036.0,Information,-0.9824840871434904,1,NORMAL
12/1/2016 9:20:01 PM,unknown,unknown,system,Service Control Manager,7036.0,Information,-0.9853666786004075,1,NORMAL
12/1/2016 9:18:43 PM,unknown,unknown,system,Service Control Manager,7036.0,Information,-1.00125314858472,1,NORMAL
12/1/2016 9:18:12 PM,unknown,unknown,system,Service Control Manager,7036.0,Information,-1.00125314858472,1,NORMAL
12/1/2016 9:17:07 PM,unknown,unknown,system,Service Control Manager,7040.0,Information,-1.020411612304761,1,NORMAL
12/1/2016 9:04:38 PM,unknown,unknown,system,Service Control Manager,7036.0,Information,-1.0936206736142458,1,NORMAL
12/1/2016 8:48:43 PM,unknown,unknown,system,Service Control Manager,7036.0,Information,-2.0765252491967074,-1,HIGH
12/1/2016 8:48:12 PM,unknown,unknown,system,Service Control Manager,7036.0,Information,-2.0765252491967074,-1,HIGH
12/1/2016 8:45:16 PM,unknown,unknown,system,Service Control Manager,7036.0,Information,-1.2432761023771604,-1,HIGH
12/1/2016 8:41:39 PM,unknown,unknown,system,Service Control Manager,7036.0,Information,-0.9935240816066208,1,NORMAL
12/1/2016 8:41:38 PM,unknown,unknown,system,Service Control Manager,7030.0,Error,-55445631383.12971,-1,HIGH
12/1/2016 8:41:38 PM,unknown,unknown,system,Service Control Manager,7045.0,Information,-2.8353235510934662,-1,HIGH
12/1/2016 8:41:06 PM,unknown,unknown,system,Service Control Manager,7036.0,Information,-0.9934050554913659,1,NORMAL
12/1/2016 8:38:35 PM,unknown,unknown,system,Service Control Manager,7036.0,Information,-0.9883924557739995,1,NORMAL
12/1/2016 8:35:38 PM,unknown,unknown,system,Service Control Manager,7036.0,Information,-1.0213453223253197,1,NORMAL
12/1/2016 8:34:25 PM,unknown,unknown,system,Service Control Manager,7036.0,Information,-1.046479285007762,1,NORMAL
12/1/2016 8:33:38 PM,unknown,unknown,system,Service Control Manager,7036.0,Information,-1.0845115937181868,1,NORMAL
12/1/2016 8:33:35 PM,unknown,unknown,system,Service Control Manager,7036.0,Information,-1.086051314123089,1,NORMAL
12/1/2016 8:33:35 PM,unknown,unknown,system,Service Control Manager,7040.0,Information,-1.1418900803542025,-1,HIGH
12/1/2016 8:33:35 PM,unknown,unknown,system,Service Control Manager,7036.0,Information,-1.087380662584253,1,NORMAL
12/1/2016 8:33:35 PM,unknown,unknown,system,Service Control Manager,7036.0,Information,-1.0850200921470068,1,NORMAL
12/1/2016 8:33:34 PM,unknown,unknown,system,Service Control Manager,7040.0,Information,-1.1659781633126531,-1,HIGH
12/1/2016 8:26:22 PM,unknown,unknown,system,Service Control Manager,7036.0,Information,-1.0498485597161706,1,NORMAL
12/1/2016 8:25:00 PM,unknown,unknown,system,Service Control Manager,7036.0,Information,-1.0193579729784883,1,NORMAL
12/1/2016 8:24:23 PM,unknown,unknown,system,Microsoft-Windows-WindowsUpdateClient,17.0,Information,-0.9465123833975604,1,NORMAL
12/1/2016 8:24:23 PM,unknown,unknown,system,Microsoft-Windows-WindowsUpdateClient,17.0,Information,-0.9526064281252673,1,NORMAL
12/1/2016 8:24:23 PM,unknown,unknown,system,Microsoft-Windows-WindowsUpdateClient,17.0,Information,-0.9624223849072875,1,NORMAL
12/1/2016 8:24:23 PM,unknown,unknown,system,Microsoft-Windows-WindowsUpdateClient,17.0,Information,-0.9709608216464413,1,NORMAL
12/1/2016 8:24:23 PM,unknown,unknown,system,Microsoft-Windows-WindowsUpdateClient,17.0,Information,-0.9808547711946685,1,NORMAL
12/1/2016 8:24:23 PM,unknown,unknown,system,Microsoft-Windows-WindowsUpdateClient,17.0,Information,-0.9928636545928856,1,NORMAL
12/1/2016 8:24:23 PM,unknown,unknown,system,Microsoft-Windows-WindowsUpdateClient,17.0,Information,-1.008604110305955,1,NORMAL
12/1/2016 8:24:23 PM,unknown,unknown,system,Microsoft-Windows-WindowsUpdateClient,17.0,Information,-1.0311096178123627,1,NORMAL
12/1/2016 8:24:23 PM,unknown,unknown,system,Microsoft-Windows-WindowsUpdateClient,17.0,Information,-1.0461975440537377,1,NORMAL
12/1/2016 8:24:23 PM,unknown,unknown,system,Microsoft-Windows-WindowsUpdateClient,17.0,Information,-1.0672915718175149,1,NORMAL
12/1/2016 8:24:23 PM,unknown,unknown,system,Microsoft-Windows-WindowsUpdateClient,17.0,Information,-3.5847282881994427,-1,HIGH
,unknown,unknown,system,,,- Security Update for Microsoft .NET Framework 3.5 on Windows 8.1 and Windows Server 2012 R2 for x64 (KB3142026),-1.0,1,NORMAL
,unknown,unknown,system,,,- Security Update for Microsoft .NET Framework 3.5 on Windows 8.1 and Windows Server 2012 R2 for x64-based Systems (KB3037576),-1.0,1,NORMAL
,unknown,unknown,system,,,- Security Update for Microsoft .NET Framework 3.5 on Windows 8.1 and Windows Server 2012 R2 for x64 (KB3135985),-1.0,1,NORMAL
,unknown,unknown,system,,,- Security Update for Microsoft .NET Framework 3.5 on Windows 8.1 and Windows Server 2012 R2 for x64 (KB3127222),-1.0,1,NORMAL
,unknown,unknown,system,,,- Security Update for Microsoft .NET Framework 3.5 on Windows 8.1 and Windows Server 2012 R2 for x64-based Systems (KB3074545),-1.0,1,NORMAL
,unknown,unknown,system,,,- Security Update for Microsoft .NET Framework 3.5 on Windows 8.1 and Windows Server 2012 R2 for x64 (KB3163247),-1.0,1,NORMAL
,unknown,unknown,system,,,- Security Update for Microsoft .NET Framework 3.5 on Windows 8.1 and Windows Server 2012 R2 for x64 (KB3122651),-1.0,1,NORMAL
,unknown,unknown,system,,,- Security Update for Microsoft .NET Framework 3.5 on Windows 8.1 and Windows Server 2012 R2 for x64-based Systems (KB3097992),-1.0,1,NORMAL
,unknown,unknown,system,,,- Security Update for Microsoft .NET Framework 3.5 on Windows 8.1 and Windows Server 2012 R2 for x64-based Systems (KB3023219),-1.0,1,NORMAL
12/1/2016 8:24:23 PM,unknown,unknown,system,Microsoft-Windows-WindowsUpdateClient,17.0,Information,-3.5847282881994427,-1,HIGH
,unknown,unknown,system,,,- Security Update for Microsoft .NET Framework 3.5 on Windows 8.1 and Windows Server 2012 R2 for x64 (KB3142026),-1.0,1,NORMAL
,unknown,unknown,system,,,- Security Update for Microsoft .NET Framework 3.5 on Windows 8.1 and Windows Server 2012 R2 for x64-based Systems (KB3037576),-1.0,1,NORMAL
,unknown,unknown,system,,,- Security Update for Microsoft .NET Framework 3.5 on Windows 8.1 and Windows Server 2012 R2 for x64 (KB3135985),-1.0,1,NORMAL
,unknown,unknown,system,,,- Security Update for Microsoft .NET Framework 3.5 on Windows 8.1 and Windows Server 2012 R2 for x64 (KB3127222),-1.0,1,NORMAL
,unknown,unknown,system,,,- Security Update for Microsoft .NET Framework 3.5 on Windows 8.1 and Windows Server 2012 R2 for x64-based Systems (KB3074545),-1.0,1,NORMAL
,unknown,unknown,system,,,- Security Update for Microsoft .NET Framework 3.5 on Windows 8.1 and Windows Server 2012 R2 for x64 (KB3163247),-1.0,1,NORMAL
,unknown,unknown,system,,,- Security Update for Microsoft .NET Framework 3.5 on Windows 8.1 and Windows Server 2012 R2 for x64 (KB3122651),-1.0,1,NORMAL
,unknown,unknown,system,,,- Security Update for Microsoft .NET Framework 3.5 on Windows 8.1 and Windows Server 2012 R2 for x64-based Systems (KB3097992),-1.0,1,NORMAL
12/1/2016 8:24:23 PM,unknown,unknown,system,Microsoft-Windows-WindowsUpdateClient,17.0,Information,-3.5847282881994427,-1,HIGH
,unknown,unknown,system,,,- Security Update for Microsoft .NET Framework 3.5 on Windows 8.1 and Windows Server 2012 R2 for x64 (KB3142026),-1.0,1,NORMAL
,unknown,unknown,system,,,- Security Update for Microsoft .NET Framework 3.5 on Windows 8.1 and Windows Server 2012 R2 for x64-based Systems (KB3037576),-1.0,1,NORMAL
,unknown,unknown,system,,,- Security Update for Microsoft .NET Framework 3.5 on Windows 8.1 and Windows Server 2012 R2 for x64 (KB3135985),-1.0,1,NORMAL
,unknown,unknown,system,,,- Security Update for Microsoft .NET Framework 3.5 on Windows 8.1 and Windows Server 2012 R2 for x64 (KB3127222),-1.0,1,NORMAL
,unknown,unknown,system,,,- Security Update for Microsoft .NET Framework 3.5 on Windows 8.1 and Windows Server 2012 R2 for x64-based Systems (KB3074545),-1.0,1,NORMAL
,unknown,unknown,system,,,- Security Update for Microsoft .NET Framework 3.5 on Windows 8.1 and Windows Server 2012 R2 for x64 (KB3163247),-1.0,1,NORMAL
,unknown,unknown,system,,,- Security Update for Microsoft .NET Framework 3.5 on Windows 8.1 and Windows Server 2012 R2 for x64 (KB3122651),-1.0,1,NORMAL
12/1/2016 8:24:23 PM,unknown,unknown,system,Microsoft-Windows-WindowsUpdateClient,17.0,Information,-3.5847282881994427,-1,HIGH
,unknown,unknown,system,,,- Security Update for Microsoft .NET Framework 3.5 on Windows 8.1 and Windows Server 2012 R2 for x64 (KB3142026),-1.0,1,NORMAL
,unknown,unknown,system,,,- Security Update for Microsoft .NET Framework 3.5 on Windows 8.1 and Windows Server 2012 R2 for x64-based Systems (KB3037576),-1.0,1,NORMAL
,unknown,unknown,system,,,- Security Update for Microsoft .NET Framework 3.5 on Windows 8.1 and Windows Server 2012 R2 for x64 (KB3135985),-1.0,1,NORMAL
,unknown,unknown,system,,,- Security Update for Microsoft .NET Framework 3.5 on Windows 8.1 and Windows Server 2012 R2 for x64 (KB3127222),-1.0,1,NORMAL
,unknown,unknown,system,,,- Security Update for Microsoft .NET Framework 3.5 on Windows 8.1 and Windows Server 2012 R2 for x64-based Systems (KB3074545),-1.0,1,NORMAL
,unknown,unknown,system,,,- Security Update for Microsoft .NET Framework 3.5 on Windows 8.1 and Windows Server 2012 R2 for x64 (KB3163247),-1.0,1,NORMAL
