10/27/2016 6:03:12 PM,unknown,unknown,system,Microsoft-Windows-Kernel-Processor-Power,55.0,Information,-1.2841099151095399,-1,HIGH
10/27/2016 6:03:12 PM,unknown,unknown,system,Microsoft-Windows-Kernel-Processor-Power,55.0,Information,-1.2841099151095399,-1,HIGH
10/27/2016 6:03:12 PM,unknown,unknown,system,Microsoft-Windows-Kernel-Power,508.0,Information,-1.1989180535119008,-1,HIGH
10/27/2016 6:03:11 PM,unknown,unknown,system,Microsoft-Windows-FilterManager,6.0,Information,-1.598849627950888,-1,HIGH
10/27/2016 6:03:10 PM,unknown,unknown,system,Microsoft-Windows-Ntfs,98.0,Information,-1.2038838868085302,-1,HIGH
10/27/2016 6:03:08 PM,unknown,unknown,system,Microsoft-Windows-Kernel-Boot,32.0,Information,-0.9882632312037071,1,NORMAL
10/27/2016 6:03:08 PM,unknown,unknown,system,Microsoft-Windows-Kernel-Boot,18.0,Information,-0.9881233513363469,1,NORMAL
10/27/2016 6:03:08 PM,unknown,unknown,system,Microsoft-Windows-Kernel-Boot,27.0,Information,-0.9879675805046881,1,NORMAL
10/27/2016 6:03:08 PM,unknown,unknown,system,Microsoft-Windows-Kernel-Boot,20.0,Information,-0.9889547671616278,1,NORMAL
10/27/2016 6:03:08 PM,unknown,unknown,system,Microsoft-Windows-Kernel-General,12.0,Information,-0.9929317220339978,1,NORMAL
6/7/2014 6:58:29 AM,unknown,unknown,system,Microsoft-Windows-Kernel-General,13.0,Information,-1.4549518900372769,-1,HIGH
6/7/2014 6:58:28 AM,unknown,unknown,system,Microsoft-Windows-Kernel-Power,109.0,Information,-1.1740228289538601,-1,HIGH
10/27/2016 6:03:56 PM,unknown,unknown,system,EventLog,6005.0,Information,-0.9922522554377027,1,NORMAL
10/27/2016 6:03:56 PM,unknown,unknown,system,EventLog,6009.0,Information,-0.9923187489215815,1,NORMAL
10/27/2016 6:03:56 PM,unknown,unknown,system,EventLog,6011.0,Information,-0.9958562101256133,1,NORMAL
6/7/2014 6:58:28 AM,unknown,unknown,system,Service Control Manager,7036.0,Information,-1.1385353968847638,-1,HIGH
6/7/2014 6:58:28 AM,unknown,unknown,system,Service Control Manager,7036.0,Information,-1.1049169229917553,-1,HIGH
6/7/2014 6:58:28 AM,unknown,unknown,system,Service Control Manager,7036.0,Information,-1.1273648247992176,-1,HIGH
6/7/2014 6:58:28 AM,unknown,unknown,system,Service Control Manager,7036.0,Information,-1.0123060514113502,1,NORMAL
6/7/2014 6:58:28 AM,unknown,unknown,system,Service Control Manager,7036.0,Information,-1.0589469256629624,1,NORMAL
6/7/2014 6:58:28 AM,unknown,unknown,system,Service Control Manager,7036.0,Information,-1.1596756110937378,-1,HIGH
6/7/2014 6:58:28 AM,unknown,unknown,system,Service Control Manager,7036.0,Information,-1.0138089276559554,1,NORMAL
6/7/2014 6:58:27 AM,unknown,unknown,system,Service Control Manager,7036.0,Information,-1.0385438505083204,1,NORMAL
6/7/2014 6:58:27 AM,unknown,unknown,system,Service Control Manager,7036.0,Information,-1.0087631936834742,1,NORMAL
6/7/2014 6:58:27 AM,unknown,unknown,system,Service Control Manager,7036.0,Information,-1.074460315246274,1,NORMAL
6/7/2014 6:58:27 AM,unknown,unknown,system,Service Control Manager,7036.0,Information,-1.0626158450350363,1,NORMAL
6/7/2014 6:58:27 AM,unknown,unknown,system,Service Control Manager,7036.0,Information,-1.174336771255784,-1,HIGH
6/7/2014 6:58:27 AM,unknown,unknown,system,Microsoft-Windows-Dhcp-Client,50037.0,Information,-2.159314479658745,-1,HIGH
6/7/2014 6:58:27 AM,unknown,unknown,system,Microsoft-Windows-DHCPv6-Client,51047.0,Information,-2.1838522349653893,-1,HIGH
6/7/2014 6:58:27 AM,unknown,unknown,system,Service Control Manager,7036.0,Information,-1.1466303326351173,-1,HIGH
6/7/2014 6:58:27 AM,unknown,unknown,system,Service Control Manager,7036.0,Information,-1.0092366114200326,1,NORMAL
6/7/2014 6:58:27 AM,unknown,unknown,system,Service Control Manager,7036.0,Information,-0.9964200647469734,1,NORMAL
6/7/2014 6:58:27 AM,unknown,unknown,system,Service Control Manager,7036.0,Information,-1.0868184207861429,1,NORMAL
6/7/2014 6:58:27 AM,unknown,unknown,system,Service Control Manager,7036.0,Information,-1.1242873930464083,-1,HIGH
6/7/2014 6:58:27 AM,unknown,unknown,system,Service Control Manager,7036.0,Information,-1.0922262379497107,1,NORMAL
6/7/2014 6:58:27 AM,unknown,unknown,system,Microsoft-Windows-Winlogon,7002.0,Information,-1.2151236135200338,-1,HIGH
6/7/2014 6:58:27 AM,unknown,unknown,system,EventLog,6006.0,Information,-1.4765480723213489,-1,HIGH
6/7/2014 6:58:27 AM,unknown,unknown,system,Microsoft-Windows-WinRM,10149.0,Warning,-339991259660.4481,-1,HIGH
6/7/2014 6:58:25 AM,unknown,unknown,system,Service Control Manager,7036.0,Information,-1.0626158450350363,1,NORMAL
6/7/2014 6:58:25 AM,unknown,unknown,system,Service Control Manager,7036.0,Information,-1.1242508843642334,-1,HIGH
6/7/2014 6:58:25 AM,unknown,unknown,system,Service Control Manager,7036.0,Information,-1.0521809122041765,1,NORMAL
6/7/2014 6:58:24 AM,unknown,unknown,system,User32,1074.0,Information,-10.349342410122201,-1,HIGH
6/7/2014 6:58:13 AM,unknown,unknown,system,Service Control Manager,7036.0,Information,-1.1385353968847638,-1,HIGH
6/7/2014 6:58:13 AM,unknown,unknown,system,Service Control Manager,7036.0,Information,-1.008899985319494,1,NORMAL
6/7/2014 6:58:13 AM,unknown,unknown,system,Service Control Manager,7036.0,Information,-1.008899985319494,1,NORMAL
6/7/2014 6:58:13 AM,unknown,unknown,system,Service Control Manager,7036.0,Information,-1.008899985319494,1,NORMAL
6/7/2014 6:58:05 AM,unknown,unknown,system,Service Control Manager,7036.0,Information,-1.008899985319494,1,NORMAL
6/7/2014 6:58:04 AM,unknown,unknown,system,Service Control Manager,7045.0,Information,-2.767498138870126,-1,HIGH
6/7/2014 6:58:04 AM,unknown,unknown,system,Service Control Manager,7045.0,Information,-3.345274629755027,-1,HIGH
6/7/2014 6:58:04 AM,unknown,unknown,system,Service Control Manager,7045.0,Information,-2.767498138870126,-1,HIGH
6/7/2014 6:58:04 AM,unknown,unknown,system,Service Control Manager,7045.0,Information,-3.4440293022537185,-1,HIGH
6/7/2014 6:58:02 AM,unknown,unknown,system,Service Control Manager,7040.0,Information,-0.9998925011689215,1,NORMAL
6/7/2014 6:58:02 AM,unknown,unknown,system,Service Control Manager,7040.0,Information,-0.9721874017860145,1,NORMAL
6/7/2014 6:58:01 AM,unknown,unknown,system,Service Control Manager,7040.0,Information,-1.2710554463768104,-1,HIGH
6/7/2014 6:58:00 AM,unknown,unknown,system,Service Control Manager,7040.0,Information,-0.9721874017860145,1,NORMAL
6/7/2014 6:57:58 AM,unknown,unknown,system,Service Control Manager,7040.0,Information,-1.0270786567445012,1,NORMAL
6/7/2014 6:57:58 AM,unknown,unknown,system,Service Control Manager,7040.0,Information,-0.9697319123577873,1,NORMAL
6/7/2014 6:57:58 AM,unknown,unknown,system,Service Control Manager,7040.0,Information,-0.9697319123577873,1,NORMAL
6/7/2014 6:57:58 AM,unknown,unknown,system,Service Control Manager,7040.0,Information,-0.9697319123577873,1,NORMAL
6/7/2014 6:57:57 AM,unknown,unknown,system,Service Control Manager,7040.0,Information,-1.0225187387812047,1,NORMAL
6/7/2014 6:57:57 AM,unknown,unknown,system,Service Control Manager,7040.0,Information,-1.2261176700812968,-1,HIGH
6/7/2014 6:57:57 AM,unknown,unknown,system,Service Control Manager,7040.0,Information,-1.0210672325668855,1,NORMAL
6/7/2014 6:57:56 AM,unknown,unknown,system,Service Control Manager,7040.0,Information,-1.3711759627993236,-1,HIGH
6/7/2014 6:57:56 AM,unknown,unknown,system,Service Control Manager,7040.0,Information,-0.9675027095259894,1,NORMAL
6/7/2014 6:57:55 AM,unknown,unknown,system,Service Control Manager,7040.0,Information,-0.9675027095259894,1,NORMAL
6/7/2014 6:57:55 AM,unknown,unknown,system,Service Control Manager,7040.0,Information,-0.9675027095259894,1,NORMAL
6/7/2014 6:57:52 AM,unknown,unknown,system,Service Control Manager,7040.0,Information,-1.046476338014856,1,NORMAL
6/7/2014 6:57:52 AM,unknown,unknown,system,Service Control Manager,7040.0,Information,-1.0097916529079063,1,NORMAL
6/7/2014 6:57:51 AM,unknown,unknown,system,Service Control Manager,7040.0,Information,-0.9675027095259894,1,NORMAL
6/7/2014 6:57:50 AM,unknown,unknown,system,Service Control Manager,7040.0,Information,-1.020971517065062,1,NORMAL
6/7/2014 6:57:50 AM,unknown,unknown,system,Service Control Manager,7040.0,Information,-0.9675027095259894,1,NORMAL
6/7/2014 6:57:50 AM,unknown,unknown,system,Service Control Manager,7040.0,Information,-0.9675027095259894,1,NORMAL
6/7/2014 6:57:48 AM,unknown,unknown,system,Service Control Manager,7040.0,Information,-0.9897390750247987,1,NORMAL
6/7/2014 6:57:48 AM,unknown,unknown,system,Service Control Manager,7040.0,Information,-0.9938969427002655,1,NORMAL
6/7/2014 6:57:48 AM,unknown,unknown,system,Service Control Manager,7040.0,Information,-0.9992983702922302,1,NORMAL
6/7/2014 6:57:48 AM,unknown,unknown,system,Service Control Manager,7040.0,Information,-1.0768443914672652,1,NORMAL
6/7/2014 6:57:48 AM,unknown,unknown,system,Service Control Manager,7040.0,Information,-1.0155543492832582,1,NORMAL
6/7/2014 6:57:47 AM,unknown,unknown,system,Service Control Manager,7040.0,Information,-0.9675027095259894,1,NORMAL
6/7/2014 6:57:46 AM,unknown,unknown,system,Service Control Manager,7040.0,Information,-0.9684933911031561,1,NORMAL
6/7/2014 6:57:43 AM,unknown,unknown,system,Service Control Manager,7040.0,Information,-1.007996525497876,1,NORMAL
6/7/2014 6:57:43 AM,unknown,unknown,system,Service Control Manager,7040.0,Information,-1.0072330354342938,1,NORMAL
6/7/2014 6:57:43 AM,unknown,unknown,system,Service Control Manager,7040.0,Information,-1.02209079917319,1,NORMAL
6/7/2014 6:57:40 AM,unknown,unknown,system,Service Control Manager,7040.0,Information,-0.9675027095259894,1,NORMAL
6/7/2014 6:57:40 AM,unknown,unknown,system,Service Control Manager,7040.0,Information,-0.9684933911031561,1,NORMAL
6/7/2014 6:57:40 AM,unknown,unknown,system,Service Control Manager,7040.0,Information,-0.9697319123577873,1,NORMAL
6/7/2014 6:57:39 AM,unknown,unknown,system,Service Control Manager,7040.0,Information,-0.9697319123577873,1,NORMAL
6/7/2014 6:57:39 AM,unknown,unknown,system,Service Control Manager,7040.0,Information,-0.9684933911031561,1,NORMAL
6/7/2014 6:57:37 AM,unknown,unknown,system,Service Control Manager,7040.0,Information,-1.0221825449540378,1,NORMAL
6/7/2014 6:57:37 AM,unknown,unknown,system,Service Control Manager,7040.0,Information,-1.0270786567445012,1,NORMAL
6/7/2014 6:57:37 AM,unknown,unknown,system,Service Control Manager,7040.0,Information,-0.9675027095259894,1,NORMAL
6/7/2014 6:57:36 AM,unknown,unknown,system,Service Control Manager,7040.0,Information,-0.9684933911031561,1,NORMAL
6/7/2014 6:57:35 AM,unknown,unknown,system,Service Control Manager,7040.0,Information,-0.9684933911031561,1,NORMAL
6/7/2014 6:57:33 AM,unknown,unknown,system,Service Control Manager,7040.0,Information,-1.125501745637876,-1,HIGH
6/7/2014 6:57:33 AM,unknown,unknown,system,Service Control Manager,7040.0,Information,-1.1161674980644207,-1,HIGH
6/7/2014 6:57:33 AM,unknown,unknown,system,Service Control Manager,7040.0,Information,-0.9726452069434434,1,NORMAL
6/7/2014 6:57:32 AM,unknown,unknown,system,Service Control Manager,7040.0,Information,-0.967171108283308,1,NORMAL
6/7/2014 6:57:31 AM,unknown,unknown,system,Service Control Manager,7040.0,Information,-1.2147226015467638,-1,HIGH
6/7/2014 6:57:30 AM,unknown,unknown,system,Service Control Manager,7040.0,Information,-0.9675027095259894,1,NORMAL
6/7/2014 6:57:30 AM,unknown,unknown,system,Service Control Manager,7040.0,Information,-0.9684933911031561,1,NORMAL
6/7/2014 6:57:30 AM,unknown,unknown,system,Service Control Manager,7040.0,Information,-0.9684933911031561,1,NORMAL
6/7/2014 6:57:30 AM,unknown,unknown,system,Service Control Manager,7040.0,Information,-1.4574751347933101,-1,HIGH
6/7/2014 6:57:30 AM,unknown,unknown,system,Service Control Manager,7040.0,Information,-1.001629559717952,1,NORMAL
6/7/2014 6:57:29 AM,unknown,unknown,system,Service Control Manager,7040.0,Information,-0.9684933911031561,1,NORMAL
6/7/2014 6:57:29 AM,unknown,unknown,system,Service Control Manager,7040.0,Information,-0.967171108283308,1,NORMAL
6/7/2014 6:56:29 AM,unknown,unknown,system,Service Control Manager,7036.0,Information,-1.1839979455572713,-1,HIGH
6/7/2014 6:56:28 AM,unknown,unknown,system,Service Control Manager,7036.0,Information,-1.0159835083676385,1,NORMAL
6/7/2014 6:56:27 AM,unknown,unknown,system,Service Control Manager,7036.0,Information,-1.0440601277067072,1,NORMAL
6/7/2014 6:56:26 AM,unknown,unknown,system,Microsoft-Windows-Eventlog,104.0,Information,-1.7252454888870574,-1,HIGH
6/7/2014 6:56:26 AM,unknown,unknown,system,Microsoft-Windows-Eventlog,104.0,Information,-1.7244913471306125,-1,HIGH
6/7/2014 6:56:26 AM,unknown,unknown,system,Microsoft-Windows-Eventlog,104.0,Information,-1.7251148368487699,-1,HIGH
