Error,12/15/2016 7:46:39 AM,Schannel,36888,None,A fatal alert was generated and sent to the remote endpoint. This may result in termination of the connection. The TLS protocol defined fatal error code is 10. The Windows SChannel error state is 1203.
Error,12/15/2016 7:46:39 AM,Schannel,36888,None,A fatal alert was generated and sent to the remote endpoint. This may result in termination of the connection. The TLS protocol defined fatal error code is 10. The Windows SChannel error state is 1203.
Information,12/15/2016 7:37:56 AM,Service Control Manager,7036,None,The DNS Client service entered the running state.
Information,12/15/2016 7:37:56 AM,Service Control Manager,7036,None,The WinHTTP Web Proxy Auto-Discovery Service service entered the running state.
Information,12/15/2016 7:37:56 AM,Service Control Manager,7036,None,The Windows Update service entered the running state.
Information,12/15/2016 7:23:23 AM,Service Control Manager,7036,None,The Software Protection service entered the stopped state.
Information,12/15/2016 7:22:53 AM,Service Control Manager,7036,None,The Software Protection service entered the running state.
Information,12/15/2016 6:59:35 AM,Service Control Manager,7036,None,The DNS Client service entered the stopped state.
Information,12/15/2016 6:53:23 AM,Service Control Manager,7036,None,The Software Protection service entered the stopped state.
Information,12/15/2016 6:52:52 AM,Service Control Manager,7036,None,The Software Protection service entered the running state.
Information,12/15/2016 6:46:35 AM,Service Control Manager,7036,None,The WinHTTP Web Proxy Auto-Discovery Service service entered the stopped state.
Information,12/15/2016 6:29:37 AM,Service Control Manager,7036,None,The Windows Update service entered the stopped state.
Information,12/15/2016 6:25:08 AM,Service Control Manager,7036,None,The Windows Modules Installer service entered the stopped state.
Information,12/15/2016 6:23:22 AM,Service Control Manager,7036,None,The Software Protection service entered the stopped state.
Information,12/15/2016 6:23:08 AM,Service Control Manager,7036,None,The Windows Modules Installer service entered the running state.
Information,12/15/2016 6:22:52 AM,Service Control Manager,7036,None,The Software Protection service entered the running state.
Information,12/15/2016 6:19:35 AM,Service Control Manager,7036,None,The DNS Client service entered the running state.
Information,12/15/2016 6:19:35 AM,Service Control Manager,7036,None,The WinHTTP Web Proxy Auto-Discovery Service service entered the running state.
Information,12/15/2016 6:19:35 AM,Service Control Manager,7036,None,The Windows Update service entered the running state.
Information,12/15/2016 6:03:42 AM,Service Control Manager,7036,None,The DNS Client service entered the stopped state.
Information,12/15/2016 5:53:22 AM,Service Control Manager,7036,None,The Software Protection service entered the stopped state.
Information,12/15/2016 5:52:52 AM,Service Control Manager,7036,None,The Software Protection service entered the running state.
Information,12/15/2016 5:35:02 AM,Service Control Manager,7036,None,The WinHTTP Web Proxy Auto-Discovery Service service entered the stopped state.
Information,12/15/2016 5:23:22 AM,Service Control Manager,7036,None,The Software Protection service entered the stopped state.
Information,12/15/2016 5:22:52 AM,Service Control Manager,7036,None,The Software Protection service entered the running state.
Information,12/15/2016 5:18:04 AM,Service Control Manager,7036,None,The Windows Update service entered the stopped state.
Information,12/15/2016 5:08:02 AM,Service Control Manager,7036,None,The DNS Client service entered the running state.
Information,12/15/2016 5:08:02 AM,Service Control Manager,7036,None,The WinHTTP Web Proxy Auto-Discovery Service service entered the running state.
Information,12/15/2016 5:08:02 AM,Service Control Manager,7036,None,The Windows Update service entered the running state.
Information,12/15/2016 5:02:48 AM,Service Control Manager,7036,None,The DNS Client service entered the stopped state.
Information,12/15/2016 4:53:22 AM,Service Control Manager,7036,None,The Software Protection service entered the stopped state.
Information,12/15/2016 4:52:52 AM,Service Control Manager,7036,None,The Software Protection service entered the running state.
Information,12/15/2016 4:47:56 AM,Service Control Manager,7036,None,The WinHTTP Web Proxy Auto-Discovery Service service entered the stopped state.
Information,12/15/2016 4:23:22 AM,Service Control Manager,7036,None,The Software Protection service entered the stopped state.
Information,12/15/2016 4:22:52 AM,Service Control Manager,7036,None,The Software Protection service entered the running state.
Information,12/15/2016 4:20:25 AM,Service Control Manager,7036,None,The Google Update Service (gupdate) service entered the stopped state.
Information,12/15/2016 4:20:24 AM,Service Control Manager,7036,None,The Google Update Service (gupdate) service entered the running state.
Information,12/15/2016 4:06:57 AM,Service Control Manager,7036,None,The Windows Update service entered the stopped state.
Information,12/15/2016 3:56:56 AM,Service Control Manager,7036,None,The WinHTTP Web Proxy Auto-Discovery Service service entered the running state.
Information,12/15/2016 3:56:56 AM,Service Control Manager,7036,None,The Windows Update service entered the running state.
Information,12/15/2016 3:53:22 AM,Service Control Manager,7036,None,The Software Protection service entered the stopped state.
Information,12/15/2016 3:52:51 AM,Service Control Manager,7036,None,The Software Protection service entered the running state.
Error,12/15/2016 3:48:53 AM,Schannel,36888,None,A fatal alert was generated and sent to the remote endpoint. This may result in termination of the connection. The TLS protocol defined fatal error code is 10. The Windows SChannel error state is 1203.
Error,12/15/2016 3:48:53 AM,Schannel,36888,None,A fatal alert was generated and sent to the remote endpoint. This may result in termination of the connection. The TLS protocol defined fatal error code is 10. The Windows SChannel error state is 1203.
Information,12/15/2016 3:35:00 AM,Service Control Manager,7036,None,The WinHTTP Web Proxy Auto-Discovery Service service entered the stopped state.
Information,12/15/2016 3:23:22 AM,Service Control Manager,7036,None,The Software Protection service entered the stopped state.
Information,12/15/2016 3:22:51 AM,Service Control Manager,7036,None,The Software Protection service entered the running state.
Information,12/15/2016 3:17:04 AM,Service Control Manager,7036,None,The Windows Update service entered the stopped state.
Information,12/15/2016 3:01:03 AM,Service Control Manager,7036,None,The Windows Modules Installer service entered the stopped state.
Information,12/15/2016 2:59:22 AM,Service Control Manager,7036,None,The Software Protection service entered the stopped state.
Information,12/15/2016 2:58:52 AM,Service Control Manager,7036,None,The Software Protection service entered the running state.
Information,12/15/2016 2:58:51 AM,Service Control Manager,7036,None,The Windows Modules Installer service entered the running state.
Information,12/15/2016 2:57:30 AM,Service Control Manager,7036,None,The WinHTTP Web Proxy Auto-Discovery Service service entered the running state.
Information,12/15/2016 2:57:30 AM,Service Control Manager,7036,None,The Windows Update service entered the running state.
Information,12/15/2016 2:53:21 AM,Service Control Manager,7036,None,The Software Protection service entered the stopped state.
Information,12/15/2016 2:53:18 AM,Service Control Manager,7036,None,The WinHTTP Web Proxy Auto-Discovery Service service entered the stopped state.
Information,12/15/2016 2:52:51 AM,Service Control Manager,7036,None,The Software Protection service entered the running state.
Error,12/15/2016 2:36:31 AM,Schannel,36888,None,A fatal alert was generated and sent to the remote endpoint. This may result in termination of the connection. The TLS protocol defined fatal error code is 10. The Windows SChannel error state is 1203.
Error,12/15/2016 2:36:31 AM,Schannel,36888,None,A fatal alert was generated and sent to the remote endpoint. This may result in termination of the connection. The TLS protocol defined fatal error code is 10. The Windows SChannel error state is 1203.
Information,12/15/2016 2:28:04 AM,Service Control Manager,7036,None,The Optimize drives service entered the stopped state.
Information,12/15/2016 2:26:59 AM,Service Control Manager,7036,None,The Windows Error Reporting Service service entered the stopped state.
Information,12/15/2016 2:24:59 AM,Service Control Manager,7036,None,The Optimize drives service entered the running state.
Information,12/15/2016 2:24:59 AM,Service Control Manager,7036,None,The Windows Error Reporting Service service entered the running state.
Information,12/15/2016 2:23:21 AM,Service Control Manager,7036,None,The Software Protection service entered the stopped state.
Information,12/15/2016 2:22:51 AM,Service Control Manager,7036,None,The Software Protection service entered the running state.
Information,12/15/2016 2:22:50 AM,Service Control Manager,7036,None,The Windows Update service entered the stopped state.
Information,12/15/2016 2:12:48 AM,Service Control Manager,7036,None,The DNS Client service entered the running state.
Information,12/15/2016 2:12:48 AM,Service Control Manager,7036,None,The WinHTTP Web Proxy Auto-Discovery Service service entered the running state.
Information,12/15/2016 2:12:48 AM,Service Control Manager,7036,None,The Windows Update service entered the running state.
Information,12/15/2016 2:01:21 AM,Service Control Manager,7036,None,The DNS Client service entered the stopped state.
Information,12/15/2016 1:53:21 AM,Service Control Manager,7036,None,The Software Protection service entered the stopped state.
Information,12/15/2016 1:52:51 AM,Service Control Manager,7036,None,The Software Protection service entered the running state.
Information,12/15/2016 1:38:21 AM,Service Control Manager,7036,None,The WinHTTP Web Proxy Auto-Discovery Service service entered the stopped state.
Information,12/15/2016 1:23:21 AM,Service Control Manager,7036,None,The Software Protection service entered the stopped state.
Information,12/15/2016 1:22:51 AM,Service Control Manager,7036,None,The Software Protection service entered the running state.
Information,12/15/2016 1:21:23 AM,Service Control Manager,7036,None,The Windows Update service entered the stopped state.
Information,12/15/2016 1:11:21 AM,Service Control Manager,7036,None,The DNS Client service entered the running state.
Information,12/15/2016 1:11:21 AM,Service Control Manager,7036,None,The WinHTTP Web Proxy Auto-Discovery Service service entered the running state.
Information,12/15/2016 1:11:21 AM,Service Control Manager,7036,None,The Windows Update service entered the running state.
Information,12/15/2016 1:03:46 AM,Service Control Manager,7036,None,The DNS Client service entered the stopped state.
Information,12/15/2016 12:53:21 AM,Service Control Manager,7036,None,The Software Protection service entered the stopped state.
Information,12/15/2016 12:52:50 AM,Service Control Manager,7036,None,The Software Protection service entered the running state.
Information,12/15/2016 12:43:46 AM,Service Control Manager,7036,None,The DNS Client service entered the running state.
Information,12/15/2016 12:40:21 AM,Service Control Manager,7036,None,The DNS Client service entered the stopped state.
Information,12/15/2016 12:28:15 AM,Service Control Manager,7036,None,The WinHTTP Web Proxy Auto-Discovery Service service entered the stopped state.
Information,12/15/2016 12:23:21 AM,Service Control Manager,7036,None,The Software Protection service entered the stopped state.
Information,12/15/2016 12:22:50 AM,Service Control Manager,7036,None,The Software Protection service entered the running state.
Information,12/15/2016 12:02:17 AM,Service Control Manager,7036,None,The Windows Update service entered the stopped state.
Information,12/14/2016 11:53:20 PM,Service Control Manager,7036,None,The Software Protection service entered the stopped state.
Information,12/14/2016 11:52:50 PM,Service Control Manager,7036,None,The Software Protection service entered the running state.
Information,12/14/2016 11:52:15 PM,Service Control Manager,7036,None,The WinHTTP Web Proxy Auto-Discovery Service service entered the running state.
Information,12/14/2016 11:52:15 PM,Service Control Manager,7036,None,The Windows Update service entered the running state.
Information,12/14/2016 11:47:00 PM,Service Control Manager,7036,None,The WinHTTP Web Proxy Auto-Discovery Service service entered the stopped state.
Information,12/14/2016 11:23:20 PM,Service Control Manager,7036,None,The Software Protection service entered the stopped state.
Information,12/14/2016 11:22:50 PM,Service Control Manager,7036,None,The Software Protection service entered the running state.
Information,12/14/2016 11:20:00 PM,Service Control Manager,7036,None,The Google Update Service (gupdate) service entered the stopped state.
Information,12/14/2016 11:20:00 PM,Service Control Manager,7036,None,The WinHTTP Web Proxy Auto-Discovery Service service entered the running state.
Information,12/14/2016 11:20:00 PM,Service Control Manager,7036,None,The Google Update Service (gupdate) service entered the running state.
Information,12/14/2016 11:15:21 PM,Service Control Manager,7036,None,The WinHTTP Web Proxy Auto-Discovery Service service entered the stopped state.
Information,12/14/2016 10:57:16 PM,Service Control Manager,7036,None,The Windows Update service entered the stopped state.
Information,12/14/2016 10:53:20 PM,Service Control Manager,7036,None,The Software Protection service entered the stopped state.
Information,12/14/2016 10:52:50 PM,Service Control Manager,7036,None,The Software Protection service entered the running state.
Information,12/14/2016 10:48:13 PM,Service Control Manager,7036,None,The Smart Card Device Enumeration Service service entered the stopped state.
Information,12/14/2016 10:47:13 PM,Service Control Manager,7036,None,The Windows Update service entered the running state.
Information,12/14/2016 10:40:23 PM,Service Control Manager,7036,None,The Windows Update service entered the stopped state.
Information,12/14/2016 10:30:22 PM,Service Control Manager,7036,None,The Smart Card Device Enumeration Service service entered the running state.
Information,12/14/2016 10:30:21 PM,Service Control Manager,7036,None,The DNS Client service entered the running state.
Information,12/14/2016 10:30:21 PM,Service Control Manager,7036,None,The WinHTTP Web Proxy Auto-Discovery Service service entered the running state.
Information,12/14/2016 10:30:21 PM,Service Control Manager,7036,None,The Windows Update service entered the running state.
Error,12/14/2016 10:28:55 PM,Schannel,36888,None,A fatal alert was generated and sent to the remote endpoint. This may result in termination of the connection. The TLS protocol defined fatal error code is 10. The Windows SChannel error state is 1203.
Error,12/14/2016 10:28:55 PM,Schannel,36888,None,A fatal alert was generated and sent to the remote endpoint. This may result in termination of the connection. The TLS protocol defined fatal error code is 10. The Windows SChannel error state is 1203.
Information,12/14/2016 10:23:20 PM,Service Control Manager,7036,None,The Software Protection service entered the stopped state.
Information,12/14/2016 10:22:50 PM,Service Control Manager,7036,None,The Software Protection service entered the running state.
Information,12/14/2016 10:02:44 PM,Service Control Manager,7036,None,The DNS Client service entered the stopped state.
Information,12/14/2016 9:53:20 PM,Service Control Manager,7036,None,The Software Protection service entered the stopped state.
Information,12/14/2016 9:52:49 PM,Service Control Manager,7036,None,The Software Protection service entered the running state.
Information,12/14/2016 9:49:44 PM,Service Control Manager,7036,None,The WinHTTP Web Proxy Auto-Discovery Service service entered the stopped state.
Information,12/14/2016 9:32:46 PM,Service Control Manager,7036,None,The Windows Update service entered the stopped state.
Information,12/14/2016 9:23:20 PM,Service Control Manager,7036,None,The Software Protection service entered the stopped state.
Information,12/14/2016 9:22:49 PM,Service Control Manager,7036,None,The Software Protection service entered the running state.
Information,12/14/2016 9:22:44 PM,Service Control Manager,7036,None,The DNS Client service entered the running state.
Information,12/14/2016 9:22:44 PM,Service Control Manager,7036,None,The WinHTTP Web Proxy Auto-Discovery Service service entered the running state.
Information,12/14/2016 9:22:44 PM,Service Control Manager,7036,None,The Windows Update service entered the running state.
Information,12/14/2016 9:01:51 PM,Service Control Manager,7036,None,The DNS Client service entered the stopped state.
Information,12/14/2016 8:53:19 PM,Service Control Manager,7036,None,The Software Protection service entered the stopped state.
Information,12/14/2016 8:52:49 PM,Service Control Manager,7036,None,The Software Protection service entered the running state.
Information,12/14/2016 8:38:51 PM,Service Control Manager,7036,None,The WinHTTP Web Proxy Auto-Discovery Service service entered the stopped state.
Information,12/14/2016 8:23:19 PM,Service Control Manager,7036,None,The Software Protection service entered the stopped state.
Information,12/14/2016 8:22:49 PM,Service Control Manager,7036,None,The Software Protection service entered the running state.
Information,12/14/2016 8:21:53 PM,Service Control Manager,7036,None,The Windows Update service entered the stopped state.
Information,12/14/2016 8:11:51 PM,Service Control Manager,7036,None,The DNS Client service entered the running state.
Information,12/14/2016 8:11:51 PM,Service Control Manager,7036,None,The WinHTTP Web Proxy Auto-Discovery Service service entered the running state.
Information,12/14/2016 8:11:51 PM,Service Control Manager,7036,None,The Windows Update service entered the running state.
Information,12/14/2016 8:03:46 PM,Service Control Manager,7036,None,The DNS Client service entered the stopped state.
Information,12/14/2016 7:53:19 PM,Service Control Manager,7036,None,The Software Protection service entered the stopped state.
Information,12/14/2016 7:52:49 PM,Service Control Manager,7036,None,The Software Protection service entered the running state.
Information,12/14/2016 7:43:46 PM,Service Control Manager,7036,None,The DNS Client service entered the running state.
Information,12/14/2016 7:42:41 PM,Service Control Manager,7036,None,The DNS Client service entered the stopped state.
Information,12/14/2016 7:29:42 PM,Service Control Manager,7036,None,The WinHTTP Web Proxy Auto-Discovery Service service entered the stopped state.
Information,12/14/2016 7:23:19 PM,Service Control Manager,7036,None,The Software Protection service entered the stopped state.
Information,12/14/2016 7:22:49 PM,Service Control Manager,7036,None,The Software Protection service entered the running state.
Information,12/14/2016 7:12:43 PM,Service Control Manager,7036,None,The Windows Update service entered the stopped state.
Information,12/14/2016 7:03:41 PM,Service Control Manager,7036,None,The Smart Card Device Enumeration Service service entered the stopped state.
Information,12/14/2016 7:02:41 PM,Service Control Manager,7036,None,The DNS Client service entered the running state.
Information,12/14/2016 7:02:41 PM,Service Control Manager,7036,None,The WinHTTP Web Proxy Auto-Discovery Service service entered the running state.
Information,12/14/2016 7:02:41 PM,Service Control Manager,7036,None,The Windows Update service entered the running state.
Information,12/14/2016 7:02:17 PM,Service Control Manager,7036,None,The DNS Client service entered the stopped state.
Information,12/14/2016 6:53:19 PM,Service Control Manager,7036,None,The Software Protection service entered the stopped state.
Information,12/14/2016 6:52:48 PM,Service Control Manager,7036,None,The Software Protection service entered the running state.
Information,12/14/2016 6:47:56 PM,Service Control Manager,7036,None,The WinHTTP Web Proxy Auto-Discovery Service service entered the stopped state.
Error,12/14/2016 6:42:01 PM,Schannel,36888,None,A fatal alert was generated and sent to the remote endpoint. This may result in termination of the connection. The TLS protocol defined fatal error code is 10. The Windows SChannel error state is 1203.
Error,12/14/2016 6:42:01 PM,Schannel,36888,None,A fatal alert was generated and sent to the remote endpoint. This may result in termination of the connection. The TLS protocol defined fatal error code is 10. The Windows SChannel error state is 1203.
Information,12/14/2016 6:23:19 PM,Service Control Manager,7036,None,The Software Protection service entered the stopped state.
Information,12/14/2016 6:22:48 PM,Service Control Manager,7036,None,The Software Protection service entered the running state.
Information,12/14/2016 6:20:56 PM,Service Control Manager,7036,None,The Google Update Service (gupdate) service entered the stopped state.
Information,12/14/2016 6:20:56 PM,Service Control Manager,7036,None,The DNS Client service entered the running state.
Information,12/14/2016 6:20:56 PM,Service Control Manager,7036,None,The WinHTTP Web Proxy Auto-Discovery Service service entered the running state.
Information,12/14/2016 6:20:56 PM,Service Control Manager,7036,None,The Google Update Service (gupdate) service entered the running state.
Information,12/14/2016 6:16:31 PM,Service Control Manager,7036,None,The Application Management service entered the running state.
Error,12/14/2016 6:06:22 PM,Schannel,36888,None,A fatal alert was generated and sent to the remote endpoint. This may result in termination of the connection. The TLS protocol defined fatal error code is 10. The Windows SChannel error state is 1203.
Error,12/14/2016 6:06:22 PM,Schannel,36888,None,A fatal alert was generated and sent to the remote endpoint. This may result in termination of the connection. The TLS protocol defined fatal error code is 10. The Windows SChannel error state is 1203.
Error,12/14/2016 6:05:42 PM,Schannel,36888,None,A fatal alert was generated and sent to the remote endpoint. This may result in termination of the connection. The TLS protocol defined fatal error code is 10. The Windows SChannel error state is 1203.
Error,12/14/2016 6:05:42 PM,Schannel,36888,None,A fatal alert was generated and sent to the remote endpoint. This may result in termination of the connection. The TLS protocol defined fatal error code is 10. The Windows SChannel error state is 1203.
Information,12/14/2016 6:04:31 PM,Service Control Manager,7036,None,The DNS Client service entered the stopped state.
Information,12/14/2016 5:53:18 PM,Service Control Manager,7036,None,The Software Protection service entered the stopped state.
Information,12/14/2016 5:52:48 PM,Service Control Manager,7036,None,The Software Protection service entered the running state.
Error,12/14/2016 5:52:25 PM,Schannel,36888,None,A fatal alert was generated and sent to the remote endpoint. This may result in termination of the connection. The TLS protocol defined fatal error code is 10. The Windows SChannel error state is 1203.
Error,12/14/2016 5:52:25 PM,Schannel,36888,None,A fatal alert was generated and sent to the remote endpoint. This may result in termination of the connection. The TLS protocol defined fatal error code is 10. The Windows SChannel error state is 1203.
Information,12/14/2016 5:51:31 PM,Service Control Manager,7036,None,The WinHTTP Web Proxy Auto-Discovery Service service entered the stopped state.
Error,12/14/2016 5:47:40 PM,Schannel,36888,None,A fatal alert was generated and sent to the remote endpoint. This may result in termination of the connection. The TLS protocol defined fatal error code is 10. The Windows SChannel error state is 1203.
Error,12/14/2016 5:47:40 PM,Schannel,36888,None,A fatal alert was generated and sent to the remote endpoint. This may result in termination of the connection. The TLS protocol defined fatal error code is 10. The Windows SChannel error state is 1203.
Information,12/14/2016 5:39:08 PM,Service Control Manager,7036,None,The Application Experience service entered the stopped state.
Information,12/14/2016 5:34:33 PM,Service Control Manager,7036,None,The Windows Update service entered the stopped state.
Information,12/14/2016 5:29:08 PM,Service Control Manager,7036,None,The Application Experience service entered the running state.
Information,12/14/2016 5:24:31 PM,Service Control Manager,7036,None,The Smart Card Device Enumeration Service service entered the running state.
Information,12/14/2016 5:24:31 PM,Service Control Manager,7036,None,The DNS Client service entered the running state.
Information,12/14/2016 5:24:31 PM,Service Control Manager,7036,None,The WinHTTP Web Proxy Auto-Discovery Service service entered the running state.
Information,12/14/2016 5:24:31 PM,Service Control Manager,7036,None,The Windows Update service entered the running state.
Information,12/14/2016 5:23:18 PM,Service Control Manager,7036,None,The Software Protection service entered the stopped state.
Information,12/14/2016 5:22:48 PM,Service Control Manager,7036,None,The Software Protection service entered the running state.
Information,12/14/2016 5:03:46 PM,Service Control Manager,7036,None,The DNS Client service entered the stopped state.
Information,12/14/2016 4:53:18 PM,Service Control Manager,7036,None,The Software Protection service entered the stopped state.
Information,12/14/2016 4:52:48 PM,Service Control Manager,7036,None,The Software Protection service entered the running state.
Error,12/14/2016 4:48:03 PM,Schannel,36888,None,A fatal alert was generated and sent to the remote endpoint. This may result in termination of the connection. The TLS protocol defined fatal error code is 10. The Windows SChannel error state is 1203.
Error,12/14/2016 4:48:02 PM,Schannel,36888,None,A fatal alert was generated and sent to the remote endpoint. This may result in termination of the connection. The TLS protocol defined fatal error code is 10. The Windows SChannel error state is 1203.
Information,12/14/2016 4:43:46 PM,Service Control Manager,7036,None,The DNS Client service entered the running state.
Information,12/14/2016 4:33:46 PM,Service Control Manager,7036,None,The DNS Client service entered the stopped state.
Information,12/14/2016 4:23:18 PM,Service Control Manager,7036,None,The Software Protection service entered the stopped state.
Information,12/14/2016 4:22:53 PM,Service Control Manager,7036,None,The WinHTTP Web Proxy Auto-Discovery Service service entered the stopped state.
Information,12/14/2016 4:22:48 PM,Service Control Manager,7036,None,The Software Protection service entered the running state.
Information,12/14/2016 4:05:55 PM,Service Control Manager,7036,None,The Windows Update service entered the stopped state.
Error,12/14/2016 4:05:10 PM,Schannel,36888,None,A fatal alert was generated and sent to the remote endpoint. This may result in termination of the connection. The TLS protocol defined fatal error code is 10. The Windows SChannel error state is 1203.
Error,12/14/2016 4:05:10 PM,Schannel,36888,None,A fatal alert was generated and sent to the remote endpoint. This may result in termination of the connection. The TLS protocol defined fatal error code is 10. The Windows SChannel error state is 1203.
Information,12/14/2016 3:55:53 PM,Service Control Manager,7036,None,The WinHTTP Web Proxy Auto-Discovery Service service entered the running state.
Information,12/14/2016 3:55:53 PM,Service Control Manager,7036,None,The Windows Update service entered the running state.
Information,12/14/2016 3:53:18 PM,Service Control Manager,7036,None,The Software Protection service entered the stopped state.
Information,12/14/2016 3:52:48 PM,Service Control Manager,7036,None,The Software Protection service entered the running state.
Information,12/14/2016 3:43:46 PM,Service Control Manager,7036,None,The DNS Client service entered the running state.
Information,12/14/2016 3:24:45 PM,Service Control Manager,7036,None,The DNS Client service entered the stopped state.
Information,12/14/2016 3:23:18 PM,Service Control Manager,7036,None,The Software Protection service entered the stopped state.
Information,12/14/2016 3:22:47 PM,Service Control Manager,7036,None,The Software Protection service entered the running state.
Information,12/14/2016 3:08:15 PM,Service Control Manager,7036,None,The WinHTTP Web Proxy Auto-Discovery Service service entered the stopped state.
Information,12/14/2016 2:53:18 PM,Service Control Manager,7036,None,The Software Protection service entered the stopped state.
Information,12/14/2016 2:52:47 PM,Service Control Manager,7036,None,The Software Protection service entered the running state.
Information,12/14/2016 2:50:40 PM,Service Control Manager,7036,None,The Windows Update service entered the stopped state.
Information,12/14/2016 2:41:38 PM,Service Control Manager,7036,None,The Smart Card Device Enumeration Service service entered the stopped state.
Information,12/14/2016 2:40:38 PM,Service Control Manager,7036,None,The Windows Update service entered the running state.
Information,12/14/2016 2:34:46 PM,Service Control Manager,7036,None,The Windows Update service entered the stopped state.
Information,12/14/2016 2:24:44 PM,Service Control Manager,7036,None,The DNS Client service entered the running state.
Information,12/14/2016 2:24:44 PM,Service Control Manager,7036,None,The WinHTTP Web Proxy Auto-Discovery Service service entered the running state.
Information,12/14/2016 2:24:44 PM,Service Control Manager,7036,None,The Smart Card Device Enumeration Service service entered the running state.
Information,12/14/2016 2:24:44 PM,Service Control Manager,7036,None,The Windows Update service entered the running state.
Information,12/14/2016 2:23:17 PM,Service Control Manager,7036,None,The Software Protection service entered the stopped state.
Information,12/14/2016 2:22:47 PM,Service Control Manager,7036,None,The Software Protection service entered the running state.
Information,12/14/2016 2:00:04 PM,Service Control Manager,7036,None,The DNS Client service entered the stopped state.
Information,12/14/2016 1:53:17 PM,Service Control Manager,7036,None,The Software Protection service entered the stopped state.
Information,12/14/2016 1:52:47 PM,Service Control Manager,7036,None,The Software Protection service entered the running state.
Information,12/14/2016 1:48:34 PM,Service Control Manager,7036,None,The WinHTTP Web Proxy Auto-Discovery Service service entered the stopped state.
Information,12/14/2016 1:31:25 PM,Service Control Manager,7036,None,The Application Experience service entered the stopped state.
Information,12/14/2016 1:30:20 PM,Service Control Manager,7036,None,The Windows Update service entered the stopped state.
Information,12/14/2016 1:23:17 PM,Service Control Manager,7036,None,The Software Protection service entered the stopped state.
Information,12/14/2016 1:22:47 PM,Service Control Manager,7036,None,The Software Protection service entered the running state.
Information,12/14/2016 1:21:25 PM,Service Control Manager,7036,None,The Google Update Service (gupdate) service entered the stopped state.
Information,12/14/2016 1:20:17 PM,Service Control Manager,7036,None,The Windows Update service entered the running state.
Information,12/14/2016 1:20:05 PM,Service Control Manager,7036,None,The Application Experience service entered the running state.
Information,12/14/2016 1:20:04 PM,Service Control Manager,7036,None,The DNS Client service entered the running state.
Information,12/14/2016 1:20:04 PM,Service Control Manager,7036,None,The WinHTTP Web Proxy Auto-Discovery Service service entered the running state.
Information,12/14/2016 1:20:04 PM,Service Control Manager,7036,None,The Google Update Service (gupdate) service entered the running state.
Information,12/14/2016 1:03:46 PM,Service Control Manager,7036,None,The DNS Client service entered the stopped state.
Information,12/14/2016 12:53:17 PM,Service Control Manager,7036,None,The Software Protection service entered the stopped state.
Information,12/14/2016 12:52:47 PM,Service Control Manager,7036,None,The Software Protection service entered the running state.
Information,12/14/2016 12:43:46 PM,Service Control Manager,7036,None,The DNS Client service entered the running state.
Information,12/14/2016 12:23:17 PM,Service Control Manager,7036,None,The Software Protection service entered the stopped state.
Information,12/14/2016 12:22:46 PM,Service Control Manager,7036,None,The Software Protection service entered the running state.
Information,12/14/2016 12:09:54 PM,Service Control Manager,7036,None,The DNS Client service entered the stopped state.
Information,12/14/2016 12:00:00 PM,EventLog,6013,None,The system uptime is 1013987 seconds.
Information,12/14/2016 11:58:24 AM,Service Control Manager,7036,None,The WinHTTP Web Proxy Auto-Discovery Service service entered the stopped state.
Information,12/14/2016 11:53:17 AM,Service Control Manager,7036,None,The Software Protection service entered the stopped state.
Information,12/14/2016 11:52:46 AM,Service Control Manager,7036,None,The Software Protection service entered the running state.
Information,12/14/2016 11:39:56 AM,Service Control Manager,7036,None,The Windows Update service entered the stopped state.
Information,12/14/2016 11:29:54 AM,Service Control Manager,7036,None,The DNS Client service entered the running state.
Information,12/14/2016 11:29:54 AM,Service Control Manager,7036,None,The WinHTTP Web Proxy Auto-Discovery Service service entered the running state.
Information,12/14/2016 11:29:54 AM,Service Control Manager,7036,None,The Windows Update service entered the running state.
Information,12/14/2016 11:23:16 AM,Service Control Manager,7036,None,The Software Protection service entered the stopped state.
Information,12/14/2016 11:22:46 AM,Service Control Manager,7036,None,The Software Protection service entered the running state.
Information,12/14/2016 11:02:48 AM,Service Control Manager,7036,None,The DNS Client service entered the stopped state.
Information,12/14/2016 10:53:16 AM,Service Control Manager,7036,None,The Software Protection service entered the stopped state.
Information,12/14/2016 10:52:46 AM,Service Control Manager,7036,None,The Software Protection service entered the running state.
Information,12/14/2016 10:34:48 AM,Service Control Manager,7036,None,The WinHTTP Web Proxy Auto-Discovery Service service entered the stopped state.
Information,12/14/2016 10:23:16 AM,Service Control Manager,7036,None,The Software Protection service entered the stopped state.
Information,12/14/2016 10:22:46 AM,Service Control Manager,7036,None,The Software Protection service entered the running state.
Information,12/14/2016 10:17:49 AM,Service Control Manager,7036,None,The Windows Update service entered the stopped state.
Information,12/14/2016 10:07:48 AM,Service Control Manager,7036,None,The DNS Client service entered the running state.
Information,12/14/2016 10:07:48 AM,Service Control Manager,7036,None,The WinHTTP Web Proxy Auto-Discovery Service service entered the running state.
Information,12/14/2016 10:07:48 AM,Service Control Manager,7036,None,The Windows Update service entered the running state.
Information,12/14/2016 10:03:46 AM,Service Control Manager,7036,None,The DNS Client service entered the stopped state.
Information,12/14/2016 9:53:16 AM,Service Control Manager,7036,None,The Software Protection service entered the stopped state.
Information,12/14/2016 9:52:46 AM,Service Control Manager,7036,None,The Software Protection service entered the running state.
Information,12/14/2016 9:43:46 AM,Service Control Manager,7036,None,The DNS Client service entered the running state.
Information,12/14/2016 9:23:16 AM,Service Control Manager,7036,None,The Software Protection service entered the stopped state.
Information,12/14/2016 9:22:45 AM,Service Control Manager,7036,None,The Software Protection service entered the running state.
Information,12/14/2016 9:20:44 AM,Service Control Manager,7036,None,The DNS Client service entered the stopped state.
Information,12/14/2016 9:09:31 AM,Service Control Manager,7036,None,The WinHTTP Web Proxy Auto-Discovery Service service entered the stopped state.
Error,12/14/2016 8:56:53 AM,Schannel,36888,None,A fatal alert was generated and sent to the remote endpoint. This may result in termination of the connection. The TLS protocol defined fatal error code is 10. The Windows SChannel error state is 1203.
Error,12/14/2016 8:56:53 AM,Schannel,36888,None,A fatal alert was generated and sent to the remote endpoint. This may result in termination of the connection. The TLS protocol defined fatal error code is 10. The Windows SChannel error state is 1203.
Information,12/14/2016 8:53:16 AM,Service Control Manager,7036,None,The Software Protection service entered the stopped state.
Information,12/14/2016 8:52:45 AM,Service Control Manager,7036,None,The Software Protection service entered the running state.
Information,12/14/2016 8:51:08 AM,Service Control Manager,7036,None,The Windows Update service entered the stopped state.
Information,12/14/2016 8:41:06 AM,Service Control Manager,7036,None,The Windows Update service entered the running state.
Information,12/14/2016 8:23:15 AM,Service Control Manager,7036,None,The Software Protection service entered the stopped state.
Information,12/14/2016 8:22:45 AM,Service Control Manager,7036,None,The Software Protection service entered the running state.
Information,12/14/2016 8:20:01 AM,Service Control Manager,7036,None,The Google Update Service (gupdate) service entered the stopped state.
Information,12/14/2016 8:20:00 AM,Service Control Manager,7036,None,The WinHTTP Web Proxy Auto-Discovery Service service entered the running state.
Information,12/14/2016 8:20:00 AM,Service Control Manager,7036,None,The Google Update Service (gupdate) service entered the running state.
Error,12/14/2016 8:14:55 AM,Schannel,36888,None,A fatal alert was generated and sent to the remote endpoint. This may result in termination of the connection. The TLS protocol defined fatal error code is 10. The Windows SChannel error state is 1203.
Error,12/14/2016 8:14:55 AM,Schannel,36888,None,A fatal alert was generated and sent to the remote endpoint. This may result in termination of the connection. The TLS protocol defined fatal error code is 10. The Windows SChannel error state is 1203.
Information,12/14/2016 8:12:51 AM,Service Control Manager,7036,None,The WinHTTP Web Proxy Auto-Discovery Service service entered the stopped state.
Information,12/14/2016 7:55:53 AM,Service Control Manager,7036,None,The Windows Update service entered the stopped state.
Information,12/14/2016 7:53:15 AM,Service Control Manager,7036,None,The Software Protection service entered the stopped state.
Information,12/14/2016 7:52:45 AM,Service Control Manager,7036,None,The Software Protection service entered the running state.
Information,12/14/2016 7:38:47 AM,Service Control Manager,7036,None,The Windows Modules Installer service entered the stopped state.
Information,12/14/2016 7:37:09 AM,Service Control Manager,7036,None,The Software Protection service entered the stopped state.
Information,12/14/2016 7:36:38 AM,Service Control Manager,7036,None,The Software Protection service entered the running state.
Information,12/14/2016 7:36:37 AM,Service Control Manager,7036,None,The Windows Modules Installer service entered the running state.
Information,12/14/2016 7:35:21 AM,Service Control Manager,7036,None,The WinHTTP Web Proxy Auto-Discovery Service service entered the running state.
Information,12/14/2016 7:35:21 AM,Service Control Manager,7036,None,The Windows Update service entered the running state.
Error,12/14/2016 7:34:19 AM,Schannel,36888,None,A fatal alert was generated and sent to the remote endpoint. This may result in termination of the connection. The TLS protocol defined fatal error code is 10. The Windows SChannel error state is 1203.
Error,12/14/2016 7:34:19 AM,Schannel,36888,None,A fatal alert was generated and sent to the remote endpoint. This may result in termination of the connection. The TLS protocol defined fatal error code is 10. The Windows SChannel error state is 1203.
Information,12/14/2016 7:28:12 AM,Service Control Manager,7036,None,The WinHTTP Web Proxy Auto-Discovery Service service entered the stopped state.
Information,12/14/2016 7:23:15 AM,Service Control Manager,7036,None,The Software Protection service entered the stopped state.
Information,12/14/2016 7:22:45 AM,Service Control Manager,7036,None,The Software Protection service entered the running state.
Information,12/14/2016 7:09:44 AM,Service Control Manager,7036,None,The Windows Update service entered the stopped state.
Information,12/14/2016 6:59:42 AM,Service Control Manager,7036,None,The WinHTTP Web Proxy Auto-Discovery Service service entered the running state.
Information,12/14/2016 6:59:42 AM,Service Control Manager,7036,None,The Windows Update service entered the running state.
Information,12/14/2016 6:53:15 AM,Service Control Manager,7036,None,The Software Protection service entered the stopped state.
Information,12/14/2016 6:52:45 AM,Service Control Manager,7036,None,The Software Protection service entered the running state.
Information,12/14/2016 6:43:46 AM,Service Control Manager,7036,None,The DNS Client service entered the running state.
Information,12/14/2016 6:33:08 AM,Service Control Manager,7036,None,The Application Experience service entered the stopped state.
Information,12/14/2016 6:28:46 AM,Service Control Manager,7036,None,The DNS Client service entered the stopped state.
Information,12/14/2016 6:25:18 AM,Service Control Manager,7036,None,The Windows Modules Installer service entered the stopped state.
Information,12/14/2016 6:23:15 AM,Service Control Manager,7036,None,The Software Protection service entered the stopped state.
Information,12/14/2016 6:23:09 AM,Service Control Manager,7036,None,The Windows Modules Installer service entered the running state.
Information,12/14/2016 6:23:08 AM,Service Control Manager,7036,None,The Application Experience service entered the running state.
Information,12/14/2016 6:22:44 AM,Service Control Manager,7036,None,The Software Protection service entered the running state.
Information,12/14/2016 6:17:32 AM,Service Control Manager,7036,None,The WinHTTP Web Proxy Auto-Discovery Service service entered the stopped state.
Information,12/14/2016 6:00:34 AM,Service Control Manager,7036,None,The Windows Update service entered the stopped state.
Information,12/14/2016 5:53:15 AM,Service Control Manager,7036,None,The Software Protection service entered the stopped state.
Information,12/14/2016 5:52:44 AM,Service Control Manager,7036,None,The Software Protection service entered the running state.
Information,12/14/2016 5:50:32 AM,Service Control Manager,7036,None,The WinHTTP Web Proxy Auto-Discovery Service service entered the running state.
Information,12/14/2016 5:50:32 AM,Service Control Manager,7036,None,The Windows Update service entered the running state.
Information,12/14/2016 5:43:46 AM,Service Control Manager,7036,None,The DNS Client service entered the running state.
Information,12/14/2016 5:40:43 AM,Service Control Manager,7036,None,The DNS Client service entered the stopped state.
Information,12/14/2016 5:27:45 AM,Service Control Manager,7036,None,The WinHTTP Web Proxy Auto-Discovery Service service entered the stopped state.
Information,12/14/2016 5:23:14 AM,Service Control Manager,7036,None,The Software Protection service entered the stopped state.
Information,12/14/2016 5:22:44 AM,Service Control Manager,7036,None,The Software Protection service entered the running state.
Information,12/14/2016 4:55:11 AM,Service Control Manager,7036,None,The Windows Update service entered the stopped state.
Information,12/14/2016 4:53:14 AM,Service Control Manager,7036,None,The Software Protection service entered the stopped state.
Information,12/14/2016 4:52:43 AM,Service Control Manager,7036,None,The Software Protection service entered the running state.
Information,12/14/2016 4:47:09 AM,Service Control Manager,7036,None,The Windows Modules Installer service entered the stopped state.
Information,12/14/2016 4:47:04 AM,Service Control Manager,7036,None,The WMI Performance Adapter service entered the stopped state.
Information,12/14/2016 4:47:03 AM,Service Control Manager,7036,None,The Application Experience service entered the stopped state.
Information,12/14/2016 4:46:11 AM,Service Control Manager,7036,None,The Microsoft Software Shadow Copy Provider service entered the stopped state.
Information,12/14/2016 4:44:00 AM,Service Control Manager,7036,None,The AppX Deployment Service (AppXSVC) service entered the stopped state.
Information,12/14/2016 4:43:11 AM,Service Control Manager,7036,None,The Volume Shadow Copy service entered the stopped state.
Information,12/14/2016 4:41:05 AM,Service Control Manager,7036,None,The WMI Performance Adapter service entered the running state.
Information,12/14/2016 4:41:05 AM,Service Control Manager,7036,None,The WMI Performance Adapter service entered the stopped state.
Information,12/14/2016 4:41:05 AM,Service Control Manager,7036,None,The WMI Performance Adapter service entered the running state.
Information,12/14/2016 4:41:04 AM,Service Control Manager,7036,None,The WMI Performance Adapter service entered the stopped state.
Information,12/14/2016 4:40:22 AM,Microsoft-Windows-WindowsUpdateClient,22,Automatic Updates,"Restart Required: To complete the installation of the following updates, the computer will be restarted within 15 minutes: 
- December, 2016 Security and Quality Rollup for .NET Framework 3.5, 4.5.2, 4.6, 4.6.1, 4.6.2 on Windows 8.1 and Windows Server 2012 R2 for x64 (KB3205404)
- Windows Malicious Software Removal Tool for Windows 8, 8.1, 10 and Windows Server 2012, 2012 R2, 2016 x64 Edition - December 2016 (KB890830)
- December, 2016 Security Monthly Quality Rollup for Windows Server 2012 R2 (KB3205401)"
Information,12/14/2016 4:40:11 AM,Service Control Manager,7036,None,The Volume Shadow Copy service entered the running state.
Information,12/14/2016 4:39:43 AM,Service Control Manager,7036,None,The Volume Shadow Copy service entered the stopped state.
Information,12/14/2016 4:39:10 AM,Microsoft-Windows-WindowsUpdateClient,43,Windows Update Agent,"Installation Started: Windows has started installing the following update: December, 2016 Security Monthly Quality Rollup for Windows Server 2012 R2 (KB3205401)"
Information,12/14/2016 4:39:10 AM,Microsoft-Windows-WindowsUpdateClient,19,Windows Update Agent,"Installation Successful: Windows successfully installed the following update: Windows Malicious Software Removal Tool for Windows 8, 8.1, 10 and Windows Server 2012, 2012 R2, 2016 x64 Edition - December 2016 (KB890830)"
Information,12/14/2016 4:39:05 AM,Service Control Manager,7036,None,The Windows Modules Installer service entered the running state.
Information,12/14/2016 4:39:01 AM,Service Control Manager,7036,None,The WMI Performance Adapter service entered the running state.
Information,12/14/2016 4:38:53 AM,Service Control Manager,7036,None,The AppX Deployment Service (AppXSVC) service entered the running state.
Information,12/14/2016 4:38:43 AM,Service Control Manager,7036,None,The Windows Modules Installer service entered the stopped state.
Information,12/14/2016 4:37:59 AM,Microsoft-Windows-Kernel-General,16,None,The access history in hive \??\c:\users\cloudbase-init\AppData\Local\Microsoft\Windows\usrclass.dat was cleared updating 5 keys and creating 1 modified pages.
Information,12/14/2016 4:37:59 AM,Microsoft-Windows-Kernel-General,16,None,The access history in hive \??\c:\users\cloudbase-init\ntuser.dat was cleared updating 37 keys and creating 13 modified pages.
Information,12/14/2016 4:37:59 AM,Microsoft-Windows-Kernel-General,16,None,The access history in hive \??\c:\users\administrator\AppData\Local\Microsoft\Windows\usrclass.dat was cleared updating 0 keys and creating 0 modified pages.
Information,12/14/2016 4:37:58 AM,Microsoft-Windows-Kernel-General,16,None,The access history in hive \??\c:\users\administrator\ntuser.dat was cleared updating 13 keys and creating 4 modified pages.
Information,12/14/2016 4:36:48 AM,Microsoft-Windows-WindowsUpdateClient,43,Windows Update Agent,"Installation Started: Windows has started installing the following update: Windows Malicious Software Removal Tool for Windows 8, 8.1, 10 and Windows Server 2012, 2012 R2, 2016 x64 Edition - December 2016 (KB890830)"
Information,12/14/2016 4:36:44 AM,Service Control Manager,7036,None,The Application Experience service entered the running state.
Information,12/14/2016 4:35:46 AM,Service Control Manager,7036,None,The Device Setup Manager service entered the stopped state.
Information,12/14/2016 4:35:45 AM,Service Control Manager,7036,None,The Windows Error Reporting Service service entered the stopped state.
Information,12/14/2016 4:35:06 AM,Service Control Manager,7040,None,The start type of the Windows Modules Installer service was changed from demand start to auto start.
Information,12/14/2016 4:34:56 AM,Service Control Manager,7036,None,The Microsoft Software Shadow Copy Provider service entered the running state.
Information,12/14/2016 4:34:56 AM,Service Control Manager,7036,None,The Volume Shadow Copy service entered the running state.
