Information,12/2/2016 3:44:08 PM,Service Control Manager,7036,None,The WinHTTP Web Proxy Auto-Discovery Service service entered the stopped state.
Information,12/2/2016 3:26:21 PM,Service Control Manager,7036,None,The Windows Update service entered the stopped state.
Information,12/2/2016 3:18:49 PM,Service Control Manager,7036,None,The Software Protection service entered the stopped state.
Information,12/2/2016 3:18:19 PM,Service Control Manager,7036,None,The Software Protection service entered the running state.
Information,12/2/2016 3:16:18 PM,Service Control Manager,7036,None,The Windows Update service entered the running state.
Information,12/2/2016 3:14:06 PM,Service Control Manager,7036,None,The Windows Update service entered the stopped state.
Information,12/2/2016 3:05:47 PM,Service Control Manager,7036,None,The Application Experience service entered the stopped state.
Information,12/2/2016 2:58:04 PM,Service Control Manager,7036,None,The Windows Modules Installer service entered the stopped state.
Information,12/2/2016 2:56:15 PM,Service Control Manager,7036,None,The Software Protection service entered the stopped state.
Information,12/2/2016 2:55:47 PM,Service Control Manager,7036,None,The Application Experience service entered the running state.
Information,12/2/2016 2:55:45 PM,Service Control Manager,7036,None,The Software Protection service entered the running state.
Information,12/2/2016 2:55:44 PM,Service Control Manager,7036,None,The Windows Modules Installer service entered the running state.
Information,12/2/2016 2:53:54 PM,Service Control Manager,7036,None,The Windows Update service entered the running state.
Information,12/2/2016 2:48:49 PM,Service Control Manager,7036,None,The Software Protection service entered the stopped state.
Information,12/2/2016 2:48:19 PM,Service Control Manager,7036,None,The Software Protection service entered the running state.
Information,12/2/2016 2:45:11 PM,Service Control Manager,7036,None,The Windows Update service entered the stopped state.
Information,12/2/2016 2:35:08 PM,Service Control Manager,7036,None,The WinHTTP Web Proxy Auto-Discovery Service service entered the running state.
Information,12/2/2016 2:35:08 PM,Service Control Manager,7036,None,The Windows Update service entered the running state.
Information,12/2/2016 2:18:49 PM,Service Control Manager,7036,None,The Software Protection service entered the stopped state.
Information,12/2/2016 2:18:19 PM,Service Control Manager,7036,None,The Software Protection service entered the running state.
Information,12/2/2016 1:48:49 PM,Service Control Manager,7036,None,The Software Protection service entered the stopped state.
Information,12/2/2016 1:48:19 PM,Service Control Manager,7036,None,The Software Protection service entered the running state.
Information,12/2/2016 1:18:49 PM,Service Control Manager,7036,None,The Software Protection service entered the stopped state.
Information,12/2/2016 1:18:19 PM,Service Control Manager,7036,None,The Software Protection service entered the running state.
Information,12/2/2016 1:17:41 PM,Service Control Manager,7036,None,The WinHTTP Web Proxy Auto-Discovery Service service entered the stopped state.
Information,12/2/2016 1:00:42 PM,Service Control Manager,7036,None,The Windows Update service entered the stopped state.
Information,12/2/2016 12:50:41 PM,Service Control Manager,7036,None,The WinHTTP Web Proxy Auto-Discovery Service service entered the running state.
Information,12/2/2016 12:50:41 PM,Service Control Manager,7036,None,The Windows Update service entered the running state.
Information,12/2/2016 12:48:49 PM,Service Control Manager,7036,None,The Software Protection service entered the stopped state.
Information,12/2/2016 12:48:18 PM,Service Control Manager,7036,None,The Software Protection service entered the running state.
Information,12/2/2016 12:18:49 PM,Service Control Manager,7036,None,The Software Protection service entered the stopped state.
Information,12/2/2016 12:18:18 PM,Service Control Manager,7036,None,The Software Protection service entered the running state.
Information,12/2/2016 12:05:07 PM,Service Control Manager,7036,None,The WinHTTP Web Proxy Auto-Discovery Service service entered the stopped state.
Information,12/2/2016 12:00:00 PM,EventLog,6013,None,The system uptime is 96229 seconds.
Information,12/2/2016 11:48:48 AM,Service Control Manager,7036,None,The Software Protection service entered the stopped state.
Information,12/2/2016 11:48:18 AM,Service Control Manager,7036,None,The Software Protection service entered the running state.
Information,12/2/2016 11:47:19 AM,Service Control Manager,7036,None,The Windows Update service entered the stopped state.
Information,12/2/2016 11:37:18 AM,Service Control Manager,7036,None,The Windows Update service entered the running state.
Warning,12/2/2016 11:26:14 AM,Microsoft-Windows-Time-Service,36,None,"The time service has not synchronized the system time for 86400 seconds because none of the time service providers provided a usable time stamp. The time service will not update the local system time until it is able to synchronize with a time source. If the local system is configured to act as a time server for clients, it will stop advertising as a time source to clients. The time service will continue to retry and sync time with its time sources. Check system event log for other W32time events for more details. Run 'w32tm /resync' to force an instant time synchronization."
Information,12/2/2016 11:26:14 AM,Microsoft-Windows-Kernel-General,1,None,"The system time has changed to ‎2016‎-‎12‎-‎02T19:26:14.555000000Z from ‎2016‎-‎12‎-‎02T19:26:14.556312800Z.

Change Reason: An application or system component changed the time."
Information,12/2/2016 11:20:07 AM,Service Control Manager,7036,None,The Google Update Service (gupdate) service entered the stopped state.
Information,12/2/2016 11:20:07 AM,Service Control Manager,7036,None,The WinHTTP Web Proxy Auto-Discovery Service service entered the running state.
Information,12/2/2016 11:20:07 AM,Service Control Manager,7036,None,The Google Update Service (gupdate) service entered the running state.
Information,12/2/2016 11:18:48 AM,Service Control Manager,7036,None,The Software Protection service entered the stopped state.
Information,12/2/2016 11:18:18 AM,Service Control Manager,7036,None,The Software Protection service entered the running state.
Information,12/2/2016 10:56:01 AM,Service Control Manager,7036,None,The WinHTTP Web Proxy Auto-Discovery Service service entered the stopped state.
Information,12/2/2016 10:48:48 AM,Service Control Manager,7036,None,The Software Protection service entered the stopped state.
Information,12/2/2016 10:48:18 AM,Service Control Manager,7036,None,The Software Protection service entered the running state.
Information,12/2/2016 10:39:02 AM,Service Control Manager,7036,None,The Windows Update service entered the stopped state.
Information,12/2/2016 10:29:01 AM,Service Control Manager,7036,None,The WinHTTP Web Proxy Auto-Discovery Service service entered the running state.
Information,12/2/2016 10:29:01 AM,Service Control Manager,7036,None,The Windows Update service entered the running state.
Information,12/2/2016 10:18:48 AM,Service Control Manager,7036,None,The Software Protection service entered the stopped state.
Information,12/2/2016 10:18:17 AM,Service Control Manager,7036,None,The Software Protection service entered the running state.
Information,12/2/2016 10:06:58 AM,Service Control Manager,7036,None,The WinHTTP Web Proxy Auto-Discovery Service service entered the stopped state.
Information,12/2/2016 9:50:00 AM,Service Control Manager,7036,None,The Windows Update service entered the stopped state.
Information,12/2/2016 9:48:48 AM,Service Control Manager,7036,None,The Software Protection service entered the stopped state.
Information,12/2/2016 9:48:17 AM,Service Control Manager,7036,None,The Software Protection service entered the running state.
Information,12/2/2016 9:39:58 AM,Service Control Manager,7036,None,The WinHTTP Web Proxy Auto-Discovery Service service entered the running state.
Information,12/2/2016 9:39:58 AM,Service Control Manager,7036,None,The Windows Update service entered the running state.
Information,12/2/2016 9:18:47 AM,Service Control Manager,7036,None,The Software Protection service entered the stopped state.
Information,12/2/2016 9:18:17 AM,Service Control Manager,7036,None,The Software Protection service entered the running state.
Information,12/2/2016 8:48:47 AM,Service Control Manager,7036,None,The Software Protection service entered the stopped state.
Information,12/2/2016 8:48:17 AM,Service Control Manager,7036,None,The Software Protection service entered the running state.
Information,12/2/2016 8:28:29 AM,Service Control Manager,7036,None,The WinHTTP Web Proxy Auto-Discovery Service service entered the stopped state.
Information,12/2/2016 8:18:47 AM,Service Control Manager,7036,None,The Software Protection service entered the stopped state.
Information,12/2/2016 8:18:17 AM,Service Control Manager,7036,None,The Software Protection service entered the running state.
Information,12/2/2016 8:11:30 AM,Service Control Manager,7036,None,The Windows Update service entered the stopped state.
Information,12/2/2016 8:01:28 AM,Service Control Manager,7036,None,The WinHTTP Web Proxy Auto-Discovery Service service entered the running state.
Information,12/2/2016 8:01:28 AM,Service Control Manager,7036,None,The Windows Update service entered the running state.
Information,12/2/2016 7:59:13 AM,Service Control Manager,7036,None,The WinHTTP Web Proxy Auto-Discovery Service service entered the stopped state.
Information,12/2/2016 7:48:47 AM,Service Control Manager,7036,None,The Software Protection service entered the stopped state.
Information,12/2/2016 7:48:17 AM,Service Control Manager,7036,None,The Software Protection service entered the running state.
Information,12/2/2016 7:42:14 AM,Service Control Manager,7036,None,The Windows Update service entered the stopped state.
Information,12/2/2016 7:32:13 AM,Service Control Manager,7036,None,The WinHTTP Web Proxy Auto-Discovery Service service entered the running state.
Information,12/2/2016 7:32:13 AM,Service Control Manager,7036,None,The Windows Update service entered the running state.
Information,12/2/2016 7:18:47 AM,Service Control Manager,7036,None,The Software Protection service entered the stopped state.
Information,12/2/2016 7:18:16 AM,Service Control Manager,7036,None,The Software Protection service entered the running state.
Information,12/2/2016 6:48:47 AM,Service Control Manager,7036,None,The Software Protection service entered the stopped state.
Information,12/2/2016 6:48:39 AM,Service Control Manager,7036,None,The WinHTTP Web Proxy Auto-Discovery Service service entered the stopped state.
Information,12/2/2016 6:48:16 AM,Service Control Manager,7036,None,The Software Protection service entered the running state.
Information,12/2/2016 6:28:41 AM,Service Control Manager,7036,None,The Windows Update service entered the stopped state.
Information,12/2/2016 6:20:48 AM,Service Control Manager,7036,None,The Google Update Service (gupdate) service entered the stopped state.
Information,12/2/2016 6:20:48 AM,Service Control Manager,7036,None,The Google Update Service (gupdate) service entered the running state.
Information,12/2/2016 6:18:46 AM,Service Control Manager,7036,None,The Software Protection service entered the stopped state.
Information,12/2/2016 6:18:39 AM,Service Control Manager,7036,None,The WinHTTP Web Proxy Auto-Discovery Service service entered the running state.
Information,12/2/2016 6:18:39 AM,Service Control Manager,7036,None,The Windows Update service entered the running state.
Information,12/2/2016 6:18:16 AM,Service Control Manager,7036,None,The Software Protection service entered the running state.
Information,12/2/2016 5:48:46 AM,Service Control Manager,7036,None,The Software Protection service entered the stopped state.
Information,12/2/2016 5:48:16 AM,Service Control Manager,7036,None,The Software Protection service entered the running state.
Information,12/2/2016 5:18:46 AM,Service Control Manager,7036,None,The Software Protection service entered the stopped state.
Information,12/2/2016 5:18:16 AM,Service Control Manager,7036,None,The Software Protection service entered the running state.
Information,12/2/2016 4:58:19 AM,Service Control Manager,7036,None,The WinHTTP Web Proxy Auto-Discovery Service service entered the stopped state.
Information,12/2/2016 4:48:46 AM,Service Control Manager,7036,None,The Software Protection service entered the stopped state.
Information,12/2/2016 4:48:15 AM,Service Control Manager,7036,None,The Software Protection service entered the running state.
Information,12/2/2016 4:41:20 AM,Service Control Manager,7036,None,The Windows Update service entered the stopped state.
Information,12/2/2016 4:31:19 AM,Service Control Manager,7036,None,The WinHTTP Web Proxy Auto-Discovery Service service entered the running state.
Information,12/2/2016 4:31:19 AM,Service Control Manager,7036,None,The Windows Update service entered the running state.
Information,12/2/2016 4:18:46 AM,Service Control Manager,7036,None,The Software Protection service entered the stopped state.
Information,12/2/2016 4:18:15 AM,Service Control Manager,7036,None,The Software Protection service entered the running state.
Information,12/2/2016 3:50:18 AM,Service Control Manager,7036,None,The WinHTTP Web Proxy Auto-Discovery Service service entered the stopped state.
Information,12/2/2016 3:48:45 AM,Service Control Manager,7036,None,The Software Protection service entered the stopped state.
Information,12/2/2016 3:48:15 AM,Service Control Manager,7036,None,The Software Protection service entered the running state.
Information,12/2/2016 3:38:52 AM,Service Control Manager,7036,None,The Windows Update service entered the stopped state.
Information,12/2/2016 3:31:51 AM,Service Control Manager,7036,None,The Application Experience service entered the stopped state.
Information,12/2/2016 3:31:02 AM,Service Control Manager,7036,None,The Microsoft Software Shadow Copy Provider service entered the stopped state.
Information,12/2/2016 3:30:50 AM,Service Control Manager,7036,None,The Windows Modules Installer service entered the stopped state.
Information,12/2/2016 3:28:02 AM,Service Control Manager,7036,None,The Volume Shadow Copy service entered the stopped state.
Information,12/2/2016 3:25:12 AM,Microsoft-Windows-WindowsUpdateClient,22,Automatic Updates,"Restart Required: To complete the installation of the following updates, the computer will be restarted within 15 minutes: 
- Security Update for Microsoft .NET Framework 3.5 on Windows 8.1 and Windows Server 2012 R2 for x64 (KB3142026)
- Security Update for Microsoft .NET Framework 3.5 on Windows 8.1 and Windows Server 2012 R2 for x64-based Systems (KB2978122)
- Security Update for Microsoft .NET Framework 3.5 on Windows 8.1 and Windows Server 2012 R2 for x64-based Systems (KB3037576)
- Security Update for Microsoft .NET Framework 3.5 on Windows 8.1 and Windows Server 2012 R2 for x64 (KB3135985)
- Security Update for Microsoft .NET Framework 3.5 on Windows 8.1 and Windows Server 2012 R2 for x64 (KB3127222)
- Security Update for Microsoft .NET Framework 3.5 on Windows 8.1 and Windows Server 2012 R2 for x64-based Systems (KB2968296)
- Security Update for Microsoft .NET Framework 3.5 on Windows 8.1 and Windows Server 2012 R2 for x64-based Systems (KB3074545)
- Security Update for Microsoft .NET Framework 3.5 on Windows 8.1 and Windows Server 2012 R2 for x64-based Systems (KB2966828)
- Security Update for Microsoft .NET Framework 3.5 on Windows 8.1 and Windows Server 2012 R2 for x64 (KB3163247)
- Security Update for Microsoft .NET Framework 3.5 on Windows 8.1 and Windows Server 2012 R2 for x64-based Systems (KB2973114)
- Security Update for Microsoft .NET Framework 3.5 on Windows 8.1 and Windows Server 2012 R2 for x64-based Systems (KB2894852)
- Security Update for Microsoft .NET Framework 3.5 on Windows 8.1 and Windows Server 2012 R2 for x64 (KB3122651)
- Security Update for Microsoft .NET Framework 3.5 on Windows 8.1 and Windows Server 2012 R2 for x64-based Systems (KB2966826)
- Security Update for Microsoft .NET Framework 3.5 on Windows 8.1 and Windows Server 2012 R2 for x64-based Systems (KB2972103)
- Security Update for Microsoft .NET Framework 3.5 on Windows 8.1 and Windows Server 2012 R2 for x64-based Systems (KB3097992)
- Security Update for Microsoft .NET Framework 3.5 on Windows 8.1 and Windows Server 2012 R2 for x64-based Systems (KB3023219)
- October, 2016 Security and Quality Rollup for .NET Framework 3.5 on Windows 8.1 and Windows Server 2012 R2 for x64 (KB3188743)
- Security Update for Microsoft .NET Framework 3.5 on Windows 8.1 and Windows Server 2012 R2 for x64-based Systems (KB3072307)
- Security Update for Microsoft .NET Framework 3.5 on Windows 8.1 and Windows Server 2012 R2 for x64-based Systems (KB2972213)"
Information,12/2/2016 3:25:06 AM,Microsoft-Windows-WindowsUpdateClient,43,Windows Update Agent,Installation Started: Windows has started installing the following update: Security Update for Microsoft .NET Framework 3.5 on Windows 8.1 and Windows Server 2012 R2 for x64-based Systems (KB2972213)
Information,12/2/2016 3:25:06 AM,Microsoft-Windows-WindowsUpdateClient,19,Windows Update Agent,Installation Successful: Windows successfully installed the following update: Security Update for Microsoft .NET Framework 3.5 on Windows 8.1 and Windows Server 2012 R2 for x64-based Systems (KB3072307)
Information,12/2/2016 3:25:04 AM,Service Control Manager,7036,None,The Optimize drives service entered the stopped state.
Information,12/2/2016 3:24:58 AM,Microsoft-Windows-WindowsUpdateClient,43,Windows Update Agent,Installation Started: Windows has started installing the following update: Security Update for Microsoft .NET Framework 3.5 on Windows 8.1 and Windows Server 2012 R2 for x64-based Systems (KB3072307)
Information,12/2/2016 3:24:58 AM,Microsoft-Windows-WindowsUpdateClient,19,Windows Update Agent,"Installation Successful: Windows successfully installed the following update: October, 2016 Security and Quality Rollup for .NET Framework 3.5 on Windows 8.1 and Windows Server 2012 R2 for x64 (KB3188743)"
Information,12/2/2016 3:24:11 AM,Microsoft-Windows-WindowsUpdateClient,43,Windows Update Agent,"Installation Started: Windows has started installing the following update: October, 2016 Security and Quality Rollup for .NET Framework 3.5 on Windows 8.1 and Windows Server 2012 R2 for x64 (KB3188743)"
Information,12/2/2016 3:24:11 AM,Microsoft-Windows-WindowsUpdateClient,19,Windows Update Agent,Installation Successful: Windows successfully installed the following update: Security Update for Microsoft .NET Framework 3.5 on Windows 8.1 and Windows Server 2012 R2 for x64-based Systems (KB3023219)
Information,12/2/2016 3:24:01 AM,Microsoft-Windows-WindowsUpdateClient,43,Windows Update Agent,Installation Started: Windows has started installing the following update: Security Update for Microsoft .NET Framework 3.5 on Windows 8.1 and Windows Server 2012 R2 for x64-based Systems (KB3023219)
Information,12/2/2016 3:24:01 AM,Microsoft-Windows-WindowsUpdateClient,19,Windows Update Agent,Installation Successful: Windows successfully installed the following update: Security Update for Microsoft .NET Framework 3.5 on Windows 8.1 and Windows Server 2012 R2 for x64-based Systems (KB3097992)
Information,12/2/2016 3:23:51 AM,Microsoft-Windows-WindowsUpdateClient,43,Windows Update Agent,Installation Started: Windows has started installing the following update: Security Update for Microsoft .NET Framework 3.5 on Windows 8.1 and Windows Server 2012 R2 for x64-based Systems (KB3097992)
Information,12/2/2016 3:23:51 AM,Microsoft-Windows-WindowsUpdateClient,19,Windows Update Agent,Installation Successful: Windows successfully installed the following update: Security Update for Microsoft .NET Framework 3.5 on Windows 8.1 and Windows Server 2012 R2 for x64-based Systems (KB2972103)
Information,12/2/2016 3:23:51 AM,Microsoft-Windows-WindowsUpdateClient,43,Windows Update Agent,Installation Started: Windows has started installing the following update: Security Update for Microsoft .NET Framework 3.5 on Windows 8.1 and Windows Server 2012 R2 for x64-based Systems (KB2972103)
Information,12/2/2016 3:23:48 AM,Service Control Manager,7036,None,The Windows Error Reporting Service service entered the stopped state.
Information,12/2/2016 3:23:27 AM,Microsoft-Windows-WindowsUpdateClient,43,Windows Update Agent,Installation Started: Windows has started installing the following update: Security Update for Microsoft .NET Framework 3.5 on Windows 8.1 and Windows Server 2012 R2 for x64-based Systems (KB2966826)
Information,12/2/2016 3:23:27 AM,Microsoft-Windows-WindowsUpdateClient,19,Windows Update Agent,Installation Successful: Windows successfully installed the following update: Security Update for Microsoft .NET Framework 3.5 on Windows 8.1 and Windows Server 2012 R2 for x64 (KB3122651)
Information,12/2/2016 3:23:23 AM,Service Control Manager,7040,None,The start type of the Windows Modules Installer service was changed from demand start to auto start.
Information,12/2/2016 3:23:22 AM,Service Control Manager,7040,None,The start type of the Windows Modules Installer service was changed from auto start to demand start.
Information,12/2/2016 3:23:16 AM,Microsoft-Windows-WindowsUpdateClient,43,Windows Update Agent,Installation Started: Windows has started installing the following update: Security Update for Microsoft .NET Framework 3.5 on Windows 8.1 and Windows Server 2012 R2 for x64 (KB3122651)
Information,12/2/2016 3:23:16 AM,Microsoft-Windows-WindowsUpdateClient,19,Windows Update Agent,Installation Successful: Windows successfully installed the following update: Security Update for Microsoft .NET Framework 3.5 on Windows 8.1 and Windows Server 2012 R2 for x64-based Systems (KB2894852)
Information,12/2/2016 3:23:11 AM,Service Control Manager,7040,None,The start type of the Windows Modules Installer service was changed from demand start to auto start.
Information,12/2/2016 3:23:11 AM,Microsoft-Windows-WindowsUpdateClient,43,Windows Update Agent,Installation Started: Windows has started installing the following update: Security Update for Microsoft .NET Framework 3.5 on Windows 8.1 and Windows Server 2012 R2 for x64-based Systems (KB2894852)
Information,12/2/2016 3:23:11 AM,Microsoft-Windows-WindowsUpdateClient,19,Windows Update Agent,Installation Successful: Windows successfully installed the following update: Security Update for Microsoft .NET Framework 3.5 on Windows 8.1 and Windows Server 2012 R2 for x64-based Systems (KB2973114)
Information,12/2/2016 3:23:11 AM,Service Control Manager,7040,None,The start type of the Windows Modules Installer service was changed from auto start to demand start.
Information,12/2/2016 3:23:06 AM,Service Control Manager,7040,None,The start type of the Windows Modules Installer service was changed from demand start to auto start.
Information,12/2/2016 3:23:06 AM,Microsoft-Windows-WindowsUpdateClient,43,Windows Update Agent,Installation Started: Windows has started installing the following update: Security Update for Microsoft .NET Framework 3.5 on Windows 8.1 and Windows Server 2012 R2 for x64-based Systems (KB2973114)
Information,12/2/2016 3:23:06 AM,Microsoft-Windows-WindowsUpdateClient,19,Windows Update Agent,Installation Successful: Windows successfully installed the following update: Security Update for Microsoft .NET Framework 3.5 on Windows 8.1 and Windows Server 2012 R2 for x64 (KB3163247)
Information,12/2/2016 3:23:06 AM,Service Control Manager,7040,None,The start type of the Windows Modules Installer service was changed from auto start to demand start.
Information,12/2/2016 3:23:02 AM,Service Control Manager,7040,None,The start type of the Windows Modules Installer service was changed from demand start to auto start.
Information,12/2/2016 3:23:01 AM,Service Control Manager,7040,None,The start type of the Windows Modules Installer service was changed from auto start to demand start.
Information,12/2/2016 3:22:59 AM,Microsoft-Windows-WindowsUpdateClient,43,Windows Update Agent,Installation Started: Windows has started installing the following update: Security Update for Microsoft .NET Framework 3.5 on Windows 8.1 and Windows Server 2012 R2 for x64 (KB3163247)
Information,12/2/2016 3:22:59 AM,Microsoft-Windows-WindowsUpdateClient,19,Windows Update Agent,Installation Successful: Windows successfully installed the following update: Security Update for Microsoft .NET Framework 3.5 on Windows 8.1 and Windows Server 2012 R2 for x64-based Systems (KB2966828)
Information,12/2/2016 3:22:55 AM,Service Control Manager,7040,None,The start type of the Windows Modules Installer service was changed from demand start to auto start.
Information,12/2/2016 3:22:54 AM,Service Control Manager,7040,None,The start type of the Windows Modules Installer service was changed from auto start to demand start.
Information,12/2/2016 3:22:48 AM,Microsoft-Windows-WindowsUpdateClient,43,Windows Update Agent,Installation Started: Windows has started installing the following update: Security Update for Microsoft .NET Framework 3.5 on Windows 8.1 and Windows Server 2012 R2 for x64-based Systems (KB2966828)
Information,12/2/2016 3:22:48 AM,Microsoft-Windows-WindowsUpdateClient,19,Windows Update Agent,Installation Successful: Windows successfully installed the following update: Security Update for Microsoft .NET Framework 3.5 on Windows 8.1 and Windows Server 2012 R2 for x64-based Systems (KB3074545)
Information,12/2/2016 3:22:43 AM,Service Control Manager,7040,None,The start type of the Windows Modules Installer service was changed from demand start to auto start.
Information,12/2/2016 3:22:42 AM,Service Control Manager,7040,None,The start type of the Windows Modules Installer service was changed from auto start to demand start.
Information,12/2/2016 3:22:40 AM,Microsoft-Windows-WindowsUpdateClient,43,Windows Update Agent,Installation Started: Windows has started installing the following update: Security Update for Microsoft .NET Framework 3.5 on Windows 8.1 and Windows Server 2012 R2 for x64-based Systems (KB3074545)
Information,12/2/2016 3:22:40 AM,Microsoft-Windows-WindowsUpdateClient,19,Windows Update Agent,Installation Successful: Windows successfully installed the following update: Security Update for Microsoft .NET Framework 3.5 on Windows 8.1 and Windows Server 2012 R2 for x64-based Systems (KB2968296)
Information,12/2/2016 3:22:40 AM,Microsoft-Windows-WindowsUpdateClient,43,Windows Update Agent,Installation Started: Windows has started installing the following update: Security Update for Microsoft .NET Framework 3.5 on Windows 8.1 and Windows Server 2012 R2 for x64-based Systems (KB2968296)
Information,12/2/2016 3:22:40 AM,Microsoft-Windows-WindowsUpdateClient,19,Windows Update Agent,Installation Successful: Windows successfully installed the following update: Security Update for Microsoft .NET Framework 3.5 on Windows 8.1 and Windows Server 2012 R2 for x64 (KB3127222)
Information,12/2/2016 3:22:37 AM,Service Control Manager,7040,None,The start type of the Windows Modules Installer service was changed from demand start to auto start.
Information,12/2/2016 3:22:37 AM,Service Control Manager,7040,None,The start type of the Windows Modules Installer service was changed from auto start to demand start.
Information,12/2/2016 3:22:35 AM,Service Control Manager,7040,None,The start type of the Windows Modules Installer service was changed from demand start to auto start.
Information,12/2/2016 3:22:34 AM,Service Control Manager,7040,None,The start type of the Windows Modules Installer service was changed from auto start to demand start.
Information,12/2/2016 3:22:32 AM,Service Control Manager,7036,None,The Software Protection service entered the stopped state.
Information,12/2/2016 3:22:30 AM,Microsoft-Windows-WindowsUpdateClient,43,Windows Update Agent,Installation Started: Windows has started installing the following update: Security Update for Microsoft .NET Framework 3.5 on Windows 8.1 and Windows Server 2012 R2 for x64 (KB3127222)
Information,12/2/2016 3:22:30 AM,Microsoft-Windows-WindowsUpdateClient,19,Windows Update Agent,Installation Successful: Windows successfully installed the following update: Security Update for Microsoft .NET Framework 3.5 on Windows 8.1 and Windows Server 2012 R2 for x64 (KB3135985)
Information,12/2/2016 3:22:30 AM,Microsoft-Windows-WindowsUpdateClient,43,Windows Update Agent,Installation Started: Windows has started installing the following update: Security Update for Microsoft .NET Framework 3.5 on Windows 8.1 and Windows Server 2012 R2 for x64 (KB3135985)
Information,12/2/2016 3:22:30 AM,Microsoft-Windows-WindowsUpdateClient,19,Windows Update Agent,Installation Successful: Windows successfully installed the following update: Security Update for Microsoft .NET Framework 3.5 on Windows 8.1 and Windows Server 2012 R2 for x64-based Systems (KB3037576)
Information,12/2/2016 3:22:29 AM,Service Control Manager,7040,None,The start type of the Windows Modules Installer service was changed from demand start to auto start.
Information,12/2/2016 3:22:28 AM,Service Control Manager,7040,None,The start type of the Windows Modules Installer service was changed from auto start to demand start.
Information,12/2/2016 3:22:25 AM,Service Control Manager,7040,None,The start type of the Windows Modules Installer service was changed from demand start to auto start.
Information,12/2/2016 3:22:24 AM,Service Control Manager,7040,None,The start type of the Windows Modules Installer service was changed from auto start to demand start.
Information,12/2/2016 3:22:16 AM,Microsoft-Windows-WindowsUpdateClient,43,Windows Update Agent,Installation Started: Windows has started installing the following update: Security Update for Microsoft .NET Framework 3.5 on Windows 8.1 and Windows Server 2012 R2 for x64-based Systems (KB3037576)
Information,12/2/2016 3:22:16 AM,Microsoft-Windows-WindowsUpdateClient,19,Windows Update Agent,Installation Successful: Windows successfully installed the following update: Security Update for Microsoft .NET Framework 3.5 on Windows 8.1 and Windows Server 2012 R2 for x64-based Systems (KB2978122)
Information,12/2/2016 3:22:16 AM,Microsoft-Windows-WindowsUpdateClient,43,Windows Update Agent,Installation Started: Windows has started installing the following update: Security Update for Microsoft .NET Framework 3.5 on Windows 8.1 and Windows Server 2012 R2 for x64-based Systems (KB2978122)
Information,12/2/2016 3:22:16 AM,Microsoft-Windows-WindowsUpdateClient,19,Windows Update Agent,Installation Successful: Windows successfully installed the following update: Security Update for Microsoft .NET Framework 3.5 on Windows 8.1 and Windows Server 2012 R2 for x64 (KB3142026)
Information,12/2/2016 3:22:14 AM,Service Control Manager,7040,None,The start type of the Windows Modules Installer service was changed from demand start to auto start.
Information,12/2/2016 3:22:14 AM,Service Control Manager,7040,None,The start type of the Windows Modules Installer service was changed from auto start to demand start.
Information,12/2/2016 3:22:12 AM,Service Control Manager,7040,None,The start type of the Windows Modules Installer service was changed from demand start to auto start.
Information,12/2/2016 3:22:10 AM,Service Control Manager,7036,None,The Microsoft Software Shadow Copy Provider service entered the running state.
Information,12/2/2016 3:22:10 AM,Service Control Manager,7036,None,The Volume Shadow Copy service entered the running state.
Information,12/2/2016 3:22:10 AM,Service Control Manager,7040,None,The start type of the Windows Modules Installer service was changed from auto start to demand start.
Information,12/2/2016 3:22:05 AM,Microsoft-Windows-WindowsUpdateClient,43,Windows Update Agent,Installation Started: Windows has started installing the following update: Security Update for Microsoft .NET Framework 3.5 on Windows 8.1 and Windows Server 2012 R2 for x64 (KB3142026)
Information,12/2/2016 3:22:00 AM,Service Control Manager,7040,None,The start type of the Windows Modules Installer service was changed from demand start to auto start.
Information,12/2/2016 3:22:00 AM,Service Control Manager,7036,None,The Software Protection service entered the running state.
Information,12/2/2016 3:21:59 AM,Service Control Manager,7036,None,The Optimize drives service entered the running state.
Information,12/2/2016 3:21:51 AM,Service Control Manager,7036,None,The Windows Modules Installer service entered the running state.
Information,12/2/2016 3:21:51 AM,Service Control Manager,7036,None,The Application Experience service entered the running state.
Information,12/2/2016 3:21:48 AM,Service Control Manager,7036,None,The WinHTTP Web Proxy Auto-Discovery Service service entered the running state.
Information,12/2/2016 3:21:47 AM,Service Control Manager,7036,None,The Windows Error Reporting Service service entered the running state.
Information,12/2/2016 3:21:47 AM,Service Control Manager,7036,None,The Windows Update service entered the running state.
Information,12/2/2016 3:18:45 AM,Service Control Manager,7036,None,The Software Protection service entered the stopped state.
Information,12/2/2016 3:18:14 AM,Service Control Manager,7036,None,The Software Protection service entered the running state.
Information,12/2/2016 3:07:00 AM,Service Control Manager,7036,None,The WinHTTP Web Proxy Auto-Discovery Service service entered the stopped state.
Information,12/2/2016 2:50:01 AM,Service Control Manager,7036,None,The Windows Update service entered the stopped state.
Information,12/2/2016 2:48:44 AM,Service Control Manager,7036,None,The Software Protection service entered the stopped state.
Information,12/2/2016 2:48:14 AM,Service Control Manager,7036,None,The Software Protection service entered the running state.
Information,12/2/2016 2:40:00 AM,Service Control Manager,7036,None,The WinHTTP Web Proxy Auto-Discovery Service service entered the running state.
Information,12/2/2016 2:40:00 AM,Service Control Manager,7036,None,The Windows Update service entered the running state.
Information,12/2/2016 2:18:44 AM,Service Control Manager,7036,None,The Software Protection service entered the stopped state.
Information,12/2/2016 2:18:14 AM,Service Control Manager,7036,None,The Software Protection service entered the running state.
Information,12/2/2016 2:04:10 AM,Service Control Manager,7036,None,The WinHTTP Web Proxy Auto-Discovery Service service entered the stopped state.
Information,12/2/2016 1:48:44 AM,Service Control Manager,7036,None,The Software Protection service entered the stopped state.
Information,12/2/2016 1:48:14 AM,Service Control Manager,7036,None,The Software Protection service entered the running state.
Information,12/2/2016 1:45:48 AM,Service Control Manager,7036,None,The Windows Update service entered the stopped state.
Information,12/2/2016 1:35:47 AM,Service Control Manager,7036,None,The Windows Update service entered the running state.
Information,12/2/2016 1:20:40 AM,Service Control Manager,7036,None,The Google Update Service (gupdate) service entered the stopped state.
Information,12/2/2016 1:20:40 AM,Service Control Manager,7036,None,The WinHTTP Web Proxy Auto-Discovery Service service entered the running state.
Information,12/2/2016 1:20:40 AM,Service Control Manager,7036,None,The Google Update Service (gupdate) service entered the running state.
Information,12/2/2016 1:18:44 AM,Service Control Manager,7036,None,The Software Protection service entered the stopped state.
Information,12/2/2016 1:18:14 AM,Service Control Manager,7036,None,The Software Protection service entered the running state.
Error,12/2/2016 1:09:31 AM,Schannel,36888,None,A fatal alert was generated and sent to the remote endpoint. This may result in termination of the connection. The TLS protocol defined fatal error code is 40. The Windows SChannel error state is 1205.
Error,12/2/2016 1:09:31 AM,Schannel,36874,None,"An TLS 1.2 connection request was received from a remote client application, but none of the cipher suites supported by the client application are supported by the server. The SSL connection request has failed."
Information,12/2/2016 12:48:44 AM,Service Control Manager,7036,None,The Software Protection service entered the stopped state.
Information,12/2/2016 12:48:14 AM,Service Control Manager,7036,None,The Software Protection service entered the running state.
Information,12/2/2016 12:28:32 AM,Service Control Manager,7036,None,The WinHTTP Web Proxy Auto-Discovery Service service entered the stopped state.
Information,12/2/2016 12:18:44 AM,Service Control Manager,7036,None,The Software Protection service entered the stopped state.
Information,12/2/2016 12:18:13 AM,Service Control Manager,7036,None,The Software Protection service entered the running state.
Information,12/2/2016 12:10:33 AM,Service Control Manager,7036,None,The Windows Update service entered the stopped state.
Information,12/2/2016 12:00:31 AM,Service Control Manager,7036,None,The Windows Update service entered the running state.
Information,12/2/2016 12:00:02 AM,Service Control Manager,7036,None,The WinHTTP Web Proxy Auto-Discovery Service service entered the running state.
Information,12/1/2016 11:48:44 PM,Service Control Manager,7036,None,The Software Protection service entered the stopped state.
Information,12/1/2016 11:48:13 PM,Service Control Manager,7036,None,The Software Protection service entered the running state.
Information,12/1/2016 11:18:43 PM,Service Control Manager,7036,None,The Software Protection service entered the stopped state.
Information,12/1/2016 11:18:13 PM,Service Control Manager,7036,None,The Software Protection service entered the running state.
Information,12/1/2016 11:11:14 PM,Service Control Manager,7036,None,The WinHTTP Web Proxy Auto-Discovery Service service entered the stopped state.
Information,12/1/2016 11:09:03 PM,Service Control Manager,7036,None,The Smart Card Device Enumeration Service service entered the stopped state.
Information,12/1/2016 11:01:59 PM,Service Control Manager,7036,None,The Application Experience service entered the stopped state.
Information,12/1/2016 10:48:43 PM,Service Control Manager,7036,None,The Software Protection service entered the stopped state.
Information,12/1/2016 10:48:13 PM,Service Control Manager,7036,None,The Software Protection service entered the running state.
Information,12/1/2016 10:33:30 PM,Service Control Manager,7036,None,The Windows Update service entered the stopped state.
Information,12/1/2016 10:23:28 PM,Service Control Manager,7036,None,The Windows Update service entered the running state.
Information,12/1/2016 10:23:15 PM,Service Control Manager,7036,None,The Application Experience service entered the running state.
Information,12/1/2016 10:23:14 PM,Service Control Manager,7036,None,The WinHTTP Web Proxy Auto-Discovery Service service entered the running state.
Information,12/1/2016 10:19:58 PM,Service Control Manager,7036,None,The Smart Card Device Enumeration Service service entered the running state.
Information,12/1/2016 10:18:43 PM,Service Control Manager,7036,None,The Software Protection service entered the stopped state.
Information,12/1/2016 10:18:13 PM,Service Control Manager,7036,None,The Software Protection service entered the running state.
Information,12/1/2016 9:52:16 PM,Service Control Manager,7036,None,The WinHTTP Web Proxy Auto-Discovery Service service entered the stopped state.
Information,12/1/2016 9:48:43 PM,Service Control Manager,7036,None,The Software Protection service entered the stopped state.
Information,12/1/2016 9:48:13 PM,Service Control Manager,7036,None,The Software Protection service entered the running state.
Information,12/1/2016 9:35:47 PM,Service Control Manager,7036,None,The Windows Update service entered the stopped state.
Information,12/1/2016 9:30:01 PM,Service Control Manager,7036,None,The Application Experience service entered the stopped state.
Information,12/1/2016 9:26:46 PM,Service Control Manager,7036,None,The Smart Card Device Enumeration Service service entered the stopped state.
Information,12/1/2016 9:25:09 PM,Service Control Manager,7036,None,The Windows Update service entered the running state.
Information,12/1/2016 9:22:06 PM,Service Control Manager,7036,None,The Windows Modules Installer service entered the stopped state.
Information,12/1/2016 9:20:01 PM,Service Control Manager,7036,None,The Windows Modules Installer service entered the running state.
Information,12/1/2016 9:20:01 PM,Service Control Manager,7036,None,The Application Experience service entered the running state.
Information,12/1/2016 9:18:43 PM,Service Control Manager,7036,None,The Software Protection service entered the stopped state.
Information,12/1/2016 9:18:12 PM,Service Control Manager,7036,None,The Software Protection service entered the running state.
Information,12/1/2016 9:17:07 PM,Service Control Manager,7040,None,The start type of the Background Intelligent Transfer Service service was changed from auto start to demand start.
Information,12/1/2016 9:04:38 PM,Service Control Manager,7036,None,The Application Experience service entered the stopped state.
Information,12/1/2016 8:48:43 PM,Service Control Manager,7036,None,The Software Protection service entered the stopped state.
Information,12/1/2016 8:48:12 PM,Service Control Manager,7036,None,The Software Protection service entered the running state.
Information,12/1/2016 8:45:16 PM,Service Control Manager,7036,None,The FreeSSHDService service entered the stopped state.
Information,12/1/2016 8:41:39 PM,Service Control Manager,7036,None,The FreeSSHDService service entered the running state.
Error,12/1/2016 8:41:38 PM,Service Control Manager,7030,None,"The FreeSSHDService service is marked as an interactive service.  However, the system is configured to not allow interactive services.  This service may not function properly."
Information,12/1/2016 8:41:38 PM,Service Control Manager,7045,None,"A service was installed in the system.

Service Name:  FreeSSHDService
Service File Name:  C:\Program Files (x86)\freeSSHd\FreeSSHDService.exe
Service Type:  user mode service
Service Start Type:  demand start
Service Account:  LocalSystem"
Information,12/1/2016 8:41:06 PM,Service Control Manager,7036,None,The Application Experience service entered the running state.
Information,12/1/2016 8:38:35 PM,Service Control Manager,7036,None,The Application Experience service entered the stopped state.
Information,12/1/2016 8:35:38 PM,Service Control Manager,7036,None,The Device Setup Manager service entered the stopped state.
Information,12/1/2016 8:34:25 PM,Service Control Manager,7036,None,The Windows Update service entered the stopped state.
Information,12/1/2016 8:33:38 PM,Service Control Manager,7036,None,The Device Setup Manager service entered the running state.
Information,12/1/2016 8:33:35 PM,Service Control Manager,7036,None,The Windows Audio service entered the running state.
Information,12/1/2016 8:33:35 PM,Service Control Manager,7040,None,The start type of the Beep service was changed from demand start to system start.
Information,12/1/2016 8:33:35 PM,Service Control Manager,7036,None,The Windows Audio Endpoint Builder service entered the running state.
Information,12/1/2016 8:33:35 PM,Service Control Manager,7036,None,The Multimedia Class Scheduler service entered the running state.
Information,12/1/2016 8:33:34 PM,Service Control Manager,7040,None,The start type of the Windows Audio service was changed from demand start to auto start.
Information,12/1/2016 8:26:22 PM,Service Control Manager,7036,None,The Windows Modules Installer service entered the stopped state.
Information,12/1/2016 8:25:00 PM,Service Control Manager,7036,None,The Windows Installer service entered the stopped state.
Information,12/1/2016 8:24:23 PM,Microsoft-Windows-WindowsUpdateClient,17,Automatic Updates,"Installation Ready: The following updates are downloaded and ready for installation: 
- Security Update for Microsoft .NET Framework 3.5 on Windows 8.1 and Windows Server 2012 R2 for x64 (KB3142026)
- Security Update for Microsoft .NET Framework 3.5 on Windows 8.1 and Windows Server 2012 R2 for x64-based Systems (KB2978122)
- Security Update for Microsoft .NET Framework 3.5 on Windows 8.1 and Windows Server 2012 R2 for x64-based Systems (KB3037576)
- Security Update for Microsoft .NET Framework 3.5 on Windows 8.1 and Windows Server 2012 R2 for x64 (KB3135985)
- Security Update for Microsoft .NET Framework 3.5 on Windows 8.1 and Windows Server 2012 R2 for x64 (KB3127222)
- Security Update for Microsoft .NET Framework 3.5 on Windows 8.1 and Windows Server 2012 R2 for x64-based Systems (KB2968296)
- Security Update for Microsoft .NET Framework 3.5 on Windows 8.1 and Windows Server 2012 R2 for x64-based Systems (KB3074545)
- Security Update for Microsoft .NET Framework 3.5 on Windows 8.1 and Windows Server 2012 R2 for x64-based Systems (KB2966828)
- Security Update for Microsoft .NET Framework 3.5 on Windows 8.1 and Windows Server 2012 R2 for x64 (KB3163247)
- Security Update for Microsoft .NET Framework 3.5 on Windows 8.1 and Windows Server 2012 R2 for x64-based Systems (KB2973114)
- Security Update for Microsoft .NET Framework 3.5 on Windows 8.1 and Windows Server 2012 R2 for x64-based Systems (KB2894852)
- Security Update for Microsoft .NET Framework 3.5 on Windows 8.1 and Windows Server 2012 R2 for x64 (KB3122651)
- Security Update for Microsoft .NET Framework 3.5 on Windows 8.1 and Windows Server 2012 R2 for x64-based Systems (KB2966826)
- Security Update for Microsoft .NET Framework 3.5 on Windows 8.1 and Windows Server 2012 R2 for x64-based Systems (KB2972103)
- Security Update for Microsoft .NET Framework 3.5 on Windows 8.1 and Windows Server 2012 R2 for x64-based Systems (KB3097992)
- Security Update for Microsoft .NET Framework 3.5 on Windows 8.1 and Windows Server 2012 R2 for x64-based Systems (KB3023219)
- October, 2016 Security and Quality Rollup for .NET Framework 3.5 on Windows 8.1 and Windows Server 2012 R2 for x64 (KB3188743)
- Security Update for Microsoft .NET Framework 3.5 on Windows 8.1 and Windows Server 2012 R2 for x64-based Systems (KB3072307)
- Security Update for Microsoft .NET Framework 3.5 on Windows 8.1 and Windows Server 2012 R2 for x64-based Systems (KB2972213)"
Information,12/1/2016 8:24:23 PM,Microsoft-Windows-WindowsUpdateClient,17,Automatic Updates,"Installation Ready: The following updates are downloaded and ready for installation: 
- Security Update for Microsoft .NET Framework 3.5 on Windows 8.1 and Windows Server 2012 R2 for x64 (KB3142026)
- Security Update for Microsoft .NET Framework 3.5 on Windows 8.1 and Windows Server 2012 R2 for x64-based Systems (KB2978122)
- Security Update for Microsoft .NET Framework 3.5 on Windows 8.1 and Windows Server 2012 R2 for x64-based Systems (KB3037576)
- Security Update for Microsoft .NET Framework 3.5 on Windows 8.1 and Windows Server 2012 R2 for x64 (KB3135985)
- Security Update for Microsoft .NET Framework 3.5 on Windows 8.1 and Windows Server 2012 R2 for x64 (KB3127222)
- Security Update for Microsoft .NET Framework 3.5 on Windows 8.1 and Windows Server 2012 R2 for x64-based Systems (KB2968296)
- Security Update for Microsoft .NET Framework 3.5 on Windows 8.1 and Windows Server 2012 R2 for x64-based Systems (KB3074545)
- Security Update for Microsoft .NET Framework 3.5 on Windows 8.1 and Windows Server 2012 R2 for x64-based Systems (KB2966828)
- Security Update for Microsoft .NET Framework 3.5 on Windows 8.1 and Windows Server 2012 R2 for x64 (KB3163247)
- Security Update for Microsoft .NET Framework 3.5 on Windows 8.1 and Windows Server 2012 R2 for x64-based Systems (KB2973114)
- Security Update for Microsoft .NET Framework 3.5 on Windows 8.1 and Windows Server 2012 R2 for x64-based Systems (KB2894852)
- Security Update for Microsoft .NET Framework 3.5 on Windows 8.1 and Windows Server 2012 R2 for x64 (KB3122651)
- Security Update for Microsoft .NET Framework 3.5 on Windows 8.1 and Windows Server 2012 R2 for x64-based Systems (KB2966826)
- Security Update for Microsoft .NET Framework 3.5 on Windows 8.1 and Windows Server 2012 R2 for x64-based Systems (KB2972103)
- Security Update for Microsoft .NET Framework 3.5 on Windows 8.1 and Windows Server 2012 R2 for x64-based Systems (KB3097992)
- Security Update for Microsoft .NET Framework 3.5 on Windows 8.1 and Windows Server 2012 R2 for x64-based Systems (KB3023219)
- October, 2016 Security and Quality Rollup for .NET Framework 3.5 on Windows 8.1 and Windows Server 2012 R2 for x64 (KB3188743)
- Security Update for Microsoft .NET Framework 3.5 on Windows 8.1 and Windows Server 2012 R2 for x64-based Systems (KB3072307)"
