Information,11/19/2016 9:34:48 AM,Service Control Manager,7036,None,The DNS Client service entered the running state.
Information,11/19/2016 9:34:48 AM,Service Control Manager,7036,None,The WinHTTP Web Proxy Auto-Discovery Service service entered the running state.
Information,11/19/2016 9:10:00 AM,Service Control Manager,7036,None,The Software Protection service entered the stopped state.
Information,11/19/2016 9:09:30 AM,Service Control Manager,7036,None,The Software Protection service entered the running state.
Information,11/19/2016 9:00:00 AM,Service Control Manager,7036,None,The DNS Client service entered the stopped state.
Information,11/19/2016 8:51:00 AM,Service Control Manager,7036,None,The WinHTTP Web Proxy Auto-Discovery Service service entered the stopped state.
Information,11/19/2016 8:40:00 AM,Service Control Manager,7036,None,The Software Protection service entered the stopped state.
Information,11/19/2016 8:39:30 AM,Service Control Manager,7036,None,The Software Protection service entered the running state.
Information,11/19/2016 8:10:00 AM,Service Control Manager,7036,None,The Software Protection service entered the stopped state.
Information,11/19/2016 8:09:30 AM,Service Control Manager,7036,None,The Software Protection service entered the running state.
Information,11/19/2016 8:00:00 AM,Service Control Manager,7036,None,The DNS Client service entered the running state.
Information,11/19/2016 8:00:00 AM,Service Control Manager,7036,None,The WinHTTP Web Proxy Auto-Discovery Service service entered the running state.
Information,11/19/2016 7:43:47 AM,Service Control Manager,7036,None,The DNS Client service entered the stopped state.
Information,11/19/2016 7:40:00 AM,Service Control Manager,7036,None,The Software Protection service entered the stopped state.
Information,11/19/2016 7:39:29 AM,Service Control Manager,7036,None,The Software Protection service entered the running state.
Information,11/19/2016 7:30:48 AM,Service Control Manager,7036,None,The WinHTTP Web Proxy Auto-Discovery Service service entered the stopped state.
Information,11/19/2016 7:10:00 AM,Service Control Manager,7036,None,The Software Protection service entered the stopped state.
Information,11/19/2016 7:09:29 AM,Service Control Manager,7036,None,The Software Protection service entered the running state.
Information,11/19/2016 7:03:47 AM,Service Control Manager,7036,None,The DNS Client service entered the running state.
Information,11/19/2016 7:03:47 AM,Service Control Manager,7036,None,The WinHTTP Web Proxy Auto-Discovery Service service entered the running state.
Information,11/19/2016 6:39:59 AM,Service Control Manager,7036,None,The Software Protection service entered the stopped state.
Information,11/19/2016 6:39:29 AM,Service Control Manager,7036,None,The Software Protection service entered the running state.
Information,11/19/2016 6:09:59 AM,Service Control Manager,7036,None,The Software Protection service entered the stopped state.
Information,11/19/2016 6:09:29 AM,Service Control Manager,7036,None,The Software Protection service entered the running state.
Information,11/19/2016 5:51:47 AM,Service Control Manager,7036,None,The DNS Client service entered the stopped state.
Information,11/19/2016 5:39:59 AM,Service Control Manager,7036,None,The Software Protection service entered the stopped state.
Information,11/19/2016 5:39:29 AM,Service Control Manager,7036,None,The Software Protection service entered the running state.
Information,11/19/2016 5:38:47 AM,Service Control Manager,7036,None,The WinHTTP Web Proxy Auto-Discovery Service service entered the stopped state.
Information,11/19/2016 5:11:47 AM,Service Control Manager,7036,None,The DNS Client service entered the running state.
Information,11/19/2016 5:11:47 AM,Service Control Manager,7036,None,The WinHTTP Web Proxy Auto-Discovery Service service entered the running state.
Information,11/19/2016 5:11:12 AM,Service Control Manager,7036,None,The Windows Modules Installer service entered the stopped state.
Information,11/19/2016 5:09:59 AM,Service Control Manager,7036,None,The Software Protection service entered the stopped state.
Information,11/19/2016 5:09:29 AM,Service Control Manager,7036,None,The Software Protection service entered the running state.
Information,11/19/2016 5:09:12 AM,Service Control Manager,7036,None,The Windows Modules Installer service entered the running state.
Information,11/19/2016 4:39:59 AM,Service Control Manager,7036,None,The Software Protection service entered the stopped state.
Information,11/19/2016 4:39:29 AM,Service Control Manager,7036,None,The Software Protection service entered the running state.
Information,11/19/2016 4:18:47 AM,Service Control Manager,7036,None,The DNS Client service entered the stopped state.
Information,11/19/2016 4:09:59 AM,Service Control Manager,7036,None,The Software Protection service entered the stopped state.
Information,11/19/2016 4:09:28 AM,Service Control Manager,7036,None,The Software Protection service entered the running state.
Information,11/19/2016 4:05:47 AM,Service Control Manager,7036,None,The WinHTTP Web Proxy Auto-Discovery Service service entered the stopped state.
Information,11/19/2016 4:00:00 AM,EventLog,6013,None,The system uptime is 1940038 seconds.
Information,11/19/2016 3:39:59 AM,Service Control Manager,7036,None,The Software Protection service entered the stopped state.
Information,11/19/2016 3:39:28 AM,Service Control Manager,7036,None,The Software Protection service entered the running state.
Information,11/19/2016 3:38:47 AM,Service Control Manager,7036,None,The DNS Client service entered the running state.
Information,11/19/2016 3:38:47 AM,Service Control Manager,7036,None,The WinHTTP Web Proxy Auto-Discovery Service service entered the running state.
Information,11/19/2016 3:09:58 AM,Service Control Manager,7036,None,The Software Protection service entered the stopped state.
Information,11/19/2016 3:09:28 AM,Service Control Manager,7036,None,The Software Protection service entered the running state.
Information,11/19/2016 3:05:47 AM,Service Control Manager,7036,None,The DNS Client service entered the stopped state.
Information,11/19/2016 2:52:47 AM,Service Control Manager,7036,None,The WinHTTP Web Proxy Auto-Discovery Service service entered the stopped state.
Information,11/19/2016 2:39:58 AM,Service Control Manager,7036,None,The Software Protection service entered the stopped state.
Information,11/19/2016 2:39:28 AM,Service Control Manager,7036,None,The Software Protection service entered the running state.
Information,11/19/2016 2:25:47 AM,Service Control Manager,7036,None,The DNS Client service entered the running state.
Information,11/19/2016 2:25:47 AM,Service Control Manager,7036,None,The WinHTTP Web Proxy Auto-Discovery Service service entered the running state.
Information,11/19/2016 2:09:58 AM,Service Control Manager,7036,None,The Software Protection service entered the stopped state.
Information,11/19/2016 2:09:28 AM,Service Control Manager,7036,None,The Software Protection service entered the running state.
Information,11/19/2016 1:39:58 AM,Service Control Manager,7036,None,The Software Protection service entered the stopped state.
Information,11/19/2016 1:39:28 AM,Service Control Manager,7036,None,The Software Protection service entered the running state.
Information,11/19/2016 1:22:46 AM,Service Control Manager,7036,None,The DNS Client service entered the stopped state.
Information,11/19/2016 1:09:58 AM,Service Control Manager,7036,None,The Software Protection service entered the stopped state.
Information,11/19/2016 1:09:46 AM,Service Control Manager,7036,None,The WinHTTP Web Proxy Auto-Discovery Service service entered the stopped state.
Information,11/19/2016 1:09:28 AM,Service Control Manager,7036,None,The Software Protection service entered the running state.
Information,11/19/2016 12:42:46 AM,Service Control Manager,7036,None,The DNS Client service entered the running state.
Information,11/19/2016 12:42:46 AM,Service Control Manager,7036,None,The WinHTTP Web Proxy Auto-Discovery Service service entered the running state.
Information,11/19/2016 12:39:58 AM,Service Control Manager,7036,None,The Software Protection service entered the stopped state.
Information,11/19/2016 12:39:27 AM,Service Control Manager,7036,None,The Software Protection service entered the running state.
Information,11/19/2016 12:15:46 AM,Service Control Manager,7036,None,The DNS Client service entered the stopped state.
Information,11/19/2016 12:09:58 AM,Service Control Manager,7036,None,The Software Protection service entered the stopped state.
Information,11/19/2016 12:09:27 AM,Service Control Manager,7036,None,The Software Protection service entered the running state.
Information,11/19/2016 12:02:46 AM,Service Control Manager,7036,None,The WinHTTP Web Proxy Auto-Discovery Service service entered the stopped state.
Information,11/18/2016 11:39:57 PM,Service Control Manager,7036,None,The Software Protection service entered the stopped state.
Information,11/18/2016 11:39:27 PM,Service Control Manager,7036,None,The Software Protection service entered the running state.
Information,11/18/2016 11:35:46 PM,Service Control Manager,7036,None,The DNS Client service entered the running state.
Information,11/18/2016 11:35:46 PM,Service Control Manager,7036,None,The WinHTTP Web Proxy Auto-Discovery Service service entered the running state.
Information,11/18/2016 11:09:57 PM,Service Control Manager,7036,None,The Software Protection service entered the stopped state.
Information,11/18/2016 11:09:27 PM,Service Control Manager,7036,None,The Software Protection service entered the running state.
Information,11/18/2016 10:39:57 PM,Service Control Manager,7036,None,The Software Protection service entered the stopped state.
Information,11/18/2016 10:39:27 PM,Service Control Manager,7036,None,The Software Protection service entered the running state.
Information,11/18/2016 10:18:46 PM,Service Control Manager,7036,None,The DNS Client service entered the stopped state.
Information,11/18/2016 10:09:57 PM,Service Control Manager,7036,None,The Software Protection service entered the stopped state.
Information,11/18/2016 10:09:27 PM,Service Control Manager,7036,None,The Software Protection service entered the running state.
Information,11/18/2016 10:05:46 PM,Service Control Manager,7036,None,The WinHTTP Web Proxy Auto-Discovery Service service entered the stopped state.
Information,11/18/2016 9:59:12 PM,Service Control Manager,7036,None,The Windows Modules Installer service entered the stopped state.
Information,11/18/2016 9:59:11 PM,Service Control Manager,7036,None,The Windows Error Reporting Service service entered the stopped state.
Information,11/18/2016 9:57:12 PM,Service Control Manager,7036,None,The Windows Modules Installer service entered the running state.
Information,11/18/2016 9:57:11 PM,Service Control Manager,7036,None,The Windows Error Reporting Service service entered the running state.
Information,11/18/2016 9:57:11 PM,Microsoft-Windows-Kernel-General,16,None,The access history in hive \??\C:\Windows\AppCompat\Programs\Amcache.hve was cleared updating 384 keys and creating 28 modified pages.
Information,11/18/2016 9:39:57 PM,Service Control Manager,7036,None,The Software Protection service entered the stopped state.
Information,11/18/2016 9:39:27 PM,Service Control Manager,7036,None,The Software Protection service entered the running state.
Information,11/18/2016 9:38:46 PM,Service Control Manager,7036,None,The DNS Client service entered the running state.
Information,11/18/2016 9:38:46 PM,Service Control Manager,7036,None,The WinHTTP Web Proxy Auto-Discovery Service service entered the running state.
Information,11/18/2016 9:09:57 PM,Service Control Manager,7036,None,The Software Protection service entered the stopped state.
Information,11/18/2016 9:09:26 PM,Service Control Manager,7036,None,The Software Protection service entered the running state.
Information,11/18/2016 8:39:57 PM,Service Control Manager,7036,None,The Software Protection service entered the stopped state.
Information,11/18/2016 8:39:26 PM,Service Control Manager,7036,None,The Software Protection service entered the running state.
Information,11/18/2016 8:30:46 PM,Service Control Manager,7036,None,The DNS Client service entered the stopped state.
Information,11/18/2016 8:19:16 PM,Service Control Manager,7036,None,The WinHTTP Web Proxy Auto-Discovery Service service entered the stopped state.
Information,11/18/2016 8:09:56 PM,Service Control Manager,7036,None,The Software Protection service entered the stopped state.
Information,11/18/2016 8:09:26 PM,Service Control Manager,7036,None,The Software Protection service entered the running state.
Information,11/18/2016 7:50:46 PM,Service Control Manager,7036,None,The DNS Client service entered the running state.
Information,11/18/2016 7:50:46 PM,Service Control Manager,7036,None,The WinHTTP Web Proxy Auto-Discovery Service service entered the running state.
Information,11/18/2016 7:39:56 PM,Service Control Manager,7036,None,The Software Protection service entered the stopped state.
Information,11/18/2016 7:39:26 PM,Service Control Manager,7036,None,The Software Protection service entered the running state.
Information,11/18/2016 7:09:56 PM,Service Control Manager,7036,None,The Software Protection service entered the stopped state.
Information,11/18/2016 7:09:26 PM,Service Control Manager,7036,None,The Software Protection service entered the running state.
Information,11/18/2016 6:49:46 PM,Service Control Manager,7036,None,The DNS Client service entered the stopped state.
Information,11/18/2016 6:39:56 PM,Service Control Manager,7036,None,The Software Protection service entered the stopped state.
Information,11/18/2016 6:39:26 PM,Service Control Manager,7036,None,The Software Protection service entered the running state.
Information,11/18/2016 6:36:46 PM,Service Control Manager,7036,None,The WinHTTP Web Proxy Auto-Discovery Service service entered the stopped state.
Information,11/18/2016 6:09:56 PM,Service Control Manager,7036,None,The Software Protection service entered the stopped state.
Information,11/18/2016 6:09:46 PM,Service Control Manager,7036,None,The DNS Client service entered the running state.
Information,11/18/2016 6:09:46 PM,Service Control Manager,7036,None,The WinHTTP Web Proxy Auto-Discovery Service service entered the running state.
Information,11/18/2016 6:09:26 PM,Service Control Manager,7036,None,The Software Protection service entered the running state.
Information,11/18/2016 5:39:56 PM,Service Control Manager,7036,None,The Software Protection service entered the stopped state.
Information,11/18/2016 5:39:25 PM,Service Control Manager,7036,None,The Software Protection service entered the running state.
Information,11/18/2016 5:09:56 PM,Service Control Manager,7036,None,The Software Protection service entered the stopped state.
Information,11/18/2016 5:09:25 PM,Service Control Manager,7036,None,The Software Protection service entered the running state.
Information,11/18/2016 4:43:04 PM,Service Control Manager,7036,None,The DNS Client service entered the stopped state.
Information,11/18/2016 4:39:55 PM,Service Control Manager,7036,None,The Software Protection service entered the stopped state.
Information,11/18/2016 4:39:25 PM,Service Control Manager,7036,None,The Software Protection service entered the running state.
Information,11/18/2016 4:30:34 PM,Service Control Manager,7036,None,The WinHTTP Web Proxy Auto-Discovery Service service entered the stopped state.
Information,11/18/2016 4:09:55 PM,Service Control Manager,7036,None,The Software Protection service entered the stopped state.
Information,11/18/2016 4:09:25 PM,Service Control Manager,7036,None,The Software Protection service entered the running state.
Information,11/18/2016 3:55:12 PM,Service Control Manager,7036,None,The Windows Modules Installer service entered the stopped state.
Information,11/18/2016 3:53:05 PM,Service Control Manager,7036,None,The Windows Modules Installer service entered the running state.
Information,11/18/2016 3:53:05 PM,Microsoft-Windows-Kernel-General,16,None,The access history in hive \SystemRoot\System32\config\DRIVERS was cleared updating 24 keys and creating 4 modified pages.
Information,11/18/2016 3:53:04 PM,Service Control Manager,7036,None,The DNS Client service entered the running state.
Information,11/18/2016 3:53:04 PM,Service Control Manager,7036,None,The WinHTTP Web Proxy Auto-Discovery Service service entered the running state.
Information,11/18/2016 3:39:55 PM,Service Control Manager,7036,None,The Software Protection service entered the stopped state.
Information,11/18/2016 3:39:25 PM,Service Control Manager,7036,None,The Software Protection service entered the running state.
Information,11/18/2016 3:36:45 PM,Service Control Manager,7036,None,The DNS Client service entered the stopped state.
Information,11/18/2016 3:23:45 PM,Service Control Manager,7036,None,The WinHTTP Web Proxy Auto-Discovery Service service entered the stopped state.
Information,11/18/2016 3:09:55 PM,Service Control Manager,7036,None,The Software Protection service entered the stopped state.
Information,11/18/2016 3:09:25 PM,Service Control Manager,7036,None,The Software Protection service entered the running state.
Information,11/18/2016 2:56:45 PM,Service Control Manager,7036,None,The DNS Client service entered the running state.
Information,11/18/2016 2:56:45 PM,Service Control Manager,7036,None,The WinHTTP Web Proxy Auto-Discovery Service service entered the running state.
Information,11/18/2016 2:39:55 PM,Service Control Manager,7036,None,The Software Protection service entered the stopped state.
Information,11/18/2016 2:39:25 PM,Service Control Manager,7036,None,The Software Protection service entered the running state.
Information,11/18/2016 2:32:45 PM,Service Control Manager,7036,None,The DNS Client service entered the stopped state.
Information,11/18/2016 2:19:45 PM,Service Control Manager,7036,None,The WinHTTP Web Proxy Auto-Discovery Service service entered the stopped state.
Information,11/18/2016 2:09:55 PM,Service Control Manager,7036,None,The Software Protection service entered the stopped state.
Information,11/18/2016 2:09:25 PM,Service Control Manager,7036,None,The Software Protection service entered the running state.
Information,11/18/2016 1:52:45 PM,Service Control Manager,7036,None,The DNS Client service entered the running state.
Information,11/18/2016 1:52:45 PM,Service Control Manager,7036,None,The WinHTTP Web Proxy Auto-Discovery Service service entered the running state.
Information,11/18/2016 1:40:01 PM,Service Control Manager,7036,None,The DNS Client service entered the stopped state.
Information,11/18/2016 1:39:55 PM,Service Control Manager,7036,None,The Software Protection service entered the stopped state.
Information,11/18/2016 1:39:24 PM,Service Control Manager,7036,None,The Software Protection service entered the running state.
Information,11/18/2016 1:27:01 PM,Service Control Manager,7036,None,The WinHTTP Web Proxy Auto-Discovery Service service entered the stopped state.
Information,11/18/2016 1:09:54 PM,Service Control Manager,7036,None,The Software Protection service entered the stopped state.
Information,11/18/2016 1:09:24 PM,Service Control Manager,7036,None,The Software Protection service entered the running state.
Information,11/18/2016 1:00:01 PM,Service Control Manager,7036,None,The DNS Client service entered the running state.
Information,11/18/2016 1:00:01 PM,Service Control Manager,7036,None,The WinHTTP Web Proxy Auto-Discovery Service service entered the running state.
Information,11/18/2016 12:44:45 PM,Service Control Manager,7036,None,The DNS Client service entered the stopped state.
Information,11/18/2016 12:39:54 PM,Service Control Manager,7036,None,The Software Protection service entered the stopped state.
Information,11/18/2016 12:39:24 PM,Service Control Manager,7036,None,The Software Protection service entered the running state.
Information,11/18/2016 12:31:45 PM,Service Control Manager,7036,None,The WinHTTP Web Proxy Auto-Discovery Service service entered the stopped state.
Information,11/18/2016 12:09:54 PM,Service Control Manager,7036,None,The Software Protection service entered the stopped state.
Information,11/18/2016 12:09:24 PM,Service Control Manager,7036,None,The Software Protection service entered the running state.
Information,11/18/2016 12:04:45 PM,Service Control Manager,7036,None,The DNS Client service entered the running state.
Information,11/18/2016 12:04:45 PM,Service Control Manager,7036,None,The WinHTTP Web Proxy Auto-Discovery Service service entered the running state.
Information,11/18/2016 11:39:54 AM,Service Control Manager,7036,None,The Software Protection service entered the stopped state.
Information,11/18/2016 11:39:24 AM,Service Control Manager,7036,None,The Software Protection service entered the running state.
Information,11/18/2016 11:09:54 AM,Service Control Manager,7036,None,The Software Protection service entered the stopped state.
Information,11/18/2016 11:09:44 AM,Service Control Manager,7036,None,The DNS Client service entered the stopped state.
Information,11/18/2016 11:09:24 AM,Service Control Manager,7036,None,The Software Protection service entered the running state.
Information,11/18/2016 10:56:44 AM,Service Control Manager,7036,None,The WinHTTP Web Proxy Auto-Discovery Service service entered the stopped state.
Information,11/18/2016 10:39:54 AM,Service Control Manager,7036,None,The Software Protection service entered the stopped state.
Information,11/18/2016 10:39:23 AM,Service Control Manager,7036,None,The Software Protection service entered the running state.
Information,11/18/2016 10:29:44 AM,Service Control Manager,7036,None,The DNS Client service entered the running state.
Information,11/18/2016 10:29:44 AM,Service Control Manager,7036,None,The WinHTTP Web Proxy Auto-Discovery Service service entered the running state.
Information,11/18/2016 10:09:54 AM,Service Control Manager,7036,None,The Software Protection service entered the stopped state.
Information,11/18/2016 10:09:23 AM,Service Control Manager,7036,None,The Software Protection service entered the running state.
Information,11/18/2016 9:47:44 AM,Service Control Manager,7036,None,The DNS Client service entered the stopped state.
Information,11/18/2016 9:39:53 AM,Service Control Manager,7036,None,The Software Protection service entered the stopped state.
Information,11/18/2016 9:39:23 AM,Service Control Manager,7036,None,The Software Protection service entered the running state.
Information,11/18/2016 9:34:44 AM,Service Control Manager,7036,None,The WinHTTP Web Proxy Auto-Discovery Service service entered the stopped state.
Information,11/18/2016 9:09:53 AM,Service Control Manager,7036,None,The Software Protection service entered the stopped state.
Information,11/18/2016 9:09:23 AM,Service Control Manager,7036,None,The Software Protection service entered the running state.
Information,11/18/2016 9:07:44 AM,Service Control Manager,7036,None,The DNS Client service entered the running state.
Information,11/18/2016 9:07:44 AM,Service Control Manager,7036,None,The WinHTTP Web Proxy Auto-Discovery Service service entered the running state.
Information,11/18/2016 8:39:53 AM,Service Control Manager,7036,None,The Software Protection service entered the stopped state.
Information,11/18/2016 8:39:23 AM,Service Control Manager,7036,None,The Software Protection service entered the running state.
Information,11/18/2016 8:09:53 AM,Service Control Manager,7036,None,The Software Protection service entered the stopped state.
Information,11/18/2016 8:09:23 AM,Service Control Manager,7036,None,The Software Protection service entered the running state.
Information,11/18/2016 8:07:44 AM,Service Control Manager,7036,None,The DNS Client service entered the stopped state.
Information,11/18/2016 7:54:44 AM,Service Control Manager,7036,None,The WinHTTP Web Proxy Auto-Discovery Service service entered the stopped state.
Information,11/18/2016 7:39:53 AM,Service Control Manager,7036,None,The Software Protection service entered the stopped state.
Information,11/18/2016 7:39:23 AM,Service Control Manager,7036,None,The Software Protection service entered the running state.
Information,11/18/2016 7:27:44 AM,Service Control Manager,7036,None,The DNS Client service entered the running state.
Information,11/18/2016 7:27:44 AM,Service Control Manager,7036,None,The WinHTTP Web Proxy Auto-Discovery Service service entered the running state.
Information,11/18/2016 7:09:53 AM,Service Control Manager,7036,None,The Software Protection service entered the stopped state.
Information,11/18/2016 7:09:22 AM,Service Control Manager,7036,None,The Software Protection service entered the running state.
Information,11/18/2016 6:39:53 AM,Service Control Manager,7036,None,The Software Protection service entered the stopped state.
Information,11/18/2016 6:39:22 AM,Service Control Manager,7036,None,The Software Protection service entered the running state.
Information,11/18/2016 6:31:13 AM,Service Control Manager,7036,None,The DNS Client service entered the stopped state.
Information,11/18/2016 6:20:44 AM,Service Control Manager,7036,None,The WinHTTP Web Proxy Auto-Discovery Service service entered the stopped state.
Information,11/18/2016 6:09:52 AM,Service Control Manager,7036,None,The Software Protection service entered the stopped state.
Information,11/18/2016 6:09:22 AM,Service Control Manager,7036,None,The Software Protection service entered the running state.
Information,11/18/2016 5:53:44 AM,Service Control Manager,7036,None,The DNS Client service entered the running state.
Information,11/18/2016 5:53:44 AM,Service Control Manager,7036,None,The WinHTTP Web Proxy Auto-Discovery Service service entered the running state.
Information,11/18/2016 5:39:52 AM,Service Control Manager,7036,None,The Software Protection service entered the stopped state.
Information,11/18/2016 5:39:22 AM,Service Control Manager,7036,None,The Software Protection service entered the running state.
Information,11/18/2016 5:11:12 AM,Service Control Manager,7036,None,The Windows Modules Installer service entered the stopped state.
Information,11/18/2016 5:09:52 AM,Service Control Manager,7036,None,The Software Protection service entered the stopped state.
Information,11/18/2016 5:09:22 AM,Service Control Manager,7036,None,The Software Protection service entered the running state.
Information,11/18/2016 5:09:12 AM,Service Control Manager,7036,None,The Windows Modules Installer service entered the running state.
Information,11/18/2016 4:39:52 AM,Service Control Manager,7036,None,The Software Protection service entered the stopped state.
Information,11/18/2016 4:39:43 AM,Service Control Manager,7036,None,The DNS Client service entered the stopped state.
Information,11/18/2016 4:39:22 AM,Service Control Manager,7036,None,The Software Protection service entered the running state.
Information,11/18/2016 4:28:13 AM,Service Control Manager,7036,None,The WinHTTP Web Proxy Auto-Discovery Service service entered the stopped state.
Information,11/18/2016 4:09:52 AM,Service Control Manager,7036,None,The Software Protection service entered the stopped state.
Information,11/18/2016 4:09:22 AM,Service Control Manager,7036,None,The Software Protection service entered the running state.
Information,11/18/2016 4:00:00 AM,EventLog,6013,None,The system uptime is 1853638 seconds.
Information,11/18/2016 3:59:43 AM,Service Control Manager,7036,None,The DNS Client service entered the running state.
Information,11/18/2016 3:59:43 AM,Service Control Manager,7036,None,The WinHTTP Web Proxy Auto-Discovery Service service entered the running state.
Information,11/18/2016 3:39:52 AM,Service Control Manager,7036,None,The Software Protection service entered the stopped state.
Information,11/18/2016 3:39:21 AM,Service Control Manager,7036,None,The Software Protection service entered the running state.
Information,11/18/2016 3:09:52 AM,Service Control Manager,7036,None,The Software Protection service entered the stopped state.
Information,11/18/2016 3:09:21 AM,Service Control Manager,7036,None,The Software Protection service entered the running state.
Information,11/18/2016 2:48:43 AM,Service Control Manager,7036,None,The DNS Client service entered the stopped state.
Information,11/18/2016 2:39:52 AM,Service Control Manager,7036,None,The Software Protection service entered the stopped state.
Information,11/18/2016 2:39:21 AM,Service Control Manager,7036,None,The Software Protection service entered the running state.
Information,11/18/2016 2:35:43 AM,Service Control Manager,7036,None,The WinHTTP Web Proxy Auto-Discovery Service service entered the stopped state.
Information,11/18/2016 2:09:51 AM,Service Control Manager,7036,None,The Software Protection service entered the stopped state.
Information,11/18/2016 2:09:21 AM,Service Control Manager,7036,None,The Software Protection service entered the running state.
Information,11/18/2016 2:08:43 AM,Service Control Manager,7036,None,The DNS Client service entered the running state.
Information,11/18/2016 2:08:43 AM,Service Control Manager,7036,None,The WinHTTP Web Proxy Auto-Discovery Service service entered the running state.
Information,11/18/2016 1:39:51 AM,Service Control Manager,7036,None,The Software Protection service entered the stopped state.
Information,11/18/2016 1:39:21 AM,Service Control Manager,7036,None,The Software Protection service entered the running state.
Information,11/18/2016 1:27:43 AM,Service Control Manager,7036,None,The DNS Client service entered the stopped state.
Information,11/18/2016 1:14:43 AM,Service Control Manager,7036,None,The WinHTTP Web Proxy Auto-Discovery Service service entered the stopped state.
Information,11/18/2016 1:09:51 AM,Service Control Manager,7036,None,The Software Protection service entered the stopped state.
Information,11/18/2016 1:09:21 AM,Service Control Manager,7036,None,The Software Protection service entered the running state.
Information,11/18/2016 12:47:42 AM,Service Control Manager,7036,None,The DNS Client service entered the running state.
Information,11/18/2016 12:47:42 AM,Service Control Manager,7036,None,The WinHTTP Web Proxy Auto-Discovery Service service entered the running state.
Information,11/18/2016 12:39:51 AM,Service Control Manager,7036,None,The Software Protection service entered the stopped state.
Information,11/18/2016 12:39:21 AM,Service Control Manager,7036,None,The Software Protection service entered the running state.
Information,11/18/2016 12:09:51 AM,Service Control Manager,7036,None,The Software Protection service entered the stopped state.
Information,11/18/2016 12:09:20 AM,Service Control Manager,7036,None,The Software Protection service entered the running state.
Information,11/17/2016 11:39:51 PM,Service Control Manager,7036,None,The Software Protection service entered the stopped state.
Information,11/17/2016 11:39:20 PM,Service Control Manager,7036,None,The Software Protection service entered the running state.
Information,11/17/2016 11:36:42 PM,Service Control Manager,7036,None,The DNS Client service entered the stopped state.
Information,11/17/2016 11:23:43 PM,Service Control Manager,7036,None,The WinHTTP Web Proxy Auto-Discovery Service service entered the stopped state.
Information,11/17/2016 11:09:51 PM,Service Control Manager,7036,None,The Software Protection service entered the stopped state.
Information,11/17/2016 11:09:20 PM,Service Control Manager,7036,None,The Software Protection service entered the running state.
Information,11/17/2016 10:56:42 PM,Service Control Manager,7036,None,The DNS Client service entered the running state.
Information,11/17/2016 10:56:42 PM,Service Control Manager,7036,None,The WinHTTP Web Proxy Auto-Discovery Service service entered the running state.
Information,11/17/2016 10:39:50 PM,Service Control Manager,7036,None,The Software Protection service entered the stopped state.
Information,11/17/2016 10:39:20 PM,Service Control Manager,7036,None,The Software Protection service entered the running state.
Information,11/17/2016 10:09:50 PM,Service Control Manager,7036,None,The Software Protection service entered the stopped state.
Information,11/17/2016 10:09:20 PM,Service Control Manager,7036,None,The Software Protection service entered the running state.
Information,11/17/2016 10:02:37 PM,Service Control Manager,7036,None,The DNS Client service entered the stopped state.
Information,11/17/2016 9:50:07 PM,Service Control Manager,7036,None,The WinHTTP Web Proxy Auto-Discovery Service service entered the stopped state.
Information,11/17/2016 9:39:50 PM,Service Control Manager,7036,None,The Software Protection service entered the stopped state.
Information,11/17/2016 9:39:20 PM,Service Control Manager,7036,None,The Software Protection service entered the running state.
Information,11/17/2016 9:14:45 PM,Service Control Manager,7036,None,The Windows Modules Installer service entered the stopped state.
Information,11/17/2016 9:12:39 PM,Service Control Manager,7036,None,The Windows Modules Installer service entered the running state.
Information,11/17/2016 9:12:37 PM,Service Control Manager,7036,None,The DNS Client service entered the running state.
Information,11/17/2016 9:12:37 PM,Service Control Manager,7036,None,The WinHTTP Web Proxy Auto-Discovery Service service entered the running state.
Information,11/17/2016 9:09:50 PM,Service Control Manager,7036,None,The Software Protection service entered the stopped state.
Information,11/17/2016 9:09:20 PM,Service Control Manager,7036,None,The Software Protection service entered the running state.
Information,11/17/2016 8:58:42 PM,Service Control Manager,7036,None,The DNS Client service entered the stopped state.
Information,11/17/2016 8:45:42 PM,Service Control Manager,7036,None,The WinHTTP Web Proxy Auto-Discovery Service service entered the stopped state.
Information,11/17/2016 8:39:50 PM,Service Control Manager,7036,None,The Software Protection service entered the stopped state.
Information,11/17/2016 8:39:19 PM,Service Control Manager,7036,None,The Software Protection service entered the running state.
Information,11/17/2016 8:18:42 PM,Service Control Manager,7036,None,The DNS Client service entered the running state.
Information,11/17/2016 8:18:42 PM,Service Control Manager,7036,None,The WinHTTP Web Proxy Auto-Discovery Service service entered the running state.
Information,11/17/2016 8:09:50 PM,Service Control Manager,7036,None,The Software Protection service entered the stopped state.
Information,11/17/2016 8:09:19 PM,Service Control Manager,7036,None,The Software Protection service entered the running state.
Information,11/17/2016 7:41:54 PM,Service Control Manager,7036,None,The Optimize drives service entered the stopped state.
Information,11/17/2016 7:40:49 PM,Service Control Manager,7036,None,The Windows Error Reporting Service service entered the stopped state.
Information,11/17/2016 7:39:50 PM,Service Control Manager,7036,None,The Software Protection service entered the stopped state.
Information,11/17/2016 7:39:19 PM,Service Control Manager,7036,None,The Software Protection service entered the running state.
Information,11/17/2016 7:38:49 PM,Service Control Manager,7036,None,The Optimize drives service entered the running state.
Information,11/17/2016 7:38:49 PM,Service Control Manager,7036,None,The Windows Error Reporting Service service entered the running state.
Information,11/17/2016 7:09:50 PM,Service Control Manager,7036,None,The DNS Client service entered the stopped state.
Information,11/17/2016 7:09:49 PM,Service Control Manager,7036,None,The Software Protection service entered the stopped state.
Information,11/17/2016 7:09:19 PM,Service Control Manager,7036,None,The Software Protection service entered the running state.
Information,11/17/2016 6:56:42 PM,Service Control Manager,7036,None,The WinHTTP Web Proxy Auto-Discovery Service service entered the stopped state.
Information,11/17/2016 6:39:49 PM,Service Control Manager,7036,None,The Software Protection service entered the stopped state.
Information,11/17/2016 6:39:19 PM,Service Control Manager,7036,None,The Software Protection service entered the running state.
Information,11/17/2016 6:29:42 PM,Service Control Manager,7036,None,The WinHTTP Web Proxy Auto-Discovery Service service entered the running state.
Information,11/17/2016 6:27:01 PM,Service Control Manager,7036,None,The WinHTTP Web Proxy Auto-Discovery Service service entered the stopped state.
Information,11/17/2016 6:09:49 PM,Service Control Manager,7036,None,The Software Protection service entered the stopped state.
Information,11/17/2016 6:09:19 PM,Service Control Manager,7036,None,The Software Protection service entered the running state.
Information,11/17/2016 6:00:01 PM,Service Control Manager,7036,None,The WinHTTP Web Proxy Auto-Discovery Service service entered the running state.
Information,11/17/2016 5:52:42 PM,Service Control Manager,7036,None,The WinHTTP Web Proxy Auto-Discovery Service service entered the stopped state.
Information,11/17/2016 5:39:49 PM,Service Control Manager,7036,None,The Software Protection service entered the stopped state.
Information,11/17/2016 5:39:19 PM,Service Control Manager,7036,None,The Software Protection service entered the running state.
Information,11/17/2016 5:25:42 PM,Service Control Manager,7036,None,The DNS Client service entered the running state.
Information,11/17/2016 5:25:42 PM,Service Control Manager,7036,None,The WinHTTP Web Proxy Auto-Discovery Service service entered the running state.
Information,11/17/2016 5:09:49 PM,Service Control Manager,7036,None,The Software Protection service entered the stopped state.
Information,11/17/2016 5:09:19 PM,Service Control Manager,7036,None,The Software Protection service entered the running state.
Information,11/17/2016 4:39:49 PM,Service Control Manager,7036,None,The Software Protection service entered the stopped state.
Information,11/17/2016 4:39:18 PM,Service Control Manager,7036,None,The Software Protection service entered the running state.
Information,11/17/2016 4:19:41 PM,Service Control Manager,7036,None,The DNS Client service entered the stopped state.
Information,11/17/2016 4:09:49 PM,Service Control Manager,7036,None,The Software Protection service entered the stopped state.
Information,11/17/2016 4:09:18 PM,Service Control Manager,7036,None,The Software Protection service entered the running state.
Information,11/17/2016 4:06:41 PM,Service Control Manager,7036,None,The WinHTTP Web Proxy Auto-Discovery Service service entered the stopped state.
Information,11/17/2016 3:39:48 PM,Service Control Manager,7036,None,The Software Protection service entered the stopped state.
Information,11/17/2016 3:39:41 PM,Service Control Manager,7036,None,The DNS Client service entered the running state.
Information,11/17/2016 3:39:41 PM,Service Control Manager,7036,None,The WinHTTP Web Proxy Auto-Discovery Service service entered the running state.
Information,11/17/2016 3:39:18 PM,Service Control Manager,7036,None,The Software Protection service entered the running state.
Information,11/17/2016 3:09:48 PM,Service Control Manager,7036,None,The Software Protection service entered the stopped state.
Information,11/17/2016 3:09:18 PM,Service Control Manager,7036,None,The Software Protection service entered the running state.
Information,11/17/2016 3:06:41 PM,Service Control Manager,7036,None,The DNS Client service entered the stopped state.
Information,11/17/2016 2:53:41 PM,Service Control Manager,7036,None,The WinHTTP Web Proxy Auto-Discovery Service service entered the stopped state.
Information,11/17/2016 2:39:48 PM,Service Control Manager,7036,None,The Software Protection service entered the stopped state.
Information,11/17/2016 2:39:18 PM,Service Control Manager,7036,None,The Software Protection service entered the running state.
Information,11/17/2016 2:26:41 PM,Service Control Manager,7036,None,The DNS Client service entered the running state.
Information,11/17/2016 2:26:41 PM,Service Control Manager,7036,None,The WinHTTP Web Proxy Auto-Discovery Service service entered the running state.
Information,11/17/2016 2:09:48 PM,Service Control Manager,7036,None,The Software Protection service entered the stopped state.
Information,11/17/2016 2:09:18 PM,Service Control Manager,7036,None,The Software Protection service entered the running state.
Information,11/17/2016 2:06:41 PM,Service Control Manager,7036,None,The DNS Client service entered the stopped state.
Information,11/17/2016 1:55:11 PM,Service Control Manager,7036,None,The WinHTTP Web Proxy Auto-Discovery Service service entered the stopped state.
Information,11/17/2016 1:39:48 PM,Service Control Manager,7036,None,The Software Protection service entered the stopped state.
Information,11/17/2016 1:39:18 PM,Service Control Manager,7036,None,The Software Protection service entered the running state.
Information,11/17/2016 1:26:41 PM,Service Control Manager,7036,None,The DNS Client service entered the running state.
Information,11/17/2016 1:26:41 PM,Service Control Manager,7036,None,The WinHTTP Web Proxy Auto-Discovery Service service entered the running state.
Information,11/17/2016 1:09:48 PM,Service Control Manager,7036,None,The Software Protection service entered the stopped state.
Information,11/17/2016 1:09:17 PM,Service Control Manager,7036,None,The Software Protection service entered the running state.
Information,11/17/2016 12:56:40 PM,Service Control Manager,7036,None,The DNS Client service entered the stopped state.
Information,11/17/2016 12:43:41 PM,Service Control Manager,7036,None,The WinHTTP Web Proxy Auto-Discovery Service service entered the stopped state.
Information,11/17/2016 12:39:48 PM,Service Control Manager,7036,None,The Software Protection service entered the stopped state.
Information,11/17/2016 12:39:17 PM,Service Control Manager,7036,None,The Software Protection service entered the running state.
Information,11/17/2016 12:16:40 PM,Service Control Manager,7036,None,The DNS Client service entered the running state.
Information,11/17/2016 12:16:40 PM,Service Control Manager,7036,None,The WinHTTP Web Proxy Auto-Discovery Service service entered the running state.
Information,11/17/2016 12:09:47 PM,Service Control Manager,7036,None,The Software Protection service entered the stopped state.
Information,11/17/2016 12:09:17 PM,Service Control Manager,7036,None,The Software Protection service entered the running state.
Information,11/17/2016 11:50:41 AM,Service Control Manager,7036,None,The DNS Client service entered the stopped state.
Information,11/17/2016 11:39:47 AM,Service Control Manager,7036,None,The Software Protection service entered the stopped state.
Information,11/17/2016 11:39:17 AM,Service Control Manager,7036,None,The Software Protection service entered the running state.
Information,11/17/2016 11:37:41 AM,Service Control Manager,7036,None,The WinHTTP Web Proxy Auto-Discovery Service service entered the stopped state.
Information,11/17/2016 11:10:41 AM,Service Control Manager,7036,None,The DNS Client service entered the running state.
Information,11/17/2016 11:10:41 AM,Service Control Manager,7036,None,The WinHTTP Web Proxy Auto-Discovery Service service entered the running state.
Information,11/17/2016 11:09:47 AM,Service Control Manager,7036,None,The Software Protection service entered the stopped state.
Information,11/17/2016 11:09:17 AM,Service Control Manager,7036,None,The Software Protection service entered the running state.
Information,11/17/2016 10:39:47 AM,Service Control Manager,7036,None,The Software Protection service entered the stopped state.
Information,11/17/2016 10:39:17 AM,Service Control Manager,7036,None,The Software Protection service entered the running state.
Information,11/17/2016 10:09:47 AM,Service Control Manager,7036,None,The Software Protection service entered the stopped state.
Information,11/17/2016 10:09:17 AM,Service Control Manager,7036,None,The Software Protection service entered the running state.
Information,11/17/2016 9:53:41 AM,Service Control Manager,7036,None,The DNS Client service entered the stopped state.
Information,11/17/2016 9:40:41 AM,Service Control Manager,7036,None,The WinHTTP Web Proxy Auto-Discovery Service service entered the stopped state.
Information,11/17/2016 9:39:47 AM,Service Control Manager,7036,None,The Software Protection service entered the stopped state.
Information,11/17/2016 9:39:16 AM,Service Control Manager,7036,None,The Software Protection service entered the running state.
Information,11/17/2016 9:13:41 AM,Service Control Manager,7036,None,The DNS Client service entered the running state.
Information,11/17/2016 9:13:41 AM,Service Control Manager,7036,None,The WinHTTP Web Proxy Auto-Discovery Service service entered the running state.
Information,11/17/2016 9:09:47 AM,Service Control Manager,7036,None,The Software Protection service entered the stopped state.
Information,11/17/2016 9:09:16 AM,Service Control Manager,7036,None,The Software Protection service entered the running state.
Information,11/17/2016 8:39:46 AM,Service Control Manager,7036,None,The Software Protection service entered the stopped state.
Information,11/17/2016 8:39:16 AM,Service Control Manager,7036,None,The Software Protection service entered the running state.
Information,11/17/2016 8:29:41 AM,Service Control Manager,7036,None,The DNS Client service entered the stopped state.
Information,11/17/2016 8:16:41 AM,Service Control Manager,7036,None,The WinHTTP Web Proxy Auto-Discovery Service service entered the stopped state.
Information,11/17/2016 8:09:46 AM,Service Control Manager,7036,None,The Software Protection service entered the stopped state.
Information,11/17/2016 8:09:16 AM,Service Control Manager,7036,None,The Software Protection service entered the running state.
Information,11/17/2016 7:49:41 AM,Service Control Manager,7036,None,The DNS Client service entered the running state.
Information,11/17/2016 7:49:41 AM,Service Control Manager,7036,None,The WinHTTP Web Proxy Auto-Discovery Service service entered the running state.
Information,11/17/2016 7:39:46 AM,Service Control Manager,7036,None,The Software Protection service entered the stopped state.
Information,11/17/2016 7:39:16 AM,Service Control Manager,7036,None,The Software Protection service entered the running state.
Information,11/17/2016 7:09:46 AM,Service Control Manager,7036,None,The Software Protection service entered the stopped state.
Information,11/17/2016 7:09:16 AM,Service Control Manager,7036,None,The Software Protection service entered the running state.
Information,11/17/2016 6:47:41 AM,Service Control Manager,7036,None,The DNS Client service entered the stopped state.
Information,11/17/2016 6:39:46 AM,Service Control Manager,7036,None,The Software Protection service entered the stopped state.
Information,11/17/2016 6:39:16 AM,Service Control Manager,7036,None,The Software Protection service entered the running state.
Information,11/17/2016 6:34:41 AM,Service Control Manager,7036,None,The WinHTTP Web Proxy Auto-Discovery Service service entered the stopped state.
Information,11/17/2016 6:09:46 AM,Service Control Manager,7036,None,The Software Protection service entered the stopped state.
Information,11/17/2016 6:09:15 AM,Service Control Manager,7036,None,The Software Protection service entered the running state.
Information,11/17/2016 6:07:41 AM,Service Control Manager,7036,None,The DNS Client service entered the running state.
Information,11/17/2016 6:07:40 AM,Service Control Manager,7036,None,The WinHTTP Web Proxy Auto-Discovery Service service entered the running state.
Information,11/17/2016 5:39:46 AM,Service Control Manager,7036,None,The Software Protection service entered the stopped state.
Information,11/17/2016 5:39:15 AM,Service Control Manager,7036,None,The Software Protection service entered the running state.
Information,11/17/2016 5:11:40 AM,Service Control Manager,7036,None,The DNS Client service entered the stopped state.
Information,11/17/2016 5:11:12 AM,Service Control Manager,7036,None,The Windows Modules Installer service entered the stopped state.
Information,11/17/2016 5:09:45 AM,Service Control Manager,7036,None,The Software Protection service entered the stopped state.
Information,11/17/2016 5:09:15 AM,Service Control Manager,7036,None,The Software Protection service entered the running state.
Information,11/17/2016 5:09:12 AM,Service Control Manager,7036,None,The Windows Modules Installer service entered the running state.
Information,11/17/2016 5:00:11 AM,Service Control Manager,7036,None,The WinHTTP Web Proxy Auto-Discovery Service service entered the stopped state.
Information,11/17/2016 4:39:45 AM,Service Control Manager,7036,None,The Software Protection service entered the stopped state.
Information,11/17/2016 4:39:15 AM,Service Control Manager,7036,None,The Software Protection service entered the running state.
Information,11/17/2016 4:31:40 AM,Service Control Manager,7036,None,The DNS Client service entered the running state.
Information,11/17/2016 4:31:40 AM,Service Control Manager,7036,None,The WinHTTP Web Proxy Auto-Discovery Service service entered the running state.
Information,11/17/2016 4:09:45 AM,Service Control Manager,7036,None,The Software Protection service entered the stopped state.
Information,11/17/2016 4:09:15 AM,Service Control Manager,7036,None,The Software Protection service entered the running state.
Information,11/17/2016 4:00:00 AM,EventLog,6013,None,The system uptime is 1767238 seconds.
Information,11/17/2016 3:58:40 AM,Service Control Manager,7036,None,The DNS Client service entered the stopped state.
