Information,12/5/2016 12:13:18 AM,Service Control Manager,7036,None,The Software Protection service entered the running state.
Information,12/5/2016 12:03:37 AM,Service Control Manager,7036,None,The DNS Client service entered the stopped state.
Information,12/4/2016 11:43:48 PM,Service Control Manager,7036,None,The Software Protection service entered the stopped state.
Information,12/4/2016 11:43:18 PM,Service Control Manager,7036,None,The Software Protection service entered the running state.
Information,12/4/2016 11:35:37 PM,Service Control Manager,7036,None,The WinHTTP Web Proxy Auto-Discovery Service service entered the stopped state.
Information,12/4/2016 11:18:38 PM,Service Control Manager,7036,None,The Windows Update service entered the stopped state.
Information,12/4/2016 11:13:48 PM,Service Control Manager,7036,None,The Software Protection service entered the stopped state.
Information,12/4/2016 11:13:17 PM,Service Control Manager,7036,None,The Software Protection service entered the running state.
Information,12/4/2016 11:08:37 PM,Service Control Manager,7036,None,The DNS Client service entered the running state.
Information,12/4/2016 11:08:37 PM,Service Control Manager,7036,None,The WinHTTP Web Proxy Auto-Discovery Service service entered the running state.
Information,12/4/2016 11:08:37 PM,Service Control Manager,7036,None,The Windows Update service entered the running state.
Information,12/4/2016 11:00:26 PM,Service Control Manager,7036,None,The DNS Client service entered the stopped state.
Information,12/4/2016 10:43:48 PM,Service Control Manager,7036,None,The Software Protection service entered the stopped state.
Information,12/4/2016 10:43:17 PM,Service Control Manager,7036,None,The Software Protection service entered the running state.
Error,12/4/2016 10:38:16 PM,Schannel,36888,None,A fatal alert was generated and sent to the remote endpoint. This may result in termination of the connection. The TLS protocol defined fatal error code is 10. The Windows SChannel error state is 1203.
Error,12/4/2016 10:38:16 PM,Schannel,36888,None,A fatal alert was generated and sent to the remote endpoint. This may result in termination of the connection. The TLS protocol defined fatal error code is 10. The Windows SChannel error state is 1203.
Information,12/4/2016 10:32:26 PM,Service Control Manager,7036,None,The WinHTTP Web Proxy Auto-Discovery Service service entered the stopped state.
Information,12/4/2016 10:15:27 PM,Service Control Manager,7036,None,The Windows Update service entered the stopped state.
Information,12/4/2016 10:13:47 PM,Service Control Manager,7036,None,The Software Protection service entered the stopped state.
Information,12/4/2016 10:13:17 PM,Service Control Manager,7036,None,The Software Protection service entered the running state.
Information,12/4/2016 10:05:26 PM,Service Control Manager,7036,None,The DNS Client service entered the running state.
Information,12/4/2016 10:05:26 PM,Service Control Manager,7036,None,The WinHTTP Web Proxy Auto-Discovery Service service entered the running state.
Information,12/4/2016 10:05:26 PM,Service Control Manager,7036,None,The Windows Update service entered the running state.
Information,12/4/2016 10:04:16 PM,Service Control Manager,7036,None,The DNS Client service entered the stopped state.
Information,12/4/2016 9:44:16 PM,Service Control Manager,7036,None,The DNS Client service entered the running state.
Information,12/4/2016 9:43:47 PM,Service Control Manager,7036,None,The Software Protection service entered the stopped state.
Information,12/4/2016 9:43:17 PM,Service Control Manager,7036,None,The Software Protection service entered the running state.
Information,12/4/2016 9:19:39 PM,Service Control Manager,7036,None,The DNS Client service entered the stopped state.
Information,12/4/2016 9:13:47 PM,Service Control Manager,7036,None,The Software Protection service entered the stopped state.
Information,12/4/2016 9:13:17 PM,Service Control Manager,7036,None,The Software Protection service entered the running state.
Information,12/4/2016 9:06:39 PM,Service Control Manager,7036,None,The WinHTTP Web Proxy Auto-Discovery Service service entered the stopped state.
Information,12/4/2016 8:49:41 PM,Service Control Manager,7036,None,The Windows Update service entered the stopped state.
Information,12/4/2016 8:43:47 PM,Service Control Manager,7036,None,The Software Protection service entered the stopped state.
Information,12/4/2016 8:43:17 PM,Service Control Manager,7036,None,The Software Protection service entered the running state.
Information,12/4/2016 8:39:39 PM,Service Control Manager,7036,None,The DNS Client service entered the running state.
Information,12/4/2016 8:39:39 PM,Service Control Manager,7036,None,The WinHTTP Web Proxy Auto-Discovery Service service entered the running state.
Information,12/4/2016 8:39:39 PM,Service Control Manager,7036,None,The Windows Update service entered the running state.
Information,12/4/2016 8:13:47 PM,Service Control Manager,7036,None,The Software Protection service entered the stopped state.
Information,12/4/2016 8:13:17 PM,Service Control Manager,7036,None,The Software Protection service entered the running state.
Information,12/4/2016 8:07:32 PM,Service Control Manager,7036,None,The DNS Client service entered the stopped state.
Error,12/4/2016 7:54:44 PM,Schannel,36888,None,A fatal alert was generated and sent to the remote endpoint. This may result in termination of the connection. The TLS protocol defined fatal error code is 10. The Windows SChannel error state is 1203.
Error,12/4/2016 7:54:44 PM,Schannel,36888,None,A fatal alert was generated and sent to the remote endpoint. This may result in termination of the connection. The TLS protocol defined fatal error code is 10. The Windows SChannel error state is 1203.
Information,12/4/2016 7:49:02 PM,Service Control Manager,7036,None,The WinHTTP Web Proxy Auto-Discovery Service service entered the stopped state.
Information,12/4/2016 7:43:47 PM,Service Control Manager,7036,None,The Software Protection service entered the stopped state.
Information,12/4/2016 7:43:17 PM,Service Control Manager,7036,None,The Software Protection service entered the running state.
Information,12/4/2016 7:27:34 PM,Service Control Manager,7036,None,The Windows Update service entered the stopped state.
Information,12/4/2016 7:20:41 PM,Service Control Manager,7036,None,The Google Update Service (gupdate) service entered the stopped state.
Information,12/4/2016 7:20:41 PM,Service Control Manager,7036,None,The Google Update Service (gupdate) service entered the running state.
Information,12/4/2016 7:17:32 PM,Service Control Manager,7036,None,The DNS Client service entered the running state.
Information,12/4/2016 7:17:32 PM,Service Control Manager,7036,None,The WinHTTP Web Proxy Auto-Discovery Service service entered the running state.
Information,12/4/2016 7:17:32 PM,Service Control Manager,7036,None,The Windows Update service entered the running state.
Information,12/4/2016 7:13:47 PM,Service Control Manager,7036,None,The Software Protection service entered the stopped state.
Information,12/4/2016 7:13:16 PM,Service Control Manager,7036,None,The Software Protection service entered the running state.
Information,12/4/2016 7:04:16 PM,Service Control Manager,7036,None,The DNS Client service entered the stopped state.
Information,12/4/2016 6:44:16 PM,Service Control Manager,7036,None,The DNS Client service entered the running state.
Information,12/4/2016 6:43:47 PM,Service Control Manager,7036,None,The Software Protection service entered the stopped state.
Information,12/4/2016 6:43:16 PM,Service Control Manager,7036,None,The Software Protection service entered the running state.
Information,12/4/2016 6:13:46 PM,Service Control Manager,7036,None,The Software Protection service entered the stopped state.
Information,12/4/2016 6:13:16 PM,Service Control Manager,7036,None,The Software Protection service entered the running state.
Information,12/4/2016 6:09:16 PM,Service Control Manager,7036,None,The DNS Client service entered the stopped state.
Information,12/4/2016 5:57:47 PM,Service Control Manager,7036,None,The WinHTTP Web Proxy Auto-Discovery Service service entered the stopped state.
Information,12/4/2016 5:43:46 PM,Service Control Manager,7036,None,The Software Protection service entered the stopped state.
Information,12/4/2016 5:43:16 PM,Service Control Manager,7036,None,The Software Protection service entered the running state.
Information,12/4/2016 5:40:49 PM,Service Control Manager,7036,None,The Windows Update service entered the stopped state.
Information,12/4/2016 5:30:47 PM,Service Control Manager,7036,None,The WinHTTP Web Proxy Auto-Discovery Service service entered the running state.
Information,12/4/2016 5:30:47 PM,Service Control Manager,7036,None,The Windows Update service entered the running state.
Information,12/4/2016 5:27:00 PM,Service Control Manager,7036,None,The WinHTTP Web Proxy Auto-Discovery Service service entered the stopped state.
Information,12/4/2016 5:13:46 PM,Service Control Manager,7036,None,The Software Protection service entered the stopped state.
Information,12/4/2016 5:13:16 PM,Service Control Manager,7036,None,The Software Protection service entered the running state.
Information,12/4/2016 5:00:00 PM,Service Control Manager,7036,None,The WinHTTP Web Proxy Auto-Discovery Service service entered the running state.
Information,12/4/2016 4:44:16 PM,Service Control Manager,7036,None,The DNS Client service entered the running state.
Information,12/4/2016 4:43:46 PM,Service Control Manager,7036,None,The Software Protection service entered the stopped state.
Information,12/4/2016 4:43:16 PM,Service Control Manager,7036,None,The Software Protection service entered the running state.
Information,12/4/2016 4:24:16 PM,Service Control Manager,7036,None,The DNS Client service entered the stopped state.
Information,12/4/2016 4:13:46 PM,Service Control Manager,7036,None,The Software Protection service entered the stopped state.
Information,12/4/2016 4:13:15 PM,Service Control Manager,7036,None,The Software Protection service entered the running state.
Information,12/4/2016 4:12:50 PM,Service Control Manager,7036,None,The WinHTTP Web Proxy Auto-Discovery Service service entered the stopped state.
Information,12/4/2016 3:55:51 PM,Service Control Manager,7036,None,The Windows Update service entered the stopped state.
Information,12/4/2016 3:45:50 PM,Service Control Manager,7036,None,The WinHTTP Web Proxy Auto-Discovery Service service entered the running state.
Information,12/4/2016 3:45:50 PM,Service Control Manager,7036,None,The Windows Update service entered the running state.
Information,12/4/2016 3:44:16 PM,Service Control Manager,7036,None,The DNS Client service entered the running state.
Information,12/4/2016 3:43:46 PM,Service Control Manager,7036,None,The Software Protection service entered the stopped state.
Information,12/4/2016 3:43:15 PM,Service Control Manager,7036,None,The Software Protection service entered the running state.
Information,12/4/2016 3:13:45 PM,Service Control Manager,7036,None,The Software Protection service entered the stopped state.
Information,12/4/2016 3:13:15 PM,Service Control Manager,7036,None,The Software Protection service entered the running state.
Information,12/4/2016 2:59:16 PM,Service Control Manager,7036,None,The DNS Client service entered the stopped state.
Information,12/4/2016 2:47:47 PM,Service Control Manager,7036,None,The WinHTTP Web Proxy Auto-Discovery Service service entered the stopped state.
Information,12/4/2016 2:43:45 PM,Service Control Manager,7036,None,The Software Protection service entered the stopped state.
Information,12/4/2016 2:43:15 PM,Service Control Manager,7036,None,The Software Protection service entered the running state.
Information,12/4/2016 2:20:47 PM,Service Control Manager,7036,None,The Google Update Service (gupdate) service entered the stopped state.
Information,12/4/2016 2:20:47 PM,Service Control Manager,7036,None,The WinHTTP Web Proxy Auto-Discovery Service service entered the running state.
Information,12/4/2016 2:20:47 PM,Service Control Manager,7036,None,The Google Update Service (gupdate) service entered the running state.
Information,12/4/2016 2:18:29 PM,Service Control Manager,7036,None,The WinHTTP Web Proxy Auto-Discovery Service service entered the stopped state.
Information,12/4/2016 2:13:45 PM,Service Control Manager,7036,None,The Software Protection service entered the stopped state.
Information,12/4/2016 2:13:15 PM,Service Control Manager,7036,None,The Software Protection service entered the running state.
Information,12/4/2016 2:01:30 PM,Service Control Manager,7036,None,The Windows Update service entered the stopped state.
Information,12/4/2016 1:51:29 PM,Service Control Manager,7036,None,The WinHTTP Web Proxy Auto-Discovery Service service entered the running state.
Information,12/4/2016 1:51:29 PM,Service Control Manager,7036,None,The Windows Update service entered the running state.
Information,12/4/2016 1:44:16 PM,Service Control Manager,7036,None,The DNS Client service entered the running state.
Information,12/4/2016 1:43:45 PM,Service Control Manager,7036,None,The Software Protection service entered the stopped state.
Information,12/4/2016 1:43:15 PM,Service Control Manager,7036,None,The Software Protection service entered the running state.
Error,12/4/2016 1:40:41 PM,Schannel,36888,None,A fatal alert was generated and sent to the remote endpoint. This may result in termination of the connection. The TLS protocol defined fatal error code is 10. The Windows SChannel error state is 1203.
Error,12/4/2016 1:40:41 PM,Schannel,36888,None,A fatal alert was generated and sent to the remote endpoint. This may result in termination of the connection. The TLS protocol defined fatal error code is 10. The Windows SChannel error state is 1203.
Information,12/4/2016 1:13:45 PM,Service Control Manager,7036,None,The Software Protection service entered the stopped state.
Information,12/4/2016 1:13:15 PM,Service Control Manager,7036,None,The Software Protection service entered the running state.
Information,12/4/2016 12:59:52 PM,Service Control Manager,7036,None,The DNS Client service entered the stopped state.
Information,12/4/2016 12:46:52 PM,Service Control Manager,7036,None,The WinHTTP Web Proxy Auto-Discovery Service service entered the stopped state.
Information,12/4/2016 12:43:45 PM,Service Control Manager,7036,None,The Software Protection service entered the stopped state.
Information,12/4/2016 12:43:14 PM,Service Control Manager,7036,None,The Software Protection service entered the running state.
Information,12/4/2016 12:29:54 PM,Service Control Manager,7036,None,The Windows Update service entered the stopped state.
Information,12/4/2016 12:19:52 PM,Service Control Manager,7036,None,The DNS Client service entered the running state.
Information,12/4/2016 12:19:52 PM,Service Control Manager,7036,None,The WinHTTP Web Proxy Auto-Discovery Service service entered the running state.
Information,12/4/2016 12:19:52 PM,Service Control Manager,7036,None,The Windows Update service entered the running state.
Information,12/4/2016 12:13:45 PM,Service Control Manager,7036,None,The Software Protection service entered the stopped state.
Information,12/4/2016 12:13:14 PM,Service Control Manager,7036,None,The Software Protection service entered the running state.
Information,12/4/2016 12:04:16 PM,Service Control Manager,7036,None,The DNS Client service entered the stopped state.
Information,12/4/2016 12:00:00 PM,EventLog,6013,None,The system uptime is 155878 seconds.
Information,12/4/2016 11:44:16 AM,Service Control Manager,7036,None,The DNS Client service entered the running state.
Information,12/4/2016 11:43:44 AM,Service Control Manager,7036,None,The Software Protection service entered the stopped state.
Information,12/4/2016 11:43:14 AM,Service Control Manager,7036,None,The Software Protection service entered the running state.
Information,12/4/2016 11:13:44 AM,Service Control Manager,7036,None,The Software Protection service entered the stopped state.
Information,12/4/2016 11:13:14 AM,Service Control Manager,7036,None,The Software Protection service entered the running state.
Information,12/4/2016 11:08:42 AM,Service Control Manager,7036,None,The DNS Client service entered the stopped state.
Information,12/4/2016 10:55:42 AM,Service Control Manager,7036,None,The WinHTTP Web Proxy Auto-Discovery Service service entered the stopped state.
Information,12/4/2016 10:43:44 AM,Service Control Manager,7036,None,The Software Protection service entered the stopped state.
Information,12/4/2016 10:43:14 AM,Service Control Manager,7036,None,The Software Protection service entered the running state.
Information,12/4/2016 10:38:43 AM,Service Control Manager,7036,None,The Windows Update service entered the stopped state.
Error,12/4/2016 10:36:45 AM,Schannel,36888,None,A fatal alert was generated and sent to the remote endpoint. This may result in termination of the connection. The TLS protocol defined fatal error code is 10. The Windows SChannel error state is 1203.
Error,12/4/2016 10:36:45 AM,Schannel,36888,None,A fatal alert was generated and sent to the remote endpoint. This may result in termination of the connection. The TLS protocol defined fatal error code is 10. The Windows SChannel error state is 1203.
Error,12/4/2016 10:36:45 AM,Schannel,36888,None,A fatal alert was generated and sent to the remote endpoint. This may result in termination of the connection. The TLS protocol defined fatal error code is 10. The Windows SChannel error state is 1203.
Error,12/4/2016 10:36:45 AM,Schannel,36888,None,A fatal alert was generated and sent to the remote endpoint. This may result in termination of the connection. The TLS protocol defined fatal error code is 10. The Windows SChannel error state is 1203.
Information,12/4/2016 10:28:42 AM,Service Control Manager,7036,None,The DNS Client service entered the running state.
Information,12/4/2016 10:28:42 AM,Service Control Manager,7036,None,The WinHTTP Web Proxy Auto-Discovery Service service entered the running state.
Information,12/4/2016 10:28:42 AM,Service Control Manager,7036,None,The Windows Update service entered the running state.
Information,12/4/2016 10:21:43 AM,Service Control Manager,7036,None,The DNS Client service entered the stopped state.
Information,12/4/2016 10:13:44 AM,Service Control Manager,7036,None,The Software Protection service entered the stopped state.
Information,12/4/2016 10:13:14 AM,Service Control Manager,7036,None,The Software Protection service entered the running state.
Information,12/4/2016 10:11:43 AM,Service Control Manager,7036,None,The WinHTTP Web Proxy Auto-Discovery Service service entered the stopped state.
Information,12/4/2016 9:53:47 AM,Service Control Manager,7036,None,The Windows Update service entered the stopped state.
Information,12/4/2016 9:43:45 AM,Service Control Manager,7036,None,The Windows Update service entered the running state.
Information,12/4/2016 9:43:44 AM,Service Control Manager,7036,None,The Software Protection service entered the stopped state.
Information,12/4/2016 9:43:14 AM,Service Control Manager,7036,None,The Software Protection service entered the running state.
Information,12/4/2016 9:20:19 AM,Service Control Manager,7036,None,The Google Update Service (gupdate) service entered the stopped state.
Information,12/4/2016 9:20:18 AM,Service Control Manager,7036,None,The Google Update Service (gupdate) service entered the running state.
Information,12/4/2016 9:14:33 AM,Service Control Manager,7036,None,The Windows Update service entered the stopped state.
Information,12/4/2016 9:13:44 AM,Service Control Manager,7036,None,The Software Protection service entered the stopped state.
Information,12/4/2016 9:13:13 AM,Service Control Manager,7036,None,The Software Protection service entered the running state.
Information,12/4/2016 8:58:31 AM,Service Control Manager,7036,None,The Windows Modules Installer service entered the stopped state.
Information,12/4/2016 8:56:53 AM,Service Control Manager,7036,None,The Software Protection service entered the stopped state.
Information,12/4/2016 8:56:23 AM,Service Control Manager,7036,None,The Software Protection service entered the running state.
Information,12/4/2016 8:56:21 AM,Service Control Manager,7036,None,The Windows Modules Installer service entered the running state.
Information,12/4/2016 8:43:43 AM,Service Control Manager,7036,None,The Software Protection service entered the stopped state.
Information,12/4/2016 8:43:13 AM,Service Control Manager,7036,None,The Software Protection service entered the running state.
Information,12/4/2016 8:41:43 AM,Service Control Manager,7036,None,The DNS Client service entered the running state.
Information,12/4/2016 8:41:43 AM,Service Control Manager,7036,None,The WinHTTP Web Proxy Auto-Discovery Service service entered the running state.
Information,12/4/2016 8:41:43 AM,Service Control Manager,7036,None,The Windows Update service entered the running state.
Error,12/4/2016 8:26:39 AM,Schannel,36888,None,A fatal alert was generated and sent to the remote endpoint. This may result in termination of the connection. The TLS protocol defined fatal error code is 10. The Windows SChannel error state is 1203.
Error,12/4/2016 8:26:39 AM,Schannel,36888,None,A fatal alert was generated and sent to the remote endpoint. This may result in termination of the connection. The TLS protocol defined fatal error code is 10. The Windows SChannel error state is 1203.
Information,12/4/2016 8:13:43 AM,Service Control Manager,7036,None,The Software Protection service entered the stopped state.
Information,12/4/2016 8:13:13 AM,Service Control Manager,7036,None,The Software Protection service entered the running state.
Information,12/4/2016 8:05:19 AM,Service Control Manager,7036,None,The DNS Client service entered the stopped state.
Information,12/4/2016 7:52:19 AM,Service Control Manager,7036,None,The WinHTTP Web Proxy Auto-Discovery Service service entered the stopped state.
Information,12/4/2016 7:43:43 AM,Service Control Manager,7036,None,The Software Protection service entered the stopped state.
Information,12/4/2016 7:43:13 AM,Service Control Manager,7036,None,The Software Protection service entered the running state.
Information,12/4/2016 7:35:21 AM,Service Control Manager,7036,None,The Windows Update service entered the stopped state.
Information,12/4/2016 7:25:19 AM,Service Control Manager,7036,None,The DNS Client service entered the running state.
Information,12/4/2016 7:25:19 AM,Service Control Manager,7036,None,The WinHTTP Web Proxy Auto-Discovery Service service entered the running state.
Information,12/4/2016 7:25:19 AM,Service Control Manager,7036,None,The Windows Update service entered the running state.
Information,12/4/2016 7:13:43 AM,Service Control Manager,7036,None,The Software Protection service entered the stopped state.
Information,12/4/2016 7:13:13 AM,Service Control Manager,7036,None,The Software Protection service entered the running state.
Information,12/4/2016 7:04:16 AM,Service Control Manager,7036,None,The DNS Client service entered the stopped state.
Information,12/4/2016 6:44:16 AM,Service Control Manager,7036,None,The DNS Client service entered the running state.
Information,12/4/2016 6:43:43 AM,Service Control Manager,7036,None,The Software Protection service entered the stopped state.
Information,12/4/2016 6:43:13 AM,Service Control Manager,7036,None,The Software Protection service entered the running state.
Information,12/4/2016 6:17:30 AM,Service Control Manager,7036,None,The DNS Client service entered the stopped state.
Information,12/4/2016 6:13:43 AM,Service Control Manager,7036,None,The Software Protection service entered the stopped state.
Information,12/4/2016 6:13:12 AM,Service Control Manager,7036,None,The Software Protection service entered the running state.
Information,12/4/2016 6:04:30 AM,Service Control Manager,7036,None,The WinHTTP Web Proxy Auto-Discovery Service service entered the stopped state.
Information,12/4/2016 5:55:53 AM,Service Control Manager,7036,None,The Device Setup Manager service entered the stopped state.
Information,12/4/2016 5:53:52 AM,Service Control Manager,7036,None,The Device Setup Manager service entered the running state.
Information,12/4/2016 5:47:32 AM,Service Control Manager,7036,None,The Windows Update service entered the stopped state.
Information,12/4/2016 5:43:43 AM,Service Control Manager,7036,None,The Software Protection service entered the stopped state.
Information,12/4/2016 5:43:12 AM,Service Control Manager,7036,None,The Software Protection service entered the running state.
Information,12/4/2016 5:37:30 AM,Service Control Manager,7036,None,The DNS Client service entered the running state.
Information,12/4/2016 5:37:30 AM,Service Control Manager,7036,None,The WinHTTP Web Proxy Auto-Discovery Service service entered the running state.
Information,12/4/2016 5:37:30 AM,Service Control Manager,7036,None,The Windows Update service entered the running state.
Information,12/4/2016 5:13:42 AM,Service Control Manager,7036,None,The Software Protection service entered the stopped state.
Information,12/4/2016 5:13:12 AM,Service Control Manager,7036,None,The Software Protection service entered the running state.
Information,12/4/2016 5:10:20 AM,Service Control Manager,7036,None,The DNS Client service entered the stopped state.
Information,12/4/2016 4:55:20 AM,Service Control Manager,7036,None,The WinHTTP Web Proxy Auto-Discovery Service service entered the stopped state.
Information,12/4/2016 4:43:42 AM,Service Control Manager,7036,None,The Software Protection service entered the stopped state.
Information,12/4/2016 4:43:12 AM,Service Control Manager,7036,None,The Software Protection service entered the running state.
Information,12/4/2016 4:37:11 AM,Service Control Manager,7036,None,The Windows Update service entered the stopped state.
Information,12/4/2016 4:27:09 AM,Service Control Manager,7036,None,The Windows Update service entered the running state.
Information,12/4/2016 4:20:18 AM,Service Control Manager,7036,None,The Google Update Service (gupdate) service entered the stopped state.
Information,12/4/2016 4:20:18 AM,Service Control Manager,7036,None,The Google Update Service (gupdate) service entered the running state.
Information,12/4/2016 4:13:42 AM,Service Control Manager,7036,None,The Software Protection service entered the stopped state.
Information,12/4/2016 4:13:12 AM,Service Control Manager,7036,None,The Software Protection service entered the running state.
Information,12/4/2016 4:12:20 AM,Service Control Manager,7036,None,The Windows Error Reporting Service service entered the stopped state.
Information,12/4/2016 4:10:36 AM,Service Control Manager,7036,None,The Windows Time service entered the stopped state.
Information,12/4/2016 4:10:36 AM,Microsoft-Windows-Kernel-General,1,None,"The system time has changed to ‎2016‎-‎12‎-‎04T12:10:36.263000000Z from ‎2016‎-‎12‎-‎04T12:10:36.263776100Z.

Change Reason: An application or system component changed the time."
Information,12/4/2016 4:10:36 AM,Microsoft-Windows-Time-Service,35,None,"The time service is now synchronizing the system time with the time source time.windows.com,0x9 (ntp.m|0x9|0.0.0.0:123->13.85.70.43:123)."
Information,12/4/2016 4:10:21 AM,Microsoft-Windows-Time-Service,37,None,"The time provider NtpClient is currently receiving valid time data from time.windows.com,0x9 (ntp.m|0x9|0.0.0.0:123->13.85.70.43:123)."
Information,12/4/2016 4:10:20 AM,Service Control Manager,7036,None,The Problem Reports and Solutions Control Panel Support service entered the stopped state.
Information,12/4/2016 4:10:20 AM,Service Control Manager,7036,None,The Problem Reports and Solutions Control Panel Support service entered the running state.
Information,12/4/2016 4:10:20 AM,Service Control Manager,7036,None,The Windows Time service entered the running state.
Information,12/4/2016 4:10:20 AM,Service Control Manager,7036,None,The DNS Client service entered the running state.
Information,12/4/2016 4:10:20 AM,Service Control Manager,7036,None,The WinHTTP Web Proxy Auto-Discovery Service service entered the running state.
Information,12/4/2016 4:10:20 AM,Service Control Manager,7036,None,The Windows Error Reporting Service service entered the running state.
Information,12/4/2016 4:04:13 AM,Service Control Manager,7036,None,The DNS Client service entered the stopped state.
Information,12/4/2016 3:43:42 AM,Service Control Manager,7036,None,The Software Protection service entered the stopped state.
Information,12/4/2016 3:43:12 AM,Service Control Manager,7036,None,The Software Protection service entered the running state.
Information,12/4/2016 3:36:13 AM,Service Control Manager,7036,None,The WinHTTP Web Proxy Auto-Discovery Service service entered the stopped state.
Information,12/4/2016 3:19:14 AM,Service Control Manager,7036,None,The Windows Update service entered the stopped state.
Information,12/4/2016 3:13:42 AM,Service Control Manager,7036,None,The Software Protection service entered the stopped state.
Information,12/4/2016 3:13:11 AM,Service Control Manager,7036,None,The Software Protection service entered the running state.
Information,12/4/2016 3:09:13 AM,Service Control Manager,7036,None,The DNS Client service entered the running state.
Information,12/4/2016 3:09:13 AM,Service Control Manager,7036,None,The WinHTTP Web Proxy Auto-Discovery Service service entered the running state.
Information,12/4/2016 3:09:13 AM,Service Control Manager,7036,None,The Windows Update service entered the running state.
Information,12/4/2016 3:00:13 AM,Service Control Manager,7036,None,The DNS Client service entered the stopped state.
Information,12/4/2016 2:44:16 AM,Service Control Manager,7036,None,The DNS Client service entered the running state.
Information,12/4/2016 2:43:42 AM,Service Control Manager,7036,None,The Software Protection service entered the stopped state.
Information,12/4/2016 2:43:11 AM,Service Control Manager,7036,None,The Software Protection service entered the running state.
Information,12/4/2016 2:17:12 AM,Service Control Manager,7036,None,The DNS Client service entered the stopped state.
Information,12/4/2016 2:13:41 AM,Service Control Manager,7036,None,The Software Protection service entered the stopped state.
Information,12/4/2016 2:13:11 AM,Service Control Manager,7036,None,The Software Protection service entered the running state.
Information,12/4/2016 2:04:12 AM,Service Control Manager,7036,None,The WinHTTP Web Proxy Auto-Discovery Service service entered the stopped state.
Error,12/4/2016 2:03:47 AM,Schannel,36888,None,A fatal alert was generated and sent to the remote endpoint. This may result in termination of the connection. The TLS protocol defined fatal error code is 10. The Windows SChannel error state is 1203.
Error,12/4/2016 2:03:47 AM,Schannel,36888,None,A fatal alert was generated and sent to the remote endpoint. This may result in termination of the connection. The TLS protocol defined fatal error code is 10. The Windows SChannel error state is 1203.
Information,12/4/2016 1:47:13 AM,Service Control Manager,7036,None,The Windows Update service entered the stopped state.
Information,12/4/2016 1:43:41 AM,Service Control Manager,7036,None,The Software Protection service entered the stopped state.
Information,12/4/2016 1:43:11 AM,Service Control Manager,7036,None,The Software Protection service entered the running state.
Error,12/4/2016 1:41:57 AM,Schannel,36888,None,A fatal alert was generated and sent to the remote endpoint. This may result in termination of the connection. The TLS protocol defined fatal error code is 10. The Windows SChannel error state is 1203.
Error,12/4/2016 1:41:57 AM,Schannel,36888,None,A fatal alert was generated and sent to the remote endpoint. This may result in termination of the connection. The TLS protocol defined fatal error code is 10. The Windows SChannel error state is 1203.
Information,12/4/2016 1:37:12 AM,Service Control Manager,7036,None,The DNS Client service entered the running state.
Information,12/4/2016 1:37:12 AM,Service Control Manager,7036,None,The WinHTTP Web Proxy Auto-Discovery Service service entered the running state.
Information,12/4/2016 1:37:12 AM,Service Control Manager,7036,None,The Windows Update service entered the running state.
Information,12/4/2016 1:13:41 AM,Service Control Manager,7036,None,The Software Protection service entered the stopped state.
Information,12/4/2016 1:13:11 AM,Service Control Manager,7036,None,The Software Protection service entered the running state.
Information,12/4/2016 1:04:16 AM,Service Control Manager,7036,None,The DNS Client service entered the stopped state.
Information,12/4/2016 12:44:16 AM,Service Control Manager,7036,None,The DNS Client service entered the running state.
Information,12/4/2016 12:43:41 AM,Service Control Manager,7036,None,The Software Protection service entered the stopped state.
Information,12/4/2016 12:43:11 AM,Service Control Manager,7036,None,The Software Protection service entered the running state.
Information,12/4/2016 12:30:26 AM,Service Control Manager,7036,None,The DNS Client service entered the stopped state.
Information,12/4/2016 12:14:26 AM,Service Control Manager,7036,None,The WinHTTP Web Proxy Auto-Discovery Service service entered the stopped state.
Information,12/4/2016 12:13:41 AM,Service Control Manager,7036,None,The Software Protection service entered the stopped state.
Information,12/4/2016 12:13:10 AM,Service Control Manager,7036,None,The Software Protection service entered the running state.
Information,12/3/2016 11:57:12 PM,Service Control Manager,7036,None,The Windows Update service entered the stopped state.
Information,12/3/2016 11:47:10 PM,Service Control Manager,7036,None,The Windows Update service entered the running state.
Information,12/3/2016 11:43:41 PM,Service Control Manager,7036,None,The Software Protection service entered the stopped state.
Information,12/3/2016 11:43:10 PM,Service Control Manager,7036,None,The Software Protection service entered the running state.
Information,12/3/2016 11:20:26 PM,Service Control Manager,7036,None,The Google Update Service (gupdate) service entered the stopped state.
Information,12/3/2016 11:20:26 PM,Service Control Manager,7036,None,The DNS Client service entered the running state.
Information,12/3/2016 11:20:26 PM,Service Control Manager,7036,None,The WinHTTP Web Proxy Auto-Discovery Service service entered the running state.
Information,12/3/2016 11:20:26 PM,Service Control Manager,7036,None,The Google Update Service (gupdate) service entered the running state.
Information,12/3/2016 11:13:40 PM,Service Control Manager,7036,None,The Software Protection service entered the stopped state.
Information,12/3/2016 11:13:10 PM,Service Control Manager,7036,None,The Software Protection service entered the running state.
Information,12/3/2016 11:04:16 PM,Service Control Manager,7036,None,The DNS Client service entered the stopped state.
Information,12/3/2016 10:55:28 PM,Service Control Manager,7040,None,The start type of the Background Intelligent Transfer Service service was changed from auto start to demand start.
Information,12/3/2016 10:53:41 PM,Service Control Manager,7036,None,The Application Experience service entered the stopped state.
Information,12/3/2016 10:46:16 PM,Service Control Manager,7036,None,The Smart Card Device Enumeration Service service entered the stopped state.
Information,12/3/2016 10:45:44 PM,Service Control Manager,7036,None,The Windows Error Reporting Service service entered the stopped state.
Information,12/3/2016 10:44:16 PM,Service Control Manager,7036,None,The DNS Client service entered the running state.
Information,12/3/2016 10:43:41 PM,Application Popup,26,None,Application popup: mkdir.exe - System Error : The program can't start because cygintl-2.dll is missing from your computer. Try reinstalling the program to fix this problem. 
Information,12/3/2016 10:43:40 PM,Service Control Manager,7036,None,The Software Protection service entered the stopped state.
Information,12/3/2016 10:43:25 PM,Application Popup,26,None,Application popup: chown.exe - System Error : The program can't start because cygintl-2.dll is missing from your computer. Try reinstalling the program to fix this problem. 
Information,12/3/2016 10:43:20 PM,Application Popup,26,None,Application popup: chmod.exe - System Error : The program can't start because cygintl-2.dll is missing from your computer. Try reinstalling the program to fix this problem. 
Information,12/3/2016 10:43:10 PM,Service Control Manager,7036,None,The Software Protection service entered the running state.
Information,12/3/2016 10:43:02 PM,Service Control Manager,7036,None,The Windows Error Reporting Service service entered the running state.
Information,12/3/2016 10:39:33 PM,Service Control Manager,7036,None,The Application Experience service entered the running state.
Information,12/3/2016 10:39:28 PM,Service Control Manager,7036,None,The DNS Client service entered the stopped state.
Information,12/3/2016 10:28:01 PM,Service Control Manager,7036,None,The WinHTTP Web Proxy Auto-Discovery Service service entered the stopped state.
Information,12/3/2016 10:20:02 PM,Service Control Manager,7036,None,The Application Experience service entered the stopped state.
Information,12/3/2016 10:13:40 PM,Service Control Manager,7036,None,The Software Protection service entered the stopped state.
Information,12/3/2016 10:13:10 PM,Service Control Manager,7036,None,The Software Protection service entered the running state.
Information,12/3/2016 10:02:44 PM,Service Control Manager,7036,None,The Software Protection service entered the stopped state.
Information,12/3/2016 10:02:35 PM,Service Control Manager,7036,None,The Windows Update service entered the stopped state.
Information,12/3/2016 10:02:14 PM,Service Control Manager,7036,None,The Software Protection service entered the running state.
Information,12/3/2016 10:01:32 PM,Service Control Manager,7036,None,The Application Experience service entered the running state.
Information,12/3/2016 10:01:17 PM,Service Control Manager,7036,None,The Application Experience service entered the stopped state.
Information,12/3/2016 9:55:16 PM,Service Control Manager,7040,None,The start type of the Background Intelligent Transfer Service service was changed from demand start to auto start.
Information,12/3/2016 9:52:33 PM,Service Control Manager,7036,None,The Windows Update service entered the running state.
Information,12/3/2016 9:51:15 PM,Service Control Manager,7036,None,The Software Protection service entered the stopped state.
Information,12/3/2016 9:50:45 PM,Service Control Manager,7036,None,The Software Protection service entered the running state.
Information,12/3/2016 9:50:31 PM,Service Control Manager,7036,None,The WinHTTP Web Proxy Auto-Discovery Service service entered the running state.
Information,12/3/2016 9:47:23 PM,Service Control Manager,7036,None,The WinHTTP Web Proxy Auto-Discovery Service service entered the stopped state.
Information,12/3/2016 9:44:49 PM,Service Control Manager,7036,None,The Application Experience service entered the running state.
Information,12/3/2016 9:43:40 PM,Service Control Manager,7036,None,The Software Protection service entered the stopped state.
Information,12/3/2016 9:43:10 PM,Service Control Manager,7036,None,The Software Protection service entered the running state.
Information,12/3/2016 9:36:48 PM,Service Control Manager,7036,None,The Application Experience service entered the stopped state.
Information,12/3/2016 9:32:18 PM,Service Control Manager,7036,None,The Windows Error Reporting Service service entered the stopped state.
Information,12/3/2016 9:30:18 PM,Service Control Manager,7036,None,The Windows Error Reporting Service service entered the running state.
Information,12/3/2016 9:29:35 PM,Service Control Manager,7036,None,The Windows Error Reporting Service service entered the stopped state.
Information,12/3/2016 9:27:07 PM,Service Control Manager,7036,None,The Windows Error Reporting Service service entered the running state.
Information,12/3/2016 9:20:00 PM,Service Control Manager,7045,None,"A service was installed in the system.

Service Name:  OpenSSH Server
Service File Name:  C:\Program Files (x86)\OpenSSH\bin\cygrunsrv.exe
Service Type:  user mode service
Service Start Type:  auto start
Service Account:  LocalSystem"
Information,12/3/2016 9:19:56 PM,Microsoft-Windows-Kernel-General,16,None,The access history in hive \??\C:\Users\Administrator\AppData\Local\Microsoft\Windows\UsrClass.dat was cleared updating 83 keys and creating 11 modified pages.
Information,12/3/2016 9:19:16 PM,Service Control Manager,7036,None,The Application Experience service entered the running state.
Information,12/3/2016 9:18:53 PM,Service Control Manager,7036,None,The WinHTTP Web Proxy Auto-Discovery Service service entered the running state.
Information,12/3/2016 9:13:40 PM,Service Control Manager,7036,None,The Software Protection service entered the stopped state.
Information,12/3/2016 9:13:09 PM,Service Control Manager,7036,None,The Software Protection service entered the running state.
Information,12/3/2016 9:07:58 PM,Service Control Manager,7036,None,The WinHTTP Web Proxy Auto-Discovery Service service entered the stopped state.
Information,12/3/2016 9:06:33 PM,Service Control Manager,7036,None,The Application Experience service entered the stopped state.
Information,12/3/2016 8:56:34 PM,Service Control Manager,7036,None,The CYGWIN sshd service entered the running state.
Information,12/3/2016 8:55:39 PM,Service Control Manager,7045,None,"A service was installed in the system.

Service Name:  CYGWIN sshd
Service File Name:  C:\cygwin\bin\cygrunsrv.exe
Service Type:  user mode service
Service Start Type:  auto start
Service Account:  LocalSystem"
Information,12/3/2016 8:54:29 PM,Service Control Manager,7036,None,The Windows Error Reporting Service service entered the stopped state.
Information,12/3/2016 8:52:29 PM,Service Control Manager,7036,None,The Windows Error Reporting Service service entered the running state.
Information,12/3/2016 8:49:39 PM,Service Control Manager,7036,None,The Windows Update service entered the stopped state.
Information,12/3/2016 8:49:38 PM,Service Control Manager,7036,None,The Application Experience service entered the running state.
Information,12/3/2016 8:49:31 PM,Service Control Manager,7036,None,The Application Experience service entered the stopped state.
Information,12/3/2016 8:43:40 PM,Service Control Manager,7036,None,The Software Protection service entered the stopped state.
Information,12/3/2016 8:43:09 PM,Service Control Manager,7036,None,The Software Protection service entered the running state.
Information,12/3/2016 8:41:28 PM,Service Control Manager,7036,None,The Portable Device Enumerator Service service entered the stopped state.
Information,12/3/2016 8:39:31 PM,Service Control Manager,7036,None,The Application Experience service entered the running state.
Information,12/3/2016 8:39:30 PM,Service Control Manager,7036,None,The Application Information service entered the running state.
Information,12/3/2016 8:39:28 PM,Service Control Manager,7036,None,The Smart Card Device Enumeration Service service entered the running state.
Information,12/3/2016 8:39:28 PM,Service Control Manager,7036,None,The Portable Device Enumerator Service service entered the running state.
Information,12/3/2016 8:39:28 PM,Service Control Manager,7036,None,The Windows Update service entered the running state.
Information,12/3/2016 8:39:28 PM,Service Control Manager,7036,None,The DNS Client service entered the running state.
Information,12/3/2016 8:39:28 PM,Service Control Manager,7036,None,The WinHTTP Web Proxy Auto-Discovery Service service entered the running state.
Information,12/3/2016 8:39:27 PM,Microsoft-Windows-Winlogon,7001,(1101),User Logon Notification for Customer Experience Improvement Program
Information,12/3/2016 8:39:27 PM,Service Control Manager,7036,None,The Shell Hardware Detection service entered the running state.
Information,12/3/2016 8:13:39 PM,Service Control Manager,7036,None,The Software Protection service entered the stopped state.
Information,12/3/2016 8:13:09 PM,Service Control Manager,7036,None,The Software Protection service entered the running state.
Information,12/3/2016 7:59:52 PM,Service Control Manager,7036,None,The DNS Client service entered the stopped state.
Information,12/3/2016 7:46:52 PM,Service Control Manager,7036,None,The WinHTTP Web Proxy Auto-Discovery Service service entered the stopped state.
Information,12/3/2016 7:43:39 PM,Service Control Manager,7036,None,The Software Protection service entered the stopped state.
Information,12/3/2016 7:43:09 PM,Service Control Manager,7036,None,The Software Protection service entered the running state.
Information,12/3/2016 7:29:53 PM,Service Control Manager,7036,None,The Windows Update service entered the stopped state.
Information,12/3/2016 7:19:52 PM,Service Control Manager,7036,None,The DNS Client service entered the running state.
Information,12/3/2016 7:19:52 PM,Service Control Manager,7036,None,The WinHTTP Web Proxy Auto-Discovery Service service entered the running state.
Information,12/3/2016 7:19:52 PM,Service Control Manager,7036,None,The Windows Update service entered the running state.
Information,12/3/2016 7:13:39 PM,Service Control Manager,7036,None,The Software Protection service entered the stopped state.
Information,12/3/2016 7:13:09 PM,Service Control Manager,7036,None,The Software Protection service entered the running state.
Information,12/3/2016 7:00:33 PM,Service Control Manager,7036,None,The DNS Client service entered the stopped state.
Information,12/3/2016 6:47:33 PM,Service Control Manager,7036,None,The WinHTTP Web Proxy Auto-Discovery Service service entered the stopped state.
Information,12/3/2016 6:43:39 PM,Service Control Manager,7036,None,The Software Protection service entered the stopped state.
Information,12/3/2016 6:43:09 PM,Service Control Manager,7036,None,The Software Protection service entered the running state.
Information,12/3/2016 6:20:33 PM,Service Control Manager,7036,None,The Google Update Service (gupdate) service entered the stopped state.
Information,12/3/2016 6:20:33 PM,Service Control Manager,7036,None,The DNS Client service entered the running state.
Information,12/3/2016 6:20:33 PM,Service Control Manager,7036,None,The WinHTTP Web Proxy Auto-Discovery Service service entered the running state.
Information,12/3/2016 6:20:32 PM,Service Control Manager,7036,None,The Google Update Service (gupdate) service entered the running state.
Information,12/3/2016 6:14:37 PM,Service Control Manager,7036,None,The DNS Client service entered the stopped state.
Information,12/3/2016 6:13:39 PM,Service Control Manager,7036,None,The Software Protection service entered the stopped state.
Information,12/3/2016 6:13:09 PM,Service Control Manager,7036,None,The Software Protection service entered the running state.
Information,12/3/2016 6:03:07 PM,Service Control Manager,7036,None,The WinHTTP Web Proxy Auto-Discovery Service service entered the stopped state.
Error,12/3/2016 5:55:54 PM,Schannel,36888,None,A fatal alert was generated and sent to the remote endpoint. This may result in termination of the connection. The TLS protocol defined fatal error code is 10. The Windows SChannel error state is 1203.
Error,12/3/2016 5:55:54 PM,Schannel,36888,None,A fatal alert was generated and sent to the remote endpoint. This may result in termination of the connection. The TLS protocol defined fatal error code is 10. The Windows SChannel error state is 1203.
Information,12/3/2016 5:44:39 PM,Service Control Manager,7036,None,The Windows Update service entered the stopped state.
Information,12/3/2016 5:43:39 PM,Service Control Manager,7036,None,The Software Protection service entered the stopped state.
Information,12/3/2016 5:43:08 PM,Service Control Manager,7036,None,The Software Protection service entered the running state.
Information,12/3/2016 5:34:37 PM,Service Control Manager,7036,None,The DNS Client service entered the running state.
Information,12/3/2016 5:34:37 PM,Service Control Manager,7036,None,The WinHTTP Web Proxy Auto-Discovery Service service entered the running state.
Information,12/3/2016 5:34:37 PM,Service Control Manager,7036,None,The Windows Update service entered the running state.
Information,12/3/2016 5:13:39 PM,Service Control Manager,7036,None,The Software Protection service entered the stopped state.
Information,12/3/2016 5:13:08 PM,Service Control Manager,7036,None,The Software Protection service entered the running state.
Information,12/3/2016 5:02:03 PM,Service Control Manager,7036,None,The DNS Client service entered the stopped state.
Information,12/3/2016 4:49:03 PM,Service Control Manager,7036,None,The WinHTTP Web Proxy Auto-Discovery Service service entered the stopped state.
Information,12/3/2016 4:43:39 PM,Service Control Manager,7036,None,The Software Protection service entered the stopped state.
Information,12/3/2016 4:43:08 PM,Service Control Manager,7036,None,The Software Protection service entered the running state.
Information,12/3/2016 4:32:04 PM,Service Control Manager,7036,None,The Windows Update service entered the stopped state.
Information,12/3/2016 4:22:03 PM,Service Control Manager,7036,None,The DNS Client service entered the running state.
Information,12/3/2016 4:22:03 PM,Service Control Manager,7036,None,The WinHTTP Web Proxy Auto-Discovery Service service entered the running state.
Information,12/3/2016 4:22:03 PM,Service Control Manager,7036,None,The Windows Update service entered the running state.
