Information,11/30/2016 3:36:28 AM,Service Control Manager,7036,None,The WinHTTP Web Proxy Auto-Discovery Service service entered the running state.
Information,11/30/2016 3:11:15 AM,Service Control Manager,7036,None,The Software Protection service entered the stopped state.
Information,11/30/2016 3:10:45 AM,Service Control Manager,7036,None,The Software Protection service entered the running state.
Information,11/30/2016 2:48:28 AM,Service Control Manager,7036,None,The DNS Client service entered the stopped state.
Information,11/30/2016 2:41:15 AM,Service Control Manager,7036,None,The Software Protection service entered the stopped state.
Information,11/30/2016 2:40:45 AM,Service Control Manager,7036,None,The Software Protection service entered the running state.
Information,11/30/2016 2:35:28 AM,Service Control Manager,7036,None,The WinHTTP Web Proxy Auto-Discovery Service service entered the stopped state.
Information,11/30/2016 2:11:15 AM,Service Control Manager,7036,None,The Software Protection service entered the stopped state.
Information,11/30/2016 2:10:45 AM,Service Control Manager,7036,None,The Software Protection service entered the running state.
Information,11/30/2016 2:08:28 AM,Service Control Manager,7036,None,The DNS Client service entered the running state.
Information,11/30/2016 2:08:28 AM,Service Control Manager,7036,None,The WinHTTP Web Proxy Auto-Discovery Service service entered the running state.
Information,11/30/2016 1:41:15 AM,Service Control Manager,7036,None,The Software Protection service entered the stopped state.
Information,11/30/2016 1:40:45 AM,Service Control Manager,7036,None,The Software Protection service entered the running state.
Information,11/30/2016 1:21:58 AM,Service Control Manager,7036,None,The DNS Client service entered the stopped state.
Information,11/30/2016 1:12:28 AM,Service Control Manager,7036,None,The WinHTTP Web Proxy Auto-Discovery Service service entered the stopped state.
Information,11/30/2016 1:11:15 AM,Service Control Manager,7036,None,The Software Protection service entered the stopped state.
Information,11/30/2016 1:10:44 AM,Service Control Manager,7036,None,The Software Protection service entered the running state.
Information,11/30/2016 12:45:28 AM,Service Control Manager,7036,None,The DNS Client service entered the running state.
Information,11/30/2016 12:45:28 AM,Service Control Manager,7036,None,The WinHTTP Web Proxy Auto-Discovery Service service entered the running state.
Information,11/30/2016 12:41:14 AM,Service Control Manager,7036,None,The Software Protection service entered the stopped state.
Information,11/30/2016 12:40:44 AM,Service Control Manager,7036,None,The Software Protection service entered the running state.
Information,11/30/2016 12:11:14 AM,Service Control Manager,7036,None,The Software Protection service entered the stopped state.
Information,11/30/2016 12:10:44 AM,Service Control Manager,7036,None,The Software Protection service entered the running state.
Information,11/29/2016 11:41:14 PM,Service Control Manager,7036,None,The Software Protection service entered the stopped state.
Information,11/29/2016 11:40:44 PM,Service Control Manager,7036,None,The Software Protection service entered the running state.
Information,11/29/2016 11:39:28 PM,Service Control Manager,7036,None,The DNS Client service entered the stopped state.
Information,11/29/2016 11:26:28 PM,Service Control Manager,7036,None,The WinHTTP Web Proxy Auto-Discovery Service service entered the stopped state.
Information,11/29/2016 11:11:14 PM,Service Control Manager,7036,None,The Software Protection service entered the stopped state.
Information,11/29/2016 11:10:44 PM,Service Control Manager,7036,None,The Software Protection service entered the running state.
Information,11/29/2016 10:59:28 PM,Service Control Manager,7036,None,The DNS Client service entered the running state.
Information,11/29/2016 10:59:28 PM,Service Control Manager,7036,None,The WinHTTP Web Proxy Auto-Discovery Service service entered the running state.
Information,11/29/2016 10:41:14 PM,Service Control Manager,7036,None,The Software Protection service entered the stopped state.
Information,11/29/2016 10:40:44 PM,Service Control Manager,7036,None,The Software Protection service entered the running state.
Information,11/29/2016 10:11:14 PM,Service Control Manager,7036,None,The Software Protection service entered the stopped state.
Information,11/29/2016 10:10:43 PM,Service Control Manager,7036,None,The Software Protection service entered the running state.
Information,11/29/2016 10:05:27 PM,Service Control Manager,7036,None,The DNS Client service entered the stopped state.
Information,11/29/2016 9:52:27 PM,Service Control Manager,7036,None,The WinHTTP Web Proxy Auto-Discovery Service service entered the stopped state.
Information,11/29/2016 9:41:14 PM,Service Control Manager,7036,None,The Software Protection service entered the stopped state.
Information,11/29/2016 9:40:43 PM,Service Control Manager,7036,None,The Software Protection service entered the running state.
Information,11/29/2016 9:25:27 PM,Service Control Manager,7036,None,The DNS Client service entered the running state.
Information,11/29/2016 9:25:27 PM,Service Control Manager,7036,None,The WinHTTP Web Proxy Auto-Discovery Service service entered the running state.
Information,11/29/2016 9:11:13 PM,Service Control Manager,7036,None,The Software Protection service entered the stopped state.
Information,11/29/2016 9:10:43 PM,Service Control Manager,7036,None,The Software Protection service entered the running state.
Information,11/29/2016 8:46:27 PM,Service Control Manager,7036,None,The DNS Client service entered the stopped state.
Information,11/29/2016 8:41:13 PM,Service Control Manager,7036,None,The Software Protection service entered the stopped state.
Information,11/29/2016 8:40:43 PM,Service Control Manager,7036,None,The Software Protection service entered the running state.
Information,11/29/2016 8:34:57 PM,Service Control Manager,7036,None,The WinHTTP Web Proxy Auto-Discovery Service service entered the stopped state.
Information,11/29/2016 8:11:13 PM,Service Control Manager,7036,None,The Software Protection service entered the stopped state.
Information,11/29/2016 8:10:43 PM,Service Control Manager,7036,None,The Software Protection service entered the running state.
Information,11/29/2016 8:06:27 PM,Service Control Manager,7036,None,The DNS Client service entered the running state.
Information,11/29/2016 8:06:27 PM,Service Control Manager,7036,None,The WinHTTP Web Proxy Auto-Discovery Service service entered the running state.
Information,11/29/2016 7:46:26 PM,Service Control Manager,7036,None,The DNS Client service entered the stopped state.
Information,11/29/2016 7:41:13 PM,Service Control Manager,7036,None,The Software Protection service entered the stopped state.
Information,11/29/2016 7:40:43 PM,Service Control Manager,7036,None,The Software Protection service entered the running state.
Information,11/29/2016 7:37:54 PM,Service Control Manager,7036,None,The Device Setup Manager service entered the stopped state.
Information,11/29/2016 7:37:03 PM,Service Control Manager,7036,None,The Windows Error Reporting Service service entered the stopped state.
Information,11/29/2016 7:35:03 PM,Service Control Manager,7036,None,The Device Setup Manager service entered the running state.
Information,11/29/2016 7:35:03 PM,Service Control Manager,7036,None,The Windows Error Reporting Service service entered the running state.
Information,11/29/2016 7:33:26 PM,Service Control Manager,7036,None,The WinHTTP Web Proxy Auto-Discovery Service service entered the stopped state.
Information,11/29/2016 7:11:13 PM,Service Control Manager,7036,None,The Software Protection service entered the stopped state.
Information,11/29/2016 7:10:42 PM,Service Control Manager,7036,None,The Software Protection service entered the running state.
Information,11/29/2016 7:06:26 PM,Service Control Manager,7036,None,The DNS Client service entered the running state.
Information,11/29/2016 7:06:26 PM,Service Control Manager,7036,None,The WinHTTP Web Proxy Auto-Discovery Service service entered the running state.
Information,11/29/2016 6:41:13 PM,Service Control Manager,7036,None,The Software Protection service entered the stopped state.
Information,11/29/2016 6:40:42 PM,Service Control Manager,7036,None,The Software Protection service entered the running state.
Information,11/29/2016 6:11:12 PM,Service Control Manager,7036,None,The Software Protection service entered the stopped state.
Information,11/29/2016 6:10:42 PM,Service Control Manager,7036,None,The Software Protection service entered the running state.
Information,11/29/2016 5:58:26 PM,Service Control Manager,7036,None,The DNS Client service entered the stopped state.
Information,11/29/2016 5:45:26 PM,Service Control Manager,7036,None,The WinHTTP Web Proxy Auto-Discovery Service service entered the stopped state.
Information,11/29/2016 5:41:12 PM,Service Control Manager,7036,None,The Software Protection service entered the stopped state.
Information,11/29/2016 5:40:42 PM,Service Control Manager,7036,None,The Software Protection service entered the running state.
Information,11/29/2016 5:18:26 PM,Service Control Manager,7036,None,The DNS Client service entered the running state.
Information,11/29/2016 5:18:26 PM,Service Control Manager,7036,None,The WinHTTP Web Proxy Auto-Discovery Service service entered the running state.
Information,11/29/2016 5:11:12 PM,Service Control Manager,7036,None,The Software Protection service entered the stopped state.
Information,11/29/2016 5:10:42 PM,Service Control Manager,7036,None,The Software Protection service entered the running state.
Information,11/29/2016 4:41:12 PM,Service Control Manager,7036,None,The Software Protection service entered the stopped state.
Information,11/29/2016 4:40:42 PM,Service Control Manager,7036,None,The Software Protection service entered the running state.
Information,11/29/2016 4:11:12 PM,Service Control Manager,7036,None,The Software Protection service entered the stopped state.
Information,11/29/2016 4:10:42 PM,Service Control Manager,7036,None,The Software Protection service entered the running state.
Information,11/29/2016 4:10:00 PM,Service Control Manager,7036,None,The DNS Client service entered the stopped state.
Information,11/29/2016 3:52:30 PM,Service Control Manager,7036,None,The WinHTTP Web Proxy Auto-Discovery Service service entered the stopped state.
Information,11/29/2016 3:41:12 PM,Service Control Manager,7036,None,The Software Protection service entered the stopped state.
Information,11/29/2016 3:40:41 PM,Service Control Manager,7036,None,The Software Protection service entered the running state.
Information,11/29/2016 3:11:11 PM,Service Control Manager,7036,None,The Software Protection service entered the stopped state.
Information,11/29/2016 3:10:41 PM,Service Control Manager,7036,None,The Software Protection service entered the running state.
Information,11/29/2016 3:00:00 PM,Service Control Manager,7036,None,The DNS Client service entered the running state.
Information,11/29/2016 3:00:00 PM,Service Control Manager,7036,None,The WinHTTP Web Proxy Auto-Discovery Service service entered the running state.
Information,11/29/2016 2:41:11 PM,Service Control Manager,7036,None,The Software Protection service entered the stopped state.
Information,11/29/2016 2:40:41 PM,Service Control Manager,7036,None,The Software Protection service entered the running state.
Information,11/29/2016 2:19:10 PM,Service Control Manager,7036,None,The DNS Client service entered the stopped state.
Information,11/29/2016 2:11:11 PM,Service Control Manager,7036,None,The Software Protection service entered the stopped state.
Information,11/29/2016 2:10:41 PM,Service Control Manager,7036,None,The Software Protection service entered the running state.
Information,11/29/2016 2:05:26 PM,Service Control Manager,7036,None,The WinHTTP Web Proxy Auto-Discovery Service service entered the stopped state.
Information,11/29/2016 1:41:11 PM,Service Control Manager,7036,None,The Software Protection service entered the stopped state.
Information,11/29/2016 1:40:41 PM,Service Control Manager,7036,None,The Software Protection service entered the running state.
Information,11/29/2016 1:38:26 PM,Service Control Manager,7036,None,The DNS Client service entered the running state.
Information,11/29/2016 1:38:26 PM,Service Control Manager,7036,None,The WinHTTP Web Proxy Auto-Discovery Service service entered the running state.
Information,11/29/2016 1:11:11 PM,Service Control Manager,7036,None,The Software Protection service entered the stopped state.
Information,11/29/2016 1:10:41 PM,Service Control Manager,7036,None,The Software Protection service entered the running state.
Information,11/29/2016 12:41:11 PM,Service Control Manager,7036,None,The Software Protection service entered the stopped state.
Information,11/29/2016 12:40:40 PM,Service Control Manager,7036,None,The Software Protection service entered the running state.
Information,11/29/2016 12:40:26 PM,Service Control Manager,7036,None,The DNS Client service entered the stopped state.
Information,11/29/2016 12:27:26 PM,Service Control Manager,7036,None,The WinHTTP Web Proxy Auto-Discovery Service service entered the stopped state.
Information,11/29/2016 12:11:11 PM,Service Control Manager,7036,None,The Software Protection service entered the stopped state.
Information,11/29/2016 12:10:40 PM,Service Control Manager,7036,None,The Software Protection service entered the running state.
Information,11/29/2016 12:00:26 PM,Service Control Manager,7036,None,The DNS Client service entered the running state.
Information,11/29/2016 12:00:26 PM,Service Control Manager,7036,None,The WinHTTP Web Proxy Auto-Discovery Service service entered the running state.
Information,11/29/2016 11:41:10 AM,Service Control Manager,7036,None,The Software Protection service entered the stopped state.
Information,11/29/2016 11:40:40 AM,Service Control Manager,7036,None,The Software Protection service entered the running state.
Information,11/29/2016 11:11:10 AM,Service Control Manager,7036,None,The Software Protection service entered the stopped state.
Information,11/29/2016 11:10:40 AM,Service Control Manager,7036,None,The Software Protection service entered the running state.
Information,11/29/2016 10:57:26 AM,Service Control Manager,7036,None,The DNS Client service entered the stopped state.
Information,11/29/2016 10:41:10 AM,Service Control Manager,7036,None,The Software Protection service entered the stopped state.
Information,11/29/2016 10:40:40 AM,Service Control Manager,7036,None,The Software Protection service entered the running state.
Information,11/29/2016 10:37:26 AM,Service Control Manager,7036,None,The DNS Client service entered the running state.
Information,11/29/2016 10:29:42 AM,Service Control Manager,7036,None,The DNS Client service entered the stopped state.
Information,11/29/2016 10:17:12 AM,Service Control Manager,7036,None,The WinHTTP Web Proxy Auto-Discovery Service service entered the stopped state.
Information,11/29/2016 10:11:10 AM,Service Control Manager,7036,None,The Software Protection service entered the stopped state.
Information,11/29/2016 10:10:40 AM,Service Control Manager,7036,None,The Software Protection service entered the running state.
Information,11/29/2016 9:41:50 AM,Service Control Manager,7036,None,The Windows Modules Installer service entered the stopped state.
Information,11/29/2016 9:41:10 AM,Service Control Manager,7036,None,The Software Protection service entered the stopped state.
Information,11/29/2016 9:40:39 AM,Service Control Manager,7036,None,The Software Protection service entered the running state.
Information,11/29/2016 9:39:44 AM,Service Control Manager,7036,None,The Windows Modules Installer service entered the running state.
Information,11/29/2016 9:39:42 AM,Service Control Manager,7036,None,The DNS Client service entered the running state.
Information,11/29/2016 9:39:42 AM,Service Control Manager,7036,None,The WinHTTP Web Proxy Auto-Discovery Service service entered the running state.
Information,11/29/2016 9:26:26 AM,Service Control Manager,7036,None,The DNS Client service entered the stopped state.
Information,11/29/2016 9:13:26 AM,Service Control Manager,7036,None,The WinHTTP Web Proxy Auto-Discovery Service service entered the stopped state.
Information,11/29/2016 9:11:10 AM,Service Control Manager,7036,None,The Software Protection service entered the stopped state.
Information,11/29/2016 9:10:39 AM,Service Control Manager,7036,None,The Software Protection service entered the running state.
Information,11/29/2016 8:46:26 AM,Service Control Manager,7036,None,The DNS Client service entered the running state.
Information,11/29/2016 8:46:26 AM,Service Control Manager,7036,None,The WinHTTP Web Proxy Auto-Discovery Service service entered the running state.
Information,11/29/2016 8:41:09 AM,Service Control Manager,7036,None,The Software Protection service entered the stopped state.
Information,11/29/2016 8:40:39 AM,Service Control Manager,7036,None,The Software Protection service entered the running state.
Information,11/29/2016 8:11:09 AM,Service Control Manager,7036,None,The Software Protection service entered the stopped state.
Information,11/29/2016 8:10:39 AM,Service Control Manager,7036,None,The Software Protection service entered the running state.
Information,11/29/2016 7:59:26 AM,Service Control Manager,7036,None,The DNS Client service entered the stopped state.
Information,11/29/2016 7:46:26 AM,Service Control Manager,7036,None,The WinHTTP Web Proxy Auto-Discovery Service service entered the stopped state.
Information,11/29/2016 7:41:09 AM,Service Control Manager,7036,None,The Software Protection service entered the stopped state.
Information,11/29/2016 7:40:39 AM,Service Control Manager,7036,None,The Software Protection service entered the running state.
Information,11/29/2016 7:19:26 AM,Service Control Manager,7036,None,The DNS Client service entered the running state.
Information,11/29/2016 7:19:26 AM,Service Control Manager,7036,None,The WinHTTP Web Proxy Auto-Discovery Service service entered the running state.
Information,11/29/2016 7:11:09 AM,Service Control Manager,7036,None,The Software Protection service entered the stopped state.
Information,11/29/2016 7:10:39 AM,Service Control Manager,7036,None,The Software Protection service entered the running state.
Information,11/29/2016 6:41:09 AM,Service Control Manager,7036,None,The Software Protection service entered the stopped state.
Information,11/29/2016 6:40:39 AM,Service Control Manager,7036,None,The Software Protection service entered the running state.
Information,11/29/2016 6:35:25 AM,Service Control Manager,7036,None,The DNS Client service entered the stopped state.
Information,11/29/2016 6:22:25 AM,Service Control Manager,7036,None,The WinHTTP Web Proxy Auto-Discovery Service service entered the stopped state.
Information,11/29/2016 6:11:09 AM,Service Control Manager,7036,None,The Software Protection service entered the stopped state.
Information,11/29/2016 6:10:38 AM,Service Control Manager,7036,None,The Software Protection service entered the running state.
Information,11/29/2016 5:55:25 AM,Service Control Manager,7036,None,The DNS Client service entered the running state.
Information,11/29/2016 5:55:25 AM,Service Control Manager,7036,None,The WinHTTP Web Proxy Auto-Discovery Service service entered the running state.
Information,11/29/2016 5:41:08 AM,Service Control Manager,7036,None,The Software Protection service entered the stopped state.
Information,11/29/2016 5:40:38 AM,Service Control Manager,7036,None,The Software Protection service entered the running state.
Information,11/29/2016 5:20:25 AM,Service Control Manager,7036,None,The DNS Client service entered the stopped state.
Information,11/29/2016 5:11:12 AM,Service Control Manager,7036,None,The Windows Modules Installer service entered the stopped state.
Information,11/29/2016 5:11:08 AM,Service Control Manager,7036,None,The Software Protection service entered the stopped state.
Information,11/29/2016 5:10:38 AM,Service Control Manager,7036,None,The Software Protection service entered the running state.
Information,11/29/2016 5:09:12 AM,Service Control Manager,7036,None,The Windows Modules Installer service entered the running state.
Information,11/29/2016 5:08:55 AM,Service Control Manager,7036,None,The WinHTTP Web Proxy Auto-Discovery Service service entered the stopped state.
Information,11/29/2016 4:41:08 AM,Service Control Manager,7036,None,The Software Protection service entered the stopped state.
Information,11/29/2016 4:40:38 AM,Service Control Manager,7036,None,The Software Protection service entered the running state.
Information,11/29/2016 4:40:25 AM,Service Control Manager,7036,None,The DNS Client service entered the running state.
Information,11/29/2016 4:40:25 AM,Service Control Manager,7036,None,The WinHTTP Web Proxy Auto-Discovery Service service entered the running state.
Information,11/29/2016 4:16:25 AM,Service Control Manager,7036,None,The DNS Client service entered the stopped state.
Information,11/29/2016 4:11:08 AM,Service Control Manager,7036,None,The Software Protection service entered the stopped state.
Information,11/29/2016 4:10:38 AM,Service Control Manager,7036,None,The Software Protection service entered the running state.
Information,11/29/2016 4:03:25 AM,Service Control Manager,7036,None,The WinHTTP Web Proxy Auto-Discovery Service service entered the stopped state.
Information,11/29/2016 4:00:00 AM,EventLog,6013,None,The system uptime is 2804038 seconds.
Information,11/29/2016 3:41:08 AM,Service Control Manager,7036,None,The Software Protection service entered the stopped state.
Information,11/29/2016 3:40:38 AM,Service Control Manager,7036,None,The Software Protection service entered the running state.
Information,11/29/2016 3:36:25 AM,Service Control Manager,7036,None,The DNS Client service entered the running state.
Information,11/29/2016 3:36:24 AM,Service Control Manager,7036,None,The WinHTTP Web Proxy Auto-Discovery Service service entered the running state.
Information,11/29/2016 3:11:08 AM,Service Control Manager,7036,None,The Software Protection service entered the stopped state.
Information,11/29/2016 3:10:37 AM,Service Control Manager,7036,None,The Software Protection service entered the running state.
Information,11/29/2016 2:56:24 AM,Service Control Manager,7036,None,The DNS Client service entered the stopped state.
Information,11/29/2016 2:43:24 AM,Service Control Manager,7036,None,The WinHTTP Web Proxy Auto-Discovery Service service entered the stopped state.
Information,11/29/2016 2:41:08 AM,Service Control Manager,7036,None,The Software Protection service entered the stopped state.
Information,11/29/2016 2:40:37 AM,Service Control Manager,7036,None,The Software Protection service entered the running state.
Information,11/29/2016 2:16:24 AM,Service Control Manager,7036,None,The DNS Client service entered the running state.
Information,11/29/2016 2:16:24 AM,Service Control Manager,7036,None,The WinHTTP Web Proxy Auto-Discovery Service service entered the running state.
Information,11/29/2016 2:11:07 AM,Service Control Manager,7036,None,The Software Protection service entered the stopped state.
Information,11/29/2016 2:10:37 AM,Service Control Manager,7036,None,The Software Protection service entered the running state.
Information,11/29/2016 1:41:07 AM,Service Control Manager,7036,None,The Software Protection service entered the stopped state.
Information,11/29/2016 1:40:37 AM,Service Control Manager,7036,None,The Software Protection service entered the running state.
Information,11/29/2016 1:18:25 AM,Service Control Manager,7036,None,The DNS Client service entered the stopped state.
Information,11/29/2016 1:11:07 AM,Service Control Manager,7036,None,The Software Protection service entered the stopped state.
Information,11/29/2016 1:10:37 AM,Service Control Manager,7036,None,The Software Protection service entered the running state.
Information,11/29/2016 1:05:25 AM,Service Control Manager,7036,None,The WinHTTP Web Proxy Auto-Discovery Service service entered the stopped state.
Information,11/29/2016 12:41:07 AM,Service Control Manager,7036,None,The Software Protection service entered the stopped state.
Information,11/29/2016 12:40:37 AM,Service Control Manager,7036,None,The Software Protection service entered the running state.
Information,11/29/2016 12:38:25 AM,Service Control Manager,7036,None,The DNS Client service entered the running state.
Information,11/29/2016 12:38:25 AM,Service Control Manager,7036,None,The WinHTTP Web Proxy Auto-Discovery Service service entered the running state.
Information,11/29/2016 12:11:07 AM,Service Control Manager,7036,None,The Software Protection service entered the stopped state.
Information,11/29/2016 12:10:37 AM,Service Control Manager,7036,None,The Software Protection service entered the running state.
Information,11/28/2016 11:41:07 PM,Service Control Manager,7036,None,The Software Protection service entered the stopped state.
Information,11/28/2016 11:40:36 PM,Service Control Manager,7036,None,The Software Protection service entered the running state.
Information,11/28/2016 11:36:25 PM,Service Control Manager,7036,None,The DNS Client service entered the stopped state.
Information,11/28/2016 11:23:25 PM,Service Control Manager,7036,None,The WinHTTP Web Proxy Auto-Discovery Service service entered the stopped state.
Information,11/28/2016 11:11:06 PM,Service Control Manager,7036,None,The Software Protection service entered the stopped state.
Information,11/28/2016 11:10:36 PM,Service Control Manager,7036,None,The Software Protection service entered the running state.
Information,11/28/2016 10:56:25 PM,Service Control Manager,7036,None,The DNS Client service entered the running state.
Information,11/28/2016 10:56:25 PM,Service Control Manager,7036,None,The WinHTTP Web Proxy Auto-Discovery Service service entered the running state.
Information,11/28/2016 10:41:06 PM,Service Control Manager,7036,None,The Software Protection service entered the stopped state.
Information,11/28/2016 10:40:36 PM,Service Control Manager,7036,None,The Software Protection service entered the running state.
Information,11/28/2016 10:32:24 PM,Service Control Manager,7036,None,The DNS Client service entered the stopped state.
Information,11/28/2016 10:19:24 PM,Service Control Manager,7036,None,The WinHTTP Web Proxy Auto-Discovery Service service entered the stopped state.
Information,11/28/2016 10:11:06 PM,Service Control Manager,7036,None,The Software Protection service entered the stopped state.
Information,11/28/2016 10:10:36 PM,Service Control Manager,7036,None,The Software Protection service entered the running state.
Information,11/28/2016 9:52:24 PM,Service Control Manager,7036,None,The DNS Client service entered the running state.
Information,11/28/2016 9:52:24 PM,Service Control Manager,7036,None,The WinHTTP Web Proxy Auto-Discovery Service service entered the running state.
Information,11/28/2016 9:41:06 PM,Service Control Manager,7036,None,The Software Protection service entered the stopped state.
Information,11/28/2016 9:40:36 PM,Service Control Manager,7036,None,The Software Protection service entered the running state.
Information,11/28/2016 9:11:06 PM,Service Control Manager,7036,None,The Software Protection service entered the stopped state.
Information,11/28/2016 9:10:36 PM,Service Control Manager,7036,None,The Software Protection service entered the running state.
Information,11/28/2016 8:47:46 PM,Service Control Manager,7036,None,The Device Setup Manager service entered the stopped state.
Information,11/28/2016 8:46:56 PM,Service Control Manager,7036,None,The Windows Modules Installer service entered the stopped state.
Information,11/28/2016 8:46:55 PM,Service Control Manager,7036,None,The Windows Error Reporting Service service entered the stopped state.
Information,11/28/2016 8:44:55 PM,Service Control Manager,7036,None,The Device Setup Manager service entered the running state.
Information,11/28/2016 8:44:55 PM,Service Control Manager,7036,None,The Problem Reports and Solutions Control Panel Support service entered the stopped state.
Information,11/28/2016 8:44:55 PM,Service Control Manager,7036,None,The Problem Reports and Solutions Control Panel Support service entered the running state.
Information,11/28/2016 8:44:55 PM,Service Control Manager,7036,None,The Windows Modules Installer service entered the running state.
Information,11/28/2016 8:44:55 PM,Service Control Manager,7036,None,The Windows Error Reporting Service service entered the running state.
Information,11/28/2016 8:44:24 PM,Service Control Manager,7036,None,The DNS Client service entered the stopped state.
Information,11/28/2016 8:41:06 PM,Service Control Manager,7036,None,The Software Protection service entered the stopped state.
Information,11/28/2016 8:40:35 PM,Service Control Manager,7036,None,The Software Protection service entered the running state.
Information,11/28/2016 8:27:24 PM,Service Control Manager,7036,None,The WinHTTP Web Proxy Auto-Discovery Service service entered the stopped state.
Information,11/28/2016 8:11:06 PM,Service Control Manager,7036,None,The Software Protection service entered the stopped state.
Information,11/28/2016 8:10:35 PM,Service Control Manager,7036,None,The Software Protection service entered the running state.
Information,11/28/2016 7:54:24 PM,Service Control Manager,7036,None,The DNS Client service entered the running state.
Information,11/28/2016 7:54:24 PM,Service Control Manager,7036,None,The WinHTTP Web Proxy Auto-Discovery Service service entered the running state.
Information,11/28/2016 7:41:05 PM,Service Control Manager,7036,None,The Software Protection service entered the stopped state.
Information,11/28/2016 7:40:35 PM,Service Control Manager,7036,None,The Software Protection service entered the running state.
Information,11/28/2016 7:24:24 PM,Service Control Manager,7036,None,The DNS Client service entered the stopped state.
Information,11/28/2016 7:11:24 PM,Service Control Manager,7036,None,The WinHTTP Web Proxy Auto-Discovery Service service entered the stopped state.
Information,11/28/2016 7:11:05 PM,Service Control Manager,7036,None,The Software Protection service entered the stopped state.
Information,11/28/2016 7:10:35 PM,Service Control Manager,7036,None,The Software Protection service entered the running state.
Information,11/28/2016 6:44:24 PM,Service Control Manager,7036,None,The DNS Client service entered the running state.
Information,11/28/2016 6:44:24 PM,Service Control Manager,7036,None,The WinHTTP Web Proxy Auto-Discovery Service service entered the running state.
Information,11/28/2016 6:41:05 PM,Service Control Manager,7036,None,The Software Protection service entered the stopped state.
Information,11/28/2016 6:40:35 PM,Service Control Manager,7036,None,The Software Protection service entered the running state.
Information,11/28/2016 6:11:05 PM,Service Control Manager,7036,None,The Software Protection service entered the stopped state.
Information,11/28/2016 6:10:35 PM,Service Control Manager,7036,None,The Software Protection service entered the running state.
Information,11/28/2016 6:00:23 PM,Service Control Manager,7036,None,The DNS Client service entered the stopped state.
Information,11/28/2016 5:47:23 PM,Service Control Manager,7036,None,The WinHTTP Web Proxy Auto-Discovery Service service entered the stopped state.
Information,11/28/2016 5:41:05 PM,Service Control Manager,7036,None,The Software Protection service entered the stopped state.
Information,11/28/2016 5:40:34 PM,Service Control Manager,7036,None,The Software Protection service entered the running state.
Information,11/28/2016 5:20:23 PM,Service Control Manager,7036,None,The DNS Client service entered the running state.
Information,11/28/2016 5:20:23 PM,Service Control Manager,7036,None,The WinHTTP Web Proxy Auto-Discovery Service service entered the running state.
Information,11/28/2016 5:11:05 PM,Service Control Manager,7036,None,The Software Protection service entered the stopped state.
Information,11/28/2016 5:10:34 PM,Service Control Manager,7036,None,The Software Protection service entered the running state.
Information,11/28/2016 4:41:04 PM,Service Control Manager,7036,None,The Software Protection service entered the stopped state.
Information,11/28/2016 4:40:34 PM,Service Control Manager,7036,None,The Software Protection service entered the running state.
Information,11/28/2016 4:11:04 PM,Service Control Manager,7036,None,The Software Protection service entered the stopped state.
Information,11/28/2016 4:10:34 PM,Service Control Manager,7036,None,The Software Protection service entered the running state.
Information,11/28/2016 4:09:23 PM,Service Control Manager,7036,None,The DNS Client service entered the stopped state.
Information,11/28/2016 3:56:23 PM,Service Control Manager,7036,None,The WinHTTP Web Proxy Auto-Discovery Service service entered the stopped state.
Information,11/28/2016 3:41:04 PM,Service Control Manager,7036,None,The Software Protection service entered the stopped state.
Information,11/28/2016 3:40:34 PM,Service Control Manager,7036,None,The Software Protection service entered the running state.
Information,11/28/2016 3:29:23 PM,Service Control Manager,7036,None,The DNS Client service entered the running state.
Information,11/28/2016 3:29:23 PM,Service Control Manager,7036,None,The WinHTTP Web Proxy Auto-Discovery Service service entered the running state.
Information,11/28/2016 3:11:04 PM,Service Control Manager,7036,None,The Software Protection service entered the stopped state.
Information,11/28/2016 3:10:34 PM,Service Control Manager,7036,None,The Software Protection service entered the running state.
Information,11/28/2016 2:41:04 PM,Service Control Manager,7036,None,The Software Protection service entered the stopped state.
Information,11/28/2016 2:40:34 PM,Service Control Manager,7036,None,The Software Protection service entered the running state.
Information,11/28/2016 2:38:05 PM,Service Control Manager,7036,None,The DNS Client service entered the stopped state.
Information,11/28/2016 2:27:05 PM,Service Control Manager,7036,None,The WinHTTP Web Proxy Auto-Discovery Service service entered the stopped state.
Information,11/28/2016 2:11:04 PM,Service Control Manager,7036,None,The Software Protection service entered the stopped state.
Information,11/28/2016 2:10:33 PM,Service Control Manager,7036,None,The Software Protection service entered the running state.
Information,11/28/2016 1:50:13 PM,Service Control Manager,7036,None,The Windows Modules Installer service entered the stopped state.
Information,11/28/2016 1:48:06 PM,Service Control Manager,7036,None,The Windows Modules Installer service entered the running state.
Information,11/28/2016 1:48:05 PM,Service Control Manager,7036,None,The DNS Client service entered the running state.
Information,11/28/2016 1:48:05 PM,Service Control Manager,7036,None,The WinHTTP Web Proxy Auto-Discovery Service service entered the running state.
Information,11/28/2016 1:41:03 PM,Service Control Manager,7036,None,The Software Protection service entered the stopped state.
Information,11/28/2016 1:40:33 PM,Service Control Manager,7036,None,The Software Protection service entered the running state.
Information,11/28/2016 1:37:22 PM,Service Control Manager,7036,None,The DNS Client service entered the stopped state.
Information,11/28/2016 1:24:22 PM,Service Control Manager,7036,None,The WinHTTP Web Proxy Auto-Discovery Service service entered the stopped state.
Information,11/28/2016 1:11:03 PM,Service Control Manager,7036,None,The Software Protection service entered the stopped state.
Information,11/28/2016 1:10:33 PM,Service Control Manager,7036,None,The Software Protection service entered the running state.
Information,11/28/2016 12:57:22 PM,Service Control Manager,7036,None,The DNS Client service entered the running state.
Information,11/28/2016 12:57:22 PM,Service Control Manager,7036,None,The WinHTTP Web Proxy Auto-Discovery Service service entered the running state.
Information,11/28/2016 12:41:03 PM,Service Control Manager,7036,None,The Software Protection service entered the stopped state.
Information,11/28/2016 12:40:33 PM,Service Control Manager,7036,None,The Software Protection service entered the running state.
Information,11/28/2016 12:11:03 PM,Service Control Manager,7036,None,The Software Protection service entered the stopped state.
Information,11/28/2016 12:10:33 PM,Service Control Manager,7036,None,The Software Protection service entered the running state.
Information,11/28/2016 11:48:22 AM,Service Control Manager,7036,None,The DNS Client service entered the stopped state.
Information,11/28/2016 11:41:03 AM,Service Control Manager,7036,None,The Software Protection service entered the stopped state.
Information,11/28/2016 11:40:33 AM,Service Control Manager,7036,None,The Software Protection service entered the running state.
Information,11/28/2016 11:35:22 AM,Service Control Manager,7036,None,The WinHTTP Web Proxy Auto-Discovery Service service entered the stopped state.
Information,11/28/2016 11:11:03 AM,Service Control Manager,7036,None,The Software Protection service entered the stopped state.
Information,11/28/2016 11:10:32 AM,Service Control Manager,7036,None,The Software Protection service entered the running state.
Information,11/28/2016 11:08:22 AM,Service Control Manager,7036,None,The DNS Client service entered the running state.
Information,11/28/2016 11:08:22 AM,Service Control Manager,7036,None,The WinHTTP Web Proxy Auto-Discovery Service service entered the running state.
Information,11/28/2016 10:41:03 AM,Service Control Manager,7036,None,The Software Protection service entered the stopped state.
Information,11/28/2016 10:40:32 AM,Service Control Manager,7036,None,The Software Protection service entered the running state.
Information,11/28/2016 10:12:21 AM,Service Control Manager,7036,None,The DNS Client service entered the stopped state.
Information,11/28/2016 10:11:02 AM,Service Control Manager,7036,None,The Software Protection service entered the stopped state.
Information,11/28/2016 10:10:32 AM,Service Control Manager,7036,None,The Software Protection service entered the running state.
Information,11/28/2016 10:01:21 AM,Service Control Manager,7036,None,The WinHTTP Web Proxy Auto-Discovery Service service entered the stopped state.
Information,11/28/2016 9:41:02 AM,Service Control Manager,7036,None,The Software Protection service entered the stopped state.
Information,11/28/2016 9:40:32 AM,Service Control Manager,7036,None,The Software Protection service entered the running state.
Information,11/28/2016 9:34:21 AM,Service Control Manager,7036,None,The WinHTTP Web Proxy Auto-Discovery Service service entered the running state.
Information,11/28/2016 9:25:35 AM,Service Control Manager,7036,None,The WinHTTP Web Proxy Auto-Discovery Service service entered the stopped state.
Information,11/28/2016 9:11:02 AM,Service Control Manager,7036,None,The Software Protection service entered the stopped state.
Information,11/28/2016 9:10:32 AM,Service Control Manager,7036,None,The Software Protection service entered the running state.
Information,11/28/2016 8:48:04 AM,Service Control Manager,7036,None,The WinHTTP Web Proxy Auto-Discovery Service service entered the running state.
Information,11/28/2016 8:44:21 AM,Service Control Manager,7036,None,The WinHTTP Web Proxy Auto-Discovery Service service entered the stopped state.
Information,11/28/2016 8:41:02 AM,Service Control Manager,7036,None,The Software Protection service entered the stopped state.
Information,11/28/2016 8:40:32 AM,Service Control Manager,7036,None,The Software Protection service entered the running state.
Information,11/28/2016 8:17:21 AM,Service Control Manager,7036,None,The DNS Client service entered the running state.
Information,11/28/2016 8:17:21 AM,Service Control Manager,7036,None,The WinHTTP Web Proxy Auto-Discovery Service service entered the running state.
Information,11/28/2016 8:11:02 AM,Service Control Manager,7036,None,The Software Protection service entered the stopped state.
Information,11/28/2016 8:10:31 AM,Service Control Manager,7036,None,The Software Protection service entered the running state.
Information,11/28/2016 7:41:02 AM,Service Control Manager,7036,None,The Software Protection service entered the stopped state.
Information,11/28/2016 7:40:31 AM,Service Control Manager,7036,None,The Software Protection service entered the running state.
Information,11/28/2016 7:36:21 AM,Service Control Manager,7036,None,The DNS Client service entered the stopped state.
Information,11/28/2016 7:23:21 AM,Service Control Manager,7036,None,The WinHTTP Web Proxy Auto-Discovery Service service entered the stopped state.
Information,11/28/2016 7:11:01 AM,Service Control Manager,7036,None,The Software Protection service entered the stopped state.
Information,11/28/2016 7:10:31 AM,Service Control Manager,7036,None,The Software Protection service entered the running state.
Information,11/28/2016 6:56:21 AM,Service Control Manager,7036,None,The DNS Client service entered the running state.
Information,11/28/2016 6:56:21 AM,Service Control Manager,7036,None,The WinHTTP Web Proxy Auto-Discovery Service service entered the running state.
Information,11/28/2016 6:41:01 AM,Service Control Manager,7036,None,The Software Protection service entered the stopped state.
Information,11/28/2016 6:40:31 AM,Service Control Manager,7036,None,The Software Protection service entered the running state.
Information,11/28/2016 6:11:01 AM,Service Control Manager,7036,None,The Software Protection service entered the stopped state.
Information,11/28/2016 6:10:31 AM,Service Control Manager,7036,None,The Software Protection service entered the running state.
Information,11/28/2016 5:47:31 AM,Service Control Manager,7036,None,The DNS Client service entered the stopped state.
Information,11/28/2016 5:41:01 AM,Service Control Manager,7036,None,The Software Protection service entered the stopped state.
Information,11/28/2016 5:40:31 AM,Service Control Manager,7036,None,The Software Protection service entered the running state.
Information,11/28/2016 5:34:21 AM,Service Control Manager,7036,None,The WinHTTP Web Proxy Auto-Discovery Service service entered the stopped state.
Information,11/28/2016 5:11:12 AM,Service Control Manager,7036,None,The Windows Modules Installer service entered the stopped state.
Information,11/28/2016 5:11:01 AM,Service Control Manager,7036,None,The Software Protection service entered the stopped state.
Information,11/28/2016 5:10:30 AM,Service Control Manager,7036,None,The Software Protection service entered the running state.
Information,11/28/2016 5:09:12 AM,Service Control Manager,7036,None,The Windows Modules Installer service entered the running state.
Information,11/28/2016 5:07:20 AM,Service Control Manager,7036,None,The DNS Client service entered the running state.
Information,11/28/2016 5:07:20 AM,Service Control Manager,7036,None,The WinHTTP Web Proxy Auto-Discovery Service service entered the running state.
Information,11/28/2016 4:41:01 AM,Service Control Manager,7036,None,The Software Protection service entered the stopped state.
Information,11/28/2016 4:40:30 AM,Service Control Manager,7036,None,The Software Protection service entered the running state.
Information,11/28/2016 4:36:20 AM,Service Control Manager,7036,None,The DNS Client service entered the stopped state.
Information,11/28/2016 4:23:20 AM,Service Control Manager,7036,None,The WinHTTP Web Proxy Auto-Discovery Service service entered the stopped state.
Information,11/28/2016 4:11:00 AM,Service Control Manager,7036,None,The Software Protection service entered the stopped state.
Information,11/28/2016 4:10:30 AM,Service Control Manager,7036,None,The Software Protection service entered the running state.
Information,11/28/2016 4:00:00 AM,EventLog,6013,None,The system uptime is 2717638 seconds.
Information,11/28/2016 3:56:20 AM,Service Control Manager,7036,None,The DNS Client service entered the running state.
Information,11/28/2016 3:56:20 AM,Service Control Manager,7036,None,The WinHTTP Web Proxy Auto-Discovery Service service entered the running state.
Information,11/28/2016 3:41:00 AM,Service Control Manager,7036,None,The Software Protection service entered the stopped state.
Information,11/28/2016 3:40:30 AM,Service Control Manager,7036,None,The Software Protection service entered the running state.
Information,11/28/2016 3:11:00 AM,Service Control Manager,7036,None,The Software Protection service entered the stopped state.
Information,11/28/2016 3:10:30 AM,Service Control Manager,7036,None,The Software Protection service entered the running state.
Information,11/28/2016 2:45:20 AM,Service Control Manager,7036,None,The DNS Client service entered the stopped state.
Information,11/28/2016 2:41:00 AM,Service Control Manager,7036,None,The Software Protection service entered the stopped state.
Information,11/28/2016 2:40:30 AM,Service Control Manager,7036,None,The Software Protection service entered the running state.
Information,11/28/2016 2:32:20 AM,Service Control Manager,7036,None,The WinHTTP Web Proxy Auto-Discovery Service service entered the stopped state.
Information,11/28/2016 2:11:00 AM,Service Control Manager,7036,None,The Software Protection service entered the stopped state.
Information,11/28/2016 2:10:30 AM,Service Control Manager,7036,None,The Software Protection service entered the running state.
Information,11/28/2016 2:05:20 AM,Service Control Manager,7036,None,The DNS Client service entered the running state.
Information,11/28/2016 2:05:20 AM,Service Control Manager,7036,None,The WinHTTP Web Proxy Auto-Discovery Service service entered the running state.
Information,11/28/2016 1:41:00 AM,Service Control Manager,7036,None,The Software Protection service entered the stopped state.
Information,11/28/2016 1:40:29 AM,Service Control Manager,7036,None,The Software Protection service entered the running state.
Information,11/28/2016 1:40:00 AM,Service Control Manager,7036,None,The DNS Client service entered the stopped state.
Information,11/28/2016 1:27:00 AM,Service Control Manager,7036,None,The WinHTTP Web Proxy Auto-Discovery Service service entered the stopped state.
Information,11/28/2016 1:10:59 AM,Service Control Manager,7036,None,The Software Protection service entered the stopped state.
Information,11/28/2016 1:10:29 AM,Service Control Manager,7036,None,The Software Protection service entered the running state.
Information,11/28/2016 1:00:00 AM,Service Control Manager,7036,None,The DNS Client service entered the running state.
Information,11/28/2016 1:00:00 AM,Service Control Manager,7036,None,The WinHTTP Web Proxy Auto-Discovery Service service entered the running state.
Information,11/28/2016 12:55:20 AM,Service Control Manager,7036,None,The DNS Client service entered the stopped state.
Information,11/28/2016 12:42:20 AM,Service Control Manager,7036,None,The WinHTTP Web Proxy Auto-Discovery Service service entered the stopped state.
Information,11/28/2016 12:40:59 AM,Service Control Manager,7036,None,The Software Protection service entered the stopped state.
Information,11/28/2016 12:40:29 AM,Service Control Manager,7036,None,The Software Protection service entered the running state.
Information,11/28/2016 12:15:19 AM,Service Control Manager,7036,None,The DNS Client service entered the running state.
Information,11/28/2016 12:15:19 AM,Service Control Manager,7036,None,The WinHTTP Web Proxy Auto-Discovery Service service entered the running state.
Information,11/28/2016 12:10:59 AM,Service Control Manager,7036,None,The Software Protection service entered the stopped state.
Information,11/28/2016 12:10:29 AM,Service Control Manager,7036,None,The Software Protection service entered the running state.
Information,11/27/2016 11:40:59 PM,Service Control Manager,7036,None,The Software Protection service entered the stopped state.
Information,11/27/2016 11:40:29 PM,Service Control Manager,7036,None,The Software Protection service entered the running state.
Information,11/27/2016 11:10:59 PM,Service Control Manager,7036,None,The Software Protection service entered the stopped state.
Information,11/27/2016 11:10:29 PM,Service Control Manager,7036,None,The Software Protection service entered the running state.
Information,11/27/2016 11:06:19 PM,Service Control Manager,7036,None,The DNS Client service entered the stopped state.
Information,11/27/2016 10:54:49 PM,Service Control Manager,7036,None,The WinHTTP Web Proxy Auto-Discovery Service service entered the stopped state.
Information,11/27/2016 10:40:59 PM,Service Control Manager,7036,None,The Software Protection service entered the stopped state.
Information,11/27/2016 10:40:28 PM,Service Control Manager,7036,None,The Software Protection service entered the running state.
Information,11/27/2016 10:26:19 PM,Service Control Manager,7036,None,The DNS Client service entered the running state.
Information,11/27/2016 10:26:19 PM,Service Control Manager,7036,None,The WinHTTP Web Proxy Auto-Discovery Service service entered the running state.
Information,11/27/2016 10:10:59 PM,Service Control Manager,7036,None,The Software Protection service entered the stopped state.
Information,11/27/2016 10:10:28 PM,Service Control Manager,7036,None,The Software Protection service entered the running state.
Information,11/27/2016 10:09:48 PM,Service Control Manager,7036,None,The DNS Client service entered the stopped state.
