Information,12/1/2016 8:24:23 PM,Microsoft-Windows-WindowsUpdateClient,17,Automatic Updates,"Installation Ready: The following updates are downloaded and ready for installation: 
- Security Update for Microsoft .NET Framework 3.5 on Windows 8.1 and Windows Server 2012 R2 for x64 (KB3142026)
- Security Update for Microsoft .NET Framework 3.5 on Windows 8.1 and Windows Server 2012 R2 for x64-based Systems (KB2978122)
- Security Update for Microsoft .NET Framework 3.5 on Windows 8.1 and Windows Server 2012 R2 for x64-based Systems (KB3037576)
- Security Update for Microsoft .NET Framework 3.5 on Windows 8.1 and Windows Server 2012 R2 for x64 (KB3135985)
- Security Update for Microsoft .NET Framework 3.5 on Windows 8.1 and Windows Server 2012 R2 for x64 (KB3127222)
- Security Update for Microsoft .NET Framework 3.5 on Windows 8.1 and Windows Server 2012 R2 for x64-based Systems (KB2968296)
- Security Update for Microsoft .NET Framework 3.5 on Windows 8.1 and Windows Server 2012 R2 for x64-based Systems (KB3074545)
- Security Update for Microsoft .NET Framework 3.5 on Windows 8.1 and Windows Server 2012 R2 for x64-based Systems (KB2966828)
- Security Update for Microsoft .NET Framework 3.5 on Windows 8.1 and Windows Server 2012 R2 for x64 (KB3163247)
- Security Update for Microsoft .NET Framework 3.5 on Windows 8.1 and Windows Server 2012 R2 for x64-based Systems (KB2973114)
- Security Update for Microsoft .NET Framework 3.5 on Windows 8.1 and Windows Server 2012 R2 for x64-based Systems (KB2894852)
- Security Update for Microsoft .NET Framework 3.5 on Windows 8.1 and Windows Server 2012 R2 for x64 (KB3122651)
- Security Update for Microsoft .NET Framework 3.5 on Windows 8.1 and Windows Server 2012 R2 for x64-based Systems (KB2966826)
- Security Update for Microsoft .NET Framework 3.5 on Windows 8.1 and Windows Server 2012 R2 for x64-based Systems (KB3097992)
- Security Update for Microsoft .NET Framework 3.5 on Windows 8.1 and Windows Server 2012 R2 for x64-based Systems (KB3023219)
- October, 2016 Security and Quality Rollup for .NET Framework 3.5 on Windows 8.1 and Windows Server 2012 R2 for x64 (KB3188743)
- Security Update for Microsoft .NET Framework 3.5 on Windows 8.1 and Windows Server 2012 R2 for x64-based Systems (KB3072307)"
Information,12/1/2016 8:24:23 PM,Microsoft-Windows-WindowsUpdateClient,17,Automatic Updates,"Installation Ready: The following updates are downloaded and ready for installation: 
- Security Update for Microsoft .NET Framework 3.5 on Windows 8.1 and Windows Server 2012 R2 for x64 (KB3142026)
- Security Update for Microsoft .NET Framework 3.5 on Windows 8.1 and Windows Server 2012 R2 for x64-based Systems (KB2978122)
- Security Update for Microsoft .NET Framework 3.5 on Windows 8.1 and Windows Server 2012 R2 for x64-based Systems (KB3037576)
- Security Update for Microsoft .NET Framework 3.5 on Windows 8.1 and Windows Server 2012 R2 for x64 (KB3135985)
- Security Update for Microsoft .NET Framework 3.5 on Windows 8.1 and Windows Server 2012 R2 for x64 (KB3127222)
- Security Update for Microsoft .NET Framework 3.5 on Windows 8.1 and Windows Server 2012 R2 for x64-based Systems (KB2968296)
- Security Update for Microsoft .NET Framework 3.5 on Windows 8.1 and Windows Server 2012 R2 for x64-based Systems (KB3074545)
- Security Update for Microsoft .NET Framework 3.5 on Windows 8.1 and Windows Server 2012 R2 for x64-based Systems (KB2966828)
- Security Update for Microsoft .NET Framework 3.5 on Windows 8.1 and Windows Server 2012 R2 for x64 (KB3163247)
- Security Update for Microsoft .NET Framework 3.5 on Windows 8.1 and Windows Server 2012 R2 for x64-based Systems (KB2973114)
- Security Update for Microsoft .NET Framework 3.5 on Windows 8.1 and Windows Server 2012 R2 for x64-based Systems (KB2894852)
- Security Update for Microsoft .NET Framework 3.5 on Windows 8.1 and Windows Server 2012 R2 for x64 (KB3122651)
- Security Update for Microsoft .NET Framework 3.5 on Windows 8.1 and Windows Server 2012 R2 for x64-based Systems (KB3097992)
- Security Update for Microsoft .NET Framework 3.5 on Windows 8.1 and Windows Server 2012 R2 for x64-based Systems (KB3023219)
- October, 2016 Security and Quality Rollup for .NET Framework 3.5 on Windows 8.1 and Windows Server 2012 R2 for x64 (KB3188743)
- Security Update for Microsoft .NET Framework 3.5 on Windows 8.1 and Windows Server 2012 R2 for x64-based Systems (KB3072307)"
Information,12/1/2016 8:24:23 PM,Microsoft-Windows-WindowsUpdateClient,17,Automatic Updates,"Installation Ready: The following updates are downloaded and ready for installation: 
- Security Update for Microsoft .NET Framework 3.5 on Windows 8.1 and Windows Server 2012 R2 for x64 (KB3142026)
- Security Update for Microsoft .NET Framework 3.5 on Windows 8.1 and Windows Server 2012 R2 for x64-based Systems (KB2978122)
- Security Update for Microsoft .NET Framework 3.5 on Windows 8.1 and Windows Server 2012 R2 for x64-based Systems (KB3037576)
- Security Update for Microsoft .NET Framework 3.5 on Windows 8.1 and Windows Server 2012 R2 for x64 (KB3135985)
- Security Update for Microsoft .NET Framework 3.5 on Windows 8.1 and Windows Server 2012 R2 for x64 (KB3127222)
- Security Update for Microsoft .NET Framework 3.5 on Windows 8.1 and Windows Server 2012 R2 for x64-based Systems (KB2968296)
- Security Update for Microsoft .NET Framework 3.5 on Windows 8.1 and Windows Server 2012 R2 for x64-based Systems (KB3074545)
- Security Update for Microsoft .NET Framework 3.5 on Windows 8.1 and Windows Server 2012 R2 for x64-based Systems (KB2966828)
- Security Update for Microsoft .NET Framework 3.5 on Windows 8.1 and Windows Server 2012 R2 for x64 (KB3163247)
- Security Update for Microsoft .NET Framework 3.5 on Windows 8.1 and Windows Server 2012 R2 for x64-based Systems (KB2973114)
- Security Update for Microsoft .NET Framework 3.5 on Windows 8.1 and Windows Server 2012 R2 for x64 (KB3122651)
- Security Update for Microsoft .NET Framework 3.5 on Windows 8.1 and Windows Server 2012 R2 for x64-based Systems (KB3097992)
- Security Update for Microsoft .NET Framework 3.5 on Windows 8.1 and Windows Server 2012 R2 for x64-based Systems (KB3023219)
- October, 2016 Security and Quality Rollup for .NET Framework 3.5 on Windows 8.1 and Windows Server 2012 R2 for x64 (KB3188743)
- Security Update for Microsoft .NET Framework 3.5 on Windows 8.1 and Windows Server 2012 R2 for x64-based Systems (KB3072307)"
Information,12/1/2016 8:24:23 PM,Microsoft-Windows-WindowsUpdateClient,17,Automatic Updates,"Installation Ready: The following updates are downloaded and ready for installation: 
- Security Update for Microsoft .NET Framework 3.5 on Windows 8.1 and Windows Server 2012 R2 for x64 (KB3142026)
- Security Update for Microsoft .NET Framework 3.5 on Windows 8.1 and Windows Server 2012 R2 for x64-based Systems (KB2978122)
- Security Update for Microsoft .NET Framework 3.5 on Windows 8.1 and Windows Server 2012 R2 for x64-based Systems (KB3037576)
- Security Update for Microsoft .NET Framework 3.5 on Windows 8.1 and Windows Server 2012 R2 for x64 (KB3135985)
- Security Update for Microsoft .NET Framework 3.5 on Windows 8.1 and Windows Server 2012 R2 for x64 (KB3127222)
- Security Update for Microsoft .NET Framework 3.5 on Windows 8.1 and Windows Server 2012 R2 for x64-based Systems (KB2968296)
- Security Update for Microsoft .NET Framework 3.5 on Windows 8.1 and Windows Server 2012 R2 for x64-based Systems (KB3074545)
- Security Update for Microsoft .NET Framework 3.5 on Windows 8.1 and Windows Server 2012 R2 for x64-based Systems (KB2966828)
- Security Update for Microsoft .NET Framework 3.5 on Windows 8.1 and Windows Server 2012 R2 for x64 (KB3163247)
- Security Update for Microsoft .NET Framework 3.5 on Windows 8.1 and Windows Server 2012 R2 for x64 (KB3122651)
- Security Update for Microsoft .NET Framework 3.5 on Windows 8.1 and Windows Server 2012 R2 for x64-based Systems (KB3097992)
- Security Update for Microsoft .NET Framework 3.5 on Windows 8.1 and Windows Server 2012 R2 for x64-based Systems (KB3023219)
- October, 2016 Security and Quality Rollup for .NET Framework 3.5 on Windows 8.1 and Windows Server 2012 R2 for x64 (KB3188743)
- Security Update for Microsoft .NET Framework 3.5 on Windows 8.1 and Windows Server 2012 R2 for x64-based Systems (KB3072307)"
Information,12/1/2016 8:24:23 PM,Microsoft-Windows-WindowsUpdateClient,17,Automatic Updates,"Installation Ready: The following updates are downloaded and ready for installation: 
- Security Update for Microsoft .NET Framework 3.5 on Windows 8.1 and Windows Server 2012 R2 for x64 (KB3142026)
- Security Update for Microsoft .NET Framework 3.5 on Windows 8.1 and Windows Server 2012 R2 for x64-based Systems (KB2978122)
- Security Update for Microsoft .NET Framework 3.5 on Windows 8.1 and Windows Server 2012 R2 for x64-based Systems (KB3037576)
- Security Update for Microsoft .NET Framework 3.5 on Windows 8.1 and Windows Server 2012 R2 for x64 (KB3135985)
- Security Update for Microsoft .NET Framework 3.5 on Windows 8.1 and Windows Server 2012 R2 for x64 (KB3127222)
- Security Update for Microsoft .NET Framework 3.5 on Windows 8.1 and Windows Server 2012 R2 for x64-based Systems (KB2968296)
- Security Update for Microsoft .NET Framework 3.5 on Windows 8.1 and Windows Server 2012 R2 for x64-based Systems (KB3074545)
- Security Update for Microsoft .NET Framework 3.5 on Windows 8.1 and Windows Server 2012 R2 for x64 (KB3163247)
- Security Update for Microsoft .NET Framework 3.5 on Windows 8.1 and Windows Server 2012 R2 for x64 (KB3122651)
- Security Update for Microsoft .NET Framework 3.5 on Windows 8.1 and Windows Server 2012 R2 for x64-based Systems (KB3097992)
- Security Update for Microsoft .NET Framework 3.5 on Windows 8.1 and Windows Server 2012 R2 for x64-based Systems (KB3023219)
- October, 2016 Security and Quality Rollup for .NET Framework 3.5 on Windows 8.1 and Windows Server 2012 R2 for x64 (KB3188743)
- Security Update for Microsoft .NET Framework 3.5 on Windows 8.1 and Windows Server 2012 R2 for x64-based Systems (KB3072307)"
Information,12/1/2016 8:24:23 PM,Microsoft-Windows-WindowsUpdateClient,17,Automatic Updates,"Installation Ready: The following updates are downloaded and ready for installation: 
- Security Update for Microsoft .NET Framework 3.5 on Windows 8.1 and Windows Server 2012 R2 for x64 (KB3142026)
- Security Update for Microsoft .NET Framework 3.5 on Windows 8.1 and Windows Server 2012 R2 for x64-based Systems (KB2978122)
- Security Update for Microsoft .NET Framework 3.5 on Windows 8.1 and Windows Server 2012 R2 for x64-based Systems (KB3037576)
- Security Update for Microsoft .NET Framework 3.5 on Windows 8.1 and Windows Server 2012 R2 for x64 (KB3135985)
- Security Update for Microsoft .NET Framework 3.5 on Windows 8.1 and Windows Server 2012 R2 for x64 (KB3127222)
- Security Update for Microsoft .NET Framework 3.5 on Windows 8.1 and Windows Server 2012 R2 for x64-based Systems (KB3074545)
- Security Update for Microsoft .NET Framework 3.5 on Windows 8.1 and Windows Server 2012 R2 for x64 (KB3163247)
- Security Update for Microsoft .NET Framework 3.5 on Windows 8.1 and Windows Server 2012 R2 for x64 (KB3122651)
- Security Update for Microsoft .NET Framework 3.5 on Windows 8.1 and Windows Server 2012 R2 for x64-based Systems (KB3097992)
- Security Update for Microsoft .NET Framework 3.5 on Windows 8.1 and Windows Server 2012 R2 for x64-based Systems (KB3023219)
- October, 2016 Security and Quality Rollup for .NET Framework 3.5 on Windows 8.1 and Windows Server 2012 R2 for x64 (KB3188743)
- Security Update for Microsoft .NET Framework 3.5 on Windows 8.1 and Windows Server 2012 R2 for x64-based Systems (KB3072307)"
Information,12/1/2016 8:24:23 PM,Microsoft-Windows-WindowsUpdateClient,17,Automatic Updates,"Installation Ready: The following updates are downloaded and ready for installation: 
- Security Update for Microsoft .NET Framework 3.5 on Windows 8.1 and Windows Server 2012 R2 for x64 (KB3142026)
- Security Update for Microsoft .NET Framework 3.5 on Windows 8.1 and Windows Server 2012 R2 for x64-based Systems (KB3037576)
- Security Update for Microsoft .NET Framework 3.5 on Windows 8.1 and Windows Server 2012 R2 for x64 (KB3135985)
- Security Update for Microsoft .NET Framework 3.5 on Windows 8.1 and Windows Server 2012 R2 for x64 (KB3127222)
- Security Update for Microsoft .NET Framework 3.5 on Windows 8.1 and Windows Server 2012 R2 for x64-based Systems (KB3074545)
- Security Update for Microsoft .NET Framework 3.5 on Windows 8.1 and Windows Server 2012 R2 for x64 (KB3163247)
- Security Update for Microsoft .NET Framework 3.5 on Windows 8.1 and Windows Server 2012 R2 for x64 (KB3122651)
- Security Update for Microsoft .NET Framework 3.5 on Windows 8.1 and Windows Server 2012 R2 for x64-based Systems (KB3097992)
- Security Update for Microsoft .NET Framework 3.5 on Windows 8.1 and Windows Server 2012 R2 for x64-based Systems (KB3023219)
- October, 2016 Security and Quality Rollup for .NET Framework 3.5 on Windows 8.1 and Windows Server 2012 R2 for x64 (KB3188743)
- Security Update for Microsoft .NET Framework 3.5 on Windows 8.1 and Windows Server 2012 R2 for x64-based Systems (KB3072307)"
Information,12/1/2016 8:24:23 PM,Microsoft-Windows-WindowsUpdateClient,17,Automatic Updates,"Installation Ready: The following updates are downloaded and ready for installation: 
- Security Update for Microsoft .NET Framework 3.5 on Windows 8.1 and Windows Server 2012 R2 for x64 (KB3142026)
- Security Update for Microsoft .NET Framework 3.5 on Windows 8.1 and Windows Server 2012 R2 for x64-based Systems (KB3037576)
- Security Update for Microsoft .NET Framework 3.5 on Windows 8.1 and Windows Server 2012 R2 for x64 (KB3135985)
- Security Update for Microsoft .NET Framework 3.5 on Windows 8.1 and Windows Server 2012 R2 for x64 (KB3127222)
- Security Update for Microsoft .NET Framework 3.5 on Windows 8.1 and Windows Server 2012 R2 for x64-based Systems (KB3074545)
- Security Update for Microsoft .NET Framework 3.5 on Windows 8.1 and Windows Server 2012 R2 for x64 (KB3163247)
- Security Update for Microsoft .NET Framework 3.5 on Windows 8.1 and Windows Server 2012 R2 for x64 (KB3122651)
- Security Update for Microsoft .NET Framework 3.5 on Windows 8.1 and Windows Server 2012 R2 for x64-based Systems (KB3097992)
- Security Update for Microsoft .NET Framework 3.5 on Windows 8.1 and Windows Server 2012 R2 for x64-based Systems (KB3023219)
- October, 2016 Security and Quality Rollup for .NET Framework 3.5 on Windows 8.1 and Windows Server 2012 R2 for x64 (KB3188743)"
Information,12/1/2016 8:24:23 PM,Microsoft-Windows-WindowsUpdateClient,17,Automatic Updates,Installation Ready: The following updates are downloaded and ready for installation: 
- Security Update for Microsoft .NET Framework 3.5 on Windows 8.1 and Windows Server 2012 R2 for x64 (KB3142026)
- Security Update for Microsoft .NET Framework 3.5 on Windows 8.1 and Windows Server 2012 R2 for x64-based Systems (KB3037576)
- Security Update for Microsoft .NET Framework 3.5 on Windows 8.1 and Windows Server 2012 R2 for x64 (KB3135985)
- Security Update for Microsoft .NET Framework 3.5 on Windows 8.1 and Windows Server 2012 R2 for x64 (KB3127222)
- Security Update for Microsoft .NET Framework 3.5 on Windows 8.1 and Windows Server 2012 R2 for x64-based Systems (KB3074545)
- Security Update for Microsoft .NET Framework 3.5 on Windows 8.1 and Windows Server 2012 R2 for x64 (KB3163247)
- Security Update for Microsoft .NET Framework 3.5 on Windows 8.1 and Windows Server 2012 R2 for x64 (KB3122651)
- Security Update for Microsoft .NET Framework 3.5 on Windows 8.1 and Windows Server 2012 R2 for x64-based Systems (KB3097992)
- Security Update for Microsoft .NET Framework 3.5 on Windows 8.1 and Windows Server 2012 R2 for x64-based Systems (KB3023219)
Information,12/1/2016 8:24:23 PM,Microsoft-Windows-WindowsUpdateClient,17,Automatic Updates,Installation Ready: The following updates are downloaded and ready for installation: 
- Security Update for Microsoft .NET Framework 3.5 on Windows 8.1 and Windows Server 2012 R2 for x64 (KB3142026)
- Security Update for Microsoft .NET Framework 3.5 on Windows 8.1 and Windows Server 2012 R2 for x64-based Systems (KB3037576)
- Security Update for Microsoft .NET Framework 3.5 on Windows 8.1 and Windows Server 2012 R2 for x64 (KB3135985)
- Security Update for Microsoft .NET Framework 3.5 on Windows 8.1 and Windows Server 2012 R2 for x64 (KB3127222)
- Security Update for Microsoft .NET Framework 3.5 on Windows 8.1 and Windows Server 2012 R2 for x64-based Systems (KB3074545)
- Security Update for Microsoft .NET Framework 3.5 on Windows 8.1 and Windows Server 2012 R2 for x64 (KB3163247)
- Security Update for Microsoft .NET Framework 3.5 on Windows 8.1 and Windows Server 2012 R2 for x64 (KB3122651)
- Security Update for Microsoft .NET Framework 3.5 on Windows 8.1 and Windows Server 2012 R2 for x64-based Systems (KB3097992)
Information,12/1/2016 8:24:23 PM,Microsoft-Windows-WindowsUpdateClient,17,Automatic Updates,Installation Ready: The following updates are downloaded and ready for installation: 
- Security Update for Microsoft .NET Framework 3.5 on Windows 8.1 and Windows Server 2012 R2 for x64 (KB3142026)
- Security Update for Microsoft .NET Framework 3.5 on Windows 8.1 and Windows Server 2012 R2 for x64-based Systems (KB3037576)
- Security Update for Microsoft .NET Framework 3.5 on Windows 8.1 and Windows Server 2012 R2 for x64 (KB3135985)
- Security Update for Microsoft .NET Framework 3.5 on Windows 8.1 and Windows Server 2012 R2 for x64 (KB3127222)
- Security Update for Microsoft .NET Framework 3.5 on Windows 8.1 and Windows Server 2012 R2 for x64-based Systems (KB3074545)
- Security Update for Microsoft .NET Framework 3.5 on Windows 8.1 and Windows Server 2012 R2 for x64 (KB3163247)
- Security Update for Microsoft .NET Framework 3.5 on Windows 8.1 and Windows Server 2012 R2 for x64 (KB3122651)
Information,12/1/2016 8:24:23 PM,Microsoft-Windows-WindowsUpdateClient,17,Automatic Updates,Installation Ready: The following updates are downloaded and ready for installation: 
- Security Update for Microsoft .NET Framework 3.5 on Windows 8.1 and Windows Server 2012 R2 for x64 (KB3142026)
- Security Update for Microsoft .NET Framework 3.5 on Windows 8.1 and Windows Server 2012 R2 for x64-based Systems (KB3037576)
- Security Update for Microsoft .NET Framework 3.5 on Windows 8.1 and Windows Server 2012 R2 for x64 (KB3135985)
- Security Update for Microsoft .NET Framework 3.5 on Windows 8.1 and Windows Server 2012 R2 for x64 (KB3127222)
- Security Update for Microsoft .NET Framework 3.5 on Windows 8.1 and Windows Server 2012 R2 for x64-based Systems (KB3074545)
- Security Update for Microsoft .NET Framework 3.5 on Windows 8.1 and Windows Server 2012 R2 for x64 (KB3163247)
Information,12/1/2016 8:24:23 PM,Microsoft-Windows-WindowsUpdateClient,17,Automatic Updates,Installation Ready: The following updates are downloaded and ready for installation: 
- Security Update for Microsoft .NET Framework 3.5 on Windows 8.1 and Windows Server 2012 R2 for x64 (KB3142026)
- Security Update for Microsoft .NET Framework 3.5 on Windows 8.1 and Windows Server 2012 R2 for x64-based Systems (KB3037576)
- Security Update for Microsoft .NET Framework 3.5 on Windows 8.1 and Windows Server 2012 R2 for x64 (KB3135985)
- Security Update for Microsoft .NET Framework 3.5 on Windows 8.1 and Windows Server 2012 R2 for x64 (KB3127222)
- Security Update for Microsoft .NET Framework 3.5 on Windows 8.1 and Windows Server 2012 R2 for x64-based Systems (KB3074545)
Information,12/1/2016 8:24:23 PM,Microsoft-Windows-WindowsUpdateClient,17,Automatic Updates,Installation Ready: The following updates are downloaded and ready for installation: 
- Security Update for Microsoft .NET Framework 3.5 on Windows 8.1 and Windows Server 2012 R2 for x64 (KB3142026)
- Security Update for Microsoft .NET Framework 3.5 on Windows 8.1 and Windows Server 2012 R2 for x64-based Systems (KB3037576)
- Security Update for Microsoft .NET Framework 3.5 on Windows 8.1 and Windows Server 2012 R2 for x64 (KB3135985)
- Security Update for Microsoft .NET Framework 3.5 on Windows 8.1 and Windows Server 2012 R2 for x64 (KB3127222)
Information,12/1/2016 8:24:23 PM,Microsoft-Windows-WindowsUpdateClient,17,Automatic Updates,Installation Ready: The following updates are downloaded and ready for installation: 
- Security Update for Microsoft .NET Framework 3.5 on Windows 8.1 and Windows Server 2012 R2 for x64 (KB3142026)
- Security Update for Microsoft .NET Framework 3.5 on Windows 8.1 and Windows Server 2012 R2 for x64-based Systems (KB3037576)
- Security Update for Microsoft .NET Framework 3.5 on Windows 8.1 and Windows Server 2012 R2 for x64 (KB3135985)
Information,12/1/2016 8:24:23 PM,Microsoft-Windows-WindowsUpdateClient,17,Automatic Updates,Installation Ready: The following updates are downloaded and ready for installation: 
- Security Update for Microsoft .NET Framework 3.5 on Windows 8.1 and Windows Server 2012 R2 for x64 (KB3142026)
- Security Update for Microsoft .NET Framework 3.5 on Windows 8.1 and Windows Server 2012 R2 for x64-based Systems (KB3037576)
Information,12/1/2016 8:24:23 PM,Microsoft-Windows-WindowsUpdateClient,17,Automatic Updates,Installation Ready: The following updates are downloaded and ready for installation: 
- Security Update for Microsoft .NET Framework 3.5 on Windows 8.1 and Windows Server 2012 R2 for x64 (KB3142026)
Information,12/1/2016 8:23:56 PM,Service Control Manager,7036,None,The Windows Modules Installer service entered the running state.
Information,12/1/2016 8:20:49 PM,Service Control Manager,7036,None,The Windows Modules Installer service entered the stopped state.
Information,12/1/2016 8:20:09 PM,Service Control Manager,7036,None,The Google Update Service (gupdate) service entered the stopped state.
Information,12/1/2016 8:20:09 PM,Service Control Manager,7036,None,The Google Update Service (gupdate) service entered the running state.
Information,12/1/2016 8:20:00 PM,Service Control Manager,7036,None,The Windows Installer service entered the running state.
Information,12/1/2016 8:18:43 PM,Service Control Manager,7036,None,The Software Protection service entered the stopped state.
Information,12/1/2016 8:18:12 PM,Service Control Manager,7036,None,The Software Protection service entered the running state.
Information,12/1/2016 8:16:47 PM,Service Control Manager,7040,None,The start type of the Windows Modules Installer service was changed from auto start to demand start.
Information,12/1/2016 8:16:32 PM,Service Control Manager,7040,None,The start type of the Windows Modules Installer service was changed from demand start to auto start.
Information,12/1/2016 8:16:28 PM,Service Control Manager,7040,None,The start type of the Windows Modules Installer service was changed from auto start to demand start.
Information,12/1/2016 8:16:16 PM,Service Control Manager,7040,None,The start type of the Windows Modules Installer service was changed from demand start to auto start.
Information,12/1/2016 8:16:10 PM,Service Control Manager,7036,None,The Google Update Service (gupdate) service entered the stopped state.
Information,12/1/2016 8:16:01 PM,Service Control Manager,7040,None,The start type of the Windows Modules Installer service was changed from auto start to demand start.
Information,12/1/2016 8:15:53 PM,Service Control Manager,7036,None,The Google Update Service (gupdate) service entered the running state.
Information,12/1/2016 8:15:49 PM,Service Control Manager,7045,None,"A service was installed in the system.

Service Name:  Google Update Service (gupdatem)
Service File Name:  ""C:\Program Files (x86)\Google\Update\GoogleUpdate.exe"" /medsvc
Service Type:  user mode service
Service Start Type:  demand start
Service Account:  LocalSystem"
Information,12/1/2016 8:15:49 PM,Service Control Manager,7045,None,"A service was installed in the system.

Service Name:  Google Update Service (gupdate)
Service File Name:  ""C:\Program Files (x86)\Google\Update\GoogleUpdate.exe"" /svc
Service Type:  user mode service
Service Start Type:  auto start
Service Account:  LocalSystem"
Information,12/1/2016 8:15:44 PM,Service Control Manager,7036,None,The Application Experience service entered the running state.
Information,12/1/2016 8:14:58 PM,Service Control Manager,7040,None,The start type of the Windows Modules Installer service was changed from demand start to auto start.
Information,12/1/2016 8:14:55 PM,Service Control Manager,7040,None,The start type of the Windows Modules Installer service was changed from auto start to demand start.
Information,12/1/2016 8:14:52 PM,Service Control Manager,7040,None,The start type of the Windows Modules Installer service was changed from demand start to auto start.
Information,12/1/2016 8:14:49 PM,Service Control Manager,7040,None,The start type of the Windows Modules Installer service was changed from auto start to demand start.
Information,12/1/2016 8:14:47 PM,Service Control Manager,7036,None,The Smart Card Device Enumeration Service service entered the running state.
Information,12/1/2016 8:14:42 PM,Service Control Manager,7040,None,The start type of the Windows Modules Installer service was changed from demand start to auto start.
Information,12/1/2016 8:14:40 PM,Service Control Manager,7040,None,The start type of the Windows Modules Installer service was changed from auto start to demand start.
Information,12/1/2016 8:14:39 PM,Service Control Manager,7040,None,The start type of the Windows Modules Installer service was changed from demand start to auto start.
Information,12/1/2016 8:14:37 PM,Service Control Manager,7040,None,The start type of the Windows Modules Installer service was changed from auto start to demand start.
Information,12/1/2016 8:14:31 PM,Service Control Manager,7040,None,The start type of the Windows Modules Installer service was changed from demand start to auto start.
Information,12/1/2016 8:12:41 PM,Service Control Manager,7040,None,The start type of the Windows Modules Installer service was changed from auto start to demand start.
Information,12/1/2016 8:12:33 PM,Service Control Manager,7040,None,The start type of the Windows Modules Installer service was changed from demand start to auto start.
Information,12/1/2016 8:12:21 PM,Microsoft-Windows-WindowsUpdateClient,44,Windows Update Agent,Windows Update started downloading an update.
Information,12/1/2016 8:12:21 PM,Microsoft-Windows-WindowsUpdateClient,44,Windows Update Agent,Windows Update started downloading an update.
Information,12/1/2016 8:12:21 PM,Microsoft-Windows-WindowsUpdateClient,44,Windows Update Agent,Windows Update started downloading an update.
Information,12/1/2016 8:12:16 PM,Microsoft-Windows-WindowsUpdateClient,44,Windows Update Agent,Windows Update started downloading an update.
Information,12/1/2016 8:12:16 PM,Microsoft-Windows-WindowsUpdateClient,44,Windows Update Agent,Windows Update started downloading an update.
Information,12/1/2016 8:12:16 PM,Microsoft-Windows-WindowsUpdateClient,44,Windows Update Agent,Windows Update started downloading an update.
Information,12/1/2016 8:12:16 PM,Microsoft-Windows-WindowsUpdateClient,44,Windows Update Agent,Windows Update started downloading an update.
Information,12/1/2016 8:12:16 PM,Microsoft-Windows-WindowsUpdateClient,44,Windows Update Agent,Windows Update started downloading an update.
Information,12/1/2016 8:12:16 PM,Microsoft-Windows-WindowsUpdateClient,44,Windows Update Agent,Windows Update started downloading an update.
Information,12/1/2016 8:12:16 PM,Microsoft-Windows-WindowsUpdateClient,44,Windows Update Agent,Windows Update started downloading an update.
Information,12/1/2016 8:12:16 PM,Microsoft-Windows-WindowsUpdateClient,44,Windows Update Agent,Windows Update started downloading an update.
Information,12/1/2016 8:12:16 PM,Microsoft-Windows-WindowsUpdateClient,44,Windows Update Agent,Windows Update started downloading an update.
Information,12/1/2016 8:12:16 PM,Microsoft-Windows-WindowsUpdateClient,44,Windows Update Agent,Windows Update started downloading an update.
Information,12/1/2016 8:12:16 PM,Microsoft-Windows-WindowsUpdateClient,44,Windows Update Agent,Windows Update started downloading an update.
Information,12/1/2016 8:12:16 PM,Microsoft-Windows-WindowsUpdateClient,44,Windows Update Agent,Windows Update started downloading an update.
Information,12/1/2016 8:12:16 PM,Microsoft-Windows-WindowsUpdateClient,44,Windows Update Agent,Windows Update started downloading an update.
Information,12/1/2016 8:12:16 PM,Microsoft-Windows-WindowsUpdateClient,44,Windows Update Agent,Windows Update started downloading an update.
Information,12/1/2016 8:12:16 PM,Microsoft-Windows-WindowsUpdateClient,44,Windows Update Agent,Windows Update started downloading an update.
Information,12/1/2016 8:12:16 PM,Microsoft-Windows-WindowsUpdateClient,44,Windows Update Agent,Windows Update started downloading an update.
Information,12/1/2016 8:12:14 PM,Service Control Manager,7040,None,The start type of the Background Intelligent Transfer Service service was changed from demand start to auto start.
Information,12/1/2016 8:09:24 PM,Service Control Manager,7036,None,The Software Protection service entered the stopped state.
Information,12/1/2016 8:08:54 PM,Service Control Manager,7036,None,The Software Protection service entered the running state.
Information,12/1/2016 8:08:53 PM,Service Control Manager,7036,None,The Windows Modules Installer service entered the running state.
Information,12/1/2016 8:07:16 PM,Service Control Manager,7036,None,The DNS Client service entered the running state.
Information,12/1/2016 8:07:16 PM,Service Control Manager,7036,None,The WinHTTP Web Proxy Auto-Discovery Service service entered the running state.
Information,12/1/2016 8:07:16 PM,Service Control Manager,7036,None,The Windows Update service entered the running state.
Information,12/1/2016 8:05:26 PM,Service Control Manager,7036,None,The DNS Client service entered the stopped state.
Information,12/1/2016 7:55:32 PM,Service Control Manager,7036,None,The WinHTTP Web Proxy Auto-Discovery Service service entered the stopped state.
Information,12/1/2016 7:48:42 PM,Service Control Manager,7036,None,The Software Protection service entered the stopped state.
Information,12/1/2016 7:48:12 PM,Service Control Manager,7036,None,The Software Protection service entered the running state.
Information,12/1/2016 7:38:34 PM,Service Control Manager,7036,None,The Windows Update service entered the stopped state.
Information,12/1/2016 7:28:32 PM,Service Control Manager,7036,None,The WinHTTP Web Proxy Auto-Discovery Service service entered the running state.
Information,12/1/2016 7:28:32 PM,Service Control Manager,7036,None,The Windows Update service entered the running state.
Information,12/1/2016 7:18:42 PM,Service Control Manager,7036,None,The Software Protection service entered the stopped state.
Information,12/1/2016 7:18:12 PM,Service Control Manager,7036,None,The Software Protection service entered the running state.
Information,12/1/2016 7:11:31 PM,Service Control Manager,7036,None,The Smart Card Device Enumeration Service service entered the stopped state.
Information,12/1/2016 7:10:26 PM,Service Control Manager,7036,None,The DNS Client service entered the running state.
Information,12/1/2016 7:04:37 PM,Service Control Manager,7036,None,The DNS Client service entered the stopped state.
Information,12/1/2016 6:53:59 PM,Service Control Manager,7036,None,The WinHTTP Web Proxy Auto-Discovery Service service entered the stopped state.
Information,12/1/2016 6:48:42 PM,Service Control Manager,7036,None,The Software Protection service entered the stopped state.
Information,12/1/2016 6:48:12 PM,Service Control Manager,7036,None,The Software Protection service entered the running state.
Information,12/1/2016 6:37:00 PM,Service Control Manager,7036,None,The Windows Update service entered the stopped state.
Information,12/1/2016 6:26:59 PM,Service Control Manager,7036,None,The WinHTTP Web Proxy Auto-Discovery Service service entered the running state.
Information,12/1/2016 6:26:59 PM,Service Control Manager,7036,None,The Windows Update service entered the running state.
Information,12/1/2016 6:19:37 PM,Service Control Manager,7036,None,The DNS Client service entered the running state.
Information,12/1/2016 6:18:42 PM,Service Control Manager,7036,None,The Software Protection service entered the stopped state.
Information,12/1/2016 6:18:11 PM,Service Control Manager,7036,None,The Software Protection service entered the running state.
Information,12/1/2016 6:12:18 PM,Service Control Manager,7036,None,The DNS Client service entered the stopped state.
Information,12/1/2016 6:00:52 PM,Service Control Manager,7036,None,The WinHTTP Web Proxy Auto-Discovery Service service entered the stopped state.
Information,12/1/2016 5:58:28 PM,Service Control Manager,7036,None,The RSyslog Windows Agent service entered the running state.
Information,12/1/2016 5:58:28 PM,Service Control Manager,7036,None,The RSyslog Windows Agent service entered the stopped state.
Information,12/1/2016 5:56:21 PM,Service Control Manager,7036,None,The RSyslog Windows Agent service entered the running state.
Information,12/1/2016 5:56:21 PM,Service Control Manager,7036,None,The RSyslog Windows Agent service entered the stopped state.
Information,12/1/2016 5:54:01 PM,Service Control Manager,7036,None,The Application Experience service entered the stopped state.
Information,12/1/2016 5:49:10 PM,Service Control Manager,7036,None,The Windows Installer service entered the stopped state.
Information,12/1/2016 5:48:42 PM,Service Control Manager,7036,None,The Software Protection service entered the stopped state.
Information,12/1/2016 5:48:11 PM,Service Control Manager,7036,None,The Software Protection service entered the running state.
Information,12/1/2016 5:46:07 PM,Service Control Manager,7036,None,The Windows Modules Installer service entered the stopped state.
Information,12/1/2016 5:44:34 PM,Service Control Manager,7036,None,The RSyslog Windows Agent service entered the running state.
Information,12/1/2016 5:44:04 PM,Service Control Manager,7045,None,"A service was installed in the system.

Service Name:  RSyslog Windows Agent
Service File Name:  ""C:\Program Files (x86)\RSyslog\Agent\rsyslogcl.exe""
Service Type:  user mode service
Service Start Type:  auto start
Service Account:  LocalSystem"
Information,12/1/2016 5:42:27 PM,Service Control Manager,7036,None,The Application Management service entered the running state.
Information,12/1/2016 5:42:21 PM,Service Control Manager,7036,None,The Windows Modules Installer service entered the running state.
Information,12/1/2016 5:42:19 PM,Service Control Manager,7036,None,The Application Experience service entered the running state.
Information,12/1/2016 5:42:01 PM,Service Control Manager,7036,None,The RSyslog Windows Agent service entered the stopped state.
Information,12/1/2016 5:41:40 PM,Service Control Manager,7036,None,The Windows Installer service entered the running state.
Information,12/1/2016 5:39:11 PM,Service Control Manager,7036,None,The RSyslog Windows Agent service entered the running state.
Information,12/1/2016 5:39:11 PM,Service Control Manager,7036,None,The RSyslog Windows Agent service entered the stopped state.
Information,12/1/2016 5:37:24 PM,Service Control Manager,7036,None,The Windows Installer service entered the stopped state.
Information,12/1/2016 5:32:22 PM,Service Control Manager,7036,None,The Windows Installer service entered the running state.
Information,12/1/2016 5:32:22 PM,Service Control Manager,7036,None,The WinHTTP Web Proxy Auto-Discovery Service service entered the running state.
Information,12/1/2016 5:32:21 PM,Microsoft-Windows-Kernel-General,16,None,The access history in hive \??\C:\Users\Administrator\ntuser.dat was cleared updating 1136 keys and creating 69 modified pages.
Information,12/1/2016 5:31:25 PM,Service Control Manager,7036,None,The Smart Card Device Enumeration Service service entered the running state.
Information,12/1/2016 5:19:18 PM,Service Control Manager,7036,None,The WinHTTP Web Proxy Auto-Discovery Service service entered the stopped state.
Information,12/1/2016 5:18:41 PM,Service Control Manager,7036,None,The Software Protection service entered the stopped state.
Information,12/1/2016 5:18:11 PM,Service Control Manager,7036,None,The Software Protection service entered the running state.
Information,12/1/2016 5:06:39 PM,Service Control Manager,7036,None,The Smart Card Device Enumeration Service service entered the stopped state.
Information,12/1/2016 5:02:46 PM,Service Control Manager,7036,None,The Smart Card Device Enumeration Service service entered the running state.
Information,12/1/2016 5:02:19 PM,Service Control Manager,7036,None,The Windows Update service entered the stopped state.
Information,12/1/2016 4:52:18 PM,Service Control Manager,7036,None,The DNS Client service entered the running state.
Information,12/1/2016 4:52:18 PM,Service Control Manager,7036,None,The WinHTTP Web Proxy Auto-Discovery Service service entered the running state.
Information,12/1/2016 4:52:18 PM,Service Control Manager,7036,None,The Windows Update service entered the running state.
Information,12/1/2016 4:48:41 PM,Service Control Manager,7036,None,The Software Protection service entered the stopped state.
Information,12/1/2016 4:48:10 PM,Service Control Manager,7036,None,The Software Protection service entered the running state.
Information,12/1/2016 4:39:37 PM,Service Control Manager,7036,None,The DNS Client service entered the stopped state.
Information,12/1/2016 4:19:37 PM,Service Control Manager,7036,None,The DNS Client service entered the running state.
Information,12/1/2016 4:18:40 PM,Service Control Manager,7036,None,The Software Protection service entered the stopped state.
Information,12/1/2016 4:18:10 PM,Service Control Manager,7036,None,The Software Protection service entered the running state.
Information,12/1/2016 3:48:40 PM,Service Control Manager,7036,None,The Software Protection service entered the stopped state.
Information,12/1/2016 3:48:10 PM,Service Control Manager,7036,None,The Software Protection service entered the running state.
Information,12/1/2016 3:43:32 PM,Service Control Manager,7036,None,The DNS Client service entered the stopped state.
Information,12/1/2016 3:30:32 PM,Service Control Manager,7036,None,The WinHTTP Web Proxy Auto-Discovery Service service entered the stopped state.
Information,12/1/2016 3:18:40 PM,Service Control Manager,7036,None,The Software Protection service entered the stopped state.
Information,12/1/2016 3:18:10 PM,Service Control Manager,7036,None,The Software Protection service entered the running state.
Information,12/1/2016 3:13:33 PM,Service Control Manager,7036,None,The Windows Update service entered the stopped state.
Information,12/1/2016 3:03:32 PM,Service Control Manager,7036,None,The DNS Client service entered the running state.
Information,12/1/2016 3:03:32 PM,Service Control Manager,7036,None,The WinHTTP Web Proxy Auto-Discovery Service service entered the running state.
Information,12/1/2016 3:03:32 PM,Service Control Manager,7036,None,The Windows Update service entered the running state.
Information,12/1/2016 2:48:40 PM,Service Control Manager,7036,None,The Software Protection service entered the stopped state.
Information,12/1/2016 2:48:10 PM,Service Control Manager,7036,None,The Software Protection service entered the running state.
Information,12/1/2016 2:39:35 PM,Service Control Manager,7036,None,The DNS Client service entered the stopped state.
Information,12/1/2016 2:19:14 PM,Service Control Manager,7036,None,The WinHTTP Web Proxy Auto-Discovery Service service entered the stopped state.
Information,12/1/2016 2:18:40 PM,Service Control Manager,7036,None,The Software Protection service entered the stopped state.
Information,12/1/2016 2:18:09 PM,Service Control Manager,7036,None,The Software Protection service entered the running state.
Information,12/1/2016 2:09:11 PM,Service Control Manager,7036,None,The Windows Update service entered the stopped state.
Information,12/1/2016 2:06:06 PM,Service Control Manager,7036,None,The Windows Error Reporting Service service entered the stopped state.
Information,12/1/2016 2:04:06 PM,Service Control Manager,7036,None,The Problem Reports and Solutions Control Panel Support service entered the stopped state.
Information,12/1/2016 2:04:06 PM,Service Control Manager,7036,None,The Problem Reports and Solutions Control Panel Support service entered the running state.
Information,12/1/2016 2:04:06 PM,Service Control Manager,7036,None,The Windows Error Reporting Service service entered the running state.
Information,12/1/2016 2:02:27 PM,Service Control Manager,7036,None,The Application Experience service entered the stopped state.
Information,12/1/2016 2:00:49 PM,Service Control Manager,7036,None,The Device Setup Manager service entered the stopped state.
Information,12/1/2016 2:00:09 PM,Service Control Manager,7036,None,The Smart Card Device Enumeration Service service entered the stopped state.
Information,12/1/2016 1:58:48 PM,Service Control Manager,7036,None,The Device Setup Manager service entered the running state.
Information,12/1/2016 1:53:15 PM,Service Control Manager,7036,None,The Windows Modules Installer service entered the stopped state.
Information,12/1/2016 1:53:05 PM,Service Control Manager,7036,None,The Portable Device Enumerator Service service entered the stopped state.
Information,12/1/2016 1:51:11 PM,Service Control Manager,7036,None,The Windows Modules Installer service entered the running state.
Information,12/1/2016 1:51:10 PM,Service Control Manager,7036,None,The Application Experience service entered the running state.
Information,12/1/2016 1:51:05 PM,Service Control Manager,7036,None,The Windows Update service entered the running state.
Information,12/1/2016 1:51:05 PM,Service Control Manager,7036,None,The Portable Device Enumerator Service service entered the running state.
Information,12/1/2016 1:51:05 PM,Microsoft-Windows-GroupPolicy,1503,None,The Group Policy settings for the user were processed successfully. New settings from 1 Group Policy objects were detected and applied.
Information,12/1/2016 1:51:05 PM,Microsoft-Windows-Winlogon,7001,(1101),User Logon Notification for Customer Experience Improvement Program
Information,12/1/2016 1:50:44 PM,Service Control Manager,7036,None,The WinHTTP Web Proxy Auto-Discovery Service service entered the running state.
Information,12/1/2016 1:50:43 PM,Microsoft-Windows-Winlogon,7002,(1102),User Logoff Notification for Customer Experience Improvement Program
Information,12/1/2016 1:48:41 PM,Service Control Manager,7040,None,The start type of the Background Intelligent Transfer Service service was changed from auto start to demand start.
Information,12/1/2016 1:48:40 PM,Service Control Manager,7036,None,The Software Protection service entered the stopped state.
Information,12/1/2016 1:48:09 PM,Service Control Manager,7036,None,The Software Protection service entered the running state.
Information,12/1/2016 1:45:59 PM,Service Control Manager,7036,None,The RSyslog Windows Agent service entered the running state.
Information,12/1/2016 1:45:58 PM,Service Control Manager,7036,None,The RSyslog Windows Agent service entered the stopped state.
Information,12/1/2016 1:42:58 PM,Service Control Manager,7036,None,The RSyslog Windows Agent service entered the running state.
Information,12/1/2016 1:42:58 PM,Service Control Manager,7036,None,The RSyslog Windows Agent service entered the stopped state.
Information,12/1/2016 1:33:11 PM,Service Control Manager,7036,None,The RSyslog Windows Agent service entered the running state.
Information,12/1/2016 1:33:11 PM,Service Control Manager,7036,None,The RSyslog Windows Agent service entered the stopped state.
Information,12/1/2016 1:30:06 PM,Service Control Manager,7036,None,The RSyslog Windows Agent service entered the running state.
Information,12/1/2016 1:29:58 PM,Service Control Manager,7036,None,The RSyslog Windows Agent service entered the stopped state.
Information,12/1/2016 1:24:20 PM,Service Control Manager,7036,None,The WinHTTP Web Proxy Auto-Discovery Service service entered the stopped state.
Information,12/1/2016 1:21:48 PM,Service Control Manager,7036,None,The Application Experience service entered the stopped state.
Information,12/1/2016 1:18:39 PM,Service Control Manager,7036,None,The Software Protection service entered the stopped state.
Information,12/1/2016 1:18:09 PM,Service Control Manager,7036,None,The Software Protection service entered the running state.
Information,12/1/2016 1:11:48 PM,Service Control Manager,7036,None,The Application Experience service entered the running state.
Information,12/1/2016 1:11:48 PM,Service Control Manager,7036,None,The RSyslog Windows Agent service entered the running state.
Information,12/1/2016 1:06:54 PM,Service Control Manager,7036,None,The Windows Update service entered the stopped state.
Information,12/1/2016 1:00:17 PM,Service Control Manager,7036,None,The Application Experience service entered the stopped state.
Information,12/1/2016 12:56:04 PM,Service Control Manager,7036,None,The Microsoft Software Shadow Copy Provider service entered the stopped state.
Information,12/1/2016 12:55:25 PM,Service Control Manager,7036,None,The Windows Installer service entered the stopped state.
Warning,12/1/2016 12:53:46 PM,Microsoft-Windows-DNS-Client,1014,(1014),Name resolution for the name bh.contextweb.com timed out after none of the configured DNS servers responded.
Information,12/1/2016 12:53:04 PM,Service Control Manager,7036,None,The Volume Shadow Copy service entered the stopped state.
Information,12/1/2016 12:52:20 PM,Service Control Manager,7036,None,The Windows Modules Installer service entered the stopped state.
Information,12/1/2016 12:50:15 PM,Service Control Manager,7045,None,"A service was installed in the system.

Service Name:  RSyslog Windows Agent
Service File Name:  ""C:\Program Files (x86)\RSyslog\Agent\rsyslogcl.exe""
Service Type:  user mode service
Service Start Type:  auto start
Service Account:  LocalSystem"
Information,12/1/2016 12:50:04 PM,Service Control Manager,7036,None,The Microsoft Software Shadow Copy Provider service entered the running state.
Information,12/1/2016 12:50:03 PM,Service Control Manager,7036,None,The Volume Shadow Copy service entered the running state.
Information,12/1/2016 12:50:03 PM,Service Control Manager,7040,None,The start type of the Windows Modules Installer service was changed from auto start to demand start.
Information,12/1/2016 12:49:57 PM,Service Control Manager,7045,None,"A service was installed in the system.

Service Name:  Windows Presentation Foundation Font Cache 3.0.0.0
Service File Name:  %systemroot%\Microsoft.Net\Framework64\v3.0\WPF\PresentationFontCache.exe
Service Type:  user mode service
Service Start Type:  demand start
Service Account:  NT Authority\LocalService"
Information,12/1/2016 12:48:39 PM,Service Control Manager,7036,None,The Software Protection service entered the stopped state.
Information,12/1/2016 12:48:29 PM,Microsoft-Windows-WindowsUpdateClient,44,Windows Update Agent,Windows Update started downloading an update.
Information,12/1/2016 12:48:08 PM,Microsoft-Windows-WindowsUpdateClient,44,Windows Update Agent,Windows Update started downloading an update.
Information,12/1/2016 12:48:00 PM,Microsoft-Windows-WindowsUpdateClient,44,Windows Update Agent,Windows Update started downloading an update.
Information,12/1/2016 12:47:55 PM,Service Control Manager,7040,None,The start type of the Background Intelligent Transfer Service service was changed from demand start to auto start.
Information,12/1/2016 12:47:50 PM,Service Control Manager,7036,None,The Software Protection service entered the running state.
Information,12/1/2016 12:47:49 PM,Service Control Manager,7036,None,The Windows Update service entered the running state.
Information,12/1/2016 12:47:35 PM,Service Control Manager,7040,None,The start type of the Windows Modules Installer service was changed from demand start to auto start.
Information,12/1/2016 12:47:31 PM,Service Control Manager,7036,None,The Windows Modules Installer service entered the running state.
Information,12/1/2016 12:47:11 PM,Service Control Manager,7036,None,The Windows Installer service entered the running state.
Information,12/1/2016 12:47:02 PM,Service Control Manager,7036,None,The Application Experience service entered the running state.
Information,12/1/2016 12:46:50 PM,Service Control Manager,7036,None,The WinHTTP Web Proxy Auto-Discovery Service service entered the running state.
Information,12/1/2016 12:44:35 PM,Service Control Manager,7036,None,The DNS Client service entered the running state.
Information,12/1/2016 12:44:29 PM,Service Control Manager,7036,None,The Smart Card Device Enumeration Service service entered the running state.
Information,12/1/2016 12:37:34 PM,Service Control Manager,7036,None,The DNS Client service entered the stopped state.
Information,12/1/2016 12:19:34 PM,Service Control Manager,7036,None,The WinHTTP Web Proxy Auto-Discovery Service service entered the stopped state.
Information,12/1/2016 12:18:39 PM,Service Control Manager,7036,None,The Software Protection service entered the stopped state.
Information,12/1/2016 12:18:08 PM,Service Control Manager,7036,None,The Software Protection service entered the running state.
Information,12/1/2016 12:02:36 PM,Service Control Manager,7036,None,The Windows Update service entered the stopped state.
Information,12/1/2016 12:00:00 PM,EventLog,6013,None,The system uptime is 9828 seconds.
Information,12/1/2016 11:52:34 AM,Service Control Manager,7036,None,The DNS Client service entered the running state.
