Information,11/27/2016 9:51:49 PM,Service Control Manager,7036,None,The Windows Modules Installer service entered the stopped state.
Information,11/27/2016 9:51:48 PM,Service Control Manager,7036,None,The Windows Error Reporting Service service entered the stopped state.
Information,11/27/2016 9:50:04 PM,Service Control Manager,7036,None,The Windows Time service entered the stopped state.
Information,11/27/2016 9:50:04 PM,Microsoft-Windows-Kernel-General,1,None,"The system time has changed to ‎2016‎-‎11‎-‎28T05:50:04.754000000Z from ‎2016‎-‎11‎-‎28T05:50:04.755344400Z.

Change Reason: An application or system component changed the time."
Information,11/27/2016 9:50:04 PM,Microsoft-Windows-Time-Service,35,None,"The time service is now synchronizing the system time with the time source time.windows.com,0x9 (ntp.m|0x9|0.0.0.0:123->13.85.70.43:123)."
Information,11/27/2016 9:49:50 PM,Microsoft-Windows-Time-Service,37,None,"The time provider NtpClient is currently receiving valid time data from time.windows.com,0x9 (ntp.m|0x9|0.0.0.0:123->13.85.70.43:123)."
Information,11/27/2016 9:49:48 PM,Service Control Manager,7036,None,The DNS Client service entered the running state.
Information,11/27/2016 9:49:48 PM,Service Control Manager,7036,None,The Windows Time service entered the running state.
Information,11/27/2016 9:49:48 PM,Service Control Manager,7036,None,The Windows Modules Installer service entered the running state.
Information,11/27/2016 9:49:48 PM,Service Control Manager,7036,None,The Windows Error Reporting Service service entered the running state.
Information,11/27/2016 9:49:48 PM,Microsoft-Windows-Kernel-General,16,None,The access history in hive \??\C:\Windows\AppCompat\Programs\Amcache.hve was cleared updating 384 keys and creating 28 modified pages.
Information,11/27/2016 9:48:19 PM,Service Control Manager,7036,None,The DNS Client service entered the stopped state.
Information,11/27/2016 9:40:59 PM,Service Control Manager,7036,None,The Software Protection service entered the stopped state.
Information,11/27/2016 9:40:28 PM,Service Control Manager,7036,None,The Software Protection service entered the running state.
Information,11/27/2016 9:35:19 PM,Service Control Manager,7036,None,The WinHTTP Web Proxy Auto-Discovery Service service entered the stopped state.
Information,11/27/2016 9:10:58 PM,Service Control Manager,7036,None,The Software Protection service entered the stopped state.
Information,11/27/2016 9:10:28 PM,Service Control Manager,7036,None,The Software Protection service entered the running state.
Information,11/27/2016 9:08:19 PM,Service Control Manager,7036,None,The DNS Client service entered the running state.
Information,11/27/2016 9:08:19 PM,Service Control Manager,7036,None,The WinHTTP Web Proxy Auto-Discovery Service service entered the running state.
Information,11/27/2016 8:40:58 PM,Service Control Manager,7036,None,The Software Protection service entered the stopped state.
Information,11/27/2016 8:40:28 PM,Service Control Manager,7036,None,The Software Protection service entered the running state.
Information,11/27/2016 8:10:58 PM,Service Control Manager,7036,None,The Software Protection service entered the stopped state.
Information,11/27/2016 8:10:28 PM,Service Control Manager,7036,None,The Software Protection service entered the running state.
Information,11/27/2016 8:08:19 PM,Service Control Manager,7036,None,The DNS Client service entered the stopped state.
Information,11/27/2016 7:55:19 PM,Service Control Manager,7036,None,The WinHTTP Web Proxy Auto-Discovery Service service entered the stopped state.
Information,11/27/2016 7:40:58 PM,Service Control Manager,7036,None,The Software Protection service entered the stopped state.
Information,11/27/2016 7:40:28 PM,Service Control Manager,7036,None,The Software Protection service entered the running state.
Information,11/27/2016 7:28:19 PM,Service Control Manager,7036,None,The DNS Client service entered the running state.
Information,11/27/2016 7:28:19 PM,Service Control Manager,7036,None,The WinHTTP Web Proxy Auto-Discovery Service service entered the running state.
Information,11/27/2016 7:10:58 PM,Service Control Manager,7036,None,The Software Protection service entered the stopped state.
Information,11/27/2016 7:10:27 PM,Service Control Manager,7036,None,The Software Protection service entered the running state.
Information,11/27/2016 6:40:57 PM,Service Control Manager,7036,None,The Software Protection service entered the stopped state.
Information,11/27/2016 6:40:27 PM,Service Control Manager,7036,None,The Software Protection service entered the running state.
Information,11/27/2016 6:32:18 PM,Service Control Manager,7036,None,The DNS Client service entered the stopped state.
Information,11/27/2016 6:19:18 PM,Service Control Manager,7036,None,The WinHTTP Web Proxy Auto-Discovery Service service entered the stopped state.
Information,11/27/2016 6:10:57 PM,Service Control Manager,7036,None,The Software Protection service entered the stopped state.
Information,11/27/2016 6:10:27 PM,Service Control Manager,7036,None,The Software Protection service entered the running state.
Information,11/27/2016 5:52:18 PM,Service Control Manager,7036,None,The DNS Client service entered the running state.
Information,11/27/2016 5:52:18 PM,Service Control Manager,7036,None,The WinHTTP Web Proxy Auto-Discovery Service service entered the running state.
Information,11/27/2016 5:40:57 PM,Service Control Manager,7036,None,The Software Protection service entered the stopped state.
Information,11/27/2016 5:40:27 PM,Service Control Manager,7036,None,The Software Protection service entered the running state.
Information,11/27/2016 5:21:18 PM,Service Control Manager,7036,None,The DNS Client service entered the stopped state.
Information,11/27/2016 5:10:57 PM,Service Control Manager,7036,None,The Software Protection service entered the stopped state.
Information,11/27/2016 5:10:27 PM,Service Control Manager,7036,None,The Software Protection service entered the running state.
Information,11/27/2016 5:08:18 PM,Service Control Manager,7036,None,The WinHTTP Web Proxy Auto-Discovery Service service entered the stopped state.
Information,11/27/2016 4:41:18 PM,Service Control Manager,7036,None,The DNS Client service entered the running state.
Information,11/27/2016 4:41:18 PM,Service Control Manager,7036,None,The WinHTTP Web Proxy Auto-Discovery Service service entered the running state.
Information,11/27/2016 4:40:57 PM,Service Control Manager,7036,None,The Software Protection service entered the stopped state.
Information,11/27/2016 4:40:27 PM,Service Control Manager,7036,None,The Software Protection service entered the running state.
Information,11/27/2016 4:10:57 PM,Service Control Manager,7036,None,The Software Protection service entered the stopped state.
Information,11/27/2016 4:10:26 PM,Service Control Manager,7036,None,The Software Protection service entered the running state.
Information,11/27/2016 3:40:57 PM,Service Control Manager,7036,None,The Software Protection service entered the stopped state.
Information,11/27/2016 3:40:26 PM,Service Control Manager,7036,None,The Software Protection service entered the running state.
Information,11/27/2016 3:36:18 PM,Service Control Manager,7036,None,The DNS Client service entered the stopped state.
Information,11/27/2016 3:23:18 PM,Service Control Manager,7036,None,The WinHTTP Web Proxy Auto-Discovery Service service entered the stopped state.
Information,11/27/2016 3:10:56 PM,Service Control Manager,7036,None,The Software Protection service entered the stopped state.
Information,11/27/2016 3:10:26 PM,Service Control Manager,7036,None,The Software Protection service entered the running state.
Information,11/27/2016 2:56:18 PM,Service Control Manager,7036,None,The DNS Client service entered the running state.
Information,11/27/2016 2:56:18 PM,Service Control Manager,7036,None,The WinHTTP Web Proxy Auto-Discovery Service service entered the running state.
Information,11/27/2016 2:40:56 PM,Service Control Manager,7036,None,The Software Protection service entered the stopped state.
Information,11/27/2016 2:40:26 PM,Service Control Manager,7036,None,The Software Protection service entered the running state.
Information,11/27/2016 2:10:56 PM,Service Control Manager,7036,None,The Software Protection service entered the stopped state.
Information,11/27/2016 2:10:26 PM,Service Control Manager,7036,None,The Software Protection service entered the running state.
Information,11/27/2016 2:00:17 PM,Service Control Manager,7036,None,The DNS Client service entered the stopped state.
Information,11/27/2016 1:51:18 PM,Service Control Manager,7036,None,The WinHTTP Web Proxy Auto-Discovery Service service entered the stopped state.
Information,11/27/2016 1:40:56 PM,Service Control Manager,7036,None,The Software Protection service entered the stopped state.
Information,11/27/2016 1:40:26 PM,Service Control Manager,7036,None,The Software Protection service entered the running state.
Information,11/27/2016 1:16:18 PM,Service Control Manager,7036,None,The Windows Modules Installer service entered the stopped state.
Information,11/27/2016 1:14:12 PM,Service Control Manager,7036,None,The Windows Modules Installer service entered the running state.
Information,11/27/2016 1:10:56 PM,Service Control Manager,7036,None,The Software Protection service entered the stopped state.
Information,11/27/2016 1:10:25 PM,Service Control Manager,7036,None,The Software Protection service entered the running state.
Information,11/27/2016 1:00:17 PM,Service Control Manager,7036,None,The DNS Client service entered the running state.
Information,11/27/2016 1:00:17 PM,Service Control Manager,7036,None,The WinHTTP Web Proxy Auto-Discovery Service service entered the running state.
Information,11/27/2016 12:40:56 PM,Service Control Manager,7036,None,The Software Protection service entered the stopped state.
Information,11/27/2016 12:40:25 PM,Service Control Manager,7036,None,The Software Protection service entered the running state.
Information,11/27/2016 12:10:55 PM,Service Control Manager,7036,None,The Software Protection service entered the stopped state.
Information,11/27/2016 12:10:25 PM,Service Control Manager,7036,None,The Software Protection service entered the running state.
Information,11/27/2016 11:50:17 AM,Service Control Manager,7036,None,The DNS Client service entered the stopped state.
Information,11/27/2016 11:40:55 AM,Service Control Manager,7036,None,The Software Protection service entered the stopped state.
Information,11/27/2016 11:40:25 AM,Service Control Manager,7036,None,The Software Protection service entered the running state.
Information,11/27/2016 11:37:17 AM,Service Control Manager,7036,None,The WinHTTP Web Proxy Auto-Discovery Service service entered the stopped state.
Information,11/27/2016 11:10:55 AM,Service Control Manager,7036,None,The Software Protection service entered the stopped state.
Information,11/27/2016 11:10:25 AM,Service Control Manager,7036,None,The Software Protection service entered the running state.
Information,11/27/2016 11:10:17 AM,Service Control Manager,7036,None,The DNS Client service entered the running state.
Information,11/27/2016 11:10:17 AM,Service Control Manager,7036,None,The WinHTTP Web Proxy Auto-Discovery Service service entered the running state.
Information,11/27/2016 10:40:55 AM,Service Control Manager,7036,None,The Software Protection service entered the stopped state.
Information,11/27/2016 10:40:25 AM,Service Control Manager,7036,None,The Software Protection service entered the running state.
Information,11/27/2016 10:10:55 AM,Service Control Manager,7036,None,The Software Protection service entered the stopped state.
Information,11/27/2016 10:10:25 AM,Service Control Manager,7036,None,The Software Protection service entered the running state.
Information,11/27/2016 10:09:17 AM,Service Control Manager,7036,None,The DNS Client service entered the stopped state.
Information,11/27/2016 9:56:17 AM,Service Control Manager,7036,None,The WinHTTP Web Proxy Auto-Discovery Service service entered the stopped state.
Information,11/27/2016 9:40:55 AM,Service Control Manager,7036,None,The Software Protection service entered the stopped state.
Information,11/27/2016 9:40:24 AM,Service Control Manager,7036,None,The Software Protection service entered the running state.
Information,11/27/2016 9:29:17 AM,Service Control Manager,7036,None,The DNS Client service entered the running state.
Information,11/27/2016 9:29:17 AM,Service Control Manager,7036,None,The WinHTTP Web Proxy Auto-Discovery Service service entered the running state.
Information,11/27/2016 9:10:55 AM,Service Control Manager,7036,None,The Software Protection service entered the stopped state.
Information,11/27/2016 9:10:24 AM,Service Control Manager,7036,None,The Software Protection service entered the running state.
Information,11/27/2016 8:40:54 AM,Service Control Manager,7036,None,The Software Protection service entered the stopped state.
Information,11/27/2016 8:40:24 AM,Service Control Manager,7036,None,The Software Protection service entered the running state.
Information,11/27/2016 8:18:16 AM,Service Control Manager,7036,None,The DNS Client service entered the stopped state.
Information,11/27/2016 8:10:54 AM,Service Control Manager,7036,None,The Software Protection service entered the stopped state.
Information,11/27/2016 8:10:24 AM,Service Control Manager,7036,None,The Software Protection service entered the running state.
Information,11/27/2016 8:06:46 AM,Service Control Manager,7036,None,The WinHTTP Web Proxy Auto-Discovery Service service entered the stopped state.
Information,11/27/2016 7:40:54 AM,Service Control Manager,7036,None,The Software Protection service entered the stopped state.
Information,11/27/2016 7:40:24 AM,Service Control Manager,7036,None,The Software Protection service entered the running state.
Information,11/27/2016 7:38:16 AM,Service Control Manager,7036,None,The DNS Client service entered the running state.
Information,11/27/2016 7:38:16 AM,Service Control Manager,7036,None,The WinHTTP Web Proxy Auto-Discovery Service service entered the running state.
Information,11/27/2016 7:15:00 AM,Service Control Manager,7036,None,The DNS Client service entered the stopped state.
Information,11/27/2016 7:10:54 AM,Service Control Manager,7036,None,The Software Protection service entered the stopped state.
Information,11/27/2016 7:10:24 AM,Service Control Manager,7036,None,The Software Protection service entered the running state.
Information,11/27/2016 7:03:16 AM,Service Control Manager,7036,None,The WinHTTP Web Proxy Auto-Discovery Service service entered the stopped state.
Information,11/27/2016 6:40:54 AM,Service Control Manager,7036,None,The Software Protection service entered the stopped state.
Information,11/27/2016 6:40:23 AM,Service Control Manager,7036,None,The Software Protection service entered the running state.
Information,11/27/2016 6:36:16 AM,Service Control Manager,7036,None,The WinHTTP Web Proxy Auto-Discovery Service service entered the running state.
Information,11/27/2016 6:27:00 AM,Service Control Manager,7036,None,The WinHTTP Web Proxy Auto-Discovery Service service entered the stopped state.
Information,11/27/2016 6:10:54 AM,Service Control Manager,7036,None,The Software Protection service entered the stopped state.
Information,11/27/2016 6:10:23 AM,Service Control Manager,7036,None,The Software Protection service entered the running state.
Information,11/27/2016 6:00:00 AM,Service Control Manager,7036,None,The DNS Client service entered the running state.
Information,11/27/2016 6:00:00 AM,Service Control Manager,7036,None,The WinHTTP Web Proxy Auto-Discovery Service service entered the running state.
Information,11/27/2016 5:40:53 AM,Service Control Manager,7036,None,The Software Protection service entered the stopped state.
Information,11/27/2016 5:40:23 AM,Service Control Manager,7036,None,The Software Protection service entered the running state.
Information,11/27/2016 5:40:16 AM,Service Control Manager,7036,None,The DNS Client service entered the stopped state.
Information,11/27/2016 5:27:16 AM,Service Control Manager,7036,None,The WinHTTP Web Proxy Auto-Discovery Service service entered the stopped state.
Information,11/27/2016 5:11:12 AM,Service Control Manager,7036,None,The Windows Modules Installer service entered the stopped state.
Information,11/27/2016 5:10:53 AM,Service Control Manager,7036,None,The Software Protection service entered the stopped state.
Information,11/27/2016 5:10:23 AM,Service Control Manager,7036,None,The Software Protection service entered the running state.
Information,11/27/2016 5:09:12 AM,Service Control Manager,7036,None,The Windows Modules Installer service entered the running state.
Information,11/27/2016 5:00:16 AM,Service Control Manager,7036,None,The DNS Client service entered the running state.
Information,11/27/2016 5:00:16 AM,Service Control Manager,7036,None,The WinHTTP Web Proxy Auto-Discovery Service service entered the running state.
Information,11/27/2016 4:40:53 AM,Service Control Manager,7036,None,The Software Protection service entered the stopped state.
Information,11/27/2016 4:40:23 AM,Service Control Manager,7036,None,The Software Protection service entered the running state.
Information,11/27/2016 4:10:53 AM,Service Control Manager,7036,None,The Software Protection service entered the stopped state.
Information,11/27/2016 4:10:23 AM,Service Control Manager,7036,None,The Software Protection service entered the running state.
Information,11/27/2016 4:07:15 AM,Service Control Manager,7036,None,The DNS Client service entered the stopped state.
Information,11/27/2016 4:00:00 AM,EventLog,6013,None,The system uptime is 2631238 seconds.
Information,11/27/2016 3:54:15 AM,Service Control Manager,7036,None,The WinHTTP Web Proxy Auto-Discovery Service service entered the stopped state.
Information,11/27/2016 3:40:53 AM,Service Control Manager,7036,None,The Software Protection service entered the stopped state.
Information,11/27/2016 3:40:23 AM,Service Control Manager,7036,None,The Software Protection service entered the running state.
Information,11/27/2016 3:27:15 AM,Service Control Manager,7036,None,The DNS Client service entered the running state.
Information,11/27/2016 3:27:15 AM,Service Control Manager,7036,None,The WinHTTP Web Proxy Auto-Discovery Service service entered the running state.
Information,11/27/2016 3:10:53 AM,Service Control Manager,7036,None,The Software Protection service entered the stopped state.
Information,11/27/2016 3:10:22 AM,Service Control Manager,7036,None,The Software Protection service entered the running state.
Information,11/27/2016 2:40:53 AM,Service Control Manager,7036,None,The Software Protection service entered the stopped state.
Information,11/27/2016 2:40:22 AM,Service Control Manager,7036,None,The Software Protection service entered the running state.
Information,11/27/2016 2:19:15 AM,Service Control Manager,7036,None,The DNS Client service entered the stopped state.
Information,11/27/2016 2:10:52 AM,Service Control Manager,7036,None,The Software Protection service entered the stopped state.
Information,11/27/2016 2:10:22 AM,Service Control Manager,7036,None,The Software Protection service entered the running state.
Information,11/27/2016 2:06:15 AM,Service Control Manager,7036,None,The WinHTTP Web Proxy Auto-Discovery Service service entered the stopped state.
Information,11/27/2016 1:40:52 AM,Service Control Manager,7036,None,The Software Protection service entered the stopped state.
Information,11/27/2016 1:40:22 AM,Service Control Manager,7036,None,The Software Protection service entered the running state.
Information,11/27/2016 1:39:15 AM,Service Control Manager,7036,None,The DNS Client service entered the running state.
Information,11/27/2016 1:39:15 AM,Service Control Manager,7036,None,The WinHTTP Web Proxy Auto-Discovery Service service entered the running state.
Information,11/27/2016 1:10:52 AM,Service Control Manager,7036,None,The Software Protection service entered the stopped state.
Information,11/27/2016 1:10:22 AM,Service Control Manager,7036,None,The Software Protection service entered the running state.
Information,11/27/2016 12:44:14 AM,Service Control Manager,7036,None,The DNS Client service entered the stopped state.
Information,11/27/2016 12:40:52 AM,Service Control Manager,7036,None,The Software Protection service entered the stopped state.
Information,11/27/2016 12:40:22 AM,Service Control Manager,7036,None,The Software Protection service entered the running state.
Information,11/27/2016 12:31:15 AM,Service Control Manager,7036,None,The WinHTTP Web Proxy Auto-Discovery Service service entered the stopped state.
Information,11/27/2016 12:10:52 AM,Service Control Manager,7036,None,The Software Protection service entered the stopped state.
Information,11/27/2016 12:10:22 AM,Service Control Manager,7036,None,The Software Protection service entered the running state.
Information,11/27/2016 12:04:14 AM,Service Control Manager,7036,None,The DNS Client service entered the running state.
Information,11/27/2016 12:04:14 AM,Service Control Manager,7036,None,The WinHTTP Web Proxy Auto-Discovery Service service entered the running state.
Information,11/26/2016 11:40:52 PM,Service Control Manager,7036,None,The Software Protection service entered the stopped state.
Information,11/26/2016 11:40:21 PM,Service Control Manager,7036,None,The Software Protection service entered the running state.
Information,11/26/2016 11:10:52 PM,Service Control Manager,7036,None,The Software Protection service entered the stopped state.
Information,11/26/2016 11:10:21 PM,Service Control Manager,7036,None,The Software Protection service entered the running state.
Information,11/26/2016 10:53:14 PM,Service Control Manager,7036,None,The DNS Client service entered the stopped state.
Information,11/26/2016 10:40:52 PM,Service Control Manager,7036,None,The Software Protection service entered the stopped state.
Information,11/26/2016 10:40:21 PM,Service Control Manager,7036,None,The Software Protection service entered the running state.
Information,11/26/2016 10:40:14 PM,Service Control Manager,7036,None,The WinHTTP Web Proxy Auto-Discovery Service service entered the stopped state.
Information,11/26/2016 10:13:14 PM,Service Control Manager,7036,None,The DNS Client service entered the running state.
Information,11/26/2016 10:13:14 PM,Service Control Manager,7036,None,The WinHTTP Web Proxy Auto-Discovery Service service entered the running state.
Information,11/26/2016 10:10:51 PM,Service Control Manager,7036,None,The Software Protection service entered the stopped state.
Information,11/26/2016 10:10:21 PM,Service Control Manager,7036,None,The Software Protection service entered the running state.
Information,11/26/2016 9:40:51 PM,Service Control Manager,7036,None,The Software Protection service entered the stopped state.
Information,11/26/2016 9:40:21 PM,Service Control Manager,7036,None,The Software Protection service entered the running state.
Information,11/26/2016 9:17:13 PM,Service Control Manager,7036,None,The DNS Client service entered the stopped state.
Information,11/26/2016 9:10:51 PM,Service Control Manager,7036,None,The Software Protection service entered the stopped state.
Information,11/26/2016 9:10:21 PM,Service Control Manager,7036,None,The Software Protection service entered the running state.
Information,11/26/2016 9:07:14 PM,Service Control Manager,7036,None,The WinHTTP Web Proxy Auto-Discovery Service service entered the stopped state.
Information,11/26/2016 8:40:51 PM,Service Control Manager,7036,None,The Software Protection service entered the stopped state.
Information,11/26/2016 8:40:21 PM,Service Control Manager,7036,None,The Software Protection service entered the running state.
Information,11/26/2016 8:40:14 PM,Service Control Manager,7036,None,The DNS Client service entered the running state.
Information,11/26/2016 8:40:14 PM,Service Control Manager,7036,None,The WinHTTP Web Proxy Auto-Discovery Service service entered the running state.
Information,11/26/2016 8:10:51 PM,Service Control Manager,7036,None,The Software Protection service entered the stopped state.
Information,11/26/2016 8:10:20 PM,Service Control Manager,7036,None,The Software Protection service entered the running state.
Information,11/26/2016 7:49:13 PM,Service Control Manager,7036,None,The DNS Client service entered the stopped state.
Information,11/26/2016 7:40:51 PM,Service Control Manager,7036,None,The Software Protection service entered the stopped state.
Information,11/26/2016 7:40:20 PM,Service Control Manager,7036,None,The Software Protection service entered the running state.
Information,11/26/2016 7:36:14 PM,Service Control Manager,7036,None,The WinHTTP Web Proxy Auto-Discovery Service service entered the stopped state.
Information,11/26/2016 7:10:50 PM,Service Control Manager,7036,None,The Software Protection service entered the stopped state.
Information,11/26/2016 7:10:20 PM,Service Control Manager,7036,None,The Software Protection service entered the running state.
Information,11/26/2016 7:09:13 PM,Service Control Manager,7036,None,The DNS Client service entered the running state.
Information,11/26/2016 7:09:13 PM,Service Control Manager,7036,None,The WinHTTP Web Proxy Auto-Discovery Service service entered the running state.
Information,11/26/2016 6:40:50 PM,Service Control Manager,7036,None,The Software Protection service entered the stopped state.
Information,11/26/2016 6:40:20 PM,Service Control Manager,7036,None,The Software Protection service entered the running state.
Information,11/26/2016 6:37:52 PM,Service Control Manager,7036,None,The DNS Client service entered the stopped state.
Information,11/26/2016 6:25:22 PM,Service Control Manager,7036,None,The WinHTTP Web Proxy Auto-Discovery Service service entered the stopped state.
Information,11/26/2016 6:10:50 PM,Service Control Manager,7036,None,The Software Protection service entered the stopped state.
Information,11/26/2016 6:10:20 PM,Service Control Manager,7036,None,The Software Protection service entered the running state.
Information,11/26/2016 6:10:01 PM,Service Control Manager,7036,None,The Windows Error Reporting Service service entered the stopped state.
Information,11/26/2016 6:08:17 PM,Service Control Manager,7036,None,The Windows Time service entered the stopped state.
Information,11/26/2016 6:08:17 PM,Microsoft-Windows-Kernel-General,1,None,"The system time has changed to ‎2016‎-‎11‎-‎27T02:08:17.725000000Z from ‎2016‎-‎11‎-‎27T02:08:17.726517000Z.

Change Reason: An application or system component changed the time."
Information,11/26/2016 6:08:17 PM,Microsoft-Windows-Time-Service,35,None,"The time service is now synchronizing the system time with the time source time.windows.com,0x9 (ntp.m|0x9|0.0.0.0:123->13.85.70.43:123)."
Information,11/26/2016 6:08:03 PM,Microsoft-Windows-Time-Service,37,None,"The time provider NtpClient is currently receiving valid time data from time.windows.com,0x9 (ntp.m|0x9|0.0.0.0:123->13.85.70.43:123)."
Information,11/26/2016 6:08:01 PM,Service Control Manager,7036,None,The Problem Reports and Solutions Control Panel Support service entered the stopped state.
Information,11/26/2016 6:08:01 PM,Service Control Manager,7036,None,The Problem Reports and Solutions Control Panel Support service entered the running state.
Information,11/26/2016 6:08:01 PM,Service Control Manager,7036,None,The Windows Time service entered the running state.
Information,11/26/2016 6:08:01 PM,Service Control Manager,7036,None,The Windows Error Reporting Service service entered the running state.
Information,11/26/2016 5:50:00 PM,Service Control Manager,7036,None,The Windows Modules Installer service entered the stopped state.
Information,11/26/2016 5:47:53 PM,Service Control Manager,7036,None,The Windows Modules Installer service entered the running state.
Information,11/26/2016 5:47:52 PM,Service Control Manager,7036,None,The DNS Client service entered the running state.
Information,11/26/2016 5:47:52 PM,Service Control Manager,7036,None,The WinHTTP Web Proxy Auto-Discovery Service service entered the running state.
Information,11/26/2016 5:40:50 PM,Service Control Manager,7036,None,The Software Protection service entered the stopped state.
Information,11/26/2016 5:40:20 PM,Service Control Manager,7036,None,The Software Protection service entered the running state.
Information,11/26/2016 5:27:03 PM,Service Control Manager,7036,None,The DNS Client service entered the stopped state.
Information,11/26/2016 5:10:50 PM,Service Control Manager,7036,None,The Software Protection service entered the stopped state.
Information,11/26/2016 5:10:20 PM,Service Control Manager,7036,None,The Software Protection service entered the running state.
Information,11/26/2016 5:07:03 PM,Service Control Manager,7036,None,The DNS Client service entered the running state.
Information,11/26/2016 5:06:13 PM,Service Control Manager,7036,None,The DNS Client service entered the stopped state.
Information,11/26/2016 4:53:13 PM,Service Control Manager,7036,None,The WinHTTP Web Proxy Auto-Discovery Service service entered the stopped state.
Information,11/26/2016 4:40:50 PM,Service Control Manager,7036,None,The Software Protection service entered the stopped state.
Information,11/26/2016 4:40:19 PM,Service Control Manager,7036,None,The Software Protection service entered the running state.
Information,11/26/2016 4:26:13 PM,Service Control Manager,7036,None,The DNS Client service entered the running state.
Information,11/26/2016 4:26:13 PM,Service Control Manager,7036,None,The WinHTTP Web Proxy Auto-Discovery Service service entered the running state.
Information,11/26/2016 4:10:50 PM,Service Control Manager,7036,None,The Software Protection service entered the stopped state.
Information,11/26/2016 4:10:19 PM,Service Control Manager,7036,None,The Software Protection service entered the running state.
Information,11/26/2016 4:01:13 PM,Service Control Manager,7036,None,The DNS Client service entered the stopped state.
Information,11/26/2016 3:49:43 PM,Service Control Manager,7036,None,The WinHTTP Web Proxy Auto-Discovery Service service entered the stopped state.
Information,11/26/2016 3:40:49 PM,Service Control Manager,7036,None,The Software Protection service entered the stopped state.
Information,11/26/2016 3:40:19 PM,Service Control Manager,7036,None,The Software Protection service entered the running state.
Information,11/26/2016 3:21:13 PM,Service Control Manager,7036,None,The DNS Client service entered the running state.
Information,11/26/2016 3:21:13 PM,Service Control Manager,7036,None,The WinHTTP Web Proxy Auto-Discovery Service service entered the running state.
Information,11/26/2016 3:10:49 PM,Service Control Manager,7036,None,The Software Protection service entered the stopped state.
Information,11/26/2016 3:10:19 PM,Service Control Manager,7036,None,The Software Protection service entered the running state.
Information,11/26/2016 2:40:49 PM,Service Control Manager,7036,None,The Software Protection service entered the stopped state.
Information,11/26/2016 2:40:19 PM,Service Control Manager,7036,None,The Software Protection service entered the running state.
Information,11/26/2016 2:16:13 PM,Service Control Manager,7036,None,The DNS Client service entered the stopped state.
Information,11/26/2016 2:10:49 PM,Service Control Manager,7036,None,The Software Protection service entered the stopped state.
Information,11/26/2016 2:10:19 PM,Service Control Manager,7036,None,The Software Protection service entered the running state.
Information,11/26/2016 2:03:13 PM,Service Control Manager,7036,None,The WinHTTP Web Proxy Auto-Discovery Service service entered the stopped state.
Information,11/26/2016 1:40:49 PM,Service Control Manager,7036,None,The Software Protection service entered the stopped state.
Information,11/26/2016 1:40:19 PM,Service Control Manager,7036,None,The Software Protection service entered the running state.
Information,11/26/2016 1:36:12 PM,Service Control Manager,7036,None,The DNS Client service entered the running state.
Information,11/26/2016 1:36:12 PM,Service Control Manager,7036,None,The WinHTTP Web Proxy Auto-Discovery Service service entered the running state.
Information,11/26/2016 1:10:49 PM,Service Control Manager,7036,None,The Software Protection service entered the stopped state.
Information,11/26/2016 1:10:18 PM,Service Control Manager,7036,None,The Software Protection service entered the running state.
Information,11/26/2016 12:40:49 PM,Service Control Manager,7036,None,The Software Protection service entered the stopped state.
Information,11/26/2016 12:40:18 PM,Service Control Manager,7036,None,The Software Protection service entered the running state.
Information,11/26/2016 12:33:12 PM,Service Control Manager,7036,None,The DNS Client service entered the stopped state.
Information,11/26/2016 12:20:12 PM,Service Control Manager,7036,None,The WinHTTP Web Proxy Auto-Discovery Service service entered the stopped state.
Information,11/26/2016 12:10:48 PM,Service Control Manager,7036,None,The Software Protection service entered the stopped state.
Information,11/26/2016 12:10:18 PM,Service Control Manager,7036,None,The Software Protection service entered the running state.
Information,11/26/2016 11:53:12 AM,Service Control Manager,7036,None,The DNS Client service entered the running state.
Information,11/26/2016 11:53:12 AM,Service Control Manager,7036,None,The WinHTTP Web Proxy Auto-Discovery Service service entered the running state.
Information,11/26/2016 11:40:48 AM,Service Control Manager,7036,None,The Software Protection service entered the stopped state.
Information,11/26/2016 11:40:18 AM,Service Control Manager,7036,None,The Software Protection service entered the running state.
Information,11/26/2016 11:40:00 AM,Service Control Manager,7036,None,The DNS Client service entered the stopped state.
Information,11/26/2016 11:27:00 AM,Service Control Manager,7036,None,The WinHTTP Web Proxy Auto-Discovery Service service entered the stopped state.
Information,11/26/2016 11:10:48 AM,Service Control Manager,7036,None,The Software Protection service entered the stopped state.
Information,11/26/2016 11:10:18 AM,Service Control Manager,7036,None,The Software Protection service entered the running state.
Information,11/26/2016 11:00:00 AM,Service Control Manager,7036,None,The DNS Client service entered the running state.
Information,11/26/2016 11:00:00 AM,Service Control Manager,7036,None,The WinHTTP Web Proxy Auto-Discovery Service service entered the running state.
Information,11/26/2016 10:43:12 AM,Service Control Manager,7036,None,The DNS Client service entered the stopped state.
Information,11/26/2016 10:40:48 AM,Service Control Manager,7036,None,The Software Protection service entered the stopped state.
Information,11/26/2016 10:40:18 AM,Service Control Manager,7036,None,The Software Protection service entered the running state.
Information,11/26/2016 10:30:12 AM,Service Control Manager,7036,None,The WinHTTP Web Proxy Auto-Discovery Service service entered the stopped state.
Information,11/26/2016 10:10:48 AM,Service Control Manager,7036,None,The Software Protection service entered the stopped state.
Information,11/26/2016 10:10:18 AM,Service Control Manager,7036,None,The Software Protection service entered the running state.
Information,11/26/2016 10:03:12 AM,Service Control Manager,7036,None,The DNS Client service entered the running state.
Information,11/26/2016 10:03:12 AM,Service Control Manager,7036,None,The WinHTTP Web Proxy Auto-Discovery Service service entered the running state.
Information,11/26/2016 9:40:48 AM,Service Control Manager,7036,None,The Software Protection service entered the stopped state.
Information,11/26/2016 9:40:17 AM,Service Control Manager,7036,None,The Software Protection service entered the running state.
Information,11/26/2016 9:40:12 AM,Service Control Manager,7036,None,The DNS Client service entered the stopped state.
Information,11/26/2016 9:27:13 AM,Service Control Manager,7036,None,The WinHTTP Web Proxy Auto-Discovery Service service entered the stopped state.
Information,11/26/2016 9:10:48 AM,Service Control Manager,7036,None,The Software Protection service entered the stopped state.
Information,11/26/2016 9:10:17 AM,Service Control Manager,7036,None,The Software Protection service entered the running state.
Information,11/26/2016 9:00:12 AM,Service Control Manager,7036,None,The DNS Client service entered the running state.
Information,11/26/2016 9:00:12 AM,Service Control Manager,7036,None,The WinHTTP Web Proxy Auto-Discovery Service service entered the running state.
Information,11/26/2016 8:40:47 AM,Service Control Manager,7036,None,The Software Protection service entered the stopped state.
Information,11/26/2016 8:40:17 AM,Service Control Manager,7036,None,The Software Protection service entered the running state.
Information,11/26/2016 8:10:47 AM,Service Control Manager,7036,None,The Software Protection service entered the stopped state.
Information,11/26/2016 8:10:17 AM,Service Control Manager,7036,None,The Software Protection service entered the running state.
Information,11/26/2016 8:04:12 AM,Service Control Manager,7036,None,The DNS Client service entered the stopped state.
Information,11/26/2016 7:51:12 AM,Service Control Manager,7036,None,The WinHTTP Web Proxy Auto-Discovery Service service entered the stopped state.
Information,11/26/2016 7:40:47 AM,Service Control Manager,7036,None,The Software Protection service entered the stopped state.
Information,11/26/2016 7:40:17 AM,Service Control Manager,7036,None,The Software Protection service entered the running state.
Information,11/26/2016 7:24:12 AM,Service Control Manager,7036,None,The DNS Client service entered the running state.
Information,11/26/2016 7:24:12 AM,Service Control Manager,7036,None,The WinHTTP Web Proxy Auto-Discovery Service service entered the running state.
Information,11/26/2016 7:10:47 AM,Service Control Manager,7036,None,The Software Protection service entered the stopped state.
Information,11/26/2016 7:10:17 AM,Service Control Manager,7036,None,The Software Protection service entered the running state.
Information,11/26/2016 7:01:13 AM,Service Control Manager,7036,None,The DNS Client service entered the stopped state.
Information,11/26/2016 6:48:13 AM,Service Control Manager,7036,None,The WinHTTP Web Proxy Auto-Discovery Service service entered the stopped state.
Information,11/26/2016 6:40:47 AM,Service Control Manager,7036,None,The Software Protection service entered the stopped state.
Information,11/26/2016 6:40:16 AM,Service Control Manager,7036,None,The Software Protection service entered the running state.
Information,11/26/2016 6:21:13 AM,Service Control Manager,7036,None,The DNS Client service entered the running state.
Information,11/26/2016 6:21:13 AM,Service Control Manager,7036,None,The WinHTTP Web Proxy Auto-Discovery Service service entered the running state.
Information,11/26/2016 6:10:47 AM,Service Control Manager,7036,None,The Software Protection service entered the stopped state.
Information,11/26/2016 6:10:16 AM,Service Control Manager,7036,None,The Software Protection service entered the running state.
Information,11/26/2016 5:40:46 AM,Service Control Manager,7036,None,The Software Protection service entered the stopped state.
Information,11/26/2016 5:40:16 AM,Service Control Manager,7036,None,The Software Protection service entered the running state.
Information,11/26/2016 5:33:13 AM,Service Control Manager,7036,None,The DNS Client service entered the stopped state.
Information,11/26/2016 5:20:13 AM,Service Control Manager,7036,None,The WinHTTP Web Proxy Auto-Discovery Service service entered the stopped state.
Information,11/26/2016 5:11:12 AM,Service Control Manager,7036,None,The Windows Modules Installer service entered the stopped state.
Information,11/26/2016 5:10:46 AM,Service Control Manager,7036,None,The Software Protection service entered the stopped state.
Information,11/26/2016 5:10:16 AM,Service Control Manager,7036,None,The Software Protection service entered the running state.
Information,11/26/2016 5:09:12 AM,Service Control Manager,7036,None,The Windows Modules Installer service entered the running state.
Information,11/26/2016 4:53:13 AM,Service Control Manager,7036,None,The DNS Client service entered the running state.
Information,11/26/2016 4:53:13 AM,Service Control Manager,7036,None,The WinHTTP Web Proxy Auto-Discovery Service service entered the running state.
Information,11/26/2016 4:40:46 AM,Service Control Manager,7036,None,The Software Protection service entered the stopped state.
Information,11/26/2016 4:40:16 AM,Service Control Manager,7036,None,The Software Protection service entered the running state.
Information,11/26/2016 4:21:12 AM,Service Control Manager,7036,None,The DNS Client service entered the stopped state.
Information,11/26/2016 4:10:46 AM,Service Control Manager,7036,None,The Software Protection service entered the stopped state.
Information,11/26/2016 4:10:16 AM,Service Control Manager,7036,None,The Software Protection service entered the running state.
Information,11/26/2016 4:08:13 AM,Service Control Manager,7036,None,The WinHTTP Web Proxy Auto-Discovery Service service entered the stopped state.
Information,11/26/2016 4:00:00 AM,EventLog,6013,None,The system uptime is 2544838 seconds.
Information,11/26/2016 3:41:12 AM,Service Control Manager,7036,None,The DNS Client service entered the running state.
Information,11/26/2016 3:41:12 AM,Service Control Manager,7036,None,The WinHTTP Web Proxy Auto-Discovery Service service entered the running state.
Information,11/26/2016 3:40:46 AM,Service Control Manager,7036,None,The Software Protection service entered the stopped state.
Information,11/26/2016 3:40:16 AM,Service Control Manager,7036,None,The Software Protection service entered the running state.
Information,11/26/2016 3:10:46 AM,Service Control Manager,7036,None,The Software Protection service entered the stopped state.
Information,11/26/2016 3:10:15 AM,Service Control Manager,7036,None,The Software Protection service entered the running state.
Information,11/26/2016 3:05:12 AM,Service Control Manager,7036,None,The DNS Client service entered the stopped state.
Information,11/26/2016 2:52:12 AM,Service Control Manager,7036,None,The WinHTTP Web Proxy Auto-Discovery Service service entered the stopped state.
Information,11/26/2016 2:40:46 AM,Service Control Manager,7036,None,The Software Protection service entered the stopped state.
Information,11/26/2016 2:40:15 AM,Service Control Manager,7036,None,The Software Protection service entered the running state.
Information,11/26/2016 2:25:12 AM,Service Control Manager,7036,None,The DNS Client service entered the running state.
Information,11/26/2016 2:25:12 AM,Service Control Manager,7036,None,The WinHTTP Web Proxy Auto-Discovery Service service entered the running state.
Information,11/26/2016 2:10:45 AM,Service Control Manager,7036,None,The Software Protection service entered the stopped state.
Information,11/26/2016 2:10:15 AM,Service Control Manager,7036,None,The Software Protection service entered the running state.
Information,11/26/2016 1:40:45 AM,Service Control Manager,7036,None,The Software Protection service entered the stopped state.
Information,11/26/2016 1:40:15 AM,Service Control Manager,7036,None,The Software Protection service entered the running state.
Information,11/26/2016 1:35:12 AM,Service Control Manager,7036,None,The DNS Client service entered the stopped state.
Information,11/26/2016 1:22:12 AM,Service Control Manager,7036,None,The WinHTTP Web Proxy Auto-Discovery Service service entered the stopped state.
Information,11/26/2016 1:10:45 AM,Service Control Manager,7036,None,The Software Protection service entered the stopped state.
Information,11/26/2016 1:10:15 AM,Service Control Manager,7036,None,The Software Protection service entered the running state.
Information,11/26/2016 12:55:12 AM,Service Control Manager,7036,None,The DNS Client service entered the running state.
Information,11/26/2016 12:55:12 AM,Service Control Manager,7036,None,The WinHTTP Web Proxy Auto-Discovery Service service entered the running state.
Information,11/26/2016 12:40:45 AM,Service Control Manager,7036,None,The Software Protection service entered the stopped state.
Information,11/26/2016 12:40:33 AM,Service Control Manager,7036,None,The DNS Client service entered the stopped state.
Information,11/26/2016 12:40:15 AM,Service Control Manager,7036,None,The Software Protection service entered the running state.
Information,11/26/2016 12:28:03 AM,Service Control Manager,7036,None,The WinHTTP Web Proxy Auto-Discovery Service service entered the stopped state.
Information,11/26/2016 12:10:45 AM,Service Control Manager,7036,None,The Software Protection service entered the stopped state.
Information,11/26/2016 12:10:15 AM,Service Control Manager,7036,None,The Software Protection service entered the running state.
Information,11/25/2016 11:52:41 PM,Service Control Manager,7036,None,The Windows Modules Installer service entered the stopped state.
Information,11/25/2016 11:50:34 PM,Service Control Manager,7036,None,The Windows Modules Installer service entered the running state.
Information,11/25/2016 11:50:33 PM,Service Control Manager,7036,None,The DNS Client service entered the running state.
Information,11/25/2016 11:50:33 PM,Service Control Manager,7036,None,The WinHTTP Web Proxy Auto-Discovery Service service entered the running state.
Information,11/25/2016 11:44:46 PM,Service Control Manager,7036,None,The DNS Client service entered the stopped state.
Information,11/25/2016 11:40:45 PM,Service Control Manager,7036,None,The Software Protection service entered the stopped state.
Information,11/25/2016 11:40:14 PM,Service Control Manager,7036,None,The Software Protection service entered the running state.
Information,11/25/2016 11:34:12 PM,Service Control Manager,7036,None,The WinHTTP Web Proxy Auto-Discovery Service service entered the stopped state.
Information,11/25/2016 11:10:45 PM,Service Control Manager,7036,None,The Software Protection service entered the stopped state.
Information,11/25/2016 11:10:14 PM,Service Control Manager,7036,None,The Software Protection service entered the running state.
Information,11/25/2016 11:07:12 PM,Service Control Manager,7036,None,The DNS Client service entered the running state.
Information,11/25/2016 11:07:12 PM,Service Control Manager,7036,None,The WinHTTP Web Proxy Auto-Discovery Service service entered the running state.
Information,11/25/2016 10:40:45 PM,Service Control Manager,7036,None,The Software Protection service entered the stopped state.
Information,11/25/2016 10:40:14 PM,Service Control Manager,7036,None,The Software Protection service entered the running state.
Information,11/25/2016 10:10:44 PM,Service Control Manager,7036,None,The Software Protection service entered the stopped state.
Information,11/25/2016 10:10:14 PM,Service Control Manager,7036,None,The Software Protection service entered the running state.
Information,11/25/2016 10:10:12 PM,Service Control Manager,7036,None,The DNS Client service entered the stopped state.
Information,11/25/2016 9:57:12 PM,Service Control Manager,7036,None,The WinHTTP Web Proxy Auto-Discovery Service service entered the stopped state.
Information,11/25/2016 9:40:44 PM,Service Control Manager,7036,None,The Software Protection service entered the stopped state.
Information,11/25/2016 9:40:14 PM,Service Control Manager,7036,None,The Software Protection service entered the running state.
Information,11/25/2016 9:30:12 PM,Service Control Manager,7036,None,The DNS Client service entered the running state.
Information,11/25/2016 9:30:12 PM,Service Control Manager,7036,None,The WinHTTP Web Proxy Auto-Discovery Service service entered the running state.
Information,11/25/2016 9:10:44 PM,Service Control Manager,7036,None,The Software Protection service entered the stopped state.
Information,11/25/2016 9:10:14 PM,Service Control Manager,7036,None,The Software Protection service entered the running state.
Information,11/25/2016 8:50:11 PM,Service Control Manager,7036,None,The DNS Client service entered the stopped state.
Information,11/25/2016 8:40:44 PM,Service Control Manager,7036,None,The Software Protection service entered the stopped state.
Information,11/25/2016 8:40:14 PM,Service Control Manager,7036,None,The Software Protection service entered the running state.
Information,11/25/2016 8:37:12 PM,Service Control Manager,7036,None,The WinHTTP Web Proxy Auto-Discovery Service service entered the stopped state.
Information,11/25/2016 8:10:44 PM,Service Control Manager,7036,None,The Software Protection service entered the stopped state.
Information,11/25/2016 8:10:13 PM,Service Control Manager,7036,None,The Software Protection service entered the running state.
Information,11/25/2016 8:10:11 PM,Service Control Manager,7036,None,The DNS Client service entered the running state.
Information,11/25/2016 8:10:11 PM,Service Control Manager,7036,None,The WinHTTP Web Proxy Auto-Discovery Service service entered the running state.
Information,11/25/2016 7:40:44 PM,Service Control Manager,7036,None,The Software Protection service entered the stopped state.
Information,11/25/2016 7:40:13 PM,Service Control Manager,7036,None,The Software Protection service entered the running state.
Information,11/25/2016 7:22:11 PM,Service Control Manager,7036,None,The DNS Client service entered the stopped state.
Information,11/25/2016 7:10:44 PM,Service Control Manager,7036,None,The Software Protection service entered the stopped state.
