Information,12/8/2016 5:42:46 PM,Service Control Manager,7040,None,The start type of the Microsoft NDIS Capture service was changed from system start to demand start.
Information,12/8/2016 5:42:36 PM,Service Control Manager,7040,None,The start type of the Microsoft NDIS Capture service was changed from demand start to system start.
Information,12/8/2016 5:42:16 PM,Service Control Manager,7040,None,The start type of the Microsoft NDIS Capture service was changed from system start to demand start.
Information,12/8/2016 5:42:06 PM,Service Control Manager,7040,None,The start type of the Microsoft NDIS Capture service was changed from demand start to system start.
Information,12/8/2016 5:41:46 PM,Service Control Manager,7040,None,The start type of the Microsoft NDIS Capture service was changed from system start to demand start.
Information,12/8/2016 5:41:35 PM,Service Control Manager,7040,None,The start type of the Microsoft NDIS Capture service was changed from demand start to system start.
Information,12/8/2016 5:41:15 PM,Service Control Manager,7040,None,The start type of the Microsoft NDIS Capture service was changed from system start to demand start.
Information,12/8/2016 5:41:05 PM,Service Control Manager,7040,None,The start type of the Microsoft NDIS Capture service was changed from demand start to system start.
Information,12/8/2016 5:40:45 PM,Service Control Manager,7040,None,The start type of the Microsoft NDIS Capture service was changed from system start to demand start.
Information,12/8/2016 5:40:35 PM,Service Control Manager,7040,None,The start type of the Microsoft NDIS Capture service was changed from demand start to system start.
Information,12/8/2016 5:40:16 PM,Service Control Manager,7040,None,The start type of the Microsoft NDIS Capture service was changed from system start to demand start.
Information,12/8/2016 5:40:06 PM,Service Control Manager,7040,None,The start type of the Microsoft NDIS Capture service was changed from demand start to system start.
Information,12/8/2016 5:39:46 PM,Service Control Manager,7040,None,The start type of the Microsoft NDIS Capture service was changed from system start to demand start.
Information,12/8/2016 5:39:36 PM,Service Control Manager,7040,None,The start type of the Microsoft NDIS Capture service was changed from demand start to system start.
Information,12/8/2016 5:39:16 PM,Service Control Manager,7040,None,The start type of the Microsoft NDIS Capture service was changed from system start to demand start.
Information,12/8/2016 5:39:06 PM,Service Control Manager,7040,None,The start type of the Microsoft NDIS Capture service was changed from demand start to system start.
Information,12/8/2016 5:38:46 PM,Service Control Manager,7040,None,The start type of the Microsoft NDIS Capture service was changed from system start to demand start.
Information,12/8/2016 5:38:35 PM,Service Control Manager,7040,None,The start type of the Microsoft NDIS Capture service was changed from demand start to system start.
Information,12/8/2016 5:38:15 PM,Service Control Manager,7040,None,The start type of the Microsoft NDIS Capture service was changed from system start to demand start.
Information,12/8/2016 5:38:05 PM,Service Control Manager,7040,None,The start type of the Microsoft NDIS Capture service was changed from demand start to system start.
Information,12/8/2016 5:37:45 PM,Service Control Manager,7040,None,The start type of the Microsoft NDIS Capture service was changed from system start to demand start.
Information,12/8/2016 5:37:35 PM,Service Control Manager,7040,None,The start type of the Microsoft NDIS Capture service was changed from demand start to system start.
Information,12/8/2016 5:37:16 PM,Service Control Manager,7040,None,The start type of the Microsoft NDIS Capture service was changed from system start to demand start.
Information,12/8/2016 5:37:06 PM,Service Control Manager,7040,None,The start type of the Microsoft NDIS Capture service was changed from demand start to system start.
Information,12/8/2016 5:36:46 PM,Service Control Manager,7040,None,The start type of the Microsoft NDIS Capture service was changed from system start to demand start.
Information,12/8/2016 5:36:36 PM,Service Control Manager,7040,None,The start type of the Microsoft NDIS Capture service was changed from demand start to system start.
Information,12/8/2016 5:36:16 PM,Service Control Manager,7040,None,The start type of the Microsoft NDIS Capture service was changed from system start to demand start.
Information,12/8/2016 5:36:06 PM,Service Control Manager,7040,None,The start type of the Microsoft NDIS Capture service was changed from demand start to system start.
Information,12/8/2016 5:35:46 PM,Service Control Manager,7040,None,The start type of the Microsoft NDIS Capture service was changed from system start to demand start.
Information,12/8/2016 5:35:36 PM,Service Control Manager,7040,None,The start type of the Microsoft NDIS Capture service was changed from demand start to system start.
Information,12/8/2016 5:35:16 PM,Service Control Manager,7040,None,The start type of the Microsoft NDIS Capture service was changed from system start to demand start.
Information,12/8/2016 5:35:06 PM,Service Control Manager,7040,None,The start type of the Microsoft NDIS Capture service was changed from demand start to system start.
Information,12/8/2016 5:34:47 PM,Service Control Manager,7040,None,The start type of the Microsoft NDIS Capture service was changed from system start to demand start.
Information,12/8/2016 5:34:36 PM,Service Control Manager,7040,None,The start type of the Microsoft NDIS Capture service was changed from demand start to system start.
Information,12/8/2016 5:34:16 PM,Service Control Manager,7040,None,The start type of the Microsoft NDIS Capture service was changed from system start to demand start.
Information,12/8/2016 5:34:06 PM,Service Control Manager,7040,None,The start type of the Microsoft NDIS Capture service was changed from demand start to system start.
Information,12/8/2016 5:33:46 PM,Service Control Manager,7040,None,The start type of the Microsoft NDIS Capture service was changed from system start to demand start.
Information,12/8/2016 5:33:36 PM,Service Control Manager,7040,None,The start type of the Microsoft NDIS Capture service was changed from demand start to system start.
Information,12/8/2016 5:33:16 PM,Service Control Manager,7040,None,The start type of the Microsoft NDIS Capture service was changed from system start to demand start.
Information,12/8/2016 5:33:06 PM,Service Control Manager,7040,None,The start type of the Microsoft NDIS Capture service was changed from demand start to system start.
Information,12/8/2016 5:32:46 PM,Service Control Manager,7040,None,The start type of the Microsoft NDIS Capture service was changed from system start to demand start.
Information,12/8/2016 5:32:36 PM,Service Control Manager,7040,None,The start type of the Microsoft NDIS Capture service was changed from demand start to system start.
Information,12/8/2016 5:32:16 PM,Service Control Manager,7040,None,The start type of the Microsoft NDIS Capture service was changed from system start to demand start.
Information,12/8/2016 5:32:06 PM,Service Control Manager,7040,None,The start type of the Microsoft NDIS Capture service was changed from demand start to system start.
Information,12/8/2016 5:31:46 PM,Service Control Manager,7040,None,The start type of the Microsoft NDIS Capture service was changed from system start to demand start.
Information,12/8/2016 5:31:35 PM,Service Control Manager,7040,None,The start type of the Microsoft NDIS Capture service was changed from demand start to system start.
Information,12/8/2016 5:31:16 PM,Service Control Manager,7040,None,The start type of the Microsoft NDIS Capture service was changed from system start to demand start.
Information,12/8/2016 5:31:06 PM,Service Control Manager,7040,None,The start type of the Microsoft NDIS Capture service was changed from demand start to system start.
Information,12/8/2016 5:30:46 PM,Service Control Manager,7040,None,The start type of the Microsoft NDIS Capture service was changed from system start to demand start.
Information,12/8/2016 5:30:35 PM,Service Control Manager,7040,None,The start type of the Microsoft NDIS Capture service was changed from demand start to system start.
Information,12/8/2016 5:30:15 PM,Service Control Manager,7040,None,The start type of the Microsoft NDIS Capture service was changed from system start to demand start.
Information,12/8/2016 5:30:05 PM,Service Control Manager,7040,None,The start type of the Microsoft NDIS Capture service was changed from demand start to system start.
Information,12/8/2016 5:29:47 PM,Service Control Manager,7040,None,The start type of the Microsoft NDIS Capture service was changed from system start to demand start.
Information,12/8/2016 5:29:37 PM,Service Control Manager,7040,None,The start type of the Microsoft NDIS Capture service was changed from demand start to system start.
Information,12/8/2016 5:29:19 PM,Service Control Manager,7040,None,The start type of the Microsoft NDIS Capture service was changed from system start to demand start.
Information,12/8/2016 5:29:08 PM,Service Control Manager,7040,None,The start type of the Microsoft NDIS Capture service was changed from demand start to system start.
Information,12/8/2016 5:28:49 PM,Service Control Manager,7040,None,The start type of the Microsoft NDIS Capture service was changed from system start to demand start.
Information,12/8/2016 5:28:39 PM,Service Control Manager,7040,None,The start type of the Microsoft NDIS Capture service was changed from demand start to system start.
Information,12/8/2016 5:28:19 PM,Service Control Manager,7040,None,The start type of the Microsoft NDIS Capture service was changed from system start to demand start.
Information,12/8/2016 5:28:09 PM,Service Control Manager,7040,None,The start type of the Microsoft NDIS Capture service was changed from demand start to system start.
Information,12/8/2016 5:27:51 PM,Service Control Manager,7040,None,The start type of the Microsoft NDIS Capture service was changed from system start to demand start.
Information,12/8/2016 5:27:41 PM,Service Control Manager,7040,None,The start type of the Microsoft NDIS Capture service was changed from demand start to system start.
Information,12/8/2016 5:27:19 PM,Service Control Manager,7040,None,The start type of the Microsoft NDIS Capture service was changed from system start to demand start.
Information,12/8/2016 5:27:09 PM,Service Control Manager,7040,None,The start type of the Microsoft NDIS Capture service was changed from demand start to system start.
Information,12/8/2016 5:26:46 PM,Service Control Manager,7040,None,The start type of the Microsoft NDIS Capture service was changed from system start to demand start.
Information,12/8/2016 5:26:36 PM,Service Control Manager,7040,None,The start type of the Microsoft NDIS Capture service was changed from demand start to system start.
Information,12/8/2016 5:26:15 PM,Service Control Manager,7040,None,The start type of the Microsoft NDIS Capture service was changed from system start to demand start.
Information,12/8/2016 5:26:05 PM,Service Control Manager,7040,None,The start type of the Microsoft NDIS Capture service was changed from demand start to system start.
Information,12/8/2016 5:25:45 PM,Service Control Manager,7040,None,The start type of the Microsoft NDIS Capture service was changed from system start to demand start.
Information,12/8/2016 5:25:34 PM,Service Control Manager,7040,None,The start type of the Microsoft NDIS Capture service was changed from demand start to system start.
Information,12/8/2016 5:25:14 PM,Service Control Manager,7040,None,The start type of the Microsoft NDIS Capture service was changed from system start to demand start.
Information,12/8/2016 5:25:11 PM,Service Control Manager,7036,None,The Software Protection service entered the running state.
Information,12/8/2016 5:25:04 PM,Service Control Manager,7040,None,The start type of the Microsoft NDIS Capture service was changed from demand start to system start.
Information,12/8/2016 5:24:44 PM,Service Control Manager,7040,None,The start type of the Microsoft NDIS Capture service was changed from system start to demand start.
Information,12/8/2016 5:24:34 PM,Service Control Manager,7040,None,The start type of the Microsoft NDIS Capture service was changed from demand start to system start.
Information,12/8/2016 5:24:14 PM,Service Control Manager,7040,None,The start type of the Microsoft NDIS Capture service was changed from system start to demand start.
Information,12/8/2016 5:24:04 PM,Service Control Manager,7040,None,The start type of the Microsoft NDIS Capture service was changed from demand start to system start.
Information,12/8/2016 5:23:42 PM,Service Control Manager,7040,None,The start type of the Microsoft NDIS Capture service was changed from system start to demand start.
Information,12/8/2016 5:23:31 PM,Service Control Manager,7040,None,The start type of the Microsoft NDIS Capture service was changed from demand start to system start.
Information,12/8/2016 5:23:26 PM,Microsoft-Windows-Kernel-General,1,None,"The system time has changed to ‎2016‎-‎12‎-‎09T01:23:26.500000000Z from ‎2016‎-‎12‎-‎09T01:14:57.524290200Z.

Change Reason: System time synchronized with the hardware clock."
Information,12/8/2016 5:14:44 PM,Service Control Manager,7040,None,The start type of the Microsoft NDIS Capture service was changed from system start to demand start.
Information,12/8/2016 5:14:34 PM,Service Control Manager,7040,None,The start type of the Microsoft NDIS Capture service was changed from demand start to system start.
Information,12/8/2016 5:14:16 PM,Service Control Manager,7040,None,The start type of the Microsoft NDIS Capture service was changed from system start to demand start.
Information,12/8/2016 5:14:05 PM,Service Control Manager,7040,None,The start type of the Microsoft NDIS Capture service was changed from demand start to system start.
Information,12/8/2016 5:13:42 PM,Service Control Manager,7040,None,The start type of the Microsoft NDIS Capture service was changed from system start to demand start.
Information,12/8/2016 5:13:32 PM,Service Control Manager,7040,None,The start type of the Microsoft NDIS Capture service was changed from demand start to system start.
Information,12/8/2016 5:13:06 PM,Service Control Manager,7040,None,The start type of the Microsoft NDIS Capture service was changed from system start to demand start.
Information,12/8/2016 5:12:56 PM,Service Control Manager,7040,None,The start type of the Microsoft NDIS Capture service was changed from demand start to system start.
Information,12/8/2016 5:12:34 PM,Service Control Manager,7040,None,The start type of the Microsoft NDIS Capture service was changed from system start to demand start.
Information,12/8/2016 5:12:24 PM,Service Control Manager,7040,None,The start type of the Microsoft NDIS Capture service was changed from demand start to system start.
Information,12/8/2016 5:12:03 PM,Service Control Manager,7040,None,The start type of the Microsoft NDIS Capture service was changed from system start to demand start.
Information,12/8/2016 5:11:53 PM,Service Control Manager,7040,None,The start type of the Microsoft NDIS Capture service was changed from demand start to system start.
Information,12/8/2016 5:11:32 PM,Service Control Manager,7040,None,The start type of the Microsoft NDIS Capture service was changed from system start to demand start.
Information,12/8/2016 5:11:22 PM,Service Control Manager,7040,None,The start type of the Microsoft NDIS Capture service was changed from demand start to system start.
Information,12/8/2016 5:11:02 PM,Service Control Manager,7040,None,The start type of the Microsoft NDIS Capture service was changed from system start to demand start.
Information,12/8/2016 5:10:52 PM,Service Control Manager,7040,None,The start type of the Microsoft NDIS Capture service was changed from demand start to system start.
Information,12/8/2016 5:10:32 PM,Service Control Manager,7040,None,The start type of the Microsoft NDIS Capture service was changed from system start to demand start.
Information,12/8/2016 5:10:22 PM,Service Control Manager,7040,None,The start type of the Microsoft NDIS Capture service was changed from demand start to system start.
Information,12/8/2016 5:09:59 PM,Service Control Manager,7040,None,The start type of the Microsoft NDIS Capture service was changed from system start to demand start.
Information,12/8/2016 5:09:48 PM,Service Control Manager,7040,None,The start type of the Microsoft NDIS Capture service was changed from demand start to system start.
Information,12/8/2016 5:09:28 PM,Service Control Manager,7040,None,The start type of the Microsoft NDIS Capture service was changed from system start to demand start.
Information,12/8/2016 5:09:18 PM,Service Control Manager,7040,None,The start type of the Microsoft NDIS Capture service was changed from demand start to system start.
Information,12/8/2016 5:08:54 PM,Service Control Manager,7040,None,The start type of the Microsoft NDIS Capture service was changed from system start to demand start.
Information,12/8/2016 5:08:42 PM,Service Control Manager,7040,None,The start type of the Microsoft NDIS Capture service was changed from demand start to system start.
Information,12/8/2016 5:08:22 PM,Service Control Manager,7040,None,The start type of the Microsoft NDIS Capture service was changed from system start to demand start.
Information,12/8/2016 5:08:12 PM,Service Control Manager,7040,None,The start type of the Microsoft NDIS Capture service was changed from demand start to system start.
Information,12/8/2016 5:07:53 PM,Service Control Manager,7040,None,The start type of the Microsoft NDIS Capture service was changed from system start to demand start.
Information,12/8/2016 5:07:43 PM,Service Control Manager,7040,None,The start type of the Microsoft NDIS Capture service was changed from demand start to system start.
Information,12/8/2016 5:07:23 PM,Service Control Manager,7040,None,The start type of the Microsoft NDIS Capture service was changed from system start to demand start.
Information,12/8/2016 5:07:13 PM,Service Control Manager,7040,None,The start type of the Microsoft NDIS Capture service was changed from demand start to system start.
Information,12/8/2016 5:06:52 PM,Service Control Manager,7040,None,The start type of the Microsoft NDIS Capture service was changed from system start to demand start.
Information,12/8/2016 5:06:42 PM,Service Control Manager,7040,None,The start type of the Microsoft NDIS Capture service was changed from demand start to system start.
Information,12/8/2016 5:06:20 PM,Service Control Manager,7040,None,The start type of the Microsoft NDIS Capture service was changed from system start to demand start.
Information,12/8/2016 5:06:09 PM,Service Control Manager,7040,None,The start type of the Microsoft NDIS Capture service was changed from demand start to system start.
Information,12/8/2016 5:05:46 PM,Service Control Manager,7040,None,The start type of the Microsoft NDIS Capture service was changed from system start to demand start.
Information,12/8/2016 5:05:36 PM,Service Control Manager,7040,None,The start type of the Microsoft NDIS Capture service was changed from demand start to system start.
Error,12/8/2016 5:05:19 PM,Schannel,36888,None,A fatal alert was generated and sent to the remote endpoint. This may result in termination of the connection. The TLS protocol defined fatal error code is 10. The Windows SChannel error state is 1203.
Error,12/8/2016 5:05:19 PM,Schannel,36888,None,A fatal alert was generated and sent to the remote endpoint. This may result in termination of the connection. The TLS protocol defined fatal error code is 10. The Windows SChannel error state is 1203.
Information,12/8/2016 5:05:09 PM,Service Control Manager,7040,None,The start type of the Microsoft NDIS Capture service was changed from system start to demand start.
Information,12/8/2016 5:04:59 PM,Service Control Manager,7040,None,The start type of the Microsoft NDIS Capture service was changed from demand start to system start.
Information,12/8/2016 5:04:38 PM,Service Control Manager,7040,None,The start type of the Microsoft NDIS Capture service was changed from system start to demand start.
Information,12/8/2016 5:04:27 PM,Service Control Manager,7040,None,The start type of the Microsoft NDIS Capture service was changed from demand start to system start.
Information,12/8/2016 5:04:08 PM,Service Control Manager,7040,None,The start type of the Microsoft NDIS Capture service was changed from system start to demand start.
Information,12/8/2016 5:03:58 PM,Service Control Manager,7040,None,The start type of the Microsoft NDIS Capture service was changed from demand start to system start.
Information,12/8/2016 5:03:37 PM,Service Control Manager,7036,None,The WinHTTP Web Proxy Auto-Discovery Service service entered the stopped state.
Information,12/8/2016 5:03:36 PM,Service Control Manager,7040,None,The start type of the Microsoft NDIS Capture service was changed from system start to demand start.
Information,12/8/2016 5:03:25 PM,Service Control Manager,7040,None,The start type of the Microsoft NDIS Capture service was changed from demand start to system start.
Information,12/8/2016 5:03:00 PM,Service Control Manager,7040,None,The start type of the Microsoft NDIS Capture service was changed from system start to demand start.
Information,12/8/2016 5:02:50 PM,Service Control Manager,7040,None,The start type of the Microsoft NDIS Capture service was changed from demand start to system start.
Information,12/8/2016 5:02:30 PM,Service Control Manager,7040,None,The start type of the Microsoft NDIS Capture service was changed from system start to demand start.
Information,12/8/2016 5:02:19 PM,Service Control Manager,7040,None,The start type of the Microsoft NDIS Capture service was changed from demand start to system start.
Information,12/8/2016 5:01:53 PM,Service Control Manager,7040,None,The start type of the Microsoft NDIS Capture service was changed from system start to demand start.
Information,12/8/2016 5:01:43 PM,Service Control Manager,7040,None,The start type of the Microsoft NDIS Capture service was changed from demand start to system start.
Information,12/8/2016 5:01:22 PM,Service Control Manager,7040,None,The start type of the Microsoft NDIS Capture service was changed from system start to demand start.
Information,12/8/2016 5:01:11 PM,Service Control Manager,7040,None,The start type of the Microsoft NDIS Capture service was changed from demand start to system start.
Information,12/8/2016 5:00:49 PM,Service Control Manager,7040,None,The start type of the Microsoft NDIS Capture service was changed from system start to demand start.
Information,12/8/2016 5:00:38 PM,Service Control Manager,7040,None,The start type of the Microsoft NDIS Capture service was changed from demand start to system start.
Information,12/8/2016 5:00:15 PM,Service Control Manager,7040,None,The start type of the Microsoft NDIS Capture service was changed from system start to demand start.
Information,12/8/2016 5:00:04 PM,Service Control Manager,7040,None,The start type of the Microsoft NDIS Capture service was changed from demand start to system start.
Information,12/8/2016 4:59:41 PM,Service Control Manager,7040,None,The start type of the Microsoft NDIS Capture service was changed from system start to demand start.
Information,12/8/2016 4:59:30 PM,Service Control Manager,7040,None,The start type of the Microsoft NDIS Capture service was changed from demand start to system start.
Information,12/8/2016 4:59:00 PM,Service Control Manager,7040,None,The start type of the Microsoft NDIS Capture service was changed from system start to demand start.
Information,12/8/2016 4:58:50 PM,Service Control Manager,7040,None,The start type of the Microsoft NDIS Capture service was changed from demand start to system start.
Information,12/8/2016 4:57:56 PM,Service Control Manager,7040,None,The start type of the Microsoft NDIS Capture service was changed from system start to demand start.
Information,12/8/2016 4:57:46 PM,Service Control Manager,7040,None,The start type of the Microsoft NDIS Capture service was changed from demand start to system start.
Information,12/8/2016 4:57:00 PM,Service Control Manager,7040,None,The start type of the Microsoft NDIS Capture service was changed from system start to demand start.
Information,12/8/2016 4:56:49 PM,Service Control Manager,7040,None,The start type of the Microsoft NDIS Capture service was changed from demand start to system start.
Information,12/8/2016 4:55:34 PM,Service Control Manager,7040,None,The start type of the Microsoft NDIS Capture service was changed from system start to demand start.
Information,12/8/2016 4:55:21 PM,Service Control Manager,7040,None,The start type of the Microsoft NDIS Capture service was changed from demand start to system start.
Error,12/8/2016 4:54:59 PM,Schannel,36888,None,A fatal alert was generated and sent to the remote endpoint. This may result in termination of the connection. The TLS protocol defined fatal error code is 10. The Windows SChannel error state is 1203.
Error,12/8/2016 4:54:59 PM,Schannel,36888,None,A fatal alert was generated and sent to the remote endpoint. This may result in termination of the connection. The TLS protocol defined fatal error code is 10. The Windows SChannel error state is 1203.
Information,12/8/2016 4:54:11 PM,Service Control Manager,7040,None,The start type of the Microsoft NDIS Capture service was changed from system start to demand start.
Information,12/8/2016 4:53:58 PM,Service Control Manager,7040,None,The start type of the Microsoft NDIS Capture service was changed from demand start to system start.
Information,12/8/2016 4:53:12 PM,Service Control Manager,7040,None,The start type of the Microsoft NDIS Capture service was changed from system start to demand start.
Information,12/8/2016 4:53:01 PM,Service Control Manager,7040,None,The start type of the Microsoft NDIS Capture service was changed from demand start to system start.
Information,12/8/2016 4:52:22 PM,Service Control Manager,7040,None,The start type of the Microsoft NDIS Capture service was changed from system start to demand start.
Information,12/8/2016 4:52:11 PM,Service Control Manager,7040,None,The start type of the Microsoft NDIS Capture service was changed from demand start to system start.
Information,12/8/2016 4:51:20 PM,Service Control Manager,7040,None,The start type of the Microsoft NDIS Capture service was changed from system start to demand start.
Information,12/8/2016 4:51:10 PM,Service Control Manager,7040,None,The start type of the Microsoft NDIS Capture service was changed from demand start to system start.
Information,12/8/2016 4:50:27 PM,Service Control Manager,7040,None,The start type of the Microsoft NDIS Capture service was changed from system start to demand start.
Information,12/8/2016 4:50:16 PM,Service Control Manager,7040,None,The start type of the Microsoft NDIS Capture service was changed from demand start to system start.
Information,12/8/2016 4:49:43 PM,Service Control Manager,7040,None,The start type of the Microsoft NDIS Capture service was changed from system start to demand start.
Information,12/8/2016 4:49:32 PM,Service Control Manager,7040,None,The start type of the Microsoft NDIS Capture service was changed from demand start to system start.
Information,12/8/2016 4:48:58 PM,Service Control Manager,7040,None,The start type of the Microsoft NDIS Capture service was changed from system start to demand start.
Information,12/8/2016 4:48:45 PM,Service Control Manager,7040,None,The start type of the Microsoft NDIS Capture service was changed from demand start to system start.
Information,12/8/2016 4:48:14 PM,Service Control Manager,7040,None,The start type of the Microsoft NDIS Capture service was changed from system start to demand start.
Information,12/8/2016 4:48:03 PM,Service Control Manager,7040,None,The start type of the Microsoft NDIS Capture service was changed from demand start to system start.
Information,12/8/2016 4:47:49 PM,Service Control Manager,7036,None,The Software Protection service entered the stopped state.
Information,12/8/2016 4:47:31 PM,Service Control Manager,7040,None,The start type of the Microsoft NDIS Capture service was changed from system start to demand start.
Information,12/8/2016 4:47:20 PM,Service Control Manager,7040,None,The start type of the Microsoft NDIS Capture service was changed from demand start to system start.
Information,12/8/2016 4:46:44 PM,Service Control Manager,7040,None,The start type of the Microsoft NDIS Capture service was changed from system start to demand start.
Information,12/8/2016 4:46:42 PM,Service Control Manager,7036,None,The Software Protection service entered the running state.
Information,12/8/2016 4:46:34 PM,Service Control Manager,7036,None,The Windows Update service entered the stopped state.
Information,12/8/2016 4:46:34 PM,Service Control Manager,7040,None,The start type of the Microsoft NDIS Capture service was changed from demand start to system start.
Information,12/8/2016 4:46:03 PM,Service Control Manager,7040,None,The start type of the Microsoft NDIS Capture service was changed from system start to demand start.
Information,12/8/2016 4:45:51 PM,Service Control Manager,7040,None,The start type of the Microsoft NDIS Capture service was changed from demand start to system start.
Information,12/8/2016 4:45:23 PM,Service Control Manager,7040,None,The start type of the Microsoft NDIS Capture service was changed from system start to demand start.
Information,12/8/2016 4:45:13 PM,Service Control Manager,7040,None,The start type of the Microsoft NDIS Capture service was changed from demand start to system start.
Information,12/8/2016 4:44:41 PM,Service Control Manager,7040,None,The start type of the Microsoft NDIS Capture service was changed from system start to demand start.
Information,12/8/2016 4:44:29 PM,Service Control Manager,7040,None,The start type of the Microsoft NDIS Capture service was changed from demand start to system start.
Information,12/8/2016 4:43:59 PM,Service Control Manager,7040,None,The start type of the Microsoft NDIS Capture service was changed from system start to demand start.
Information,12/8/2016 4:43:45 PM,Service Control Manager,7040,None,The start type of the Microsoft NDIS Capture service was changed from demand start to system start.
Information,12/8/2016 4:43:20 PM,Service Control Manager,7040,None,The start type of the Microsoft NDIS Capture service was changed from system start to demand start.
Information,12/8/2016 4:43:10 PM,Service Control Manager,7040,None,The start type of the Microsoft NDIS Capture service was changed from demand start to system start.
Information,12/8/2016 4:42:21 PM,Service Control Manager,7040,None,The start type of the Microsoft NDIS Capture service was changed from system start to demand start.
Information,12/8/2016 4:42:10 PM,Service Control Manager,7040,None,The start type of the Microsoft NDIS Capture service was changed from demand start to system start.
Information,12/8/2016 4:41:46 PM,Service Control Manager,7040,None,The start type of the Microsoft NDIS Capture service was changed from system start to demand start.
Information,12/8/2016 4:41:32 PM,Service Control Manager,7040,None,The start type of the Microsoft NDIS Capture service was changed from demand start to system start.
Information,12/8/2016 4:40:56 PM,Service Control Manager,7040,None,The start type of the Microsoft NDIS Capture service was changed from system start to demand start.
Information,12/8/2016 4:40:45 PM,Service Control Manager,7040,None,The start type of the Microsoft NDIS Capture service was changed from demand start to system start.
Information,12/8/2016 4:40:09 PM,Service Control Manager,7040,None,The start type of the Microsoft NDIS Capture service was changed from system start to demand start.
Information,12/8/2016 4:39:59 PM,Service Control Manager,7040,None,The start type of the Microsoft NDIS Capture service was changed from demand start to system start.
Information,12/8/2016 4:39:36 PM,Service Control Manager,7040,None,The start type of the Microsoft NDIS Capture service was changed from system start to demand start.
Information,12/8/2016 4:39:22 PM,Service Control Manager,7040,None,The start type of the Microsoft NDIS Capture service was changed from demand start to system start.
Information,12/8/2016 4:38:44 PM,Service Control Manager,7040,None,The start type of the Microsoft NDIS Capture service was changed from system start to demand start.
Information,12/8/2016 4:38:33 PM,Service Control Manager,7040,None,The start type of the Microsoft NDIS Capture service was changed from demand start to system start.
Information,12/8/2016 4:37:58 PM,Service Control Manager,7040,None,The start type of the Microsoft NDIS Capture service was changed from system start to demand start.
Information,12/8/2016 4:37:46 PM,Service Control Manager,7040,None,The start type of the Microsoft NDIS Capture service was changed from demand start to system start.
Information,12/8/2016 4:37:16 PM,Service Control Manager,7040,None,The start type of the Microsoft NDIS Capture service was changed from system start to demand start.
Information,12/8/2016 4:37:05 PM,Service Control Manager,7040,None,The start type of the Microsoft NDIS Capture service was changed from demand start to system start.
Information,12/8/2016 4:36:43 PM,Service Control Manager,7040,None,The start type of the Microsoft NDIS Capture service was changed from system start to demand start.
Information,12/8/2016 4:36:33 PM,Service Control Manager,7040,None,The start type of the Microsoft NDIS Capture service was changed from demand start to system start.
Information,12/8/2016 4:36:31 PM,Service Control Manager,7036,None,The WinHTTP Web Proxy Auto-Discovery Service service entered the running state.
Information,12/8/2016 4:36:30 PM,Service Control Manager,7036,None,The Windows Update service entered the running state.
Information,12/8/2016 4:36:09 PM,Service Control Manager,7040,None,The start type of the Microsoft NDIS Capture service was changed from system start to demand start.
Information,12/8/2016 4:35:58 PM,Service Control Manager,7040,None,The start type of the Microsoft NDIS Capture service was changed from demand start to system start.
Information,12/8/2016 4:35:23 PM,Service Control Manager,7040,None,The start type of the Microsoft NDIS Capture service was changed from system start to demand start.
Information,12/8/2016 4:35:13 PM,Service Control Manager,7040,None,The start type of the Microsoft NDIS Capture service was changed from demand start to system start.
Information,12/8/2016 4:34:42 PM,Service Control Manager,7040,None,The start type of the Microsoft NDIS Capture service was changed from system start to demand start.
Information,12/8/2016 4:34:31 PM,Service Control Manager,7040,None,The start type of the Microsoft NDIS Capture service was changed from demand start to system start.
Information,12/8/2016 4:34:04 PM,Service Control Manager,7040,None,The start type of the Microsoft NDIS Capture service was changed from system start to demand start.
Information,12/8/2016 4:33:53 PM,Service Control Manager,7040,None,The start type of the Microsoft NDIS Capture service was changed from demand start to system start.
Information,12/8/2016 4:33:27 PM,Service Control Manager,7040,None,The start type of the Microsoft NDIS Capture service was changed from system start to demand start.
Information,12/8/2016 4:33:17 PM,Service Control Manager,7040,None,The start type of the Microsoft NDIS Capture service was changed from demand start to system start.
Information,12/8/2016 4:32:45 PM,Service Control Manager,7040,None,The start type of the Microsoft NDIS Capture service was changed from system start to demand start.
Information,12/8/2016 4:32:35 PM,Service Control Manager,7040,None,The start type of the Microsoft NDIS Capture service was changed from demand start to system start.
Information,12/8/2016 4:32:07 PM,Service Control Manager,7040,None,The start type of the Microsoft NDIS Capture service was changed from system start to demand start.
Information,12/8/2016 4:31:57 PM,Service Control Manager,7040,None,The start type of the Microsoft NDIS Capture service was changed from demand start to system start.
Information,12/8/2016 4:31:30 PM,Service Control Manager,7040,None,The start type of the Microsoft NDIS Capture service was changed from system start to demand start.
Information,12/8/2016 4:31:20 PM,Service Control Manager,7040,None,The start type of the Microsoft NDIS Capture service was changed from demand start to system start.
Information,12/8/2016 4:30:51 PM,Service Control Manager,7040,None,The start type of the Microsoft NDIS Capture service was changed from system start to demand start.
Information,12/8/2016 4:30:41 PM,Service Control Manager,7040,None,The start type of the Microsoft NDIS Capture service was changed from demand start to system start.
Information,12/8/2016 4:30:14 PM,Service Control Manager,7040,None,The start type of the Microsoft NDIS Capture service was changed from system start to demand start.
Information,12/8/2016 4:30:04 PM,Service Control Manager,7040,None,The start type of the Microsoft NDIS Capture service was changed from demand start to system start.
Information,12/8/2016 4:29:46 PM,Service Control Manager,7036,None,The WinHTTP Web Proxy Auto-Discovery Service service entered the stopped state.
Information,12/8/2016 4:29:33 PM,Service Control Manager,7040,None,The start type of the Microsoft NDIS Capture service was changed from system start to demand start.
Information,12/8/2016 4:29:23 PM,Service Control Manager,7040,None,The start type of the Microsoft NDIS Capture service was changed from demand start to system start.
Information,12/8/2016 4:28:54 PM,Service Control Manager,7040,None,The start type of the Microsoft NDIS Capture service was changed from system start to demand start.
Information,12/8/2016 4:28:44 PM,Service Control Manager,7040,None,The start type of the Microsoft NDIS Capture service was changed from demand start to system start.
Information,12/8/2016 4:28:17 PM,Service Control Manager,7040,None,The start type of the Microsoft NDIS Capture service was changed from system start to demand start.
Information,12/8/2016 4:28:06 PM,Service Control Manager,7040,None,The start type of the Microsoft NDIS Capture service was changed from demand start to system start.
Information,12/8/2016 4:27:38 PM,Service Control Manager,7040,None,The start type of the Microsoft NDIS Capture service was changed from system start to demand start.
Information,12/8/2016 4:27:28 PM,Service Control Manager,7040,None,The start type of the Microsoft NDIS Capture service was changed from demand start to system start.
Information,12/8/2016 4:27:03 PM,Service Control Manager,7040,None,The start type of the Microsoft NDIS Capture service was changed from system start to demand start.
Information,12/8/2016 4:26:53 PM,Service Control Manager,7040,None,The start type of the Microsoft NDIS Capture service was changed from demand start to system start.
Information,12/8/2016 4:26:26 PM,Service Control Manager,7040,None,The start type of the Microsoft NDIS Capture service was changed from system start to demand start.
Information,12/8/2016 4:26:15 PM,Service Control Manager,7040,None,The start type of the Microsoft NDIS Capture service was changed from demand start to system start.
Information,12/8/2016 4:25:49 PM,Service Control Manager,7040,None,The start type of the Microsoft NDIS Capture service was changed from system start to demand start.
Information,12/8/2016 4:25:38 PM,Service Control Manager,7040,None,The start type of the Microsoft NDIS Capture service was changed from demand start to system start.
Information,12/8/2016 4:25:14 PM,Service Control Manager,7040,None,The start type of the Microsoft NDIS Capture service was changed from system start to demand start.
Information,12/8/2016 4:25:03 PM,Service Control Manager,7040,None,The start type of the Microsoft NDIS Capture service was changed from demand start to system start.
Information,12/8/2016 4:24:40 PM,Service Control Manager,7040,None,The start type of the Microsoft NDIS Capture service was changed from system start to demand start.
Information,12/8/2016 4:24:26 PM,Service Control Manager,7040,None,The start type of the Microsoft NDIS Capture service was changed from demand start to system start.
Information,12/8/2016 4:23:58 PM,Service Control Manager,7040,None,The start type of the Microsoft NDIS Capture service was changed from system start to demand start.
Information,12/8/2016 4:23:48 PM,Service Control Manager,7040,None,The start type of the Microsoft NDIS Capture service was changed from demand start to system start.
Information,12/8/2016 4:23:17 PM,Service Control Manager,7040,None,The start type of the Microsoft NDIS Capture service was changed from system start to demand start.
Information,12/8/2016 4:23:07 PM,Service Control Manager,7040,None,The start type of the Microsoft NDIS Capture service was changed from demand start to system start.
Information,12/8/2016 4:22:43 PM,Service Control Manager,7040,None,The start type of the Microsoft NDIS Capture service was changed from system start to demand start.
Information,12/8/2016 4:22:28 PM,Service Control Manager,7040,None,The start type of the Microsoft NDIS Capture service was changed from demand start to system start.
Information,12/8/2016 4:22:02 PM,Service Control Manager,7040,None,The start type of the Microsoft NDIS Capture service was changed from system start to demand start.
Information,12/8/2016 4:21:52 PM,Service Control Manager,7040,None,The start type of the Microsoft NDIS Capture service was changed from demand start to system start.
Information,12/8/2016 4:21:26 PM,Service Control Manager,7040,None,The start type of the Microsoft NDIS Capture service was changed from system start to demand start.
Information,12/8/2016 4:21:16 PM,Service Control Manager,7040,None,The start type of the Microsoft NDIS Capture service was changed from demand start to system start.
Information,12/8/2016 4:20:51 PM,Service Control Manager,7040,None,The start type of the Microsoft NDIS Capture service was changed from system start to demand start.
Information,12/8/2016 4:20:41 PM,Service Control Manager,7040,None,The start type of the Microsoft NDIS Capture service was changed from demand start to system start.
Information,12/8/2016 4:20:07 PM,Service Control Manager,7040,None,The start type of the Microsoft NDIS Capture service was changed from system start to demand start.
Information,12/8/2016 4:19:56 PM,Service Control Manager,7040,None,The start type of the Microsoft NDIS Capture service was changed from demand start to system start.
Information,12/8/2016 4:19:33 PM,Service Control Manager,7040,None,The start type of the Microsoft NDIS Capture service was changed from system start to demand start.
Information,12/8/2016 4:19:23 PM,Service Control Manager,7040,None,The start type of the Microsoft NDIS Capture service was changed from demand start to system start.
Information,12/8/2016 4:18:51 PM,Service Control Manager,7040,None,The start type of the Microsoft NDIS Capture service was changed from system start to demand start.
Information,12/8/2016 4:18:39 PM,Service Control Manager,7040,None,The start type of the Microsoft NDIS Capture service was changed from demand start to system start.
Information,12/8/2016 4:18:16 PM,Service Control Manager,7040,None,The start type of the Microsoft NDIS Capture service was changed from system start to demand start.
Information,12/8/2016 4:18:05 PM,Service Control Manager,7040,None,The start type of the Microsoft NDIS Capture service was changed from demand start to system start.
Information,12/8/2016 4:17:41 PM,Service Control Manager,7040,None,The start type of the Microsoft NDIS Capture service was changed from system start to demand start.
Information,12/8/2016 4:17:30 PM,Service Control Manager,7040,None,The start type of the Microsoft NDIS Capture service was changed from demand start to system start.
Information,12/8/2016 4:17:20 PM,Service Control Manager,7036,None,The Software Protection service entered the stopped state.
Information,12/8/2016 4:17:04 PM,Service Control Manager,7040,None,The start type of the Microsoft NDIS Capture service was changed from system start to demand start.
Information,12/8/2016 4:16:53 PM,Service Control Manager,7040,None,The start type of the Microsoft NDIS Capture service was changed from demand start to system start.
Information,12/8/2016 4:16:42 PM,Service Control Manager,7036,None,The Software Protection service entered the running state.
Information,12/8/2016 4:16:25 PM,Service Control Manager,7040,None,The start type of the Microsoft NDIS Capture service was changed from system start to demand start.
Information,12/8/2016 4:16:13 PM,Service Control Manager,7040,None,The start type of the Microsoft NDIS Capture service was changed from demand start to system start.
Information,12/8/2016 4:15:18 PM,Service Control Manager,7040,None,The start type of the Microsoft NDIS Capture service was changed from system start to demand start.
Information,12/8/2016 4:15:07 PM,Service Control Manager,7040,None,The start type of the Microsoft NDIS Capture service was changed from demand start to system start.
Information,12/8/2016 4:14:57 PM,Microsoft-Windows-Kernel-General,1,None,"The system time has changed to ‎2016‎-‎12‎-‎09T00:14:57.500000000Z from ‎2016‎-‎12‎-‎09T00:12:12.509979500Z.

Change Reason: System time synchronized with the hardware clock."
Information,12/8/2016 4:11:33 PM,Service Control Manager,7040,None,The start type of the Microsoft NDIS Capture service was changed from system start to demand start.
Information,12/8/2016 4:11:22 PM,Service Control Manager,7040,None,The start type of the Microsoft NDIS Capture service was changed from demand start to system start.
Information,12/8/2016 4:10:20 PM,Service Control Manager,7040,None,The start type of the Microsoft NDIS Capture service was changed from system start to demand start.
Information,12/8/2016 4:10:03 PM,Service Control Manager,7040,None,The start type of the Microsoft NDIS Capture service was changed from demand start to system start.
Information,12/8/2016 4:09:13 PM,Service Control Manager,7040,None,The start type of the Microsoft NDIS Capture service was changed from system start to demand start.
Information,12/8/2016 4:09:02 PM,Service Control Manager,7040,None,The start type of the Microsoft NDIS Capture service was changed from demand start to system start.
Information,12/8/2016 4:08:05 PM,Service Control Manager,7040,None,The start type of the Microsoft NDIS Capture service was changed from system start to demand start.
Information,12/8/2016 4:07:54 PM,Service Control Manager,7040,None,The start type of the Microsoft NDIS Capture service was changed from demand start to system start.
Information,12/8/2016 4:07:04 PM,Service Control Manager,7040,None,The start type of the Microsoft NDIS Capture service was changed from system start to demand start.
Information,12/8/2016 4:06:53 PM,Service Control Manager,7040,None,The start type of the Microsoft NDIS Capture service was changed from demand start to system start.
Information,12/8/2016 4:06:12 PM,Service Control Manager,7036,None,The Windows Error Reporting Service service entered the stopped state.
Information,12/8/2016 4:06:01 PM,Service Control Manager,7040,None,The start type of the Microsoft NDIS Capture service was changed from system start to demand start.
Information,12/8/2016 4:05:50 PM,Service Control Manager,7040,None,The start type of the Microsoft NDIS Capture service was changed from demand start to system start.
Information,12/8/2016 4:05:08 PM,Service Control Manager,7040,None,The start type of the Microsoft NDIS Capture service was changed from system start to demand start.
Information,12/8/2016 4:04:57 PM,Service Control Manager,7040,None,The start type of the Microsoft NDIS Capture service was changed from demand start to system start.
Information,12/8/2016 4:04:13 PM,Service Control Manager,7040,None,The start type of the Microsoft NDIS Capture service was changed from system start to demand start.
Information,12/8/2016 4:04:12 PM,Service Control Manager,7036,None,The Windows Error Reporting Service service entered the running state.
Information,12/8/2016 4:03:57 PM,Service Control Manager,7040,None,The start type of the Microsoft NDIS Capture service was changed from demand start to system start.
Information,12/8/2016 4:03:11 PM,Service Control Manager,7040,None,The start type of the Microsoft NDIS Capture service was changed from system start to demand start.
Information,12/8/2016 4:03:00 PM,Service Control Manager,7040,None,The start type of the Microsoft NDIS Capture service was changed from demand start to system start.
Information,12/8/2016 4:01:56 PM,Service Control Manager,7040,None,The start type of the Microsoft NDIS Capture service was changed from system start to demand start.
Information,12/8/2016 4:01:45 PM,Service Control Manager,7040,None,The start type of the Microsoft NDIS Capture service was changed from demand start to system start.
Information,12/8/2016 4:00:59 PM,Service Control Manager,7040,None,The start type of the Microsoft NDIS Capture service was changed from system start to demand start.
Information,12/8/2016 4:00:46 PM,Service Control Manager,7040,None,The start type of the Microsoft NDIS Capture service was changed from demand start to system start.
Information,12/8/2016 4:00:01 PM,Service Control Manager,7036,None,The WinHTTP Web Proxy Auto-Discovery Service service entered the running state.
