Information,12/8/2016 3:59:57 PM,Service Control Manager,7040,None,The start type of the Microsoft NDIS Capture service was changed from system start to demand start.
Information,12/8/2016 3:59:46 PM,Service Control Manager,7040,None,The start type of the Microsoft NDIS Capture service was changed from demand start to system start.
Information,12/8/2016 3:58:55 PM,Service Control Manager,7040,None,The start type of the Microsoft NDIS Capture service was changed from system start to demand start.
Information,12/8/2016 3:58:44 PM,Service Control Manager,7040,None,The start type of the Microsoft NDIS Capture service was changed from demand start to system start.
Information,12/8/2016 3:58:04 PM,Service Control Manager,7040,None,The start type of the Microsoft NDIS Capture service was changed from system start to demand start.
Information,12/8/2016 3:57:53 PM,Service Control Manager,7040,None,The start type of the Microsoft NDIS Capture service was changed from demand start to system start.
Information,12/8/2016 3:57:31 PM,Service Control Manager,7040,None,The start type of the Microsoft NDIS Capture service was changed from system start to demand start.
Information,12/8/2016 3:57:21 PM,Service Control Manager,7040,None,The start type of the Microsoft NDIS Capture service was changed from demand start to system start.
Information,12/8/2016 3:56:53 PM,Service Control Manager,7040,None,The start type of the Microsoft NDIS Capture service was changed from system start to demand start.
Information,12/8/2016 3:56:43 PM,Service Control Manager,7040,None,The start type of the Microsoft NDIS Capture service was changed from demand start to system start.
Information,12/8/2016 3:56:17 PM,Service Control Manager,7040,None,The start type of the Microsoft NDIS Capture service was changed from system start to demand start.
Information,12/8/2016 3:56:07 PM,Service Control Manager,7040,None,The start type of the Microsoft NDIS Capture service was changed from demand start to system start.
Information,12/8/2016 3:55:43 PM,Service Control Manager,7040,None,The start type of the Microsoft NDIS Capture service was changed from system start to demand start.
Information,12/8/2016 3:55:32 PM,Service Control Manager,7040,None,The start type of the Microsoft NDIS Capture service was changed from demand start to system start.
Information,12/8/2016 3:55:08 PM,Service Control Manager,7040,None,The start type of the Microsoft NDIS Capture service was changed from system start to demand start.
Information,12/8/2016 3:54:57 PM,Service Control Manager,7040,None,The start type of the Microsoft NDIS Capture service was changed from demand start to system start.
Information,12/8/2016 3:54:32 PM,Service Control Manager,7040,None,The start type of the Microsoft NDIS Capture service was changed from system start to demand start.
Information,12/8/2016 3:54:21 PM,Service Control Manager,7040,None,The start type of the Microsoft NDIS Capture service was changed from demand start to system start.
Information,12/8/2016 3:53:59 PM,Service Control Manager,7040,None,The start type of the Microsoft NDIS Capture service was changed from system start to demand start.
Information,12/8/2016 3:53:49 PM,Service Control Manager,7040,None,The start type of the Microsoft NDIS Capture service was changed from demand start to system start.
Information,12/8/2016 3:53:27 PM,Service Control Manager,7040,None,The start type of the Microsoft NDIS Capture service was changed from system start to demand start.
Information,12/8/2016 3:53:17 PM,Service Control Manager,7040,None,The start type of the Microsoft NDIS Capture service was changed from demand start to system start.
Information,12/8/2016 3:52:54 PM,Service Control Manager,7040,None,The start type of the Microsoft NDIS Capture service was changed from system start to demand start.
Information,12/8/2016 3:52:43 PM,Service Control Manager,7040,None,The start type of the Microsoft NDIS Capture service was changed from demand start to system start.
Information,12/8/2016 3:52:20 PM,Service Control Manager,7040,None,The start type of the Microsoft NDIS Capture service was changed from system start to demand start.
Information,12/8/2016 3:52:10 PM,Service Control Manager,7040,None,The start type of the Microsoft NDIS Capture service was changed from demand start to system start.
Information,12/8/2016 3:51:49 PM,Service Control Manager,7040,None,The start type of the Microsoft NDIS Capture service was changed from system start to demand start.
Information,12/8/2016 3:51:38 PM,Service Control Manager,7040,None,The start type of the Microsoft NDIS Capture service was changed from demand start to system start.
Information,12/8/2016 3:51:15 PM,Service Control Manager,7040,None,The start type of the Microsoft NDIS Capture service was changed from system start to demand start.
Information,12/8/2016 3:51:04 PM,Service Control Manager,7040,None,The start type of the Microsoft NDIS Capture service was changed from demand start to system start.
Information,12/8/2016 3:50:41 PM,Service Control Manager,7040,None,The start type of the Microsoft NDIS Capture service was changed from system start to demand start.
Information,12/8/2016 3:50:31 PM,Service Control Manager,7040,None,The start type of the Microsoft NDIS Capture service was changed from demand start to system start.
Information,12/8/2016 3:50:10 PM,Service Control Manager,7040,None,The start type of the Microsoft NDIS Capture service was changed from system start to demand start.
Information,12/8/2016 3:50:00 PM,Service Control Manager,7040,None,The start type of the Microsoft NDIS Capture service was changed from demand start to system start.
Information,12/8/2016 3:49:37 PM,Service Control Manager,7040,None,The start type of the Microsoft NDIS Capture service was changed from system start to demand start.
Information,12/8/2016 3:49:27 PM,Service Control Manager,7040,None,The start type of the Microsoft NDIS Capture service was changed from demand start to system start.
Information,12/8/2016 3:49:04 PM,Service Control Manager,7040,None,The start type of the Microsoft NDIS Capture service was changed from system start to demand start.
Information,12/8/2016 3:48:54 PM,Service Control Manager,7040,None,The start type of the Microsoft NDIS Capture service was changed from demand start to system start.
Information,12/8/2016 3:48:33 PM,Service Control Manager,7040,None,The start type of the Microsoft NDIS Capture service was changed from system start to demand start.
Information,12/8/2016 3:48:23 PM,Service Control Manager,7040,None,The start type of the Microsoft NDIS Capture service was changed from demand start to system start.
Information,12/8/2016 3:48:19 PM,Service Control Manager,7036,None,The WinHTTP Web Proxy Auto-Discovery Service service entered the stopped state.
Information,12/8/2016 3:48:02 PM,Service Control Manager,7040,None,The start type of the Microsoft NDIS Capture service was changed from system start to demand start.
Information,12/8/2016 3:47:52 PM,Service Control Manager,7040,None,The start type of the Microsoft NDIS Capture service was changed from demand start to system start.
Information,12/8/2016 3:47:28 PM,Service Control Manager,7040,None,The start type of the Microsoft NDIS Capture service was changed from system start to demand start.
Information,12/8/2016 3:47:18 PM,Service Control Manager,7040,None,The start type of the Microsoft NDIS Capture service was changed from demand start to system start.
Information,12/8/2016 3:47:07 PM,Service Control Manager,7036,None,The Software Protection service entered the stopped state.
Information,12/8/2016 3:46:51 PM,Service Control Manager,7040,None,The start type of the Microsoft NDIS Capture service was changed from system start to demand start.
Information,12/8/2016 3:46:40 PM,Service Control Manager,7040,None,The start type of the Microsoft NDIS Capture service was changed from demand start to system start.
Information,12/8/2016 3:46:17 PM,Service Control Manager,7040,None,The start type of the Microsoft NDIS Capture service was changed from system start to demand start.
Information,12/8/2016 3:46:07 PM,Service Control Manager,7040,None,The start type of the Microsoft NDIS Capture service was changed from demand start to system start.
Information,12/8/2016 3:45:43 PM,Service Control Manager,7040,None,The start type of the Microsoft NDIS Capture service was changed from system start to demand start.
Information,12/8/2016 3:45:33 PM,Service Control Manager,7040,None,The start type of the Microsoft NDIS Capture service was changed from demand start to system start.
Information,12/8/2016 3:45:11 PM,Service Control Manager,7040,None,The start type of the Microsoft NDIS Capture service was changed from system start to demand start.
Information,12/8/2016 3:45:00 PM,Service Control Manager,7040,None,The start type of the Microsoft NDIS Capture service was changed from demand start to system start.
Information,12/8/2016 3:44:39 PM,Service Control Manager,7040,None,The start type of the Microsoft NDIS Capture service was changed from system start to demand start.
Information,12/8/2016 3:44:29 PM,Service Control Manager,7040,None,The start type of the Microsoft NDIS Capture service was changed from demand start to system start.
Information,12/8/2016 3:44:07 PM,Service Control Manager,7040,None,The start type of the Microsoft NDIS Capture service was changed from system start to demand start.
Information,12/8/2016 3:43:57 PM,Service Control Manager,7036,None,The Software Protection service entered the running state.
Information,12/8/2016 3:43:57 PM,Service Control Manager,7040,None,The start type of the Microsoft NDIS Capture service was changed from demand start to system start.
Information,12/8/2016 3:43:35 PM,Service Control Manager,7040,None,The start type of the Microsoft NDIS Capture service was changed from system start to demand start.
Information,12/8/2016 3:43:25 PM,Service Control Manager,7040,None,The start type of the Microsoft NDIS Capture service was changed from demand start to system start.
Information,12/8/2016 3:43:01 PM,Service Control Manager,7040,None,The start type of the Microsoft NDIS Capture service was changed from system start to demand start.
Information,12/8/2016 3:42:51 PM,Service Control Manager,7040,None,The start type of the Microsoft NDIS Capture service was changed from demand start to system start.
Information,12/8/2016 3:42:29 PM,Service Control Manager,7040,None,The start type of the Microsoft NDIS Capture service was changed from system start to demand start.
Information,12/8/2016 3:42:17 PM,Service Control Manager,7040,None,The start type of the Microsoft NDIS Capture service was changed from demand start to system start.
Information,12/8/2016 3:41:54 PM,Service Control Manager,7040,None,The start type of the Microsoft NDIS Capture service was changed from system start to demand start.
Information,12/8/2016 3:41:42 PM,Service Control Manager,7040,None,The start type of the Microsoft NDIS Capture service was changed from demand start to system start.
Information,12/8/2016 3:41:16 PM,Service Control Manager,7040,None,The start type of the Microsoft NDIS Capture service was changed from system start to demand start.
Information,12/8/2016 3:41:05 PM,Service Control Manager,7040,None,The start type of the Microsoft NDIS Capture service was changed from demand start to system start.
Information,12/8/2016 3:40:42 PM,Service Control Manager,7040,None,The start type of the Microsoft NDIS Capture service was changed from system start to demand start.
Information,12/8/2016 3:40:32 PM,Service Control Manager,7040,None,The start type of the Microsoft NDIS Capture service was changed from demand start to system start.
Information,12/8/2016 3:40:09 PM,Service Control Manager,7040,None,The start type of the Microsoft NDIS Capture service was changed from system start to demand start.
Information,12/8/2016 3:39:59 PM,Service Control Manager,7040,None,The start type of the Microsoft NDIS Capture service was changed from demand start to system start.
Information,12/8/2016 3:39:37 PM,Service Control Manager,7040,None,The start type of the Microsoft NDIS Capture service was changed from system start to demand start.
Information,12/8/2016 3:39:26 PM,Service Control Manager,7040,None,The start type of the Microsoft NDIS Capture service was changed from demand start to system start.
Information,12/8/2016 3:39:04 PM,Service Control Manager,7040,None,The start type of the Microsoft NDIS Capture service was changed from system start to demand start.
Information,12/8/2016 3:38:53 PM,Service Control Manager,7040,None,The start type of the Microsoft NDIS Capture service was changed from demand start to system start.
Information,12/8/2016 3:38:30 PM,Service Control Manager,7040,None,The start type of the Microsoft NDIS Capture service was changed from system start to demand start.
Information,12/8/2016 3:38:20 PM,Service Control Manager,7040,None,The start type of the Microsoft NDIS Capture service was changed from demand start to system start.
Information,12/8/2016 3:37:55 PM,Service Control Manager,7040,None,The start type of the Microsoft NDIS Capture service was changed from system start to demand start.
Information,12/8/2016 3:37:41 PM,Service Control Manager,7040,None,The start type of the Microsoft NDIS Capture service was changed from demand start to system start.
Information,12/8/2016 3:37:18 PM,Service Control Manager,7040,None,The start type of the Microsoft NDIS Capture service was changed from system start to demand start.
Information,12/8/2016 3:37:08 PM,Service Control Manager,7040,None,The start type of the Microsoft NDIS Capture service was changed from demand start to system start.
Information,12/8/2016 3:36:46 PM,Service Control Manager,7040,None,The start type of the Microsoft NDIS Capture service was changed from system start to demand start.
Information,12/8/2016 3:36:34 PM,Service Control Manager,7040,None,The start type of the Microsoft NDIS Capture service was changed from demand start to system start.
Information,12/8/2016 3:36:10 PM,Service Control Manager,7040,None,The start type of the Microsoft NDIS Capture service was changed from system start to demand start.
Error,12/8/2016 3:36:10 PM,Schannel,36888,None,A fatal alert was generated and sent to the remote endpoint. This may result in termination of the connection. The TLS protocol defined fatal error code is 40. The Windows SChannel error state is 1205.
Error,12/8/2016 3:36:10 PM,Schannel,36874,None,"An TLS 1.2 connection request was received from a remote client application, but none of the cipher suites supported by the client application are supported by the server. The SSL connection request has failed."
Information,12/8/2016 3:36:00 PM,Service Control Manager,7040,None,The start type of the Microsoft NDIS Capture service was changed from demand start to system start.
Information,12/8/2016 3:35:36 PM,Service Control Manager,7040,None,The start type of the Microsoft NDIS Capture service was changed from system start to demand start.
Information,12/8/2016 3:35:25 PM,Service Control Manager,7040,None,The start type of the Microsoft NDIS Capture service was changed from demand start to system start.
Information,12/8/2016 3:35:00 PM,Service Control Manager,7040,None,The start type of the Microsoft NDIS Capture service was changed from system start to demand start.
Information,12/8/2016 3:34:49 PM,Service Control Manager,7040,None,The start type of the Microsoft NDIS Capture service was changed from demand start to system start.
Information,12/8/2016 3:34:28 PM,Service Control Manager,7040,None,The start type of the Microsoft NDIS Capture service was changed from system start to demand start.
Information,12/8/2016 3:34:16 PM,Service Control Manager,7040,None,The start type of the Microsoft NDIS Capture service was changed from demand start to system start.
Information,12/8/2016 3:33:54 PM,Service Control Manager,7040,None,The start type of the Microsoft NDIS Capture service was changed from system start to demand start.
Information,12/8/2016 3:33:43 PM,Service Control Manager,7040,None,The start type of the Microsoft NDIS Capture service was changed from demand start to system start.
Information,12/8/2016 3:33:22 PM,Service Control Manager,7040,None,The start type of the Microsoft NDIS Capture service was changed from system start to demand start.
Information,12/8/2016 3:33:10 PM,Service Control Manager,7040,None,The start type of the Microsoft NDIS Capture service was changed from demand start to system start.
Information,12/8/2016 3:32:44 PM,Service Control Manager,7040,None,The start type of the Microsoft NDIS Capture service was changed from system start to demand start.
Information,12/8/2016 3:32:31 PM,Service Control Manager,7040,None,The start type of the Microsoft NDIS Capture service was changed from demand start to system start.
Information,12/8/2016 3:32:11 PM,Service Control Manager,7040,None,The start type of the Microsoft NDIS Capture service was changed from system start to demand start.
Information,12/8/2016 3:31:59 PM,Service Control Manager,7040,None,The start type of the Microsoft NDIS Capture service was changed from demand start to system start.
Information,12/8/2016 3:31:34 PM,Service Control Manager,7040,None,The start type of the Microsoft NDIS Capture service was changed from system start to demand start.
Information,12/8/2016 3:31:23 PM,Service Control Manager,7040,None,The start type of the Microsoft NDIS Capture service was changed from demand start to system start.
Information,12/8/2016 3:31:01 PM,Service Control Manager,7040,None,The start type of the Microsoft NDIS Capture service was changed from system start to demand start.
Information,12/8/2016 3:30:49 PM,Service Control Manager,7040,None,The start type of the Microsoft NDIS Capture service was changed from demand start to system start.
Information,12/8/2016 3:30:27 PM,Service Control Manager,7040,None,The start type of the Microsoft NDIS Capture service was changed from system start to demand start.
Information,12/8/2016 3:30:16 PM,Service Control Manager,7040,None,The start type of the Microsoft NDIS Capture service was changed from demand start to system start.
Information,12/8/2016 3:29:54 PM,Service Control Manager,7040,None,The start type of the Microsoft NDIS Capture service was changed from system start to demand start.
Information,12/8/2016 3:29:42 PM,Service Control Manager,7040,None,The start type of the Microsoft NDIS Capture service was changed from demand start to system start.
Information,12/8/2016 3:29:21 PM,Service Control Manager,7040,None,The start type of the Microsoft NDIS Capture service was changed from system start to demand start.
Information,12/8/2016 3:29:10 PM,Service Control Manager,7040,None,The start type of the Microsoft NDIS Capture service was changed from demand start to system start.
Information,12/8/2016 3:28:48 PM,Service Control Manager,7040,None,The start type of the Microsoft NDIS Capture service was changed from system start to demand start.
Information,12/8/2016 3:28:34 PM,Service Control Manager,7040,None,The start type of the Microsoft NDIS Capture service was changed from demand start to system start.
Information,12/8/2016 3:28:08 PM,Service Control Manager,7040,None,The start type of the Microsoft NDIS Capture service was changed from system start to demand start.
Information,12/8/2016 3:27:57 PM,Service Control Manager,7040,None,The start type of the Microsoft NDIS Capture service was changed from demand start to system start.
Information,12/8/2016 3:27:33 PM,Service Control Manager,7040,None,The start type of the Microsoft NDIS Capture service was changed from system start to demand start.
Information,12/8/2016 3:27:21 PM,Service Control Manager,7040,None,The start type of the Microsoft NDIS Capture service was changed from demand start to system start.
Information,12/8/2016 3:26:56 PM,Service Control Manager,7040,None,The start type of the Microsoft NDIS Capture service was changed from system start to demand start.
Information,12/8/2016 3:26:44 PM,Service Control Manager,7040,None,The start type of the Microsoft NDIS Capture service was changed from demand start to system start.
Error,12/8/2016 3:26:36 PM,Schannel,36888,None,A fatal alert was generated and sent to the remote endpoint. This may result in termination of the connection. The TLS protocol defined fatal error code is 10. The Windows SChannel error state is 1203.
Error,12/8/2016 3:26:36 PM,Schannel,36888,None,A fatal alert was generated and sent to the remote endpoint. This may result in termination of the connection. The TLS protocol defined fatal error code is 10. The Windows SChannel error state is 1203.
Information,12/8/2016 3:26:20 PM,Service Control Manager,7040,None,The start type of the Microsoft NDIS Capture service was changed from system start to demand start.
Information,12/8/2016 3:26:10 PM,Service Control Manager,7040,None,The start type of the Microsoft NDIS Capture service was changed from demand start to system start.
Information,12/8/2016 3:25:47 PM,Service Control Manager,7040,None,The start type of the Microsoft NDIS Capture service was changed from system start to demand start.
Information,12/8/2016 3:25:37 PM,Service Control Manager,7040,None,The start type of the Microsoft NDIS Capture service was changed from demand start to system start.
Information,12/8/2016 3:25:13 PM,Service Control Manager,7040,None,The start type of the Microsoft NDIS Capture service was changed from system start to demand start.
Information,12/8/2016 3:25:03 PM,Service Control Manager,7040,None,The start type of the Microsoft NDIS Capture service was changed from demand start to system start.
Information,12/8/2016 3:24:52 PM,Service Control Manager,7036,None,The Software Protection service entered the stopped state.
Information,12/8/2016 3:24:39 PM,Service Control Manager,7040,None,The start type of the Microsoft NDIS Capture service was changed from system start to demand start.
Information,12/8/2016 3:24:29 PM,Service Control Manager,7040,None,The start type of the Microsoft NDIS Capture service was changed from demand start to system start.
Information,12/8/2016 3:24:01 PM,Service Control Manager,7040,None,The start type of the Microsoft NDIS Capture service was changed from system start to demand start.
Information,12/8/2016 3:23:51 PM,Service Control Manager,7040,None,The start type of the Microsoft NDIS Capture service was changed from demand start to system start.
Information,12/8/2016 3:23:27 PM,Service Control Manager,7040,None,The start type of the Microsoft NDIS Capture service was changed from system start to demand start.
Information,12/8/2016 3:23:16 PM,Service Control Manager,7040,None,The start type of the Microsoft NDIS Capture service was changed from demand start to system start.
Information,12/8/2016 3:22:55 PM,Service Control Manager,7040,None,The start type of the Microsoft NDIS Capture service was changed from system start to demand start.
Information,12/8/2016 3:22:45 PM,Service Control Manager,7040,None,The start type of the Microsoft NDIS Capture service was changed from demand start to system start.
Information,12/8/2016 3:22:22 PM,Service Control Manager,7040,None,The start type of the Microsoft NDIS Capture service was changed from system start to demand start.
Information,12/8/2016 3:22:12 PM,Service Control Manager,7040,None,The start type of the Microsoft NDIS Capture service was changed from demand start to system start.
Information,12/8/2016 3:21:48 PM,Service Control Manager,7040,None,The start type of the Microsoft NDIS Capture service was changed from system start to demand start.
Information,12/8/2016 3:21:38 PM,Service Control Manager,7040,None,The start type of the Microsoft NDIS Capture service was changed from demand start to system start.
Information,12/8/2016 3:21:14 PM,Service Control Manager,7040,None,The start type of the Microsoft NDIS Capture service was changed from system start to demand start.
Information,12/8/2016 3:21:04 PM,Service Control Manager,7040,None,The start type of the Microsoft NDIS Capture service was changed from demand start to system start.
Information,12/8/2016 3:20:43 PM,Service Control Manager,7040,None,The start type of the Microsoft NDIS Capture service was changed from system start to demand start.
Information,12/8/2016 3:20:33 PM,Service Control Manager,7040,None,The start type of the Microsoft NDIS Capture service was changed from demand start to system start.
Information,12/8/2016 3:20:20 PM,Service Control Manager,7036,None,The Google Update Service (gupdate) service entered the stopped state.
Information,12/8/2016 3:20:19 PM,Service Control Manager,7036,None,The Google Update Service (gupdate) service entered the running state.
Information,12/8/2016 3:20:11 PM,Service Control Manager,7040,None,The start type of the Microsoft NDIS Capture service was changed from system start to demand start.
Information,12/8/2016 3:20:01 PM,Service Control Manager,7040,None,The start type of the Microsoft NDIS Capture service was changed from demand start to system start.
Information,12/8/2016 3:19:37 PM,Service Control Manager,7040,None,The start type of the Microsoft NDIS Capture service was changed from system start to demand start.
Information,12/8/2016 3:19:26 PM,Service Control Manager,7040,None,The start type of the Microsoft NDIS Capture service was changed from demand start to system start.
Information,12/8/2016 3:19:03 PM,Service Control Manager,7040,None,The start type of the Microsoft NDIS Capture service was changed from system start to demand start.
Information,12/8/2016 3:18:53 PM,Service Control Manager,7040,None,The start type of the Microsoft NDIS Capture service was changed from demand start to system start.
Information,12/8/2016 3:18:28 PM,Service Control Manager,7040,None,The start type of the Microsoft NDIS Capture service was changed from system start to demand start.
Information,12/8/2016 3:18:18 PM,Service Control Manager,7040,None,The start type of the Microsoft NDIS Capture service was changed from demand start to system start.
Information,12/8/2016 3:17:53 PM,Service Control Manager,7040,None,The start type of the Microsoft NDIS Capture service was changed from system start to demand start.
Information,12/8/2016 3:17:43 PM,Service Control Manager,7040,None,The start type of the Microsoft NDIS Capture service was changed from demand start to system start.
Information,12/8/2016 3:17:20 PM,Service Control Manager,7040,None,The start type of the Microsoft NDIS Capture service was changed from system start to demand start.
Information,12/8/2016 3:17:09 PM,Service Control Manager,7040,None,The start type of the Microsoft NDIS Capture service was changed from demand start to system start.
Information,12/8/2016 3:16:48 PM,Service Control Manager,7040,None,The start type of the Microsoft NDIS Capture service was changed from system start to demand start.
Information,12/8/2016 3:16:38 PM,Service Control Manager,7040,None,The start type of the Microsoft NDIS Capture service was changed from demand start to system start.
Information,12/8/2016 3:16:17 PM,Service Control Manager,7040,None,The start type of the Microsoft NDIS Capture service was changed from system start to demand start.
Information,12/8/2016 3:16:07 PM,Service Control Manager,7040,None,The start type of the Microsoft NDIS Capture service was changed from demand start to system start.
Information,12/8/2016 3:15:45 PM,Service Control Manager,7040,None,The start type of the Microsoft NDIS Capture service was changed from system start to demand start.
Information,12/8/2016 3:15:35 PM,Service Control Manager,7040,None,The start type of the Microsoft NDIS Capture service was changed from demand start to system start.
Information,12/8/2016 3:15:13 PM,Service Control Manager,7040,None,The start type of the Microsoft NDIS Capture service was changed from system start to demand start.
Information,12/8/2016 3:15:02 PM,Service Control Manager,7040,None,The start type of the Microsoft NDIS Capture service was changed from demand start to system start.
Information,12/8/2016 3:14:53 PM,Service Control Manager,7036,None,The Windows Update service entered the stopped state.
Information,12/8/2016 3:14:40 PM,Service Control Manager,7040,None,The start type of the Microsoft NDIS Capture service was changed from system start to demand start.
Information,12/8/2016 3:14:30 PM,Service Control Manager,7040,None,The start type of the Microsoft NDIS Capture service was changed from demand start to system start.
Information,12/8/2016 3:14:07 PM,Service Control Manager,7040,None,The start type of the Microsoft NDIS Capture service was changed from system start to demand start.
Information,12/8/2016 3:13:57 PM,Service Control Manager,7036,None,The Software Protection service entered the running state.
Information,12/8/2016 3:13:56 PM,Service Control Manager,7040,None,The start type of the Microsoft NDIS Capture service was changed from demand start to system start.
Information,12/8/2016 3:13:32 PM,Service Control Manager,7040,None,The start type of the Microsoft NDIS Capture service was changed from system start to demand start.
Information,12/8/2016 3:13:22 PM,Service Control Manager,7040,None,The start type of the Microsoft NDIS Capture service was changed from demand start to system start.
Information,12/8/2016 3:12:56 PM,Service Control Manager,7040,None,The start type of the Microsoft NDIS Capture service was changed from system start to demand start.
Information,12/8/2016 3:12:45 PM,Service Control Manager,7040,None,The start type of the Microsoft NDIS Capture service was changed from demand start to system start.
Information,12/8/2016 3:12:20 PM,Service Control Manager,7040,None,The start type of the Microsoft NDIS Capture service was changed from system start to demand start.
Information,12/8/2016 3:12:12 PM,Microsoft-Windows-Kernel-General,1,None,"The system time has changed to ‎2016‎-‎12‎-‎08T23:12:12.500000000Z from ‎2016‎-‎12‎-‎08T23:08:05.503424900Z.

Change Reason: System time synchronized with the hardware clock."
Information,12/8/2016 3:08:02 PM,Service Control Manager,7040,None,The start type of the Microsoft NDIS Capture service was changed from demand start to system start.
Information,12/8/2016 3:07:37 PM,Service Control Manager,7040,None,The start type of the Microsoft NDIS Capture service was changed from system start to demand start.
Information,12/8/2016 3:07:27 PM,Service Control Manager,7040,None,The start type of the Microsoft NDIS Capture service was changed from demand start to system start.
Information,12/8/2016 3:07:06 PM,Service Control Manager,7040,None,The start type of the Microsoft NDIS Capture service was changed from system start to demand start.
Information,12/8/2016 3:06:55 PM,Service Control Manager,7040,None,The start type of the Microsoft NDIS Capture service was changed from demand start to system start.
Information,12/8/2016 3:06:32 PM,Service Control Manager,7040,None,The start type of the Microsoft NDIS Capture service was changed from system start to demand start.
Information,12/8/2016 3:06:22 PM,Service Control Manager,7040,None,The start type of the Microsoft NDIS Capture service was changed from demand start to system start.
Information,12/8/2016 3:06:00 PM,Service Control Manager,7040,None,The start type of the Microsoft NDIS Capture service was changed from system start to demand start.
Information,12/8/2016 3:05:49 PM,Service Control Manager,7040,None,The start type of the Microsoft NDIS Capture service was changed from demand start to system start.
Information,12/8/2016 3:05:25 PM,Service Control Manager,7040,None,The start type of the Microsoft NDIS Capture service was changed from system start to demand start.
Information,12/8/2016 3:05:15 PM,Service Control Manager,7040,None,The start type of the Microsoft NDIS Capture service was changed from demand start to system start.
Information,12/8/2016 3:04:52 PM,Service Control Manager,7040,None,The start type of the Microsoft NDIS Capture service was changed from system start to demand start.
Information,12/8/2016 3:04:42 PM,Service Control Manager,7040,None,The start type of the Microsoft NDIS Capture service was changed from demand start to system start.
Information,12/8/2016 3:04:20 PM,Service Control Manager,7040,None,The start type of the Microsoft NDIS Capture service was changed from system start to demand start.
Information,12/8/2016 3:04:09 PM,Service Control Manager,7040,None,The start type of the Microsoft NDIS Capture service was changed from demand start to system start.
Information,12/8/2016 3:03:47 PM,Service Control Manager,7040,None,The start type of the Microsoft NDIS Capture service was changed from system start to demand start.
Information,12/8/2016 3:03:37 PM,Service Control Manager,7040,None,The start type of the Microsoft NDIS Capture service was changed from demand start to system start.
Information,12/8/2016 3:03:13 PM,Service Control Manager,7040,None,The start type of the Microsoft NDIS Capture service was changed from system start to demand start.
Information,12/8/2016 3:03:03 PM,Service Control Manager,7040,None,The start type of the Microsoft NDIS Capture service was changed from demand start to system start.
Information,12/8/2016 3:02:40 PM,Service Control Manager,7040,None,The start type of the Microsoft NDIS Capture service was changed from system start to demand start.
Information,12/8/2016 3:02:29 PM,Service Control Manager,7040,None,The start type of the Microsoft NDIS Capture service was changed from demand start to system start.
Information,12/8/2016 3:02:05 PM,Service Control Manager,7040,None,The start type of the Microsoft NDIS Capture service was changed from system start to demand start.
Information,12/8/2016 3:01:55 PM,Service Control Manager,7040,None,The start type of the Microsoft NDIS Capture service was changed from demand start to system start.
Information,12/8/2016 3:01:06 PM,Service Control Manager,7040,None,The start type of the Microsoft NDIS Capture service was changed from system start to demand start.
Information,12/8/2016 3:00:55 PM,Service Control Manager,7040,None,The start type of the Microsoft NDIS Capture service was changed from demand start to system start.
Information,12/8/2016 3:00:42 PM,Service Control Manager,7036,None,The WinHTTP Web Proxy Auto-Discovery Service service entered the running state.
Information,12/8/2016 3:00:41 PM,Service Control Manager,7036,None,The Windows Update service entered the running state.
Information,12/8/2016 3:00:10 PM,Service Control Manager,7040,None,The start type of the Microsoft NDIS Capture service was changed from system start to demand start.
Information,12/8/2016 3:00:00 PM,Service Control Manager,7040,None,The start type of the Microsoft NDIS Capture service was changed from demand start to system start.
Information,12/8/2016 2:58:59 PM,Service Control Manager,7040,None,The start type of the Microsoft NDIS Capture service was changed from system start to demand start.
Information,12/8/2016 2:58:49 PM,Service Control Manager,7040,None,The start type of the Microsoft NDIS Capture service was changed from demand start to system start.
Information,12/8/2016 2:58:01 PM,Service Control Manager,7040,None,The start type of the Microsoft NDIS Capture service was changed from system start to demand start.
Information,12/8/2016 2:57:49 PM,Service Control Manager,7040,None,The start type of the Microsoft NDIS Capture service was changed from demand start to system start.
Information,12/8/2016 2:57:05 PM,Service Control Manager,7040,None,The start type of the Microsoft NDIS Capture service was changed from system start to demand start.
Information,12/8/2016 2:56:54 PM,Service Control Manager,7040,None,The start type of the Microsoft NDIS Capture service was changed from demand start to system start.
Information,12/8/2016 2:56:08 PM,Service Control Manager,7040,None,The start type of the Microsoft NDIS Capture service was changed from system start to demand start.
Information,12/8/2016 2:55:58 PM,Service Control Manager,7040,None,The start type of the Microsoft NDIS Capture service was changed from demand start to system start.
Information,12/8/2016 2:55:09 PM,Service Control Manager,7040,None,The start type of the Microsoft NDIS Capture service was changed from system start to demand start.
Information,12/8/2016 2:54:58 PM,Service Control Manager,7040,None,The start type of the Microsoft NDIS Capture service was changed from demand start to system start.
Information,12/8/2016 2:54:11 PM,Service Control Manager,7040,None,The start type of the Microsoft NDIS Capture service was changed from system start to demand start.
Information,12/8/2016 2:53:55 PM,Service Control Manager,7040,None,The start type of the Microsoft NDIS Capture service was changed from demand start to system start.
Information,12/8/2016 2:53:18 PM,Service Control Manager,7040,None,The start type of the Microsoft NDIS Capture service was changed from system start to demand start.
Information,12/8/2016 2:53:08 PM,Service Control Manager,7040,None,The start type of the Microsoft NDIS Capture service was changed from demand start to system start.
Information,12/8/2016 2:52:43 PM,Service Control Manager,7040,None,The start type of the Microsoft NDIS Capture service was changed from system start to demand start.
Information,12/8/2016 2:52:33 PM,Service Control Manager,7040,None,The start type of the Microsoft NDIS Capture service was changed from demand start to system start.
Information,12/8/2016 2:52:10 PM,Service Control Manager,7040,None,The start type of the Microsoft NDIS Capture service was changed from system start to demand start.
Information,12/8/2016 2:52:00 PM,Service Control Manager,7040,None,The start type of the Microsoft NDIS Capture service was changed from demand start to system start.
Information,12/8/2016 2:51:36 PM,Service Control Manager,7040,None,The start type of the Microsoft NDIS Capture service was changed from system start to demand start.
Information,12/8/2016 2:51:25 PM,Service Control Manager,7040,None,The start type of the Microsoft NDIS Capture service was changed from demand start to system start.
Information,12/8/2016 2:51:02 PM,Service Control Manager,7040,None,The start type of the Microsoft NDIS Capture service was changed from system start to demand start.
Information,12/8/2016 2:50:52 PM,Service Control Manager,7040,None,The start type of the Microsoft NDIS Capture service was changed from demand start to system start.
Information,12/8/2016 2:50:26 PM,Service Control Manager,7040,None,The start type of the Microsoft NDIS Capture service was changed from system start to demand start.
Information,12/8/2016 2:50:16 PM,Service Control Manager,7040,None,The start type of the Microsoft NDIS Capture service was changed from demand start to system start.
Information,12/8/2016 2:49:52 PM,Service Control Manager,7040,None,The start type of the Microsoft NDIS Capture service was changed from system start to demand start.
Information,12/8/2016 2:49:42 PM,Service Control Manager,7040,None,The start type of the Microsoft NDIS Capture service was changed from demand start to system start.
Information,12/8/2016 2:49:18 PM,Service Control Manager,7040,None,The start type of the Microsoft NDIS Capture service was changed from system start to demand start.
Information,12/8/2016 2:49:08 PM,Service Control Manager,7040,None,The start type of the Microsoft NDIS Capture service was changed from demand start to system start.
Information,12/8/2016 2:48:45 PM,Service Control Manager,7040,None,The start type of the Microsoft NDIS Capture service was changed from system start to demand start.
Information,12/8/2016 2:48:35 PM,Service Control Manager,7040,None,The start type of the Microsoft NDIS Capture service was changed from demand start to system start.
Information,12/8/2016 2:48:12 PM,Service Control Manager,7040,None,The start type of the Microsoft NDIS Capture service was changed from system start to demand start.
Information,12/8/2016 2:48:01 PM,Service Control Manager,7040,None,The start type of the Microsoft NDIS Capture service was changed from demand start to system start.
Information,12/8/2016 2:47:35 PM,Service Control Manager,7040,None,The start type of the Microsoft NDIS Capture service was changed from system start to demand start.
Information,12/8/2016 2:47:25 PM,Service Control Manager,7040,None,The start type of the Microsoft NDIS Capture service was changed from demand start to system start.
Information,12/8/2016 2:47:01 PM,Service Control Manager,7040,None,The start type of the Microsoft NDIS Capture service was changed from system start to demand start.
Information,12/8/2016 2:46:50 PM,Service Control Manager,7040,None,The start type of the Microsoft NDIS Capture service was changed from demand start to system start.
Information,12/8/2016 2:46:27 PM,Service Control Manager,7040,None,The start type of the Microsoft NDIS Capture service was changed from system start to demand start.
Information,12/8/2016 2:46:17 PM,Service Control Manager,7040,None,The start type of the Microsoft NDIS Capture service was changed from demand start to system start.
Information,12/8/2016 2:45:54 PM,Service Control Manager,7040,None,The start type of the Microsoft NDIS Capture service was changed from system start to demand start.
Information,12/8/2016 2:45:44 PM,Service Control Manager,7040,None,The start type of the Microsoft NDIS Capture service was changed from demand start to system start.
Information,12/8/2016 2:45:21 PM,Service Control Manager,7040,None,The start type of the Microsoft NDIS Capture service was changed from system start to demand start.
Information,12/8/2016 2:45:11 PM,Service Control Manager,7040,None,The start type of the Microsoft NDIS Capture service was changed from demand start to system start.
Information,12/8/2016 2:44:47 PM,Service Control Manager,7040,None,The start type of the Microsoft NDIS Capture service was changed from system start to demand start.
Information,12/8/2016 2:44:36 PM,Service Control Manager,7040,None,The start type of the Microsoft NDIS Capture service was changed from demand start to system start.
Information,12/8/2016 2:44:13 PM,Service Control Manager,7040,None,The start type of the Microsoft NDIS Capture service was changed from system start to demand start.
Information,12/8/2016 2:44:02 PM,Service Control Manager,7040,None,The start type of the Microsoft NDIS Capture service was changed from demand start to system start.
Information,12/8/2016 2:43:24 PM,Service Control Manager,7040,None,The start type of the Microsoft NDIS Capture service was changed from system start to demand start.
Information,12/8/2016 2:43:13 PM,Service Control Manager,7040,None,The start type of the Microsoft NDIS Capture service was changed from demand start to system start.
Information,12/8/2016 2:42:28 PM,Service Control Manager,7040,None,The start type of the Microsoft NDIS Capture service was changed from system start to demand start.
Information,12/8/2016 2:42:17 PM,Service Control Manager,7040,None,The start type of the Microsoft NDIS Capture service was changed from demand start to system start.
Information,12/8/2016 2:41:31 PM,Service Control Manager,7040,None,The start type of the Microsoft NDIS Capture service was changed from system start to demand start.
Information,12/8/2016 2:41:21 PM,Service Control Manager,7040,None,The start type of the Microsoft NDIS Capture service was changed from demand start to system start.
Information,12/8/2016 2:40:57 PM,Service Control Manager,7036,None,The Software Protection service entered the stopped state.
Information,12/8/2016 2:40:44 PM,Service Control Manager,7040,None,The start type of the Microsoft NDIS Capture service was changed from system start to demand start.
Information,12/8/2016 2:40:33 PM,Service Control Manager,7040,None,The start type of the Microsoft NDIS Capture service was changed from demand start to system start.
Information,12/8/2016 2:39:50 PM,Service Control Manager,7036,None,The Software Protection service entered the running state.
Information,12/8/2016 2:39:48 PM,Service Control Manager,7040,None,The start type of the Microsoft NDIS Capture service was changed from system start to demand start.
Information,12/8/2016 2:39:37 PM,Service Control Manager,7040,None,The start type of the Microsoft NDIS Capture service was changed from demand start to system start.
Information,12/8/2016 2:38:52 PM,Service Control Manager,7040,None,The start type of the Microsoft NDIS Capture service was changed from system start to demand start.
Information,12/8/2016 2:38:41 PM,Service Control Manager,7040,None,The start type of the Microsoft NDIS Capture service was changed from demand start to system start.
Information,12/8/2016 2:37:52 PM,Service Control Manager,7040,None,The start type of the Microsoft NDIS Capture service was changed from system start to demand start.
Information,12/8/2016 2:37:42 PM,Service Control Manager,7040,None,The start type of the Microsoft NDIS Capture service was changed from demand start to system start.
Information,12/8/2016 2:36:49 PM,Service Control Manager,7040,None,The start type of the Microsoft NDIS Capture service was changed from system start to demand start.
Information,12/8/2016 2:36:38 PM,Service Control Manager,7040,None,The start type of the Microsoft NDIS Capture service was changed from demand start to system start.
Information,12/8/2016 2:35:48 PM,Service Control Manager,7040,None,The start type of the Microsoft NDIS Capture service was changed from system start to demand start.
Information,12/8/2016 2:35:37 PM,Service Control Manager,7040,None,The start type of the Microsoft NDIS Capture service was changed from demand start to system start.
Information,12/8/2016 2:35:13 PM,Service Control Manager,7040,None,The start type of the Microsoft NDIS Capture service was changed from system start to demand start.
Information,12/8/2016 2:35:02 PM,Service Control Manager,7040,None,The start type of the Microsoft NDIS Capture service was changed from demand start to system start.
Information,12/8/2016 2:34:31 PM,Service Control Manager,7040,None,The start type of the Microsoft NDIS Capture service was changed from system start to demand start.
Information,12/8/2016 2:34:20 PM,Service Control Manager,7040,None,The start type of the Microsoft NDIS Capture service was changed from demand start to system start.
Information,12/8/2016 2:33:34 PM,Service Control Manager,7040,None,The start type of the Microsoft NDIS Capture service was changed from system start to demand start.
Information,12/8/2016 2:33:23 PM,Service Control Manager,7040,None,The start type of the Microsoft NDIS Capture service was changed from demand start to system start.
Information,12/8/2016 2:32:38 PM,Service Control Manager,7040,None,The start type of the Microsoft NDIS Capture service was changed from system start to demand start.
Information,12/8/2016 2:32:27 PM,Service Control Manager,7040,None,The start type of the Microsoft NDIS Capture service was changed from demand start to system start.
Information,12/8/2016 2:31:41 PM,Service Control Manager,7040,None,The start type of the Microsoft NDIS Capture service was changed from system start to demand start.
Information,12/8/2016 2:31:31 PM,Service Control Manager,7040,None,The start type of the Microsoft NDIS Capture service was changed from demand start to system start.
Information,12/8/2016 2:30:39 PM,Service Control Manager,7036,None,The WinHTTP Web Proxy Auto-Discovery Service service entered the stopped state.
Information,12/8/2016 2:30:37 PM,Service Control Manager,7040,None,The start type of the Microsoft NDIS Capture service was changed from system start to demand start.
Information,12/8/2016 2:30:22 PM,Service Control Manager,7040,None,The start type of the Microsoft NDIS Capture service was changed from demand start to system start.
Information,12/8/2016 2:29:18 PM,Service Control Manager,7040,None,The start type of the Microsoft NDIS Capture service was changed from system start to demand start.
Information,12/8/2016 2:29:07 PM,Service Control Manager,7040,None,The start type of the Microsoft NDIS Capture service was changed from demand start to system start.
Information,12/8/2016 2:28:11 PM,Service Control Manager,7040,None,The start type of the Microsoft NDIS Capture service was changed from system start to demand start.
Information,12/8/2016 2:28:00 PM,Service Control Manager,7040,None,The start type of the Microsoft NDIS Capture service was changed from demand start to system start.
Information,12/8/2016 2:27:07 PM,Service Control Manager,7040,None,The start type of the Microsoft NDIS Capture service was changed from system start to demand start.
Information,12/8/2016 2:26:57 PM,Service Control Manager,7040,None,The start type of the Microsoft NDIS Capture service was changed from demand start to system start.
Information,12/8/2016 2:26:06 PM,Service Control Manager,7040,None,The start type of the Microsoft NDIS Capture service was changed from system start to demand start.
Information,12/8/2016 2:25:56 PM,Service Control Manager,7040,None,The start type of the Microsoft NDIS Capture service was changed from demand start to system start.
Information,12/8/2016 2:25:09 PM,Service Control Manager,7040,None,The start type of the Microsoft NDIS Capture service was changed from system start to demand start.
Information,12/8/2016 2:24:59 PM,Service Control Manager,7040,None,The start type of the Microsoft NDIS Capture service was changed from demand start to system start.
Information,12/8/2016 2:24:09 PM,Service Control Manager,7040,None,The start type of the Microsoft NDIS Capture service was changed from system start to demand start.
