Information,12/8/2016 2:23:58 PM,Service Control Manager,7040,None,The start type of the Microsoft NDIS Capture service was changed from demand start to system start.
Information,12/8/2016 2:23:34 PM,Service Control Manager,7040,None,The start type of the Microsoft NDIS Capture service was changed from system start to demand start.
Information,12/8/2016 2:23:23 PM,Service Control Manager,7040,None,The start type of the Microsoft NDIS Capture service was changed from demand start to system start.
Information,12/8/2016 2:22:57 PM,Service Control Manager,7040,None,The start type of the Microsoft NDIS Capture service was changed from system start to demand start.
Information,12/8/2016 2:22:46 PM,Service Control Manager,7040,None,The start type of the Microsoft NDIS Capture service was changed from demand start to system start.
Information,12/8/2016 2:22:22 PM,Service Control Manager,7040,None,The start type of the Microsoft NDIS Capture service was changed from system start to demand start.
Information,12/8/2016 2:22:12 PM,Service Control Manager,7040,None,The start type of the Microsoft NDIS Capture service was changed from demand start to system start.
Information,12/8/2016 2:21:45 PM,Service Control Manager,7040,None,The start type of the Microsoft NDIS Capture service was changed from system start to demand start.
Information,12/8/2016 2:21:34 PM,Service Control Manager,7040,None,The start type of the Microsoft NDIS Capture service was changed from demand start to system start.
Information,12/8/2016 2:20:44 PM,Service Control Manager,7040,None,The start type of the Microsoft NDIS Capture service was changed from system start to demand start.
Information,12/8/2016 2:20:33 PM,Service Control Manager,7040,None,The start type of the Microsoft NDIS Capture service was changed from demand start to system start.
Information,12/8/2016 2:19:43 PM,Service Control Manager,7040,None,The start type of the Microsoft NDIS Capture service was changed from system start to demand start.
Information,12/8/2016 2:19:33 PM,Service Control Manager,7040,None,The start type of the Microsoft NDIS Capture service was changed from demand start to system start.
Information,12/8/2016 2:19:03 PM,Service Control Manager,7040,None,The start type of the Microsoft NDIS Capture service was changed from system start to demand start.
Information,12/8/2016 2:18:52 PM,Service Control Manager,7040,None,The start type of the Microsoft NDIS Capture service was changed from demand start to system start.
Information,12/8/2016 2:18:28 PM,Service Control Manager,7040,None,The start type of the Microsoft NDIS Capture service was changed from system start to demand start.
Information,12/8/2016 2:18:18 PM,Service Control Manager,7040,None,The start type of the Microsoft NDIS Capture service was changed from demand start to system start.
Information,12/8/2016 2:17:53 PM,Service Control Manager,7040,None,The start type of the Microsoft NDIS Capture service was changed from system start to demand start.
Information,12/8/2016 2:17:43 PM,Service Control Manager,7040,None,The start type of the Microsoft NDIS Capture service was changed from demand start to system start.
Information,12/8/2016 2:17:17 PM,Service Control Manager,7040,None,The start type of the Microsoft NDIS Capture service was changed from system start to demand start.
Information,12/8/2016 2:17:06 PM,Service Control Manager,7040,None,The start type of the Microsoft NDIS Capture service was changed from demand start to system start.
Information,12/8/2016 2:16:41 PM,Service Control Manager,7040,None,The start type of the Microsoft NDIS Capture service was changed from system start to demand start.
Information,12/8/2016 2:16:29 PM,Service Control Manager,7040,None,The start type of the Microsoft NDIS Capture service was changed from demand start to system start.
Information,12/8/2016 2:16:06 PM,Service Control Manager,7040,None,The start type of the Microsoft NDIS Capture service was changed from system start to demand start.
Information,12/8/2016 2:15:56 PM,Service Control Manager,7040,None,The start type of the Microsoft NDIS Capture service was changed from demand start to system start.
Information,12/8/2016 2:15:27 PM,Service Control Manager,7040,None,The start type of the Microsoft NDIS Capture service was changed from system start to demand start.
Information,12/8/2016 2:15:17 PM,Service Control Manager,7040,None,The start type of the Microsoft NDIS Capture service was changed from demand start to system start.
Information,12/8/2016 2:14:55 PM,Service Control Manager,7040,None,The start type of the Microsoft NDIS Capture service was changed from system start to demand start.
Information,12/8/2016 2:14:44 PM,Service Control Manager,7040,None,The start type of the Microsoft NDIS Capture service was changed from demand start to system start.
Information,12/8/2016 2:14:21 PM,Service Control Manager,7040,None,The start type of the Microsoft NDIS Capture service was changed from system start to demand start.
Information,12/8/2016 2:14:10 PM,Service Control Manager,7040,None,The start type of the Microsoft NDIS Capture service was changed from demand start to system start.
Information,12/8/2016 2:13:43 PM,Service Control Manager,7040,None,The start type of the Microsoft NDIS Capture service was changed from system start to demand start.
Information,12/8/2016 2:13:40 PM,Service Control Manager,7036,None,The Windows Update service entered the stopped state.
Information,12/8/2016 2:13:33 PM,Service Control Manager,7040,None,The start type of the Microsoft NDIS Capture service was changed from demand start to system start.
Information,12/8/2016 2:13:08 PM,Service Control Manager,7040,None,The start type of the Microsoft NDIS Capture service was changed from system start to demand start.
Information,12/8/2016 2:12:58 PM,Service Control Manager,7040,None,The start type of the Microsoft NDIS Capture service was changed from demand start to system start.
Information,12/8/2016 2:12:11 PM,Service Control Manager,7040,None,The start type of the Microsoft NDIS Capture service was changed from system start to demand start.
Information,12/8/2016 2:12:01 PM,Service Control Manager,7040,None,The start type of the Microsoft NDIS Capture service was changed from demand start to system start.
Information,12/8/2016 2:11:18 PM,Service Control Manager,7040,None,The start type of the Microsoft NDIS Capture service was changed from system start to demand start.
Information,12/8/2016 2:11:07 PM,Service Control Manager,7040,None,The start type of the Microsoft NDIS Capture service was changed from demand start to system start.
Information,12/8/2016 2:10:32 PM,Service Control Manager,7036,None,The Software Protection service entered the stopped state.
Information,12/8/2016 2:10:17 PM,Service Control Manager,7040,None,The start type of the Microsoft NDIS Capture service was changed from system start to demand start.
Information,12/8/2016 2:10:07 PM,Service Control Manager,7040,None,The start type of the Microsoft NDIS Capture service was changed from demand start to system start.
Information,12/8/2016 2:09:49 PM,Service Control Manager,7036,None,The Software Protection service entered the running state.
Information,12/8/2016 2:09:18 PM,Service Control Manager,7040,None,The start type of the Microsoft NDIS Capture service was changed from system start to demand start.
Information,12/8/2016 2:09:08 PM,Service Control Manager,7040,None,The start type of the Microsoft NDIS Capture service was changed from demand start to system start.
Information,12/8/2016 2:08:18 PM,Service Control Manager,7040,None,The start type of the Microsoft NDIS Capture service was changed from system start to demand start.
Information,12/8/2016 2:08:07 PM,Service Control Manager,7040,None,The start type of the Microsoft NDIS Capture service was changed from demand start to system start.
Information,12/8/2016 2:08:05 PM,Microsoft-Windows-Kernel-General,1,None,"The system time has changed to ‎2016‎-‎12‎-‎08T22:08:05.500000000Z from ‎2016‎-‎12‎-‎08T22:03:53.514326300Z.

Change Reason: System time synchronized with the hardware clock."
Information,12/8/2016 2:03:02 PM,Service Control Manager,7040,None,The start type of the Microsoft NDIS Capture service was changed from system start to demand start.
Information,12/8/2016 2:02:50 PM,Service Control Manager,7040,None,The start type of the Microsoft NDIS Capture service was changed from demand start to system start.
Information,12/8/2016 2:01:54 PM,Service Control Manager,7040,None,The start type of the Microsoft NDIS Capture service was changed from system start to demand start.
Information,12/8/2016 2:01:44 PM,Service Control Manager,7040,None,The start type of the Microsoft NDIS Capture service was changed from demand start to system start.
Information,12/8/2016 2:00:56 PM,Service Control Manager,7040,None,The start type of the Microsoft NDIS Capture service was changed from system start to demand start.
Information,12/8/2016 2:00:45 PM,Service Control Manager,7040,None,The start type of the Microsoft NDIS Capture service was changed from demand start to system start.
Information,12/8/2016 1:59:57 PM,Service Control Manager,7040,None,The start type of the Microsoft NDIS Capture service was changed from system start to demand start.
Information,12/8/2016 1:59:39 PM,Service Control Manager,7040,None,The start type of the Microsoft NDIS Capture service was changed from demand start to system start.
Information,12/8/2016 1:59:23 PM,Service Control Manager,7036,None,The WinHTTP Web Proxy Auto-Discovery Service service entered the running state.
Information,12/8/2016 1:59:22 PM,Service Control Manager,7036,None,The Windows Update service entered the running state.
Information,12/8/2016 1:58:44 PM,Service Control Manager,7040,None,The start type of the Microsoft NDIS Capture service was changed from system start to demand start.
Information,12/8/2016 1:58:41 PM,Service Control Manager,7036,None,The Application Experience service entered the stopped state.
Information,12/8/2016 1:58:32 PM,Service Control Manager,7040,None,The start type of the Microsoft NDIS Capture service was changed from demand start to system start.
Information,12/8/2016 1:58:04 PM,Service Control Manager,7040,None,The start type of the Microsoft NDIS Capture service was changed from system start to demand start.
Information,12/8/2016 1:57:53 PM,Service Control Manager,7040,None,The start type of the Microsoft NDIS Capture service was changed from demand start to system start.
Information,12/8/2016 1:57:28 PM,Service Control Manager,7040,None,The start type of the Microsoft NDIS Capture service was changed from system start to demand start.
Information,12/8/2016 1:57:18 PM,Service Control Manager,7040,None,The start type of the Microsoft NDIS Capture service was changed from demand start to system start.
Information,12/8/2016 1:56:53 PM,Service Control Manager,7036,None,The Windows Modules Installer service entered the running state.
Information,12/8/2016 1:56:49 PM,Service Control Manager,7040,None,The start type of the Microsoft NDIS Capture service was changed from system start to demand start.
Information,12/8/2016 1:56:38 PM,Service Control Manager,7040,None,The start type of the Microsoft NDIS Capture service was changed from demand start to system start.
Information,12/8/2016 1:55:40 PM,Service Control Manager,7040,None,The start type of the Microsoft NDIS Capture service was changed from system start to demand start.
Information,12/8/2016 1:55:40 PM,Service Control Manager,7040,None,The start type of the Microsoft NDIS Capture service was changed from demand start to system start.
Information,12/8/2016 1:55:30 PM,Service Control Manager,7040,None,The start type of the Microsoft NDIS Capture service was changed from system start to demand start.
Information,12/8/2016 1:55:29 PM,Service Control Manager,7040,None,The start type of the Microsoft NDIS Capture service was changed from demand start to system start.
Information,12/8/2016 1:51:05 PM,Service Control Manager,7040,None,The start type of the Microsoft NDIS Capture service was changed from system start to demand start.
Information,12/8/2016 1:51:05 PM,Service Control Manager,7040,None,The start type of the Microsoft NDIS Capture service was changed from demand start to system start.
Information,12/8/2016 1:50:55 PM,Service Control Manager,7040,None,The start type of the Microsoft NDIS Capture service was changed from system start to demand start.
Information,12/8/2016 1:50:55 PM,Service Control Manager,7040,None,The start type of the Microsoft NDIS Capture service was changed from demand start to system start.
Information,12/8/2016 1:48:41 PM,Service Control Manager,7036,None,The Application Experience service entered the running state.
Information,12/8/2016 1:45:35 PM,Service Control Manager,7036,None,The Windows Modules Installer service entered the stopped state.
Information,12/8/2016 1:43:34 PM,Service Control Manager,7036,None,The Windows Modules Installer service entered the running state.
Information,12/8/2016 1:43:27 PM,Service Control Manager,7040,None,The start type of the Microsoft NDIS Capture service was changed from system start to demand start.
Information,12/8/2016 1:43:15 PM,Service Control Manager,7040,None,The start type of the Microsoft NDIS Capture service was changed from demand start to system start.
Information,12/8/2016 1:36:08 PM,Service Control Manager,7036,None,The Software Protection service entered the stopped state.
Information,12/8/2016 1:35:37 PM,Service Control Manager,7036,None,The Software Protection service entered the running state.
Information,12/8/2016 1:17:21 PM,Service Control Manager,7036,None,The DNS Client service entered the running state.
Information,12/8/2016 1:13:55 PM,Service Control Manager,7036,None,The DNS Client service entered the stopped state.
Information,12/8/2016 1:09:18 PM,Microsoft-Windows-Eventlog,104,Log clear,The AdvLog log file was cleared.
Information,12/8/2016 1:06:07 PM,Service Control Manager,7036,None,The Software Protection service entered the stopped state.
Information,12/8/2016 1:05:37 PM,Service Control Manager,7036,None,The Software Protection service entered the running state.
Information,12/8/2016 1:03:53 PM,Microsoft-Windows-Kernel-General,1,None,"The system time has changed to ‎2016‎-‎12‎-‎08T21:03:53.500000000Z from ‎2016‎-‎12‎-‎08T20:55:54.499916600Z.

Change Reason: System time synchronized with the hardware clock."
Information,12/8/2016 12:47:36 PM,Service Control Manager,7036,None,The Smart Card Device Enumeration Service service entered the running state.
Information,12/8/2016 12:45:20 PM,Service Control Manager,7036,None,The Smart Card Device Enumeration Service service entered the stopped state.
Information,12/8/2016 12:45:01 PM,Service Control Manager,7036,None,The WinHTTP Web Proxy Auto-Discovery Service service entered the stopped state.
Information,12/8/2016 12:28:08 PM,Service Control Manager,7036,None,The Software Protection service entered the stopped state.
Information,12/8/2016 12:27:40 PM,Service Control Manager,7036,None,The Windows Update service entered the stopped state.
Information,12/8/2016 12:27:38 PM,Service Control Manager,7036,None,The Software Protection service entered the running state.
Information,12/8/2016 12:17:36 PM,Service Control Manager,7036,None,The Windows Update service entered the running state.
Information,12/8/2016 12:04:09 PM,Service Control Manager,7036,None,The Application Experience service entered the stopped state.
Information,12/8/2016 12:00:00 PM,EventLog,6013,None,The system uptime is 500647 seconds.
Information,12/8/2016 11:58:06 AM,Service Control Manager,7036,None,The Software Protection service entered the stopped state.
Information,12/8/2016 11:57:36 AM,Service Control Manager,7036,None,The Software Protection service entered the running state.
Information,12/8/2016 11:55:54 AM,Microsoft-Windows-Kernel-General,1,None,"The system time has changed to ‎2016‎-‎12‎-‎08T19:55:54.500000000Z from ‎2016‎-‎12‎-‎08T19:46:38.506550500Z.

Change Reason: System time synchronized with the hardware clock."
Information,12/8/2016 11:40:31 AM,Service Control Manager,7036,None,The Application Experience service entered the running state.
Information,12/8/2016 11:40:13 AM,Service Control Manager,7036,None,The WinHTTP Web Proxy Auto-Discovery Service service entered the running state.
Information,12/8/2016 11:36:36 AM,Service Control Manager,7036,None,The DNS Client service entered the running state.
Information,12/8/2016 11:31:38 AM,Service Control Manager,7036,None,The DNS Client service entered the stopped state.
Information,12/8/2016 11:18:50 AM,Service Control Manager,7036,None,The Software Protection service entered the stopped state.
Information,12/8/2016 11:18:20 AM,Service Control Manager,7036,None,The Software Protection service entered the running state.
Error,12/8/2016 11:08:39 AM,Schannel,36888,None,A fatal alert was generated and sent to the remote endpoint. This may result in termination of the connection. The TLS protocol defined fatal error code is 10. The Windows SChannel error state is 1203.
Error,12/8/2016 11:08:37 AM,Schannel,36888,None,A fatal alert was generated and sent to the remote endpoint. This may result in termination of the connection. The TLS protocol defined fatal error code is 10. The Windows SChannel error state is 1203.
Information,12/8/2016 11:01:30 AM,Service Control Manager,7036,None,The WinHTTP Web Proxy Auto-Discovery Service service entered the stopped state.
Information,12/8/2016 10:48:50 AM,Service Control Manager,7036,None,The Software Protection service entered the stopped state.
Information,12/8/2016 10:48:19 AM,Service Control Manager,7036,None,The Software Protection service entered the running state.
Information,12/8/2016 10:46:38 AM,Microsoft-Windows-Kernel-General,1,None,"The system time has changed to ‎2016‎-‎12‎-‎08T18:46:38.500000000Z from ‎2016‎-‎12‎-‎08T18:42:02.852214100Z.

Change Reason: System time synchronized with the hardware clock."
Information,12/8/2016 10:39:13 AM,Service Control Manager,7036,None,The Windows Update service entered the stopped state.
Information,12/8/2016 10:29:11 AM,Service Control Manager,7036,None,The Windows Update service entered the running state.
Information,12/8/2016 10:20:51 AM,Service Control Manager,7036,None,The Google Update Service (gupdate) service entered the stopped state.
Information,12/8/2016 10:20:51 AM,Service Control Manager,7036,None,The WinHTTP Web Proxy Auto-Discovery Service service entered the running state.
Information,12/8/2016 10:20:51 AM,Service Control Manager,7036,None,The Google Update Service (gupdate) service entered the running state.
Information,12/8/2016 10:16:23 AM,Service Control Manager,7036,None,The Application Experience service entered the stopped state.
Information,12/8/2016 10:14:43 AM,Service Control Manager,7036,None,The Smart Card Device Enumeration Service service entered the running state.
Information,12/8/2016 10:14:14 AM,Service Control Manager,7036,None,The Software Protection service entered the stopped state.
Information,12/8/2016 10:13:44 AM,Service Control Manager,7036,None,The Software Protection service entered the running state.
Information,12/8/2016 10:06:22 AM,Service Control Manager,7036,None,The Application Experience service entered the running state.
Information,12/8/2016 10:06:22 AM,Microsoft-Windows-Kernel-General,16,None,The access history in hive \??\C:\Windows\AppCompat\Programs\Amcache.hve was cleared updating 449 keys and creating 70 modified pages.
Information,12/8/2016 10:02:00 AM,Service Control Manager,7036,None,The DNS Client service entered the running state.
Information,12/8/2016 9:57:00 AM,Service Control Manager,7036,None,The DNS Client service entered the stopped state.
Information,12/8/2016 9:47:47 AM,Service Control Manager,7036,None,The WinHTTP Web Proxy Auto-Discovery Service service entered the stopped state.
Information,12/8/2016 9:44:14 AM,Service Control Manager,7036,None,The Software Protection service entered the stopped state.
Information,12/8/2016 9:43:43 AM,Service Control Manager,7036,None,The Software Protection service entered the running state.
Information,12/8/2016 9:30:20 AM,Service Control Manager,7036,None,The Windows Update service entered the stopped state.
Information,12/8/2016 9:14:18 AM,Service Control Manager,7036,None,The Windows Modules Installer service entered the stopped state.
Information,12/8/2016 9:14:14 AM,Service Control Manager,7036,None,The Software Protection service entered the stopped state.
Information,12/8/2016 9:13:43 AM,Service Control Manager,7036,None,The Software Protection service entered the running state.
Information,12/8/2016 9:12:38 AM,Service Control Manager,7036,None,The Software Protection service entered the stopped state.
Information,12/8/2016 9:12:07 AM,Service Control Manager,7036,None,The Software Protection service entered the running state.
Information,12/8/2016 9:12:06 AM,Service Control Manager,7036,None,The Windows Modules Installer service entered the running state.
Information,12/8/2016 9:10:17 AM,Service Control Manager,7036,None,The WinHTTP Web Proxy Auto-Discovery Service service entered the running state.
Information,12/8/2016 9:10:17 AM,Service Control Manager,7036,None,The Windows Update service entered the running state.
Information,12/8/2016 9:02:00 AM,Service Control Manager,7036,None,The DNS Client service entered the running state.
Information,12/8/2016 8:57:00 AM,Service Control Manager,7036,None,The DNS Client service entered the stopped state.
Information,12/8/2016 8:44:13 AM,Service Control Manager,7036,None,The Software Protection service entered the stopped state.
Information,12/8/2016 8:43:43 AM,Service Control Manager,7036,None,The Software Protection service entered the running state.
Information,12/8/2016 8:19:36 AM,Service Control Manager,7036,None,The WinHTTP Web Proxy Auto-Discovery Service service entered the stopped state.
Information,12/8/2016 8:14:13 AM,Service Control Manager,7036,None,The Software Protection service entered the stopped state.
Information,12/8/2016 8:13:43 AM,Service Control Manager,7036,None,The Software Protection service entered the running state.
Information,12/8/2016 8:02:38 AM,Service Control Manager,7036,None,The Windows Update service entered the stopped state.
Information,12/8/2016 7:52:36 AM,Service Control Manager,7036,None,The WinHTTP Web Proxy Auto-Discovery Service service entered the running state.
Information,12/8/2016 7:52:36 AM,Service Control Manager,7036,None,The Windows Update service entered the running state.
Error,12/8/2016 7:49:21 AM,Schannel,36888,None,A fatal alert was generated and sent to the remote endpoint. This may result in termination of the connection. The TLS protocol defined fatal error code is 10. The Windows SChannel error state is 1203.
Error,12/8/2016 7:49:21 AM,Schannel,36888,None,A fatal alert was generated and sent to the remote endpoint. This may result in termination of the connection. The TLS protocol defined fatal error code is 10. The Windows SChannel error state is 1203.
Information,12/8/2016 7:44:13 AM,Service Control Manager,7036,None,The Software Protection service entered the stopped state.
Information,12/8/2016 7:43:43 AM,Service Control Manager,7036,None,The Software Protection service entered the running state.
Information,12/8/2016 7:32:00 AM,Service Control Manager,7036,None,The DNS Client service entered the running state.
Information,12/8/2016 7:25:35 AM,Service Control Manager,7036,None,The DNS Client service entered the stopped state.
Information,12/8/2016 7:14:13 AM,Service Control Manager,7036,None,The Software Protection service entered the stopped state.
Information,12/8/2016 7:13:43 AM,Service Control Manager,7036,None,The Software Protection service entered the running state.
Information,12/8/2016 7:08:25 AM,Service Control Manager,7036,None,The WinHTTP Web Proxy Auto-Discovery Service service entered the stopped state.
Information,12/8/2016 6:51:27 AM,Service Control Manager,7036,None,The Windows Update service entered the stopped state.
Information,12/8/2016 6:44:13 AM,Service Control Manager,7036,None,The Software Protection service entered the stopped state.
Information,12/8/2016 6:43:42 AM,Service Control Manager,7036,None,The Software Protection service entered the running state.
Information,12/8/2016 6:41:25 AM,Service Control Manager,7036,None,The WinHTTP Web Proxy Auto-Discovery Service service entered the running state.
Information,12/8/2016 6:41:25 AM,Service Control Manager,7036,None,The Windows Update service entered the running state.
Information,12/8/2016 6:34:05 AM,Service Control Manager,7036,None,The WinHTTP Web Proxy Auto-Discovery Service service entered the stopped state.
Error,12/8/2016 6:22:44 AM,Schannel,36888,None,A fatal alert was generated and sent to the remote endpoint. This may result in termination of the connection. The TLS protocol defined fatal error code is 10. The Windows SChannel error state is 1203.
Error,12/8/2016 6:22:44 AM,Schannel,36888,None,A fatal alert was generated and sent to the remote endpoint. This may result in termination of the connection. The TLS protocol defined fatal error code is 10. The Windows SChannel error state is 1203.
Information,12/8/2016 6:14:13 AM,Service Control Manager,7036,None,The Software Protection service entered the stopped state.
Information,12/8/2016 6:13:42 AM,Service Control Manager,7036,None,The Software Protection service entered the running state.
Information,12/8/2016 6:05:35 AM,Service Control Manager,7036,None,The WinHTTP Web Proxy Auto-Discovery Service service entered the running state.
Information,12/8/2016 5:49:16 AM,Service Control Manager,7036,None,The WinHTTP Web Proxy Auto-Discovery Service service entered the stopped state.
Information,12/8/2016 5:44:13 AM,Service Control Manager,7036,None,The Software Protection service entered the stopped state.
Information,12/8/2016 5:43:42 AM,Service Control Manager,7036,None,The Software Protection service entered the running state.
Information,12/8/2016 5:21:46 AM,Service Control Manager,7036,None,The Windows Modules Installer service entered the stopped state.
Information,12/8/2016 5:20:50 AM,Service Control Manager,7036,None,The Google Update Service (gupdate) service entered the stopped state.
Information,12/8/2016 5:20:49 AM,Service Control Manager,7036,None,The Google Update Service (gupdate) service entered the running state.
Information,12/8/2016 5:19:46 AM,Service Control Manager,7040,None,The start type of the Windows Modules Installer service was changed from auto start to demand start.
Information,12/8/2016 5:14:18 AM,Service Control Manager,7036,None,The Windows Update service entered the stopped state.
Information,12/8/2016 5:14:12 AM,Service Control Manager,7036,None,The Software Protection service entered the stopped state.
Information,12/8/2016 5:13:42 AM,Service Control Manager,7036,None,The Software Protection service entered the running state.
Information,12/8/2016 5:04:16 AM,Service Control Manager,7036,None,The WinHTTP Web Proxy Auto-Discovery Service service entered the running state.
Information,12/8/2016 5:04:16 AM,Service Control Manager,7036,None,The Windows Update service entered the running state.
Information,12/8/2016 4:53:28 AM,Service Control Manager,7036,None,The WinHTTP Web Proxy Auto-Discovery Service service entered the stopped state.
Information,12/8/2016 4:44:12 AM,Service Control Manager,7036,None,The Software Protection service entered the stopped state.
Information,12/8/2016 4:43:42 AM,Service Control Manager,7036,None,The Software Protection service entered the running state.
Information,12/8/2016 4:29:33 AM,Service Control Manager,7036,None,The Optimize drives service entered the stopped state.
Information,12/8/2016 4:28:28 AM,Service Control Manager,7036,None,The Windows Error Reporting Service service entered the stopped state.
Information,12/8/2016 4:26:33 AM,Microsoft-Windows-Kernel-General,15,None,Hive \??\C:\Windows\System32\SMI\Store\Machine\SCHEMA.DAT was reorganized with a starting size of 11481088 bytes and an ending size of 10448896 bytes.
Information,12/8/2016 4:26:32 AM,Microsoft-Windows-Kernel-General,15,None,Hive \??\C:\Windows\System32\config\COMPONENTS was reorganized with a starting size of 87420928 bytes and an ending size of 66052096 bytes.
Information,12/8/2016 4:26:28 AM,Service Control Manager,7036,None,The Optimize drives service entered the running state.
Information,12/8/2016 4:26:28 AM,Service Control Manager,7040,None,The start type of the Windows Modules Installer service was changed from demand start to auto start.
Information,12/8/2016 4:26:28 AM,Service Control Manager,7036,None,The WinHTTP Web Proxy Auto-Discovery Service service entered the running state.
Information,12/8/2016 4:26:28 AM,Service Control Manager,7036,None,The Windows Modules Installer service entered the running state.
Information,12/8/2016 4:26:28 AM,Service Control Manager,7036,None,The Windows Error Reporting Service service entered the running state.
Information,12/8/2016 4:14:12 AM,Service Control Manager,7036,None,The Software Protection service entered the stopped state.
Information,12/8/2016 4:13:42 AM,Service Control Manager,7036,None,The Software Protection service entered the running state.
Information,12/8/2016 4:07:14 AM,Service Control Manager,7036,None,The WinHTTP Web Proxy Auto-Discovery Service service entered the stopped state.
Information,12/8/2016 3:50:15 AM,Service Control Manager,7036,None,The Windows Update service entered the stopped state.
Information,12/8/2016 3:44:12 AM,Service Control Manager,7036,None,The Software Protection service entered the stopped state.
Information,12/8/2016 3:43:42 AM,Service Control Manager,7036,None,The Software Protection service entered the running state.
Information,12/8/2016 3:40:14 AM,Service Control Manager,7036,None,The WinHTTP Web Proxy Auto-Discovery Service service entered the running state.
Information,12/8/2016 3:40:14 AM,Service Control Manager,7036,None,The Windows Update service entered the running state.
Information,12/8/2016 3:14:12 AM,Service Control Manager,7036,None,The Software Protection service entered the stopped state.
Information,12/8/2016 3:13:42 AM,Service Control Manager,7036,None,The Software Protection service entered the running state.
Information,12/8/2016 3:02:00 AM,Service Control Manager,7036,None,The DNS Client service entered the running state.
Information,12/8/2016 3:01:43 AM,Service Control Manager,7036,None,The DNS Client service entered the stopped state.
Information,12/8/2016 2:44:12 AM,Service Control Manager,7036,None,The Software Protection service entered the stopped state.
Information,12/8/2016 2:43:41 AM,Service Control Manager,7036,None,The Software Protection service entered the running state.
Information,12/8/2016 2:26:04 AM,Service Control Manager,7036,None,The WinHTTP Web Proxy Auto-Discovery Service service entered the stopped state.
Information,12/8/2016 2:14:11 AM,Service Control Manager,7036,None,The Software Protection service entered the stopped state.
Information,12/8/2016 2:13:41 AM,Service Control Manager,7036,None,The Software Protection service entered the running state.
Information,12/8/2016 2:09:06 AM,Service Control Manager,7036,None,The Windows Update service entered the stopped state.
Information,12/8/2016 1:59:04 AM,Service Control Manager,7036,None,The WinHTTP Web Proxy Auto-Discovery Service service entered the running state.
Information,12/8/2016 1:59:04 AM,Service Control Manager,7036,None,The Windows Update service entered the running state.
Information,12/8/2016 1:44:11 AM,Service Control Manager,7036,None,The Software Protection service entered the stopped state.
Information,12/8/2016 1:43:41 AM,Service Control Manager,7036,None,The Software Protection service entered the running state.
Information,12/8/2016 1:31:43 AM,Service Control Manager,7036,None,The DNS Client service entered the running state.
Information,12/8/2016 1:27:01 AM,Service Control Manager,7036,None,The DNS Client service entered the stopped state.
Information,12/8/2016 1:14:11 AM,Service Control Manager,7036,None,The Software Protection service entered the stopped state.
Information,12/8/2016 1:13:41 AM,Service Control Manager,7036,None,The Software Protection service entered the running state.
Information,12/8/2016 1:12:47 AM,Service Control Manager,7036,None,The WinHTTP Web Proxy Auto-Discovery Service service entered the stopped state.
Error,12/8/2016 1:01:52 AM,Schannel,36888,None,A fatal alert was generated and sent to the remote endpoint. This may result in termination of the connection. The TLS protocol defined fatal error code is 10. The Windows SChannel error state is 1203.
Error,12/8/2016 1:01:52 AM,Schannel,36888,None,A fatal alert was generated and sent to the remote endpoint. This may result in termination of the connection. The TLS protocol defined fatal error code is 10. The Windows SChannel error state is 1203.
Information,12/8/2016 12:55:43 AM,Service Control Manager,7036,None,The Windows Update service entered the stopped state.
Information,12/8/2016 12:45:41 AM,Service Control Manager,7036,None,The Windows Update service entered the running state.
Information,12/8/2016 12:44:11 AM,Service Control Manager,7036,None,The Software Protection service entered the stopped state.
Information,12/8/2016 12:43:41 AM,Service Control Manager,7036,None,The Software Protection service entered the running state.
Error,12/8/2016 12:40:23 AM,Schannel,36888,None,A fatal alert was generated and sent to the remote endpoint. This may result in termination of the connection. The TLS protocol defined fatal error code is 10. The Windows SChannel error state is 1203.
Error,12/8/2016 12:40:23 AM,Schannel,36888,None,A fatal alert was generated and sent to the remote endpoint. This may result in termination of the connection. The TLS protocol defined fatal error code is 10. The Windows SChannel error state is 1203.
Information,12/8/2016 12:20:17 AM,Service Control Manager,7036,None,The Google Update Service (gupdate) service entered the stopped state.
Information,12/8/2016 12:20:17 AM,Service Control Manager,7036,None,The WinHTTP Web Proxy Auto-Discovery Service service entered the running state.
Information,12/8/2016 12:20:17 AM,Service Control Manager,7036,None,The Google Update Service (gupdate) service entered the running state.
Information,12/8/2016 12:14:11 AM,Service Control Manager,7036,None,The Software Protection service entered the stopped state.
Information,12/8/2016 12:13:41 AM,Service Control Manager,7036,None,The Software Protection service entered the running state.
Information,12/7/2016 11:44:11 PM,Service Control Manager,7036,None,The Software Protection service entered the stopped state.
Information,12/7/2016 11:43:40 PM,Service Control Manager,7036,None,The Software Protection service entered the running state.
Information,12/7/2016 11:35:51 PM,Service Control Manager,7036,None,The WinHTTP Web Proxy Auto-Discovery Service service entered the stopped state.
Information,12/7/2016 11:18:52 PM,Service Control Manager,7036,None,The Windows Update service entered the stopped state.
Information,12/7/2016 11:14:11 PM,Service Control Manager,7036,None,The Software Protection service entered the stopped state.
Information,12/7/2016 11:13:40 PM,Service Control Manager,7036,None,The Software Protection service entered the running state.
Information,12/7/2016 11:08:51 PM,Service Control Manager,7036,None,The WinHTTP Web Proxy Auto-Discovery Service service entered the running state.
Information,12/7/2016 11:08:51 PM,Service Control Manager,7036,None,The Windows Update service entered the running state.
Information,12/7/2016 11:02:00 PM,Service Control Manager,7036,None,The DNS Client service entered the running state.
Information,12/7/2016 11:00:00 PM,Service Control Manager,7036,None,The DNS Client service entered the stopped state.
Information,12/7/2016 10:44:10 PM,Service Control Manager,7036,None,The Software Protection service entered the stopped state.
Information,12/7/2016 10:43:40 PM,Service Control Manager,7036,None,The Software Protection service entered the running state.
Information,12/7/2016 10:22:01 PM,Service Control Manager,7036,None,The WinHTTP Web Proxy Auto-Discovery Service service entered the stopped state.
Information,12/7/2016 10:14:10 PM,Service Control Manager,7036,None,The Software Protection service entered the stopped state.
Information,12/7/2016 10:13:40 PM,Service Control Manager,7036,None,The Software Protection service entered the running state.
Information,12/7/2016 10:05:02 PM,Service Control Manager,7036,None,The Windows Update service entered the stopped state.
Information,12/7/2016 9:55:01 PM,Service Control Manager,7036,None,The WinHTTP Web Proxy Auto-Discovery Service service entered the running state.
Information,12/7/2016 9:55:01 PM,Service Control Manager,7036,None,The Windows Update service entered the running state.
Information,12/7/2016 9:44:10 PM,Service Control Manager,7036,None,The Software Protection service entered the stopped state.
Information,12/7/2016 9:43:40 PM,Service Control Manager,7036,None,The Software Protection service entered the running state.
Information,12/7/2016 9:27:00 PM,Service Control Manager,7036,None,The WinHTTP Web Proxy Auto-Discovery Service service entered the stopped state.
Information,12/7/2016 9:14:10 PM,Service Control Manager,7036,None,The Software Protection service entered the stopped state.
Information,12/7/2016 9:13:40 PM,Service Control Manager,7036,None,The Software Protection service entered the running state.
Information,12/7/2016 9:00:00 PM,Service Control Manager,7036,None,The DNS Client service entered the running state.
Information,12/7/2016 9:00:00 PM,Service Control Manager,7036,None,The WinHTTP Web Proxy Auto-Discovery Service service entered the running state.
Information,12/7/2016 8:59:37 PM,Service Control Manager,7036,None,The DNS Client service entered the stopped state.
Information,12/7/2016 8:47:04 PM,Service Control Manager,7036,None,The WinHTTP Web Proxy Auto-Discovery Service service entered the stopped state.
Information,12/7/2016 8:44:10 PM,Service Control Manager,7036,None,The Software Protection service entered the stopped state.
Information,12/7/2016 8:43:40 PM,Service Control Manager,7036,None,The Software Protection service entered the running state.
Information,12/7/2016 8:21:05 PM,Service Control Manager,7036,None,The Windows Update service entered the stopped state.
Error,12/7/2016 8:19:25 PM,Schannel,36888,None,A fatal alert was generated and sent to the remote endpoint. This may result in termination of the connection. The TLS protocol defined fatal error code is 10. The Windows SChannel error state is 1203.
Error,12/7/2016 8:19:25 PM,Schannel,36888,None,A fatal alert was generated and sent to the remote endpoint. This may result in termination of the connection. The TLS protocol defined fatal error code is 10. The Windows SChannel error state is 1203.
Information,12/7/2016 8:14:10 PM,Service Control Manager,7036,None,The Software Protection service entered the stopped state.
Information,12/7/2016 8:13:39 PM,Service Control Manager,7036,None,The Software Protection service entered the running state.
Information,12/7/2016 8:11:04 PM,Service Control Manager,7036,None,The WinHTTP Web Proxy Auto-Discovery Service service entered the running state.
Information,12/7/2016 8:11:04 PM,Service Control Manager,7036,None,The Windows Update service entered the running state.
Information,12/7/2016 7:59:37 PM,Service Control Manager,7036,None,The DNS Client service entered the running state.
Information,12/7/2016 7:59:21 PM,Service Control Manager,7036,None,The DNS Client service entered the stopped state.
Information,12/7/2016 7:47:41 PM,Service Control Manager,7036,None,The WinHTTP Web Proxy Auto-Discovery Service service entered the stopped state.
Information,12/7/2016 7:44:10 PM,Service Control Manager,7036,None,The Software Protection service entered the stopped state.
Information,12/7/2016 7:43:39 PM,Service Control Manager,7036,None,The Software Protection service entered the running state.
Information,12/7/2016 7:20:40 PM,Service Control Manager,7036,None,The Google Update Service (gupdate) service entered the stopped state.
Information,12/7/2016 7:20:40 PM,Service Control Manager,7036,None,The WinHTTP Web Proxy Auto-Discovery Service service entered the running state.
Information,12/7/2016 7:20:40 PM,Service Control Manager,7036,None,The Google Update Service (gupdate) service entered the running state.
Information,12/7/2016 7:14:09 PM,Service Control Manager,7036,None,The Software Protection service entered the stopped state.
Information,12/7/2016 7:13:39 PM,Service Control Manager,7036,None,The Software Protection service entered the running state.
Information,12/7/2016 7:04:25 PM,Service Control Manager,7036,None,The WinHTTP Web Proxy Auto-Discovery Service service entered the stopped state.
Information,12/7/2016 6:47:28 PM,Service Control Manager,7036,None,The Windows Update service entered the stopped state.
Information,12/7/2016 6:44:10 PM,Service Control Manager,7036,None,The Software Protection service entered the stopped state.
Information,12/7/2016 6:43:39 PM,Service Control Manager,7036,None,The Software Protection service entered the running state.
Information,12/7/2016 6:37:25 PM,Service Control Manager,7036,None,The WinHTTP Web Proxy Auto-Discovery Service service entered the running state.
Information,12/7/2016 6:37:25 PM,Service Control Manager,7036,None,The Windows Update service entered the running state.
Information,12/7/2016 6:32:00 PM,Service Control Manager,7036,None,The DNS Client service entered the running state.
Information,12/7/2016 6:22:01 PM,Service Control Manager,7036,None,The DNS Client service entered the stopped state.
Information,12/7/2016 6:14:09 PM,Service Control Manager,7036,None,The Software Protection service entered the stopped state.
Information,12/7/2016 6:13:39 PM,Service Control Manager,7036,None,The Software Protection service entered the running state.
Information,12/7/2016 5:44:09 PM,Service Control Manager,7036,None,The Software Protection service entered the stopped state.
Information,12/7/2016 5:43:38 PM,Service Control Manager,7036,None,The Software Protection service entered the running state.
Information,12/7/2016 5:37:41 PM,Service Control Manager,7036,None,The WinHTTP Web Proxy Auto-Discovery Service service entered the stopped state.
Information,12/7/2016 5:19:12 PM,Service Control Manager,7036,None,The Windows Update service entered the stopped state.
Information,12/7/2016 5:14:09 PM,Service Control Manager,7036,None,The Software Protection service entered the stopped state.
Information,12/7/2016 5:13:38 PM,Service Control Manager,7036,None,The Software Protection service entered the running state.
Information,12/7/2016 5:09:11 PM,Service Control Manager,7036,None,The WinHTTP Web Proxy Auto-Discovery Service service entered the running state.
Information,12/7/2016 5:09:11 PM,Service Control Manager,7036,None,The Windows Update service entered the running state.
Information,12/7/2016 4:44:08 PM,Service Control Manager,7036,None,The Software Protection service entered the stopped state.
Information,12/7/2016 4:43:38 PM,Service Control Manager,7036,None,The Software Protection service entered the running state.
Information,12/7/2016 4:34:26 PM,Service Control Manager,7036,None,The WinHTTP Web Proxy Auto-Discovery Service service entered the stopped state.
Information,12/7/2016 4:17:28 PM,Service Control Manager,7036,None,The Windows Update service entered the stopped state.
Information,12/7/2016 4:14:08 PM,Service Control Manager,7036,None,The Software Protection service entered the stopped state.
Information,12/7/2016 4:13:38 PM,Service Control Manager,7036,None,The Software Protection service entered the running state.
Information,12/7/2016 4:07:26 PM,Service Control Manager,7036,None,The WinHTTP Web Proxy Auto-Discovery Service service entered the running state.
Information,12/7/2016 4:07:26 PM,Service Control Manager,7036,None,The Windows Update service entered the running state.
Information,12/7/2016 3:44:08 PM,Service Control Manager,7036,None,The Software Protection service entered the stopped state.
Information,12/7/2016 3:43:38 PM,Service Control Manager,7036,None,The Software Protection service entered the running state.
Information,12/7/2016 3:19:12 PM,Service Control Manager,7036,None,The WinHTTP Web Proxy Auto-Discovery Service service entered the stopped state.
Information,12/7/2016 3:14:08 PM,Service Control Manager,7036,None,The Software Protection service entered the stopped state.
Information,12/7/2016 3:13:38 PM,Service Control Manager,7036,None,The Software Protection service entered the running state.
Information,12/7/2016 3:02:14 PM,Service Control Manager,7036,None,The Windows Update service entered the stopped state.
Information,12/7/2016 2:52:12 PM,Service Control Manager,7036,None,The WinHTTP Web Proxy Auto-Discovery Service service entered the running state.
Information,12/7/2016 2:52:12 PM,Service Control Manager,7036,None,The Windows Update service entered the running state.
Information,12/7/2016 2:44:08 PM,Service Control Manager,7036,None,The Software Protection service entered the stopped state.
Information,12/7/2016 2:43:38 PM,Service Control Manager,7036,None,The Software Protection service entered the running state.
Information,12/7/2016 2:32:00 PM,Service Control Manager,7036,None,The DNS Client service entered the running state.
Information,12/7/2016 2:21:10 PM,Service Control Manager,7036,None,The DNS Client service entered the stopped state.
Information,12/7/2016 2:14:08 PM,Service Control Manager,7036,None,The Software Protection service entered the stopped state.
Information,12/7/2016 2:13:37 PM,Service Control Manager,7036,None,The Software Protection service entered the running state.
Information,12/7/2016 2:01:10 PM,Service Control Manager,7036,None,The DNS Client service entered the running state.
Information,12/7/2016 2:00:22 PM,Service Control Manager,7036,None,The DNS Client service entered the stopped state.
Information,12/7/2016 1:48:23 PM,Service Control Manager,7036,None,The WinHTTP Web Proxy Auto-Discovery Service service entered the stopped state.
Information,12/7/2016 1:44:08 PM,Service Control Manager,7036,None,The Software Protection service entered the stopped state.
Information,12/7/2016 1:43:37 PM,Service Control Manager,7036,None,The Software Protection service entered the running state.
Information,12/7/2016 1:28:53 PM,Service Control Manager,7036,None,The Windows Update service entered the stopped state.
Information,12/7/2016 1:20:58 PM,Service Control Manager,7036,None,The Google Update Service (gupdate) service entered the stopped state.
Information,12/7/2016 1:20:58 PM,Service Control Manager,7036,None,The Google Update Service (gupdate) service entered the running state.
Information,12/7/2016 1:14:07 PM,Service Control Manager,7036,None,The Software Protection service entered the stopped state.
Information,12/7/2016 1:13:37 PM,Service Control Manager,7036,None,The Software Protection service entered the running state.
Information,12/7/2016 1:12:51 PM,Service Control Manager,7036,None,The Windows Modules Installer service entered the stopped state.
Information,12/7/2016 1:11:14 PM,Service Control Manager,7036,None,The Software Protection service entered the stopped state.
Information,12/7/2016 1:10:44 PM,Service Control Manager,7036,None,The Software Protection service entered the running state.
Information,12/7/2016 1:10:43 PM,Service Control Manager,7036,None,The Windows Modules Installer service entered the running state.
Information,12/7/2016 1:09:23 PM,Service Control Manager,7036,None,The WinHTTP Web Proxy Auto-Discovery Service service entered the running state.
Information,12/7/2016 1:09:23 PM,Service Control Manager,7036,None,The Windows Update service entered the running state.
Information,12/7/2016 1:00:22 PM,Service Control Manager,7036,None,The DNS Client service entered the running state.
Information,12/7/2016 1:00:15 PM,Service Control Manager,7036,None,The DNS Client service entered the stopped state.
Information,12/7/2016 12:44:07 PM,Service Control Manager,7036,None,The Software Protection service entered the stopped state.
Information,12/7/2016 12:43:37 PM,Service Control Manager,7036,None,The Software Protection service entered the running state.
Information,12/7/2016 12:39:17 PM,Service Control Manager,7036,None,The WinHTTP Web Proxy Auto-Discovery Service service entered the stopped state.
Information,12/7/2016 12:20:48 PM,Service Control Manager,7036,None,The Windows Update service entered the stopped state.
Information,12/7/2016 12:14:07 PM,Service Control Manager,7036,None,The Software Protection service entered the stopped state.
Information,12/7/2016 12:13:37 PM,Service Control Manager,7036,None,The Software Protection service entered the running state.
Information,12/7/2016 12:10:47 PM,Service Control Manager,7036,None,The WinHTTP Web Proxy Auto-Discovery Service service entered the running state.
Information,12/7/2016 12:10:47 PM,Service Control Manager,7036,None,The Windows Update service entered the running state.
Information,12/7/2016 12:00:00 PM,EventLog,6013,None,The system uptime is 415078 seconds.
Information,12/7/2016 11:44:07 AM,Service Control Manager,7036,None,The Software Protection service entered the stopped state.
Information,12/7/2016 11:43:37 AM,Service Control Manager,7036,None,The Software Protection service entered the running state.
Information,12/7/2016 11:30:15 AM,Service Control Manager,7036,None,The DNS Client service entered the running state.
