Information,12/7/2016 11:28:32 AM,Service Control Manager,7036,None,The DNS Client service entered the stopped state.
Information,12/7/2016 11:14:07 AM,Service Control Manager,7036,None,The Software Protection service entered the stopped state.
Information,12/7/2016 11:13:37 AM,Service Control Manager,7036,None,The Software Protection service entered the running state.
Information,12/7/2016 10:44:47 AM,Service Control Manager,7036,None,The WinHTTP Web Proxy Auto-Discovery Service service entered the stopped state.
Information,12/7/2016 10:44:07 AM,Service Control Manager,7036,None,The Software Protection service entered the stopped state.
Information,12/7/2016 10:43:37 AM,Service Control Manager,7036,None,The Software Protection service entered the running state.
Information,12/7/2016 10:37:49 AM,Service Control Manager,7036,None,The Windows Update service entered the stopped state.
Information,12/7/2016 10:17:47 AM,Service Control Manager,7036,None,The WinHTTP Web Proxy Auto-Discovery Service service entered the running state.
Information,12/7/2016 10:17:47 AM,Service Control Manager,7036,None,The Windows Update service entered the running state.
Information,12/7/2016 10:14:07 AM,Service Control Manager,7036,None,The Software Protection service entered the stopped state.
Information,12/7/2016 10:13:36 AM,Service Control Manager,7036,None,The Software Protection service entered the running state.
Information,12/7/2016 9:44:07 AM,Service Control Manager,7036,None,The Software Protection service entered the stopped state.
Information,12/7/2016 9:43:36 AM,Service Control Manager,7036,None,The Software Protection service entered the running state.
Information,12/7/2016 9:33:55 AM,Service Control Manager,7036,None,The WinHTTP Web Proxy Auto-Discovery Service service entered the stopped state.
Information,12/7/2016 9:16:57 AM,Service Control Manager,7036,None,The Windows Update service entered the stopped state.
Information,12/7/2016 9:14:06 AM,Service Control Manager,7036,None,The Software Protection service entered the stopped state.
Information,12/7/2016 9:13:36 AM,Service Control Manager,7036,None,The Software Protection service entered the running state.
Error,12/7/2016 9:07:01 AM,Schannel,36888,None,A fatal alert was generated and sent to the remote endpoint. This may result in termination of the connection. The TLS protocol defined fatal error code is 10. The Windows SChannel error state is 1203.
Error,12/7/2016 9:07:01 AM,Schannel,36888,None,A fatal alert was generated and sent to the remote endpoint. This may result in termination of the connection. The TLS protocol defined fatal error code is 10. The Windows SChannel error state is 1203.
Information,12/7/2016 9:06:55 AM,Service Control Manager,7036,None,The WinHTTP Web Proxy Auto-Discovery Service service entered the running state.
Information,12/7/2016 9:06:55 AM,Service Control Manager,7036,None,The Windows Update service entered the running state.
Information,12/7/2016 8:44:06 AM,Service Control Manager,7036,None,The Software Protection service entered the stopped state.
Information,12/7/2016 8:43:36 AM,Service Control Manager,7036,None,The Software Protection service entered the running state.
Error,12/7/2016 8:40:23 AM,Schannel,36888,None,A fatal alert was generated and sent to the remote endpoint. This may result in termination of the connection. The TLS protocol defined fatal error code is 10. The Windows SChannel error state is 1203.
Error,12/7/2016 8:40:23 AM,Schannel,36888,None,A fatal alert was generated and sent to the remote endpoint. This may result in termination of the connection. The TLS protocol defined fatal error code is 10. The Windows SChannel error state is 1203.
Information,12/7/2016 8:14:14 AM,Service Control Manager,7036,None,The WinHTTP Web Proxy Auto-Discovery Service service entered the stopped state.
Information,12/7/2016 8:14:06 AM,Service Control Manager,7036,None,The Software Protection service entered the stopped state.
Information,12/7/2016 8:13:36 AM,Service Control Manager,7036,None,The Software Protection service entered the running state.
Information,12/7/2016 7:57:11 AM,Service Control Manager,7036,None,The Windows Update service entered the stopped state.
Information,12/7/2016 7:47:09 AM,Service Control Manager,7036,None,The Windows Update service entered the running state.
Information,12/7/2016 7:44:06 AM,Service Control Manager,7036,None,The Software Protection service entered the stopped state.
Information,12/7/2016 7:43:36 AM,Service Control Manager,7036,None,The Software Protection service entered the running state.
Error,12/7/2016 7:35:19 AM,Schannel,36888,None,A fatal alert was generated and sent to the remote endpoint. This may result in termination of the connection. The TLS protocol defined fatal error code is 10. The Windows SChannel error state is 1203.
Error,12/7/2016 7:35:19 AM,Schannel,36888,None,A fatal alert was generated and sent to the remote endpoint. This may result in termination of the connection. The TLS protocol defined fatal error code is 10. The Windows SChannel error state is 1203.
Information,12/7/2016 7:20:14 AM,Service Control Manager,7036,None,The Google Update Service (gupdate) service entered the stopped state.
Information,12/7/2016 7:20:13 AM,Service Control Manager,7036,None,The WinHTTP Web Proxy Auto-Discovery Service service entered the running state.
Information,12/7/2016 7:20:13 AM,Service Control Manager,7036,None,The Google Update Service (gupdate) service entered the running state.
Information,12/7/2016 7:14:06 AM,Service Control Manager,7036,None,The Software Protection service entered the stopped state.
Information,12/7/2016 7:13:35 AM,Service Control Manager,7036,None,The Software Protection service entered the running state.
Information,12/7/2016 6:56:54 AM,Service Control Manager,7036,None,The WinHTTP Web Proxy Auto-Discovery Service service entered the stopped state.
Information,12/7/2016 6:44:06 AM,Service Control Manager,7036,None,The Software Protection service entered the stopped state.
Information,12/7/2016 6:43:35 AM,Service Control Manager,7036,None,The Software Protection service entered the running state.
Information,12/7/2016 6:39:55 AM,Service Control Manager,7036,None,The Windows Update service entered the stopped state.
Information,12/7/2016 6:29:54 AM,Service Control Manager,7036,None,The WinHTTP Web Proxy Auto-Discovery Service service entered the running state.
Information,12/7/2016 6:29:54 AM,Service Control Manager,7036,None,The Windows Update service entered the running state.
Information,12/7/2016 6:25:25 AM,Service Control Manager,7036,None,The DNS Client service entered the running state.
Information,12/7/2016 6:17:40 AM,Service Control Manager,7036,None,The DNS Client service entered the stopped state.
Information,12/7/2016 6:14:06 AM,Service Control Manager,7036,None,The Software Protection service entered the stopped state.
Information,12/7/2016 6:13:35 AM,Service Control Manager,7036,None,The Software Protection service entered the running state.
Information,12/7/2016 5:44:05 AM,Service Control Manager,7036,None,The Software Protection service entered the stopped state.
Information,12/7/2016 5:43:35 AM,Service Control Manager,7036,None,The Software Protection service entered the running state.
Information,12/7/2016 5:22:55 AM,Service Control Manager,7036,None,The WinHTTP Web Proxy Auto-Discovery Service service entered the stopped state.
Information,12/7/2016 5:14:05 AM,Service Control Manager,7036,None,The Software Protection service entered the stopped state.
Information,12/7/2016 5:13:35 AM,Service Control Manager,7036,None,The Software Protection service entered the running state.
Information,12/7/2016 5:05:57 AM,Service Control Manager,7036,None,The Windows Update service entered the stopped state.
Information,12/7/2016 4:55:55 AM,Service Control Manager,7036,None,The WinHTTP Web Proxy Auto-Discovery Service service entered the running state.
Information,12/7/2016 4:55:55 AM,Service Control Manager,7036,None,The Windows Update service entered the running state.
Information,12/7/2016 4:44:05 AM,Service Control Manager,7036,None,The Software Protection service entered the stopped state.
Information,12/7/2016 4:43:35 AM,Service Control Manager,7036,None,The Software Protection service entered the running state.
Error,12/7/2016 4:43:00 AM,Schannel,36888,None,A fatal alert was generated and sent to the remote endpoint. This may result in termination of the connection. The TLS protocol defined fatal error code is 10. The Windows SChannel error state is 1203.
Error,12/7/2016 4:42:59 AM,Schannel,36888,None,A fatal alert was generated and sent to the remote endpoint. This may result in termination of the connection. The TLS protocol defined fatal error code is 10. The Windows SChannel error state is 1203.
Information,12/7/2016 4:27:40 AM,Service Control Manager,7036,None,The DNS Client service entered the running state.
Information,12/7/2016 4:21:21 AM,Service Control Manager,7036,None,The DNS Client service entered the stopped state.
Information,12/7/2016 4:14:05 AM,Service Control Manager,7036,None,The Software Protection service entered the stopped state.
Information,12/7/2016 4:13:35 AM,Service Control Manager,7036,None,The Software Protection service entered the running state.
Information,12/7/2016 4:04:44 AM,Service Control Manager,7036,None,The WinHTTP Web Proxy Auto-Discovery Service service entered the stopped state.
Information,12/7/2016 3:47:45 AM,Service Control Manager,7036,None,The Windows Update service entered the stopped state.
Information,12/7/2016 3:44:05 AM,Service Control Manager,7036,None,The Software Protection service entered the stopped state.
Information,12/7/2016 3:43:34 AM,Service Control Manager,7036,None,The Software Protection service entered the running state.
Information,12/7/2016 3:37:44 AM,Service Control Manager,7036,None,The WinHTTP Web Proxy Auto-Discovery Service service entered the running state.
Information,12/7/2016 3:37:44 AM,Service Control Manager,7036,None,The Windows Update service entered the running state.
Information,12/7/2016 3:26:45 AM,Service Control Manager,7036,None,The Windows Modules Installer service entered the stopped state.
Information,12/7/2016 3:26:21 AM,Service Control Manager,7036,None,The DNS Client service entered the running state.
Information,12/7/2016 3:24:45 AM,Service Control Manager,7040,None,The start type of the Windows Modules Installer service was changed from auto start to demand start.
Information,12/7/2016 3:17:20 AM,Service Control Manager,7036,None,The DNS Client service entered the stopped state.
Information,12/7/2016 3:14:05 AM,Service Control Manager,7036,None,The Software Protection service entered the stopped state.
Information,12/7/2016 3:13:34 AM,Service Control Manager,7036,None,The Software Protection service entered the running state.
Information,12/7/2016 2:52:12 AM,Service Control Manager,7036,None,The WinHTTP Web Proxy Auto-Discovery Service service entered the stopped state.
Information,12/7/2016 2:44:04 AM,Service Control Manager,7036,None,The Software Protection service entered the stopped state.
Information,12/7/2016 2:43:34 AM,Service Control Manager,7036,None,The Software Protection service entered the running state.
Information,12/7/2016 2:26:45 AM,Service Control Manager,7036,None,The Windows Error Reporting Service service entered the stopped state.
Information,12/7/2016 2:24:45 AM,Service Control Manager,7036,None,The Problem Reports and Solutions Control Panel Support service entered the stopped state.
Information,12/7/2016 2:24:45 AM,Service Control Manager,7040,None,The start type of the Windows Modules Installer service was changed from demand start to auto start.
Information,12/7/2016 2:24:45 AM,Service Control Manager,7036,None,The Problem Reports and Solutions Control Panel Support service entered the running state.
Information,12/7/2016 2:24:45 AM,Service Control Manager,7036,None,The Windows Modules Installer service entered the running state.
Information,12/7/2016 2:24:45 AM,Service Control Manager,7036,None,The Windows Error Reporting Service service entered the running state.
Information,12/7/2016 2:20:53 AM,Service Control Manager,7036,None,The Google Update Service (gupdate) service entered the stopped state.
Information,12/7/2016 2:20:52 AM,Service Control Manager,7036,None,The Google Update Service (gupdate) service entered the running state.
Information,12/7/2016 2:14:04 AM,Service Control Manager,7036,None,The Software Protection service entered the stopped state.
Information,12/7/2016 2:13:34 AM,Service Control Manager,7036,None,The Software Protection service entered the running state.
Information,12/7/2016 2:08:55 AM,Service Control Manager,7036,None,The Windows Update service entered the stopped state.
Information,12/7/2016 1:57:27 AM,Service Control Manager,7036,None,The Windows Update service entered the running state.
Information,12/7/2016 1:48:44 AM,Service Control Manager,7036,None,The Windows Update service entered the stopped state.
Information,12/7/2016 1:44:04 AM,Service Control Manager,7036,None,The Software Protection service entered the stopped state.
Information,12/7/2016 1:43:34 AM,Service Control Manager,7036,None,The Software Protection service entered the running state.
Information,12/7/2016 1:38:42 AM,Service Control Manager,7036,None,The WinHTTP Web Proxy Auto-Discovery Service service entered the running state.
Information,12/7/2016 1:38:42 AM,Service Control Manager,7036,None,The Windows Update service entered the running state.
Information,12/7/2016 1:27:19 AM,Service Control Manager,7036,None,The DNS Client service entered the running state.
Information,12/7/2016 1:20:14 AM,Service Control Manager,7036,None,The DNS Client service entered the stopped state.
Information,12/7/2016 1:14:04 AM,Service Control Manager,7036,None,The Software Protection service entered the stopped state.
Information,12/7/2016 1:13:34 AM,Service Control Manager,7036,None,The Software Protection service entered the running state.
Information,12/7/2016 12:44:04 AM,Service Control Manager,7036,None,The Software Protection service entered the stopped state.
Information,12/7/2016 12:43:33 AM,Service Control Manager,7036,None,The Software Protection service entered the running state.
Information,12/7/2016 12:20:20 AM,Service Control Manager,7036,None,The WinHTTP Web Proxy Auto-Discovery Service service entered the stopped state.
Information,12/7/2016 12:14:03 AM,Service Control Manager,7036,None,The Software Protection service entered the stopped state.
Information,12/7/2016 12:13:33 AM,Service Control Manager,7036,None,The Software Protection service entered the running state.
Information,12/7/2016 12:03:22 AM,Service Control Manager,7036,None,The Windows Update service entered the stopped state.
Information,12/6/2016 11:53:20 PM,Service Control Manager,7036,None,The WinHTTP Web Proxy Auto-Discovery Service service entered the running state.
Information,12/6/2016 11:53:20 PM,Service Control Manager,7036,None,The Windows Update service entered the running state.
Information,12/6/2016 11:44:03 PM,Service Control Manager,7036,None,The Software Protection service entered the stopped state.
Information,12/6/2016 11:43:33 PM,Service Control Manager,7036,None,The Software Protection service entered the running state.
Information,12/6/2016 11:30:14 PM,Service Control Manager,7036,None,The DNS Client service entered the running state.
Information,12/6/2016 11:22:00 PM,Service Control Manager,7036,None,The DNS Client service entered the stopped state.
Information,12/6/2016 11:14:03 PM,Service Control Manager,7036,None,The Software Protection service entered the stopped state.
Information,12/6/2016 11:13:33 PM,Service Control Manager,7036,None,The Software Protection service entered the running state.
Information,12/6/2016 10:44:03 PM,Service Control Manager,7036,None,The Software Protection service entered the stopped state.
Information,12/6/2016 10:43:37 PM,Service Control Manager,7036,None,The WinHTTP Web Proxy Auto-Discovery Service service entered the stopped state.
Information,12/6/2016 10:43:33 PM,Service Control Manager,7036,None,The Software Protection service entered the running state.
Information,12/6/2016 10:26:39 PM,Service Control Manager,7036,None,The Windows Update service entered the stopped state.
Information,12/6/2016 10:16:37 PM,Service Control Manager,7036,None,The WinHTTP Web Proxy Auto-Discovery Service service entered the running state.
Information,12/6/2016 10:16:37 PM,Service Control Manager,7036,None,The Windows Update service entered the running state.
Information,12/6/2016 10:14:03 PM,Service Control Manager,7036,None,The Software Protection service entered the stopped state.
Information,12/6/2016 10:13:33 PM,Service Control Manager,7036,None,The Software Protection service entered the running state.
Information,12/6/2016 9:48:42 PM,Service Control Manager,7036,None,The WinHTTP Web Proxy Auto-Discovery Service service entered the stopped state.
Information,12/6/2016 9:44:03 PM,Service Control Manager,7036,None,The Software Protection service entered the stopped state.
Information,12/6/2016 9:43:32 PM,Service Control Manager,7036,None,The Software Protection service entered the running state.
Information,12/6/2016 9:21:13 PM,Service Control Manager,7036,None,The Windows Update service entered the stopped state.
Information,12/6/2016 9:20:18 PM,Service Control Manager,7036,None,The Google Update Service (gupdate) service entered the stopped state.
Information,12/6/2016 9:20:18 PM,Service Control Manager,7036,None,The Google Update Service (gupdate) service entered the running state.
Information,12/6/2016 9:14:03 PM,Service Control Manager,7036,None,The Software Protection service entered the stopped state.
Information,12/6/2016 9:13:32 PM,Service Control Manager,7036,None,The Software Protection service entered the running state.
Information,12/6/2016 9:11:12 PM,Service Control Manager,7036,None,The WinHTTP Web Proxy Auto-Discovery Service service entered the running state.
Information,12/6/2016 9:11:12 PM,Service Control Manager,7036,None,The Windows Update service entered the running state.
Information,12/6/2016 9:02:00 PM,Service Control Manager,7036,None,The DNS Client service entered the running state.
Information,12/6/2016 9:00:01 PM,Service Control Manager,7036,None,The DNS Client service entered the stopped state.
Information,12/6/2016 8:47:00 PM,Service Control Manager,7036,None,The WinHTTP Web Proxy Auto-Discovery Service service entered the stopped state.
Information,12/6/2016 8:44:02 PM,Service Control Manager,7036,None,The Software Protection service entered the stopped state.
Information,12/6/2016 8:43:32 PM,Service Control Manager,7036,None,The Software Protection service entered the running state.
Information,12/6/2016 8:20:00 PM,Service Control Manager,7036,None,The WinHTTP Web Proxy Auto-Discovery Service service entered the running state.
Information,12/6/2016 8:14:02 PM,Service Control Manager,7036,None,The Software Protection service entered the stopped state.
Information,12/6/2016 8:13:32 PM,Service Control Manager,7036,None,The Software Protection service entered the running state.
Information,12/6/2016 8:09:53 PM,Service Control Manager,7036,None,The WinHTTP Web Proxy Auto-Discovery Service service entered the stopped state.
Information,12/6/2016 7:52:27 PM,Service Control Manager,7036,None,The Windows Update service entered the stopped state.
Information,12/6/2016 7:44:02 PM,Service Control Manager,7036,None,The Software Protection service entered the stopped state.
Information,12/6/2016 7:43:32 PM,Service Control Manager,7036,None,The Software Protection service entered the running state.
Information,12/6/2016 7:36:25 PM,Service Control Manager,7036,None,The Windows Modules Installer service entered the stopped state.
Information,12/6/2016 7:34:48 PM,Service Control Manager,7036,None,The Software Protection service entered the stopped state.
Information,12/6/2016 7:34:17 PM,Service Control Manager,7036,None,The Software Protection service entered the running state.
Information,12/6/2016 7:34:16 PM,Service Control Manager,7036,None,The Windows Modules Installer service entered the running state.
Information,12/6/2016 7:32:23 PM,Service Control Manager,7036,None,The WinHTTP Web Proxy Auto-Discovery Service service entered the running state.
Information,12/6/2016 7:32:23 PM,Service Control Manager,7036,None,The Windows Update service entered the running state.
Information,12/6/2016 7:32:00 PM,Service Control Manager,7036,None,The DNS Client service entered the running state.
Information,12/6/2016 7:27:01 PM,Service Control Manager,7036,None,The DNS Client service entered the stopped state.
Information,12/6/2016 7:15:40 PM,Service Control Manager,7036,None,The WinHTTP Web Proxy Auto-Discovery Service service entered the stopped state.
Information,12/6/2016 7:14:02 PM,Service Control Manager,7036,None,The Software Protection service entered the stopped state.
Information,12/6/2016 7:13:32 PM,Service Control Manager,7036,None,The Software Protection service entered the running state.
Information,12/6/2016 6:58:41 PM,Service Control Manager,7036,None,The Windows Update service entered the stopped state.
Information,12/6/2016 6:48:40 PM,Service Control Manager,7036,None,The WinHTTP Web Proxy Auto-Discovery Service service entered the running state.
Information,12/6/2016 6:48:40 PM,Service Control Manager,7036,None,The Windows Update service entered the running state.
Information,12/6/2016 6:44:02 PM,Service Control Manager,7036,None,The Software Protection service entered the stopped state.
Information,12/6/2016 6:43:32 PM,Service Control Manager,7036,None,The Software Protection service entered the running state.
Information,12/6/2016 6:14:02 PM,Service Control Manager,7036,None,The Software Protection service entered the stopped state.
Information,12/6/2016 6:13:31 PM,Service Control Manager,7036,None,The Software Protection service entered the running state.
Error,12/6/2016 5:50:58 PM,Schannel,36888,None,A fatal alert was generated and sent to the remote endpoint. This may result in termination of the connection. The TLS protocol defined fatal error code is 10. The Windows SChannel error state is 1203.
Error,12/6/2016 5:50:58 PM,Schannel,36888,None,A fatal alert was generated and sent to the remote endpoint. This may result in termination of the connection. The TLS protocol defined fatal error code is 10. The Windows SChannel error state is 1203.
Information,12/6/2016 5:44:02 PM,Service Control Manager,7036,None,The Software Protection service entered the stopped state.
Information,12/6/2016 5:43:31 PM,Service Control Manager,7036,None,The Software Protection service entered the running state.
Information,12/6/2016 5:28:38 PM,Service Control Manager,7036,None,The WinHTTP Web Proxy Auto-Discovery Service service entered the stopped state.
Information,12/6/2016 5:14:01 PM,Service Control Manager,7036,None,The Software Protection service entered the stopped state.
Information,12/6/2016 5:13:31 PM,Service Control Manager,7036,None,The Software Protection service entered the running state.
Information,12/6/2016 5:11:40 PM,Service Control Manager,7036,None,The Windows Update service entered the stopped state.
Information,12/6/2016 5:01:38 PM,Service Control Manager,7036,None,The WinHTTP Web Proxy Auto-Discovery Service service entered the running state.
Information,12/6/2016 5:01:38 PM,Service Control Manager,7036,None,The Windows Update service entered the running state.
Information,12/6/2016 4:47:31 PM,Service Control Manager,7036,None,The WinHTTP Web Proxy Auto-Discovery Service service entered the stopped state.
Information,12/6/2016 4:44:01 PM,Service Control Manager,7036,None,The Software Protection service entered the stopped state.
Information,12/6/2016 4:43:31 PM,Service Control Manager,7036,None,The Software Protection service entered the running state.
Information,12/6/2016 4:20:31 PM,Service Control Manager,7036,None,The Google Update Service (gupdate) service entered the stopped state.
Information,12/6/2016 4:20:31 PM,Service Control Manager,7036,None,The WinHTTP Web Proxy Auto-Discovery Service service entered the running state.
Information,12/6/2016 4:20:31 PM,Service Control Manager,7036,None,The Google Update Service (gupdate) service entered the running state.
Information,12/6/2016 4:14:01 PM,Service Control Manager,7036,None,The Software Protection service entered the stopped state.
Information,12/6/2016 4:13:31 PM,Service Control Manager,7036,None,The Software Protection service entered the running state.
Information,12/6/2016 3:48:06 PM,Service Control Manager,7036,None,The WinHTTP Web Proxy Auto-Discovery Service service entered the stopped state.
Information,12/6/2016 3:44:01 PM,Service Control Manager,7036,None,The Software Protection service entered the stopped state.
Information,12/6/2016 3:43:31 PM,Service Control Manager,7036,None,The Software Protection service entered the running state.
Information,12/6/2016 3:31:08 PM,Service Control Manager,7036,None,The Windows Update service entered the stopped state.
Information,12/6/2016 3:21:06 PM,Service Control Manager,7036,None,The WinHTTP Web Proxy Auto-Discovery Service service entered the running state.
Information,12/6/2016 3:21:06 PM,Service Control Manager,7036,None,The Windows Update service entered the running state.
Information,12/6/2016 3:14:01 PM,Service Control Manager,7036,None,The Software Protection service entered the stopped state.
Information,12/6/2016 3:13:31 PM,Service Control Manager,7036,None,The Software Protection service entered the running state.
Information,12/6/2016 2:44:01 PM,Service Control Manager,7036,None,The Software Protection service entered the stopped state.
Information,12/6/2016 2:43:30 PM,Service Control Manager,7036,None,The Software Protection service entered the running state.
Information,12/6/2016 2:32:00 PM,Service Control Manager,7036,None,The DNS Client service entered the running state.
Information,12/6/2016 2:21:42 PM,Service Control Manager,7036,None,The DNS Client service entered the stopped state.
Error,12/6/2016 2:19:13 PM,Schannel,36888,None,A fatal alert was generated and sent to the remote endpoint. This may result in termination of the connection. The TLS protocol defined fatal error code is 10. The Windows SChannel error state is 1203.
Error,12/6/2016 2:19:13 PM,Schannel,36888,None,A fatal alert was generated and sent to the remote endpoint. This may result in termination of the connection. The TLS protocol defined fatal error code is 10. The Windows SChannel error state is 1203.
Information,12/6/2016 2:14:01 PM,Service Control Manager,7036,None,The Software Protection service entered the stopped state.
Information,12/6/2016 2:13:30 PM,Service Control Manager,7036,None,The Software Protection service entered the running state.
Information,12/6/2016 1:58:42 PM,Service Control Manager,7036,None,The WinHTTP Web Proxy Auto-Discovery Service service entered the stopped state.
Information,12/6/2016 1:44:00 PM,Service Control Manager,7036,None,The Software Protection service entered the stopped state.
Information,12/6/2016 1:43:30 PM,Service Control Manager,7036,None,The Software Protection service entered the running state.
Information,12/6/2016 1:41:43 PM,Service Control Manager,7036,None,The Windows Update service entered the stopped state.
Information,12/6/2016 1:31:42 PM,Service Control Manager,7036,None,The DNS Client service entered the running state.
Information,12/6/2016 1:31:42 PM,Service Control Manager,7036,None,The WinHTTP Web Proxy Auto-Discovery Service service entered the running state.
Information,12/6/2016 1:31:42 PM,Service Control Manager,7036,None,The Windows Update service entered the running state.
Information,12/6/2016 1:24:06 PM,Service Control Manager,7036,None,The DNS Client service entered the stopped state.
Information,12/6/2016 1:14:00 PM,Service Control Manager,7036,None,The Software Protection service entered the stopped state.
Information,12/6/2016 1:13:30 PM,Service Control Manager,7036,None,The Software Protection service entered the running state.
Information,12/6/2016 12:51:06 PM,Service Control Manager,7036,None,The WinHTTP Web Proxy Auto-Discovery Service service entered the stopped state.
Information,12/6/2016 12:44:00 PM,Service Control Manager,7036,None,The Software Protection service entered the stopped state.
Information,12/6/2016 12:43:30 PM,Service Control Manager,7036,None,The Software Protection service entered the running state.
Information,12/6/2016 12:34:08 PM,Service Control Manager,7036,None,The Windows Update service entered the stopped state.
Information,12/6/2016 12:24:06 PM,Service Control Manager,7036,None,The DNS Client service entered the running state.
Information,12/6/2016 12:24:06 PM,Service Control Manager,7036,None,The WinHTTP Web Proxy Auto-Discovery Service service entered the running state.
Information,12/6/2016 12:24:06 PM,Service Control Manager,7036,None,The Windows Update service entered the running state.
Information,12/6/2016 12:23:59 PM,Service Control Manager,7036,None,The DNS Client service entered the stopped state.
Information,12/6/2016 12:14:00 PM,Service Control Manager,7036,None,The Software Protection service entered the stopped state.
Information,12/6/2016 12:13:30 PM,Service Control Manager,7036,None,The Software Protection service entered the running state.
Information,12/6/2016 12:00:00 PM,EventLog,6013,None,The system uptime is 328678 seconds.
Information,12/6/2016 11:47:51 AM,Service Control Manager,7036,None,The WinHTTP Web Proxy Auto-Discovery Service service entered the stopped state.
Information,12/6/2016 11:44:00 AM,Service Control Manager,7036,None,The Software Protection service entered the stopped state.
Information,12/6/2016 11:43:29 AM,Service Control Manager,7036,None,The Software Protection service entered the running state.
Information,12/6/2016 11:24:53 AM,Service Control Manager,7036,None,The Windows Update service entered the stopped state.
Information,12/6/2016 11:20:06 AM,Service Control Manager,7036,None,The Google Update Service (gupdate) service entered the stopped state.
Information,12/6/2016 11:20:05 AM,Service Control Manager,7036,None,The Google Update Service (gupdate) service entered the running state.
Information,12/6/2016 11:14:51 AM,Service Control Manager,7036,None,The WinHTTP Web Proxy Auto-Discovery Service service entered the running state.
Information,12/6/2016 11:14:51 AM,Service Control Manager,7036,None,The Windows Update service entered the running state.
Information,12/6/2016 11:14:00 AM,Service Control Manager,7036,None,The Software Protection service entered the stopped state.
Information,12/6/2016 11:13:29 AM,Service Control Manager,7036,None,The Software Protection service entered the running state.
Information,12/6/2016 10:44:44 AM,Service Control Manager,7036,None,The WinHTTP Web Proxy Auto-Discovery Service service entered the stopped state.
Information,12/6/2016 10:44:00 AM,Service Control Manager,7036,None,The Software Protection service entered the stopped state.
Information,12/6/2016 10:43:29 AM,Service Control Manager,7036,None,The Software Protection service entered the running state.
Information,12/6/2016 10:36:16 AM,Service Control Manager,7036,None,The Windows Update service entered the stopped state.
Information,12/6/2016 10:16:14 AM,Service Control Manager,7036,None,The WinHTTP Web Proxy Auto-Discovery Service service entered the running state.
Information,12/6/2016 10:16:14 AM,Service Control Manager,7036,None,The Windows Update service entered the running state.
Information,12/6/2016 10:13:59 AM,Service Control Manager,7036,None,The Software Protection service entered the stopped state.
Information,12/6/2016 10:13:29 AM,Service Control Manager,7036,None,The Software Protection service entered the running state.
Error,12/6/2016 10:04:00 AM,Schannel,36888,None,A fatal alert was generated and sent to the remote endpoint. This may result in termination of the connection. The TLS protocol defined fatal error code is 10. The Windows SChannel error state is 1203.
Error,12/6/2016 10:04:00 AM,Schannel,36888,None,A fatal alert was generated and sent to the remote endpoint. This may result in termination of the connection. The TLS protocol defined fatal error code is 10. The Windows SChannel error state is 1203.
Information,12/6/2016 9:43:59 AM,Service Control Manager,7036,None,The Software Protection service entered the stopped state.
Information,12/6/2016 9:43:29 AM,Service Control Manager,7036,None,The Software Protection service entered the running state.
Information,12/6/2016 9:13:59 AM,Service Control Manager,7036,None,The Software Protection service entered the stopped state.
Information,12/6/2016 9:13:29 AM,Service Control Manager,7036,None,The Software Protection service entered the running state.
Information,12/6/2016 8:52:55 AM,Service Control Manager,7036,None,The WinHTTP Web Proxy Auto-Discovery Service service entered the stopped state.
Information,12/6/2016 8:43:59 AM,Service Control Manager,7036,None,The Software Protection service entered the stopped state.
Information,12/6/2016 8:43:29 AM,Service Control Manager,7036,None,The Software Protection service entered the running state.
Information,12/6/2016 8:35:56 AM,Service Control Manager,7036,None,The Windows Update service entered the stopped state.
Information,12/6/2016 8:25:55 AM,Service Control Manager,7036,None,The WinHTTP Web Proxy Auto-Discovery Service service entered the running state.
Information,12/6/2016 8:25:55 AM,Service Control Manager,7036,None,The Windows Update service entered the running state.
Information,12/6/2016 8:13:59 AM,Service Control Manager,7036,None,The Software Protection service entered the stopped state.
Information,12/6/2016 8:13:28 AM,Service Control Manager,7036,None,The Software Protection service entered the running state.
Information,12/6/2016 7:43:59 AM,Service Control Manager,7036,None,The Software Protection service entered the stopped state.
Information,12/6/2016 7:43:28 AM,Service Control Manager,7036,None,The Software Protection service entered the running state.
Error,12/6/2016 7:38:35 AM,Schannel,36888,None,A fatal alert was generated and sent to the remote endpoint. This may result in termination of the connection. The TLS protocol defined fatal error code is 40. The Windows SChannel error state is 1205.
Error,12/6/2016 7:38:35 AM,Schannel,36874,None,"An TLS 1.2 connection request was received from a remote client application, but none of the cipher suites supported by the client application are supported by the server. The SSL connection request has failed."
Information,12/6/2016 7:30:00 AM,Service Control Manager,7036,None,The WinHTTP Web Proxy Auto-Discovery Service service entered the stopped state.
Information,12/6/2016 7:13:58 AM,Service Control Manager,7036,None,The Software Protection service entered the stopped state.
Information,12/6/2016 7:13:28 AM,Service Control Manager,7036,None,The Software Protection service entered the running state.
Information,12/6/2016 7:11:46 AM,Service Control Manager,7036,None,The Windows Update service entered the stopped state.
Information,12/6/2016 7:01:44 AM,Service Control Manager,7036,None,The Windows Update service entered the running state.
Information,12/6/2016 7:00:00 AM,Service Control Manager,7036,None,The WinHTTP Web Proxy Auto-Discovery Service service entered the running state.
Information,12/6/2016 6:53:20 AM,Service Control Manager,7036,None,The Windows Modules Installer service entered the stopped state.
Information,12/6/2016 6:51:20 AM,Service Control Manager,7040,None,The start type of the Windows Modules Installer service was changed from auto start to demand start.
Information,12/6/2016 6:47:26 AM,Service Control Manager,7036,None,The WinHTTP Web Proxy Auto-Discovery Service service entered the stopped state.
Information,12/6/2016 6:43:58 AM,Service Control Manager,7036,None,The Software Protection service entered the stopped state.
Information,12/6/2016 6:43:28 AM,Service Control Manager,7036,None,The Software Protection service entered the running state.
Information,12/6/2016 6:20:26 AM,Service Control Manager,7036,None,The Google Update Service (gupdate) service entered the stopped state.
Information,12/6/2016 6:20:26 AM,Service Control Manager,7036,None,The WinHTTP Web Proxy Auto-Discovery Service service entered the running state.
Information,12/6/2016 6:20:25 AM,Service Control Manager,7036,None,The Google Update Service (gupdate) service entered the running state.
Information,12/6/2016 6:18:20 AM,Service Control Manager,7036,None,The WinHTTP Web Proxy Auto-Discovery Service service entered the stopped state.
Information,12/6/2016 6:13:58 AM,Service Control Manager,7036,None,The Software Protection service entered the stopped state.
Information,12/6/2016 6:13:28 AM,Service Control Manager,7036,None,The Software Protection service entered the running state.
Information,12/6/2016 5:53:20 AM,Service Control Manager,7036,None,The Windows Error Reporting Service service entered the stopped state.
Information,12/6/2016 5:51:20 AM,Service Control Manager,7040,None,The start type of the Windows Modules Installer service was changed from demand start to auto start.
Information,12/6/2016 5:51:20 AM,Service Control Manager,7036,None,The WinHTTP Web Proxy Auto-Discovery Service service entered the running state.
Information,12/6/2016 5:51:20 AM,Service Control Manager,7036,None,The Windows Modules Installer service entered the running state.
Information,12/6/2016 5:51:20 AM,Service Control Manager,7036,None,The Windows Error Reporting Service service entered the running state.
Information,12/6/2016 5:43:58 AM,Service Control Manager,7036,None,The Software Protection service entered the stopped state.
Information,12/6/2016 5:43:28 AM,Service Control Manager,7036,None,The Software Protection service entered the running state.
Information,12/6/2016 5:39:39 AM,Service Control Manager,7036,None,The WinHTTP Web Proxy Auto-Discovery Service service entered the stopped state.
Information,12/6/2016 5:22:40 AM,Service Control Manager,7036,None,The Windows Update service entered the stopped state.
Information,12/6/2016 5:13:58 AM,Service Control Manager,7036,None,The Software Protection service entered the stopped state.
Information,12/6/2016 5:13:28 AM,Service Control Manager,7036,None,The Software Protection service entered the running state.
Information,12/6/2016 5:12:39 AM,Service Control Manager,7036,None,The WinHTTP Web Proxy Auto-Discovery Service service entered the running state.
Information,12/6/2016 5:12:39 AM,Service Control Manager,7036,None,The Windows Update service entered the running state.
Information,12/6/2016 4:43:58 AM,Service Control Manager,7036,None,The Software Protection service entered the stopped state.
Information,12/6/2016 4:43:27 AM,Service Control Manager,7036,None,The Software Protection service entered the running state.
Information,12/6/2016 4:19:25 AM,Service Control Manager,7036,None,The WinHTTP Web Proxy Auto-Discovery Service service entered the stopped state.
Information,12/6/2016 4:13:58 AM,Service Control Manager,7036,None,The Software Protection service entered the stopped state.
Information,12/6/2016 4:13:27 AM,Service Control Manager,7036,None,The Software Protection service entered the running state.
Information,12/6/2016 4:02:26 AM,Service Control Manager,7036,None,The Windows Update service entered the stopped state.
Information,12/6/2016 3:52:25 AM,Service Control Manager,7036,None,The WinHTTP Web Proxy Auto-Discovery Service service entered the running state.
Information,12/6/2016 3:52:25 AM,Service Control Manager,7036,None,The Windows Update service entered the running state.
Information,12/6/2016 3:43:57 AM,Service Control Manager,7036,None,The Software Protection service entered the stopped state.
Information,12/6/2016 3:43:27 AM,Service Control Manager,7036,None,The Software Protection service entered the running state.
Information,12/6/2016 3:20:15 AM,Service Control Manager,7036,None,The WinHTTP Web Proxy Auto-Discovery Service service entered the stopped state.
Information,12/6/2016 3:13:57 AM,Service Control Manager,7036,None,The Software Protection service entered the stopped state.
Information,12/6/2016 3:13:27 AM,Service Control Manager,7036,None,The Software Protection service entered the running state.
Information,12/6/2016 3:03:17 AM,Service Control Manager,7036,None,The Windows Update service entered the stopped state.
Information,12/6/2016 2:53:15 AM,Service Control Manager,7036,None,The WinHTTP Web Proxy Auto-Discovery Service service entered the running state.
Information,12/6/2016 2:53:15 AM,Service Control Manager,7036,None,The Windows Update service entered the running state.
Information,12/6/2016 2:43:57 AM,Service Control Manager,7036,None,The Software Protection service entered the stopped state.
Information,12/6/2016 2:43:27 AM,Service Control Manager,7036,None,The Software Protection service entered the running state.
Information,12/6/2016 2:22:01 AM,Service Control Manager,7036,None,The WinHTTP Web Proxy Auto-Discovery Service service entered the stopped state.
Information,12/6/2016 2:13:57 AM,Service Control Manager,7036,None,The Software Protection service entered the stopped state.
Information,12/6/2016 2:13:27 AM,Service Control Manager,7036,None,The Software Protection service entered the running state.
Information,12/6/2016 2:05:03 AM,Service Control Manager,7036,None,The Windows Update service entered the stopped state.
Information,12/6/2016 1:55:01 AM,Service Control Manager,7036,None,The WinHTTP Web Proxy Auto-Discovery Service service entered the running state.
Information,12/6/2016 1:55:01 AM,Service Control Manager,7036,None,The Windows Update service entered the running state.
Information,12/6/2016 1:47:38 AM,Service Control Manager,7036,None,The WinHTTP Web Proxy Auto-Discovery Service service entered the stopped state.
Information,12/6/2016 1:43:57 AM,Service Control Manager,7036,None,The Software Protection service entered the stopped state.
Information,12/6/2016 1:43:26 AM,Service Control Manager,7036,None,The Software Protection service entered the running state.
Information,12/6/2016 1:20:38 AM,Service Control Manager,7036,None,The Google Update Service (gupdate) service entered the stopped state.
Information,12/6/2016 1:20:38 AM,Service Control Manager,7036,None,The WinHTTP Web Proxy Auto-Discovery Service service entered the running state.
Information,12/6/2016 1:20:38 AM,Service Control Manager,7036,None,The Google Update Service (gupdate) service entered the running state.
Information,12/6/2016 1:13:57 AM,Service Control Manager,7036,None,The Software Protection service entered the stopped state.
Information,12/6/2016 1:13:26 AM,Service Control Manager,7036,None,The Software Protection service entered the running state.
Information,12/6/2016 12:43:56 AM,Service Control Manager,7036,None,The Software Protection service entered the stopped state.
Information,12/6/2016 12:43:26 AM,Service Control Manager,7036,None,The Software Protection service entered the running state.
Information,12/6/2016 12:32:30 AM,Service Control Manager,7036,None,The WinHTTP Web Proxy Auto-Discovery Service service entered the stopped state.
Information,12/6/2016 12:15:32 AM,Service Control Manager,7036,None,The Windows Update service entered the stopped state.
Information,12/6/2016 12:13:56 AM,Service Control Manager,7036,None,The Software Protection service entered the stopped state.
Information,12/6/2016 12:13:26 AM,Service Control Manager,7036,None,The Software Protection service entered the running state.
Information,12/6/2016 12:05:30 AM,Service Control Manager,7036,None,The WinHTTP Web Proxy Auto-Discovery Service service entered the running state.
Information,12/6/2016 12:05:30 AM,Service Control Manager,7036,None,The Windows Update service entered the running state.
Information,12/5/2016 11:43:56 PM,Service Control Manager,7036,None,The Software Protection service entered the stopped state.
Information,12/5/2016 11:43:26 PM,Service Control Manager,7036,None,The Software Protection service entered the running state.
Information,12/5/2016 11:32:00 PM,Service Control Manager,7036,None,The DNS Client service entered the running state.
Information,12/5/2016 11:30:44 PM,Service Control Manager,7036,None,The DNS Client service entered the stopped state.
Information,12/5/2016 11:19:53 PM,Service Control Manager,7036,None,The WinHTTP Web Proxy Auto-Discovery Service service entered the stopped state.
Information,12/5/2016 11:13:56 PM,Service Control Manager,7036,None,The Software Protection service entered the stopped state.
Information,12/5/2016 11:13:26 PM,Service Control Manager,7036,None,The Software Protection service entered the running state.
Information,12/5/2016 11:02:11 PM,Service Control Manager,7036,None,The Windows Update service entered the stopped state.
Information,12/5/2016 10:46:09 PM,Service Control Manager,7036,None,The Windows Modules Installer service entered the stopped state.
Information,12/5/2016 10:44:32 PM,Service Control Manager,7036,None,The Software Protection service entered the stopped state.
Information,12/5/2016 10:44:02 PM,Service Control Manager,7036,None,The Software Protection service entered the running state.
Information,12/5/2016 10:44:01 PM,Service Control Manager,7036,None,The Windows Modules Installer service entered the running state.
Information,12/5/2016 10:43:56 PM,Service Control Manager,7036,None,The Software Protection service entered the stopped state.
Information,12/5/2016 10:43:25 PM,Service Control Manager,7036,None,The Software Protection service entered the running state.
Information,12/5/2016 10:42:23 PM,Service Control Manager,7036,None,The WinHTTP Web Proxy Auto-Discovery Service service entered the running state.
Information,12/5/2016 10:42:23 PM,Service Control Manager,7036,None,The Windows Update service entered the running state.
Information,12/5/2016 10:40:07 PM,Service Control Manager,7036,None,The WinHTTP Web Proxy Auto-Discovery Service service entered the stopped state.
Information,12/5/2016 10:23:09 PM,Service Control Manager,7036,None,The Windows Update service entered the stopped state.
Information,12/5/2016 10:13:56 PM,Service Control Manager,7036,None,The Software Protection service entered the stopped state.
Information,12/5/2016 10:13:25 PM,Service Control Manager,7036,None,The Software Protection service entered the running state.
Information,12/5/2016 10:13:07 PM,Service Control Manager,7036,None,The WinHTTP Web Proxy Auto-Discovery Service service entered the running state.
Information,12/5/2016 10:13:07 PM,Service Control Manager,7036,None,The Windows Update service entered the running state.
Error,12/5/2016 9:45:02 PM,Schannel,36888,None,A fatal alert was generated and sent to the remote endpoint. This may result in termination of the connection. The TLS protocol defined fatal error code is 10. The Windows SChannel error state is 1203.
Error,12/5/2016 9:45:02 PM,Schannel,36888,None,A fatal alert was generated and sent to the remote endpoint. This may result in termination of the connection. The TLS protocol defined fatal error code is 10. The Windows SChannel error state is 1203.
Information,12/5/2016 9:43:55 PM,Service Control Manager,7036,None,The Software Protection service entered the stopped state.
Information,12/5/2016 9:43:25 PM,Service Control Manager,7036,None,The Software Protection service entered the running state.
Information,12/5/2016 9:22:33 PM,Service Control Manager,7036,None,The WinHTTP Web Proxy Auto-Discovery Service service entered the stopped state.
Information,12/5/2016 9:13:55 PM,Service Control Manager,7036,None,The Software Protection service entered the stopped state.
Information,12/5/2016 9:13:25 PM,Service Control Manager,7036,None,The Software Protection service entered the running state.
Information,12/5/2016 9:05:35 PM,Service Control Manager,7036,None,The Windows Update service entered the stopped state.
Information,12/5/2016 8:55:33 PM,Service Control Manager,7036,None,The WinHTTP Web Proxy Auto-Discovery Service service entered the running state.
Information,12/5/2016 8:55:33 PM,Service Control Manager,7036,None,The Windows Update service entered the running state.
Information,12/5/2016 8:48:30 PM,Service Control Manager,7036,None,The WinHTTP Web Proxy Auto-Discovery Service service entered the stopped state.
Information,12/5/2016 8:43:55 PM,Service Control Manager,7036,None,The Software Protection service entered the stopped state.
Information,12/5/2016 8:43:25 PM,Service Control Manager,7036,None,The Software Protection service entered the running state.
Information,12/5/2016 8:20:53 PM,Service Control Manager,7036,None,The Google Update Service (gupdate) service entered the stopped state.
Information,12/5/2016 8:20:53 PM,Service Control Manager,7036,None,The Google Update Service (gupdate) service entered the running state.
Information,12/5/2016 8:20:00 PM,Service Control Manager,7036,None,The WinHTTP Web Proxy Auto-Discovery Service service entered the running state.
Information,12/5/2016 8:13:55 PM,Service Control Manager,7036,None,The Software Protection service entered the stopped state.
Information,12/5/2016 8:13:25 PM,Service Control Manager,7036,None,The Software Protection service entered the running state.
Information,12/5/2016 8:00:59 PM,Service Control Manager,7036,None,The WinHTTP Web Proxy Auto-Discovery Service service entered the stopped state.
Information,12/5/2016 7:44:00 PM,Service Control Manager,7036,None,The Windows Update service entered the stopped state.
Information,12/5/2016 7:43:55 PM,Service Control Manager,7036,None,The Software Protection service entered the stopped state.
