Information,12/9/2016 5:29:04 PM,Service Control Manager,7036,None,The Windows Update service entered the stopped state.
Information,12/9/2016 5:22:37 PM,Service Control Manager,7036,None,The Software Protection service entered the stopped state.
Information,12/9/2016 5:22:07 PM,Service Control Manager,7036,None,The Software Protection service entered the running state.
Information,12/9/2016 5:19:02 PM,Service Control Manager,7036,None,The DNS Client service entered the running state.
Information,12/9/2016 5:19:02 PM,Service Control Manager,7036,None,The WinHTTP Web Proxy Auto-Discovery Service service entered the running state.
Information,12/9/2016 5:19:02 PM,Service Control Manager,7036,None,The Windows Update service entered the running state.
Error,12/9/2016 5:11:13 PM,Schannel,36888,None,A fatal alert was generated and sent to the remote endpoint. This may result in termination of the connection. The TLS protocol defined fatal error code is 10. The Windows SChannel error state is 1203.
Error,12/9/2016 5:11:13 PM,Schannel,36888,None,A fatal alert was generated and sent to the remote endpoint. This may result in termination of the connection. The TLS protocol defined fatal error code is 10. The Windows SChannel error state is 1203.
Information,12/9/2016 4:59:46 PM,Service Control Manager,7036,None,The DNS Client service entered the stopped state.
Information,12/9/2016 4:52:37 PM,Service Control Manager,7036,None,The Software Protection service entered the stopped state.
Information,12/9/2016 4:52:06 PM,Service Control Manager,7036,None,The Software Protection service entered the running state.
Information,12/9/2016 4:48:16 PM,Service Control Manager,7036,None,The WinHTTP Web Proxy Auto-Discovery Service service entered the stopped state.
Error,12/9/2016 4:38:24 PM,Schannel,36888,None,A fatal alert was generated and sent to the remote endpoint. This may result in termination of the connection. The TLS protocol defined fatal error code is 10. The Windows SChannel error state is 1203.
Error,12/9/2016 4:38:24 PM,Schannel,36888,None,A fatal alert was generated and sent to the remote endpoint. This may result in termination of the connection. The TLS protocol defined fatal error code is 10. The Windows SChannel error state is 1203.
Information,12/9/2016 4:29:48 PM,Service Control Manager,7036,None,The Windows Update service entered the stopped state.
Information,12/9/2016 4:22:37 PM,Service Control Manager,7036,None,The Software Protection service entered the stopped state.
Information,12/9/2016 4:22:06 PM,Service Control Manager,7036,None,The Software Protection service entered the running state.
Information,12/9/2016 4:20:01 PM,Service Control Manager,7036,None,The Google Update Service (gupdate) service entered the stopped state.
Information,12/9/2016 4:20:01 PM,Service Control Manager,7036,None,The Google Update Service (gupdate) service entered the running state.
Information,12/9/2016 4:19:46 PM,Service Control Manager,7036,None,The DNS Client service entered the running state.
Information,12/9/2016 4:19:46 PM,Service Control Manager,7036,None,The WinHTTP Web Proxy Auto-Discovery Service service entered the running state.
Information,12/9/2016 4:19:46 PM,Service Control Manager,7036,None,The Windows Update service entered the running state.
Information,12/9/2016 4:03:46 PM,Service Control Manager,7036,None,The DNS Client service entered the stopped state.
Information,12/9/2016 3:52:36 PM,Service Control Manager,7036,None,The Software Protection service entered the stopped state.
Information,12/9/2016 3:52:06 PM,Service Control Manager,7036,None,The Software Protection service entered the running state.
Information,12/9/2016 3:43:46 PM,Service Control Manager,7036,None,The DNS Client service entered the running state.
Error,12/9/2016 3:29:25 PM,Schannel,36888,None,A fatal alert was generated and sent to the remote endpoint. This may result in termination of the connection. The TLS protocol defined fatal error code is 10. The Windows SChannel error state is 1203.
Error,12/9/2016 3:29:25 PM,Schannel,36888,None,A fatal alert was generated and sent to the remote endpoint. This may result in termination of the connection. The TLS protocol defined fatal error code is 10. The Windows SChannel error state is 1203.
Information,12/9/2016 3:22:36 PM,Service Control Manager,7036,None,The Software Protection service entered the stopped state.
Information,12/9/2016 3:22:06 PM,Service Control Manager,7036,None,The Software Protection service entered the running state.
Information,12/9/2016 3:16:09 PM,Service Control Manager,7036,None,The DNS Client service entered the stopped state.
Information,12/9/2016 3:03:09 PM,Service Control Manager,7036,None,The WinHTTP Web Proxy Auto-Discovery Service service entered the stopped state.
Information,12/9/2016 2:52:36 PM,Service Control Manager,7036,None,The Software Protection service entered the stopped state.
Information,12/9/2016 2:52:06 PM,Service Control Manager,7036,None,The Software Protection service entered the running state.
Information,12/9/2016 2:46:11 PM,Service Control Manager,7036,None,The Windows Update service entered the stopped state.
Information,12/9/2016 2:36:09 PM,Service Control Manager,7036,None,The DNS Client service entered the running state.
Information,12/9/2016 2:36:09 PM,Service Control Manager,7036,None,The WinHTTP Web Proxy Auto-Discovery Service service entered the running state.
Information,12/9/2016 2:36:09 PM,Service Control Manager,7036,None,The Windows Update service entered the running state.
Information,12/9/2016 2:22:36 PM,Service Control Manager,7036,None,The Software Protection service entered the stopped state.
Information,12/9/2016 2:22:05 PM,Service Control Manager,7036,None,The Software Protection service entered the running state.
Information,12/9/2016 2:17:52 PM,Service Control Manager,7036,None,The DNS Client service entered the stopped state.
Information,12/9/2016 2:01:17 PM,Service Control Manager,7036,None,The Windows Modules Installer service entered the stopped state.
Information,12/9/2016 2:00:21 PM,Service Control Manager,7036,None,The Smart Card Device Enumeration Service service entered the stopped state.
Information,12/9/2016 2:00:01 PM,Service Control Manager,7036,None,The Software Protection service entered the stopped state.
Information,12/9/2016 1:59:11 PM,Service Control Manager,7036,None,The Smart Card Device Enumeration Service service entered the running state.
Information,12/9/2016 1:52:05 PM,Service Control Manager,7036,None,The Software Protection service entered the running state.
Information,12/9/2016 1:27:17 PM,Service Control Manager,7036,None,The WinHTTP Web Proxy Auto-Discovery Service service entered the stopped state.
Information,12/9/2016 1:22:39 PM,Service Control Manager,7036,None,The Software Protection service entered the stopped state.
Information,12/9/2016 1:22:05 PM,Service Control Manager,7036,None,The Software Protection service entered the running state.
Information,12/9/2016 1:10:23 PM,Service Control Manager,7036,None,The Windows Update service entered the stopped state.
Information,12/9/2016 1:00:17 PM,Service Control Manager,7036,None,The WinHTTP Web Proxy Auto-Discovery Service service entered the running state.
Information,12/9/2016 1:00:17 PM,Service Control Manager,7036,None,The Windows Update service entered the running state.
Information,12/9/2016 12:52:59 PM,Service Control Manager,7036,None,The Software Protection service entered the stopped state.
Information,12/9/2016 12:52:05 PM,Service Control Manager,7036,None,The Software Protection service entered the running state.
Information,12/9/2016 12:23:17 PM,Service Control Manager,7036,None,The Software Protection service entered the stopped state.
Information,12/9/2016 12:22:05 PM,Service Control Manager,7036,None,The Software Protection service entered the running state.
Information,12/9/2016 12:20:14 PM,Microsoft-Windows-Kernel-General,1,None,"The system time has changed to ‎2016‎-‎12‎-‎09T20:20:14.500000000Z from ‎2016‎-‎12‎-‎09T20:06:10.499402300Z.

Change Reason: System time synchronized with the hardware clock."
Information,12/9/2016 12:00:00 PM,EventLog,6013,None,The system uptime is 582831 seconds.
Information,12/9/2016 11:59:26 AM,Service Control Manager,7036,None,The WinHTTP Web Proxy Auto-Discovery Service service entered the stopped state.
Information,12/9/2016 11:41:27 AM,Service Control Manager,7036,None,The Windows Update service entered the stopped state.
Information,12/9/2016 11:38:57 AM,Service Control Manager,7036,None,The Software Protection service entered the stopped state.
Information,12/9/2016 11:38:01 AM,Service Control Manager,7036,None,The Software Protection service entered the running state.
Information,12/9/2016 11:31:22 AM,Service Control Manager,7036,None,The Windows Update service entered the running state.
Information,12/9/2016 11:20:08 AM,Service Control Manager,7036,None,The Google Update Service (gupdate) service entered the stopped state.
Information,12/9/2016 11:20:08 AM,Service Control Manager,7036,None,The Google Update Service (gupdate) service entered the running state.
Information,12/9/2016 11:08:45 AM,Service Control Manager,7036,None,The Software Protection service entered the stopped state.
Information,12/9/2016 11:08:00 AM,Service Control Manager,7036,None,The Software Protection service entered the running state.
Information,12/9/2016 11:06:30 AM,Service Control Manager,7036,None,The Windows Update service entered the stopped state.
Information,12/9/2016 11:06:10 AM,Microsoft-Windows-Kernel-General,1,None,"The system time has changed to ‎2016‎-‎12‎-‎09T19:06:10.500000000Z from ‎2016‎-‎12‎-‎09T18:25:03.513814800Z.

Change Reason: System time synchronized with the hardware clock."
Information,12/9/2016 10:15:13 AM,Service Control Manager,7036,None,The WinHTTP Web Proxy Auto-Discovery Service service entered the running state.
Information,12/9/2016 10:15:12 AM,Service Control Manager,7036,None,The Windows Update service entered the running state.
Information,12/9/2016 10:04:47 AM,Service Control Manager,7040,None,The start type of the Microsoft NDIS Capture service was changed from demand start to system start.
Information,12/9/2016 10:03:57 AM,Service Control Manager,7040,None,The start type of the Microsoft NDIS Capture service was changed from system start to demand start.
Information,12/9/2016 10:03:46 AM,Service Control Manager,7040,None,The start type of the Microsoft NDIS Capture service was changed from demand start to system start.
Information,12/9/2016 10:03:06 AM,Service Control Manager,7040,None,The start type of the Microsoft NDIS Capture service was changed from system start to demand start.
Information,12/9/2016 10:02:55 AM,Service Control Manager,7040,None,The start type of the Microsoft NDIS Capture service was changed from demand start to system start.
Information,12/9/2016 10:02:07 AM,Service Control Manager,7040,None,The start type of the Microsoft NDIS Capture service was changed from system start to demand start.
Information,12/9/2016 10:01:57 AM,Service Control Manager,7040,None,The start type of the Microsoft NDIS Capture service was changed from demand start to system start.
Information,12/9/2016 10:01:02 AM,Service Control Manager,7040,None,The start type of the Microsoft NDIS Capture service was changed from system start to demand start.
Information,12/9/2016 10:00:52 AM,Service Control Manager,7040,None,The start type of the Microsoft NDIS Capture service was changed from demand start to system start.
Information,12/9/2016 10:00:13 AM,Service Control Manager,7040,None,The start type of the Microsoft NDIS Capture service was changed from system start to demand start.
Information,12/9/2016 10:00:02 AM,Service Control Manager,7040,None,The start type of the Microsoft NDIS Capture service was changed from demand start to system start.
Information,12/9/2016 9:59:05 AM,Service Control Manager,7040,None,The start type of the Microsoft NDIS Capture service was changed from system start to demand start.
Information,12/9/2016 9:58:55 AM,Service Control Manager,7040,None,The start type of the Microsoft NDIS Capture service was changed from demand start to system start.
Information,12/9/2016 9:57:56 AM,Service Control Manager,7040,None,The start type of the Microsoft NDIS Capture service was changed from system start to demand start.
Information,12/9/2016 9:57:45 AM,Service Control Manager,7040,None,The start type of the Microsoft NDIS Capture service was changed from demand start to system start.
Information,12/9/2016 9:57:25 AM,Service Control Manager,7036,None,The Software Protection service entered the stopped state.
Information,12/9/2016 9:56:53 AM,Service Control Manager,7036,None,The Software Protection service entered the running state.
Information,12/9/2016 9:56:53 AM,Service Control Manager,7040,None,The start type of the Microsoft NDIS Capture service was changed from system start to demand start.
Information,12/9/2016 9:56:41 AM,Service Control Manager,7040,None,The start type of the Microsoft NDIS Capture service was changed from demand start to system start.
Information,12/9/2016 9:55:25 AM,Service Control Manager,7040,None,The start type of the Microsoft NDIS Capture service was changed from system start to demand start.
Information,12/9/2016 9:55:14 AM,Service Control Manager,7040,None,The start type of the Microsoft NDIS Capture service was changed from demand start to system start.
Information,12/9/2016 9:54:37 AM,Service Control Manager,7040,None,The start type of the Microsoft NDIS Capture service was changed from system start to demand start.
Information,12/9/2016 9:54:25 AM,Service Control Manager,7040,None,The start type of the Microsoft NDIS Capture service was changed from demand start to system start.
Information,12/9/2016 9:53:42 AM,Service Control Manager,7040,None,The start type of the Microsoft NDIS Capture service was changed from system start to demand start.
Information,12/9/2016 9:53:32 AM,Service Control Manager,7040,None,The start type of the Microsoft NDIS Capture service was changed from demand start to system start.
Information,12/9/2016 9:52:42 AM,Service Control Manager,7040,None,The start type of the Microsoft NDIS Capture service was changed from system start to demand start.
Information,12/9/2016 9:52:31 AM,Service Control Manager,7040,None,The start type of the Microsoft NDIS Capture service was changed from demand start to system start.
Information,12/9/2016 9:51:43 AM,Service Control Manager,7040,None,The start type of the Microsoft NDIS Capture service was changed from system start to demand start.
Information,12/9/2016 9:51:30 AM,Service Control Manager,7040,None,The start type of the Microsoft NDIS Capture service was changed from demand start to system start.
Information,12/9/2016 9:50:40 AM,Service Control Manager,7040,None,The start type of the Microsoft NDIS Capture service was changed from system start to demand start.
Information,12/9/2016 9:50:30 AM,Service Control Manager,7040,None,The start type of the Microsoft NDIS Capture service was changed from demand start to system start.
Information,12/9/2016 9:49:45 AM,Service Control Manager,7040,None,The start type of the Microsoft NDIS Capture service was changed from system start to demand start.
Information,12/9/2016 9:49:33 AM,Service Control Manager,7040,None,The start type of the Microsoft NDIS Capture service was changed from demand start to system start.
Information,12/9/2016 9:48:45 AM,Service Control Manager,7040,None,The start type of the Microsoft NDIS Capture service was changed from system start to demand start.
Information,12/9/2016 9:48:34 AM,Service Control Manager,7040,None,The start type of the Microsoft NDIS Capture service was changed from demand start to system start.
Information,12/9/2016 9:47:39 AM,Service Control Manager,7040,None,The start type of the Microsoft NDIS Capture service was changed from system start to demand start.
Information,12/9/2016 9:47:29 AM,Service Control Manager,7040,None,The start type of the Microsoft NDIS Capture service was changed from demand start to system start.
Information,12/9/2016 9:46:46 AM,Service Control Manager,7040,None,The start type of the Microsoft NDIS Capture service was changed from system start to demand start.
Information,12/9/2016 9:46:33 AM,Service Control Manager,7040,None,The start type of the Microsoft NDIS Capture service was changed from demand start to system start.
Information,12/9/2016 9:45:42 AM,Service Control Manager,7040,None,The start type of the Microsoft NDIS Capture service was changed from system start to demand start.
Information,12/9/2016 9:45:31 AM,Service Control Manager,7040,None,The start type of the Microsoft NDIS Capture service was changed from demand start to system start.
Information,12/9/2016 9:44:49 AM,Service Control Manager,7040,None,The start type of the Microsoft NDIS Capture service was changed from system start to demand start.
Information,12/9/2016 9:44:39 AM,Service Control Manager,7040,None,The start type of the Microsoft NDIS Capture service was changed from demand start to system start.
Information,12/9/2016 9:44:33 AM,Service Control Manager,7036,None,The WinHTTP Web Proxy Auto-Discovery Service service entered the stopped state.
Information,12/9/2016 9:43:41 AM,Service Control Manager,7040,None,The start type of the Microsoft NDIS Capture service was changed from system start to demand start.
Information,12/9/2016 9:43:30 AM,Service Control Manager,7040,None,The start type of the Microsoft NDIS Capture service was changed from demand start to system start.
Information,12/9/2016 9:42:33 AM,Service Control Manager,7040,None,The start type of the Microsoft NDIS Capture service was changed from system start to demand start.
Information,12/9/2016 9:42:22 AM,Service Control Manager,7040,None,The start type of the Microsoft NDIS Capture service was changed from demand start to system start.
Information,12/9/2016 9:41:35 AM,Service Control Manager,7040,None,The start type of the Microsoft NDIS Capture service was changed from system start to demand start.
Information,12/9/2016 9:41:25 AM,Service Control Manager,7040,None,The start type of the Microsoft NDIS Capture service was changed from demand start to system start.
Information,12/9/2016 9:40:39 AM,Service Control Manager,7040,None,The start type of the Microsoft NDIS Capture service was changed from system start to demand start.
Information,12/9/2016 9:40:28 AM,Service Control Manager,7040,None,The start type of the Microsoft NDIS Capture service was changed from demand start to system start.
Information,12/9/2016 9:40:03 AM,Service Control Manager,7036,None,The Smart Card Device Enumeration Service service entered the stopped state.
Information,12/9/2016 9:39:39 AM,Service Control Manager,7040,None,The start type of the Microsoft NDIS Capture service was changed from system start to demand start.
Information,12/9/2016 9:39:27 AM,Service Control Manager,7040,None,The start type of the Microsoft NDIS Capture service was changed from demand start to system start.
Information,12/9/2016 9:38:36 AM,Service Control Manager,7040,None,The start type of the Microsoft NDIS Capture service was changed from system start to demand start.
Information,12/9/2016 9:38:25 AM,Service Control Manager,7040,None,The start type of the Microsoft NDIS Capture service was changed from demand start to system start.
Information,12/9/2016 9:37:29 AM,Service Control Manager,7040,None,The start type of the Microsoft NDIS Capture service was changed from system start to demand start.
Information,12/9/2016 9:37:17 AM,Service Control Manager,7040,None,The start type of the Microsoft NDIS Capture service was changed from demand start to system start.
Information,12/9/2016 9:36:34 AM,Service Control Manager,7040,None,The start type of the Microsoft NDIS Capture service was changed from system start to demand start.
Information,12/9/2016 9:36:20 AM,Service Control Manager,7040,None,The start type of the Microsoft NDIS Capture service was changed from demand start to system start.
Information,12/9/2016 9:35:17 AM,Service Control Manager,7040,None,The start type of the Microsoft NDIS Capture service was changed from system start to demand start.
Information,12/9/2016 9:35:02 AM,Service Control Manager,7040,None,The start type of the Microsoft NDIS Capture service was changed from demand start to system start.
Information,12/9/2016 9:34:08 AM,Service Control Manager,7040,None,The start type of the Microsoft NDIS Capture service was changed from system start to demand start.
Information,12/9/2016 9:33:58 AM,Service Control Manager,7040,None,The start type of the Microsoft NDIS Capture service was changed from demand start to system start.
Information,12/9/2016 9:33:16 AM,Service Control Manager,7040,None,The start type of the Microsoft NDIS Capture service was changed from system start to demand start.
Information,12/9/2016 9:33:05 AM,Service Control Manager,7040,None,The start type of the Microsoft NDIS Capture service was changed from demand start to system start.
Information,12/9/2016 9:32:20 AM,Service Control Manager,7040,None,The start type of the Microsoft NDIS Capture service was changed from system start to demand start.
Information,12/9/2016 9:32:09 AM,Service Control Manager,7040,None,The start type of the Microsoft NDIS Capture service was changed from demand start to system start.
Information,12/9/2016 9:31:32 AM,Service Control Manager,7036,None,The Windows Modules Installer service entered the running state.
Information,12/9/2016 9:31:26 AM,Service Control Manager,7040,None,The start type of the Microsoft NDIS Capture service was changed from system start to demand start.
Information,12/9/2016 9:31:12 AM,Service Control Manager,7040,None,The start type of the Microsoft NDIS Capture service was changed from demand start to system start.
Information,12/9/2016 9:30:27 AM,Service Control Manager,7036,None,The Smart Card Device Enumeration Service service entered the running state.
Information,12/9/2016 9:27:30 AM,Service Control Manager,7036,None,The Windows Update service entered the stopped state.
Information,12/9/2016 9:27:23 AM,Service Control Manager,7036,None,The Software Protection service entered the stopped state.
Information,12/9/2016 9:26:53 AM,Service Control Manager,7036,None,The Software Protection service entered the running state.
Information,12/9/2016 9:25:03 AM,Microsoft-Windows-Kernel-General,1,None,"The system time has changed to ‎2016‎-‎12‎-‎09T17:25:03.500000000Z from ‎2016‎-‎12‎-‎09T17:23:26.640147700Z.

Change Reason: System time synchronized with the hardware clock."
Information,12/9/2016 9:15:51 AM,Service Control Manager,7036,None,The DNS Client service entered the running state.
Information,12/9/2016 9:15:51 AM,Service Control Manager,7036,None,The WinHTTP Web Proxy Auto-Discovery Service service entered the running state.
Information,12/9/2016 9:15:51 AM,Service Control Manager,7036,None,The Windows Update service entered the running state.
Information,12/9/2016 9:06:58 AM,Service Control Manager,7036,None,The DNS Client service entered the stopped state.
Information,12/9/2016 8:55:46 AM,Service Control Manager,7036,None,The Software Protection service entered the stopped state.
Information,12/9/2016 8:55:16 AM,Service Control Manager,7036,None,The Software Protection service entered the running state.
Information,12/9/2016 8:46:58 AM,Service Control Manager,7036,None,The DNS Client service entered the running state.
Information,12/9/2016 8:33:39 AM,Service Control Manager,7036,None,The Smart Card Device Enumeration Service service entered the stopped state.
Error,12/9/2016 8:30:12 AM,Schannel,36888,None,A fatal alert was generated and sent to the remote endpoint. This may result in termination of the connection. The TLS protocol defined fatal error code is 10. The Windows SChannel error state is 1203.
Error,12/9/2016 8:30:12 AM,Schannel,36888,None,A fatal alert was generated and sent to the remote endpoint. This may result in termination of the connection. The TLS protocol defined fatal error code is 10. The Windows SChannel error state is 1203.
Information,12/9/2016 8:28:46 AM,Service Control Manager,7036,None,The Smart Card Device Enumeration Service service entered the running state.
Information,12/9/2016 8:25:46 AM,Service Control Manager,7036,None,The Software Protection service entered the stopped state.
Information,12/9/2016 8:25:16 AM,Service Control Manager,7036,None,The Software Protection service entered the running state.
Information,12/9/2016 8:08:43 AM,Service Control Manager,7036,None,The DNS Client service entered the stopped state.
Information,12/9/2016 7:55:46 AM,Service Control Manager,7036,None,The Software Protection service entered the stopped state.
Information,12/9/2016 7:55:43 AM,Service Control Manager,7036,None,The WinHTTP Web Proxy Auto-Discovery Service service entered the stopped state.
Information,12/9/2016 7:55:16 AM,Service Control Manager,7036,None,The Software Protection service entered the running state.
Information,12/9/2016 7:38:44 AM,Service Control Manager,7036,None,The Windows Update service entered the stopped state.
Information,12/9/2016 7:28:43 AM,Service Control Manager,7036,None,The DNS Client service entered the running state.
Information,12/9/2016 7:28:43 AM,Service Control Manager,7036,None,The WinHTTP Web Proxy Auto-Discovery Service service entered the running state.
Information,12/9/2016 7:28:43 AM,Service Control Manager,7036,None,The Windows Update service entered the running state.
Information,12/9/2016 7:25:46 AM,Service Control Manager,7036,None,The Software Protection service entered the stopped state.
Information,12/9/2016 7:25:16 AM,Service Control Manager,7036,None,The Software Protection service entered the running state.
Information,12/9/2016 7:05:44 AM,Service Control Manager,7036,None,The DNS Client service entered the stopped state.
Information,12/9/2016 6:55:46 AM,Service Control Manager,7036,None,The Software Protection service entered the stopped state.
Information,12/9/2016 6:55:16 AM,Service Control Manager,7036,None,The Software Protection service entered the running state.
Information,12/9/2016 6:48:56 AM,Service Control Manager,7036,None,The WinHTTP Web Proxy Auto-Discovery Service service entered the stopped state.
Information,12/9/2016 6:28:58 AM,Service Control Manager,7036,None,The Windows Update service entered the stopped state.
Information,12/9/2016 6:25:46 AM,Service Control Manager,7036,None,The Software Protection service entered the stopped state.
Information,12/9/2016 6:25:15 AM,Service Control Manager,7036,None,The Software Protection service entered the running state.
Information,12/9/2016 6:21:00 AM,Service Control Manager,7036,None,The Google Update Service (gupdate) service entered the stopped state.
Information,12/9/2016 6:20:59 AM,Service Control Manager,7036,None,The Google Update Service (gupdate) service entered the running state.
Information,12/9/2016 6:18:56 AM,Service Control Manager,7036,None,The WinHTTP Web Proxy Auto-Discovery Service service entered the running state.
Information,12/9/2016 6:18:56 AM,Service Control Manager,7036,None,The Windows Update service entered the running state.
Information,12/9/2016 6:03:14 AM,Service Control Manager,7036,None,The WinHTTP Web Proxy Auto-Discovery Service service entered the stopped state.
Information,12/9/2016 5:55:46 AM,Service Control Manager,7036,None,The Software Protection service entered the stopped state.
Information,12/9/2016 5:55:15 AM,Service Control Manager,7036,None,The Software Protection service entered the running state.
Information,12/9/2016 5:41:30 AM,Service Control Manager,7036,None,The Windows Update service entered the stopped state.
Information,12/9/2016 5:38:37 AM,Service Control Manager,7036,None,The Optimize drives service entered the stopped state.
Information,12/9/2016 5:37:32 AM,Service Control Manager,7036,None,The Windows Error Reporting Service service entered the stopped state.
Information,12/9/2016 5:35:32 AM,Service Control Manager,7036,None,The Optimize drives service entered the running state.
Information,12/9/2016 5:35:32 AM,Service Control Manager,7036,None,The Windows Error Reporting Service service entered the running state.
Information,12/9/2016 5:25:45 AM,Service Control Manager,7036,None,The Software Protection service entered the stopped state.
Information,12/9/2016 5:25:28 AM,Service Control Manager,7036,None,The Windows Modules Installer service entered the stopped state.
Information,12/9/2016 5:25:15 AM,Service Control Manager,7036,None,The Software Protection service entered the running state.
Information,12/9/2016 5:23:47 AM,Service Control Manager,7036,None,The Software Protection service entered the stopped state.
Information,12/9/2016 5:23:16 AM,Service Control Manager,7036,None,The Software Protection service entered the running state.
Information,12/9/2016 5:23:15 AM,Service Control Manager,7036,None,The Windows Modules Installer service entered the running state.
Information,12/9/2016 5:10:44 AM,Service Control Manager,7036,None,The DNS Client service entered the running state.
Information,12/9/2016 5:10:44 AM,Service Control Manager,7036,None,The WinHTTP Web Proxy Auto-Discovery Service service entered the running state.
Information,12/9/2016 5:10:44 AM,Service Control Manager,7036,None,The Windows Update service entered the running state.
Information,12/9/2016 5:06:58 AM,Service Control Manager,7036,None,The DNS Client service entered the stopped state.
Information,12/9/2016 4:55:45 AM,Service Control Manager,7036,None,The Software Protection service entered the stopped state.
Information,12/9/2016 4:55:15 AM,Service Control Manager,7036,None,The Software Protection service entered the running state.
Information,12/9/2016 4:46:58 AM,Service Control Manager,7036,None,The DNS Client service entered the running state.
Information,12/9/2016 4:25:45 AM,Service Control Manager,7036,None,The Software Protection service entered the stopped state.
Information,12/9/2016 4:25:15 AM,Service Control Manager,7036,None,The Software Protection service entered the running state.
Information,12/9/2016 4:16:58 AM,Service Control Manager,7036,None,The DNS Client service entered the stopped state.
Information,12/9/2016 4:02:59 AM,Service Control Manager,7036,None,The WinHTTP Web Proxy Auto-Discovery Service service entered the stopped state.
Information,12/9/2016 3:55:45 AM,Service Control Manager,7036,None,The Software Protection service entered the stopped state.
Information,12/9/2016 3:55:15 AM,Service Control Manager,7036,None,The Software Protection service entered the running state.
Information,12/9/2016 3:47:45 AM,Service Control Manager,7036,None,The Windows Update service entered the stopped state.
Information,12/9/2016 3:35:59 AM,Service Control Manager,7036,None,The WinHTTP Web Proxy Auto-Discovery Service service entered the running state.
Information,12/9/2016 3:35:59 AM,Service Control Manager,7036,None,The Windows Update service entered the running state.
Information,12/9/2016 3:27:00 AM,Service Control Manager,7036,None,The WinHTTP Web Proxy Auto-Discovery Service service entered the stopped state.
Information,12/9/2016 3:25:45 AM,Service Control Manager,7036,None,The Software Protection service entered the stopped state.
Information,12/9/2016 3:25:14 AM,Service Control Manager,7036,None,The Software Protection service entered the running state.
Information,12/9/2016 3:10:01 AM,Service Control Manager,7036,None,The Windows Update service entered the stopped state.
Information,12/9/2016 3:00:00 AM,Service Control Manager,7036,None,The WinHTTP Web Proxy Auto-Discovery Service service entered the running state.
Information,12/9/2016 3:00:00 AM,Service Control Manager,7036,None,The Windows Update service entered the running state.
Information,12/9/2016 2:55:45 AM,Service Control Manager,7036,None,The Software Protection service entered the stopped state.
Information,12/9/2016 2:55:14 AM,Service Control Manager,7036,None,The Software Protection service entered the running state.
Information,12/9/2016 2:46:58 AM,Service Control Manager,7036,None,The DNS Client service entered the running state.
Information,12/9/2016 2:25:44 AM,Service Control Manager,7036,None,The Software Protection service entered the stopped state.
Information,12/9/2016 2:25:14 AM,Service Control Manager,7036,None,The Software Protection service entered the running state.
Information,12/9/2016 2:10:12 AM,Service Control Manager,7036,None,The DNS Client service entered the stopped state.
Information,12/9/2016 1:55:44 AM,Service Control Manager,7036,None,The Software Protection service entered the stopped state.
Information,12/9/2016 1:55:14 AM,Service Control Manager,7036,None,The Software Protection service entered the running state.
Information,12/9/2016 1:51:42 AM,Service Control Manager,7036,None,The WinHTTP Web Proxy Auto-Discovery Service service entered the stopped state.
Error,12/9/2016 1:50:38 AM,Schannel,36888,None,A fatal alert was generated and sent to the remote endpoint. This may result in termination of the connection. The TLS protocol defined fatal error code is 10. The Windows SChannel error state is 1203.
Error,12/9/2016 1:50:38 AM,Schannel,36888,None,A fatal alert was generated and sent to the remote endpoint. This may result in termination of the connection. The TLS protocol defined fatal error code is 10. The Windows SChannel error state is 1203.
Information,12/9/2016 1:33:53 AM,Service Control Manager,7036,None,The Windows Update service entered the stopped state.
Information,12/9/2016 1:25:44 AM,Service Control Manager,7036,None,The Software Protection service entered the stopped state.
Information,12/9/2016 1:25:14 AM,Service Control Manager,7036,None,The Software Protection service entered the running state.
Information,12/9/2016 1:23:51 AM,Service Control Manager,7036,None,The Windows Update service entered the running state.
Information,12/9/2016 1:20:12 AM,Service Control Manager,7036,None,The Google Update Service (gupdate) service entered the stopped state.
Information,12/9/2016 1:20:12 AM,Service Control Manager,7036,None,The DNS Client service entered the running state.
Information,12/9/2016 1:20:12 AM,Service Control Manager,7036,None,The WinHTTP Web Proxy Auto-Discovery Service service entered the running state.
Information,12/9/2016 1:20:12 AM,Service Control Manager,7036,None,The Google Update Service (gupdate) service entered the running state.
Information,12/9/2016 1:03:41 AM,Service Control Manager,7036,None,The DNS Client service entered the stopped state.
Information,12/9/2016 12:55:44 AM,Service Control Manager,7036,None,The Software Protection service entered the stopped state.
Information,12/9/2016 12:55:14 AM,Service Control Manager,7036,None,The Software Protection service entered the running state.
Information,12/9/2016 12:37:11 AM,Service Control Manager,7036,None,The WinHTTP Web Proxy Auto-Discovery Service service entered the stopped state.
Information,12/9/2016 12:25:44 AM,Service Control Manager,7036,None,The Software Protection service entered the stopped state.
Information,12/9/2016 12:25:13 AM,Service Control Manager,7036,None,The Software Protection service entered the running state.
Information,12/9/2016 12:18:43 AM,Service Control Manager,7036,None,The Windows Update service entered the stopped state.
Information,12/9/2016 12:08:41 AM,Service Control Manager,7036,None,The DNS Client service entered the running state.
Information,12/9/2016 12:08:41 AM,Service Control Manager,7036,None,The WinHTTP Web Proxy Auto-Discovery Service service entered the running state.
Information,12/9/2016 12:08:41 AM,Service Control Manager,7036,None,The Windows Update service entered the running state.
Information,12/9/2016 12:02:39 AM,Service Control Manager,7036,None,The DNS Client service entered the stopped state.
Information,12/8/2016 11:55:44 PM,Service Control Manager,7036,None,The Software Protection service entered the stopped state.
Information,12/8/2016 11:55:13 PM,Service Control Manager,7036,None,The Software Protection service entered the running state.
Information,12/8/2016 11:40:37 PM,Service Control Manager,7036,None,The Windows Modules Installer service entered the stopped state.
Information,12/8/2016 11:39:51 PM,Service Control Manager,7036,None,The Smart Card Device Enumeration Service service entered the stopped state.
Information,12/8/2016 11:38:36 PM,Service Control Manager,7036,None,The Windows Modules Installer service entered the running state.
Information,12/8/2016 11:38:32 PM,Service Control Manager,7040,None,The start type of the Microsoft NDIS Capture service was changed from system start to demand start.
Information,12/8/2016 11:38:20 PM,Service Control Manager,7040,None,The start type of the Microsoft NDIS Capture service was changed from demand start to system start.
Information,12/8/2016 11:34:57 PM,Service Control Manager,7036,None,The WinHTTP Web Proxy Auto-Discovery Service service entered the stopped state.
Information,12/8/2016 11:25:43 PM,Service Control Manager,7036,None,The Software Protection service entered the stopped state.
Information,12/8/2016 11:25:13 PM,Service Control Manager,7036,None,The Software Protection service entered the running state.
Information,12/8/2016 11:18:26 PM,Service Control Manager,7036,None,The Application Experience service entered the stopped state.
Information,12/8/2016 11:11:53 PM,Service Control Manager,7036,None,The Microsoft Software Shadow Copy Provider service entered the stopped state.
Information,12/8/2016 11:08:53 PM,Service Control Manager,7036,None,The Volume Shadow Copy service entered the stopped state.
Information,12/8/2016 11:07:59 PM,Service Control Manager,7036,None,The Application Experience service entered the running state.
Information,12/8/2016 11:07:57 PM,Service Control Manager,7036,None,The WinHTTP Web Proxy Auto-Discovery Service service entered the running state.
Information,12/8/2016 11:07:39 PM,Service Control Manager,7036,None,The DNS Client service entered the running state.
Information,12/8/2016 11:06:21 PM,Service Control Manager,7036,None,The DNS Client service entered the stopped state.
Information,12/8/2016 11:05:48 PM,Service Control Manager,7036,None,The Microsoft Software Shadow Copy Provider service entered the running state.
Information,12/8/2016 11:05:48 PM,Service Control Manager,7036,None,The Volume Shadow Copy service entered the running state.
Information,12/8/2016 11:01:58 PM,Service Control Manager,7036,None,The Application Experience service entered the stopped state.
Information,12/8/2016 10:55:43 PM,Service Control Manager,7036,None,The Software Protection service entered the stopped state.
Information,12/8/2016 10:55:13 PM,Service Control Manager,7036,None,The Software Protection service entered the running state.
Information,12/8/2016 10:50:23 PM,Service Control Manager,7036,None,The WinHTTP Web Proxy Auto-Discovery Service service entered the stopped state.
Information,12/8/2016 10:47:24 PM,Service Control Manager,7036,None,The Application Experience service entered the running state.
Information,12/8/2016 10:38:35 PM,Service Control Manager,7036,None,The Smart Card Device Enumeration Service service entered the running state.
Information,12/8/2016 10:33:25 PM,Service Control Manager,7036,None,The Windows Update service entered the stopped state.
Information,12/8/2016 10:25:43 PM,Service Control Manager,7036,None,The Software Protection service entered the stopped state.
Information,12/8/2016 10:25:13 PM,Service Control Manager,7036,None,The Software Protection service entered the running state.
Information,12/8/2016 10:23:23 PM,Service Control Manager,7036,None,The WinHTTP Web Proxy Auto-Discovery Service service entered the running state.
Information,12/8/2016 10:23:23 PM,Service Control Manager,7036,None,The Windows Update service entered the running state.
Information,12/8/2016 10:11:21 PM,Service Control Manager,7036,None,The DNS Client service entered the running state.
Information,12/8/2016 10:06:17 PM,Service Control Manager,7036,None,The DNS Client service entered the stopped state.
Information,12/8/2016 9:55:43 PM,Service Control Manager,7036,None,The Software Protection service entered the stopped state.
Information,12/8/2016 9:55:13 PM,Service Control Manager,7036,None,The Software Protection service entered the running state.
Information,12/8/2016 9:38:17 PM,Service Control Manager,7036,None,The WinHTTP Web Proxy Auto-Discovery Service service entered the stopped state.
Information,12/8/2016 9:25:43 PM,Service Control Manager,7036,None,The Software Protection service entered the stopped state.
Information,12/8/2016 9:25:13 PM,Service Control Manager,7036,None,The Software Protection service entered the running state.
Information,12/8/2016 9:21:19 PM,Service Control Manager,7036,None,The Windows Update service entered the stopped state.
Information,12/8/2016 9:11:17 PM,Service Control Manager,7036,None,The DNS Client service entered the running state.
Information,12/8/2016 9:11:17 PM,Service Control Manager,7036,None,The WinHTTP Web Proxy Auto-Discovery Service service entered the running state.
Information,12/8/2016 9:11:17 PM,Service Control Manager,7036,None,The Windows Update service entered the running state.
Information,12/8/2016 9:02:10 PM,Service Control Manager,7036,None,The DNS Client service entered the stopped state.
Information,12/8/2016 8:55:43 PM,Service Control Manager,7036,None,The Software Protection service entered the stopped state.
Information,12/8/2016 8:55:12 PM,Service Control Manager,7036,None,The Software Protection service entered the running state.
Information,12/8/2016 8:47:16 PM,Service Control Manager,7036,None,The WinHTTP Web Proxy Auto-Discovery Service service entered the stopped state.
Information,12/8/2016 8:25:43 PM,Service Control Manager,7036,None,The Software Protection service entered the stopped state.
Information,12/8/2016 8:25:12 PM,Service Control Manager,7036,None,The Software Protection service entered the running state.
Information,12/8/2016 8:20:16 PM,Service Control Manager,7036,None,The Google Update Service (gupdate) service entered the stopped state.
Information,12/8/2016 8:20:16 PM,Service Control Manager,7036,None,The WinHTTP Web Proxy Auto-Discovery Service service entered the running state.
Information,12/8/2016 8:20:16 PM,Service Control Manager,7036,None,The Google Update Service (gupdate) service entered the running state.
Information,12/8/2016 8:12:10 PM,Service Control Manager,7036,None,The DNS Client service entered the running state.
Information,12/8/2016 8:06:27 PM,Service Control Manager,7036,None,The DNS Client service entered the stopped state.
Information,12/8/2016 8:00:57 PM,Service Control Manager,7036,None,The Smart Card Device Enumeration Service service entered the stopped state.
Information,12/8/2016 7:55:42 PM,Service Control Manager,7036,None,The Software Protection service entered the stopped state.
Information,12/8/2016 7:55:12 PM,Service Control Manager,7036,None,The Software Protection service entered the running state.
Information,12/8/2016 7:44:00 PM,Service Control Manager,7036,None,The WinHTTP Web Proxy Auto-Discovery Service service entered the stopped state.
Information,12/8/2016 7:27:02 PM,Service Control Manager,7036,None,The Windows Update service entered the stopped state.
Information,12/8/2016 7:25:42 PM,Service Control Manager,7036,None,The Software Protection service entered the stopped state.
Information,12/8/2016 7:25:12 PM,Service Control Manager,7036,None,The Software Protection service entered the running state.
Information,12/8/2016 7:17:00 PM,Service Control Manager,7036,None,The WinHTTP Web Proxy Auto-Discovery Service service entered the running state.
Information,12/8/2016 7:17:00 PM,Service Control Manager,7036,None,The Windows Update service entered the running state.
Information,12/8/2016 6:55:42 PM,Service Control Manager,7036,None,The Software Protection service entered the stopped state.
Information,12/8/2016 6:55:12 PM,Service Control Manager,7036,None,The Software Protection service entered the running state.
Information,12/8/2016 6:41:27 PM,Service Control Manager,7036,None,The DNS Client service entered the running state.
Information,12/8/2016 6:38:31 PM,Service Control Manager,7036,None,The DNS Client service entered the stopped state.
Information,12/8/2016 6:25:42 PM,Service Control Manager,7036,None,The Software Protection service entered the stopped state.
Information,12/8/2016 6:25:12 PM,Service Control Manager,7036,None,The Software Protection service entered the running state.
Information,12/8/2016 6:21:07 PM,Service Control Manager,7036,None,The Application Experience service entered the stopped state.
Information,12/8/2016 6:20:06 PM,Service Control Manager,7036,None,The WinHTTP Web Proxy Auto-Discovery Service service entered the stopped state.
Information,12/8/2016 6:14:19 PM,Service Control Manager,7036,None,The Windows Modules Installer service entered the stopped state.
Information,12/8/2016 6:12:15 PM,Service Control Manager,7040,None,The start type of the Microsoft NDIS Capture service was changed from system start to demand start.
Information,12/8/2016 6:12:06 PM,Service Control Manager,7040,None,The start type of the Microsoft NDIS Capture service was changed from demand start to system start.
Information,12/8/2016 6:11:52 PM,Service Control Manager,7036,None,The Windows Modules Installer service entered the running state.
Information,12/8/2016 6:11:49 PM,Service Control Manager,7040,None,The start type of the Microsoft NDIS Capture service was changed from system start to demand start.
Information,12/8/2016 6:11:38 PM,Service Control Manager,7040,None,The start type of the Microsoft NDIS Capture service was changed from demand start to system start.
Information,12/8/2016 6:11:07 PM,Service Control Manager,7036,None,The Application Experience service entered the running state.
Information,12/8/2016 6:10:29 PM,Service Control Manager,7040,None,The start type of the Microsoft NDIS Capture service was changed from system start to demand start.
Information,12/8/2016 6:07:58 PM,Service Control Manager,7040,None,The start type of the Microsoft NDIS Capture service was changed from demand start to system start.
Information,12/8/2016 6:07:36 PM,Service Control Manager,7036,None,The Device Setup Manager service entered the stopped state.
Information,12/8/2016 6:05:32 PM,Service Control Manager,7036,None,The Device Setup Manager service entered the running state.
Information,12/8/2016 6:05:31 PM,Service Control Manager,7036,None,The Smart Card Device Enumeration Service service entered the running state.
Information,12/8/2016 6:03:08 PM,Service Control Manager,7036,None,The Windows Update service entered the stopped state.
Information,12/8/2016 5:55:42 PM,Service Control Manager,7036,None,The Software Protection service entered the stopped state.
Information,12/8/2016 5:55:12 PM,Service Control Manager,7036,None,The Software Protection service entered the running state.
Information,12/8/2016 5:53:06 PM,Service Control Manager,7036,None,The WinHTTP Web Proxy Auto-Discovery Service service entered the running state.
Information,12/8/2016 5:53:06 PM,Service Control Manager,7036,None,The Windows Update service entered the running state.
Information,12/8/2016 5:52:04 PM,Service Control Manager,7036,None,The Smart Card Device Enumeration Service service entered the stopped state.
Information,12/8/2016 5:47:45 PM,Service Control Manager,7036,None,The Windows Modules Installer service entered the stopped state.
Information,12/8/2016 5:46:28 PM,Service Control Manager,7036,None,The Software Protection service entered the stopped state.
Information,12/8/2016 5:45:39 PM,Service Control Manager,7040,None,The start type of the Microsoft NDIS Capture service was changed from system start to demand start.
Information,12/8/2016 5:45:29 PM,Service Control Manager,7040,None,The start type of the Microsoft NDIS Capture service was changed from demand start to system start.
Information,12/8/2016 5:45:10 PM,Service Control Manager,7040,None,The start type of the Microsoft NDIS Capture service was changed from system start to demand start.
Information,12/8/2016 5:45:00 PM,Service Control Manager,7040,None,The start type of the Microsoft NDIS Capture service was changed from demand start to system start.
Information,12/8/2016 5:44:42 PM,Service Control Manager,7040,None,The start type of the Microsoft NDIS Capture service was changed from system start to demand start.
Information,12/8/2016 5:44:32 PM,Service Control Manager,7040,None,The start type of the Microsoft NDIS Capture service was changed from demand start to system start.
Information,12/8/2016 5:44:14 PM,Service Control Manager,7040,None,The start type of the Microsoft NDIS Capture service was changed from system start to demand start.
Information,12/8/2016 5:44:04 PM,Service Control Manager,7040,None,The start type of the Microsoft NDIS Capture service was changed from demand start to system start.
Information,12/8/2016 5:43:45 PM,Service Control Manager,7040,None,The start type of the Microsoft NDIS Capture service was changed from system start to demand start.
Information,12/8/2016 5:43:35 PM,Service Control Manager,7040,None,The start type of the Microsoft NDIS Capture service was changed from demand start to system start.
Information,12/8/2016 5:43:15 PM,Service Control Manager,7040,None,The start type of the Microsoft NDIS Capture service was changed from system start to demand start.
Information,12/8/2016 5:43:05 PM,Service Control Manager,7040,None,The start type of the Microsoft NDIS Capture service was changed from demand start to system start.
