Information,11/14/2016 11:09:00 PM,Service Control Manager,7036,None,The Software Protection service entered the running state.
Information,11/14/2016 10:57:33 PM,Service Control Manager,7036,None,The DNS Client service entered the running state.
Information,11/14/2016 10:57:33 PM,Service Control Manager,7036,None,The WinHTTP Web Proxy Auto-Discovery Service service entered the running state.
Information,11/14/2016 10:39:30 PM,Service Control Manager,7036,None,The Software Protection service entered the stopped state.
Information,11/14/2016 10:39:00 PM,Service Control Manager,7036,None,The Software Protection service entered the running state.
Information,11/14/2016 10:36:33 PM,Service Control Manager,7036,None,The DNS Client service entered the stopped state.
Information,11/14/2016 10:23:33 PM,Service Control Manager,7036,None,The WinHTTP Web Proxy Auto-Discovery Service service entered the stopped state.
Information,11/14/2016 10:09:30 PM,Service Control Manager,7036,None,The Software Protection service entered the stopped state.
Information,11/14/2016 10:09:00 PM,Service Control Manager,7036,None,The Software Protection service entered the running state.
Information,11/14/2016 9:56:33 PM,Service Control Manager,7036,None,The DNS Client service entered the running state.
Information,11/14/2016 9:56:33 PM,Service Control Manager,7036,None,The WinHTTP Web Proxy Auto-Discovery Service service entered the running state.
Information,11/14/2016 9:39:30 PM,Service Control Manager,7036,None,The Software Protection service entered the stopped state.
Information,11/14/2016 9:39:00 PM,Service Control Manager,7036,None,The Software Protection service entered the running state.
Information,11/14/2016 9:29:33 PM,Service Control Manager,7036,None,The DNS Client service entered the stopped state.
Information,11/14/2016 9:16:33 PM,Service Control Manager,7036,None,The WinHTTP Web Proxy Auto-Discovery Service service entered the stopped state.
Information,11/14/2016 9:09:30 PM,Service Control Manager,7036,None,The Software Protection service entered the stopped state.
Information,11/14/2016 9:09:00 PM,Service Control Manager,7036,None,The Software Protection service entered the running state.
Information,11/14/2016 8:49:33 PM,Service Control Manager,7036,None,The DNS Client service entered the running state.
Information,11/14/2016 8:49:33 PM,Service Control Manager,7036,None,The WinHTTP Web Proxy Auto-Discovery Service service entered the running state.
Information,11/14/2016 8:39:30 PM,Service Control Manager,7036,None,The Software Protection service entered the stopped state.
Information,11/14/2016 8:39:00 PM,Service Control Manager,7036,None,The Software Protection service entered the running state.
Information,11/14/2016 8:14:32 PM,Service Control Manager,7036,None,The DNS Client service entered the stopped state.
Information,11/14/2016 8:09:30 PM,Service Control Manager,7036,None,The Software Protection service entered the stopped state.
Information,11/14/2016 8:08:59 PM,Service Control Manager,7036,None,The Software Protection service entered the running state.
Information,11/14/2016 8:01:32 PM,Service Control Manager,7036,None,The WinHTTP Web Proxy Auto-Discovery Service service entered the stopped state.
Information,11/14/2016 7:39:30 PM,Service Control Manager,7036,None,The Software Protection service entered the stopped state.
Information,11/14/2016 7:38:59 PM,Service Control Manager,7036,None,The Software Protection service entered the running state.
Information,11/14/2016 7:34:32 PM,Service Control Manager,7036,None,The DNS Client service entered the running state.
Information,11/14/2016 7:34:32 PM,Service Control Manager,7036,None,The WinHTTP Web Proxy Auto-Discovery Service service entered the running state.
Information,11/14/2016 7:09:29 PM,Service Control Manager,7036,None,The Software Protection service entered the stopped state.
Information,11/14/2016 7:08:59 PM,Service Control Manager,7036,None,The Software Protection service entered the running state.
Information,11/14/2016 7:08:05 PM,Service Control Manager,7036,None,The Device Setup Manager service entered the stopped state.
Information,11/14/2016 7:07:14 PM,Service Control Manager,7036,None,The Windows Modules Installer service entered the stopped state.
Information,11/14/2016 7:07:14 PM,Service Control Manager,7036,None,The Windows Error Reporting Service service entered the stopped state.
Information,11/14/2016 7:05:14 PM,Service Control Manager,7036,None,The Device Setup Manager service entered the running state.
Information,11/14/2016 7:05:14 PM,Service Control Manager,7036,None,The Windows Modules Installer service entered the running state.
Information,11/14/2016 7:05:14 PM,Service Control Manager,7036,None,The Windows Error Reporting Service service entered the running state.
Information,11/14/2016 7:03:32 PM,Service Control Manager,7036,None,The DNS Client service entered the stopped state.
Information,11/14/2016 6:50:32 PM,Service Control Manager,7036,None,The WinHTTP Web Proxy Auto-Discovery Service service entered the stopped state.
Information,11/14/2016 6:39:29 PM,Service Control Manager,7036,None,The Software Protection service entered the stopped state.
Information,11/14/2016 6:38:59 PM,Service Control Manager,7036,None,The Software Protection service entered the running state.
Information,11/14/2016 6:23:32 PM,Service Control Manager,7036,None,The DNS Client service entered the running state.
Information,11/14/2016 6:23:32 PM,Service Control Manager,7036,None,The WinHTTP Web Proxy Auto-Discovery Service service entered the running state.
Information,11/14/2016 6:09:29 PM,Service Control Manager,7036,None,The Software Protection service entered the stopped state.
Information,11/14/2016 6:08:59 PM,Service Control Manager,7036,None,The Software Protection service entered the running state.
Information,11/14/2016 5:39:29 PM,Service Control Manager,7036,None,The Software Protection service entered the stopped state.
Information,11/14/2016 5:38:59 PM,Service Control Manager,7036,None,The Software Protection service entered the running state.
Information,11/14/2016 5:23:32 PM,Service Control Manager,7036,None,The DNS Client service entered the stopped state.
Information,11/14/2016 5:10:32 PM,Service Control Manager,7036,None,The WinHTTP Web Proxy Auto-Discovery Service service entered the stopped state.
Information,11/14/2016 5:09:29 PM,Service Control Manager,7036,None,The Software Protection service entered the stopped state.
Information,11/14/2016 5:08:59 PM,Service Control Manager,7036,None,The Software Protection service entered the running state.
Information,11/14/2016 4:43:32 PM,Service Control Manager,7036,None,The DNS Client service entered the running state.
Information,11/14/2016 4:43:32 PM,Service Control Manager,7036,None,The WinHTTP Web Proxy Auto-Discovery Service service entered the running state.
Information,11/14/2016 4:39:29 PM,Service Control Manager,7036,None,The Software Protection service entered the stopped state.
Information,11/14/2016 4:38:58 PM,Service Control Manager,7036,None,The Software Protection service entered the running state.
Information,11/14/2016 4:09:29 PM,Service Control Manager,7036,None,The Software Protection service entered the stopped state.
Information,11/14/2016 4:08:58 PM,Service Control Manager,7036,None,The Software Protection service entered the running state.
Information,11/14/2016 3:39:28 PM,Service Control Manager,7036,None,The Software Protection service entered the stopped state.
Information,11/14/2016 3:38:58 PM,Service Control Manager,7036,None,The Software Protection service entered the running state.
Information,11/14/2016 3:20:01 PM,Service Control Manager,7036,None,The DNS Client service entered the stopped state.
Information,11/14/2016 3:09:28 PM,Service Control Manager,7036,None,The Software Protection service entered the stopped state.
Information,11/14/2016 3:08:58 PM,Service Control Manager,7036,None,The Software Protection service entered the running state.
Information,11/14/2016 3:03:01 PM,Service Control Manager,7036,None,The WinHTTP Web Proxy Auto-Discovery Service service entered the stopped state.
Information,11/14/2016 2:39:28 PM,Service Control Manager,7036,None,The Software Protection service entered the stopped state.
Information,11/14/2016 2:38:58 PM,Service Control Manager,7036,None,The Software Protection service entered the running state.
Information,11/14/2016 2:27:31 PM,Service Control Manager,7036,None,The Windows Modules Installer service entered the stopped state.
Information,11/14/2016 2:25:25 PM,Service Control Manager,7036,None,The Windows Modules Installer service entered the running state.
Information,11/14/2016 2:09:28 PM,Service Control Manager,7036,None,The Software Protection service entered the stopped state.
Information,11/14/2016 2:08:58 PM,Service Control Manager,7036,None,The Software Protection service entered the running state.
Information,11/14/2016 2:00:01 PM,Service Control Manager,7036,None,The DNS Client service entered the running state.
Information,11/14/2016 2:00:01 PM,Service Control Manager,7036,None,The WinHTTP Web Proxy Auto-Discovery Service service entered the running state.
Information,11/14/2016 1:49:07 PM,Service Control Manager,7036,None,The DNS Client service entered the stopped state.
Information,11/14/2016 1:39:28 PM,Service Control Manager,7036,None,The Software Protection service entered the stopped state.
Information,11/14/2016 1:38:58 PM,Service Control Manager,7036,None,The Software Protection service entered the running state.
Information,11/14/2016 1:36:32 PM,Service Control Manager,7036,None,The WinHTTP Web Proxy Auto-Discovery Service service entered the stopped state.
Information,11/14/2016 1:09:31 PM,Service Control Manager,7036,None,The DNS Client service entered the running state.
Information,11/14/2016 1:09:31 PM,Service Control Manager,7036,None,The WinHTTP Web Proxy Auto-Discovery Service service entered the running state.
Information,11/14/2016 1:09:28 PM,Service Control Manager,7036,None,The Software Protection service entered the stopped state.
Information,11/14/2016 1:08:57 PM,Service Control Manager,7036,None,The Software Protection service entered the running state.
Information,11/14/2016 12:39:28 PM,Service Control Manager,7036,None,The Software Protection service entered the stopped state.
Information,11/14/2016 12:38:57 PM,Service Control Manager,7036,None,The Software Protection service entered the running state.
Information,11/14/2016 12:09:27 PM,Service Control Manager,7036,None,The Software Protection service entered the stopped state.
Information,11/14/2016 12:08:57 PM,Service Control Manager,7036,None,The Software Protection service entered the running state.
Information,11/14/2016 11:54:32 AM,Service Control Manager,7036,None,The DNS Client service entered the stopped state.
Information,11/14/2016 11:41:32 AM,Service Control Manager,7036,None,The WinHTTP Web Proxy Auto-Discovery Service service entered the stopped state.
Information,11/14/2016 11:39:27 AM,Service Control Manager,7036,None,The Software Protection service entered the stopped state.
Information,11/14/2016 11:38:57 AM,Service Control Manager,7036,None,The Software Protection service entered the running state.
Information,11/14/2016 11:14:32 AM,Service Control Manager,7036,None,The DNS Client service entered the running state.
Information,11/14/2016 11:14:32 AM,Service Control Manager,7036,None,The WinHTTP Web Proxy Auto-Discovery Service service entered the running state.
Information,11/14/2016 11:09:27 AM,Service Control Manager,7036,None,The Software Protection service entered the stopped state.
Information,11/14/2016 11:08:57 AM,Service Control Manager,7036,None,The Software Protection service entered the running state.
Information,11/14/2016 10:39:27 AM,Service Control Manager,7036,None,The Software Protection service entered the stopped state.
Information,11/14/2016 10:38:57 AM,Service Control Manager,7036,None,The Software Protection service entered the running state.
Information,11/14/2016 10:17:32 AM,Service Control Manager,7036,None,The DNS Client service entered the stopped state.
Information,11/14/2016 10:09:27 AM,Service Control Manager,7036,None,The Software Protection service entered the stopped state.
Information,11/14/2016 10:08:57 AM,Service Control Manager,7036,None,The Software Protection service entered the running state.
Information,11/14/2016 10:04:32 AM,Service Control Manager,7036,None,The WinHTTP Web Proxy Auto-Discovery Service service entered the stopped state.
Information,11/14/2016 9:39:27 AM,Service Control Manager,7036,None,The Software Protection service entered the stopped state.
Information,11/14/2016 9:38:56 AM,Service Control Manager,7036,None,The Software Protection service entered the running state.
Information,11/14/2016 9:37:32 AM,Service Control Manager,7036,None,The DNS Client service entered the running state.
Information,11/14/2016 9:37:32 AM,Service Control Manager,7036,None,The WinHTTP Web Proxy Auto-Discovery Service service entered the running state.
Information,11/14/2016 9:09:27 AM,Service Control Manager,7036,None,The Software Protection service entered the stopped state.
Information,11/14/2016 9:08:56 AM,Service Control Manager,7036,None,The Software Protection service entered the running state.
Information,11/14/2016 8:47:32 AM,Service Control Manager,7036,None,The DNS Client service entered the stopped state.
Information,11/14/2016 8:39:27 AM,Service Control Manager,7036,None,The Software Protection service entered the stopped state.
Information,11/14/2016 8:38:56 AM,Service Control Manager,7036,None,The Software Protection service entered the running state.
Information,11/14/2016 8:36:02 AM,Service Control Manager,7036,None,The WinHTTP Web Proxy Auto-Discovery Service service entered the stopped state.
Information,11/14/2016 8:09:26 AM,Service Control Manager,7036,None,The Software Protection service entered the stopped state.
Information,11/14/2016 8:08:56 AM,Service Control Manager,7036,None,The Software Protection service entered the running state.
Information,11/14/2016 8:07:32 AM,Service Control Manager,7036,None,The DNS Client service entered the running state.
Information,11/14/2016 8:07:32 AM,Service Control Manager,7036,None,The WinHTTP Web Proxy Auto-Discovery Service service entered the running state.
Information,11/14/2016 7:41:32 AM,Service Control Manager,7036,None,The DNS Client service entered the stopped state.
Information,11/14/2016 7:39:26 AM,Service Control Manager,7036,None,The Software Protection service entered the stopped state.
Information,11/14/2016 7:38:56 AM,Service Control Manager,7036,None,The Software Protection service entered the running state.
Information,11/14/2016 7:28:33 AM,Service Control Manager,7036,None,The WinHTTP Web Proxy Auto-Discovery Service service entered the stopped state.
Information,11/14/2016 7:09:26 AM,Service Control Manager,7036,None,The Software Protection service entered the stopped state.
Information,11/14/2016 7:08:56 AM,Service Control Manager,7036,None,The Software Protection service entered the running state.
Information,11/14/2016 7:01:32 AM,Service Control Manager,7036,None,The DNS Client service entered the running state.
Information,11/14/2016 7:01:32 AM,Service Control Manager,7036,None,The WinHTTP Web Proxy Auto-Discovery Service service entered the running state.
Information,11/14/2016 6:39:26 AM,Service Control Manager,7036,None,The Software Protection service entered the stopped state.
Information,11/14/2016 6:38:56 AM,Service Control Manager,7036,None,The Software Protection service entered the running state.
Information,11/14/2016 6:09:26 AM,Service Control Manager,7036,None,The Software Protection service entered the stopped state.
Information,11/14/2016 6:08:55 AM,Service Control Manager,7036,None,The Software Protection service entered the running state.
Information,11/14/2016 5:58:32 AM,Service Control Manager,7036,None,The DNS Client service entered the stopped state.
Information,11/14/2016 5:45:32 AM,Service Control Manager,7036,None,The WinHTTP Web Proxy Auto-Discovery Service service entered the stopped state.
Information,11/14/2016 5:39:26 AM,Service Control Manager,7036,None,The Software Protection service entered the stopped state.
Information,11/14/2016 5:38:55 AM,Service Control Manager,7036,None,The Software Protection service entered the running state.
Information,11/14/2016 5:18:32 AM,Service Control Manager,7036,None,The DNS Client service entered the running state.
Information,11/14/2016 5:18:32 AM,Service Control Manager,7036,None,The WinHTTP Web Proxy Auto-Discovery Service service entered the running state.
Information,11/14/2016 5:11:12 AM,Service Control Manager,7036,None,The Windows Modules Installer service entered the stopped state.
Information,11/14/2016 5:09:25 AM,Service Control Manager,7036,None,The Software Protection service entered the stopped state.
Information,11/14/2016 5:09:12 AM,Service Control Manager,7036,None,The Windows Modules Installer service entered the running state.
Information,11/14/2016 5:08:55 AM,Service Control Manager,7036,None,The Software Protection service entered the running state.
Information,11/14/2016 4:39:25 AM,Service Control Manager,7036,None,The Software Protection service entered the stopped state.
Information,11/14/2016 4:38:55 AM,Service Control Manager,7036,None,The Software Protection service entered the running state.
Information,11/14/2016 4:18:32 AM,Service Control Manager,7036,None,The DNS Client service entered the stopped state.
Information,11/14/2016 4:09:25 AM,Service Control Manager,7036,None,The Software Protection service entered the stopped state.
Information,11/14/2016 4:08:55 AM,Service Control Manager,7036,None,The Software Protection service entered the running state.
Information,11/14/2016 4:05:32 AM,Service Control Manager,7036,None,The WinHTTP Web Proxy Auto-Discovery Service service entered the stopped state.
Information,11/14/2016 4:00:00 AM,EventLog,6013,None,The system uptime is 1508038 seconds.
Information,11/14/2016 3:39:25 AM,Service Control Manager,7036,None,The Software Protection service entered the stopped state.
Information,11/14/2016 3:38:55 AM,Service Control Manager,7036,None,The Software Protection service entered the running state.
Information,11/14/2016 3:38:32 AM,Service Control Manager,7036,None,The DNS Client service entered the running state.
Information,11/14/2016 3:38:32 AM,Service Control Manager,7036,None,The WinHTTP Web Proxy Auto-Discovery Service service entered the running state.
Information,11/14/2016 3:09:25 AM,Service Control Manager,7036,None,The Software Protection service entered the stopped state.
Information,11/14/2016 3:08:55 AM,Service Control Manager,7036,None,The Software Protection service entered the running state.
Information,11/14/2016 3:02:32 AM,Service Control Manager,7036,None,The DNS Client service entered the stopped state.
Information,11/14/2016 2:49:32 AM,Service Control Manager,7036,None,The WinHTTP Web Proxy Auto-Discovery Service service entered the stopped state.
Information,11/14/2016 2:39:25 AM,Service Control Manager,7036,None,The Software Protection service entered the stopped state.
Information,11/14/2016 2:38:54 AM,Service Control Manager,7036,None,The Software Protection service entered the running state.
Information,11/14/2016 2:22:32 AM,Service Control Manager,7036,None,The DNS Client service entered the running state.
Information,11/14/2016 2:22:32 AM,Service Control Manager,7036,None,The WinHTTP Web Proxy Auto-Discovery Service service entered the running state.
Information,11/14/2016 2:09:25 AM,Service Control Manager,7036,None,The Software Protection service entered the stopped state.
Information,11/14/2016 2:08:54 AM,Service Control Manager,7036,None,The Software Protection service entered the running state.
Information,11/14/2016 1:46:32 AM,Service Control Manager,7036,None,The DNS Client service entered the stopped state.
Information,11/14/2016 1:39:25 AM,Service Control Manager,7036,None,The Software Protection service entered the stopped state.
Information,11/14/2016 1:38:54 AM,Service Control Manager,7036,None,The Software Protection service entered the running state.
Information,11/14/2016 1:33:32 AM,Service Control Manager,7036,None,The WinHTTP Web Proxy Auto-Discovery Service service entered the stopped state.
Information,11/14/2016 1:09:24 AM,Service Control Manager,7036,None,The Software Protection service entered the stopped state.
Information,11/14/2016 1:08:54 AM,Service Control Manager,7036,None,The Software Protection service entered the running state.
Information,11/14/2016 1:06:31 AM,Service Control Manager,7036,None,The DNS Client service entered the running state.
Information,11/14/2016 1:06:31 AM,Service Control Manager,7036,None,The WinHTTP Web Proxy Auto-Discovery Service service entered the running state.
Information,11/14/2016 12:39:24 AM,Service Control Manager,7036,None,The Software Protection service entered the stopped state.
Information,11/14/2016 12:38:54 AM,Service Control Manager,7036,None,The Software Protection service entered the running state.
Information,11/14/2016 12:09:24 AM,Service Control Manager,7036,None,The Software Protection service entered the stopped state.
Information,11/14/2016 12:08:54 AM,Service Control Manager,7036,None,The Software Protection service entered the running state.
Information,11/14/2016 12:03:31 AM,Service Control Manager,7036,None,The DNS Client service entered the stopped state.
Information,11/13/2016 11:50:31 PM,Service Control Manager,7036,None,The WinHTTP Web Proxy Auto-Discovery Service service entered the stopped state.
Information,11/13/2016 11:39:24 PM,Service Control Manager,7036,None,The Software Protection service entered the stopped state.
Information,11/13/2016 11:38:54 PM,Service Control Manager,7036,None,The Software Protection service entered the running state.
Information,11/13/2016 11:23:31 PM,Service Control Manager,7036,None,The DNS Client service entered the running state.
Information,11/13/2016 11:23:31 PM,Service Control Manager,7036,None,The WinHTTP Web Proxy Auto-Discovery Service service entered the running state.
Information,11/13/2016 11:09:24 PM,Service Control Manager,7036,None,The Software Protection service entered the stopped state.
Information,11/13/2016 11:08:54 PM,Service Control Manager,7036,None,The Software Protection service entered the running state.
Information,11/13/2016 10:39:24 PM,Service Control Manager,7036,None,The Software Protection service entered the stopped state.
Information,11/13/2016 10:38:53 PM,Service Control Manager,7036,None,The Software Protection service entered the running state.
Information,11/13/2016 10:09:24 PM,Service Control Manager,7036,None,The Software Protection service entered the stopped state.
Information,11/13/2016 10:08:53 PM,Service Control Manager,7036,None,The Software Protection service entered the running state.
Information,11/13/2016 10:05:31 PM,Service Control Manager,7036,None,The DNS Client service entered the stopped state.
Information,11/13/2016 9:52:31 PM,Service Control Manager,7036,None,The WinHTTP Web Proxy Auto-Discovery Service service entered the stopped state.
Information,11/13/2016 9:39:23 PM,Service Control Manager,7036,None,The Software Protection service entered the stopped state.
Information,11/13/2016 9:38:53 PM,Service Control Manager,7036,None,The Software Protection service entered the running state.
Information,11/13/2016 9:25:31 PM,Service Control Manager,7036,None,The DNS Client service entered the running state.
Information,11/13/2016 9:25:31 PM,Service Control Manager,7036,None,The WinHTTP Web Proxy Auto-Discovery Service service entered the running state.
Information,11/13/2016 9:20:52 PM,Service Control Manager,7036,None,The DNS Client service entered the stopped state.
Information,11/13/2016 9:09:23 PM,Service Control Manager,7036,None,The Software Protection service entered the stopped state.
Information,11/13/2016 9:08:53 PM,Service Control Manager,7036,None,The Software Protection service entered the running state.
Information,11/13/2016 9:02:52 PM,Service Control Manager,7036,None,The Windows Modules Installer service entered the stopped state.
Information,11/13/2016 9:02:52 PM,Service Control Manager,7036,None,The Windows Error Reporting Service service entered the stopped state.
Information,11/13/2016 9:01:08 PM,Service Control Manager,7036,None,The Windows Time service entered the stopped state.
Information,11/13/2016 9:01:08 PM,Microsoft-Windows-Kernel-General,1,None,"The system time has changed to ‎2016‎-‎11‎-‎14T05:01:08.825000000Z from ‎2016‎-‎11‎-‎14T05:01:08.826200400Z.

Change Reason: An application or system component changed the time."
Information,11/13/2016 9:01:08 PM,Microsoft-Windows-Time-Service,35,None,"The time service is now synchronizing the system time with the time source time.windows.com,0x9 (ntp.m|0x9|0.0.0.0:123->13.85.70.43:123)."
Information,11/13/2016 9:00:54 PM,Microsoft-Windows-Time-Service,37,None,"The time provider NtpClient is currently receiving valid time data from time.windows.com,0x9 (ntp.m|0x9|0.0.0.0:123->13.85.70.43:123)."
Information,11/13/2016 9:00:53 PM,Service Control Manager,7036,None,The Problem Reports and Solutions Control Panel Support service entered the stopped state.
Information,11/13/2016 9:00:53 PM,Service Control Manager,7036,None,The Problem Reports and Solutions Control Panel Support service entered the running state.
Information,11/13/2016 9:00:52 PM,Service Control Manager,7036,None,The DNS Client service entered the running state.
Information,11/13/2016 9:00:52 PM,Service Control Manager,7036,None,The Windows Time service entered the running state.
Information,11/13/2016 9:00:52 PM,Service Control Manager,7036,None,The Windows Modules Installer service entered the running state.
Information,11/13/2016 9:00:52 PM,Service Control Manager,7036,None,The Windows Error Reporting Service service entered the running state.
Information,11/13/2016 8:39:23 PM,Service Control Manager,7036,None,The Software Protection service entered the stopped state.
Information,11/13/2016 8:38:53 PM,Service Control Manager,7036,None,The Software Protection service entered the running state.
Information,11/13/2016 8:35:01 PM,Service Control Manager,7036,None,The DNS Client service entered the stopped state.
Information,11/13/2016 8:21:01 PM,Service Control Manager,7036,None,The WinHTTP Web Proxy Auto-Discovery Service service entered the stopped state.
Information,11/13/2016 8:09:23 PM,Service Control Manager,7036,None,The Software Protection service entered the stopped state.
Information,11/13/2016 8:08:53 PM,Service Control Manager,7036,None,The Software Protection service entered the running state.
Information,11/13/2016 7:46:32 PM,Service Control Manager,7036,None,The Windows Modules Installer service entered the stopped state.
Information,11/13/2016 7:44:26 PM,Service Control Manager,7036,None,The Windows Modules Installer service entered the running state.
Information,11/13/2016 7:39:23 PM,Service Control Manager,7036,None,The Software Protection service entered the stopped state.
Information,11/13/2016 7:38:53 PM,Service Control Manager,7036,None,The Software Protection service entered the running state.
Information,11/13/2016 7:37:31 PM,Service Control Manager,7036,None,The WinHTTP Web Proxy Auto-Discovery Service service entered the running state.
Information,11/13/2016 7:27:01 PM,Service Control Manager,7036,None,The WinHTTP Web Proxy Auto-Discovery Service service entered the stopped state.
Information,11/13/2016 7:09:23 PM,Service Control Manager,7036,None,The Software Protection service entered the stopped state.
Information,11/13/2016 7:08:52 PM,Service Control Manager,7036,None,The Software Protection service entered the running state.
Information,11/13/2016 7:00:01 PM,Service Control Manager,7036,None,The DNS Client service entered the running state.
Information,11/13/2016 7:00:01 PM,Service Control Manager,7036,None,The WinHTTP Web Proxy Auto-Discovery Service service entered the running state.
Information,11/13/2016 6:39:23 PM,Service Control Manager,7036,None,The Software Protection service entered the stopped state.
Information,11/13/2016 6:38:52 PM,Service Control Manager,7036,None,The Software Protection service entered the running state.
Information,11/13/2016 6:36:31 PM,Service Control Manager,7036,None,The DNS Client service entered the stopped state.
Information,11/13/2016 6:23:31 PM,Service Control Manager,7036,None,The WinHTTP Web Proxy Auto-Discovery Service service entered the stopped state.
Information,11/13/2016 6:09:22 PM,Service Control Manager,7036,None,The Software Protection service entered the stopped state.
Information,11/13/2016 6:08:52 PM,Service Control Manager,7036,None,The Software Protection service entered the running state.
Information,11/13/2016 5:56:30 PM,Service Control Manager,7036,None,The DNS Client service entered the running state.
Information,11/13/2016 5:56:30 PM,Service Control Manager,7036,None,The WinHTTP Web Proxy Auto-Discovery Service service entered the running state.
Information,11/13/2016 5:39:22 PM,Service Control Manager,7036,None,The Software Protection service entered the stopped state.
Information,11/13/2016 5:38:52 PM,Service Control Manager,7036,None,The Software Protection service entered the running state.
Information,11/13/2016 5:09:22 PM,Service Control Manager,7036,None,The Software Protection service entered the stopped state.
Information,11/13/2016 5:08:52 PM,Service Control Manager,7036,None,The Software Protection service entered the running state.
Information,11/13/2016 4:43:30 PM,Service Control Manager,7036,None,The DNS Client service entered the stopped state.
Information,11/13/2016 4:39:22 PM,Service Control Manager,7036,None,The Software Protection service entered the stopped state.
Information,11/13/2016 4:38:52 PM,Service Control Manager,7036,None,The Software Protection service entered the running state.
Information,11/13/2016 4:32:00 PM,Service Control Manager,7036,None,The WinHTTP Web Proxy Auto-Discovery Service service entered the stopped state.
Information,11/13/2016 4:09:22 PM,Service Control Manager,7036,None,The Software Protection service entered the stopped state.
Information,11/13/2016 4:08:52 PM,Service Control Manager,7036,None,The Software Protection service entered the running state.
Information,11/13/2016 4:03:30 PM,Service Control Manager,7036,None,The DNS Client service entered the running state.
Information,11/13/2016 4:03:30 PM,Service Control Manager,7036,None,The WinHTTP Web Proxy Auto-Discovery Service service entered the running state.
Information,11/13/2016 3:39:22 PM,Service Control Manager,7036,None,The Software Protection service entered the stopped state.
Information,11/13/2016 3:38:51 PM,Service Control Manager,7036,None,The Software Protection service entered the running state.
Information,11/13/2016 3:09:22 PM,Service Control Manager,7036,None,The Software Protection service entered the stopped state.
Information,11/13/2016 3:08:51 PM,Service Control Manager,7036,None,The Software Protection service entered the running state.
Information,11/13/2016 2:49:30 PM,Service Control Manager,7036,None,The DNS Client service entered the stopped state.
Information,11/13/2016 2:39:21 PM,Service Control Manager,7036,None,The Software Protection service entered the stopped state.
Information,11/13/2016 2:38:51 PM,Service Control Manager,7036,None,The Software Protection service entered the running state.
Information,11/13/2016 2:36:30 PM,Service Control Manager,7036,None,The WinHTTP Web Proxy Auto-Discovery Service service entered the stopped state.
Information,11/13/2016 2:09:30 PM,Service Control Manager,7036,None,The DNS Client service entered the running state.
Information,11/13/2016 2:09:30 PM,Service Control Manager,7036,None,The WinHTTP Web Proxy Auto-Discovery Service service entered the running state.
Information,11/13/2016 2:09:21 PM,Service Control Manager,7036,None,The Software Protection service entered the stopped state.
Information,11/13/2016 2:08:51 PM,Service Control Manager,7036,None,The Software Protection service entered the running state.
Information,11/13/2016 1:48:30 PM,Service Control Manager,7036,None,The DNS Client service entered the stopped state.
Information,11/13/2016 1:39:21 PM,Service Control Manager,7036,None,The Software Protection service entered the stopped state.
Information,11/13/2016 1:38:51 PM,Service Control Manager,7036,None,The Software Protection service entered the running state.
Information,11/13/2016 1:35:30 PM,Service Control Manager,7036,None,The WinHTTP Web Proxy Auto-Discovery Service service entered the stopped state.
Information,11/13/2016 1:09:21 PM,Service Control Manager,7036,None,The Software Protection service entered the stopped state.
Information,11/13/2016 1:08:51 PM,Service Control Manager,7036,None,The Software Protection service entered the running state.
Information,11/13/2016 1:08:30 PM,Service Control Manager,7036,None,The DNS Client service entered the running state.
Information,11/13/2016 1:08:30 PM,Service Control Manager,7036,None,The WinHTTP Web Proxy Auto-Discovery Service service entered the running state.
Information,11/13/2016 12:39:21 PM,Service Control Manager,7036,None,The Software Protection service entered the stopped state.
Information,11/13/2016 12:38:51 PM,Service Control Manager,7036,None,The Software Protection service entered the running state.
Information,11/13/2016 12:09:21 PM,Service Control Manager,7036,None,The Software Protection service entered the stopped state.
Information,11/13/2016 12:08:50 PM,Service Control Manager,7036,None,The Software Protection service entered the running state.
Information,11/13/2016 11:52:29 AM,Service Control Manager,7036,None,The DNS Client service entered the stopped state.
Information,11/13/2016 11:39:29 AM,Service Control Manager,7036,None,The WinHTTP Web Proxy Auto-Discovery Service service entered the stopped state.
Information,11/13/2016 11:39:21 AM,Service Control Manager,7036,None,The Software Protection service entered the stopped state.
Information,11/13/2016 11:38:50 AM,Service Control Manager,7036,None,The Software Protection service entered the running state.
Information,11/13/2016 11:12:29 AM,Service Control Manager,7036,None,The DNS Client service entered the running state.
Information,11/13/2016 11:12:29 AM,Service Control Manager,7036,None,The WinHTTP Web Proxy Auto-Discovery Service service entered the running state.
Information,11/13/2016 11:09:20 AM,Service Control Manager,7036,None,The Software Protection service entered the stopped state.
Information,11/13/2016 11:08:50 AM,Service Control Manager,7036,None,The Software Protection service entered the running state.
Information,11/13/2016 10:39:20 AM,Service Control Manager,7036,None,The Software Protection service entered the stopped state.
Information,11/13/2016 10:38:50 AM,Service Control Manager,7036,None,The Software Protection service entered the running state.
Information,11/13/2016 10:17:29 AM,Service Control Manager,7036,None,The DNS Client service entered the stopped state.
Information,11/13/2016 10:09:20 AM,Service Control Manager,7036,None,The Software Protection service entered the stopped state.
Information,11/13/2016 10:08:50 AM,Service Control Manager,7036,None,The Software Protection service entered the running state.
Information,11/13/2016 10:04:29 AM,Service Control Manager,7036,None,The WinHTTP Web Proxy Auto-Discovery Service service entered the stopped state.
Information,11/13/2016 9:39:20 AM,Service Control Manager,7036,None,The Software Protection service entered the stopped state.
Information,11/13/2016 9:38:50 AM,Service Control Manager,7036,None,The Software Protection service entered the running state.
Information,11/13/2016 9:37:29 AM,Service Control Manager,7036,None,The DNS Client service entered the running state.
Information,11/13/2016 9:37:29 AM,Service Control Manager,7036,None,The WinHTTP Web Proxy Auto-Discovery Service service entered the running state.
Information,11/13/2016 9:09:20 AM,Service Control Manager,7036,None,The Software Protection service entered the stopped state.
Information,11/13/2016 9:08:50 AM,Service Control Manager,7036,None,The Software Protection service entered the running state.
Information,11/13/2016 8:39:20 AM,Service Control Manager,7036,None,The Software Protection service entered the stopped state.
Information,11/13/2016 8:38:49 AM,Service Control Manager,7036,None,The Software Protection service entered the running state.
Information,11/13/2016 8:33:30 AM,Service Control Manager,7036,None,The DNS Client service entered the stopped state.
Information,11/13/2016 8:20:30 AM,Service Control Manager,7036,None,The WinHTTP Web Proxy Auto-Discovery Service service entered the stopped state.
Information,11/13/2016 8:09:20 AM,Service Control Manager,7036,None,The Software Protection service entered the stopped state.
Information,11/13/2016 8:08:49 AM,Service Control Manager,7036,None,The Software Protection service entered the running state.
Information,11/13/2016 7:53:30 AM,Service Control Manager,7036,None,The DNS Client service entered the running state.
Information,11/13/2016 7:53:30 AM,Service Control Manager,7036,None,The WinHTTP Web Proxy Auto-Discovery Service service entered the running state.
Information,11/13/2016 7:39:19 AM,Service Control Manager,7036,None,The Software Protection service entered the stopped state.
Information,11/13/2016 7:38:49 AM,Service Control Manager,7036,None,The Software Protection service entered the running state.
Information,11/13/2016 7:09:19 AM,Service Control Manager,7036,None,The Software Protection service entered the stopped state.
Information,11/13/2016 7:08:49 AM,Service Control Manager,7036,None,The Software Protection service entered the running state.
Information,11/13/2016 6:40:29 AM,Service Control Manager,7036,None,The DNS Client service entered the stopped state.
Information,11/13/2016 6:39:19 AM,Service Control Manager,7036,None,The Software Protection service entered the stopped state.
Information,11/13/2016 6:38:49 AM,Service Control Manager,7036,None,The Software Protection service entered the running state.
Information,11/13/2016 6:27:29 AM,Service Control Manager,7036,None,The WinHTTP Web Proxy Auto-Discovery Service service entered the stopped state.
Information,11/13/2016 6:09:19 AM,Service Control Manager,7036,None,The Software Protection service entered the stopped state.
Information,11/13/2016 6:08:49 AM,Service Control Manager,7036,None,The Software Protection service entered the running state.
Information,11/13/2016 6:00:29 AM,Service Control Manager,7036,None,The DNS Client service entered the running state.
Information,11/13/2016 6:00:29 AM,Service Control Manager,7036,None,The WinHTTP Web Proxy Auto-Discovery Service service entered the running state.
Information,11/13/2016 5:39:19 AM,Service Control Manager,7036,None,The Software Protection service entered the stopped state.
Information,11/13/2016 5:38:49 AM,Service Control Manager,7036,None,The Software Protection service entered the running state.
Information,11/13/2016 5:36:29 AM,Service Control Manager,7036,None,The DNS Client service entered the stopped state.
Information,11/13/2016 5:23:29 AM,Service Control Manager,7036,None,The WinHTTP Web Proxy Auto-Discovery Service service entered the stopped state.
Information,11/13/2016 5:11:12 AM,Service Control Manager,7036,None,The Windows Modules Installer service entered the stopped state.
Information,11/13/2016 5:09:19 AM,Service Control Manager,7036,None,The Software Protection service entered the stopped state.
Information,11/13/2016 5:09:12 AM,Service Control Manager,7036,None,The Windows Modules Installer service entered the running state.
Information,11/13/2016 5:08:48 AM,Service Control Manager,7036,None,The Software Protection service entered the running state.
Information,11/13/2016 4:56:29 AM,Service Control Manager,7036,None,The DNS Client service entered the running state.
Information,11/13/2016 4:56:29 AM,Service Control Manager,7036,None,The WinHTTP Web Proxy Auto-Discovery Service service entered the running state.
Information,11/13/2016 4:39:19 AM,Service Control Manager,7036,None,The Software Protection service entered the stopped state.
Information,11/13/2016 4:38:48 AM,Service Control Manager,7036,None,The Software Protection service entered the running state.
Information,11/13/2016 4:09:19 AM,Service Control Manager,7036,None,The Software Protection service entered the stopped state.
Information,11/13/2016 4:09:18 AM,Service Control Manager,7036,None,The DNS Client service entered the stopped state.
Information,11/13/2016 4:08:48 AM,Service Control Manager,7036,None,The Software Protection service entered the running state.
Information,11/13/2016 4:00:00 AM,EventLog,6013,None,The system uptime is 1421638 seconds.
Information,11/13/2016 3:51:29 AM,Service Control Manager,7036,None,The WinHTTP Web Proxy Auto-Discovery Service service entered the stopped state.
Information,11/13/2016 3:39:18 AM,Service Control Manager,7036,None,The Software Protection service entered the stopped state.
Information,11/13/2016 3:38:48 AM,Service Control Manager,7036,None,The Software Protection service entered the running state.
Information,11/13/2016 3:24:29 AM,Service Control Manager,7036,None,The DNS Client service entered the running state.
Information,11/13/2016 3:24:29 AM,Service Control Manager,7036,None,The WinHTTP Web Proxy Auto-Discovery Service service entered the running state.
Information,11/13/2016 3:09:18 AM,Service Control Manager,7036,None,The Software Protection service entered the stopped state.
Information,11/13/2016 3:08:48 AM,Service Control Manager,7036,None,The Software Protection service entered the running state.
Information,11/13/2016 2:39:18 AM,Service Control Manager,7036,None,The Software Protection service entered the stopped state.
Information,11/13/2016 2:38:48 AM,Service Control Manager,7036,None,The Software Protection service entered the running state.
Information,11/13/2016 2:09:30 AM,Service Control Manager,7036,None,The DNS Client service entered the stopped state.
Information,11/13/2016 2:09:18 AM,Service Control Manager,7036,None,The Software Protection service entered the stopped state.
Information,11/13/2016 2:08:48 AM,Service Control Manager,7036,None,The Software Protection service entered the running state.
Information,11/13/2016 1:58:00 AM,Service Control Manager,7036,None,The WinHTTP Web Proxy Auto-Discovery Service service entered the stopped state.
Information,11/13/2016 1:39:18 AM,Service Control Manager,7036,None,The Software Protection service entered the stopped state.
Information,11/13/2016 1:38:48 AM,Service Control Manager,7036,None,The Software Protection service entered the running state.
Information,11/13/2016 1:29:30 AM,Service Control Manager,7036,None,The DNS Client service entered the running state.
Information,11/13/2016 1:29:30 AM,Service Control Manager,7036,None,The WinHTTP Web Proxy Auto-Discovery Service service entered the running state.
Information,11/13/2016 1:09:18 AM,Service Control Manager,7036,None,The Software Protection service entered the stopped state.
Information,11/13/2016 1:08:47 AM,Service Control Manager,7036,None,The Software Protection service entered the running state.
Information,11/13/2016 12:44:29 AM,Service Control Manager,7036,None,The DNS Client service entered the stopped state.
Information,11/13/2016 12:39:17 AM,Service Control Manager,7036,None,The Software Protection service entered the stopped state.
Information,11/13/2016 12:38:47 AM,Service Control Manager,7036,None,The Software Protection service entered the running state.
Information,11/13/2016 12:27:30 AM,Service Control Manager,7036,None,The WinHTTP Web Proxy Auto-Discovery Service service entered the stopped state.
Information,11/13/2016 12:09:17 AM,Service Control Manager,7036,None,The Software Protection service entered the stopped state.
Information,11/13/2016 12:08:47 AM,Service Control Manager,7036,None,The Software Protection service entered the running state.
Information,11/12/2016 11:54:29 PM,Service Control Manager,7036,None,The DNS Client service entered the running state.
Information,11/12/2016 11:54:29 PM,Service Control Manager,7036,None,The WinHTTP Web Proxy Auto-Discovery Service service entered the running state.
Information,11/12/2016 11:39:17 PM,Service Control Manager,7036,None,The Software Protection service entered the stopped state.
Information,11/12/2016 11:38:47 PM,Service Control Manager,7036,None,The Software Protection service entered the running state.
Information,11/12/2016 11:09:17 PM,Service Control Manager,7036,None,The Software Protection service entered the stopped state.
Information,11/12/2016 11:08:47 PM,Service Control Manager,7036,None,The Software Protection service entered the running state.
Information,11/12/2016 11:02:12 PM,Service Control Manager,7036,None,The DNS Client service entered the stopped state.
Information,11/12/2016 10:52:56 PM,Service Control Manager,7036,None,The WinHTTP Web Proxy Auto-Discovery Service service entered the stopped state.
Information,11/12/2016 10:39:17 PM,Service Control Manager,7036,None,The Software Protection service entered the stopped state.
Information,11/12/2016 10:38:47 PM,Service Control Manager,7036,None,The Software Protection service entered the running state.
Information,11/12/2016 10:17:33 PM,Service Control Manager,7036,None,The Windows Modules Installer service entered the stopped state.
Information,11/12/2016 10:15:27 PM,Service Control Manager,7036,None,The Windows Modules Installer service entered the running state.
Information,11/12/2016 10:15:26 PM,Service Control Manager,7036,None,The WinHTTP Web Proxy Auto-Discovery Service service entered the running state.
Information,11/12/2016 10:09:17 PM,Service Control Manager,7036,None,The Software Protection service entered the stopped state.
Information,11/12/2016 10:08:47 PM,Service Control Manager,7036,None,The Software Protection service entered the running state.
Information,11/12/2016 9:59:15 PM,Service Control Manager,7036,None,The Windows Modules Installer service entered the stopped state.
Information,11/12/2016 9:59:12 PM,Service Control Manager,7036,None,The Windows Error Reporting Service service entered the stopped state.
Information,11/12/2016 9:57:28 PM,Service Control Manager,7036,None,The Windows Time service entered the stopped state.
Information,11/12/2016 9:57:28 PM,Microsoft-Windows-Kernel-General,1,None,"The system time has changed to ‎2016‎-‎11‎-‎13T05:57:28.874000000Z from ‎2016‎-‎11‎-‎13T05:57:28.875124900Z.

Change Reason: An application or system component changed the time."
Information,11/12/2016 9:57:28 PM,Microsoft-Windows-Time-Service,35,None,"The time service is now synchronizing the system time with the time source time.windows.com,0x9 (ntp.m|0x9|0.0.0.0:123->13.85.70.43:123)."
Information,11/12/2016 9:57:15 PM,Service Control Manager,7036,None,The Windows Modules Installer service entered the running state.
Information,11/12/2016 9:57:14 PM,Microsoft-Windows-Time-Service,37,None,"The time provider NtpClient is currently receiving valid time data from time.windows.com,0x9 (ntp.m|0x9|0.0.0.0:123->13.85.70.43:123)."
Information,11/12/2016 9:57:12 PM,Service Control Manager,7036,None,The Windows Time service entered the running state.
Information,11/12/2016 9:57:12 PM,Service Control Manager,7036,None,The DNS Client service entered the running state.
Information,11/12/2016 9:57:12 PM,Service Control Manager,7036,None,The Windows Error Reporting Service service entered the running state.
Information,11/12/2016 9:39:17 PM,Service Control Manager,7036,None,The Software Protection service entered the stopped state.
Information,11/12/2016 9:38:46 PM,Service Control Manager,7036,None,The Software Protection service entered the running state.
Information,11/12/2016 9:29:30 PM,Service Control Manager,7036,None,The DNS Client service entered the stopped state.
Information,11/12/2016 9:16:30 PM,Service Control Manager,7036,None,The WinHTTP Web Proxy Auto-Discovery Service service entered the stopped state.
Information,11/12/2016 9:09:17 PM,Service Control Manager,7036,None,The Software Protection service entered the stopped state.
Information,11/12/2016 9:08:46 PM,Service Control Manager,7036,None,The Software Protection service entered the running state.
Information,11/12/2016 8:49:30 PM,Service Control Manager,7036,None,The DNS Client service entered the running state.
Information,11/12/2016 8:49:30 PM,Service Control Manager,7036,None,The WinHTTP Web Proxy Auto-Discovery Service service entered the running state.
Information,11/12/2016 8:39:16 PM,Service Control Manager,7036,None,The Software Protection service entered the stopped state.
Information,11/12/2016 8:38:46 PM,Service Control Manager,7036,None,The Software Protection service entered the running state.
Information,11/12/2016 8:09:16 PM,Service Control Manager,7036,None,The Software Protection service entered the stopped state.
Information,11/12/2016 8:08:46 PM,Service Control Manager,7036,None,The Software Protection service entered the running state.
Information,11/12/2016 8:02:30 PM,Service Control Manager,7036,None,The DNS Client service entered the stopped state.
Information,11/12/2016 7:49:30 PM,Service Control Manager,7036,None,The WinHTTP Web Proxy Auto-Discovery Service service entered the stopped state.
Information,11/12/2016 7:39:16 PM,Service Control Manager,7036,None,The Software Protection service entered the stopped state.
