Information,12/1/2016 11:52:34 AM,Service Control Manager,7036,None,The WinHTTP Web Proxy Auto-Discovery Service service entered the running state.
Information,12/1/2016 11:52:34 AM,Service Control Manager,7036,None,The Windows Update service entered the running state.
Information,12/1/2016 11:48:39 AM,Service Control Manager,7036,None,The Software Protection service entered the stopped state.
Information,12/1/2016 11:48:08 AM,Service Control Manager,7036,None,The Software Protection service entered the running state.
Information,12/1/2016 11:43:06 AM,Service Control Manager,7036,None,The DNS Client service entered the stopped state.
Information,12/1/2016 11:27:58 AM,Service Control Manager,7036,None,The Smart Card Device Enumeration Service service entered the stopped state.
Information,12/1/2016 11:26:14 AM,Microsoft-Windows-Time-Service,35,None,"The time service is now synchronizing the system time with the time source time.windows.com,0x9 (ntp.m|0x9|0.0.0.0:123->13.85.70.43:123)."
Information,12/1/2016 11:26:14 AM,Microsoft-Windows-Time-Service,37,None,"The time provider NtpClient is currently receiving valid time data from time.windows.com,0x9 (ntp.m|0x9|0.0.0.0:123->13.85.70.43:123)."
Information,12/1/2016 11:26:14 AM,Service Control Manager,7036,None,The Windows Time service entered the running state.
Information,12/1/2016 11:26:09 AM,Microsoft-Windows-Kernel-General,1,None,"The system time has changed to ‎2016‎-‎12‎-‎01T19:26:09.151042500Z from ‎2016‎-‎12‎-‎01T19:26:09.151042500Z.

Change Reason: System time adjusted to the new time zone."
Information,12/1/2016 11:25:37 AM,Service Control Manager,7036,None,The Smart Card Device Enumeration Service service entered the running state.
Information,12/1/2016 11:19:45 AM,Service Control Manager,7036,None,The Smart Card Device Enumeration Service service entered the stopped state.
Information,12/1/2016 11:18:38 AM,Service Control Manager,7036,None,The Software Protection service entered the stopped state.
Information,12/1/2016 11:18:08 AM,Service Control Manager,7036,None,The Software Protection service entered the running state.
Information,12/1/2016 11:13:08 AM,Service Control Manager,7036,None,The Application Experience service entered the stopped state.
Information,12/1/2016 11:06:21 AM,Service Control Manager,7040,None,The start type of the Background Intelligent Transfer Service service was changed from auto start to demand start.
Information,12/1/2016 11:05:11 AM,Service Control Manager,7036,None,The Device Setup Manager service entered the stopped state.
Information,12/1/2016 11:03:10 AM,Service Control Manager,7036,None,The Smart Card Device Enumeration Service service entered the running state.
Information,12/1/2016 11:03:08 AM,Service Control Manager,7036,None,The Application Experience service entered the running state.
Information,12/1/2016 11:03:05 AM,Service Control Manager,7036,None,The Device Setup Manager service entered the running state.
Information,12/1/2016 10:56:47 AM,Service Control Manager,7036,None,The WinHTTP Web Proxy Auto-Discovery Service service entered the stopped state.
Information,12/1/2016 10:48:38 AM,Service Control Manager,7036,None,The Software Protection service entered the stopped state.
Information,12/1/2016 10:48:08 AM,Service Control Manager,7036,None,The Software Protection service entered the running state.
Information,12/1/2016 10:38:59 AM,Service Control Manager,7036,None,The Windows Update service entered the stopped state.
Information,12/1/2016 10:28:57 AM,Service Control Manager,7036,None,The Windows Update service entered the running state.
Information,12/1/2016 10:18:38 AM,Service Control Manager,7036,None,The Software Protection service entered the stopped state.
Information,12/1/2016 10:18:08 AM,Service Control Manager,7036,None,The Software Protection service entered the running state.
Information,12/1/2016 10:16:22 AM,Service Control Manager,7036,None,The Application Experience service entered the stopped state.
Information,12/1/2016 10:08:04 AM,Service Control Manager,7036,None,The Software Protection service entered the stopped state.
Information,12/1/2016 10:07:33 AM,Service Control Manager,7036,None,The Software Protection service entered the running state.
Information,12/1/2016 10:07:13 AM,Service Control Manager,7036,None,The Windows Update service entered the stopped state.
Information,12/1/2016 10:07:01 AM,Service Control Manager,7036,None,The Windows Installer service entered the stopped state.
Information,12/1/2016 10:02:18 AM,Service Control Manager,7036,None,The Google Update Service (gupdate) service entered the stopped state.
Information,12/1/2016 10:02:17 AM,Service Control Manager,7036,None,The Google Update Service (gupdate) service entered the running state.
Information,12/1/2016 10:02:00 AM,Service Control Manager,7036,None,The Windows Installer service entered the running state.
Information,12/1/2016 9:57:58 AM,Service Control Manager,7036,None,The Windows Error Reporting Service service entered the stopped state.
Information,12/1/2016 9:57:46 AM,Service Control Manager,7036,None,The Google Update Service (gupdate) service entered the stopped state.
Information,12/1/2016 9:57:28 AM,Service Control Manager,7040,None,The start type of the Background Intelligent Transfer Service service was changed from demand start to auto start.
Information,12/1/2016 9:57:28 AM,Service Control Manager,7036,None,The Background Intelligent Transfer Service service entered the running state.
Information,12/1/2016 9:57:27 AM,Service Control Manager,7036,None,The Google Update Service (gupdate) service entered the running state.
Information,12/1/2016 9:57:24 AM,Service Control Manager,7045,None,"A service was installed in the system.

Service Name:  Google Update Service (gupdatem)
Service File Name:  ""C:\Program Files (x86)\Google\Update\GoogleUpdate.exe"" /medsvc
Service Type:  user mode service
Service Start Type:  demand start
Service Account:  LocalSystem"
Information,12/1/2016 9:57:24 AM,Service Control Manager,7045,None,"A service was installed in the system.

Service Name:  Google Update Service (gupdate)
Service File Name:  ""C:\Program Files (x86)\Google\Update\GoogleUpdate.exe"" /svc
Service Type:  user mode service
Service Start Type:  auto start
Service Account:  LocalSystem"
Information,12/1/2016 9:55:58 AM,Service Control Manager,7036,None,The Problem Reports and Solutions Control Panel Support service entered the stopped state.
Information,12/1/2016 9:55:58 AM,Service Control Manager,7036,None,The Problem Reports and Solutions Control Panel Support service entered the running state.
Information,12/1/2016 9:55:58 AM,Service Control Manager,7036,None,The Windows Error Reporting Service service entered the running state.
Information,12/1/2016 9:54:53 AM,Service Control Manager,7036,None,The Application Experience service entered the running state.
Information,12/1/2016 9:53:39 AM,Service Control Manager,7036,None,The Software Protection service entered the stopped state.
Information,12/1/2016 9:53:37 AM,Service Control Manager,7036,None,The Application Experience service entered the stopped state.
Information,12/1/2016 9:53:10 AM,Service Control Manager,7036,None,The Network Connections service entered the running state.
Information,12/1/2016 9:53:09 AM,Service Control Manager,7036,None,The Software Protection service entered the running state.
Information,12/1/2016 9:49:01 AM,Service Control Manager,7036,None,The Windows Modules Installer service entered the stopped state.
Information,12/1/2016 9:48:38 AM,Service Control Manager,7036,None,The Software Protection service entered the stopped state.
Information,12/1/2016 9:48:08 AM,Service Control Manager,7036,None,The Software Protection service entered the running state.
Information,12/1/2016 9:44:56 AM,Service Control Manager,7036,None,The Portable Device Enumerator Service service entered the stopped state.
Information,12/1/2016 9:43:43 AM,Service Control Manager,7036,None,The Software Protection service entered the stopped state.
Information,12/1/2016 9:43:37 AM,Service Control Manager,7036,None,The Application Experience service entered the running state.
Information,12/1/2016 9:43:18 AM,Microsoft-Windows-WindowsUpdateClient,19,Windows Update Agent,Installation Successful: Windows successfully installed the following update: Security Update for Windows Server 2012 R2 (KB3121461)
Information,12/1/2016 9:43:18 AM,Microsoft-Windows-WindowsUpdateClient,19,Windows Update Agent,Installation Successful: Windows successfully installed the following update: Security Update for Windows Server 2012 R2 (KB3042058)
Information,12/1/2016 9:43:18 AM,Microsoft-Windows-WindowsUpdateClient,19,Windows Update Agent,Installation Successful: Windows successfully installed the following update: Update for Windows Server 2012 R2 (KB3172614)
Information,12/1/2016 9:43:14 AM,Service Control Manager,7036,None,The Application Information service entered the running state.
Information,12/1/2016 9:43:12 AM,Service Control Manager,7036,None,The Software Protection service entered the running state.
Information,12/1/2016 9:42:58 AM,Service Control Manager,7036,None,The Windows Modules Installer service entered the running state.
Information,12/1/2016 9:42:57 AM,Service Control Manager,7036,None,The Windows Update service entered the running state.
Information,12/1/2016 9:42:56 AM,Service Control Manager,7036,None,The Portable Device Enumerator Service service entered the running state.
Information,12/1/2016 9:42:56 AM,Microsoft-Windows-Winlogon,7001,(1101),User Logon Notification for Customer Experience Improvement Program
Information,12/1/2016 9:40:31 AM,Service Control Manager,7036,None,The Shell Hardware Detection service entered the running state.
Information,12/1/2016 9:27:58 AM,Service Control Manager,7036,None,The Application Experience service entered the stopped state.
Information,12/1/2016 9:27:46 AM,Service Control Manager,7036,None,The Remote Registry service entered the stopped state.
Information,12/1/2016 9:25:33 AM,Service Control Manager,7036,None,The Shell Hardware Detection service entered the stopped state.
Information,12/1/2016 9:20:26 AM,Service Control Manager,7036,None,The Software Protection service entered the stopped state.
Information,12/1/2016 9:20:23 AM,Service Control Manager,7036,None,The Windows Modules Installer service entered the stopped state.
Information,12/1/2016 9:20:00 AM,Service Control Manager,7036,None,The User Access Logging Service service entered the running state.
Information,12/1/2016 9:19:58 AM,Service Control Manager,7036,None,The Portable Device Enumerator Service service entered the stopped state.
Information,12/1/2016 9:19:55 AM,Service Control Manager,7036,None,The Software Protection service entered the running state.
Information,12/1/2016 9:19:55 AM,Service Control Manager,7036,None,The Distributed Transaction Coordinator service entered the running state.
Information,12/1/2016 9:19:55 AM,Service Control Manager,7036,None,The Diagnostic Policy Service service entered the running state.
Information,12/1/2016 9:19:46 AM,Service Control Manager,7036,None,The Cloud Initialization Service service entered the stopped state.
Information,12/1/2016 9:19:41 AM,Service Control Manager,7036,None,The Virtual Disk service entered the stopped state.
Information,12/1/2016 9:19:41 AM,Virtual Disk Service,4,None,Service stopped.
Information,12/1/2016 9:19:38 AM,Service Control Manager,7036,None,The Virtual Disk service entered the running state.
Information,12/1/2016 9:19:38 AM,Virtual Disk Service,3,None,Service started.
Information,12/1/2016 9:18:39 AM,Service Control Manager,7036,None,The Software Protection service entered the stopped state.
Information,12/1/2016 9:18:23 AM,Service Control Manager,7040,None,The start type of the Windows Modules Installer service was changed from auto start to demand start.
Information,12/1/2016 9:18:08 AM,Service Control Manager,7036,None,The Remote Desktop Services UserMode Port Redirector service entered the running state.
Information,12/1/2016 9:18:04 AM,Service Control Manager,7036,None,The Certificate Propagation service entered the running state.
Information,12/1/2016 9:18:03 AM,Service Control Manager,7036,None,The Remote Desktop Configuration service entered the running state.
Information,12/1/2016 9:17:59 AM,Service Control Manager,7036,None,The Software Protection service entered the running state.
Information,12/1/2016 9:17:58 AM,Service Control Manager,7036,None,The Network List Service service entered the running state.
Information,12/1/2016 9:17:58 AM,Service Control Manager,7036,None,The IPsec Policy Agent service entered the running state.
Information,12/1/2016 9:17:58 AM,Service Control Manager,7036,None,The Application Experience service entered the running state.
Information,12/1/2016 9:17:58 AM,Service Control Manager,7036,None,The Portable Device Enumerator Service service entered the running state.
Information,12/1/2016 9:17:58 AM,Service Control Manager,7036,None,The Remote Desktop Services service entered the running state.
Information,12/1/2016 9:17:56 AM,Microsoft-Windows-Iphlpsvc,4200,None,Isatap interface isatap.westcloud with address fe80::5efe:172.16.1.26 has been brought up.
Information,12/1/2016 9:17:55 AM,Service Control Manager,7026,None,"The following boot-start or system-start driver(s) did not load: 
cdrom"
Information,12/1/2016 9:17:55 AM,Service Control Manager,7036,None,The Server service entered the running state.
Information,12/1/2016 9:17:54 AM,Service Control Manager,7036,None,The IP Helper service entered the running state.
Information,12/1/2016 9:17:54 AM,Service Control Manager,7036,None,The Cloud Initialization Service service entered the running state.
Information,12/1/2016 9:17:52 AM,Service Control Manager,7036,None,The Diagnostics Tracking Service service entered the running state.
Information,12/1/2016 9:17:52 AM,Service Control Manager,7036,None,The Windows Remote Management (WS-Management) service entered the running state.
Information,12/1/2016 9:17:52 AM,Microsoft-Windows-WinRM,10148,None,"The WinRM service is listening for WS-Management requests. 

 User Action 
 Use the following command to see the specific IPs on which WinRM is listening: 

 winrm enumerate winrm/config/listener"
Information,12/1/2016 9:17:48 AM,Service Control Manager,7036,None,The Network Location Awareness service entered the running state.
Information,12/1/2016 9:17:46 AM,Service Control Manager,7036,None,The Windows Management Instrumentation service entered the running state.
Information,12/1/2016 9:17:46 AM,Service Control Manager,7036,None,The Windows Licensing Monitoring Service service entered the running state.
Information,12/1/2016 9:17:46 AM,Service Control Manager,7036,None,The WinHTTP Web Proxy Auto-Discovery Service service entered the running state.
Information,12/1/2016 9:17:46 AM,Service Control Manager,7036,None,The Cryptographic Services service entered the running state.
Information,12/1/2016 9:17:46 AM,Service Control Manager,7036,None,The Distributed Link Tracking Client service entered the running state.
Information,12/1/2016 9:17:46 AM,Service Control Manager,7036,None,The Remote Registry service entered the running state.
Information,12/1/2016 9:17:45 AM,Service Control Manager,7036,None,The Print Spooler service entered the running state.
Information,12/1/2016 9:17:44 AM,Service Control Manager,7036,None,The Security Accounts Manager service entered the running state.
Information,12/1/2016 9:17:44 AM,Service Control Manager,7036,None,The Workstation service entered the running state.
Information,12/1/2016 9:17:43 AM,Service Control Manager,7036,None,The Windows Firewall service entered the running state.
Information,12/1/2016 9:17:42 AM,Service Control Manager,7036,None,The Base Filtering Engine service entered the running state.
Information,12/1/2016 9:17:42 AM,Service Control Manager,7036,None,The Windows Font Cache Service service entered the running state.
Information,12/1/2016 9:17:42 AM,Service Control Manager,7036,None,The Task Scheduler service entered the running state.
Information,12/1/2016 9:17:40 AM,Service Control Manager,7036,None,The Shell Hardware Detection service entered the running state.
Information,12/1/2016 9:17:40 AM,Service Control Manager,7036,None,The DHCP Client service entered the running state.
Information,12/1/2016 9:17:40 AM,Microsoft-Windows-DHCPv6-Client,51046,Service State Event,DHCPv6 client service is started
Information,12/1/2016 9:17:40 AM,Service Control Manager,7036,None,The DNS Client service entered the running state.
Information,12/1/2016 9:17:40 AM,Microsoft-Windows-Dhcp-Client,50036,Service State Event,DHCPv4 client service is started
Information,12/1/2016 9:17:40 AM,Service Control Manager,7036,None,The Windows Connection Manager service entered the running state.
Information,12/1/2016 9:17:40 AM,Service Control Manager,7036,None,The TCP/IP NetBIOS Helper service entered the running state.
Information,12/1/2016 9:17:39 AM,Service Control Manager,7036,None,The Network Store Interface Service service entered the running state.
Information,12/1/2016 9:17:39 AM,Service Control Manager,7036,None,The System Event Notification Service service entered the running state.
Information,12/1/2016 9:17:39 AM,Service Control Manager,7036,None,The User Profile Service service entered the running state.
Information,12/1/2016 9:17:39 AM,Service Control Manager,7036,None,The Group Policy Client service entered the running state.
Information,12/1/2016 9:17:38 AM,Service Control Manager,7036,None,The COM+ Event System service entered the running state.
Information,12/1/2016 9:17:37 AM,Service Control Manager,7036,None,The Windows Modules Installer service entered the running state.
Information,12/1/2016 9:17:37 AM,Service Control Manager,7036,None,The Themes service entered the running state.
Information,12/1/2016 9:17:36 AM,Service Control Manager,7036,None,The Windows Event Log service entered the running state.
Information,12/1/2016 9:17:35 AM,Microsoft-Windows-FilterManager,6,None,"File System Filter 'luafv' (6.3, ‎2014‎-‎02‎-‎22T12:14:25.000000000Z) has successfully loaded and registered with Filter Manager."
Information,12/1/2016 9:17:34 AM,Service Control Manager,7036,None,The System Events Broker service entered the running state.
Information,12/1/2016 9:17:34 AM,Service Control Manager,7036,None,The Local Session Manager service entered the running state.
Information,12/1/2016 9:17:34 AM,Service Control Manager,7036,None,The Background Tasks Infrastructure Service service entered the running state.
Information,12/1/2016 9:17:33 AM,Service Control Manager,7036,None,The Remote Procedure Call (RPC) service entered the running state.
Information,12/1/2016 9:17:33 AM,Service Control Manager,7036,None,The DCOM Server Process Launcher service entered the running state.
Information,12/1/2016 9:17:33 AM,Service Control Manager,7036,None,The RPC Endpoint Mapper service entered the running state.
Information,12/1/2016 9:17:33 AM,Service Control Manager,7036,None,The Power service entered the running state.
Information,12/1/2016 9:17:33 AM,Service Control Manager,7036,None,The Plug and Play service entered the running state.
Information,12/1/2016 9:17:18 AM,Microsoft-Windows-Ntfs,98,None,Volume \\?\Volume{4a4c3f7c-9caa-11e6-80b7-806e6f6e6963} (\Device\HarddiskVolume1) is healthy.  No action is needed.
Information,12/1/2016 9:17:18 AM,Microsoft-Windows-Kernel-Processor-Power,55,(47),"Processor 1 in group 0 exposes the following power management capabilities:

Idle state type: ACPI Idle (C) States (1 state(s))

Performance state type: None
Nominal Frequency (MHz): 1995
Maximum performance percentage: 100
Minimum performance percentage: 100
Minimum throttle percentage: 100"
Information,12/1/2016 9:17:18 AM,Microsoft-Windows-Kernel-Processor-Power,55,(47),"Processor 0 in group 0 exposes the following power management capabilities:

Idle state type: ACPI Idle (C) States (1 state(s))

Performance state type: None
Nominal Frequency (MHz): 1995
Maximum performance percentage: 100
Minimum performance percentage: 100
Minimum throttle percentage: 100"
Information,12/1/2016 9:17:17 AM,Microsoft-Windows-Kernel-Power,508,(159),"The system has been constrained to a periodic tick 

Reason: No HW support."
Information,12/1/2016 9:17:17 AM,Microsoft-Windows-FilterManager,6,None,"File System Filter 'npsvctrig' (6.3, ‎2013‎-‎08‎-‎22T11:38:22.000000000Z) has successfully loaded and registered with Filter Manager."
Information,12/1/2016 9:16:14 AM,Microsoft-Windows-Ntfs,98,None,Volume C: (\Device\HarddiskVolume2) is healthy.  No action is needed.
Information,12/1/2016 9:16:11 AM,Microsoft-Windows-Kernel-Boot,32,None,The bootmgr spent 0 ms waiting for user input.
Information,12/1/2016 9:16:11 AM,Microsoft-Windows-Kernel-Boot,18,None,There are 0x1 boot options on this system.
Information,12/1/2016 9:16:11 AM,Microsoft-Windows-Kernel-Boot,27,None,The boot type was 0x0.
Information,12/1/2016 9:16:11 AM,Microsoft-Windows-Kernel-Boot,20,None,The last shutdown's success status was true. The last boot's success status was true.
Information,12/1/2016 9:16:11 AM,Microsoft-Windows-Kernel-General,12,None,The operating system started at system time ‎2016‎-‎12‎-‎01T17:16:11.489622500Z.
Information,12/1/2016 9:16:05 AM,Microsoft-Windows-Kernel-General,13,None,The operating system is shutting down at system time ‎2016‎-‎12‎-‎01T17:16:05.472280200Z.
Information,12/1/2016 9:16:01 AM,Microsoft-Windows-Kernel-Power,109,(103),The kernel power manager has initiated a shutdown transition.
Information,12/1/2016 9:17:35 AM,EventLog,6013,None,The system uptime is 84 seconds.
Information,12/1/2016 9:17:35 AM,EventLog,6005,None,The Event log service was started.
Information,12/1/2016 9:17:35 AM,EventLog,6009,None,Microsoft (R) Windows (R) 6.03. 9600  Multiprocessor Free.
Information,12/1/2016 9:15:57 AM,Service Control Manager,7036,None,The Remote Desktop Services service entered the stopped state.
Information,12/1/2016 9:15:57 AM,Service Control Manager,7036,None,The Windows Font Cache Service service entered the stopped state.
Information,12/1/2016 9:15:57 AM,Service Control Manager,7036,None,The Windows Event Log service entered the stopped state.
Information,12/1/2016 9:15:56 AM,Service Control Manager,7036,None,The Windows Connection Manager service entered the stopped state.
Information,12/1/2016 9:15:56 AM,Service Control Manager,7036,None,The Task Scheduler service entered the stopped state.
Information,12/1/2016 9:15:56 AM,Service Control Manager,7036,None,The Distributed Transaction Coordinator service entered the stopped state.
Information,12/1/2016 9:15:56 AM,Service Control Manager,7036,None,The Windows Remote Management (WS-Management) service entered the stopped state.
Information,12/1/2016 9:15:56 AM,Service Control Manager,7036,None,The Diagnostic Policy Service service entered the stopped state.
Information,12/1/2016 9:15:56 AM,Service Control Manager,7036,None,The IPsec Policy Agent service entered the stopped state.
Information,12/1/2016 9:15:56 AM,Service Control Manager,7036,None,The Windows Management Instrumentation service entered the stopped state.
Information,12/1/2016 9:15:56 AM,Service Control Manager,7036,None,The Volume Shadow Copy service entered the stopped state.
Information,12/1/2016 9:15:56 AM,Service Control Manager,7036,None,The User Profile Service service entered the stopped state.
Information,12/1/2016 9:15:56 AM,Service Control Manager,7036,None,The DHCP Client service entered the stopped state.
Information,12/1/2016 9:15:56 AM,Microsoft-Windows-Dhcp-Client,50037,Service State Event,DHCPv4 client service is stopped. ShutDown Flag value is 1
Information,12/1/2016 9:15:56 AM,Microsoft-Windows-DHCPv6-Client,51047,Service State Event,DHCPv6 client service is stopped. ShutDown Flag value is 1
Information,12/1/2016 9:15:56 AM,Service Control Manager,7036,None,The Microsoft Software Shadow Copy Provider service entered the stopped state.
Information,12/1/2016 9:15:56 AM,Service Control Manager,7036,None,The Certificate Propagation service entered the stopped state.
Information,12/1/2016 9:15:56 AM,Service Control Manager,7036,None,The Distributed Link Tracking Client service entered the stopped state.
Information,12/1/2016 9:15:56 AM,Service Control Manager,7036,None,The Remote Desktop Services UserMode Port Redirector service entered the stopped state.
Information,12/1/2016 9:15:56 AM,Service Control Manager,7036,None,The Windows Licensing Monitoring Service service entered the stopped state.
Information,12/1/2016 9:15:56 AM,Service Control Manager,7036,None,The Plug and Play service entered the stopped state.
Information,12/1/2016 9:15:56 AM,EventLog,6006,None,The Event log service was stopped.
Warning,12/1/2016 9:15:56 AM,Microsoft-Windows-WinRM,10149,None,"The WinRM service is not listening for WS-Management requests. 

 User Action 
 If you did not intentionally stop the service, use the following command to see the WinRM configuration: 

 winrm enumerate winrm/config/listener"
Information,12/1/2016 9:15:55 AM,Service Control Manager,7036,None,The User Access Logging Service service entered the stopped state.
Information,12/1/2016 9:15:55 AM,Service Control Manager,7036,None,The Diagnostics Tracking Service service entered the stopped state.
Information,12/1/2016 9:15:54 AM,Service Control Manager,7036,None,The Windows Modules Installer service entered the stopped state.
Information,12/1/2016 9:15:45 AM,Service Control Manager,7036,None,The Group Policy Client service entered the stopped state.
Information,12/1/2016 9:15:45 AM,Service Control Manager,7036,None,The Windows Update service entered the stopped state.
Information,12/1/2016 9:15:42 AM,Microsoft-Windows-WindowsUpdateClient,27,Windows Update Agent,Automatic Updates is now paused.
Information,12/1/2016 9:15:42 AM,Microsoft-Windows-WindowsUpdateClient,22,Automatic Updates,"Restart Required: To complete the installation of the following updates, the computer will be restarted within 15 minutes: 
- Security Update for Microsoft .NET Framework 4.5.2 on Windows 8.1 and Windows Server 2012 R2 for x64 (KB3122654)
- Security Update for Microsoft .NET Framework 4.5.2 on Windows 8.1 and Windows Server 2012 R2 for x64 (KB3163291)
- Security Update for Microsoft .NET Framework 4.5.2 on Windows 8.1 and Windows Server 2012 R2 for x64 (KB3142030)
- Security Update for Microsoft .NET Framework 4.5.2 on Windows 8.1 and Windows Server 2012 R2 for x64 (KB3127226)
- Security Update for Windows Server 2012 R2 (KB3172729)
- Security Update for Microsoft .NET Framework 4.5.2 on Windows 8.1 and Windows Server 2012 R2 for x64 (KB3135994)
- Security Update for Windows Server 2012 R2 (KB3121461)
- Security Update for Windows Server 2012 R2 (KB3042058)
- Update for Windows Server 2012 R2 (KB3172614)"
Information,12/1/2016 9:15:21 AM,Microsoft-Windows-WindowsUpdateClient,43,Windows Update Agent,Installation Started: Windows has started installing the following update: Update for Windows Server 2012 R2 (KB3172614)
Information,12/1/2016 9:15:19 AM,Microsoft-Windows-WindowsUpdateClient,43,Windows Update Agent,Installation Started: Windows has started installing the following update: Security Update for Windows Server 2012 R2 (KB3042058)
Information,12/1/2016 9:15:18 AM,Service Control Manager,7040,None,The start type of the Windows Modules Installer service was changed from demand start to auto start.
Information,12/1/2016 9:15:18 AM,Microsoft-Windows-WindowsUpdateClient,43,Windows Update Agent,Installation Started: Windows has started installing the following update: Security Update for Windows Server 2012 R2 (KB3121461)
Information,12/1/2016 9:15:18 AM,Microsoft-Windows-WindowsUpdateClient,19,Windows Update Agent,Installation Successful: Windows successfully installed the following update: Security Update for Microsoft .NET Framework 4.5.2 on Windows 8.1 and Windows Server 2012 R2 for x64 (KB3135994)
Information,12/1/2016 9:15:17 AM,Service Control Manager,7040,None,The start type of the Windows Modules Installer service was changed from auto start to demand start.
Information,12/1/2016 9:15:13 AM,Service Control Manager,7040,None,The start type of the Windows Modules Installer service was changed from demand start to auto start.
Information,12/1/2016 9:15:13 AM,Microsoft-Windows-WindowsUpdateClient,43,Windows Update Agent,Installation Started: Windows has started installing the following update: Security Update for Microsoft .NET Framework 4.5.2 on Windows 8.1 and Windows Server 2012 R2 for x64 (KB3135994)
Information,12/1/2016 9:15:13 AM,Microsoft-Windows-WindowsUpdateClient,19,Windows Update Agent,Installation Successful: Windows successfully installed the following update: Security Update for Windows Server 2012 R2 (KB3172729)
Information,12/1/2016 9:15:13 AM,Service Control Manager,7040,None,The start type of the Windows Modules Installer service was changed from auto start to demand start.
Information,12/1/2016 9:15:08 AM,Service Control Manager,7040,None,The start type of the Windows Modules Installer service was changed from demand start to auto start.
Information,12/1/2016 9:15:07 AM,Microsoft-Windows-WindowsUpdateClient,43,Windows Update Agent,Installation Started: Windows has started installing the following update: Security Update for Windows Server 2012 R2 (KB3172729)
Information,12/1/2016 9:15:07 AM,Microsoft-Windows-WindowsUpdateClient,19,Windows Update Agent,Installation Successful: Windows successfully installed the following update: Security Update for Microsoft .NET Framework 4.5.2 on Windows 8.1 and Windows Server 2012 R2 for x64 (KB3127226)
Information,12/1/2016 9:15:07 AM,Service Control Manager,7040,None,The start type of the Windows Modules Installer service was changed from auto start to demand start.
Information,12/1/2016 9:15:00 AM,Service Control Manager,7036,None,The Software Protection service entered the stopped state.
Information,12/1/2016 9:15:00 AM,Service Control Manager,7040,None,The start type of the Windows Modules Installer service was changed from demand start to auto start.
Information,12/1/2016 9:14:59 AM,Microsoft-Windows-WindowsUpdateClient,43,Windows Update Agent,Installation Started: Windows has started installing the following update: Security Update for Microsoft .NET Framework 4.5.2 on Windows 8.1 and Windows Server 2012 R2 for x64 (KB3127226)
Information,12/1/2016 9:14:59 AM,Microsoft-Windows-WindowsUpdateClient,19,Windows Update Agent,Installation Successful: Windows successfully installed the following update: Security Update for Microsoft .NET Framework 4.5.2 on Windows 8.1 and Windows Server 2012 R2 for x64 (KB3142030)
Information,12/1/2016 9:14:59 AM,Service Control Manager,7040,None,The start type of the Windows Modules Installer service was changed from auto start to demand start.
Information,12/1/2016 9:14:52 AM,Service Control Manager,7040,None,The start type of the Windows Modules Installer service was changed from demand start to auto start.
Information,12/1/2016 9:14:52 AM,Microsoft-Windows-WindowsUpdateClient,43,Windows Update Agent,Installation Started: Windows has started installing the following update: Security Update for Microsoft .NET Framework 4.5.2 on Windows 8.1 and Windows Server 2012 R2 for x64 (KB3142030)
Information,12/1/2016 9:14:52 AM,Microsoft-Windows-WindowsUpdateClient,19,Windows Update Agent,Installation Successful: Windows successfully installed the following update: Security Update for Microsoft .NET Framework 4.5.2 on Windows 8.1 and Windows Server 2012 R2 for x64 (KB3163291)
Information,12/1/2016 9:14:51 AM,Service Control Manager,7040,None,The start type of the Windows Modules Installer service was changed from auto start to demand start.
Information,12/1/2016 9:14:43 AM,Service Control Manager,7040,None,The start type of the Windows Modules Installer service was changed from demand start to auto start.
Information,12/1/2016 9:14:42 AM,Microsoft-Windows-WindowsUpdateClient,43,Windows Update Agent,Installation Started: Windows has started installing the following update: Security Update for Microsoft .NET Framework 4.5.2 on Windows 8.1 and Windows Server 2012 R2 for x64 (KB3163291)
Information,12/1/2016 9:14:42 AM,Microsoft-Windows-WindowsUpdateClient,19,Windows Update Agent,Installation Successful: Windows successfully installed the following update: Security Update for Microsoft .NET Framework 4.5.2 on Windows 8.1 and Windows Server 2012 R2 for x64 (KB3122654)
Information,12/1/2016 9:14:41 AM,Service Control Manager,7036,None,The Microsoft Software Shadow Copy Provider service entered the running state.
Information,12/1/2016 9:14:41 AM,Service Control Manager,7036,None,The Volume Shadow Copy service entered the running state.
Information,12/1/2016 9:14:41 AM,Service Control Manager,7040,None,The start type of the Windows Modules Installer service was changed from auto start to demand start.
Information,12/1/2016 9:14:30 AM,Service Control Manager,7040,None,The start type of the Windows Modules Installer service was changed from demand start to auto start.
Information,12/1/2016 9:14:30 AM,Microsoft-Windows-WindowsUpdateClient,43,Windows Update Agent,Installation Started: Windows has started installing the following update: Security Update for Microsoft .NET Framework 4.5.2 on Windows 8.1 and Windows Server 2012 R2 for x64 (KB3122654)
Information,12/1/2016 9:14:29 AM,Service Control Manager,7036,None,The Software Protection service entered the running state.
Information,12/1/2016 9:14:21 AM,Service Control Manager,7036,None,The Windows Modules Installer service entered the running state.
Information,12/1/2016 9:14:21 AM,Microsoft-Windows-Winlogon,7002,(1102),User Logoff Notification for Customer Experience Improvement Program
Information,12/1/2016 9:14:20 AM,User32,1074,None,"The process C:\Windows\Explorer.EXE (OHP-WIN12) has initiated the restart of computer OHP-WIN12 on behalf of user OHP-WIN12\Admin for the following reason: Other (Planned)
 Reason Code: 0x85000000
 Shutdown Type: restart
 Comment: "
Information,12/1/2016 9:14:20 AM,User32,1074,None,"The process Explorer.EXE has initiated the restart of computer OHP-WIN12 on behalf of user OHP-WIN12\Admin for the following reason: Other (Planned)
 Reason Code: 0x85000000
 Shutdown Type: restart
 Comment: "
Information,12/1/2016 9:05:32 AM,Service Control Manager,7036,None,The WinHTTP Web Proxy Auto-Discovery Service service entered the running state.
Information,12/1/2016 9:05:32 AM,Service Control Manager,7036,None,The Windows Update service entered the running state.
Information,12/1/2016 9:03:37 AM,Service Control Manager,7036,None,The DNS Client service entered the running state.
Information,12/1/2016 9:02:50 AM,Service Control Manager,7036,None,The Software Protection service entered the stopped state.
Information,12/1/2016 9:02:19 AM,Service Control Manager,7036,None,The Software Protection service entered the running state.
Information,12/1/2016 8:32:50 AM,Service Control Manager,7036,None,The Software Protection service entered the stopped state.
Information,12/1/2016 8:32:19 AM,Service Control Manager,7036,None,The Software Protection service entered the running state.
Information,12/1/2016 8:23:37 AM,Service Control Manager,7036,None,The DNS Client service entered the stopped state.
Information,12/1/2016 8:03:37 AM,Service Control Manager,7036,None,The DNS Client service entered the running state.
Information,12/1/2016 8:02:49 AM,Service Control Manager,7036,None,The Software Protection service entered the stopped state.
Information,12/1/2016 8:02:19 AM,Service Control Manager,7036,None,The Software Protection service entered the running state.
Information,12/1/2016 7:53:37 AM,Service Control Manager,7036,None,The DNS Client service entered the stopped state.
Information,12/1/2016 7:44:17 AM,Service Control Manager,7036,None,The WinHTTP Web Proxy Auto-Discovery Service service entered the stopped state.
Information,12/1/2016 7:32:49 AM,Service Control Manager,7036,None,The Software Protection service entered the stopped state.
Information,12/1/2016 7:32:19 AM,Service Control Manager,7036,None,The Software Protection service entered the running state.
Information,12/1/2016 7:27:18 AM,Service Control Manager,7036,None,The Windows Update service entered the stopped state.
Information,12/1/2016 7:17:17 AM,Service Control Manager,7036,None,The WinHTTP Web Proxy Auto-Discovery Service service entered the running state.
Information,12/1/2016 7:17:17 AM,Service Control Manager,7036,None,The Windows Update service entered the running state.
Information,12/1/2016 7:03:37 AM,Service Control Manager,7036,None,The DNS Client service entered the running state.
Information,12/1/2016 7:02:49 AM,Service Control Manager,7036,None,The Software Protection service entered the stopped state.
Information,12/1/2016 7:02:19 AM,Service Control Manager,7036,None,The Software Protection service entered the running state.
Information,12/1/2016 6:41:49 AM,Service Control Manager,7036,None,The DNS Client service entered the stopped state.
Information,12/1/2016 6:32:49 AM,Service Control Manager,7036,None,The Software Protection service entered the stopped state.
Information,12/1/2016 6:32:19 AM,Service Control Manager,7036,None,The Software Protection service entered the running state.
Information,12/1/2016 6:28:49 AM,Service Control Manager,7036,None,The WinHTTP Web Proxy Auto-Discovery Service service entered the stopped state.
Information,12/1/2016 6:11:51 AM,Service Control Manager,7036,None,The Windows Update service entered the stopped state.
Information,12/1/2016 6:02:49 AM,Service Control Manager,7036,None,The Software Protection service entered the stopped state.
Information,12/1/2016 6:02:19 AM,Service Control Manager,7036,None,The Software Protection service entered the running state.
Information,12/1/2016 6:01:49 AM,Service Control Manager,7036,None,The DNS Client service entered the running state.
Information,12/1/2016 6:01:49 AM,Service Control Manager,7036,None,The WinHTTP Web Proxy Auto-Discovery Service service entered the running state.
Information,12/1/2016 6:01:49 AM,Service Control Manager,7036,None,The Windows Update service entered the running state.
Information,12/1/2016 5:38:24 AM,Service Control Manager,7036,None,The DNS Client service entered the stopped state.
Information,12/1/2016 5:32:49 AM,Service Control Manager,7036,None,The Software Protection service entered the stopped state.
Information,12/1/2016 5:32:19 AM,Service Control Manager,7036,None,The Software Protection service entered the running state.
Information,12/1/2016 5:28:24 AM,Service Control Manager,7036,None,The WinHTTP Web Proxy Auto-Discovery Service service entered the stopped state.
Information,12/1/2016 5:08:26 AM,Service Control Manager,7036,None,The Windows Update service entered the stopped state.
Information,12/1/2016 5:02:49 AM,Service Control Manager,7036,None,The Software Protection service entered the stopped state.
Information,12/1/2016 5:02:18 AM,Service Control Manager,7036,None,The Software Protection service entered the running state.
Information,12/1/2016 4:58:24 AM,Service Control Manager,7036,None,The DNS Client service entered the running state.
Information,12/1/2016 4:58:24 AM,Service Control Manager,7036,None,The WinHTTP Web Proxy Auto-Discovery Service service entered the running state.
Information,12/1/2016 4:58:24 AM,Service Control Manager,7036,None,The Windows Update service entered the running state.
Information,12/1/2016 4:32:49 AM,Service Control Manager,7036,None,The Software Protection service entered the stopped state.
Information,12/1/2016 4:32:18 AM,Service Control Manager,7036,None,The Software Protection service entered the running state.
Information,12/1/2016 4:19:55 AM,Service Control Manager,7036,None,The DNS Client service entered the stopped state.
Information,12/1/2016 4:02:49 AM,Service Control Manager,7036,None,The Software Protection service entered the stopped state.
Information,12/1/2016 4:02:18 AM,Service Control Manager,7036,None,The Software Protection service entered the running state.
Information,12/1/2016 4:00:00 AM,EventLog,6013,None,The system uptime is 17990 seconds.
Information,12/1/2016 3:51:55 AM,Service Control Manager,7036,None,The WinHTTP Web Proxy Auto-Discovery Service service entered the stopped state.
Information,12/1/2016 3:34:57 AM,Service Control Manager,7036,None,The Windows Update service entered the stopped state.
Information,12/1/2016 3:32:48 AM,Service Control Manager,7036,None,The Software Protection service entered the stopped state.
Information,12/1/2016 3:32:18 AM,Service Control Manager,7036,None,The Software Protection service entered the running state.
Information,12/1/2016 3:24:55 AM,Service Control Manager,7036,None,The DNS Client service entered the running state.
Information,12/1/2016 3:24:55 AM,Service Control Manager,7036,None,The WinHTTP Web Proxy Auto-Discovery Service service entered the running state.
Information,12/1/2016 3:24:55 AM,Service Control Manager,7036,None,The Windows Update service entered the running state.
Information,12/1/2016 3:23:37 AM,Service Control Manager,7036,None,The DNS Client service entered the stopped state.
Information,12/1/2016 3:15:36 AM,Service Control Manager,7040,None,The start type of the Background Intelligent Transfer Service service was changed from auto start to demand start.
Information,12/1/2016 3:02:48 AM,Service Control Manager,7036,None,The Software Protection service entered the stopped state.
Information,12/1/2016 3:02:18 AM,Service Control Manager,7036,None,The Software Protection service entered the running state.
Information,12/1/2016 2:47:10 AM,Service Control Manager,7036,None,The WinHTTP Web Proxy Auto-Discovery Service service entered the stopped state.
Information,12/1/2016 2:32:48 AM,Service Control Manager,7036,None,The Software Protection service entered the stopped state.
Information,12/1/2016 2:32:18 AM,Service Control Manager,7036,None,The Software Protection service entered the running state.
Information,12/1/2016 2:30:07 AM,Service Control Manager,7036,None,The Windows Update service entered the stopped state.
Information,12/1/2016 2:22:06 AM,Service Control Manager,7036,None,The Windows Modules Installer service entered the stopped state.
Information,12/1/2016 2:20:11 AM,Microsoft-Windows-WindowsUpdateClient,17,Automatic Updates,Installation Ready: The following updates are downloaded and ready for installation: 
- Security Update for Microsoft .NET Framework 4.5.2 on Windows 8.1 and Windows Server 2012 R2 for x64 (KB3122654)
- Security Update for Microsoft .NET Framework 4.5.2 on Windows 8.1 and Windows Server 2012 R2 for x64 (KB3163291)
- Security Update for Microsoft .NET Framework 4.5.2 on Windows 8.1 and Windows Server 2012 R2 for x64 (KB3142030)
- Security Update for Microsoft .NET Framework 4.5.2 on Windows 8.1 and Windows Server 2012 R2 for x64 (KB3127226)
- Security Update for Windows Server 2012 R2 (KB3172729)
- Security Update for Microsoft .NET Framework 4.5.2 on Windows 8.1 and Windows Server 2012 R2 for x64 (KB3135994)
- Security Update for Windows Server 2012 R2 (KB3121461)
- Security Update for Windows Server 2012 R2 (KB3042058)
- Update for Windows Server 2012 R2 (KB3172614)
Information,12/1/2016 2:20:06 AM,Microsoft-Windows-WindowsUpdateClient,17,Automatic Updates,Installation Ready: The following updates are downloaded and ready for installation: 
- Security Update for Microsoft .NET Framework 4.5.2 on Windows 8.1 and Windows Server 2012 R2 for x64 (KB3122654)
- Security Update for Microsoft .NET Framework 4.5.2 on Windows 8.1 and Windows Server 2012 R2 for x64 (KB3163291)
- Security Update for Microsoft .NET Framework 4.5.2 on Windows 8.1 and Windows Server 2012 R2 for x64 (KB3142030)
- Security Update for Microsoft .NET Framework 4.5.2 on Windows 8.1 and Windows Server 2012 R2 for x64 (KB3127226)
- Security Update for Windows Server 2012 R2 (KB3172729)
- Security Update for Microsoft .NET Framework 4.5.2 on Windows 8.1 and Windows Server 2012 R2 for x64 (KB3135994)
- Security Update for Windows Server 2012 R2 (KB3121461)
- Security Update for Windows Server 2012 R2 (KB3042058)
Information,12/1/2016 2:20:06 AM,Microsoft-Windows-WindowsUpdateClient,17,Automatic Updates,Installation Ready: The following updates are downloaded and ready for installation: 
- Security Update for Microsoft .NET Framework 4.5.2 on Windows 8.1 and Windows Server 2012 R2 for x64 (KB3122654)
- Security Update for Microsoft .NET Framework 4.5.2 on Windows 8.1 and Windows Server 2012 R2 for x64 (KB3163291)
- Security Update for Microsoft .NET Framework 4.5.2 on Windows 8.1 and Windows Server 2012 R2 for x64 (KB3142030)
- Security Update for Microsoft .NET Framework 4.5.2 on Windows 8.1 and Windows Server 2012 R2 for x64 (KB3127226)
- Security Update for Windows Server 2012 R2 (KB3172729)
- Security Update for Microsoft .NET Framework 4.5.2 on Windows 8.1 and Windows Server 2012 R2 for x64 (KB3135994)
- Security Update for Windows Server 2012 R2 (KB3121461)
Information,12/1/2016 2:20:06 AM,Microsoft-Windows-WindowsUpdateClient,17,Automatic Updates,Installation Ready: The following updates are downloaded and ready for installation: 
- Security Update for Microsoft .NET Framework 4.5.2 on Windows 8.1 and Windows Server 2012 R2 for x64 (KB3122654)
- Security Update for Microsoft .NET Framework 4.5.2 on Windows 8.1 and Windows Server 2012 R2 for x64 (KB3163291)
- Security Update for Microsoft .NET Framework 4.5.2 on Windows 8.1 and Windows Server 2012 R2 for x64 (KB3142030)
- Security Update for Microsoft .NET Framework 4.5.2 on Windows 8.1 and Windows Server 2012 R2 for x64 (KB3127226)
- Security Update for Windows Server 2012 R2 (KB3172729)
- Security Update for Microsoft .NET Framework 4.5.2 on Windows 8.1 and Windows Server 2012 R2 for x64 (KB3135994)
Information,12/1/2016 2:20:06 AM,Microsoft-Windows-WindowsUpdateClient,17,Automatic Updates,Installation Ready: The following updates are downloaded and ready for installation: 
- Security Update for Microsoft .NET Framework 4.5.2 on Windows 8.1 and Windows Server 2012 R2 for x64 (KB3122654)
- Security Update for Microsoft .NET Framework 4.5.2 on Windows 8.1 and Windows Server 2012 R2 for x64 (KB3163291)
- Security Update for Microsoft .NET Framework 4.5.2 on Windows 8.1 and Windows Server 2012 R2 for x64 (KB3142030)
- Security Update for Microsoft .NET Framework 4.5.2 on Windows 8.1 and Windows Server 2012 R2 for x64 (KB3127226)
- Security Update for Windows Server 2012 R2 (KB3172729)
Information,12/1/2016 2:20:06 AM,Microsoft-Windows-WindowsUpdateClient,17,Automatic Updates,Installation Ready: The following updates are downloaded and ready for installation: 
- Security Update for Microsoft .NET Framework 4.5.2 on Windows 8.1 and Windows Server 2012 R2 for x64 (KB3122654)
- Security Update for Microsoft .NET Framework 4.5.2 on Windows 8.1 and Windows Server 2012 R2 for x64 (KB3163291)
- Security Update for Microsoft .NET Framework 4.5.2 on Windows 8.1 and Windows Server 2012 R2 for x64 (KB3142030)
- Security Update for Microsoft .NET Framework 4.5.2 on Windows 8.1 and Windows Server 2012 R2 for x64 (KB3127226)
Information,12/1/2016 2:20:06 AM,Microsoft-Windows-WindowsUpdateClient,17,Automatic Updates,Installation Ready: The following updates are downloaded and ready for installation: 
- Security Update for Microsoft .NET Framework 4.5.2 on Windows 8.1 and Windows Server 2012 R2 for x64 (KB3122654)
- Security Update for Microsoft .NET Framework 4.5.2 on Windows 8.1 and Windows Server 2012 R2 for x64 (KB3163291)
- Security Update for Microsoft .NET Framework 4.5.2 on Windows 8.1 and Windows Server 2012 R2 for x64 (KB3142030)
Information,12/1/2016 2:20:06 AM,Microsoft-Windows-WindowsUpdateClient,17,Automatic Updates,Installation Ready: The following updates are downloaded and ready for installation: 
- Security Update for Microsoft .NET Framework 4.5.2 on Windows 8.1 and Windows Server 2012 R2 for x64 (KB3122654)
- Security Update for Microsoft .NET Framework 4.5.2 on Windows 8.1 and Windows Server 2012 R2 for x64 (KB3163291)
Information,12/1/2016 2:20:06 AM,Microsoft-Windows-WindowsUpdateClient,17,Automatic Updates,Installation Ready: The following updates are downloaded and ready for installation: 
- Security Update for Microsoft .NET Framework 4.5.2 on Windows 8.1 and Windows Server 2012 R2 for x64 (KB3122654)
Information,12/1/2016 2:19:59 AM,Service Control Manager,7036,None,The Windows Modules Installer service entered the running state.
Information,12/1/2016 2:18:18 AM,Service Control Manager,7036,None,The Windows Modules Installer service entered the stopped state.
Information,12/1/2016 2:15:26 AM,Service Control Manager,7040,None,The start type of the Windows Modules Installer service was changed from auto start to demand start.
Information,12/1/2016 2:15:25 AM,Service Control Manager,7040,None,The start type of the Windows Modules Installer service was changed from demand start to auto start.
Information,12/1/2016 2:15:16 AM,Service Control Manager,7040,None,The start type of the Windows Modules Installer service was changed from auto start to demand start.
Information,12/1/2016 2:13:14 AM,Service Control Manager,7040,None,The start type of the Windows Modules Installer service was changed from demand start to auto start.
Information,12/1/2016 2:13:11 AM,Service Control Manager,7040,None,The start type of the Windows Modules Installer service was changed from auto start to demand start.
Information,12/1/2016 2:12:57 AM,Service Control Manager,7040,None,The start type of the Windows Modules Installer service was changed from demand start to auto start.
