Information,11/21/2016 11:10:14 AM,Service Control Manager,7036,None,The Software Protection service entered the stopped state.
Information,11/21/2016 11:09:44 AM,Service Control Manager,7036,None,The Software Protection service entered the running state.
Information,11/21/2016 10:58:50 AM,Service Control Manager,7036,None,The DNS Client service entered the stopped state.
Information,11/21/2016 10:48:25 AM,Service Control Manager,7036,None,The WinHTTP Web Proxy Auto-Discovery Service service entered the stopped state.
Information,11/21/2016 10:40:14 AM,Service Control Manager,7036,None,The Software Protection service entered the stopped state.
Information,11/21/2016 10:39:44 AM,Service Control Manager,7036,None,The Software Protection service entered the running state.
Information,11/21/2016 10:19:55 AM,Service Control Manager,7036,None,The DNS Client service entered the running state.
Information,11/21/2016 10:19:55 AM,Service Control Manager,7036,None,The WinHTTP Web Proxy Auto-Discovery Service service entered the running state.
Information,11/21/2016 10:10:14 AM,Service Control Manager,7036,None,The Software Protection service entered the stopped state.
Information,11/21/2016 10:09:44 AM,Service Control Manager,7036,None,The Software Protection service entered the running state.
Information,11/21/2016 9:40:14 AM,Service Control Manager,7036,None,The Software Protection service entered the stopped state.
Information,11/21/2016 9:39:44 AM,Service Control Manager,7036,None,The Software Protection service entered the running state.
Information,11/21/2016 9:18:54 AM,Service Control Manager,7036,None,The DNS Client service entered the stopped state.
Information,11/21/2016 9:10:14 AM,Service Control Manager,7036,None,The Software Protection service entered the stopped state.
Information,11/21/2016 9:09:43 AM,Service Control Manager,7036,None,The Software Protection service entered the running state.
Information,11/21/2016 9:05:54 AM,Service Control Manager,7036,None,The WinHTTP Web Proxy Auto-Discovery Service service entered the stopped state.
Information,11/21/2016 8:40:14 AM,Service Control Manager,7036,None,The Software Protection service entered the stopped state.
Information,11/21/2016 8:39:43 AM,Service Control Manager,7036,None,The Software Protection service entered the running state.
Information,11/21/2016 8:38:54 AM,Service Control Manager,7036,None,The DNS Client service entered the running state.
Information,11/21/2016 8:38:54 AM,Service Control Manager,7036,None,The WinHTTP Web Proxy Auto-Discovery Service service entered the running state.
Information,11/21/2016 8:10:13 AM,Service Control Manager,7036,None,The Software Protection service entered the stopped state.
Information,11/21/2016 8:09:43 AM,Service Control Manager,7036,None,The Software Protection service entered the running state.
Information,11/21/2016 7:40:13 AM,Service Control Manager,7036,None,The Software Protection service entered the stopped state.
Information,11/21/2016 7:39:43 AM,Service Control Manager,7036,None,The Software Protection service entered the running state.
Information,11/21/2016 7:26:53 AM,Service Control Manager,7036,None,The DNS Client service entered the stopped state.
Information,11/21/2016 7:13:54 AM,Service Control Manager,7036,None,The WinHTTP Web Proxy Auto-Discovery Service service entered the stopped state.
Information,11/21/2016 7:10:13 AM,Service Control Manager,7036,None,The Software Protection service entered the stopped state.
Information,11/21/2016 7:09:43 AM,Service Control Manager,7036,None,The Software Protection service entered the running state.
Information,11/21/2016 6:46:53 AM,Service Control Manager,7036,None,The DNS Client service entered the running state.
Information,11/21/2016 6:46:53 AM,Service Control Manager,7036,None,The WinHTTP Web Proxy Auto-Discovery Service service entered the running state.
Information,11/21/2016 6:40:13 AM,Service Control Manager,7036,None,The Software Protection service entered the stopped state.
Information,11/21/2016 6:39:43 AM,Service Control Manager,7036,None,The Software Protection service entered the running state.
Information,11/21/2016 6:10:13 AM,Service Control Manager,7036,None,The Software Protection service entered the stopped state.
Information,11/21/2016 6:09:43 AM,Service Control Manager,7036,None,The Software Protection service entered the running state.
Information,11/21/2016 5:40:35 AM,Service Control Manager,7036,None,The DNS Client service entered the stopped state.
Information,11/21/2016 5:40:13 AM,Service Control Manager,7036,None,The Software Protection service entered the stopped state.
Information,11/21/2016 5:39:42 AM,Service Control Manager,7036,None,The Software Protection service entered the running state.
Information,11/21/2016 5:28:05 AM,Service Control Manager,7036,None,The WinHTTP Web Proxy Auto-Discovery Service service entered the stopped state.
Information,11/21/2016 5:11:12 AM,Service Control Manager,7036,None,The Windows Modules Installer service entered the stopped state.
Information,11/21/2016 5:10:13 AM,Service Control Manager,7036,None,The Software Protection service entered the stopped state.
Information,11/21/2016 5:09:42 AM,Service Control Manager,7036,None,The Software Protection service entered the running state.
Information,11/21/2016 5:09:12 AM,Service Control Manager,7036,None,The Windows Modules Installer service entered the running state.
Information,11/21/2016 4:52:43 AM,Service Control Manager,7036,None,The Windows Modules Installer service entered the stopped state.
Information,11/21/2016 4:50:37 AM,Service Control Manager,7036,None,The Windows Modules Installer service entered the running state.
Information,11/21/2016 4:50:35 AM,Service Control Manager,7036,None,The DNS Client service entered the running state.
Information,11/21/2016 4:50:35 AM,Service Control Manager,7036,None,The WinHTTP Web Proxy Auto-Discovery Service service entered the running state.
Information,11/21/2016 4:40:12 AM,Service Control Manager,7036,None,The Software Protection service entered the stopped state.
Information,11/21/2016 4:39:42 AM,Service Control Manager,7036,None,The Software Protection service entered the running state.
Information,11/21/2016 4:10:12 AM,Service Control Manager,7036,None,The Software Protection service entered the stopped state.
Information,11/21/2016 4:09:42 AM,Service Control Manager,7036,None,The Software Protection service entered the running state.
Information,11/21/2016 4:00:53 AM,Service Control Manager,7036,None,The DNS Client service entered the stopped state.
Information,11/21/2016 4:00:00 AM,EventLog,6013,None,The system uptime is 2112838 seconds.
Information,11/21/2016 3:47:53 AM,Service Control Manager,7036,None,The WinHTTP Web Proxy Auto-Discovery Service service entered the stopped state.
Information,11/21/2016 3:40:12 AM,Service Control Manager,7036,None,The Software Protection service entered the stopped state.
Information,11/21/2016 3:39:42 AM,Service Control Manager,7036,None,The Software Protection service entered the running state.
Information,11/21/2016 3:20:53 AM,Service Control Manager,7036,None,The DNS Client service entered the running state.
Information,11/21/2016 3:20:53 AM,Service Control Manager,7036,None,The WinHTTP Web Proxy Auto-Discovery Service service entered the running state.
Information,11/21/2016 3:10:12 AM,Service Control Manager,7036,None,The Software Protection service entered the stopped state.
Information,11/21/2016 3:09:42 AM,Service Control Manager,7036,None,The Software Protection service entered the running state.
Information,11/21/2016 2:47:53 AM,Service Control Manager,7036,None,The DNS Client service entered the stopped state.
Information,11/21/2016 2:40:12 AM,Service Control Manager,7036,None,The Software Protection service entered the stopped state.
Information,11/21/2016 2:39:42 AM,Service Control Manager,7036,None,The Software Protection service entered the running state.
Information,11/21/2016 2:34:53 AM,Service Control Manager,7036,None,The WinHTTP Web Proxy Auto-Discovery Service service entered the stopped state.
Information,11/21/2016 2:10:12 AM,Service Control Manager,7036,None,The Software Protection service entered the stopped state.
Information,11/21/2016 2:09:41 AM,Service Control Manager,7036,None,The Software Protection service entered the running state.
Information,11/21/2016 2:07:52 AM,Service Control Manager,7036,None,The DNS Client service entered the running state.
Information,11/21/2016 2:07:52 AM,Service Control Manager,7036,None,The WinHTTP Web Proxy Auto-Discovery Service service entered the running state.
Information,11/21/2016 1:40:12 AM,Service Control Manager,7036,None,The Software Protection service entered the stopped state.
Information,11/21/2016 1:39:41 AM,Service Control Manager,7036,None,The Software Protection service entered the running state.
Information,11/21/2016 1:12:52 AM,Service Control Manager,7036,None,The DNS Client service entered the stopped state.
Information,11/21/2016 1:10:12 AM,Service Control Manager,7036,None,The Software Protection service entered the stopped state.
Information,11/21/2016 1:09:41 AM,Service Control Manager,7036,None,The Software Protection service entered the running state.
Information,11/21/2016 12:59:52 AM,Service Control Manager,7036,None,The WinHTTP Web Proxy Auto-Discovery Service service entered the stopped state.
Information,11/21/2016 12:40:11 AM,Service Control Manager,7036,None,The Software Protection service entered the stopped state.
Information,11/21/2016 12:39:41 AM,Service Control Manager,7036,None,The Software Protection service entered the running state.
Information,11/21/2016 12:32:52 AM,Service Control Manager,7036,None,The DNS Client service entered the running state.
Information,11/21/2016 12:32:52 AM,Service Control Manager,7036,None,The WinHTTP Web Proxy Auto-Discovery Service service entered the running state.
Information,11/21/2016 12:10:11 AM,Service Control Manager,7036,None,The Software Protection service entered the stopped state.
Information,11/21/2016 12:09:41 AM,Service Control Manager,7036,None,The Software Protection service entered the running state.
Information,11/21/2016 12:02:35 AM,Service Control Manager,7036,None,The DNS Client service entered the stopped state.
Information,11/20/2016 11:49:52 PM,Service Control Manager,7036,None,The WinHTTP Web Proxy Auto-Discovery Service service entered the stopped state.
Information,11/20/2016 11:40:11 PM,Service Control Manager,7036,None,The Software Protection service entered the stopped state.
Information,11/20/2016 11:39:41 PM,Service Control Manager,7036,None,The Software Protection service entered the running state.
Information,11/20/2016 11:22:52 PM,Service Control Manager,7036,None,The DNS Client service entered the running state.
Information,11/20/2016 11:22:52 PM,Service Control Manager,7036,None,The WinHTTP Web Proxy Auto-Discovery Service service entered the running state.
Information,11/20/2016 11:10:11 PM,Service Control Manager,7036,None,The Software Protection service entered the stopped state.
Information,11/20/2016 11:09:41 PM,Service Control Manager,7036,None,The Software Protection service entered the running state.
Information,11/20/2016 10:40:11 PM,Service Control Manager,7036,None,The Software Protection service entered the stopped state.
Information,11/20/2016 10:39:40 PM,Service Control Manager,7036,None,The Software Protection service entered the running state.
Information,11/20/2016 10:36:52 PM,Service Control Manager,7036,None,The DNS Client service entered the stopped state.
Information,11/20/2016 10:27:00 PM,Service Control Manager,7036,None,The WinHTTP Web Proxy Auto-Discovery Service service entered the stopped state.
Information,11/20/2016 10:10:11 PM,Service Control Manager,7036,None,The Software Protection service entered the stopped state.
Information,11/20/2016 10:09:40 PM,Service Control Manager,7036,None,The Software Protection service entered the running state.
Information,11/20/2016 10:00:00 PM,Service Control Manager,7036,None,The WinHTTP Web Proxy Auto-Discovery Service service entered the running state.
Information,11/20/2016 9:58:52 PM,Service Control Manager,7036,None,The WinHTTP Web Proxy Auto-Discovery Service service entered the stopped state.
Information,11/20/2016 9:40:11 PM,Service Control Manager,7036,None,The Software Protection service entered the stopped state.
Information,11/20/2016 9:39:40 PM,Service Control Manager,7036,None,The Software Protection service entered the running state.
Information,11/20/2016 9:31:52 PM,Service Control Manager,7036,None,The DNS Client service entered the running state.
Information,11/20/2016 9:31:52 PM,Service Control Manager,7036,None,The WinHTTP Web Proxy Auto-Discovery Service service entered the running state.
Information,11/20/2016 9:10:10 PM,Service Control Manager,7036,None,The Software Protection service entered the stopped state.
Information,11/20/2016 9:09:40 PM,Service Control Manager,7036,None,The Software Protection service entered the running state.
Information,11/20/2016 8:56:52 PM,Service Control Manager,7036,None,The DNS Client service entered the stopped state.
Information,11/20/2016 8:43:52 PM,Service Control Manager,7036,None,The WinHTTP Web Proxy Auto-Discovery Service service entered the stopped state.
Information,11/20/2016 8:40:10 PM,Service Control Manager,7036,None,The Software Protection service entered the stopped state.
Information,11/20/2016 8:39:40 PM,Service Control Manager,7036,None,The Software Protection service entered the running state.
Information,11/20/2016 8:16:52 PM,Service Control Manager,7036,None,The DNS Client service entered the running state.
Information,11/20/2016 8:16:52 PM,Service Control Manager,7036,None,The WinHTTP Web Proxy Auto-Discovery Service service entered the running state.
Information,11/20/2016 8:10:10 PM,Service Control Manager,7036,None,The Software Protection service entered the stopped state.
Information,11/20/2016 8:09:40 PM,Service Control Manager,7036,None,The Software Protection service entered the running state.
Information,11/20/2016 7:50:52 PM,Service Control Manager,7036,None,The DNS Client service entered the stopped state.
Information,11/20/2016 7:40:10 PM,Service Control Manager,7036,None,The Software Protection service entered the stopped state.
Information,11/20/2016 7:39:40 PM,Service Control Manager,7036,None,The Software Protection service entered the running state.
Information,11/20/2016 7:39:22 PM,Service Control Manager,7036,None,The WinHTTP Web Proxy Auto-Discovery Service service entered the stopped state.
Information,11/20/2016 7:10:52 PM,Service Control Manager,7036,None,The DNS Client service entered the running state.
Information,11/20/2016 7:10:52 PM,Service Control Manager,7036,None,The WinHTTP Web Proxy Auto-Discovery Service service entered the running state.
Information,11/20/2016 7:10:10 PM,Service Control Manager,7036,None,The Software Protection service entered the stopped state.
Information,11/20/2016 7:09:39 PM,Service Control Manager,7036,None,The Software Protection service entered the running state.
Information,11/20/2016 6:40:10 PM,Service Control Manager,7036,None,The Software Protection service entered the stopped state.
Information,11/20/2016 6:39:39 PM,Service Control Manager,7036,None,The Software Protection service entered the running state.
Information,11/20/2016 6:29:01 PM,Service Control Manager,7036,None,The DNS Client service entered the stopped state.
Information,11/20/2016 6:11:01 PM,Service Control Manager,7036,None,The Windows Modules Installer service entered the stopped state.
Information,11/20/2016 6:11:01 PM,Service Control Manager,7036,None,The Windows Error Reporting Service service entered the stopped state.
Information,11/20/2016 6:10:09 PM,Service Control Manager,7036,None,The Software Protection service entered the stopped state.
Information,11/20/2016 6:09:39 PM,Service Control Manager,7036,None,The Software Protection service entered the running state.
Information,11/20/2016 6:09:17 PM,Service Control Manager,7036,None,The Windows Time service entered the stopped state.
Information,11/20/2016 6:09:17 PM,Microsoft-Windows-Kernel-General,1,None,"The system time has changed to ‎2016‎-‎11‎-‎21T02:09:17.555000000Z from ‎2016‎-‎11‎-‎21T02:09:17.555841400Z.

Change Reason: An application or system component changed the time."
Information,11/20/2016 6:09:17 PM,Microsoft-Windows-Time-Service,35,None,"The time service is now synchronizing the system time with the time source time.windows.com,0x9 (ntp.m|0x9|0.0.0.0:123->13.85.70.43:123)."
Information,11/20/2016 6:09:04 PM,Microsoft-Windows-Kernel-General,16,None,The access history in hive \SystemRoot\System32\Config\RegBack\SAM was cleared updating 86 keys and creating 7 modified pages.
Information,11/20/2016 6:09:04 PM,Microsoft-Windows-Kernel-General,16,None,The access history in hive \SystemRoot\System32\Config\RegBack\DEFAULT was cleared updating 254 keys and creating 23 modified pages.
Information,11/20/2016 6:09:04 PM,Microsoft-Windows-Kernel-General,16,None,The access history in hive \SystemRoot\System32\Config\RegBack\SYSTEM was cleared updating 27412 keys and creating 2043 modified pages.
Information,11/20/2016 6:09:04 PM,Microsoft-Windows-Kernel-General,16,None,The access history in hive \SystemRoot\System32\Config\RegBack\SOFTWARE was cleared updating 179006 keys and creating 12272 modified pages.
Information,11/20/2016 6:09:03 PM,Microsoft-Windows-Time-Service,37,None,"The time provider NtpClient is currently receiving valid time data from time.windows.com,0x9 (ntp.m|0x9|0.0.0.0:123->13.85.70.43:123)."
Information,11/20/2016 6:09:01 PM,Microsoft-Windows-Kernel-General,16,None,The access history in hive \SystemRoot\System32\Config\RegBack\SECURITY was cleared updating 103 keys and creating 4 modified pages.
Information,11/20/2016 6:09:01 PM,Service Control Manager,7036,None,The Windows Modules Installer service entered the running state.
Information,11/20/2016 6:09:01 PM,Service Control Manager,7036,None,The DNS Client service entered the running state.
Information,11/20/2016 6:09:01 PM,Service Control Manager,7036,None,The Windows Time service entered the running state.
Information,11/20/2016 6:09:01 PM,Service Control Manager,7036,None,The Windows Error Reporting Service service entered the running state.
Information,11/20/2016 5:54:52 PM,Service Control Manager,7036,None,The DNS Client service entered the stopped state.
Information,11/20/2016 5:41:52 PM,Service Control Manager,7036,None,The WinHTTP Web Proxy Auto-Discovery Service service entered the stopped state.
Information,11/20/2016 5:40:09 PM,Service Control Manager,7036,None,The Software Protection service entered the stopped state.
Information,11/20/2016 5:39:39 PM,Service Control Manager,7036,None,The Software Protection service entered the running state.
Information,11/20/2016 5:14:52 PM,Service Control Manager,7036,None,The DNS Client service entered the running state.
Information,11/20/2016 5:14:52 PM,Service Control Manager,7036,None,The WinHTTP Web Proxy Auto-Discovery Service service entered the running state.
Information,11/20/2016 5:10:09 PM,Service Control Manager,7036,None,The Software Protection service entered the stopped state.
Information,11/20/2016 5:09:39 PM,Service Control Manager,7036,None,The Software Protection service entered the running state.
Information,11/20/2016 4:40:09 PM,Service Control Manager,7036,None,The Software Protection service entered the stopped state.
Information,11/20/2016 4:39:39 PM,Service Control Manager,7036,None,The Software Protection service entered the running state.
Information,11/20/2016 4:10:52 PM,Service Control Manager,7036,None,The DNS Client service entered the stopped state.
Information,11/20/2016 4:10:09 PM,Service Control Manager,7036,None,The Software Protection service entered the stopped state.
Information,11/20/2016 4:09:39 PM,Service Control Manager,7036,None,The Software Protection service entered the running state.
Information,11/20/2016 3:57:53 PM,Service Control Manager,7036,None,The WinHTTP Web Proxy Auto-Discovery Service service entered the stopped state.
Information,11/20/2016 3:40:09 PM,Service Control Manager,7036,None,The Software Protection service entered the stopped state.
Information,11/20/2016 3:39:39 PM,Service Control Manager,7036,None,The Software Protection service entered the running state.
Information,11/20/2016 3:30:52 PM,Service Control Manager,7036,None,The DNS Client service entered the running state.
Information,11/20/2016 3:30:52 PM,Service Control Manager,7036,None,The WinHTTP Web Proxy Auto-Discovery Service service entered the running state.
Information,11/20/2016 3:10:09 PM,Service Control Manager,7036,None,The Software Protection service entered the stopped state.
Information,11/20/2016 3:09:38 PM,Service Control Manager,7036,None,The Software Protection service entered the running state.
Information,11/20/2016 3:08:52 PM,Service Control Manager,7036,None,The DNS Client service entered the stopped state.
Information,11/20/2016 2:55:52 PM,Service Control Manager,7036,None,The WinHTTP Web Proxy Auto-Discovery Service service entered the stopped state.
Information,11/20/2016 2:40:08 PM,Service Control Manager,7036,None,The Software Protection service entered the stopped state.
Information,11/20/2016 2:39:38 PM,Service Control Manager,7036,None,The Software Protection service entered the running state.
Information,11/20/2016 2:28:52 PM,Service Control Manager,7036,None,The DNS Client service entered the running state.
Information,11/20/2016 2:28:52 PM,Service Control Manager,7036,None,The WinHTTP Web Proxy Auto-Discovery Service service entered the running state.
Information,11/20/2016 2:10:08 PM,Service Control Manager,7036,None,The Software Protection service entered the stopped state.
Information,11/20/2016 2:09:38 PM,Service Control Manager,7036,None,The Software Protection service entered the running state.
Information,11/20/2016 1:40:08 PM,Service Control Manager,7036,None,The Software Protection service entered the stopped state.
Information,11/20/2016 1:39:38 PM,Service Control Manager,7036,None,The Software Protection service entered the running state.
Information,11/20/2016 1:34:52 PM,Service Control Manager,7036,None,The DNS Client service entered the stopped state.
Information,11/20/2016 1:21:52 PM,Service Control Manager,7036,None,The WinHTTP Web Proxy Auto-Discovery Service service entered the stopped state.
Information,11/20/2016 1:10:08 PM,Service Control Manager,7036,None,The Software Protection service entered the stopped state.
Information,11/20/2016 1:09:38 PM,Service Control Manager,7036,None,The Software Protection service entered the running state.
Information,11/20/2016 12:54:52 PM,Service Control Manager,7036,None,The DNS Client service entered the running state.
Information,11/20/2016 12:54:52 PM,Service Control Manager,7036,None,The WinHTTP Web Proxy Auto-Discovery Service service entered the running state.
Information,11/20/2016 12:40:08 PM,Service Control Manager,7036,None,The Software Protection service entered the stopped state.
Information,11/20/2016 12:39:38 PM,Service Control Manager,7036,None,The Software Protection service entered the running state.
Information,11/20/2016 12:10:08 PM,Service Control Manager,7036,None,The Software Protection service entered the stopped state.
Information,11/20/2016 12:09:38 PM,Service Control Manager,7036,None,The Software Protection service entered the running state.
Information,11/20/2016 12:05:52 PM,Service Control Manager,7036,None,The DNS Client service entered the stopped state.
Information,11/20/2016 11:52:52 AM,Service Control Manager,7036,None,The WinHTTP Web Proxy Auto-Discovery Service service entered the stopped state.
Information,11/20/2016 11:40:08 AM,Service Control Manager,7036,None,The Software Protection service entered the stopped state.
Information,11/20/2016 11:39:37 AM,Service Control Manager,7036,None,The Software Protection service entered the running state.
Information,11/20/2016 11:25:52 AM,Service Control Manager,7036,None,The DNS Client service entered the running state.
Information,11/20/2016 11:25:52 AM,Service Control Manager,7036,None,The WinHTTP Web Proxy Auto-Discovery Service service entered the running state.
Information,11/20/2016 11:10:08 AM,Service Control Manager,7036,None,The Software Protection service entered the stopped state.
Information,11/20/2016 11:09:37 AM,Service Control Manager,7036,None,The Software Protection service entered the running state.
Information,11/20/2016 10:40:07 AM,Service Control Manager,7036,None,The Software Protection service entered the stopped state.
Information,11/20/2016 10:39:37 AM,Service Control Manager,7036,None,The Software Protection service entered the running state.
Information,11/20/2016 10:20:51 AM,Service Control Manager,7036,None,The DNS Client service entered the stopped state.
Information,11/20/2016 10:10:07 AM,Service Control Manager,7036,None,The Software Protection service entered the stopped state.
Information,11/20/2016 10:09:37 AM,Service Control Manager,7036,None,The Software Protection service entered the running state.
Information,11/20/2016 10:07:52 AM,Service Control Manager,7036,None,The WinHTTP Web Proxy Auto-Discovery Service service entered the stopped state.
Information,11/20/2016 9:40:51 AM,Service Control Manager,7036,None,The DNS Client service entered the running state.
Information,11/20/2016 9:40:51 AM,Service Control Manager,7036,None,The WinHTTP Web Proxy Auto-Discovery Service service entered the running state.
Information,11/20/2016 9:40:07 AM,Service Control Manager,7036,None,The Software Protection service entered the stopped state.
Information,11/20/2016 9:39:37 AM,Service Control Manager,7036,None,The Software Protection service entered the running state.
Information,11/20/2016 9:10:07 AM,Service Control Manager,7036,None,The Software Protection service entered the stopped state.
Information,11/20/2016 9:09:37 AM,Service Control Manager,7036,None,The Software Protection service entered the running state.
Information,11/20/2016 8:43:36 AM,Service Control Manager,7036,None,The DNS Client service entered the stopped state.
Information,11/20/2016 8:40:07 AM,Service Control Manager,7036,None,The Software Protection service entered the stopped state.
Information,11/20/2016 8:39:37 AM,Service Control Manager,7036,None,The Software Protection service entered the running state.
Information,11/20/2016 8:31:06 AM,Service Control Manager,7036,None,The WinHTTP Web Proxy Auto-Discovery Service service entered the stopped state.
Information,11/20/2016 8:10:07 AM,Service Control Manager,7036,None,The Software Protection service entered the stopped state.
Information,11/20/2016 8:09:36 AM,Service Control Manager,7036,None,The Software Protection service entered the running state.
Information,11/20/2016 7:55:44 AM,Service Control Manager,7036,None,The Windows Modules Installer service entered the stopped state.
Information,11/20/2016 7:53:38 AM,Service Control Manager,7036,None,The Windows Modules Installer service entered the running state.
Information,11/20/2016 7:53:36 AM,Service Control Manager,7036,None,The DNS Client service entered the running state.
Information,11/20/2016 7:53:36 AM,Service Control Manager,7036,None,The WinHTTP Web Proxy Auto-Discovery Service service entered the running state.
Information,11/20/2016 7:40:07 AM,Service Control Manager,7036,None,The Software Protection service entered the stopped state.
Information,11/20/2016 7:39:36 AM,Service Control Manager,7036,None,The Software Protection service entered the running state.
Information,11/20/2016 7:29:51 AM,Service Control Manager,7036,None,The DNS Client service entered the stopped state.
Information,11/20/2016 7:16:51 AM,Service Control Manager,7036,None,The WinHTTP Web Proxy Auto-Discovery Service service entered the stopped state.
Information,11/20/2016 7:10:06 AM,Service Control Manager,7036,None,The Software Protection service entered the stopped state.
Information,11/20/2016 7:09:36 AM,Service Control Manager,7036,None,The Software Protection service entered the running state.
Information,11/20/2016 6:49:51 AM,Service Control Manager,7036,None,The DNS Client service entered the running state.
Information,11/20/2016 6:49:51 AM,Service Control Manager,7036,None,The WinHTTP Web Proxy Auto-Discovery Service service entered the running state.
Information,11/20/2016 6:40:06 AM,Service Control Manager,7036,None,The Software Protection service entered the stopped state.
Information,11/20/2016 6:39:36 AM,Service Control Manager,7036,None,The Software Protection service entered the running state.
Information,11/20/2016 6:29:51 AM,Service Control Manager,7036,None,The DNS Client service entered the stopped state.
Information,11/20/2016 6:16:51 AM,Service Control Manager,7036,None,The WinHTTP Web Proxy Auto-Discovery Service service entered the stopped state.
Information,11/20/2016 6:10:06 AM,Service Control Manager,7036,None,The Software Protection service entered the stopped state.
Information,11/20/2016 6:09:36 AM,Service Control Manager,7036,None,The Software Protection service entered the running state.
Information,11/20/2016 5:49:51 AM,Service Control Manager,7036,None,The DNS Client service entered the running state.
Information,11/20/2016 5:49:51 AM,Service Control Manager,7036,None,The WinHTTP Web Proxy Auto-Discovery Service service entered the running state.
Information,11/20/2016 5:40:06 AM,Service Control Manager,7036,None,The Software Protection service entered the stopped state.
Information,11/20/2016 5:39:36 AM,Service Control Manager,7036,None,The Software Protection service entered the running state.
Information,11/20/2016 5:27:50 AM,Service Control Manager,7036,None,The DNS Client service entered the stopped state.
Information,11/20/2016 5:14:50 AM,Service Control Manager,7036,None,The WinHTTP Web Proxy Auto-Discovery Service service entered the stopped state.
Information,11/20/2016 5:11:12 AM,Service Control Manager,7036,None,The Windows Modules Installer service entered the stopped state.
Information,11/20/2016 5:10:06 AM,Service Control Manager,7036,None,The Software Protection service entered the stopped state.
Information,11/20/2016 5:09:36 AM,Service Control Manager,7036,None,The Software Protection service entered the running state.
Information,11/20/2016 5:09:12 AM,Service Control Manager,7036,None,The Windows Modules Installer service entered the running state.
Information,11/20/2016 4:47:50 AM,Service Control Manager,7036,None,The DNS Client service entered the running state.
Information,11/20/2016 4:47:50 AM,Service Control Manager,7036,None,The WinHTTP Web Proxy Auto-Discovery Service service entered the running state.
Information,11/20/2016 4:40:06 AM,Service Control Manager,7036,None,The Software Protection service entered the stopped state.
Information,11/20/2016 4:39:35 AM,Service Control Manager,7036,None,The Software Protection service entered the running state.
Information,11/20/2016 4:10:05 AM,Service Control Manager,7036,None,The Software Protection service entered the stopped state.
Information,11/20/2016 4:09:35 AM,Service Control Manager,7036,None,The Software Protection service entered the running state.
Information,11/20/2016 4:00:00 AM,Service Control Manager,7036,None,The DNS Client service entered the stopped state.
Information,11/20/2016 4:00:00 AM,EventLog,6013,None,The system uptime is 2026438 seconds.
Information,11/20/2016 3:46:30 AM,Service Control Manager,7036,None,The WinHTTP Web Proxy Auto-Discovery Service service entered the stopped state.
Information,11/20/2016 3:40:05 AM,Service Control Manager,7036,None,The Software Protection service entered the stopped state.
Information,11/20/2016 3:39:35 AM,Service Control Manager,7036,None,The Software Protection service entered the running state.
Information,11/20/2016 3:10:05 AM,Service Control Manager,7036,None,The Software Protection service entered the stopped state.
Information,11/20/2016 3:09:35 AM,Service Control Manager,7036,None,The Software Protection service entered the running state.
Information,11/20/2016 3:00:00 AM,Service Control Manager,7036,None,The DNS Client service entered the running state.
Information,11/20/2016 3:00:00 AM,Service Control Manager,7036,None,The WinHTTP Web Proxy Auto-Discovery Service service entered the running state.
Information,11/20/2016 2:40:05 AM,Service Control Manager,7036,None,The Software Protection service entered the stopped state.
Information,11/20/2016 2:39:35 AM,Service Control Manager,7036,None,The Software Protection service entered the running state.
Information,11/20/2016 2:10:05 AM,Service Control Manager,7036,None,The Software Protection service entered the stopped state.
Information,11/20/2016 2:09:35 AM,Service Control Manager,7036,None,The Software Protection service entered the running state.
Information,11/20/2016 2:00:39 AM,Service Control Manager,7036,None,The DNS Client service entered the stopped state.
Information,11/20/2016 1:50:51 AM,Service Control Manager,7036,None,The WinHTTP Web Proxy Auto-Discovery Service service entered the stopped state.
Information,11/20/2016 1:40:05 AM,Service Control Manager,7036,None,The Software Protection service entered the stopped state.
Information,11/20/2016 1:39:35 AM,Service Control Manager,7036,None,The Software Protection service entered the running state.
Information,11/20/2016 1:23:51 AM,Service Control Manager,7036,None,The DNS Client service entered the running state.
Information,11/20/2016 1:23:51 AM,Service Control Manager,7036,None,The WinHTTP Web Proxy Auto-Discovery Service service entered the running state.
Information,11/20/2016 1:10:05 AM,Service Control Manager,7036,None,The Software Protection service entered the stopped state.
Information,11/20/2016 1:09:34 AM,Service Control Manager,7036,None,The Software Protection service entered the running state.
Information,11/20/2016 12:47:50 AM,Service Control Manager,7036,None,The DNS Client service entered the stopped state.
Information,11/20/2016 12:40:05 AM,Service Control Manager,7036,None,The Software Protection service entered the stopped state.
Information,11/20/2016 12:39:34 AM,Service Control Manager,7036,None,The Software Protection service entered the running state.
Information,11/20/2016 12:34:50 AM,Service Control Manager,7036,None,The WinHTTP Web Proxy Auto-Discovery Service service entered the stopped state.
Information,11/20/2016 12:10:04 AM,Service Control Manager,7036,None,The Software Protection service entered the stopped state.
Information,11/20/2016 12:09:34 AM,Service Control Manager,7036,None,The Software Protection service entered the running state.
Information,11/20/2016 12:07:50 AM,Service Control Manager,7036,None,The DNS Client service entered the running state.
Information,11/20/2016 12:07:50 AM,Service Control Manager,7036,None,The WinHTTP Web Proxy Auto-Discovery Service service entered the running state.
Information,11/19/2016 11:40:04 PM,Service Control Manager,7036,None,The Software Protection service entered the stopped state.
Information,11/19/2016 11:39:34 PM,Service Control Manager,7036,None,The Software Protection service entered the running state.
Information,11/19/2016 11:22:50 PM,Service Control Manager,7036,None,The DNS Client service entered the stopped state.
Information,11/19/2016 11:10:04 PM,Service Control Manager,7036,None,The Software Protection service entered the stopped state.
Information,11/19/2016 11:09:50 PM,Service Control Manager,7036,None,The WinHTTP Web Proxy Auto-Discovery Service service entered the stopped state.
Information,11/19/2016 11:09:34 PM,Service Control Manager,7036,None,The Software Protection service entered the running state.
Information,11/19/2016 10:42:50 PM,Service Control Manager,7036,None,The DNS Client service entered the running state.
Information,11/19/2016 10:42:50 PM,Service Control Manager,7036,None,The WinHTTP Web Proxy Auto-Discovery Service service entered the running state.
Information,11/19/2016 10:40:04 PM,Service Control Manager,7036,None,The Software Protection service entered the stopped state.
Information,11/19/2016 10:39:34 PM,Service Control Manager,7036,None,The Software Protection service entered the running state.
Information,11/19/2016 10:10:04 PM,Service Control Manager,7036,None,The Software Protection service entered the stopped state.
Information,11/19/2016 10:09:34 PM,Service Control Manager,7036,None,The Software Protection service entered the running state.
Information,11/19/2016 9:49:59 PM,Service Control Manager,7036,None,The DNS Client service entered the stopped state.
Information,11/19/2016 9:40:04 PM,Service Control Manager,7036,None,The Software Protection service entered the stopped state.
Information,11/19/2016 9:39:33 PM,Service Control Manager,7036,None,The Software Protection service entered the running state.
Information,11/19/2016 9:32:00 PM,Service Control Manager,7036,None,The Windows Modules Installer service entered the stopped state.
Information,11/19/2016 9:31:59 PM,Service Control Manager,7036,None,The Windows Error Reporting Service service entered the stopped state.
Information,11/19/2016 9:30:15 PM,Service Control Manager,7036,None,The Windows Time service entered the stopped state.
Information,11/19/2016 9:30:15 PM,Microsoft-Windows-Kernel-General,1,None,"The system time has changed to ‎2016‎-‎11‎-‎20T05:30:15.385000000Z from ‎2016‎-‎11‎-‎20T05:30:15.386621000Z.

Change Reason: An application or system component changed the time."
Information,11/19/2016 9:30:15 PM,Microsoft-Windows-Time-Service,35,None,"The time service is now synchronizing the system time with the time source time.windows.com,0x9 (ntp.m|0x9|0.0.0.0:123->52.169.179.91:123)."
Information,11/19/2016 9:30:01 PM,Microsoft-Windows-Time-Service,37,None,"The time provider NtpClient is currently receiving valid time data from time.windows.com,0x9 (ntp.m|0x9|0.0.0.0:123->52.169.179.91:123)."
Information,11/19/2016 9:30:00 PM,Service Control Manager,7036,None,The Windows Modules Installer service entered the running state.
Information,11/19/2016 9:30:00 PM,Service Control Manager,7036,None,The Problem Reports and Solutions Control Panel Support service entered the stopped state.
Information,11/19/2016 9:30:00 PM,Service Control Manager,7036,None,The Problem Reports and Solutions Control Panel Support service entered the running state.
Information,11/19/2016 9:29:59 PM,Service Control Manager,7036,None,The DNS Client service entered the running state.
Information,11/19/2016 9:29:59 PM,Service Control Manager,7036,None,The Windows Time service entered the running state.
Information,11/19/2016 9:29:59 PM,Service Control Manager,7036,None,The Windows Error Reporting Service service entered the running state.
Information,11/19/2016 9:24:50 PM,Service Control Manager,7036,None,The DNS Client service entered the stopped state.
Information,11/19/2016 9:11:50 PM,Service Control Manager,7036,None,The WinHTTP Web Proxy Auto-Discovery Service service entered the stopped state.
Information,11/19/2016 9:10:04 PM,Service Control Manager,7036,None,The Software Protection service entered the stopped state.
Information,11/19/2016 9:09:33 PM,Service Control Manager,7036,None,The Software Protection service entered the running state.
Information,11/19/2016 8:44:50 PM,Service Control Manager,7036,None,The DNS Client service entered the running state.
Information,11/19/2016 8:44:50 PM,Service Control Manager,7036,None,The WinHTTP Web Proxy Auto-Discovery Service service entered the running state.
Information,11/19/2016 8:40:03 PM,Service Control Manager,7036,None,The Software Protection service entered the stopped state.
Information,11/19/2016 8:39:33 PM,Service Control Manager,7036,None,The Software Protection service entered the running state.
Information,11/19/2016 8:10:03 PM,Service Control Manager,7036,None,The Software Protection service entered the stopped state.
Information,11/19/2016 8:09:33 PM,Service Control Manager,7036,None,The Software Protection service entered the running state.
Information,11/19/2016 8:02:50 PM,Service Control Manager,7036,None,The DNS Client service entered the stopped state.
Information,11/19/2016 7:49:50 PM,Service Control Manager,7036,None,The WinHTTP Web Proxy Auto-Discovery Service service entered the stopped state.
Information,11/19/2016 7:40:03 PM,Service Control Manager,7036,None,The Software Protection service entered the stopped state.
Information,11/19/2016 7:39:33 PM,Service Control Manager,7036,None,The Software Protection service entered the running state.
Information,11/19/2016 7:22:50 PM,Service Control Manager,7036,None,The DNS Client service entered the running state.
Information,11/19/2016 7:22:50 PM,Service Control Manager,7036,None,The WinHTTP Web Proxy Auto-Discovery Service service entered the running state.
Information,11/19/2016 7:10:03 PM,Service Control Manager,7036,None,The Software Protection service entered the stopped state.
Information,11/19/2016 7:09:33 PM,Service Control Manager,7036,None,The Software Protection service entered the running state.
Information,11/19/2016 6:46:49 PM,Service Control Manager,7036,None,The DNS Client service entered the stopped state.
Information,11/19/2016 6:40:03 PM,Service Control Manager,7036,None,The Software Protection service entered the stopped state.
Information,11/19/2016 6:39:33 PM,Service Control Manager,7036,None,The Software Protection service entered the running state.
Information,11/19/2016 6:33:49 PM,Service Control Manager,7036,None,The WinHTTP Web Proxy Auto-Discovery Service service entered the stopped state.
Information,11/19/2016 6:10:03 PM,Service Control Manager,7036,None,The Software Protection service entered the stopped state.
Information,11/19/2016 6:09:32 PM,Service Control Manager,7036,None,The Software Protection service entered the running state.
Information,11/19/2016 6:06:49 PM,Service Control Manager,7036,None,The DNS Client service entered the running state.
Information,11/19/2016 6:06:49 PM,Service Control Manager,7036,None,The WinHTTP Web Proxy Auto-Discovery Service service entered the running state.
Information,11/19/2016 5:40:03 PM,Service Control Manager,7036,None,The Software Protection service entered the stopped state.
Information,11/19/2016 5:39:32 PM,Service Control Manager,7036,None,The Software Protection service entered the running state.
Information,11/19/2016 5:24:49 PM,Service Control Manager,7036,None,The DNS Client service entered the stopped state.
Information,11/19/2016 5:11:49 PM,Service Control Manager,7036,None,The WinHTTP Web Proxy Auto-Discovery Service service entered the stopped state.
Information,11/19/2016 5:10:02 PM,Service Control Manager,7036,None,The Software Protection service entered the stopped state.
Information,11/19/2016 5:09:32 PM,Service Control Manager,7036,None,The Software Protection service entered the running state.
Information,11/19/2016 4:44:49 PM,Service Control Manager,7036,None,The DNS Client service entered the running state.
Information,11/19/2016 4:44:49 PM,Service Control Manager,7036,None,The WinHTTP Web Proxy Auto-Discovery Service service entered the running state.
Information,11/19/2016 4:40:02 PM,Service Control Manager,7036,None,The Software Protection service entered the stopped state.
Information,11/19/2016 4:39:32 PM,Service Control Manager,7036,None,The Software Protection service entered the running state.
Information,11/19/2016 4:10:02 PM,Service Control Manager,7036,None,The Software Protection service entered the stopped state.
Information,11/19/2016 4:09:32 PM,Service Control Manager,7036,None,The Software Protection service entered the running state.
Information,11/19/2016 3:40:02 PM,Service Control Manager,7036,None,The Software Protection service entered the stopped state.
Information,11/19/2016 3:39:32 PM,Service Control Manager,7036,None,The Software Protection service entered the running state.
Information,11/19/2016 3:34:49 PM,Service Control Manager,7036,None,The DNS Client service entered the stopped state.
Information,11/19/2016 3:21:49 PM,Service Control Manager,7036,None,The WinHTTP Web Proxy Auto-Discovery Service service entered the stopped state.
Information,11/19/2016 3:10:02 PM,Service Control Manager,7036,None,The Software Protection service entered the stopped state.
Information,11/19/2016 3:09:32 PM,Service Control Manager,7036,None,The Software Protection service entered the running state.
Information,11/19/2016 2:54:49 PM,Service Control Manager,7036,None,The DNS Client service entered the running state.
Information,11/19/2016 2:54:49 PM,Service Control Manager,7036,None,The WinHTTP Web Proxy Auto-Discovery Service service entered the running state.
Information,11/19/2016 2:40:02 PM,Service Control Manager,7036,None,The Software Protection service entered the stopped state.
Information,11/19/2016 2:39:31 PM,Service Control Manager,7036,None,The Software Protection service entered the running state.
Information,11/19/2016 2:16:49 PM,Service Control Manager,7036,None,The DNS Client service entered the stopped state.
Information,11/19/2016 2:10:02 PM,Service Control Manager,7036,None,The Software Protection service entered the stopped state.
Information,11/19/2016 2:09:31 PM,Service Control Manager,7036,None,The Software Protection service entered the running state.
Information,11/19/2016 2:03:49 PM,Service Control Manager,7036,None,The WinHTTP Web Proxy Auto-Discovery Service service entered the stopped state.
Information,11/19/2016 1:40:02 PM,Service Control Manager,7036,None,The Software Protection service entered the stopped state.
Information,11/19/2016 1:39:31 PM,Service Control Manager,7036,None,The Software Protection service entered the running state.
Information,11/19/2016 1:36:49 PM,Service Control Manager,7036,None,The DNS Client service entered the running state.
Information,11/19/2016 1:36:49 PM,Service Control Manager,7036,None,The WinHTTP Web Proxy Auto-Discovery Service service entered the running state.
Information,11/19/2016 1:10:01 PM,Service Control Manager,7036,None,The Software Protection service entered the stopped state.
Information,11/19/2016 1:09:31 PM,Service Control Manager,7036,None,The Software Protection service entered the running state.
Information,11/19/2016 12:48:37 PM,Service Control Manager,7036,None,The DNS Client service entered the stopped state.
Information,11/19/2016 12:40:01 PM,Service Control Manager,7036,None,The Software Protection service entered the stopped state.
Information,11/19/2016 12:39:31 PM,Service Control Manager,7036,None,The Software Protection service entered the running state.
Information,11/19/2016 12:31:07 PM,Service Control Manager,7036,None,The WinHTTP Web Proxy Auto-Discovery Service service entered the stopped state.
Information,11/19/2016 12:10:01 PM,Service Control Manager,7036,None,The Software Protection service entered the stopped state.
Information,11/19/2016 12:09:31 PM,Service Control Manager,7036,None,The Software Protection service entered the running state.
Information,11/19/2016 11:55:44 AM,Service Control Manager,7036,None,The Windows Modules Installer service entered the stopped state.
Information,11/19/2016 11:53:38 AM,Service Control Manager,7036,None,The Windows Modules Installer service entered the running state.
Information,11/19/2016 11:53:37 AM,Service Control Manager,7036,None,The DNS Client service entered the running state.
Information,11/19/2016 11:53:37 AM,Service Control Manager,7036,None,The WinHTTP Web Proxy Auto-Discovery Service service entered the running state.
Information,11/19/2016 11:40:01 AM,Service Control Manager,7036,None,The Software Protection service entered the stopped state.
Information,11/19/2016 11:39:31 AM,Service Control Manager,7036,None,The Software Protection service entered the running state.
Information,11/19/2016 11:27:48 AM,Service Control Manager,7036,None,The DNS Client service entered the stopped state.
Information,11/19/2016 11:14:48 AM,Service Control Manager,7036,None,The WinHTTP Web Proxy Auto-Discovery Service service entered the stopped state.
Information,11/19/2016 11:10:01 AM,Service Control Manager,7036,None,The Software Protection service entered the stopped state.
Information,11/19/2016 11:09:30 AM,Service Control Manager,7036,None,The Software Protection service entered the running state.
Information,11/19/2016 10:47:48 AM,Service Control Manager,7036,None,The DNS Client service entered the running state.
Information,11/19/2016 10:47:48 AM,Service Control Manager,7036,None,The WinHTTP Web Proxy Auto-Discovery Service service entered the running state.
Information,11/19/2016 10:40:01 AM,Service Control Manager,7036,None,The Software Protection service entered the stopped state.
Information,11/19/2016 10:39:30 AM,Service Control Manager,7036,None,The Software Protection service entered the running state.
Information,11/19/2016 10:14:48 AM,Service Control Manager,7036,None,The DNS Client service entered the stopped state.
Information,11/19/2016 10:10:00 AM,Service Control Manager,7036,None,The Software Protection service entered the stopped state.
Information,11/19/2016 10:09:30 AM,Service Control Manager,7036,None,The Software Protection service entered the running state.
Information,11/19/2016 10:01:48 AM,Service Control Manager,7036,None,The WinHTTP Web Proxy Auto-Discovery Service service entered the stopped state.
Information,11/19/2016 9:40:00 AM,Service Control Manager,7036,None,The Software Protection service entered the stopped state.
Information,11/19/2016 9:39:30 AM,Service Control Manager,7036,None,The Software Protection service entered the running state.
