Information,12/16/2016 2:41:29 AM,Service Control Manager,7036,None,The DNS Client service entered the running state.
Information,12/16/2016 2:40:57 AM,Service Control Manager,7036,None,The DNS Client service entered the stopped state.
Information,12/16/2016 2:20:57 AM,Service Control Manager,7036,None,The DNS Client service entered the running state.
Information,12/16/2016 2:18:51 AM,Service Control Manager,7036,None,The Software Protection service entered the stopped state.
Information,12/16/2016 2:18:21 AM,Service Control Manager,7036,None,The Software Protection service entered the running state.
Information,12/16/2016 2:11:29 AM,Service Control Manager,7036,None,The DNS Client service entered the stopped state.
Information,12/16/2016 1:56:16 AM,Service Control Manager,7036,None,The WinHTTP Web Proxy Auto-Discovery Service service entered the stopped state.
Information,12/16/2016 1:48:51 AM,Service Control Manager,7036,None,The Software Protection service entered the stopped state.
Information,12/16/2016 1:48:21 AM,Service Control Manager,7036,None,The Software Protection service entered the running state.
Information,12/16/2016 1:38:09 AM,Service Control Manager,7036,None,The Windows Update service entered the stopped state.
Information,12/16/2016 1:28:07 AM,Service Control Manager,7036,None,The Windows Update service entered the running state.
Information,12/16/2016 1:20:16 AM,Service Control Manager,7036,None,The Google Update Service (gupdate) service entered the stopped state.
Information,12/16/2016 1:20:16 AM,Service Control Manager,7036,None,The WinHTTP Web Proxy Auto-Discovery Service service entered the running state.
Information,12/16/2016 1:20:15 AM,Service Control Manager,7036,None,The Google Update Service (gupdate) service entered the running state.
Information,12/16/2016 1:18:51 AM,Service Control Manager,7036,None,The Software Protection service entered the stopped state.
Information,12/16/2016 1:18:21 AM,Service Control Manager,7036,None,The Software Protection service entered the running state.
Information,12/16/2016 1:01:29 AM,Service Control Manager,7036,None,The DNS Client service entered the running state.
Information,12/16/2016 1:01:29 AM,Service Control Manager,7036,None,The DNS Client service entered the stopped state.
Information,12/16/2016 12:48:51 AM,Service Control Manager,7036,None,The Software Protection service entered the stopped state.
Information,12/16/2016 12:48:21 AM,Service Control Manager,7036,None,The Software Protection service entered the running state.
Information,12/16/2016 12:41:29 AM,Service Control Manager,7036,None,The DNS Client service entered the running state.
Information,12/16/2016 12:36:29 AM,Service Control Manager,7036,None,The DNS Client service entered the stopped state.
Information,12/16/2016 12:23:08 AM,Service Control Manager,7036,None,The WinHTTP Web Proxy Auto-Discovery Service service entered the stopped state.
Information,12/16/2016 12:18:51 AM,Service Control Manager,7036,None,The Software Protection service entered the stopped state.
Information,12/16/2016 12:18:20 AM,Service Control Manager,7036,None,The Software Protection service entered the running state.
Information,12/16/2016 12:06:10 AM,Service Control Manager,7036,None,The Windows Update service entered the stopped state.
Information,12/15/2016 11:56:08 PM,Service Control Manager,7036,None,The WinHTTP Web Proxy Auto-Discovery Service service entered the running state.
Information,12/15/2016 11:56:08 PM,Service Control Manager,7036,None,The Windows Update service entered the running state.
Information,12/15/2016 11:48:50 PM,Service Control Manager,7036,None,The Software Protection service entered the stopped state.
Information,12/15/2016 11:48:20 PM,Service Control Manager,7036,None,The Software Protection service entered the running state.
Information,12/15/2016 11:41:29 PM,Service Control Manager,7036,None,The DNS Client service entered the running state.
Information,12/15/2016 11:36:29 PM,Service Control Manager,7036,None,The DNS Client service entered the stopped state.
Information,12/15/2016 11:18:50 PM,Service Control Manager,7036,None,The Software Protection service entered the stopped state.
Information,12/15/2016 11:18:20 PM,Service Control Manager,7036,None,The Software Protection service entered the running state.
Error,12/15/2016 11:12:21 PM,Schannel,36888,None,A fatal alert was generated and sent to the remote endpoint. This may result in termination of the connection. The TLS protocol defined fatal error code is 10. The Windows SChannel error state is 1203.
Error,12/15/2016 11:12:21 PM,Schannel,36888,None,A fatal alert was generated and sent to the remote endpoint. This may result in termination of the connection. The TLS protocol defined fatal error code is 10. The Windows SChannel error state is 1203.
Information,12/15/2016 11:01:29 PM,Service Control Manager,7036,None,The DNS Client service entered the running state.
Information,12/15/2016 10:56:29 PM,Service Control Manager,7036,None,The DNS Client service entered the stopped state.
Information,12/15/2016 10:48:50 PM,Service Control Manager,7036,None,The Software Protection service entered the stopped state.
Information,12/15/2016 10:48:20 PM,Service Control Manager,7036,None,The Software Protection service entered the running state.
Information,12/15/2016 10:37:43 PM,Service Control Manager,7036,None,The Smart Card Device Enumeration Service service entered the stopped state.
Information,12/15/2016 10:28:43 PM,Service Control Manager,7036,None,The WinHTTP Web Proxy Auto-Discovery Service service entered the stopped state.
Information,12/15/2016 10:18:50 PM,Service Control Manager,7036,None,The Software Protection service entered the stopped state.
Information,12/15/2016 10:18:20 PM,Service Control Manager,7036,None,The Software Protection service entered the running state.
Information,12/15/2016 10:11:45 PM,Service Control Manager,7036,None,The Windows Update service entered the stopped state.
Information,12/15/2016 10:01:43 PM,Service Control Manager,7036,None,The WinHTTP Web Proxy Auto-Discovery Service service entered the running state.
Information,12/15/2016 10:01:43 PM,Service Control Manager,7036,None,The Windows Update service entered the running state.
Information,12/15/2016 10:01:29 PM,Service Control Manager,7036,None,The DNS Client service entered the running state.
Information,12/15/2016 9:58:31 PM,Service Control Manager,7036,None,The DNS Client service entered the stopped state.
Information,12/15/2016 9:48:50 PM,Service Control Manager,7036,None,The Software Protection service entered the stopped state.
Information,12/15/2016 9:48:19 PM,Service Control Manager,7036,None,The Software Protection service entered the running state.
Information,12/15/2016 9:44:59 PM,Service Control Manager,7036,None,The WinHTTP Web Proxy Auto-Discovery Service service entered the stopped state.
Information,12/15/2016 9:28:59 PM,Service Control Manager,7036,None,The Windows Update service entered the stopped state.
Information,12/15/2016 9:20:45 PM,Service Control Manager,7036,None,The Windows Modules Installer service entered the stopped state.
Information,12/15/2016 9:19:28 PM,Service Control Manager,7036,None,The Software Protection service entered the stopped state.
Information,12/15/2016 9:18:57 PM,Service Control Manager,7036,None,The Smart Card Device Enumeration Service service entered the running state.
Information,12/15/2016 9:18:19 PM,Service Control Manager,7036,None,The Software Protection service entered the running state.
Information,12/15/2016 9:14:35 PM,Microsoft-Windows-Kernel-General,1,None,"The system time has changed to ‎2016‎-‎12‎-‎16T05:14:35.500000000Z from ‎2016‎-‎12‎-‎16T04:55:03.684918900Z.

Change Reason: System time synchronized with the hardware clock."
Information,12/15/2016 8:44:16 PM,Service Control Manager,7036,None,The Software Protection service entered the stopped state.
Information,12/15/2016 8:43:45 PM,Service Control Manager,7036,None,The Software Protection service entered the running state.
Information,12/15/2016 8:42:11 PM,Service Control Manager,7036,None,The Windows Update service entered the running state.
Information,12/15/2016 8:30:51 PM,Service Control Manager,7036,None,The Software Protection service entered the stopped state.
Information,12/15/2016 8:28:41 PM,Service Control Manager,7036,None,The Software Protection service entered the running state.
Information,12/15/2016 8:22:51 PM,Service Control Manager,7036,None,The Windows Update service entered the stopped state.
Information,12/15/2016 8:20:47 PM,Service Control Manager,7036,None,The Google Update Service (gupdate) service entered the stopped state.
Information,12/15/2016 8:20:34 PM,Service Control Manager,7036,None,The Google Update Service (gupdate) service entered the running state.
Information,12/15/2016 8:15:03 PM,Service Control Manager,7036,None,The Windows Error Reporting Service service entered the stopped state.
Information,12/15/2016 8:14:03 PM,Service Control Manager,7036,None,The Smart Card Device Enumeration Service service entered the stopped state.
Information,12/15/2016 8:12:49 PM,Service Control Manager,7036,None,The Application Experience service entered the stopped state.
Information,12/15/2016 8:11:23 PM,Service Control Manager,7036,None,The Windows Error Reporting Service service entered the running state.
Information,12/15/2016 8:08:08 PM,Service Control Manager,7036,None,The Remote Registry service entered the stopped state.
Information,12/15/2016 8:03:22 PM,Service Control Manager,7036,None,The Windows Error Reporting Service service entered the stopped state.
Information,12/15/2016 8:03:22 PM,Microsoft-Windows-WindowsUpdateClient,19,Windows Update Agent,"Installation Successful: Windows successfully installed the following update: December, 2016 Security and Quality Rollup for .NET Framework 3.5, 4.5.2, 4.6, 4.6.1, 4.6.2 on Windows 8.1 and Windows Server 2012 R2 for x64 (KB3205404)"
Information,12/15/2016 8:03:22 PM,Microsoft-Windows-WindowsUpdateClient,19,Windows Update Agent,"Installation Successful: Windows successfully installed the following update: December, 2016 Security Monthly Quality Rollup for Windows Server 2012 R2 (KB3205401)"
Information,12/15/2016 8:02:19 PM,Service Control Manager,7036,None,The Cloud Initialization Service service entered the stopped state.
Information,12/15/2016 8:01:39 PM,Service Control Manager,7036,None,The Virtual Disk service entered the stopped state.
Information,12/15/2016 8:01:39 PM,Virtual Disk Service,4,None,Service stopped.
Information,12/15/2016 8:01:31 PM,Service Control Manager,7036,None,The Virtual Disk service entered the running state.
Information,12/15/2016 8:01:31 PM,Service Control Manager,7036,None,The Portable Device Enumerator Service service entered the stopped state.
Information,12/15/2016 8:01:31 PM,Virtual Disk Service,3,None,Service started.
Information,12/15/2016 8:01:27 PM,Service Control Manager,7036,None,The User Access Logging Service service entered the running state.
Information,12/15/2016 8:01:24 PM,Service Control Manager,7036,None,The Software Protection service entered the stopped state.
Warning,12/15/2016 8:01:16 PM,User32,1076,None,"The reason supplied by user OHP-WIN12\Admin for the last unexpected shutdown of this computer is: Other (Unplanned)
 Reason Code: 0xa000000
 Problem ID: 
 Bugcheck String: 
 Comment: 
"
Information,12/15/2016 8:01:15 PM,Service Control Manager,7036,None,The Background Intelligent Transfer Service service entered the running state.
Information,12/15/2016 8:01:01 PM,Service Control Manager,7036,None,The Distributed Transaction Coordinator service entered the running state.
Information,12/15/2016 8:00:54 PM,Service Control Manager,7036,None,The Software Protection service entered the running state.
Information,12/15/2016 8:00:39 PM,Service Control Manager,7036,None,The Google Update Service (gupdate) service entered the stopped state.
Information,12/15/2016 8:00:36 PM,Service Control Manager,7036,None,The Google Update Service (gupdate) service entered the running state.
Information,12/15/2016 8:00:36 PM,Service Control Manager,7036,None,The Diagnostic Policy Service service entered the running state.
Information,12/15/2016 8:00:17 PM,Service Control Manager,7036,None,The Windows Error Reporting Service service entered the running state.
Information,12/15/2016 8:00:17 PM,Service Control Manager,7036,None,The Windows Error Reporting Service service entered the stopped state.
Information,12/15/2016 7:59:41 PM,Service Control Manager,7036,None,The Application Information service entered the running state.
Information,12/15/2016 7:59:36 PM,Service Control Manager,7036,None,The Windows Update service entered the running state.
Information,12/15/2016 7:59:31 PM,Service Control Manager,7036,None,The Smart Card Device Enumeration Service service entered the running state.
Information,12/15/2016 7:59:27 PM,Microsoft-Windows-Kernel-General,16,None,The access history in hive \??\C:\Users\Admin\AppData\Local\Microsoft\Windows\UsrClass.dat was cleared updating 507 keys and creating 59 modified pages.
Information,12/15/2016 7:59:25 PM,Service Control Manager,7036,None,The Software Protection service entered the stopped state.
Information,12/15/2016 7:59:20 PM,Microsoft-Windows-Kernel-General,16,None,The access history in hive \??\C:\Users\Admin\ntuser.dat was cleared updating 1012 keys and creating 94 modified pages.
Information,12/15/2016 7:59:16 PM,Microsoft-Windows-Winlogon,7001,(1101),User Logon Notification for Customer Experience Improvement Program
Information,12/15/2016 7:58:53 PM,Service Control Manager,7040,None,The start type of the Windows Modules Installer service was changed from auto start to demand start.
Information,12/15/2016 7:58:51 PM,Microsoft-Windows-UserModePowerService,12,(10),Process C:\Windows\WinSxS\amd64_microsoft-windows-servicingstack_31bf3856ad364e35_6.3.9600.18384_none_fa1d93c39b41b41a\TiWorker.exe (process ID:852) reset policy scheme from {381B4222-F694-41F0-9685-FF5BB260DF2E} to {381B4222-F694-41F0-9685-FF5BB260DF2E}
Information,12/15/2016 7:58:51 PM,Microsoft-Windows-UserModePowerService,12,(10),Process C:\Windows\WinSxS\amd64_microsoft-windows-servicingstack_31bf3856ad364e35_6.3.9600.18384_none_fa1d93c39b41b41a\TiWorker.exe (process ID:852) reset policy scheme from {381B4222-F694-41F0-9685-FF5BB260DF2E} to {381B4222-F694-41F0-9685-FF5BB260DF2E}
Information,12/15/2016 7:58:44 PM,Microsoft-Windows-UserModePowerService,12,(10),Process C:\Windows\WinSxS\amd64_microsoft-windows-servicingstack_31bf3856ad364e35_6.3.9600.18384_none_fa1d93c39b41b41a\TiWorker.exe (process ID:852) reset policy scheme from {381B4222-F694-41F0-9685-FF5BB260DF2E} to {381B4222-F694-41F0-9685-FF5BB260DF2E}
Information,12/15/2016 7:58:43 PM,Microsoft-Windows-UserModePowerService,12,(10),Process C:\Windows\WinSxS\amd64_microsoft-windows-servicingstack_31bf3856ad364e35_6.3.9600.18384_none_fa1d93c39b41b41a\TiWorker.exe (process ID:852) reset policy scheme from {381B4222-F694-41F0-9685-FF5BB260DF2E} to {381B4222-F694-41F0-9685-FF5BB260DF2E}
Information,12/15/2016 7:58:40 PM,Service Control Manager,7036,None,The Remote Desktop Services UserMode Port Redirector service entered the running state.
Information,12/15/2016 7:58:27 PM,Service Control Manager,7036,None,The Certificate Propagation service entered the running state.
Information,12/15/2016 7:58:26 PM,Service Control Manager,7036,None,The Remote Desktop Configuration service entered the running state.
Information,12/15/2016 7:58:20 PM,Service Control Manager,7036,None,The IPsec Policy Agent service entered the running state.
Information,12/15/2016 7:58:20 PM,Service Control Manager,7036,None,The Application Experience service entered the running state.
Information,12/15/2016 7:58:20 PM,Service Control Manager,7036,None,The Software Protection service entered the running state.
Information,12/15/2016 7:58:20 PM,Service Control Manager,7036,None,The Network List Service service entered the running state.
Information,12/15/2016 7:58:19 PM,Service Control Manager,7036,None,The Portable Device Enumerator Service service entered the running state.
Information,12/15/2016 7:58:19 PM,Service Control Manager,7036,None,The Remote Desktop Services service entered the running state.
Information,12/15/2016 7:58:13 PM,Service Control Manager,7036,None,The Windows Error Reporting Service service entered the running state.
Information,12/15/2016 7:58:12 PM,Service Control Manager,7026,None,"The following boot-start or system-start driver(s) did not load: 
cdrom"
Information,12/15/2016 7:58:12 PM,Service Control Manager,7036,None,The Server service entered the running state.
Information,12/15/2016 7:58:12 PM,Microsoft-Windows-Iphlpsvc,4200,None,Isatap interface isatap.westcloud with address fe80::5efe:172.16.1.26 has been brought up.
Information,12/15/2016 7:58:09 PM,Service Control Manager,7036,None,The IP Helper service entered the running state.
Information,12/15/2016 7:58:08 PM,Service Control Manager,7036,None,The Cloud Initialization Service service entered the running state.
Information,12/15/2016 7:58:06 PM,Service Control Manager,7036,None,The OpenSSH Server service entered the stopped state.
Information,12/15/2016 7:58:05 PM,Service Control Manager,7036,None,The CYGWIN sshd service entered the stopped state.
Information,12/15/2016 7:58:04 PM,Service Control Manager,7036,None,The OpenSSH Server service entered the running state.
Information,12/15/2016 7:58:03 PM,Service Control Manager,7036,None,The RSyslog Windows Agent service entered the running state.
Information,12/15/2016 7:58:03 PM,Service Control Manager,7036,None,The Windows Licensing Monitoring Service service entered the running state.
Information,12/15/2016 7:57:50 PM,Service Control Manager,7036,None,The Windows Remote Management (WS-Management) service entered the running state.
Information,12/15/2016 7:57:50 PM,Service Control Manager,7036,None,The Windows Management Instrumentation service entered the running state.
Information,12/15/2016 7:57:50 PM,Service Control Manager,7036,None,The Distributed Link Tracking Client service entered the running state.
Information,12/15/2016 7:57:50 PM,Service Control Manager,7036,None,The WinHTTP Web Proxy Auto-Discovery Service service entered the running state.
Information,12/15/2016 7:57:50 PM,Microsoft-Windows-WinRM,10148,None,"The WinRM service is listening for WS-Management requests. 

 User Action 
 Use the following command to see the specific IPs on which WinRM is listening: 

 winrm enumerate winrm/config/listener"
Information,12/15/2016 7:57:48 PM,Service Control Manager,7036,None,The Remote Registry service entered the running state.
Information,12/15/2016 7:57:48 PM,Service Control Manager,7036,None,The Diagnostics Tracking Service service entered the running state.
Information,12/15/2016 7:57:43 PM,Service Control Manager,7036,None,The Network Location Awareness service entered the running state.
Information,12/15/2016 7:57:43 PM,Service Control Manager,7036,None,The Cryptographic Services service entered the running state.
Information,12/15/2016 7:57:42 PM,Service Control Manager,7036,None,The Print Spooler service entered the running state.
Information,12/15/2016 7:57:41 PM,Service Control Manager,7036,None,The Security Accounts Manager service entered the running state.
Information,12/15/2016 7:57:41 PM,Service Control Manager,7036,None,The Workstation service entered the running state.
Information,12/15/2016 7:57:41 PM,Service Control Manager,7036,None,The Windows Firewall service entered the running state.
Information,12/15/2016 7:57:40 PM,Service Control Manager,7036,None,The Base Filtering Engine service entered the running state.
Information,12/15/2016 7:57:39 PM,Service Control Manager,7036,None,The Windows Audio service entered the running state.
Information,12/15/2016 7:57:36 PM,Service Control Manager,7036,None,The Windows Audio Endpoint Builder service entered the running state.
Information,12/15/2016 7:57:36 PM,Service Control Manager,7036,None,The Windows Font Cache Service service entered the running state.
Information,12/15/2016 7:57:36 PM,Service Control Manager,7036,None,The Multimedia Class Scheduler service entered the running state.
Information,12/15/2016 7:57:35 PM,Service Control Manager,7036,None,The Task Scheduler service entered the running state.
Information,12/15/2016 7:57:34 PM,Service Control Manager,7036,None,The Shell Hardware Detection service entered the running state.
Information,12/15/2016 7:57:34 PM,Service Control Manager,7036,None,The DHCP Client service entered the running state.
Information,12/15/2016 7:57:34 PM,Microsoft-Windows-DHCPv6-Client,51046,Service State Event,DHCPv6 client service is started
Information,12/15/2016 7:57:33 PM,Service Control Manager,7036,None,The DNS Client service entered the running state.
Information,12/15/2016 7:57:33 PM,Microsoft-Windows-Dhcp-Client,50036,Service State Event,DHCPv4 client service is started
Information,12/15/2016 7:57:33 PM,Service Control Manager,7036,None,The TCP/IP NetBIOS Helper service entered the running state.
Information,12/15/2016 7:57:33 PM,Service Control Manager,7036,None,The Windows Connection Manager service entered the running state.
Information,12/15/2016 7:57:32 PM,Service Control Manager,7036,None,The Network Store Interface Service service entered the running state.
Information,12/15/2016 7:57:31 PM,Service Control Manager,7036,None,The System Event Notification Service service entered the running state.
Information,12/15/2016 7:57:31 PM,Service Control Manager,7036,None,The User Profile Service service entered the running state.
Information,12/15/2016 7:57:31 PM,Service Control Manager,7036,None,The Group Policy Client service entered the running state.
Information,12/15/2016 7:57:30 PM,Service Control Manager,7036,None,The Windows Modules Installer service entered the running state.
Information,12/15/2016 7:57:29 PM,Service Control Manager,7036,None,The COM+ Event System service entered the running state.
Information,12/15/2016 7:57:29 PM,Service Control Manager,7036,None,The Themes service entered the running state.
Information,12/15/2016 7:57:27 PM,Service Control Manager,7036,None,The Windows Event Log service entered the running state.
Information,12/15/2016 7:57:26 PM,Microsoft-Windows-FilterManager,6,None,"File System Filter 'luafv' (6.3, ‎2014‎-‎02‎-‎22T04:14:25.000000000Z) has successfully loaded and registered with Filter Manager."
Information,12/15/2016 7:57:25 PM,Service Control Manager,7036,None,The System Events Broker service entered the running state.
Information,12/15/2016 7:57:25 PM,Service Control Manager,7036,None,The Local Session Manager service entered the running state.
Information,12/15/2016 7:57:25 PM,Service Control Manager,7036,None,The Background Tasks Infrastructure Service service entered the running state.
Information,12/15/2016 7:57:24 PM,Service Control Manager,7036,None,The Remote Procedure Call (RPC) service entered the running state.
Information,12/15/2016 7:57:24 PM,Service Control Manager,7036,None,The RPC Endpoint Mapper service entered the running state.
Information,12/15/2016 7:57:24 PM,Service Control Manager,7036,None,The DCOM Server Process Launcher service entered the running state.
Information,12/15/2016 7:57:24 PM,Service Control Manager,7036,None,The Power service entered the running state.
Information,12/15/2016 7:57:24 PM,Service Control Manager,7036,None,The Plug and Play service entered the running state.
Information,12/15/2016 7:55:07 PM,Microsoft-Windows-Ntfs,98,None,Volume \\?\Volume{4a4c3f7c-9caa-11e6-80b7-806e6f6e6963} (\Device\HarddiskVolume1) is healthy.  No action is needed.
Information,12/15/2016 7:55:07 PM,Microsoft-Windows-Kernel-Processor-Power,55,(47),"Processor 1 in group 0 exposes the following power management capabilities:

Idle state type: ACPI Idle (C) States (1 state(s))

Performance state type: None
Nominal Frequency (MHz): 1995
Maximum performance percentage: 100
Minimum performance percentage: 100
Minimum throttle percentage: 100"
Information,12/15/2016 7:55:07 PM,Microsoft-Windows-Kernel-Processor-Power,55,(47),"Processor 0 in group 0 exposes the following power management capabilities:

Idle state type: ACPI Idle (C) States (1 state(s))

Performance state type: None
Nominal Frequency (MHz): 1995
Maximum performance percentage: 100
Minimum performance percentage: 100
Minimum throttle percentage: 100"
Information,12/15/2016 7:55:06 PM,Microsoft-Windows-Kernel-Power,508,(159),"The system has been constrained to a periodic tick 

Reason: No HW support."
Information,12/15/2016 7:55:06 PM,Microsoft-Windows-FilterManager,6,None,"File System Filter 'npsvctrig' (6.3, ‎2013‎-‎08‎-‎22T03:38:22.000000000Z) has successfully loaded and registered with Filter Manager."
Information,12/15/2016 7:55:04 PM,Microsoft-Windows-Ntfs,98,None,Volume C: (\Device\HarddiskVolume2) is healthy.  No action is needed.
Information,12/15/2016 7:55:03 PM,Microsoft-Windows-Kernel-Boot,32,None,The bootmgr spent 0 ms waiting for user input.
Information,12/15/2016 7:55:03 PM,Microsoft-Windows-Kernel-Boot,18,None,There are 0x1 boot options on this system.
Information,12/15/2016 7:55:03 PM,Microsoft-Windows-Kernel-Boot,27,None,The boot type was 0x0.
Information,12/15/2016 7:55:03 PM,Microsoft-Windows-Kernel-Boot,20,None,The last shutdown's success status was true. The last boot's success status was true.
Information,12/15/2016 7:55:03 PM,Microsoft-Windows-Kernel-General,12,None,The operating system started at system time ‎2016‎-‎12‎-‎16T03:55:03.493722700Z.
Information,12/15/2016 7:54:15 PM,Microsoft-Windows-Kernel-General,13,None,The operating system is shutting down at system time ‎2016‎-‎12‎-‎16T03:54:15.620745000Z.
Information,12/15/2016 7:54:11 PM,Service Control Manager,7036,None,The Cryptographic Services service entered the stopped state.
Error,12/15/2016 7:54:03 PM,Microsoft-Windows-DistributedCOM,10010,None,The server {F9A874B6-F8A8-4D73-B5A8-AB610816828B} did not register with DCOM within the required timeout.
Information,12/15/2016 7:53:43 PM,Microsoft-Windows-Kernel-Power,109,(103),The kernel power manager has initiated a shutdown transition.
Information,12/15/2016 7:53:41 PM,Service Control Manager,7036,None,The Windows Event Log service entered the stopped state.
Information,12/15/2016 7:53:39 PM,Service Control Manager,7036,None,The Windows Font Cache Service service entered the stopped state.
Information,12/15/2016 7:53:39 PM,Service Control Manager,7036,None,The Windows Connection Manager service entered the stopped state.
Information,12/15/2016 7:57:27 PM,EventLog,6013,None,The system uptime is 144 seconds.
Information,12/15/2016 7:57:27 PM,EventLog,6005,None,The Event log service was started.
Information,12/15/2016 7:57:27 PM,EventLog,6009,None,Microsoft (R) Windows (R) 6.03. 9600  Multiprocessor Free.
Information,12/15/2016 7:53:39 PM,Service Control Manager,7036,None,The Windows Remote Management (WS-Management) service entered the stopped state.
Information,12/15/2016 7:53:39 PM,Service Control Manager,7036,None,The IPsec Policy Agent service entered the stopped state.
Error,12/15/2016 7:53:38 PM,Service Control Manager,7023,None,"The IP Helper service terminated with the following error: 
Provider DLL failed to initialize correctly."
Information,12/15/2016 7:53:38 PM,Service Control Manager,7036,None,The IP Helper service entered the stopped state.
Information,12/15/2016 7:53:38 PM,Service Control Manager,7036,None,The DHCP Client service entered the stopped state.
Information,12/15/2016 7:53:38 PM,Microsoft-Windows-Dhcp-Client,50037,Service State Event,DHCPv4 client service is stopped. ShutDown Flag value is 1
Information,12/15/2016 7:53:38 PM,Microsoft-Windows-DHCPv6-Client,51047,Service State Event,DHCPv6 client service is stopped. ShutDown Flag value is 1
Information,12/15/2016 7:53:38 PM,Service Control Manager,7036,None,The Distributed Link Tracking Client service entered the stopped state.
Information,12/15/2016 7:53:38 PM,Service Control Manager,7036,None,The Cloud Initialization Service service entered the stopped state.
Information,12/15/2016 7:53:38 PM,Service Control Manager,7036,None,The Windows Licensing Monitoring Service service entered the stopped state.
Information,12/15/2016 7:53:38 PM,Service Control Manager,7036,None,The User Profile Service service entered the stopped state.
Information,12/15/2016 7:53:38 PM,Service Control Manager,7036,None,The Plug and Play service entered the stopped state.
Information,12/15/2016 7:53:38 PM,EventLog,6006,None,The Event log service was stopped.
Warning,12/15/2016 7:53:38 PM,Microsoft-Windows-WinRM,10149,None,"The WinRM service is not listening for WS-Management requests. 

 User Action 
 If you did not intentionally stop the service, use the following command to see the WinRM configuration: 

 winrm enumerate winrm/config/listener"
Error,12/15/2016 7:53:36 PM,Service Control Manager,7023,None,"The Task Scheduler service terminated with the following error: 
A dynamic link library (DLL) initialization routine failed."
Information,12/15/2016 7:53:36 PM,Service Control Manager,7036,None,The Task Scheduler service entered the stopped state.
Information,12/15/2016 7:53:36 PM,Microsoft-Windows-Iphlpsvc,4201,None,Isatap interface  is no longer active.
Error,12/15/2016 7:53:36 PM,Service Control Manager,7000,None,"The Software Protection service failed to start due to the following error: 
The service did not respond to the start or control request in a timely fashion."
Error,12/15/2016 7:53:36 PM,Service Control Manager,7009,None,A timeout was reached (30000 milliseconds) while waiting for the Software Protection service to connect.
Information,12/15/2016 7:53:35 PM,Service Control Manager,7036,None,The Application Experience service entered the running state.
Information,12/15/2016 7:53:35 PM,Microsoft-Windows-Kernel-General,16,None,The access history in hive \??\C:\Windows\AppCompat\Programs\Amcache.hve was cleared updating 156 keys and creating 28 modified pages.
Information,12/15/2016 7:53:34 PM,Service Control Manager,7036,None,The Remote Desktop Services service entered the stopped state.
Information,12/15/2016 7:53:33 PM,Service Control Manager,7036,None,The IPsec Policy Agent service entered the running state.
Information,12/15/2016 7:53:33 PM,Service Control Manager,7036,None,The Portable Device Enumerator Service service entered the running state.
Information,12/15/2016 7:53:33 PM,Service Control Manager,7036,None,The Windows Error Reporting Service service entered the running state.
Information,12/15/2016 7:53:32 PM,Service Control Manager,7036,None,The CYGWIN sshd service entered the stopped state.
Error,12/15/2016 7:53:32 PM,Service Control Manager,7023,None,"The Task Scheduler service terminated with the following error: 
A dynamic link library (DLL) initialization routine failed."
Information,12/15/2016 7:53:32 PM,Service Control Manager,7036,None,The Task Scheduler service entered the stopped state.
Information,12/15/2016 7:53:32 PM,Service Control Manager,7026,None,"The following boot-start or system-start driver(s) did not load: 
cdrom"
Information,12/15/2016 7:53:32 PM,Service Control Manager,7036,None,The IP Helper service entered the running state.
Information,12/15/2016 7:53:32 PM,Service Control Manager,7036,None,The OpenSSH Server service entered the stopped state.
Information,12/15/2016 7:53:31 PM,Service Control Manager,7036,None,The Cloud Initialization Service service entered the running state.
Error,12/15/2016 7:53:26 PM,Service Control Manager,7023,None,"The Server service terminated with the following error: 
A dynamic link library (DLL) initialization routine failed."
Information,12/15/2016 7:53:26 PM,Service Control Manager,7036,None,The Server service entered the stopped state.
Information,12/15/2016 7:53:25 PM,Service Control Manager,7036,None,The Windows Remote Management (WS-Management) service entered the running state.
Information,12/15/2016 7:53:25 PM,Microsoft-Windows-WinRM,10148,None,"The WinRM service is listening for WS-Management requests. 

 User Action 
 Use the following command to see the specific IPs on which WinRM is listening: 

 winrm enumerate winrm/config/listener"
Information,12/15/2016 7:53:24 PM,Service Control Manager,7036,None,The RSyslog Windows Agent service entered the running state.
Information,12/15/2016 7:53:24 PM,Service Control Manager,7036,None,The Windows Management Instrumentation service entered the stopped state.
Information,12/15/2016 7:53:23 PM,Service Control Manager,7036,None,The Windows Management Instrumentation service entered the running state.
Information,12/15/2016 7:53:23 PM,Service Control Manager,7036,None,The OpenSSH Server service entered the running state.
Information,12/15/2016 7:53:23 PM,Service Control Manager,7036,None,The Distributed Link Tracking Client service entered the running state.
Information,12/15/2016 7:53:23 PM,Service Control Manager,7036,None,The Windows Licensing Monitoring Service service entered the running state.
Information,12/15/2016 7:53:23 PM,Service Control Manager,7036,None,The WinHTTP Web Proxy Auto-Discovery Service service entered the running state.
Information,12/15/2016 7:53:22 PM,Service Control Manager,7036,None,The CYGWIN sshd service entered the running state.
Information,12/15/2016 7:53:15 PM,Service Control Manager,7036,None,The Remote Registry service entered the running state.
Information,12/15/2016 7:53:12 PM,Service Control Manager,7036,None,The Cryptographic Services service entered the running state.
Information,12/15/2016 7:53:12 PM,Service Control Manager,7036,None,The Network Location Awareness service entered the running state.
Error,12/15/2016 7:53:11 PM,Service Control Manager,7023,None,"The Diagnostics Tracking Service service terminated with the following error: 
A dynamic link library (DLL) initialization routine failed."
Information,12/15/2016 7:53:11 PM,Service Control Manager,7036,None,The Diagnostics Tracking Service service entered the stopped state.
Information,12/15/2016 7:53:11 PM,Service Control Manager,7036,None,The Print Spooler service entered the running state.
Information,12/15/2016 7:53:09 PM,Service Control Manager,7036,None,The Security Accounts Manager service entered the running state.
Information,12/15/2016 7:53:09 PM,Service Control Manager,7036,None,The Workstation service entered the running state.
Information,12/15/2016 7:53:09 PM,Service Control Manager,7036,None,The Windows Firewall service entered the running state.
Information,12/15/2016 7:53:08 PM,Service Control Manager,7036,None,The Base Filtering Engine service entered the running state.
Error,12/15/2016 7:53:05 PM,Service Control Manager,7001,None,"The Windows Audio service depends on the Windows Audio Endpoint Builder service which failed to start because of the following error: 
A dynamic link library (DLL) initialization routine failed."
Error,12/15/2016 7:53:05 PM,Service Control Manager,7023,None,"The Windows Audio Endpoint Builder service terminated with the following error: 
A dynamic link library (DLL) initialization routine failed."
Information,12/15/2016 7:53:05 PM,Service Control Manager,7036,None,The Windows Audio Endpoint Builder service entered the stopped state.
Information,12/15/2016 7:53:05 PM,Service Control Manager,7036,None,The Multimedia Class Scheduler service entered the running state.
Error,12/15/2016 7:53:05 PM,Service Control Manager,7023,None,"The Task Scheduler service terminated with the following error: 
A dynamic link library (DLL) initialization routine failed."
Information,12/15/2016 7:53:05 PM,Service Control Manager,7036,None,The Task Scheduler service entered the stopped state.
Information,12/15/2016 7:53:04 PM,Service Control Manager,7036,None,The Shell Hardware Detection service entered the stopped state.
Information,12/15/2016 7:53:04 PM,Service Control Manager,7036,None,The DHCP Client service entered the running state.
Information,12/15/2016 7:53:04 PM,Microsoft-Windows-DHCPv6-Client,51046,Service State Event,DHCPv6 client service is started
Information,12/15/2016 7:53:03 PM,Service Control Manager,7036,None,The DNS Client service entered the running state.
Information,12/15/2016 7:53:03 PM,Microsoft-Windows-Dhcp-Client,50036,Service State Event,DHCPv4 client service is started
Information,12/15/2016 7:53:02 PM,Service Control Manager,7036,None,The Windows Connection Manager service entered the running state.
Information,12/15/2016 7:53:02 PM,Service Control Manager,7036,None,The TCP/IP NetBIOS Helper service entered the running state.
Information,12/15/2016 7:53:02 PM,Service Control Manager,7036,None,The Network Store Interface Service service entered the running state.
Error,12/15/2016 7:53:02 PM,Service Control Manager,7001,None,"The System Event Notification Service service depends on the COM+ Event System service which failed to start because of the following error: 
The operation completed successfully."
Information,12/15/2016 7:53:02 PM,Service Control Manager,7036,None,The COM+ Event System service entered the stopped state.
Information,12/15/2016 7:53:01 PM,Service Control Manager,7036,None,The User Profile Service service entered the running state.
Information,12/15/2016 7:53:01 PM,Service Control Manager,7036,None,The Group Policy Client service entered the running state.
Information,12/15/2016 7:53:01 PM,Service Control Manager,7036,None,The Themes service entered the running state.
Information,12/15/2016 7:53:00 PM,Service Control Manager,7036,None,The Windows Modules Installer service entered the stopped state.
Information,12/15/2016 7:53:00 PM,Service Control Manager,7036,None,The Windows Event Log service entered the running state.
Information,12/15/2016 7:52:59 PM,User32,1074,None,"The process C:\Windows\servicing\TrustedInstaller.exe (OHP-WIN12) has initiated the restart of computer OHP-WIN12 on behalf of user NT AUTHORITY\SYSTEM for the following reason: Operating System: Upgrade (Planned)
 Reason Code: 0x80020003
 Shutdown Type: restart
 Comment: "
Information,12/15/2016 7:52:59 PM,Microsoft-Windows-FilterManager,6,None,"File System Filter 'luafv' (6.3, ‎2014‎-‎02‎-‎22T04:14:25.000000000Z) has successfully loaded and registered with Filter Manager."
Information,12/15/2016 7:50:33 PM,Microsoft-Windows-Kernel-General,16,None,The access history in hive \SystemRoot\System32\SMI\Store\Machine\schema.dat was cleared updating 4871 keys and creating 763 modified pages.
Information,12/15/2016 7:50:26 PM,Microsoft-Windows-Kernel-General,16,None,The access history in hive \??\C:\Windows\System32\config\COMPONENTS was cleared updating 124579 keys and creating 15936 modified pages.
Information,12/15/2016 7:50:10 PM,Service Control Manager,7036,None,The Windows Modules Installer service entered the running state.
Information,12/15/2016 7:50:09 PM,Service Control Manager,7036,None,The Windows Font Cache Service service entered the running state.
Information,12/15/2016 7:50:08 PM,Microsoft-Windows-Kernel-General,16,None,The access history in hive \??\C:\Windows\ServiceProfiles\LocalService\NTUSER.DAT was cleared updating 40 keys and creating 11 modified pages.
Information,12/15/2016 7:50:07 PM,Service Control Manager,7036,None,The System Events Broker service entered the running state.
Information,12/15/2016 7:50:07 PM,Service Control Manager,7036,None,The Local Session Manager service entered the running state.
Information,12/15/2016 7:50:07 PM,Microsoft-Windows-Kernel-General,16,None,The access history in hive \SystemRoot\System32\Config\BBI was cleared updating 3 keys and creating 1 modified pages.
Information,12/15/2016 7:50:07 PM,Service Control Manager,7036,None,The Background Tasks Infrastructure Service service entered the running state.
Information,12/15/2016 7:50:07 PM,Service Control Manager,7036,None,The Remote Procedure Call (RPC) service entered the running state.
Information,12/15/2016 7:50:06 PM,Service Control Manager,7036,None,The RPC Endpoint Mapper service entered the running state.
Information,12/15/2016 7:50:06 PM,Service Control Manager,7036,None,The DCOM Server Process Launcher service entered the running state.
Information,12/15/2016 7:50:06 PM,Microsoft-Windows-Kernel-General,16,None,The access history in hive \??\C:\Windows\ServiceProfiles\NetworkService\NTUSER.DAT was cleared updating 74 keys and creating 12 modified pages.
Information,12/15/2016 7:50:06 PM,Service Control Manager,7036,None,The Power service entered the running state.
Information,12/15/2016 7:50:05 PM,Service Control Manager,7036,None,The Plug and Play service entered the running state.
Information,12/15/2016 7:49:39 PM,Microsoft-Windows-Kernel-General,16,None,The access history in hive \Device\HarddiskVolume1\Boot\BCD was cleared updating 54 keys and creating 5 modified pages.
Information,12/15/2016 7:49:38 PM,Microsoft-Windows-Kernel-General,16,None,The access history in hive \SystemRoot\System32\Config\SOFTWARE was cleared updating 135551 keys and creating 13800 modified pages.
Information,12/15/2016 7:49:37 PM,Microsoft-Windows-Kernel-General,16,None,The access history in hive \SystemRoot\System32\Config\DEFAULT was cleared updating 212 keys and creating 24 modified pages.
Information,12/15/2016 7:49:37 PM,Microsoft-Windows-Kernel-General,16,None,The access history in hive \SystemRoot\System32\Config\SECURITY was cleared updating 69 keys and creating 5 modified pages.
Information,12/15/2016 7:49:34 PM,Microsoft-Windows-Kernel-General,16,None,The access history in hive \SystemRoot\System32\Config\SAM was cleared updating 81 keys and creating 8 modified pages.
Information,12/15/2016 7:49:34 PM,Microsoft-Windows-Ntfs,98,None,Volume \\?\Volume{4a4c3f7c-9caa-11e6-80b7-806e6f6e6963} (\Device\HarddiskVolume1) is healthy.  No action is needed.
Information,12/15/2016 7:49:34 PM,Microsoft-Windows-Kernel-Processor-Power,55,(47),"Processor 1 in group 0 exposes the following power management capabilities:

Idle state type: ACPI Idle (C) States (1 state(s))

Performance state type: None
Nominal Frequency (MHz): 1995
Maximum performance percentage: 100
Minimum performance percentage: 100
Minimum throttle percentage: 100"
Information,12/15/2016 7:49:34 PM,Microsoft-Windows-Kernel-Processor-Power,55,(47),"Processor 0 in group 0 exposes the following power management capabilities:

Idle state type: ACPI Idle (C) States (1 state(s))

Performance state type: None
Nominal Frequency (MHz): 1995
Maximum performance percentage: 100
Minimum performance percentage: 100
Minimum throttle percentage: 100"
Information,12/15/2016 7:49:33 PM,Microsoft-Windows-Kernel-Power,508,(159),"The system has been constrained to a periodic tick 

Reason: No HW support."
Critical,12/15/2016 7:49:33 PM,Microsoft-Windows-Kernel-Power,41,(63),"The system has rebooted without cleanly shutting down first. This error could be caused if the system stopped responding, crashed, or lost power unexpectedly."
Information,12/15/2016 7:49:32 PM,Microsoft-Windows-FilterManager,6,None,"File System Filter 'npsvctrig' (6.3, ‎2013‎-‎08‎-‎22T03:38:22.000000000Z) has successfully loaded and registered with Filter Manager."
Information,12/15/2016 7:49:27 PM,Microsoft-Windows-Ntfs,98,None,Volume C: (\Device\HarddiskVolume2) is healthy.  No action is needed.
Information,12/15/2016 7:53:00 PM,EventLog,6013,None,The system uptime is 215 seconds.
Information,12/15/2016 7:52:59 PM,EventLog,6005,None,The Event log service was started.
Information,12/15/2016 7:52:59 PM,EventLog,6009,None,Microsoft (R) Windows (R) 6.03. 9600  Multiprocessor Free.
Error,12/15/2016 7:52:59 PM,EventLog,6008,None,The previous system shutdown at 11:44:42 AM on ‎12/‎15/‎2016 was unexpected.
Information,12/15/2016 7:49:24 PM,Microsoft-Windows-Kernel-Boot,32,None,The bootmgr spent 0 ms waiting for user input.
Information,12/15/2016 7:49:24 PM,Microsoft-Windows-Kernel-Boot,18,None,There are 0x1 boot options on this system.
Information,12/15/2016 7:49:24 PM,Microsoft-Windows-Kernel-Boot,27,None,The boot type was 0x0.
Information,12/15/2016 7:49:24 PM,Microsoft-Windows-Kernel-Boot,20,None,The last shutdown's success status was false. The last boot's success status was true.
Information,12/15/2016 7:49:24 PM,Microsoft-Windows-Kernel-General,12,None,The operating system started at system time ‎2016‎-‎12‎-‎16T03:49:24.496333400Z.
Information,12/15/2016 11:40:23 AM,Service Control Manager,7036,None,The Software Protection service entered the stopped state.
Information,12/15/2016 11:40:00 AM,Service Control Manager,7036,None,The Windows Update service entered the stopped state.
Information,12/15/2016 11:29:56 AM,Service Control Manager,7036,None,The WinHTTP Web Proxy Auto-Discovery Service service entered the running state.
Information,12/15/2016 11:29:56 AM,Service Control Manager,7036,None,The Windows Update service entered the running state.
Information,12/15/2016 11:14:51 AM,Service Control Manager,7036,None,The WinHTTP Web Proxy Auto-Discovery Service service entered the stopped state.
Information,12/15/2016 11:00:43 AM,Service Control Manager,7036,None,The Software Protection service entered the running state.
Information,12/15/2016 10:58:00 AM,Microsoft-Windows-Kernel-General,1,None,"The system time has changed to ‎2016‎-‎12‎-‎15T18:58:00.500000000Z from ‎2016‎-‎12‎-‎15T18:34:13.509939700Z.

Change Reason: System time synchronized with the hardware clock."
Information,12/15/2016 10:34:07 AM,Service Control Manager,7036,None,The Windows Update service entered the stopped state.
Information,12/15/2016 10:24:04 AM,Service Control Manager,7036,None,The WinHTTP Web Proxy Auto-Discovery Service service entered the running state.
Information,12/15/2016 10:24:04 AM,Service Control Manager,7036,None,The Windows Update service entered the running state.
Information,12/15/2016 10:07:37 AM,Service Control Manager,7036,None,The Software Protection service entered the stopped state.
Information,12/15/2016 10:06:55 AM,Service Control Manager,7036,None,The Software Protection service entered the running state.
Information,12/15/2016 10:05:31 AM,Service Control Manager,7036,None,The Windows Update service entered the stopped state.
Information,12/15/2016 10:01:47 AM,Service Control Manager,7036,None,The WinHTTP Web Proxy Auto-Discovery Service service entered the stopped state.
Information,12/15/2016 9:56:29 AM,Service Control Manager,7036,None,The Smart Card Device Enumeration Service service entered the stopped state.
Information,12/15/2016 9:39:12 AM,Service Control Manager,7036,None,The Software Protection service entered the stopped state.
Information,12/15/2016 9:36:55 AM,Service Control Manager,7036,None,The Software Protection service entered the running state.
Information,12/15/2016 9:34:46 AM,Service Control Manager,7036,None,The Google Update Service (gupdate) service entered the stopped state.
Information,12/15/2016 9:34:45 AM,Service Control Manager,7036,None,The Google Update Service (gupdate) service entered the running state.
Information,12/15/2016 9:34:13 AM,Microsoft-Windows-Kernel-General,1,None,"The system time has changed to ‎2016‎-‎12‎-‎15T17:34:13.500000000Z from ‎2016‎-‎12‎-‎15T17:20:15.743897400Z.

Change Reason: System time synchronized with the hardware clock."
Information,12/15/2016 9:04:15 AM,Service Control Manager,7036,None,The WinHTTP Web Proxy Auto-Discovery Service service entered the running state.
Information,12/15/2016 9:04:14 AM,Service Control Manager,7036,None,The Smart Card Device Enumeration Service service entered the running state.
Information,12/15/2016 9:04:14 AM,Service Control Manager,7036,None,The Windows Update service entered the running state.
Information,12/15/2016 8:55:36 AM,Service Control Manager,7036,None,The WinHTTP Web Proxy Auto-Discovery Service service entered the stopped state.
Information,12/15/2016 8:55:12 AM,Service Control Manager,7036,None,The Software Protection service entered the stopped state.
Information,12/15/2016 8:52:53 AM,Service Control Manager,7036,None,The Software Protection service entered the running state.
Information,12/15/2016 8:37:47 AM,Service Control Manager,7036,None,The Windows Update service entered the stopped state.
Information,12/15/2016 8:28:45 AM,Service Control Manager,7036,None,The Smart Card Device Enumeration Service service entered the stopped state.
Information,12/15/2016 8:27:45 AM,Service Control Manager,7036,None,The Windows Update service entered the running state.
Information,12/15/2016 8:24:56 AM,Service Control Manager,7036,None,The Windows Modules Installer service entered the running state.
Information,12/15/2016 8:23:23 AM,Service Control Manager,7036,None,The Software Protection service entered the stopped state.
Information,12/15/2016 8:22:53 AM,Service Control Manager,7036,None,The Software Protection service entered the running state.
Information,12/15/2016 8:17:37 AM,Service Control Manager,7036,None,The Windows Update service entered the stopped state.
Information,12/15/2016 8:07:35 AM,Service Control Manager,7036,None,The WinHTTP Web Proxy Auto-Discovery Service service entered the running state.
Information,12/15/2016 8:07:35 AM,Service Control Manager,7036,None,The Smart Card Device Enumeration Service service entered the running state.
Information,12/15/2016 8:07:35 AM,Service Control Manager,7036,None,The Windows Update service entered the running state.
Information,12/15/2016 8:04:56 AM,Service Control Manager,7036,None,The WinHTTP Web Proxy Auto-Discovery Service service entered the stopped state.
Information,12/15/2016 7:53:23 AM,Service Control Manager,7036,None,The Software Protection service entered the stopped state.
Information,12/15/2016 7:52:53 AM,Service Control Manager,7036,None,The Software Protection service entered the running state.
Information,12/15/2016 7:49:51 AM,Service Control Manager,7036,None,The Windows Update service entered the stopped state.
