Information,11/17/2016 3:45:40 AM,Service Control Manager,7036,None,The WinHTTP Web Proxy Auto-Discovery Service service entered the stopped state.
Information,11/17/2016 3:39:45 AM,Service Control Manager,7036,None,The Software Protection service entered the stopped state.
Information,11/17/2016 3:39:15 AM,Service Control Manager,7036,None,The Software Protection service entered the running state.
Information,11/17/2016 3:18:40 AM,Service Control Manager,7036,None,The DNS Client service entered the running state.
Information,11/17/2016 3:18:40 AM,Service Control Manager,7036,None,The WinHTTP Web Proxy Auto-Discovery Service service entered the running state.
Information,11/17/2016 3:09:45 AM,Service Control Manager,7036,None,The Software Protection service entered the stopped state.
Information,11/17/2016 3:09:15 AM,Service Control Manager,7036,None,The Software Protection service entered the running state.
Information,11/17/2016 2:39:45 AM,Service Control Manager,7036,None,The Software Protection service entered the stopped state.
Information,11/17/2016 2:39:14 AM,Service Control Manager,7036,None,The Software Protection service entered the running state.
Information,11/17/2016 2:22:26 AM,Service Control Manager,7036,None,The DNS Client service entered the stopped state.
Information,11/17/2016 2:09:56 AM,Service Control Manager,7036,None,The WinHTTP Web Proxy Auto-Discovery Service service entered the stopped state.
Information,11/17/2016 2:09:45 AM,Service Control Manager,7036,None,The Software Protection service entered the stopped state.
Information,11/17/2016 2:09:14 AM,Service Control Manager,7036,None,The Software Protection service entered the running state.
Information,11/17/2016 1:39:44 AM,Service Control Manager,7036,None,The Software Protection service entered the stopped state.
Information,11/17/2016 1:39:14 AM,Service Control Manager,7036,None,The Software Protection service entered the running state.
Information,11/17/2016 1:34:35 AM,Service Control Manager,7036,None,The Windows Modules Installer service entered the stopped state.
Information,11/17/2016 1:32:29 AM,Service Control Manager,7036,None,The Windows Modules Installer service entered the running state.
Information,11/17/2016 1:32:26 AM,Service Control Manager,7036,None,The DNS Client service entered the running state.
Information,11/17/2016 1:32:26 AM,Service Control Manager,7036,None,The WinHTTP Web Proxy Auto-Discovery Service service entered the running state.
Information,11/17/2016 1:09:44 AM,Service Control Manager,7036,None,The Software Protection service entered the stopped state.
Information,11/17/2016 1:09:14 AM,Service Control Manager,7036,None,The Software Protection service entered the running state.
Information,11/17/2016 12:39:44 AM,Service Control Manager,7036,None,The Software Protection service entered the stopped state.
Information,11/17/2016 12:39:14 AM,Service Control Manager,7036,None,The Software Protection service entered the running state.
Information,11/17/2016 12:38:40 AM,Service Control Manager,7036,None,The DNS Client service entered the stopped state.
Information,11/17/2016 12:25:40 AM,Service Control Manager,7036,None,The WinHTTP Web Proxy Auto-Discovery Service service entered the stopped state.
Information,11/17/2016 12:09:44 AM,Service Control Manager,7036,None,The Software Protection service entered the stopped state.
Information,11/17/2016 12:09:14 AM,Service Control Manager,7036,None,The Software Protection service entered the running state.
Information,11/16/2016 11:58:40 PM,Service Control Manager,7036,None,The DNS Client service entered the running state.
Information,11/16/2016 11:58:40 PM,Service Control Manager,7036,None,The WinHTTP Web Proxy Auto-Discovery Service service entered the running state.
Information,11/16/2016 11:40:01 PM,Service Control Manager,7036,None,The DNS Client service entered the stopped state.
Information,11/16/2016 11:39:44 PM,Service Control Manager,7036,None,The Software Protection service entered the stopped state.
Information,11/16/2016 11:39:14 PM,Service Control Manager,7036,None,The Software Protection service entered the running state.
Information,11/16/2016 11:27:01 PM,Service Control Manager,7036,None,The WinHTTP Web Proxy Auto-Discovery Service service entered the stopped state.
Information,11/16/2016 11:09:44 PM,Service Control Manager,7036,None,The Software Protection service entered the stopped state.
Information,11/16/2016 11:09:13 PM,Service Control Manager,7036,None,The Software Protection service entered the running state.
Information,11/16/2016 11:00:01 PM,Service Control Manager,7036,None,The DNS Client service entered the running state.
Information,11/16/2016 11:00:01 PM,Service Control Manager,7036,None,The WinHTTP Web Proxy Auto-Discovery Service service entered the running state.
Information,11/16/2016 10:42:40 PM,Service Control Manager,7036,None,The DNS Client service entered the stopped state.
Information,11/16/2016 10:39:44 PM,Service Control Manager,7036,None,The Software Protection service entered the stopped state.
Information,11/16/2016 10:39:13 PM,Service Control Manager,7036,None,The Software Protection service entered the running state.
Information,11/16/2016 10:31:10 PM,Service Control Manager,7036,None,The WinHTTP Web Proxy Auto-Discovery Service service entered the stopped state.
Information,11/16/2016 10:09:44 PM,Service Control Manager,7036,None,The Software Protection service entered the stopped state.
Information,11/16/2016 10:09:13 PM,Service Control Manager,7036,None,The Software Protection service entered the running state.
Information,11/16/2016 10:02:39 PM,Service Control Manager,7036,None,The DNS Client service entered the running state.
Information,11/16/2016 10:02:39 PM,Service Control Manager,7036,None,The WinHTTP Web Proxy Auto-Discovery Service service entered the running state.
Information,11/16/2016 9:39:43 PM,Service Control Manager,7036,None,The Software Protection service entered the stopped state.
Information,11/16/2016 9:39:13 PM,Service Control Manager,7036,None,The Software Protection service entered the running state.
Information,11/16/2016 9:10:39 PM,Service Control Manager,7036,None,The DNS Client service entered the stopped state.
Information,11/16/2016 9:09:43 PM,Service Control Manager,7036,None,The Software Protection service entered the stopped state.
Information,11/16/2016 9:09:13 PM,Service Control Manager,7036,None,The Software Protection service entered the running state.
Information,11/16/2016 8:57:39 PM,Service Control Manager,7036,None,The WinHTTP Web Proxy Auto-Discovery Service service entered the stopped state.
Information,11/16/2016 8:39:43 PM,Service Control Manager,7036,None,The Software Protection service entered the stopped state.
Information,11/16/2016 8:39:13 PM,Service Control Manager,7036,None,The Software Protection service entered the running state.
Information,11/16/2016 8:30:39 PM,Service Control Manager,7036,None,The DNS Client service entered the running state.
Information,11/16/2016 8:30:39 PM,Service Control Manager,7036,None,The WinHTTP Web Proxy Auto-Discovery Service service entered the running state.
Information,11/16/2016 8:09:43 PM,Service Control Manager,7036,None,The Software Protection service entered the stopped state.
Information,11/16/2016 8:09:13 PM,Service Control Manager,7036,None,The Software Protection service entered the running state.
Information,11/16/2016 7:52:39 PM,Service Control Manager,7036,None,The DNS Client service entered the stopped state.
Information,11/16/2016 7:39:43 PM,Service Control Manager,7036,None,The Software Protection service entered the stopped state.
Information,11/16/2016 7:39:39 PM,Service Control Manager,7036,None,The WinHTTP Web Proxy Auto-Discovery Service service entered the stopped state.
Information,11/16/2016 7:39:13 PM,Service Control Manager,7036,None,The Software Protection service entered the running state.
Information,11/16/2016 7:12:39 PM,Service Control Manager,7036,None,The DNS Client service entered the running state.
Information,11/16/2016 7:12:39 PM,Service Control Manager,7036,None,The WinHTTP Web Proxy Auto-Discovery Service service entered the running state.
Information,11/16/2016 7:09:43 PM,Service Control Manager,7036,None,The Software Protection service entered the stopped state.
Information,11/16/2016 7:09:12 PM,Service Control Manager,7036,None,The Software Protection service entered the running state.
Information,11/16/2016 6:39:43 PM,Service Control Manager,7036,None,The Software Protection service entered the stopped state.
Information,11/16/2016 6:39:12 PM,Service Control Manager,7036,None,The Software Protection service entered the running state.
Information,11/16/2016 6:12:39 PM,Service Control Manager,7036,None,The DNS Client service entered the stopped state.
Information,11/16/2016 6:09:42 PM,Service Control Manager,7036,None,The Software Protection service entered the stopped state.
Information,11/16/2016 6:09:12 PM,Service Control Manager,7036,None,The Software Protection service entered the running state.
Information,11/16/2016 6:05:57 PM,Service Control Manager,7036,None,The Optimize drives service entered the stopped state.
Information,11/16/2016 6:04:52 PM,Service Control Manager,7036,None,The Windows Modules Installer service entered the stopped state.
Information,11/16/2016 6:04:51 PM,Service Control Manager,7036,None,The Windows Error Reporting Service service entered the stopped state.
Information,11/16/2016 6:02:52 PM,Service Control Manager,7036,None,The Optimize drives service entered the running state.
Information,11/16/2016 6:02:52 PM,Service Control Manager,7036,None,The Windows Modules Installer service entered the running state.
Information,11/16/2016 6:02:51 PM,Service Control Manager,7036,None,The Problem Reports and Solutions Control Panel Support service entered the stopped state.
Information,11/16/2016 6:02:51 PM,Service Control Manager,7036,None,The Problem Reports and Solutions Control Panel Support service entered the running state.
Information,11/16/2016 6:02:51 PM,Service Control Manager,7036,None,The Windows Error Reporting Service service entered the running state.
Information,11/16/2016 5:59:39 PM,Service Control Manager,7036,None,The WinHTTP Web Proxy Auto-Discovery Service service entered the stopped state.
Information,11/16/2016 5:39:42 PM,Service Control Manager,7036,None,The Software Protection service entered the stopped state.
Information,11/16/2016 5:39:12 PM,Service Control Manager,7036,None,The Software Protection service entered the running state.
Information,11/16/2016 5:32:39 PM,Service Control Manager,7036,None,The DNS Client service entered the running state.
Information,11/16/2016 5:32:39 PM,Service Control Manager,7036,None,The WinHTTP Web Proxy Auto-Discovery Service service entered the running state.
Information,11/16/2016 5:09:42 PM,Service Control Manager,7036,None,The Software Protection service entered the stopped state.
Information,11/16/2016 5:09:12 PM,Service Control Manager,7036,None,The Software Protection service entered the running state.
Information,11/16/2016 4:39:42 PM,Service Control Manager,7036,None,The Software Protection service entered the stopped state.
Information,11/16/2016 4:39:12 PM,Service Control Manager,7036,None,The Software Protection service entered the running state.
Information,11/16/2016 4:34:39 PM,Service Control Manager,7036,None,The DNS Client service entered the stopped state.
Information,11/16/2016 4:21:39 PM,Service Control Manager,7036,None,The WinHTTP Web Proxy Auto-Discovery Service service entered the stopped state.
Information,11/16/2016 4:09:42 PM,Service Control Manager,7036,None,The Software Protection service entered the stopped state.
Information,11/16/2016 4:09:12 PM,Service Control Manager,7036,None,The Software Protection service entered the running state.
Information,11/16/2016 3:54:39 PM,Service Control Manager,7036,None,The DNS Client service entered the running state.
Information,11/16/2016 3:54:39 PM,Service Control Manager,7036,None,The WinHTTP Web Proxy Auto-Discovery Service service entered the running state.
Information,11/16/2016 3:39:42 PM,Service Control Manager,7036,None,The Software Protection service entered the stopped state.
Information,11/16/2016 3:39:11 PM,Service Control Manager,7036,None,The Software Protection service entered the running state.
Information,11/16/2016 3:11:39 PM,Service Control Manager,7036,None,The DNS Client service entered the stopped state.
Information,11/16/2016 3:09:42 PM,Service Control Manager,7036,None,The Software Protection service entered the stopped state.
Information,11/16/2016 3:09:11 PM,Service Control Manager,7036,None,The Software Protection service entered the running state.
Information,11/16/2016 2:58:39 PM,Service Control Manager,7036,None,The WinHTTP Web Proxy Auto-Discovery Service service entered the stopped state.
Information,11/16/2016 2:39:41 PM,Service Control Manager,7036,None,The Software Protection service entered the stopped state.
Information,11/16/2016 2:39:11 PM,Service Control Manager,7036,None,The Software Protection service entered the running state.
Information,11/16/2016 2:31:39 PM,Service Control Manager,7036,None,The DNS Client service entered the running state.
Information,11/16/2016 2:31:39 PM,Service Control Manager,7036,None,The WinHTTP Web Proxy Auto-Discovery Service service entered the running state.
Information,11/16/2016 2:09:41 PM,Service Control Manager,7036,None,The Software Protection service entered the stopped state.
Information,11/16/2016 2:09:11 PM,Service Control Manager,7036,None,The Software Protection service entered the running state.
Information,11/16/2016 1:39:41 PM,Service Control Manager,7036,None,The Software Protection service entered the stopped state.
Information,11/16/2016 1:39:11 PM,Service Control Manager,7036,None,The Software Protection service entered the running state.
Information,11/16/2016 1:16:40 PM,Service Control Manager,7036,None,The DNS Client service entered the stopped state.
Information,11/16/2016 1:09:41 PM,Service Control Manager,7036,None,The Software Protection service entered the stopped state.
Information,11/16/2016 1:09:11 PM,Service Control Manager,7036,None,The Software Protection service entered the running state.
Information,11/16/2016 1:03:40 PM,Service Control Manager,7036,None,The WinHTTP Web Proxy Auto-Discovery Service service entered the stopped state.
Information,11/16/2016 12:39:41 PM,Service Control Manager,7036,None,The Software Protection service entered the stopped state.
Information,11/16/2016 12:39:11 PM,Service Control Manager,7036,None,The Software Protection service entered the running state.
Information,11/16/2016 12:36:40 PM,Service Control Manager,7036,None,The DNS Client service entered the running state.
Information,11/16/2016 12:36:40 PM,Service Control Manager,7036,None,The WinHTTP Web Proxy Auto-Discovery Service service entered the running state.
Information,11/16/2016 12:09:41 PM,Service Control Manager,7036,None,The Software Protection service entered the stopped state.
Information,11/16/2016 12:09:10 PM,Service Control Manager,7036,None,The Software Protection service entered the running state.
Information,11/16/2016 12:07:40 PM,Service Control Manager,7036,None,The DNS Client service entered the stopped state.
Information,11/16/2016 11:54:40 AM,Service Control Manager,7036,None,The WinHTTP Web Proxy Auto-Discovery Service service entered the stopped state.
Information,11/16/2016 11:39:41 AM,Service Control Manager,7036,None,The Software Protection service entered the stopped state.
Information,11/16/2016 11:39:10 AM,Service Control Manager,7036,None,The Software Protection service entered the running state.
Information,11/16/2016 11:27:40 AM,Service Control Manager,7036,None,The DNS Client service entered the running state.
Information,11/16/2016 11:27:40 AM,Service Control Manager,7036,None,The WinHTTP Web Proxy Auto-Discovery Service service entered the running state.
Information,11/16/2016 11:09:41 AM,Service Control Manager,7036,None,The Software Protection service entered the stopped state.
Information,11/16/2016 11:09:10 AM,Service Control Manager,7036,None,The Software Protection service entered the running state.
Information,11/16/2016 10:52:39 AM,Service Control Manager,7036,None,The DNS Client service entered the stopped state.
Information,11/16/2016 10:39:40 AM,Service Control Manager,7036,None,The Software Protection service entered the stopped state.
Information,11/16/2016 10:39:40 AM,Service Control Manager,7036,None,The WinHTTP Web Proxy Auto-Discovery Service service entered the stopped state.
Information,11/16/2016 10:39:10 AM,Service Control Manager,7036,None,The Software Protection service entered the running state.
Information,11/16/2016 10:12:39 AM,Service Control Manager,7036,None,The DNS Client service entered the running state.
Information,11/16/2016 10:12:39 AM,Service Control Manager,7036,None,The WinHTTP Web Proxy Auto-Discovery Service service entered the running state.
Information,11/16/2016 10:09:40 AM,Service Control Manager,7036,None,The Software Protection service entered the stopped state.
Information,11/16/2016 10:09:10 AM,Service Control Manager,7036,None,The Software Protection service entered the running state.
Information,11/16/2016 9:39:40 AM,Service Control Manager,7036,None,The Software Protection service entered the stopped state.
Information,11/16/2016 9:39:10 AM,Service Control Manager,7036,None,The Software Protection service entered the running state.
Information,11/16/2016 9:28:23 AM,Service Control Manager,7036,None,The DNS Client service entered the stopped state.
Information,11/16/2016 9:14:39 AM,Service Control Manager,7036,None,The WinHTTP Web Proxy Auto-Discovery Service service entered the stopped state.
Information,11/16/2016 9:09:40 AM,Service Control Manager,7036,None,The Software Protection service entered the stopped state.
Information,11/16/2016 9:09:10 AM,Service Control Manager,7036,None,The Software Protection service entered the running state.
Information,11/16/2016 8:47:39 AM,Service Control Manager,7036,None,The DNS Client service entered the running state.
Information,11/16/2016 8:47:39 AM,Service Control Manager,7036,None,The WinHTTP Web Proxy Auto-Discovery Service service entered the running state.
Information,11/16/2016 8:39:40 AM,Service Control Manager,7036,None,The Software Protection service entered the stopped state.
Information,11/16/2016 8:39:10 AM,Service Control Manager,7036,None,The Software Protection service entered the running state.
Information,11/16/2016 8:27:39 AM,Service Control Manager,7036,None,The DNS Client service entered the stopped state.
Information,11/16/2016 8:14:39 AM,Service Control Manager,7036,None,The WinHTTP Web Proxy Auto-Discovery Service service entered the stopped state.
Information,11/16/2016 8:09:40 AM,Service Control Manager,7036,None,The Software Protection service entered the stopped state.
Information,11/16/2016 8:09:09 AM,Service Control Manager,7036,None,The Software Protection service entered the running state.
Information,11/16/2016 7:47:39 AM,Service Control Manager,7036,None,The DNS Client service entered the running state.
Information,11/16/2016 7:47:39 AM,Service Control Manager,7036,None,The WinHTTP Web Proxy Auto-Discovery Service service entered the running state.
Information,11/16/2016 7:39:40 AM,Service Control Manager,7036,None,The Software Protection service entered the stopped state.
Information,11/16/2016 7:39:09 AM,Service Control Manager,7036,None,The Software Protection service entered the running state.
Information,11/16/2016 7:09:39 AM,Service Control Manager,7036,None,The Software Protection service entered the stopped state.
Information,11/16/2016 7:09:09 AM,Service Control Manager,7036,None,The Software Protection service entered the running state.
Information,11/16/2016 6:47:39 AM,Service Control Manager,7036,None,The DNS Client service entered the stopped state.
Information,11/16/2016 6:39:39 AM,Service Control Manager,7036,None,The Software Protection service entered the stopped state.
Information,11/16/2016 6:39:09 AM,Service Control Manager,7036,None,The Software Protection service entered the running state.
Information,11/16/2016 6:36:09 AM,Service Control Manager,7036,None,The WinHTTP Web Proxy Auto-Discovery Service service entered the stopped state.
Information,11/16/2016 6:09:39 AM,Service Control Manager,7036,None,The Software Protection service entered the stopped state.
Information,11/16/2016 6:09:09 AM,Service Control Manager,7036,None,The Software Protection service entered the running state.
Information,11/16/2016 6:07:39 AM,Service Control Manager,7036,None,The DNS Client service entered the running state.
Information,11/16/2016 6:07:39 AM,Service Control Manager,7036,None,The WinHTTP Web Proxy Auto-Discovery Service service entered the running state.
Information,11/16/2016 5:39:39 AM,Service Control Manager,7036,None,The Software Protection service entered the stopped state.
Information,11/16/2016 5:39:09 AM,Service Control Manager,7036,None,The Software Protection service entered the running state.
Information,11/16/2016 5:25:38 AM,Service Control Manager,7036,None,The DNS Client service entered the stopped state.
Information,11/16/2016 5:15:51 AM,Service Control Manager,7036,None,The WinHTTP Web Proxy Auto-Discovery Service service entered the stopped state.
Information,11/16/2016 5:11:12 AM,Service Control Manager,7036,None,The Windows Modules Installer service entered the stopped state.
Information,11/16/2016 5:09:39 AM,Service Control Manager,7036,None,The Software Protection service entered the stopped state.
Information,11/16/2016 5:09:12 AM,Service Control Manager,7036,None,The Windows Modules Installer service entered the running state.
Information,11/16/2016 5:09:09 AM,Service Control Manager,7036,None,The Software Protection service entered the running state.
Information,11/16/2016 4:40:56 AM,Service Control Manager,7036,None,The Windows Modules Installer service entered the stopped state.
Information,11/16/2016 4:39:39 AM,Service Control Manager,7036,None,The Software Protection service entered the stopped state.
Information,11/16/2016 4:39:08 AM,Service Control Manager,7036,None,The Software Protection service entered the running state.
Information,11/16/2016 4:38:22 AM,Service Control Manager,7036,None,The Windows Modules Installer service entered the running state.
Information,11/16/2016 4:38:21 AM,Service Control Manager,7036,None,The WinHTTP Web Proxy Auto-Discovery Service service entered the running state.
Information,11/16/2016 4:27:38 AM,Service Control Manager,7036,None,The WinHTTP Web Proxy Auto-Discovery Service service entered the stopped state.
Information,11/16/2016 4:09:39 AM,Service Control Manager,7036,None,The Software Protection service entered the stopped state.
Information,11/16/2016 4:09:08 AM,Service Control Manager,7036,None,The Software Protection service entered the running state.
Information,11/16/2016 4:00:00 AM,EventLog,6013,None,The system uptime is 1680838 seconds.
Information,11/16/2016 3:45:38 AM,Service Control Manager,7036,None,The DNS Client service entered the running state.
Information,11/16/2016 3:45:38 AM,Service Control Manager,7036,None,The WinHTTP Web Proxy Auto-Discovery Service service entered the running state.
Information,11/16/2016 3:39:38 AM,Service Control Manager,7036,None,The Software Protection service entered the stopped state.
Information,11/16/2016 3:39:08 AM,Service Control Manager,7036,None,The Software Protection service entered the running state.
Information,11/16/2016 3:09:38 AM,Service Control Manager,7036,None,The Software Protection service entered the stopped state.
Information,11/16/2016 3:09:08 AM,Service Control Manager,7036,None,The Software Protection service entered the running state.
Information,11/16/2016 2:51:38 AM,Service Control Manager,7036,None,The DNS Client service entered the stopped state.
Information,11/16/2016 2:39:38 AM,Service Control Manager,7036,None,The Software Protection service entered the stopped state.
Information,11/16/2016 2:39:08 AM,Service Control Manager,7036,None,The Software Protection service entered the running state.
Information,11/16/2016 2:38:38 AM,Service Control Manager,7036,None,The WinHTTP Web Proxy Auto-Discovery Service service entered the stopped state.
Information,11/16/2016 2:11:38 AM,Service Control Manager,7036,None,The DNS Client service entered the running state.
Information,11/16/2016 2:11:38 AM,Service Control Manager,7036,None,The WinHTTP Web Proxy Auto-Discovery Service service entered the running state.
Information,11/16/2016 2:09:38 AM,Service Control Manager,7036,None,The Software Protection service entered the stopped state.
Information,11/16/2016 2:09:08 AM,Service Control Manager,7036,None,The Software Protection service entered the running state.
Information,11/16/2016 1:46:38 AM,Service Control Manager,7036,None,The DNS Client service entered the stopped state.
Information,11/16/2016 1:39:38 AM,Service Control Manager,7036,None,The Software Protection service entered the stopped state.
Information,11/16/2016 1:39:08 AM,Service Control Manager,7036,None,The Software Protection service entered the running state.
Information,11/16/2016 1:33:38 AM,Service Control Manager,7036,None,The WinHTTP Web Proxy Auto-Discovery Service service entered the stopped state.
Information,11/16/2016 1:09:38 AM,Service Control Manager,7036,None,The Software Protection service entered the stopped state.
Information,11/16/2016 1:09:07 AM,Service Control Manager,7036,None,The Software Protection service entered the running state.
Information,11/16/2016 1:06:38 AM,Service Control Manager,7036,None,The DNS Client service entered the running state.
Information,11/16/2016 1:06:38 AM,Service Control Manager,7036,None,The WinHTTP Web Proxy Auto-Discovery Service service entered the running state.
Information,11/16/2016 12:39:38 AM,Service Control Manager,7036,None,The Software Protection service entered the stopped state.
Information,11/16/2016 12:39:38 AM,Service Control Manager,7036,None,The DNS Client service entered the stopped state.
Information,11/16/2016 12:39:07 AM,Service Control Manager,7036,None,The Software Protection service entered the running state.
Information,11/16/2016 12:26:38 AM,Service Control Manager,7036,None,The WinHTTP Web Proxy Auto-Discovery Service service entered the stopped state.
Information,11/16/2016 12:09:37 AM,Service Control Manager,7036,None,The Software Protection service entered the stopped state.
Information,11/16/2016 12:09:07 AM,Service Control Manager,7036,None,The Software Protection service entered the running state.
Information,11/15/2016 11:59:38 PM,Service Control Manager,7036,None,The DNS Client service entered the running state.
Information,11/15/2016 11:59:38 PM,Service Control Manager,7036,None,The WinHTTP Web Proxy Auto-Discovery Service service entered the running state.
Information,11/15/2016 11:39:37 PM,Service Control Manager,7036,None,The Software Protection service entered the stopped state.
Information,11/15/2016 11:39:07 PM,Service Control Manager,7036,None,The Software Protection service entered the running state.
Information,11/15/2016 11:09:37 PM,Service Control Manager,7036,None,The Software Protection service entered the stopped state.
Information,11/15/2016 11:09:07 PM,Service Control Manager,7036,None,The Software Protection service entered the running state.
Information,11/15/2016 10:57:11 PM,Service Control Manager,7036,None,The DNS Client service entered the stopped state.
Information,11/15/2016 10:43:37 PM,Service Control Manager,7036,None,The WinHTTP Web Proxy Auto-Discovery Service service entered the stopped state.
Information,11/15/2016 10:39:37 PM,Service Control Manager,7036,None,The Software Protection service entered the stopped state.
Information,11/15/2016 10:39:07 PM,Service Control Manager,7036,None,The Software Protection service entered the running state.
Information,11/15/2016 10:16:37 PM,Service Control Manager,7036,None,The DNS Client service entered the running state.
Information,11/15/2016 10:16:37 PM,Service Control Manager,7036,None,The WinHTTP Web Proxy Auto-Discovery Service service entered the running state.
Information,11/15/2016 10:09:37 PM,Service Control Manager,7036,None,The Software Protection service entered the stopped state.
Information,11/15/2016 10:09:07 PM,Service Control Manager,7036,None,The Software Protection service entered the running state.
Information,11/15/2016 9:39:37 PM,Service Control Manager,7036,None,The Software Protection service entered the stopped state.
Information,11/15/2016 9:39:06 PM,Service Control Manager,7036,None,The Software Protection service entered the running state.
Information,11/15/2016 9:37:37 PM,Service Control Manager,7036,None,The DNS Client service entered the stopped state.
Information,11/15/2016 9:24:37 PM,Service Control Manager,7036,None,The WinHTTP Web Proxy Auto-Discovery Service service entered the stopped state.
Information,11/15/2016 9:09:37 PM,Service Control Manager,7036,None,The Software Protection service entered the stopped state.
Information,11/15/2016 9:09:06 PM,Service Control Manager,7036,None,The Software Protection service entered the running state.
Information,11/15/2016 8:57:37 PM,Service Control Manager,7036,None,The DNS Client service entered the running state.
Information,11/15/2016 8:57:37 PM,Service Control Manager,7036,None,The WinHTTP Web Proxy Auto-Discovery Service service entered the running state.
Information,11/15/2016 8:39:36 PM,Service Control Manager,7036,None,The Software Protection service entered the stopped state.
Information,11/15/2016 8:39:06 PM,Service Control Manager,7036,None,The Software Protection service entered the running state.
Information,11/15/2016 8:31:13 PM,Service Control Manager,7036,None,The Device Setup Manager service entered the stopped state.
Information,11/15/2016 8:30:23 PM,Service Control Manager,7036,None,The Windows Modules Installer service entered the stopped state.
Information,11/15/2016 8:30:23 PM,Service Control Manager,7036,None,The Windows Error Reporting Service service entered the stopped state.
Information,11/15/2016 8:28:23 PM,Service Control Manager,7036,None,The Windows Modules Installer service entered the running state.
Information,11/15/2016 8:28:23 PM,Service Control Manager,7036,None,The Device Setup Manager service entered the running state.
Information,11/15/2016 8:28:23 PM,Service Control Manager,7036,None,The Windows Error Reporting Service service entered the running state.
Information,11/15/2016 8:09:36 PM,Service Control Manager,7036,None,The Software Protection service entered the stopped state.
Information,11/15/2016 8:09:06 PM,Service Control Manager,7036,None,The Software Protection service entered the running state.
Information,11/15/2016 8:08:37 PM,Service Control Manager,7036,None,The DNS Client service entered the stopped state.
Information,11/15/2016 7:55:37 PM,Service Control Manager,7036,None,The WinHTTP Web Proxy Auto-Discovery Service service entered the stopped state.
Information,11/15/2016 7:39:36 PM,Service Control Manager,7036,None,The Software Protection service entered the stopped state.
Information,11/15/2016 7:39:06 PM,Service Control Manager,7036,None,The Software Protection service entered the running state.
Information,11/15/2016 7:28:37 PM,Service Control Manager,7036,None,The DNS Client service entered the running state.
Information,11/15/2016 7:28:37 PM,Service Control Manager,7036,None,The WinHTTP Web Proxy Auto-Discovery Service service entered the running state.
Information,11/15/2016 7:09:36 PM,Service Control Manager,7036,None,The Software Protection service entered the stopped state.
Information,11/15/2016 7:09:06 PM,Service Control Manager,7036,None,The Software Protection service entered the running state.
Information,11/15/2016 6:58:37 PM,Service Control Manager,7036,None,The DNS Client service entered the stopped state.
Information,11/15/2016 6:45:37 PM,Service Control Manager,7036,None,The WinHTTP Web Proxy Auto-Discovery Service service entered the stopped state.
Information,11/15/2016 6:39:36 PM,Service Control Manager,7036,None,The Software Protection service entered the stopped state.
Information,11/15/2016 6:39:06 PM,Service Control Manager,7036,None,The Software Protection service entered the running state.
Information,11/15/2016 6:18:37 PM,Service Control Manager,7036,None,The DNS Client service entered the running state.
Information,11/15/2016 6:18:37 PM,Service Control Manager,7036,None,The WinHTTP Web Proxy Auto-Discovery Service service entered the running state.
Information,11/15/2016 6:09:36 PM,Service Control Manager,7036,None,The Software Protection service entered the stopped state.
Information,11/15/2016 6:09:06 PM,Service Control Manager,7036,None,The Software Protection service entered the running state.
Information,11/15/2016 5:39:36 PM,Service Control Manager,7036,None,The Software Protection service entered the stopped state.
Information,11/15/2016 5:39:05 PM,Service Control Manager,7036,None,The Software Protection service entered the running state.
Information,11/15/2016 5:11:36 PM,Service Control Manager,7036,None,The DNS Client service entered the stopped state.
Information,11/15/2016 5:09:35 PM,Service Control Manager,7036,None,The Software Protection service entered the stopped state.
Information,11/15/2016 5:09:05 PM,Service Control Manager,7036,None,The Software Protection service entered the running state.
Information,11/15/2016 4:58:36 PM,Service Control Manager,7036,None,The WinHTTP Web Proxy Auto-Discovery Service service entered the stopped state.
Information,11/15/2016 4:39:35 PM,Service Control Manager,7036,None,The Software Protection service entered the stopped state.
Information,11/15/2016 4:39:05 PM,Service Control Manager,7036,None,The Software Protection service entered the running state.
Information,11/15/2016 4:31:36 PM,Service Control Manager,7036,None,The DNS Client service entered the running state.
Information,11/15/2016 4:31:36 PM,Service Control Manager,7036,None,The WinHTTP Web Proxy Auto-Discovery Service service entered the running state.
Information,11/15/2016 4:09:35 PM,Service Control Manager,7036,None,The Software Protection service entered the stopped state.
Information,11/15/2016 4:09:05 PM,Service Control Manager,7036,None,The Software Protection service entered the running state.
Information,11/15/2016 3:39:35 PM,Service Control Manager,7036,None,The Software Protection service entered the stopped state.
Information,11/15/2016 3:39:05 PM,Service Control Manager,7036,None,The Software Protection service entered the running state.
Information,11/15/2016 3:15:36 PM,Service Control Manager,7036,None,The DNS Client service entered the stopped state.
Information,11/15/2016 3:09:35 PM,Service Control Manager,7036,None,The Software Protection service entered the stopped state.
Information,11/15/2016 3:09:05 PM,Service Control Manager,7036,None,The Software Protection service entered the running state.
Information,11/15/2016 3:04:06 PM,Service Control Manager,7036,None,The WinHTTP Web Proxy Auto-Discovery Service service entered the stopped state.
Information,11/15/2016 2:39:35 PM,Service Control Manager,7036,None,The Software Protection service entered the stopped state.
Information,11/15/2016 2:39:05 PM,Service Control Manager,7036,None,The Software Protection service entered the running state.
Information,11/15/2016 2:35:36 PM,Service Control Manager,7036,None,The DNS Client service entered the running state.
Information,11/15/2016 2:35:36 PM,Service Control Manager,7036,None,The WinHTTP Web Proxy Auto-Discovery Service service entered the running state.
Information,11/15/2016 2:09:35 PM,Service Control Manager,7036,None,The Software Protection service entered the stopped state.
Information,11/15/2016 2:09:04 PM,Service Control Manager,7036,None,The Software Protection service entered the running state.
Information,11/15/2016 1:46:36 PM,Service Control Manager,7036,None,The DNS Client service entered the stopped state.
Information,11/15/2016 1:39:35 PM,Service Control Manager,7036,None,The Software Protection service entered the stopped state.
Information,11/15/2016 1:39:04 PM,Service Control Manager,7036,None,The Software Protection service entered the running state.
Information,11/15/2016 1:33:36 PM,Service Control Manager,7036,None,The WinHTTP Web Proxy Auto-Discovery Service service entered the stopped state.
Information,11/15/2016 1:09:34 PM,Service Control Manager,7036,None,The Software Protection service entered the stopped state.
Information,11/15/2016 1:09:04 PM,Service Control Manager,7036,None,The Software Protection service entered the running state.
Information,11/15/2016 1:06:36 PM,Service Control Manager,7036,None,The DNS Client service entered the running state.
Information,11/15/2016 1:06:36 PM,Service Control Manager,7036,None,The WinHTTP Web Proxy Auto-Discovery Service service entered the running state.
Information,11/15/2016 12:39:34 PM,Service Control Manager,7036,None,The Software Protection service entered the stopped state.
Information,11/15/2016 12:39:04 PM,Service Control Manager,7036,None,The Software Protection service entered the running state.
Information,11/15/2016 12:09:49 PM,Service Control Manager,7036,None,The DNS Client service entered the stopped state.
Information,11/15/2016 12:09:34 PM,Service Control Manager,7036,None,The Software Protection service entered the stopped state.
Information,11/15/2016 12:09:04 PM,Service Control Manager,7036,None,The Software Protection service entered the running state.
Information,11/15/2016 11:56:36 AM,Service Control Manager,7036,None,The WinHTTP Web Proxy Auto-Discovery Service service entered the stopped state.
Information,11/15/2016 11:39:34 AM,Service Control Manager,7036,None,The Software Protection service entered the stopped state.
Information,11/15/2016 11:39:04 AM,Service Control Manager,7036,None,The Software Protection service entered the running state.
Information,11/15/2016 11:29:36 AM,Service Control Manager,7036,None,The DNS Client service entered the running state.
Information,11/15/2016 11:29:36 AM,Service Control Manager,7036,None,The WinHTTP Web Proxy Auto-Discovery Service service entered the running state.
Information,11/15/2016 11:09:34 AM,Service Control Manager,7036,None,The Software Protection service entered the stopped state.
Information,11/15/2016 11:09:04 AM,Service Control Manager,7036,None,The Software Protection service entered the running state.
Information,11/15/2016 10:42:35 AM,Service Control Manager,7036,None,The DNS Client service entered the stopped state.
Information,11/15/2016 10:39:34 AM,Service Control Manager,7036,None,The Software Protection service entered the stopped state.
Information,11/15/2016 10:39:03 AM,Service Control Manager,7036,None,The Software Protection service entered the running state.
Information,11/15/2016 10:26:36 AM,Service Control Manager,7036,None,The WinHTTP Web Proxy Auto-Discovery Service service entered the stopped state.
Information,11/15/2016 10:09:34 AM,Service Control Manager,7036,None,The Software Protection service entered the stopped state.
Information,11/15/2016 10:09:03 AM,Service Control Manager,7036,None,The Software Protection service entered the running state.
Information,11/15/2016 9:52:08 AM,Service Control Manager,7036,None,The Windows Modules Installer service entered the stopped state.
Information,11/15/2016 9:50:02 AM,Service Control Manager,7036,None,The Windows Modules Installer service entered the running state.
Information,11/15/2016 9:39:33 AM,Service Control Manager,7036,None,The Software Protection service entered the stopped state.
Information,11/15/2016 9:39:03 AM,Service Control Manager,7036,None,The Software Protection service entered the running state.
Information,11/15/2016 9:32:35 AM,Service Control Manager,7036,None,The WinHTTP Web Proxy Auto-Discovery Service service entered the running state.
Information,11/15/2016 9:27:01 AM,Service Control Manager,7036,None,The WinHTTP Web Proxy Auto-Discovery Service service entered the stopped state.
Information,11/15/2016 9:09:33 AM,Service Control Manager,7036,None,The Software Protection service entered the stopped state.
Information,11/15/2016 9:09:03 AM,Service Control Manager,7036,None,The Software Protection service entered the running state.
Information,11/15/2016 9:00:01 AM,Service Control Manager,7036,None,The WinHTTP Web Proxy Auto-Discovery Service service entered the running state.
Information,11/15/2016 8:59:35 AM,Service Control Manager,7036,None,The WinHTTP Web Proxy Auto-Discovery Service service entered the stopped state.
Information,11/15/2016 8:39:33 AM,Service Control Manager,7036,None,The Software Protection service entered the stopped state.
Information,11/15/2016 8:39:03 AM,Service Control Manager,7036,None,The Software Protection service entered the running state.
Information,11/15/2016 8:32:35 AM,Service Control Manager,7036,None,The DNS Client service entered the running state.
Information,11/15/2016 8:32:35 AM,Service Control Manager,7036,None,The WinHTTP Web Proxy Auto-Discovery Service service entered the running state.
Information,11/15/2016 8:09:33 AM,Service Control Manager,7036,None,The Software Protection service entered the stopped state.
Information,11/15/2016 8:09:03 AM,Service Control Manager,7036,None,The Software Protection service entered the running state.
Information,11/15/2016 8:05:35 AM,Service Control Manager,7036,None,The DNS Client service entered the stopped state.
Information,11/15/2016 7:52:35 AM,Service Control Manager,7036,None,The WinHTTP Web Proxy Auto-Discovery Service service entered the stopped state.
Information,11/15/2016 7:39:33 AM,Service Control Manager,7036,None,The Software Protection service entered the stopped state.
Information,11/15/2016 7:39:03 AM,Service Control Manager,7036,None,The Software Protection service entered the running state.
Information,11/15/2016 7:25:35 AM,Service Control Manager,7036,None,The DNS Client service entered the running state.
Information,11/15/2016 7:25:35 AM,Service Control Manager,7036,None,The WinHTTP Web Proxy Auto-Discovery Service service entered the running state.
Information,11/15/2016 7:09:33 AM,Service Control Manager,7036,None,The Software Protection service entered the stopped state.
Information,11/15/2016 7:09:02 AM,Service Control Manager,7036,None,The Software Protection service entered the running state.
Information,11/15/2016 6:57:35 AM,Service Control Manager,7036,None,The DNS Client service entered the stopped state.
Information,11/15/2016 6:44:35 AM,Service Control Manager,7036,None,The WinHTTP Web Proxy Auto-Discovery Service service entered the stopped state.
Information,11/15/2016 6:39:33 AM,Service Control Manager,7036,None,The Software Protection service entered the stopped state.
Information,11/15/2016 6:39:02 AM,Service Control Manager,7036,None,The Software Protection service entered the running state.
Information,11/15/2016 6:17:34 AM,Service Control Manager,7036,None,The DNS Client service entered the running state.
Information,11/15/2016 6:17:34 AM,Service Control Manager,7036,None,The WinHTTP Web Proxy Auto-Discovery Service service entered the running state.
Information,11/15/2016 6:09:32 AM,Service Control Manager,7036,None,The Software Protection service entered the stopped state.
Information,11/15/2016 6:09:02 AM,Service Control Manager,7036,None,The Software Protection service entered the running state.
Information,11/15/2016 5:39:32 AM,Service Control Manager,7036,None,The Software Protection service entered the stopped state.
Information,11/15/2016 5:39:02 AM,Service Control Manager,7036,None,The Software Protection service entered the running state.
Information,11/15/2016 5:16:34 AM,Service Control Manager,7036,None,The DNS Client service entered the stopped state.
Information,11/15/2016 5:11:12 AM,Service Control Manager,7036,None,The Windows Modules Installer service entered the stopped state.
Information,11/15/2016 5:09:32 AM,Service Control Manager,7036,None,The Software Protection service entered the stopped state.
Information,11/15/2016 5:09:12 AM,Service Control Manager,7036,None,The Windows Modules Installer service entered the running state.
Information,11/15/2016 5:09:02 AM,Service Control Manager,7036,None,The Software Protection service entered the running state.
Information,11/15/2016 5:03:34 AM,Service Control Manager,7036,None,The WinHTTP Web Proxy Auto-Discovery Service service entered the stopped state.
Information,11/15/2016 4:39:32 AM,Service Control Manager,7036,None,The Software Protection service entered the stopped state.
Information,11/15/2016 4:39:02 AM,Service Control Manager,7036,None,The Software Protection service entered the running state.
Information,11/15/2016 4:36:34 AM,Service Control Manager,7036,None,The DNS Client service entered the running state.
Information,11/15/2016 4:36:34 AM,Service Control Manager,7036,None,The WinHTTP Web Proxy Auto-Discovery Service service entered the running state.
Information,11/15/2016 4:09:32 AM,Service Control Manager,7036,None,The Software Protection service entered the stopped state.
Information,11/15/2016 4:09:02 AM,Service Control Manager,7036,None,The Software Protection service entered the running state.
Information,11/15/2016 4:00:00 AM,EventLog,6013,None,The system uptime is 1594438 seconds.
Information,11/15/2016 3:49:34 AM,Service Control Manager,7036,None,The DNS Client service entered the stopped state.
Information,11/15/2016 3:39:32 AM,Service Control Manager,7036,None,The Software Protection service entered the stopped state.
Information,11/15/2016 3:39:01 AM,Service Control Manager,7036,None,The Software Protection service entered the running state.
Information,11/15/2016 3:36:34 AM,Service Control Manager,7036,None,The WinHTTP Web Proxy Auto-Discovery Service service entered the stopped state.
Information,11/15/2016 3:09:34 AM,Service Control Manager,7036,None,The DNS Client service entered the running state.
Information,11/15/2016 3:09:34 AM,Service Control Manager,7036,None,The WinHTTP Web Proxy Auto-Discovery Service service entered the running state.
Information,11/15/2016 3:09:32 AM,Service Control Manager,7036,None,The Software Protection service entered the stopped state.
Information,11/15/2016 3:09:01 AM,Service Control Manager,7036,None,The Software Protection service entered the running state.
Information,11/15/2016 2:39:31 AM,Service Control Manager,7036,None,The Software Protection service entered the stopped state.
Information,11/15/2016 2:39:01 AM,Service Control Manager,7036,None,The Software Protection service entered the running state.
Information,11/15/2016 2:09:31 AM,Service Control Manager,7036,None,The Software Protection service entered the stopped state.
Information,11/15/2016 2:09:01 AM,Service Control Manager,7036,None,The Software Protection service entered the running state.
Information,11/15/2016 2:00:34 AM,Service Control Manager,7036,None,The DNS Client service entered the stopped state.
Information,11/15/2016 1:47:34 AM,Service Control Manager,7036,None,The WinHTTP Web Proxy Auto-Discovery Service service entered the stopped state.
Information,11/15/2016 1:39:31 AM,Service Control Manager,7036,None,The Software Protection service entered the stopped state.
Information,11/15/2016 1:39:01 AM,Service Control Manager,7036,None,The Software Protection service entered the running state.
Information,11/15/2016 1:20:34 AM,Service Control Manager,7036,None,The DNS Client service entered the running state.
Information,11/15/2016 1:20:34 AM,Service Control Manager,7036,None,The WinHTTP Web Proxy Auto-Discovery Service service entered the running state.
Information,11/15/2016 1:09:31 AM,Service Control Manager,7036,None,The Software Protection service entered the stopped state.
Information,11/15/2016 1:09:01 AM,Service Control Manager,7036,None,The Software Protection service entered the running state.
Information,11/15/2016 12:39:31 AM,Service Control Manager,7036,None,The Software Protection service entered the stopped state.
Information,11/15/2016 12:39:01 AM,Service Control Manager,7036,None,The Software Protection service entered the running state.
Information,11/15/2016 12:38:29 AM,Service Control Manager,7036,None,The DNS Client service entered the stopped state.
Information,11/15/2016 12:24:34 AM,Service Control Manager,7036,None,The WinHTTP Web Proxy Auto-Discovery Service service entered the stopped state.
Information,11/15/2016 12:09:31 AM,Service Control Manager,7036,None,The Software Protection service entered the stopped state.
Information,11/15/2016 12:09:01 AM,Service Control Manager,7036,None,The Software Protection service entered the running state.
Information,11/14/2016 11:57:34 PM,Service Control Manager,7036,None,The DNS Client service entered the running state.
Information,11/14/2016 11:57:34 PM,Service Control Manager,7036,None,The WinHTTP Web Proxy Auto-Discovery Service service entered the running state.
Information,11/14/2016 11:39:31 PM,Service Control Manager,7036,None,The Software Protection service entered the stopped state.
Information,11/14/2016 11:39:00 PM,Service Control Manager,7036,None,The Software Protection service entered the running state.
Information,11/14/2016 11:37:33 PM,Service Control Manager,7036,None,The DNS Client service entered the stopped state.
Information,11/14/2016 11:26:03 PM,Service Control Manager,7036,None,The WinHTTP Web Proxy Auto-Discovery Service service entered the stopped state.
Information,11/14/2016 11:09:31 PM,Service Control Manager,7036,None,The Software Protection service entered the stopped state.
