Information,12/17/2016 1:40:17 PM,Service Control Manager,7036,None,The Software Protection service entered the stopped state.
Information,12/17/2016 1:39:46 PM,Service Control Manager,7036,None,The Software Protection service entered the running state.
Information,12/17/2016 1:39:45 PM,Service Control Manager,7036,None,The Windows Modules Installer service entered the running state.
Information,12/17/2016 1:38:11 PM,Service Control Manager,7036,None,The Windows Update service entered the running state.
Information,12/17/2016 1:26:29 PM,Service Control Manager,7036,None,The Windows Update service entered the stopped state.
Information,12/17/2016 1:25:42 PM,Service Control Manager,7036,None,The Google Update Service (gupdate) service entered the stopped state.
Information,12/17/2016 1:25:42 PM,Service Control Manager,7036,None,The Google Update Service (gupdate) service entered the running state.
Information,12/17/2016 1:16:27 PM,Service Control Manager,7036,None,The WinHTTP Web Proxy Auto-Discovery Service service entered the running state.
Information,12/17/2016 1:16:27 PM,Service Control Manager,7036,None,The Windows Update service entered the running state.
Information,12/17/2016 1:11:59 PM,Service Control Manager,7036,None,The Software Protection service entered the stopped state.
Information,12/17/2016 1:11:28 PM,Service Control Manager,7036,None,The Software Protection service entered the running state.
Information,12/17/2016 1:04:22 PM,Service Control Manager,7036,None,The DNS Client service entered the running state.
Information,12/17/2016 12:59:22 PM,Service Control Manager,7036,None,The DNS Client service entered the stopped state.
Information,12/17/2016 12:41:59 PM,Service Control Manager,7036,None,The Software Protection service entered the stopped state.
Information,12/17/2016 12:41:28 PM,Service Control Manager,7036,None,The Software Protection service entered the running state.
Information,12/17/2016 12:34:22 PM,Service Control Manager,7036,None,The DNS Client service entered the running state.
Information,12/17/2016 12:34:22 PM,Service Control Manager,7036,None,The DNS Client service entered the stopped state.
Information,12/17/2016 12:14:22 PM,Service Control Manager,7036,None,The DNS Client service entered the running state.
Information,12/17/2016 12:11:59 PM,Service Control Manager,7036,None,The Software Protection service entered the stopped state.
Information,12/17/2016 12:11:28 PM,Service Control Manager,7036,None,The Software Protection service entered the running state.
Information,12/17/2016 12:09:22 PM,Service Control Manager,7036,None,The DNS Client service entered the stopped state.
Information,12/17/2016 12:00:00 PM,EventLog,6013,None,The system uptime is 141755 seconds.
Information,12/17/2016 11:57:12 AM,Service Control Manager,7036,None,The WinHTTP Web Proxy Auto-Discovery Service service entered the stopped state.
Information,12/17/2016 11:41:58 AM,Service Control Manager,7036,None,The Software Protection service entered the stopped state.
Information,12/17/2016 11:41:28 AM,Service Control Manager,7036,None,The Software Protection service entered the running state.
Information,12/17/2016 11:40:14 AM,Service Control Manager,7036,None,The Windows Update service entered the stopped state.
Information,12/17/2016 11:30:12 AM,Service Control Manager,7036,None,The WinHTTP Web Proxy Auto-Discovery Service service entered the running state.
Information,12/17/2016 11:30:12 AM,Service Control Manager,7036,None,The Windows Update service entered the running state.
Information,12/17/2016 11:25:49 AM,Service Control Manager,7036,None,The WinHTTP Web Proxy Auto-Discovery Service service entered the stopped state.
Information,12/17/2016 11:11:58 AM,Service Control Manager,7036,None,The Software Protection service entered the stopped state.
Information,12/17/2016 11:11:28 AM,Service Control Manager,7036,None,The Software Protection service entered the running state.
Information,12/17/2016 11:08:50 AM,Service Control Manager,7036,None,The Windows Update service entered the stopped state.
Information,12/17/2016 10:58:49 AM,Service Control Manager,7036,None,The WinHTTP Web Proxy Auto-Discovery Service service entered the running state.
Information,12/17/2016 10:58:49 AM,Service Control Manager,7036,None,The Windows Update service entered the running state.
Information,12/17/2016 10:41:58 AM,Service Control Manager,7036,None,The Software Protection service entered the stopped state.
Information,12/17/2016 10:41:28 AM,Service Control Manager,7036,None,The Software Protection service entered the running state.
Information,12/17/2016 10:34:22 AM,Service Control Manager,7036,None,The DNS Client service entered the running state.
Information,12/17/2016 10:33:46 AM,Service Control Manager,7036,None,The DNS Client service entered the stopped state.
Information,12/17/2016 10:21:13 AM,Service Control Manager,7036,None,The WinHTTP Web Proxy Auto-Discovery Service service entered the stopped state.
Information,12/17/2016 10:11:58 AM,Service Control Manager,7036,None,The Software Protection service entered the stopped state.
Information,12/17/2016 10:11:27 AM,Service Control Manager,7036,None,The Software Protection service entered the running state.
Information,12/17/2016 10:04:14 AM,Service Control Manager,7036,None,The Windows Update service entered the stopped state.
Information,12/17/2016 9:54:13 AM,Service Control Manager,7036,None,The WinHTTP Web Proxy Auto-Discovery Service service entered the running state.
Information,12/17/2016 9:54:13 AM,Service Control Manager,7036,None,The Windows Update service entered the running state.
Information,12/17/2016 9:43:46 AM,Service Control Manager,7036,None,The DNS Client service entered the running state.
Information,12/17/2016 9:41:58 AM,Service Control Manager,7036,None,The Software Protection service entered the stopped state.
Information,12/17/2016 9:41:27 AM,Service Control Manager,7036,None,The Software Protection service entered the running state.
Information,12/17/2016 9:39:22 AM,Service Control Manager,7036,None,The DNS Client service entered the stopped state.
Information,12/17/2016 9:27:00 AM,Service Control Manager,7036,None,The WinHTTP Web Proxy Auto-Discovery Service service entered the stopped state.
Information,12/17/2016 9:11:57 AM,Service Control Manager,7036,None,The Software Protection service entered the stopped state.
Information,12/17/2016 9:11:27 AM,Service Control Manager,7036,None,The Software Protection service entered the running state.
Information,12/17/2016 9:00:00 AM,Service Control Manager,7036,None,The WinHTTP Web Proxy Auto-Discovery Service service entered the running state.
Information,12/17/2016 8:53:26 AM,Service Control Manager,7036,None,The WinHTTP Web Proxy Auto-Discovery Service service entered the stopped state.
Information,12/17/2016 8:41:57 AM,Service Control Manager,7036,None,The Software Protection service entered the stopped state.
Information,12/17/2016 8:41:27 AM,Service Control Manager,7036,None,The Software Protection service entered the running state.
Information,12/17/2016 8:25:54 AM,Service Control Manager,7036,None,The Google Update Service (gupdate) service entered the stopped state.
Information,12/17/2016 8:25:54 AM,Service Control Manager,7036,None,The Google Update Service (gupdate) service entered the running state.
Information,12/17/2016 8:17:36 AM,Service Control Manager,7036,None,The Windows Update service entered the stopped state.
Information,12/17/2016 8:11:57 AM,Service Control Manager,7036,None,The Software Protection service entered the stopped state.
Information,12/17/2016 8:11:27 AM,Service Control Manager,7036,None,The Software Protection service entered the running state.
Information,12/17/2016 8:05:49 AM,Service Control Manager,7036,None,The Windows Update service entered the running state.
Information,12/17/2016 7:57:28 AM,Service Control Manager,7036,None,The Windows Update service entered the stopped state.
Information,12/17/2016 7:47:26 AM,Service Control Manager,7036,None,The WinHTTP Web Proxy Auto-Discovery Service service entered the running state.
Information,12/17/2016 7:47:26 AM,Service Control Manager,7036,None,The Windows Update service entered the running state.
Information,12/17/2016 7:41:57 AM,Service Control Manager,7036,None,The Software Protection service entered the stopped state.
Information,12/17/2016 7:41:27 AM,Service Control Manager,7036,None,The Software Protection service entered the running state.
Information,12/17/2016 7:24:21 AM,Service Control Manager,7036,None,The DNS Client service entered the running state.
Information,12/17/2016 7:22:35 AM,Service Control Manager,7036,None,The DNS Client service entered the stopped state.
Information,12/17/2016 7:11:57 AM,Service Control Manager,7036,None,The Software Protection service entered the stopped state.
Information,12/17/2016 7:11:44 AM,Service Control Manager,7036,None,The WinHTTP Web Proxy Auto-Discovery Service service entered the stopped state.
Information,12/17/2016 7:11:26 AM,Service Control Manager,7036,None,The Software Protection service entered the running state.
Information,12/17/2016 6:54:46 AM,Service Control Manager,7036,None,The Windows Update service entered the stopped state.
Information,12/17/2016 6:44:44 AM,Service Control Manager,7036,None,The WinHTTP Web Proxy Auto-Discovery Service service entered the running state.
Information,12/17/2016 6:44:44 AM,Service Control Manager,7036,None,The Windows Update service entered the running state.
Information,12/17/2016 6:41:57 AM,Service Control Manager,7036,None,The Software Protection service entered the stopped state.
Information,12/17/2016 6:41:26 AM,Service Control Manager,7036,None,The Software Protection service entered the running state.
Information,12/17/2016 6:34:21 AM,Service Control Manager,7036,None,The DNS Client service entered the running state.
Information,12/17/2016 6:34:21 AM,Service Control Manager,7036,None,The DNS Client service entered the stopped state.
Information,12/17/2016 6:14:21 AM,Service Control Manager,7036,None,The DNS Client service entered the running state.
Information,12/17/2016 6:14:21 AM,Service Control Manager,7036,None,The DNS Client service entered the stopped state.
Information,12/17/2016 6:11:56 AM,Service Control Manager,7036,None,The Software Protection service entered the stopped state.
Information,12/17/2016 6:11:26 AM,Service Control Manager,7036,None,The Software Protection service entered the running state.
Information,12/17/2016 6:00:08 AM,Service Control Manager,7036,None,The WinHTTP Web Proxy Auto-Discovery Service service entered the stopped state.
Information,12/17/2016 5:43:10 AM,Service Control Manager,7036,None,The Windows Update service entered the stopped state.
Information,12/17/2016 5:41:56 AM,Service Control Manager,7036,None,The Software Protection service entered the stopped state.
Information,12/17/2016 5:41:26 AM,Service Control Manager,7036,None,The Software Protection service entered the running state.
Information,12/17/2016 5:33:08 AM,Service Control Manager,7036,None,The WinHTTP Web Proxy Auto-Discovery Service service entered the running state.
Information,12/17/2016 5:33:08 AM,Service Control Manager,7036,None,The Windows Update service entered the running state.
Information,12/17/2016 5:24:21 AM,Service Control Manager,7036,None,The DNS Client service entered the running state.
Information,12/17/2016 5:24:21 AM,Service Control Manager,7036,None,The DNS Client service entered the stopped state.
Information,12/17/2016 5:11:56 AM,Service Control Manager,7036,None,The Software Protection service entered the stopped state.
Information,12/17/2016 5:11:26 AM,Service Control Manager,7036,None,The Software Protection service entered the running state.
Information,12/17/2016 5:04:21 AM,Service Control Manager,7036,None,The DNS Client service entered the running state.
Information,12/17/2016 4:59:21 AM,Service Control Manager,7036,None,The DNS Client service entered the stopped state.
Information,12/17/2016 4:41:56 AM,Service Control Manager,7036,None,The Software Protection service entered the stopped state.
Information,12/17/2016 4:41:26 AM,Service Control Manager,7036,None,The Software Protection service entered the running state.
Information,12/17/2016 4:24:21 AM,Service Control Manager,7036,None,The DNS Client service entered the running state.
Information,12/17/2016 4:24:21 AM,Service Control Manager,7036,None,The DNS Client service entered the stopped state.
Information,12/17/2016 4:11:56 AM,Service Control Manager,7036,None,The Software Protection service entered the stopped state.
Information,12/17/2016 4:11:25 AM,Service Control Manager,7036,None,The Software Protection service entered the running state.
Information,12/17/2016 4:04:58 AM,Service Control Manager,7036,None,The WinHTTP Web Proxy Auto-Discovery Service service entered the stopped state.
Information,12/17/2016 3:47:35 AM,Service Control Manager,7036,None,The Windows Update service entered the stopped state.
Information,12/17/2016 3:41:56 AM,Service Control Manager,7036,None,The Software Protection service entered the stopped state.
Information,12/17/2016 3:41:25 AM,Service Control Manager,7036,None,The Software Protection service entered the running state.
Information,12/17/2016 3:37:33 AM,Service Control Manager,7036,None,The Windows Update service entered the running state.
Information,12/17/2016 3:35:28 AM,Service Control Manager,7036,None,The Windows Error Reporting Service service entered the stopped state.
Information,12/17/2016 3:33:28 AM,Service Control Manager,7036,None,The WinHTTP Web Proxy Auto-Discovery Service service entered the running state.
Information,12/17/2016 3:33:28 AM,Service Control Manager,7036,None,The Windows Error Reporting Service service entered the running state.
Information,12/17/2016 3:14:21 AM,Service Control Manager,7036,None,The DNS Client service entered the running state.
Information,12/17/2016 3:11:55 AM,Service Control Manager,7036,None,The Software Protection service entered the stopped state.
Information,12/17/2016 3:11:25 AM,Service Control Manager,7036,None,The Software Protection service entered the running state.
Information,12/17/2016 3:04:21 AM,Service Control Manager,7036,None,The DNS Client service entered the stopped state.
Information,12/17/2016 2:53:19 AM,Service Control Manager,7036,None,The WinHTTP Web Proxy Auto-Discovery Service service entered the stopped state.
Information,12/17/2016 2:41:55 AM,Service Control Manager,7036,None,The Software Protection service entered the stopped state.
Information,12/17/2016 2:41:25 AM,Service Control Manager,7036,None,The Software Protection service entered the running state.
Information,12/17/2016 2:26:03 AM,Service Control Manager,7036,None,The Google Update Service (gupdate) service entered the stopped state.
Information,12/17/2016 2:26:03 AM,Service Control Manager,7036,None,The Google Update Service (gupdate) service entered the running state.
Information,12/17/2016 2:15:21 AM,Service Control Manager,7036,None,The Windows Update service entered the stopped state.
Information,12/17/2016 2:11:55 AM,Service Control Manager,7036,None,The Software Protection service entered the stopped state.
Information,12/17/2016 2:11:25 AM,Service Control Manager,7036,None,The Software Protection service entered the running state.
Information,12/17/2016 2:05:19 AM,Service Control Manager,7036,None,The WinHTTP Web Proxy Auto-Discovery Service service entered the running state.
Information,12/17/2016 2:05:19 AM,Service Control Manager,7036,None,The Windows Update service entered the running state.
Information,12/17/2016 2:04:21 AM,Service Control Manager,7036,None,The DNS Client service entered the running state.
Information,12/17/2016 1:59:21 AM,Service Control Manager,7036,None,The DNS Client service entered the stopped state.
Information,12/17/2016 1:41:55 AM,Service Control Manager,7036,None,The Software Protection service entered the stopped state.
Information,12/17/2016 1:41:25 AM,Service Control Manager,7036,None,The Software Protection service entered the running state.
Information,12/17/2016 1:34:21 AM,Service Control Manager,7036,None,The DNS Client service entered the running state.
Information,12/17/2016 1:24:21 AM,Service Control Manager,7036,None,The DNS Client service entered the stopped state.
Error,12/17/2016 1:21:29 AM,Schannel,36888,None,A fatal alert was generated and sent to the remote endpoint. This may result in termination of the connection. The TLS protocol defined fatal error code is 10. The Windows SChannel error state is 1203.
Error,12/17/2016 1:21:29 AM,Schannel,36888,None,A fatal alert was generated and sent to the remote endpoint. This may result in termination of the connection. The TLS protocol defined fatal error code is 10. The Windows SChannel error state is 1203.
Information,12/17/2016 1:11:55 AM,Service Control Manager,7036,None,The Software Protection service entered the stopped state.
Information,12/17/2016 1:11:24 AM,Service Control Manager,7036,None,The Software Protection service entered the running state.
Information,12/17/2016 1:04:21 AM,Service Control Manager,7036,None,The DNS Client service entered the running state.
Information,12/17/2016 12:59:21 AM,Service Control Manager,7036,None,The DNS Client service entered the stopped state.
Information,12/17/2016 12:41:55 AM,Service Control Manager,7036,None,The Software Protection service entered the stopped state.
Information,12/17/2016 12:41:24 AM,Service Control Manager,7036,None,The Software Protection service entered the running state.
Information,12/17/2016 12:36:48 AM,Service Control Manager,7036,None,The WinHTTP Web Proxy Auto-Discovery Service service entered the stopped state.
Information,12/17/2016 12:19:50 AM,Service Control Manager,7036,None,The Windows Update service entered the stopped state.
Error,12/17/2016 12:19:29 AM,Schannel,36888,None,A fatal alert was generated and sent to the remote endpoint. This may result in termination of the connection. The TLS protocol defined fatal error code is 10. The Windows SChannel error state is 1203.
Error,12/17/2016 12:19:28 AM,Schannel,36888,None,A fatal alert was generated and sent to the remote endpoint. This may result in termination of the connection. The TLS protocol defined fatal error code is 10. The Windows SChannel error state is 1203.
Information,12/17/2016 12:11:54 AM,Service Control Manager,7036,None,The Software Protection service entered the stopped state.
Information,12/17/2016 12:11:24 AM,Service Control Manager,7036,None,The Software Protection service entered the running state.
Information,12/17/2016 12:09:48 AM,Service Control Manager,7036,None,The WinHTTP Web Proxy Auto-Discovery Service service entered the running state.
Information,12/17/2016 12:09:48 AM,Service Control Manager,7036,None,The Windows Update service entered the running state.
Information,12/17/2016 12:04:21 AM,Service Control Manager,7036,None,The DNS Client service entered the running state.
Information,12/17/2016 12:03:46 AM,Service Control Manager,7036,None,The DNS Client service entered the stopped state.
Information,12/16/2016 11:43:46 PM,Service Control Manager,7036,None,The DNS Client service entered the running state.
Information,12/16/2016 11:41:54 PM,Service Control Manager,7036,None,The Software Protection service entered the stopped state.
Information,12/16/2016 11:41:24 PM,Service Control Manager,7036,None,The Software Protection service entered the running state.
Information,12/16/2016 11:34:21 PM,Service Control Manager,7036,None,The DNS Client service entered the stopped state.
Information,12/16/2016 11:21:55 PM,Service Control Manager,7036,None,The WinHTTP Web Proxy Auto-Discovery Service service entered the stopped state.
Information,12/16/2016 11:11:54 PM,Service Control Manager,7036,None,The Software Protection service entered the stopped state.
Information,12/16/2016 11:11:24 PM,Service Control Manager,7036,None,The Software Protection service entered the running state.
Information,12/16/2016 11:04:57 PM,Service Control Manager,7036,None,The Windows Update service entered the stopped state.
Information,12/16/2016 10:54:55 PM,Service Control Manager,7036,None,The WinHTTP Web Proxy Auto-Discovery Service service entered the running state.
Information,12/16/2016 10:54:55 PM,Service Control Manager,7036,None,The Windows Update service entered the running state.
Information,12/16/2016 10:41:54 PM,Service Control Manager,7036,None,The Software Protection service entered the stopped state.
Information,12/16/2016 10:41:24 PM,Service Control Manager,7036,None,The Software Protection service entered the running state.
Information,12/16/2016 10:24:21 PM,Service Control Manager,7036,None,The DNS Client service entered the running state.
Information,12/16/2016 10:24:21 PM,Service Control Manager,7036,None,The DNS Client service entered the stopped state.
Information,12/16/2016 10:11:54 PM,Service Control Manager,7036,None,The Software Protection service entered the stopped state.
Information,12/16/2016 10:11:23 PM,Service Control Manager,7036,None,The Software Protection service entered the running state.
Information,12/16/2016 10:04:21 PM,Service Control Manager,7036,None,The DNS Client service entered the running state.
Information,12/16/2016 10:02:47 PM,Service Control Manager,7036,None,The DNS Client service entered the stopped state.
Information,12/16/2016 9:53:47 PM,Service Control Manager,7036,None,The WinHTTP Web Proxy Auto-Discovery Service service entered the stopped state.
Information,12/16/2016 9:41:54 PM,Service Control Manager,7036,None,The Software Protection service entered the stopped state.
Information,12/16/2016 9:41:23 PM,Service Control Manager,7036,None,The Software Protection service entered the running state.
Information,12/16/2016 9:35:23 PM,Service Control Manager,7036,None,The Application Experience service entered the stopped state.
Information,12/16/2016 9:30:24 PM,Service Control Manager,7036,None,The Windows Installer service entered the stopped state.
Information,12/16/2016 9:25:45 PM,Service Control Manager,7036,None,The Google Update Service (gupdate) service entered the stopped state.
Information,12/16/2016 9:25:45 PM,Service Control Manager,7036,None,The Google Update Service (gupdate) service entered the running state.
Information,12/16/2016 9:25:23 PM,Service Control Manager,7036,None,The Windows Installer service entered the running state.
Information,12/16/2016 9:20:22 PM,Service Control Manager,7036,None,The Google Update Service (gupdate) service entered the stopped state.
Information,12/16/2016 9:20:22 PM,Service Control Manager,7036,None,The Application Experience service entered the running state.
Information,12/16/2016 9:20:22 PM,Service Control Manager,7036,None,The Google Update Service (gupdate) service entered the running state.
Information,12/16/2016 9:12:49 PM,Service Control Manager,7036,None,The Windows Update service entered the stopped state.
Information,12/16/2016 9:11:53 PM,Service Control Manager,7036,None,The Software Protection service entered the stopped state.
Information,12/16/2016 9:11:23 PM,Service Control Manager,7036,None,The Software Protection service entered the running state.
Information,12/16/2016 9:02:47 PM,Service Control Manager,7036,None,The DNS Client service entered the running state.
Information,12/16/2016 9:02:47 PM,Service Control Manager,7036,None,The WinHTTP Web Proxy Auto-Discovery Service service entered the running state.
Information,12/16/2016 9:02:47 PM,Service Control Manager,7036,None,The Windows Update service entered the running state.
Information,12/16/2016 8:59:21 PM,Service Control Manager,7036,None,The DNS Client service entered the stopped state.
Error,12/16/2016 8:47:18 PM,Schannel,36888,None,A fatal alert was generated and sent to the remote endpoint. This may result in termination of the connection. The TLS protocol defined fatal error code is 10. The Windows SChannel error state is 1203.
Error,12/16/2016 8:47:18 PM,Schannel,36888,None,A fatal alert was generated and sent to the remote endpoint. This may result in termination of the connection. The TLS protocol defined fatal error code is 10. The Windows SChannel error state is 1203.
Information,12/16/2016 8:47:00 PM,Service Control Manager,7036,None,The WinHTTP Web Proxy Auto-Discovery Service service entered the stopped state.
Information,12/16/2016 8:41:53 PM,Service Control Manager,7036,None,The Software Protection service entered the stopped state.
Information,12/16/2016 8:41:23 PM,Service Control Manager,7036,None,The Software Protection service entered the running state.
Information,12/16/2016 8:20:00 PM,Service Control Manager,7036,None,The WinHTTP Web Proxy Auto-Discovery Service service entered the running state.
Information,12/16/2016 8:11:53 PM,Service Control Manager,7036,None,The Software Protection service entered the stopped state.
Information,12/16/2016 8:11:23 PM,Service Control Manager,7036,None,The Software Protection service entered the running state.
Information,12/16/2016 8:04:20 PM,Service Control Manager,7036,None,The DNS Client service entered the running state.
Information,12/16/2016 8:01:51 PM,Service Control Manager,7036,None,The DNS Client service entered the stopped state.
Information,12/16/2016 7:41:53 PM,Service Control Manager,7036,None,The Software Protection service entered the stopped state.
Information,12/16/2016 7:41:23 PM,Service Control Manager,7036,None,The Software Protection service entered the running state.
Information,12/16/2016 7:33:18 PM,Service Control Manager,7036,None,The WinHTTP Web Proxy Auto-Discovery Service service entered the stopped state.
Information,12/16/2016 7:16:20 PM,Service Control Manager,7036,None,The Windows Update service entered the stopped state.
Information,12/16/2016 7:11:53 PM,Service Control Manager,7036,None,The Software Protection service entered the stopped state.
Information,12/16/2016 7:11:22 PM,Service Control Manager,7036,None,The Software Protection service entered the running state.
Information,12/16/2016 7:06:18 PM,Service Control Manager,7036,None,The WinHTTP Web Proxy Auto-Discovery Service service entered the running state.
Information,12/16/2016 7:06:18 PM,Service Control Manager,7036,None,The Windows Update service entered the running state.
Information,12/16/2016 7:04:20 PM,Service Control Manager,7036,None,The DNS Client service entered the running state.
Information,12/16/2016 7:03:46 PM,Service Control Manager,7036,None,The DNS Client service entered the stopped state.
Information,12/16/2016 6:43:46 PM,Service Control Manager,7036,None,The DNS Client service entered the running state.
Information,12/16/2016 6:41:52 PM,Service Control Manager,7036,None,The Software Protection service entered the stopped state.
Information,12/16/2016 6:41:22 PM,Service Control Manager,7036,None,The Software Protection service entered the running state.
Information,12/16/2016 6:37:25 PM,Microsoft-Windows-Kernel-General,1,None,"The system time has changed to ‎2016‎-‎12‎-‎17T02:37:25.500000000Z from ‎2016‎-‎12‎-‎17T02:26:28.501872500Z.

Change Reason: System time synchronized with the hardware clock."
Information,12/16/2016 6:23:23 PM,Service Control Manager,7036,None,The DNS Client service entered the stopped state.
Information,12/16/2016 6:14:02 PM,Service Control Manager,7036,None,The Windows Update service entered the stopped state.
Error,12/16/2016 6:08:27 PM,Schannel,36888,None,A fatal alert was generated and sent to the remote endpoint. This may result in termination of the connection. The TLS protocol defined fatal error code is 10. The Windows SChannel error state is 1203.
Error,12/16/2016 6:08:27 PM,Schannel,36888,None,A fatal alert was generated and sent to the remote endpoint. This may result in termination of the connection. The TLS protocol defined fatal error code is 10. The Windows SChannel error state is 1203.
Information,12/16/2016 6:05:00 PM,Service Control Manager,7036,None,The Smart Card Device Enumeration Service service entered the stopped state.
Information,12/16/2016 6:03:04 PM,Service Control Manager,7036,None,The Windows Modules Installer service entered the stopped state.
Information,12/16/2016 6:01:48 PM,Service Control Manager,7036,None,The Software Protection service entered the stopped state.
Information,12/16/2016 6:00:25 PM,Service Control Manager,7036,None,The Software Protection service entered the running state.
Error,12/16/2016 5:45:50 PM,Schannel,36888,None,A fatal alert was generated and sent to the remote endpoint. This may result in termination of the connection. The TLS protocol defined fatal error code is 10. The Windows SChannel error state is 1203.
Error,12/16/2016 5:45:50 PM,Schannel,36888,None,A fatal alert was generated and sent to the remote endpoint. This may result in termination of the connection. The TLS protocol defined fatal error code is 10. The Windows SChannel error state is 1203.
Information,12/16/2016 5:43:38 PM,Service Control Manager,7036,None,The WinHTTP Web Proxy Auto-Discovery Service service entered the stopped state.
Information,12/16/2016 5:31:45 PM,Service Control Manager,7036,None,The Software Protection service entered the stopped state.
Information,12/16/2016 5:30:19 PM,Service Control Manager,7036,None,The Software Protection service entered the running state.
Information,12/16/2016 5:26:28 PM,Microsoft-Windows-Kernel-General,1,None,"The system time has changed to ‎2016‎-‎12‎-‎17T01:26:28.500000000Z from ‎2016‎-‎12‎-‎17T01:14:35.715996300Z.

Change Reason: System time synchronized with the hardware clock."
Information,12/16/2016 5:04:34 PM,Service Control Manager,7036,None,The Smart Card Device Enumeration Service service entered the running state.
Information,12/16/2016 4:59:35 PM,Service Control Manager,7036,None,The Software Protection service entered the stopped state.
Information,12/16/2016 4:57:28 PM,Service Control Manager,7036,None,The Smart Card Device Enumeration Service service entered the stopped state.
Information,12/16/2016 4:55:35 PM,Service Control Manager,7036,None,The Smart Card Device Enumeration Service service entered the running state.
Information,12/16/2016 4:54:07 PM,Service Control Manager,7036,None,The WinHTTP Web Proxy Auto-Discovery Service service entered the running state.
Information,12/16/2016 4:54:07 PM,Service Control Manager,7036,None,The Windows Update service entered the running state.
Information,12/16/2016 4:48:30 PM,Service Control Manager,7036,None,The WinHTTP Web Proxy Auto-Discovery Service service entered the stopped state.
Information,12/16/2016 4:48:26 PM,Service Control Manager,7036,None,The Software Protection service entered the running state.
Information,12/16/2016 4:34:38 PM,Service Control Manager,7036,None,The Smart Card Device Enumeration Service service entered the stopped state.
Information,12/16/2016 4:31:49 PM,Service Control Manager,7036,None,The Windows Modules Installer service entered the running state.
Information,12/16/2016 4:31:27 PM,Service Control Manager,7036,None,The Smart Card Device Enumeration Service service entered the running state.
Information,12/16/2016 4:24:02 PM,Service Control Manager,7036,None,The Windows Update service entered the stopped state.
Information,12/16/2016 4:20:05 PM,Service Control Manager,7036,None,The Google Update Service (gupdate) service entered the stopped state.
Information,12/16/2016 4:20:05 PM,Service Control Manager,7036,None,The Google Update Service (gupdate) service entered the running state.
Information,12/16/2016 4:18:56 PM,Service Control Manager,7036,None,The Software Protection service entered the stopped state.
Information,12/16/2016 4:18:26 PM,Service Control Manager,7036,None,The Software Protection service entered the running state.
Information,12/16/2016 4:14:00 PM,Service Control Manager,7036,None,The WinHTTP Web Proxy Auto-Discovery Service service entered the running state.
Information,12/16/2016 4:14:00 PM,Service Control Manager,7036,None,The Windows Update service entered the running state.
Information,12/16/2016 4:01:30 PM,Service Control Manager,7036,None,The DNS Client service entered the running state.
Information,12/16/2016 4:01:30 PM,Service Control Manager,7036,None,The DNS Client service entered the stopped state.
Information,12/16/2016 3:48:56 PM,Service Control Manager,7036,None,The Software Protection service entered the stopped state.
Information,12/16/2016 3:48:26 PM,Service Control Manager,7036,None,The Software Protection service entered the running state.
Information,12/16/2016 3:41:30 PM,Service Control Manager,7036,None,The DNS Client service entered the running state.
Information,12/16/2016 3:36:30 PM,Service Control Manager,7036,None,The DNS Client service entered the stopped state.
Information,12/16/2016 3:18:56 PM,Service Control Manager,7036,None,The Software Protection service entered the stopped state.
Information,12/16/2016 3:18:25 PM,Service Control Manager,7036,None,The Software Protection service entered the running state.
Information,12/16/2016 3:12:39 PM,Service Control Manager,7036,None,The WinHTTP Web Proxy Auto-Discovery Service service entered the stopped state.
Information,12/16/2016 3:04:42 PM,Service Control Manager,7036,None,The Windows Update service entered the stopped state.
Information,12/16/2016 2:48:56 PM,Service Control Manager,7036,None,The Software Protection service entered the stopped state.
Information,12/16/2016 2:48:25 PM,Service Control Manager,7036,None,The Software Protection service entered the running state.
Information,12/16/2016 2:45:39 PM,Service Control Manager,7036,None,The WinHTTP Web Proxy Auto-Discovery Service service entered the running state.
Information,12/16/2016 2:45:39 PM,Service Control Manager,7036,None,The Windows Update service entered the running state.
Information,12/16/2016 2:41:30 PM,Service Control Manager,7036,None,The DNS Client service entered the running state.
Information,12/16/2016 2:36:30 PM,Service Control Manager,7036,None,The DNS Client service entered the stopped state.
Information,12/16/2016 2:27:01 PM,Service Control Manager,7036,None,The WinHTTP Web Proxy Auto-Discovery Service service entered the stopped state.
Information,12/16/2016 2:18:55 PM,Service Control Manager,7036,None,The Software Protection service entered the stopped state.
Information,12/16/2016 2:18:25 PM,Service Control Manager,7036,None,The Software Protection service entered the running state.
Information,12/16/2016 2:00:01 PM,Service Control Manager,7036,None,The WinHTTP Web Proxy Auto-Discovery Service service entered the running state.
Information,12/16/2016 1:48:55 PM,Service Control Manager,7036,None,The Software Protection service entered the stopped state.
Information,12/16/2016 1:48:25 PM,Service Control Manager,7036,None,The Software Protection service entered the running state.
Information,12/16/2016 1:41:30 PM,Service Control Manager,7036,None,The DNS Client service entered the running state.
Information,12/16/2016 1:36:30 PM,Service Control Manager,7036,None,The DNS Client service entered the stopped state.
Information,12/16/2016 1:25:24 PM,Service Control Manager,7036,None,The WinHTTP Web Proxy Auto-Discovery Service service entered the stopped state.
Information,12/16/2016 1:18:55 PM,Service Control Manager,7036,None,The Software Protection service entered the stopped state.
Information,12/16/2016 1:18:25 PM,Service Control Manager,7036,None,The Software Protection service entered the running state.
Information,12/16/2016 1:08:26 PM,Service Control Manager,7036,None,The Windows Update service entered the stopped state.
Information,12/16/2016 12:58:24 PM,Service Control Manager,7036,None,The WinHTTP Web Proxy Auto-Discovery Service service entered the running state.
Information,12/16/2016 12:58:24 PM,Service Control Manager,7036,None,The Windows Update service entered the running state.
Information,12/16/2016 12:48:55 PM,Service Control Manager,7036,None,The Software Protection service entered the stopped state.
Information,12/16/2016 12:48:25 PM,Service Control Manager,7036,None,The Software Protection service entered the running state.
Information,12/16/2016 12:41:30 PM,Service Control Manager,7036,None,The DNS Client service entered the running state.
Information,12/16/2016 12:40:57 PM,Service Control Manager,7036,None,The DNS Client service entered the stopped state.
Information,12/16/2016 12:20:57 PM,Service Control Manager,7036,None,The DNS Client service entered the running state.
Information,12/16/2016 12:18:55 PM,Service Control Manager,7036,None,The Software Protection service entered the stopped state.
Information,12/16/2016 12:18:24 PM,Service Control Manager,7036,None,The Software Protection service entered the running state.
Information,12/16/2016 12:11:30 PM,Service Control Manager,7036,None,The DNS Client service entered the stopped state.
Information,12/16/2016 12:00:00 PM,EventLog,6013,None,The system uptime is 56725 seconds.
Information,12/16/2016 11:54:46 AM,Service Control Manager,7036,None,The WinHTTP Web Proxy Auto-Discovery Service service entered the stopped state.
Information,12/16/2016 11:48:55 AM,Service Control Manager,7036,None,The Software Protection service entered the stopped state.
Information,12/16/2016 11:48:24 AM,Service Control Manager,7036,None,The Software Protection service entered the running state.
Information,12/16/2016 11:36:39 AM,Service Control Manager,7036,None,The Windows Update service entered the stopped state.
Information,12/16/2016 11:26:38 AM,Service Control Manager,7036,None,The Windows Update service entered the running state.
Information,12/16/2016 11:20:16 AM,Service Control Manager,7036,None,The Google Update Service (gupdate) service entered the stopped state.
Information,12/16/2016 11:20:16 AM,Service Control Manager,7036,None,The WinHTTP Web Proxy Auto-Discovery Service service entered the running state.
Information,12/16/2016 11:20:16 AM,Service Control Manager,7036,None,The Google Update Service (gupdate) service entered the running state.
Information,12/16/2016 11:18:54 AM,Service Control Manager,7036,None,The Software Protection service entered the stopped state.
Information,12/16/2016 11:18:24 AM,Service Control Manager,7036,None,The Software Protection service entered the running state.
Information,12/16/2016 11:01:30 AM,Service Control Manager,7036,None,The DNS Client service entered the running state.
Information,12/16/2016 11:01:30 AM,Service Control Manager,7036,None,The DNS Client service entered the stopped state.
Information,12/16/2016 10:48:54 AM,Service Control Manager,7036,None,The Software Protection service entered the stopped state.
Information,12/16/2016 10:48:24 AM,Service Control Manager,7036,None,The Software Protection service entered the running state.
Information,12/16/2016 10:41:30 AM,Service Control Manager,7036,None,The DNS Client service entered the running state.
Information,12/16/2016 10:40:57 AM,Service Control Manager,7036,None,The DNS Client service entered the stopped state.
Information,12/16/2016 10:20:57 AM,Service Control Manager,7036,None,The DNS Client service entered the running state.
Information,12/16/2016 10:18:54 AM,Service Control Manager,7036,None,The Software Protection service entered the stopped state.
Information,12/16/2016 10:18:24 AM,Service Control Manager,7036,None,The Software Protection service entered the running state.
Information,12/16/2016 10:18:22 AM,Service Control Manager,7036,None,The DNS Client service entered the stopped state.
Information,12/16/2016 10:05:22 AM,Service Control Manager,7036,None,The WinHTTP Web Proxy Auto-Discovery Service service entered the stopped state.
Information,12/16/2016 9:48:54 AM,Service Control Manager,7036,None,The Software Protection service entered the stopped state.
Information,12/16/2016 9:48:24 AM,Service Control Manager,7036,None,The Software Protection service entered the running state.
Information,12/16/2016 9:48:23 AM,Service Control Manager,7036,None,The Windows Update service entered the stopped state.
Information,12/16/2016 9:38:22 AM,Service Control Manager,7036,None,The DNS Client service entered the running state.
Information,12/16/2016 9:38:22 AM,Service Control Manager,7036,None,The WinHTTP Web Proxy Auto-Discovery Service service entered the running state.
Information,12/16/2016 9:38:22 AM,Service Control Manager,7036,None,The Windows Update service entered the running state.
Information,12/16/2016 9:36:30 AM,Service Control Manager,7036,None,The DNS Client service entered the stopped state.
Information,12/16/2016 9:18:54 AM,Service Control Manager,7036,None,The Software Protection service entered the stopped state.
Information,12/16/2016 9:18:24 AM,Service Control Manager,7036,None,The Software Protection service entered the running state.
Information,12/16/2016 9:11:30 AM,Service Control Manager,7036,None,The DNS Client service entered the running state.
Information,12/16/2016 9:07:06 AM,Service Control Manager,7036,None,The DNS Client service entered the stopped state.
Information,12/16/2016 8:55:47 AM,Service Control Manager,7036,None,The WinHTTP Web Proxy Auto-Discovery Service service entered the stopped state.
Information,12/16/2016 8:48:54 AM,Service Control Manager,7036,None,The Software Protection service entered the stopped state.
Information,12/16/2016 8:48:23 AM,Service Control Manager,7036,None,The Software Protection service entered the running state.
Information,12/16/2016 8:38:49 AM,Service Control Manager,7036,None,The Windows Update service entered the stopped state.
Information,12/16/2016 8:28:47 AM,Service Control Manager,7036,None,The WinHTTP Web Proxy Auto-Discovery Service service entered the running state.
Information,12/16/2016 8:28:47 AM,Service Control Manager,7036,None,The Windows Update service entered the running state.
Information,12/16/2016 8:18:54 AM,Service Control Manager,7036,None,The Software Protection service entered the stopped state.
Information,12/16/2016 8:18:23 AM,Service Control Manager,7036,None,The Software Protection service entered the running state.
Information,12/16/2016 8:11:30 AM,Service Control Manager,7036,None,The DNS Client service entered the running state.
Information,12/16/2016 8:06:30 AM,Service Control Manager,7036,None,The DNS Client service entered the stopped state.
Information,12/16/2016 7:54:54 AM,Service Control Manager,7036,None,The WinHTTP Web Proxy Auto-Discovery Service service entered the stopped state.
Information,12/16/2016 7:48:53 AM,Service Control Manager,7036,None,The Software Protection service entered the stopped state.
Information,12/16/2016 7:48:23 AM,Service Control Manager,7036,None,The Software Protection service entered the running state.
Information,12/16/2016 7:37:56 AM,Service Control Manager,7036,None,The Windows Update service entered the stopped state.
Information,12/16/2016 7:27:54 AM,Service Control Manager,7036,None,The WinHTTP Web Proxy Auto-Discovery Service service entered the running state.
Information,12/16/2016 7:27:54 AM,Service Control Manager,7036,None,The Windows Update service entered the running state.
Information,12/16/2016 7:18:53 AM,Service Control Manager,7036,None,The Software Protection service entered the stopped state.
Information,12/16/2016 7:18:23 AM,Service Control Manager,7036,None,The Software Protection service entered the running state.
Information,12/16/2016 7:09:39 AM,Service Control Manager,7036,None,The Smart Card Device Enumeration Service service entered the stopped state.
Information,12/16/2016 7:06:29 AM,Service Control Manager,7036,None,The Smart Card Device Enumeration Service service entered the running state.
Information,12/16/2016 7:01:29 AM,Service Control Manager,7036,None,The DNS Client service entered the running state.
Information,12/16/2016 6:56:29 AM,Service Control Manager,7036,None,The DNS Client service entered the stopped state.
Information,12/16/2016 6:48:53 AM,Service Control Manager,7036,None,The Software Protection service entered the stopped state.
Information,12/16/2016 6:48:23 AM,Service Control Manager,7036,None,The Software Protection service entered the running state.
Information,12/16/2016 6:47:54 AM,Service Control Manager,7036,None,The WinHTTP Web Proxy Auto-Discovery Service service entered the stopped state.
Information,12/16/2016 6:20:16 AM,Service Control Manager,7036,None,The Google Update Service (gupdate) service entered the stopped state.
Information,12/16/2016 6:20:16 AM,Service Control Manager,7036,None,The Google Update Service (gupdate) service entered the running state.
Information,12/16/2016 6:18:53 AM,Service Control Manager,7036,None,The Software Protection service entered the stopped state.
Information,12/16/2016 6:18:23 AM,Service Control Manager,7036,None,The Software Protection service entered the running state.
Information,12/16/2016 6:09:56 AM,Service Control Manager,7036,None,The Windows Update service entered the stopped state.
Information,12/16/2016 5:59:54 AM,Service Control Manager,7036,None,The WinHTTP Web Proxy Auto-Discovery Service service entered the running state.
Information,12/16/2016 5:59:54 AM,Service Control Manager,7036,None,The Windows Update service entered the running state.
Information,12/16/2016 5:50:47 AM,Service Control Manager,7036,None,The WinHTTP Web Proxy Auto-Discovery Service service entered the stopped state.
Information,12/16/2016 5:48:53 AM,Service Control Manager,7036,None,The Software Protection service entered the stopped state.
Information,12/16/2016 5:48:22 AM,Service Control Manager,7036,None,The Software Protection service entered the running state.
Information,12/16/2016 5:33:47 AM,Service Control Manager,7036,None,The Application Experience service entered the stopped state.
Information,12/16/2016 5:26:54 AM,Service Control Manager,7036,None,The Optimize drives service entered the stopped state.
Information,12/16/2016 5:25:47 AM,Service Control Manager,7036,None,The Windows Error Reporting Service service entered the stopped state.
Information,12/16/2016 5:23:47 AM,Service Control Manager,7036,None,The Optimize drives service entered the running state.
Information,12/16/2016 5:23:47 AM,Service Control Manager,7036,None,The Application Experience service entered the running state.
Information,12/16/2016 5:23:47 AM,Service Control Manager,7036,None,The WinHTTP Web Proxy Auto-Discovery Service service entered the running state.
Information,12/16/2016 5:23:47 AM,Service Control Manager,7036,None,The Windows Error Reporting Service service entered the running state.
Information,12/16/2016 5:18:53 AM,Service Control Manager,7036,None,The Software Protection service entered the stopped state.
Information,12/16/2016 5:18:22 AM,Service Control Manager,7036,None,The Software Protection service entered the running state.
Information,12/16/2016 5:01:29 AM,Service Control Manager,7036,None,The DNS Client service entered the running state.
Information,12/16/2016 4:56:29 AM,Service Control Manager,7036,None,The DNS Client service entered the stopped state.
Information,12/16/2016 4:48:52 AM,Service Control Manager,7036,None,The Software Protection service entered the stopped state.
Information,12/16/2016 4:48:22 AM,Service Control Manager,7036,None,The Software Protection service entered the running state.
Information,12/16/2016 4:45:41 AM,Service Control Manager,7036,None,The WinHTTP Web Proxy Auto-Discovery Service service entered the stopped state.
Information,12/16/2016 4:28:43 AM,Service Control Manager,7036,None,The Windows Update service entered the stopped state.
Information,12/16/2016 4:18:52 AM,Service Control Manager,7036,None,The Software Protection service entered the stopped state.
Information,12/16/2016 4:18:41 AM,Service Control Manager,7036,None,The WinHTTP Web Proxy Auto-Discovery Service service entered the running state.
Information,12/16/2016 4:18:41 AM,Service Control Manager,7036,None,The Windows Update service entered the running state.
Information,12/16/2016 4:18:22 AM,Service Control Manager,7036,None,The Software Protection service entered the running state.
Information,12/16/2016 4:01:29 AM,Service Control Manager,7036,None,The DNS Client service entered the running state.
Information,12/16/2016 3:56:29 AM,Service Control Manager,7036,None,The DNS Client service entered the stopped state.
Information,12/16/2016 3:48:52 AM,Service Control Manager,7036,None,The Software Protection service entered the stopped state.
Information,12/16/2016 3:48:22 AM,Service Control Manager,7036,None,The Software Protection service entered the running state.
Information,12/16/2016 3:45:52 AM,Service Control Manager,7036,None,The WinHTTP Web Proxy Auto-Discovery Service service entered the stopped state.
Information,12/16/2016 3:28:54 AM,Service Control Manager,7036,None,The Windows Update service entered the stopped state.
Information,12/16/2016 3:18:52 AM,Service Control Manager,7036,None,The Software Protection service entered the stopped state.
Information,12/16/2016 3:18:52 AM,Service Control Manager,7036,None,The WinHTTP Web Proxy Auto-Discovery Service service entered the running state.
Information,12/16/2016 3:18:52 AM,Service Control Manager,7036,None,The Windows Update service entered the running state.
Information,12/16/2016 3:18:22 AM,Service Control Manager,7036,None,The Software Protection service entered the running state.
Information,12/16/2016 3:11:29 AM,Service Control Manager,7036,None,The DNS Client service entered the running state.
Information,12/16/2016 3:01:29 AM,Service Control Manager,7036,None,The DNS Client service entered the stopped state.
Information,12/16/2016 2:48:52 AM,Service Control Manager,7036,None,The Software Protection service entered the stopped state.
Information,12/16/2016 2:48:21 AM,Service Control Manager,7036,None,The Software Protection service entered the running state.
