Information,11/25/2016 7:10:13 PM,Service Control Manager,7036,None,The Software Protection service entered the running state.
Information,11/25/2016 7:09:11 PM,Service Control Manager,7036,None,The WinHTTP Web Proxy Auto-Discovery Service service entered the stopped state.
Information,11/25/2016 6:42:11 PM,Service Control Manager,7036,None,The DNS Client service entered the running state.
Information,11/25/2016 6:42:11 PM,Service Control Manager,7036,None,The WinHTTP Web Proxy Auto-Discovery Service service entered the running state.
Information,11/25/2016 6:40:43 PM,Service Control Manager,7036,None,The Software Protection service entered the stopped state.
Information,11/25/2016 6:40:13 PM,Service Control Manager,7036,None,The Software Protection service entered the running state.
Information,11/25/2016 6:28:12 PM,Service Control Manager,7036,None,The Windows Modules Installer service entered the stopped state.
Information,11/25/2016 6:28:11 PM,Service Control Manager,7036,None,The Windows Error Reporting Service service entered the stopped state.
Information,11/25/2016 6:26:12 PM,Microsoft-Windows-Kernel-General,16,None,The access history in hive \SystemRoot\System32\config\DRIVERS was cleared updating 24 keys and creating 4 modified pages.
Information,11/25/2016 6:26:12 PM,Service Control Manager,7036,None,The Windows Modules Installer service entered the running state.
Information,11/25/2016 6:26:11 PM,Service Control Manager,7036,None,The Windows Error Reporting Service service entered the running state.
Information,11/25/2016 6:10:43 PM,Service Control Manager,7036,None,The Software Protection service entered the stopped state.
Information,11/25/2016 6:10:13 PM,Service Control Manager,7036,None,The Software Protection service entered the running state.
Information,11/25/2016 5:40:43 PM,Service Control Manager,7036,None,The Software Protection service entered the stopped state.
Information,11/25/2016 5:40:13 PM,Service Control Manager,7036,None,The Software Protection service entered the running state.
Information,11/25/2016 5:36:11 PM,Service Control Manager,7036,None,The DNS Client service entered the stopped state.
Information,11/25/2016 5:23:11 PM,Service Control Manager,7036,None,The WinHTTP Web Proxy Auto-Discovery Service service entered the stopped state.
Information,11/25/2016 5:10:43 PM,Service Control Manager,7036,None,The Software Protection service entered the stopped state.
Information,11/25/2016 5:10:13 PM,Service Control Manager,7036,None,The Software Protection service entered the running state.
Information,11/25/2016 4:56:11 PM,Service Control Manager,7036,None,The DNS Client service entered the running state.
Information,11/25/2016 4:56:11 PM,Service Control Manager,7036,None,The WinHTTP Web Proxy Auto-Discovery Service service entered the running state.
Information,11/25/2016 4:40:43 PM,Service Control Manager,7036,None,The Software Protection service entered the stopped state.
Information,11/25/2016 4:40:12 PM,Service Control Manager,7036,None,The Software Protection service entered the running state.
Information,11/25/2016 4:37:11 PM,Service Control Manager,7036,None,The DNS Client service entered the stopped state.
Information,11/25/2016 4:28:11 PM,Service Control Manager,7036,None,The WinHTTP Web Proxy Auto-Discovery Service service entered the stopped state.
Information,11/25/2016 4:10:43 PM,Service Control Manager,7036,None,The Software Protection service entered the stopped state.
Information,11/25/2016 4:10:12 PM,Service Control Manager,7036,None,The Software Protection service entered the running state.
Information,11/25/2016 3:40:42 PM,Service Control Manager,7036,None,The Software Protection service entered the stopped state.
Information,11/25/2016 3:40:12 PM,Service Control Manager,7036,None,The Software Protection service entered the running state.
Information,11/25/2016 3:37:10 PM,Service Control Manager,7036,None,The DNS Client service entered the running state.
Information,11/25/2016 3:37:10 PM,Service Control Manager,7036,None,The WinHTTP Web Proxy Auto-Discovery Service service entered the running state.
Information,11/25/2016 3:10:42 PM,Service Control Manager,7036,None,The Software Protection service entered the stopped state.
Information,11/25/2016 3:10:12 PM,Service Control Manager,7036,None,The Software Protection service entered the running state.
Information,11/25/2016 2:51:10 PM,Service Control Manager,7036,None,The DNS Client service entered the stopped state.
Information,11/25/2016 2:40:42 PM,Service Control Manager,7036,None,The Software Protection service entered the stopped state.
Information,11/25/2016 2:40:12 PM,Service Control Manager,7036,None,The Software Protection service entered the running state.
Information,11/25/2016 2:38:10 PM,Service Control Manager,7036,None,The WinHTTP Web Proxy Auto-Discovery Service service entered the stopped state.
Information,11/25/2016 2:11:10 PM,Service Control Manager,7036,None,The DNS Client service entered the running state.
Information,11/25/2016 2:11:10 PM,Service Control Manager,7036,None,The WinHTTP Web Proxy Auto-Discovery Service service entered the running state.
Information,11/25/2016 2:10:42 PM,Service Control Manager,7036,None,The Software Protection service entered the stopped state.
Information,11/25/2016 2:10:12 PM,Service Control Manager,7036,None,The Software Protection service entered the running state.
Information,11/25/2016 1:40:42 PM,Service Control Manager,7036,None,The Software Protection service entered the stopped state.
Information,11/25/2016 1:40:12 PM,Service Control Manager,7036,None,The Software Protection service entered the running state.
Information,11/25/2016 1:17:10 PM,Service Control Manager,7036,None,The DNS Client service entered the stopped state.
Information,11/25/2016 1:10:42 PM,Service Control Manager,7036,None,The Software Protection service entered the stopped state.
Information,11/25/2016 1:10:11 PM,Service Control Manager,7036,None,The Software Protection service entered the running state.
Information,11/25/2016 1:04:10 PM,Service Control Manager,7036,None,The WinHTTP Web Proxy Auto-Discovery Service service entered the stopped state.
Information,11/25/2016 12:40:42 PM,Service Control Manager,7036,None,The Software Protection service entered the stopped state.
Information,11/25/2016 12:40:11 PM,Service Control Manager,7036,None,The Software Protection service entered the running state.
Information,11/25/2016 12:37:10 PM,Service Control Manager,7036,None,The DNS Client service entered the running state.
Information,11/25/2016 12:37:10 PM,Service Control Manager,7036,None,The WinHTTP Web Proxy Auto-Discovery Service service entered the running state.
Information,11/25/2016 12:10:42 PM,Service Control Manager,7036,None,The Software Protection service entered the stopped state.
Information,11/25/2016 12:10:11 PM,Service Control Manager,7036,None,The Software Protection service entered the running state.
Information,11/25/2016 11:40:41 AM,Service Control Manager,7036,None,The Software Protection service entered the stopped state.
Information,11/25/2016 11:40:11 AM,Service Control Manager,7036,None,The Software Protection service entered the running state.
Information,11/25/2016 11:40:09 AM,Service Control Manager,7036,None,The DNS Client service entered the stopped state.
Information,11/25/2016 11:27:10 AM,Service Control Manager,7036,None,The WinHTTP Web Proxy Auto-Discovery Service service entered the stopped state.
Information,11/25/2016 11:10:41 AM,Service Control Manager,7036,None,The Software Protection service entered the stopped state.
Information,11/25/2016 11:10:11 AM,Service Control Manager,7036,None,The Software Protection service entered the running state.
Information,11/25/2016 11:00:09 AM,Service Control Manager,7036,None,The DNS Client service entered the running state.
Information,11/25/2016 11:00:09 AM,Service Control Manager,7036,None,The WinHTTP Web Proxy Auto-Discovery Service service entered the running state.
Information,11/25/2016 10:40:41 AM,Service Control Manager,7036,None,The Software Protection service entered the stopped state.
Information,11/25/2016 10:40:11 AM,Service Control Manager,7036,None,The Software Protection service entered the running state.
Information,11/25/2016 10:10:41 AM,Service Control Manager,7036,None,The Software Protection service entered the stopped state.
Information,11/25/2016 10:10:11 AM,Service Control Manager,7036,None,The Software Protection service entered the running state.
Information,11/25/2016 10:00:09 AM,Service Control Manager,7036,None,The DNS Client service entered the stopped state.
Information,11/25/2016 9:47:09 AM,Service Control Manager,7036,None,The WinHTTP Web Proxy Auto-Discovery Service service entered the stopped state.
Information,11/25/2016 9:40:41 AM,Service Control Manager,7036,None,The Software Protection service entered the stopped state.
Information,11/25/2016 9:40:10 AM,Service Control Manager,7036,None,The Software Protection service entered the running state.
Information,11/25/2016 9:20:09 AM,Service Control Manager,7036,None,The DNS Client service entered the running state.
Information,11/25/2016 9:20:09 AM,Service Control Manager,7036,None,The WinHTTP Web Proxy Auto-Discovery Service service entered the running state.
Information,11/25/2016 9:10:41 AM,Service Control Manager,7036,None,The Software Protection service entered the stopped state.
Information,11/25/2016 9:10:10 AM,Service Control Manager,7036,None,The Software Protection service entered the running state.
Information,11/25/2016 8:48:09 AM,Service Control Manager,7036,None,The DNS Client service entered the stopped state.
Information,11/25/2016 8:40:40 AM,Service Control Manager,7036,None,The Software Protection service entered the stopped state.
Information,11/25/2016 8:40:10 AM,Service Control Manager,7036,None,The Software Protection service entered the running state.
Information,11/25/2016 8:36:39 AM,Service Control Manager,7036,None,The WinHTTP Web Proxy Auto-Discovery Service service entered the stopped state.
Information,11/25/2016 8:10:40 AM,Service Control Manager,7036,None,The Software Protection service entered the stopped state.
Information,11/25/2016 8:10:10 AM,Service Control Manager,7036,None,The Software Protection service entered the running state.
Information,11/25/2016 8:08:09 AM,Service Control Manager,7036,None,The DNS Client service entered the running state.
Information,11/25/2016 8:08:09 AM,Service Control Manager,7036,None,The WinHTTP Web Proxy Auto-Discovery Service service entered the running state.
Information,11/25/2016 7:40:40 AM,Service Control Manager,7036,None,The Software Protection service entered the stopped state.
Information,11/25/2016 7:40:10 AM,Service Control Manager,7036,None,The Software Protection service entered the running state.
Information,11/25/2016 7:10:40 AM,Service Control Manager,7036,None,The Software Protection service entered the stopped state.
Information,11/25/2016 7:10:10 AM,Service Control Manager,7036,None,The Software Protection service entered the running state.
Information,11/25/2016 6:57:08 AM,Service Control Manager,7036,None,The DNS Client service entered the stopped state.
Information,11/25/2016 6:44:08 AM,Service Control Manager,7036,None,The WinHTTP Web Proxy Auto-Discovery Service service entered the stopped state.
Information,11/25/2016 6:40:40 AM,Service Control Manager,7036,None,The Software Protection service entered the stopped state.
Information,11/25/2016 6:40:10 AM,Service Control Manager,7036,None,The Software Protection service entered the running state.
Information,11/25/2016 6:17:08 AM,Service Control Manager,7036,None,The DNS Client service entered the running state.
Information,11/25/2016 6:17:08 AM,Service Control Manager,7036,None,The WinHTTP Web Proxy Auto-Discovery Service service entered the running state.
Information,11/25/2016 6:10:40 AM,Service Control Manager,7036,None,The Software Protection service entered the stopped state.
Information,11/25/2016 6:10:09 AM,Service Control Manager,7036,None,The Software Protection service entered the running state.
Information,11/25/2016 6:00:08 AM,Service Control Manager,7036,None,The DNS Client service entered the stopped state.
Information,11/25/2016 5:50:47 AM,Service Control Manager,7036,None,The WinHTTP Web Proxy Auto-Discovery Service service entered the stopped state.
Information,11/25/2016 5:40:40 AM,Service Control Manager,7036,None,The Software Protection service entered the stopped state.
Information,11/25/2016 5:40:09 AM,Service Control Manager,7036,None,The Software Protection service entered the running state.
Information,11/25/2016 5:15:24 AM,Service Control Manager,7036,None,The Windows Modules Installer service entered the stopped state.
Information,11/25/2016 5:13:18 AM,Service Control Manager,7036,None,The Windows Modules Installer service entered the running state.
Information,11/25/2016 5:13:17 AM,Service Control Manager,7036,None,The WinHTTP Web Proxy Auto-Discovery Service service entered the running state.
Information,11/25/2016 5:11:12 AM,Service Control Manager,7036,None,The Windows Modules Installer service entered the stopped state.
Information,11/25/2016 5:10:40 AM,Service Control Manager,7036,None,The Software Protection service entered the stopped state.
Information,11/25/2016 5:10:09 AM,Service Control Manager,7036,None,The Software Protection service entered the running state.
Information,11/25/2016 5:09:12 AM,Service Control Manager,7036,None,The Windows Modules Installer service entered the running state.
Information,11/25/2016 5:02:08 AM,Service Control Manager,7036,None,The WinHTTP Web Proxy Auto-Discovery Service service entered the stopped state.
Information,11/25/2016 4:40:39 AM,Service Control Manager,7036,None,The Software Protection service entered the stopped state.
Information,11/25/2016 4:40:09 AM,Service Control Manager,7036,None,The Software Protection service entered the running state.
Information,11/25/2016 4:35:08 AM,Service Control Manager,7036,None,The DNS Client service entered the running state.
Information,11/25/2016 4:35:08 AM,Service Control Manager,7036,None,The WinHTTP Web Proxy Auto-Discovery Service service entered the running state.
Information,11/25/2016 4:10:39 AM,Service Control Manager,7036,None,The Software Protection service entered the stopped state.
Information,11/25/2016 4:10:09 AM,Service Control Manager,7036,None,The Software Protection service entered the running state.
Information,11/25/2016 4:00:00 AM,EventLog,6013,None,The system uptime is 2458438 seconds.
Information,11/25/2016 3:40:39 AM,Service Control Manager,7036,None,The Software Protection service entered the stopped state.
Information,11/25/2016 3:40:09 AM,Service Control Manager,7036,None,The Software Protection service entered the running state.
Information,11/25/2016 3:37:09 AM,Service Control Manager,7036,None,The DNS Client service entered the stopped state.
Information,11/25/2016 3:24:09 AM,Service Control Manager,7036,None,The WinHTTP Web Proxy Auto-Discovery Service service entered the stopped state.
Information,11/25/2016 3:10:39 AM,Service Control Manager,7036,None,The Software Protection service entered the stopped state.
Information,11/25/2016 3:10:09 AM,Service Control Manager,7036,None,The Software Protection service entered the running state.
Information,11/25/2016 2:57:09 AM,Service Control Manager,7036,None,The DNS Client service entered the running state.
Information,11/25/2016 2:57:09 AM,Service Control Manager,7036,None,The WinHTTP Web Proxy Auto-Discovery Service service entered the running state.
Information,11/25/2016 2:40:39 AM,Service Control Manager,7036,None,The Software Protection service entered the stopped state.
Information,11/25/2016 2:40:08 AM,Service Control Manager,7036,None,The Software Protection service entered the running state.
Information,11/25/2016 2:10:39 AM,Service Control Manager,7036,None,The Software Protection service entered the stopped state.
Information,11/25/2016 2:10:08 AM,Service Control Manager,7036,None,The Software Protection service entered the running state.
Information,11/25/2016 2:08:08 AM,Service Control Manager,7036,None,The DNS Client service entered the stopped state.
Information,11/25/2016 1:55:08 AM,Service Control Manager,7036,None,The WinHTTP Web Proxy Auto-Discovery Service service entered the stopped state.
Information,11/25/2016 1:40:38 AM,Service Control Manager,7036,None,The Software Protection service entered the stopped state.
Information,11/25/2016 1:40:08 AM,Service Control Manager,7036,None,The Software Protection service entered the running state.
Information,11/25/2016 1:28:08 AM,Service Control Manager,7036,None,The DNS Client service entered the running state.
Information,11/25/2016 1:28:08 AM,Service Control Manager,7036,None,The WinHTTP Web Proxy Auto-Discovery Service service entered the running state.
Information,11/25/2016 1:10:38 AM,Service Control Manager,7036,None,The Software Protection service entered the stopped state.
Information,11/25/2016 1:10:08 AM,Service Control Manager,7036,None,The Software Protection service entered the running state.
Information,11/25/2016 12:40:38 AM,Service Control Manager,7036,None,The Software Protection service entered the stopped state.
Information,11/25/2016 12:40:08 AM,Service Control Manager,7036,None,The Software Protection service entered the running state.
Information,11/25/2016 12:11:08 AM,Service Control Manager,7036,None,The DNS Client service entered the stopped state.
Information,11/25/2016 12:10:38 AM,Service Control Manager,7036,None,The Software Protection service entered the stopped state.
Information,11/25/2016 12:10:08 AM,Service Control Manager,7036,None,The Software Protection service entered the running state.
Information,11/24/2016 11:58:08 PM,Service Control Manager,7036,None,The WinHTTP Web Proxy Auto-Discovery Service service entered the stopped state.
Information,11/24/2016 11:40:38 PM,Service Control Manager,7036,None,The Software Protection service entered the stopped state.
Information,11/24/2016 11:40:08 PM,Service Control Manager,7036,None,The Software Protection service entered the running state.
Information,11/24/2016 11:31:08 PM,Service Control Manager,7036,None,The DNS Client service entered the running state.
Information,11/24/2016 11:31:08 PM,Service Control Manager,7036,None,The WinHTTP Web Proxy Auto-Discovery Service service entered the running state.
Information,11/24/2016 11:10:38 PM,Service Control Manager,7036,None,The Software Protection service entered the stopped state.
Information,11/24/2016 11:10:07 PM,Service Control Manager,7036,None,The Software Protection service entered the running state.
Information,11/24/2016 10:40:38 PM,Service Control Manager,7036,None,The Software Protection service entered the stopped state.
Information,11/24/2016 10:40:07 PM,Service Control Manager,7036,None,The Software Protection service entered the running state.
Information,11/24/2016 10:20:08 PM,Service Control Manager,7036,None,The DNS Client service entered the stopped state.
Information,11/24/2016 10:10:38 PM,Service Control Manager,7036,None,The Software Protection service entered the stopped state.
Information,11/24/2016 10:10:07 PM,Service Control Manager,7036,None,The Software Protection service entered the running state.
Information,11/24/2016 10:07:08 PM,Service Control Manager,7036,None,The WinHTTP Web Proxy Auto-Discovery Service service entered the stopped state.
Information,11/24/2016 9:40:37 PM,Service Control Manager,7036,None,The Software Protection service entered the stopped state.
Information,11/24/2016 9:40:08 PM,Service Control Manager,7036,None,The DNS Client service entered the running state.
Information,11/24/2016 9:40:08 PM,Service Control Manager,7036,None,The WinHTTP Web Proxy Auto-Discovery Service service entered the running state.
Information,11/24/2016 9:40:07 PM,Service Control Manager,7036,None,The Software Protection service entered the running state.
Information,11/24/2016 9:40:00 PM,Service Control Manager,7036,None,The DNS Client service entered the stopped state.
Information,11/24/2016 9:27:00 PM,Service Control Manager,7036,None,The WinHTTP Web Proxy Auto-Discovery Service service entered the stopped state.
Information,11/24/2016 9:10:37 PM,Service Control Manager,7036,None,The Software Protection service entered the stopped state.
Information,11/24/2016 9:10:07 PM,Service Control Manager,7036,None,The Software Protection service entered the running state.
Information,11/24/2016 9:00:00 PM,Service Control Manager,7036,None,The DNS Client service entered the running state.
Information,11/24/2016 9:00:00 PM,Service Control Manager,7036,None,The WinHTTP Web Proxy Auto-Discovery Service service entered the running state.
Information,11/24/2016 8:43:07 PM,Service Control Manager,7036,None,The DNS Client service entered the stopped state.
Information,11/24/2016 8:40:37 PM,Service Control Manager,7036,None,The Software Protection service entered the stopped state.
Information,11/24/2016 8:40:07 PM,Service Control Manager,7036,None,The Software Protection service entered the running state.
Information,11/24/2016 8:30:08 PM,Service Control Manager,7036,None,The WinHTTP Web Proxy Auto-Discovery Service service entered the stopped state.
Information,11/24/2016 8:10:37 PM,Service Control Manager,7036,None,The Software Protection service entered the stopped state.
Information,11/24/2016 8:10:07 PM,Service Control Manager,7036,None,The Software Protection service entered the running state.
Information,11/24/2016 8:03:07 PM,Service Control Manager,7036,None,The DNS Client service entered the running state.
Information,11/24/2016 8:03:07 PM,Service Control Manager,7036,None,The WinHTTP Web Proxy Auto-Discovery Service service entered the running state.
Information,11/24/2016 7:40:37 PM,Service Control Manager,7036,None,The Software Protection service entered the stopped state.
Information,11/24/2016 7:40:06 PM,Service Control Manager,7036,None,The Software Protection service entered the running state.
Information,11/24/2016 7:10:37 PM,Service Control Manager,7036,None,The Software Protection service entered the stopped state.
Information,11/24/2016 7:10:06 PM,Service Control Manager,7036,None,The Software Protection service entered the running state.
Information,11/24/2016 7:09:07 PM,Service Control Manager,7036,None,The DNS Client service entered the stopped state.
Information,11/24/2016 6:56:07 PM,Service Control Manager,7036,None,The WinHTTP Web Proxy Auto-Discovery Service service entered the stopped state.
Information,11/24/2016 6:40:37 PM,Service Control Manager,7036,None,The Software Protection service entered the stopped state.
Information,11/24/2016 6:40:06 PM,Service Control Manager,7036,None,The Software Protection service entered the running state.
Information,11/24/2016 6:29:07 PM,Service Control Manager,7036,None,The DNS Client service entered the running state.
Information,11/24/2016 6:29:07 PM,Service Control Manager,7036,None,The WinHTTP Web Proxy Auto-Discovery Service service entered the running state.
Information,11/24/2016 6:13:32 PM,Service Control Manager,7036,None,The Optimize drives service entered the stopped state.
Information,11/24/2016 6:12:28 PM,Service Control Manager,7036,None,The Windows Modules Installer service entered the stopped state.
Information,11/24/2016 6:12:27 PM,Service Control Manager,7036,None,The Windows Error Reporting Service service entered the stopped state.
Information,11/24/2016 6:10:36 PM,Service Control Manager,7036,None,The Software Protection service entered the stopped state.
Information,11/24/2016 6:10:28 PM,Service Control Manager,7036,None,The Windows Modules Installer service entered the running state.
Information,11/24/2016 6:10:27 PM,Service Control Manager,7036,None,The Optimize drives service entered the running state.
Information,11/24/2016 6:10:27 PM,Service Control Manager,7036,None,The Windows Error Reporting Service service entered the running state.
Information,11/24/2016 6:10:06 PM,Service Control Manager,7036,None,The Software Protection service entered the running state.
Information,11/24/2016 5:55:07 PM,Service Control Manager,7036,None,The DNS Client service entered the stopped state.
Information,11/24/2016 5:43:37 PM,Service Control Manager,7036,None,The WinHTTP Web Proxy Auto-Discovery Service service entered the stopped state.
Information,11/24/2016 5:40:36 PM,Service Control Manager,7036,None,The Software Protection service entered the stopped state.
Information,11/24/2016 5:40:06 PM,Service Control Manager,7036,None,The Software Protection service entered the running state.
Information,11/24/2016 5:15:07 PM,Service Control Manager,7036,None,The DNS Client service entered the running state.
Information,11/24/2016 5:15:07 PM,Service Control Manager,7036,None,The WinHTTP Web Proxy Auto-Discovery Service service entered the running state.
Information,11/24/2016 5:10:36 PM,Service Control Manager,7036,None,The Software Protection service entered the stopped state.
Information,11/24/2016 5:10:06 PM,Service Control Manager,7036,None,The Software Protection service entered the running state.
Information,11/24/2016 4:44:07 PM,Service Control Manager,7036,None,The DNS Client service entered the stopped state.
Information,11/24/2016 4:40:36 PM,Service Control Manager,7036,None,The Software Protection service entered the stopped state.
Information,11/24/2016 4:40:06 PM,Service Control Manager,7036,None,The Software Protection service entered the running state.
Information,11/24/2016 4:31:07 PM,Service Control Manager,7036,None,The WinHTTP Web Proxy Auto-Discovery Service service entered the stopped state.
Information,11/24/2016 4:10:36 PM,Service Control Manager,7036,None,The Software Protection service entered the stopped state.
Information,11/24/2016 4:10:05 PM,Service Control Manager,7036,None,The Software Protection service entered the running state.
Information,11/24/2016 4:04:07 PM,Service Control Manager,7036,None,The DNS Client service entered the running state.
Information,11/24/2016 4:04:07 PM,Service Control Manager,7036,None,The WinHTTP Web Proxy Auto-Discovery Service service entered the running state.
Information,11/24/2016 3:40:36 PM,Service Control Manager,7036,None,The Software Protection service entered the stopped state.
Information,11/24/2016 3:40:05 PM,Service Control Manager,7036,None,The Software Protection service entered the running state.
Information,11/24/2016 3:26:07 PM,Service Control Manager,7036,None,The DNS Client service entered the stopped state.
Information,11/24/2016 3:13:07 PM,Service Control Manager,7036,None,The WinHTTP Web Proxy Auto-Discovery Service service entered the stopped state.
Information,11/24/2016 3:10:35 PM,Service Control Manager,7036,None,The Software Protection service entered the stopped state.
Information,11/24/2016 3:10:05 PM,Service Control Manager,7036,None,The Software Protection service entered the running state.
Information,11/24/2016 2:46:06 PM,Service Control Manager,7036,None,The DNS Client service entered the running state.
Information,11/24/2016 2:46:06 PM,Service Control Manager,7036,None,The WinHTTP Web Proxy Auto-Discovery Service service entered the running state.
Information,11/24/2016 2:40:37 PM,Service Control Manager,7036,None,The Software Protection service entered the stopped state.
Information,11/24/2016 2:40:05 PM,Service Control Manager,7036,None,The Software Protection service entered the running state.
Information,11/24/2016 2:10:35 PM,Service Control Manager,7036,None,The Software Protection service entered the stopped state.
Information,11/24/2016 2:10:05 PM,Service Control Manager,7036,None,The Software Protection service entered the running state.
Information,11/24/2016 1:50:06 PM,Service Control Manager,7036,None,The DNS Client service entered the stopped state.
Information,11/24/2016 1:40:35 PM,Service Control Manager,7036,None,The Software Protection service entered the stopped state.
Information,11/24/2016 1:40:05 PM,Service Control Manager,7036,None,The Software Protection service entered the running state.
Information,11/24/2016 1:37:06 PM,Service Control Manager,7036,None,The WinHTTP Web Proxy Auto-Discovery Service service entered the stopped state.
Information,11/24/2016 1:10:35 PM,Service Control Manager,7036,None,The Software Protection service entered the stopped state.
Information,11/24/2016 1:10:06 PM,Service Control Manager,7036,None,The DNS Client service entered the running state.
Information,11/24/2016 1:10:06 PM,Service Control Manager,7036,None,The WinHTTP Web Proxy Auto-Discovery Service service entered the running state.
Information,11/24/2016 1:10:05 PM,Service Control Manager,7036,None,The Software Protection service entered the running state.
Information,11/24/2016 12:40:35 PM,Service Control Manager,7036,None,The Software Protection service entered the stopped state.
Information,11/24/2016 12:40:04 PM,Service Control Manager,7036,None,The Software Protection service entered the running state.
Information,11/24/2016 12:29:06 PM,Service Control Manager,7036,None,The DNS Client service entered the stopped state.
Information,11/24/2016 12:15:06 PM,Service Control Manager,7036,None,The WinHTTP Web Proxy Auto-Discovery Service service entered the stopped state.
Information,11/24/2016 12:10:35 PM,Service Control Manager,7036,None,The Software Protection service entered the stopped state.
Information,11/24/2016 12:10:04 PM,Service Control Manager,7036,None,The Software Protection service entered the running state.
Information,11/24/2016 11:48:06 AM,Service Control Manager,7036,None,The WinHTTP Web Proxy Auto-Discovery Service service entered the running state.
Information,11/24/2016 11:40:34 AM,Service Control Manager,7036,None,The Software Protection service entered the stopped state.
Information,11/24/2016 11:40:04 AM,Service Control Manager,7036,None,The Software Protection service entered the running state.
Information,11/24/2016 11:36:06 AM,Service Control Manager,7036,None,The WinHTTP Web Proxy Auto-Discovery Service service entered the stopped state.
Information,11/24/2016 11:10:34 AM,Service Control Manager,7036,None,The Software Protection service entered the stopped state.
Information,11/24/2016 11:10:04 AM,Service Control Manager,7036,None,The Software Protection service entered the running state.
Information,11/24/2016 11:01:20 AM,Service Control Manager,7036,None,The Windows Modules Installer service entered the stopped state.
Information,11/24/2016 10:59:14 AM,Service Control Manager,7036,None,The Windows Modules Installer service entered the running state.
Information,11/24/2016 10:40:34 AM,Service Control Manager,7036,None,The Software Protection service entered the stopped state.
Information,11/24/2016 10:40:04 AM,Service Control Manager,7036,None,The Software Protection service entered the running state.
Information,11/24/2016 10:39:06 AM,Service Control Manager,7036,None,The DNS Client service entered the running state.
Information,11/24/2016 10:39:06 AM,Service Control Manager,7036,None,The WinHTTP Web Proxy Auto-Discovery Service service entered the running state.
Information,11/24/2016 10:10:34 AM,Service Control Manager,7036,None,The Software Protection service entered the stopped state.
Information,11/24/2016 10:10:04 AM,Service Control Manager,7036,None,The Software Protection service entered the running state.
Information,11/24/2016 9:57:05 AM,Service Control Manager,7036,None,The DNS Client service entered the stopped state.
Information,11/24/2016 9:44:05 AM,Service Control Manager,7036,None,The WinHTTP Web Proxy Auto-Discovery Service service entered the stopped state.
Information,11/24/2016 9:40:34 AM,Service Control Manager,7036,None,The Software Protection service entered the stopped state.
Information,11/24/2016 9:40:04 AM,Service Control Manager,7036,None,The Software Protection service entered the running state.
Information,11/24/2016 9:17:05 AM,Service Control Manager,7036,None,The DNS Client service entered the running state.
Information,11/24/2016 9:17:05 AM,Service Control Manager,7036,None,The WinHTTP Web Proxy Auto-Discovery Service service entered the running state.
Information,11/24/2016 9:10:34 AM,Service Control Manager,7036,None,The Software Protection service entered the stopped state.
Information,11/24/2016 9:10:03 AM,Service Control Manager,7036,None,The Software Protection service entered the running state.
Information,11/24/2016 8:40:34 AM,Service Control Manager,7036,None,The Software Protection service entered the stopped state.
Information,11/24/2016 8:40:03 AM,Service Control Manager,7036,None,The Software Protection service entered the running state.
Information,11/24/2016 8:26:05 AM,Service Control Manager,7036,None,The DNS Client service entered the stopped state.
Information,11/24/2016 8:13:05 AM,Service Control Manager,7036,None,The WinHTTP Web Proxy Auto-Discovery Service service entered the stopped state.
Information,11/24/2016 8:10:34 AM,Service Control Manager,7036,None,The Software Protection service entered the stopped state.
Information,11/24/2016 8:10:03 AM,Service Control Manager,7036,None,The Software Protection service entered the running state.
Information,11/24/2016 7:46:05 AM,Service Control Manager,7036,None,The DNS Client service entered the running state.
Information,11/24/2016 7:46:05 AM,Service Control Manager,7036,None,The WinHTTP Web Proxy Auto-Discovery Service service entered the running state.
Information,11/24/2016 7:40:33 AM,Service Control Manager,7036,None,The Software Protection service entered the stopped state.
Information,11/24/2016 7:40:03 AM,Service Control Manager,7036,None,The Software Protection service entered the running state.
Information,11/24/2016 7:20:06 AM,Service Control Manager,7036,None,The DNS Client service entered the stopped state.
Information,11/24/2016 7:10:33 AM,Service Control Manager,7036,None,The Software Protection service entered the stopped state.
Information,11/24/2016 7:10:03 AM,Service Control Manager,7036,None,The Software Protection service entered the running state.
Information,11/24/2016 7:07:06 AM,Service Control Manager,7036,None,The WinHTTP Web Proxy Auto-Discovery Service service entered the stopped state.
Information,11/24/2016 6:40:33 AM,Service Control Manager,7036,None,The Software Protection service entered the stopped state.
Information,11/24/2016 6:40:06 AM,Service Control Manager,7036,None,The DNS Client service entered the running state.
Information,11/24/2016 6:40:06 AM,Service Control Manager,7036,None,The WinHTTP Web Proxy Auto-Discovery Service service entered the running state.
Information,11/24/2016 6:40:03 AM,Service Control Manager,7036,None,The Software Protection service entered the running state.
Information,11/24/2016 6:10:33 AM,Service Control Manager,7036,None,The Software Protection service entered the stopped state.
Information,11/24/2016 6:10:03 AM,Service Control Manager,7036,None,The Software Protection service entered the running state.
Information,11/24/2016 5:40:33 AM,Service Control Manager,7036,None,The Software Protection service entered the stopped state.
Information,11/24/2016 5:40:03 AM,Service Control Manager,7036,None,The Software Protection service entered the running state.
Information,11/24/2016 5:36:06 AM,Service Control Manager,7036,None,The DNS Client service entered the stopped state.
Information,11/24/2016 5:23:07 AM,Service Control Manager,7036,None,The WinHTTP Web Proxy Auto-Discovery Service service entered the stopped state.
Information,11/24/2016 5:11:12 AM,Service Control Manager,7036,None,The Windows Modules Installer service entered the stopped state.
Information,11/24/2016 5:10:33 AM,Service Control Manager,7036,None,The Software Protection service entered the stopped state.
Information,11/24/2016 5:10:02 AM,Service Control Manager,7036,None,The Software Protection service entered the running state.
Information,11/24/2016 5:09:12 AM,Service Control Manager,7036,None,The Windows Modules Installer service entered the running state.
Information,11/24/2016 4:56:06 AM,Service Control Manager,7036,None,The DNS Client service entered the running state.
Information,11/24/2016 4:56:06 AM,Service Control Manager,7036,None,The WinHTTP Web Proxy Auto-Discovery Service service entered the running state.
Information,11/24/2016 4:40:33 AM,Service Control Manager,7036,None,The Software Protection service entered the stopped state.
Information,11/24/2016 4:40:02 AM,Service Control Manager,7036,None,The Software Protection service entered the running state.
Information,11/24/2016 4:35:06 AM,Service Control Manager,7036,None,The DNS Client service entered the stopped state.
Information,11/24/2016 4:22:06 AM,Service Control Manager,7036,None,The WinHTTP Web Proxy Auto-Discovery Service service entered the stopped state.
Information,11/24/2016 4:10:32 AM,Service Control Manager,7036,None,The Software Protection service entered the stopped state.
Information,11/24/2016 4:10:02 AM,Service Control Manager,7036,None,The Software Protection service entered the running state.
Information,11/24/2016 4:00:00 AM,EventLog,6013,None,The system uptime is 2372038 seconds.
Information,11/24/2016 3:55:06 AM,Service Control Manager,7036,None,The DNS Client service entered the running state.
Information,11/24/2016 3:55:06 AM,Service Control Manager,7036,None,The WinHTTP Web Proxy Auto-Discovery Service service entered the running state.
Information,11/24/2016 3:40:32 AM,Service Control Manager,7036,None,The Software Protection service entered the stopped state.
Information,11/24/2016 3:40:02 AM,Service Control Manager,7036,None,The Software Protection service entered the running state.
Information,11/24/2016 3:32:07 AM,Service Control Manager,7036,None,The DNS Client service entered the stopped state.
Information,11/24/2016 3:19:07 AM,Service Control Manager,7036,None,The WinHTTP Web Proxy Auto-Discovery Service service entered the stopped state.
Information,11/24/2016 3:10:32 AM,Service Control Manager,7036,None,The Software Protection service entered the stopped state.
Information,11/24/2016 3:10:02 AM,Service Control Manager,7036,None,The Software Protection service entered the running state.
Information,11/24/2016 2:52:07 AM,Service Control Manager,7036,None,The DNS Client service entered the running state.
Information,11/24/2016 2:52:07 AM,Service Control Manager,7036,None,The WinHTTP Web Proxy Auto-Discovery Service service entered the running state.
Information,11/24/2016 2:40:32 AM,Service Control Manager,7036,None,The Software Protection service entered the stopped state.
Information,11/24/2016 2:40:02 AM,Service Control Manager,7036,None,The Software Protection service entered the running state.
Information,11/24/2016 2:37:06 AM,Service Control Manager,7036,None,The DNS Client service entered the stopped state.
Information,11/24/2016 2:28:30 AM,Service Control Manager,7036,None,The WinHTTP Web Proxy Auto-Discovery Service service entered the stopped state.
Information,11/24/2016 2:10:32 AM,Service Control Manager,7036,None,The Software Protection service entered the stopped state.
Information,11/24/2016 2:10:02 AM,Service Control Manager,7036,None,The Software Protection service entered the running state.
Information,11/24/2016 2:00:00 AM,Service Control Manager,7036,None,The WinHTTP Web Proxy Auto-Discovery Service service entered the running state.
Information,11/24/2016 1:59:06 AM,Service Control Manager,7036,None,The WinHTTP Web Proxy Auto-Discovery Service service entered the stopped state.
Information,11/24/2016 1:40:32 AM,Service Control Manager,7036,None,The Software Protection service entered the stopped state.
Information,11/24/2016 1:40:01 AM,Service Control Manager,7036,None,The Software Protection service entered the running state.
Information,11/24/2016 1:32:06 AM,Service Control Manager,7036,None,The DNS Client service entered the running state.
Information,11/24/2016 1:32:06 AM,Service Control Manager,7036,None,The WinHTTP Web Proxy Auto-Discovery Service service entered the running state.
Information,11/24/2016 1:10:32 AM,Service Control Manager,7036,None,The Software Protection service entered the stopped state.
Information,11/24/2016 1:10:01 AM,Service Control Manager,7036,None,The Software Protection service entered the running state.
Information,11/24/2016 12:52:05 AM,Service Control Manager,7036,None,The DNS Client service entered the stopped state.
Information,11/24/2016 12:40:31 AM,Service Control Manager,7036,None,The Software Protection service entered the stopped state.
Information,11/24/2016 12:40:01 AM,Service Control Manager,7036,None,The Software Protection service entered the running state.
Information,11/24/2016 12:39:05 AM,Service Control Manager,7036,None,The WinHTTP Web Proxy Auto-Discovery Service service entered the stopped state.
Information,11/24/2016 12:12:05 AM,Service Control Manager,7036,None,The DNS Client service entered the running state.
Information,11/24/2016 12:12:05 AM,Service Control Manager,7036,None,The WinHTTP Web Proxy Auto-Discovery Service service entered the running state.
Information,11/24/2016 12:10:31 AM,Service Control Manager,7036,None,The Software Protection service entered the stopped state.
Information,11/24/2016 12:10:01 AM,Service Control Manager,7036,None,The Software Protection service entered the running state.
Information,11/23/2016 11:40:31 PM,Service Control Manager,7036,None,The Software Protection service entered the stopped state.
Information,11/23/2016 11:40:01 PM,Service Control Manager,7036,None,The Software Protection service entered the running state.
Information,11/23/2016 11:11:04 PM,Service Control Manager,7036,None,The DNS Client service entered the stopped state.
Information,11/23/2016 11:10:31 PM,Service Control Manager,7036,None,The Software Protection service entered the stopped state.
Information,11/23/2016 11:10:01 PM,Service Control Manager,7036,None,The Software Protection service entered the running state.
Information,11/23/2016 10:59:34 PM,Service Control Manager,7036,None,The WinHTTP Web Proxy Auto-Discovery Service service entered the stopped state.
Information,11/23/2016 10:40:31 PM,Service Control Manager,7036,None,The Software Protection service entered the stopped state.
Information,11/23/2016 10:40:01 PM,Service Control Manager,7036,None,The Software Protection service entered the running state.
Information,11/23/2016 10:31:04 PM,Service Control Manager,7036,None,The DNS Client service entered the running state.
Information,11/23/2016 10:31:04 PM,Service Control Manager,7036,None,The WinHTTP Web Proxy Auto-Discovery Service service entered the running state.
Information,11/23/2016 10:10:31 PM,Service Control Manager,7036,None,The Software Protection service entered the stopped state.
Information,11/23/2016 10:10:00 PM,Service Control Manager,7036,None,The Software Protection service entered the running state.
Information,11/23/2016 9:40:31 PM,Service Control Manager,7036,None,The Software Protection service entered the stopped state.
Information,11/23/2016 9:40:00 PM,Service Control Manager,7036,None,The Software Protection service entered the running state.
Information,11/23/2016 9:30:04 PM,Service Control Manager,7036,None,The DNS Client service entered the stopped state.
Information,11/23/2016 9:17:04 PM,Service Control Manager,7036,None,The WinHTTP Web Proxy Auto-Discovery Service service entered the stopped state.
Information,11/23/2016 9:10:30 PM,Service Control Manager,7036,None,The Software Protection service entered the stopped state.
Information,11/23/2016 9:10:00 PM,Service Control Manager,7036,None,The Software Protection service entered the running state.
Information,11/23/2016 8:50:04 PM,Service Control Manager,7036,None,The DNS Client service entered the running state.
Information,11/23/2016 8:50:04 PM,Service Control Manager,7036,None,The WinHTTP Web Proxy Auto-Discovery Service service entered the running state.
Information,11/23/2016 8:40:30 PM,Service Control Manager,7036,None,The Software Protection service entered the stopped state.
Information,11/23/2016 8:40:00 PM,Service Control Manager,7036,None,The Software Protection service entered the running state.
Information,11/23/2016 8:10:30 PM,Service Control Manager,7036,None,The Software Protection service entered the stopped state.
Information,11/23/2016 8:10:00 PM,Service Control Manager,7036,None,The Software Protection service entered the running state.
Information,11/23/2016 8:04:04 PM,Service Control Manager,7036,None,The DNS Client service entered the stopped state.
Information,11/23/2016 7:51:04 PM,Service Control Manager,7036,None,The WinHTTP Web Proxy Auto-Discovery Service service entered the stopped state.
Information,11/23/2016 7:40:30 PM,Service Control Manager,7036,None,The Software Protection service entered the stopped state.
Information,11/23/2016 7:40:00 PM,Service Control Manager,7036,None,The Software Protection service entered the running state.
Information,11/23/2016 7:24:04 PM,Service Control Manager,7036,None,The DNS Client service entered the running state.
Information,11/23/2016 7:24:04 PM,Service Control Manager,7036,None,The WinHTTP Web Proxy Auto-Discovery Service service entered the running state.
Information,11/23/2016 7:10:30 PM,Service Control Manager,7036,None,The Software Protection service entered the stopped state.
Information,11/23/2016 7:10:00 PM,Service Control Manager,7036,None,The Software Protection service entered the running state.
Information,11/23/2016 6:40:30 PM,Service Control Manager,7036,None,The Software Protection service entered the stopped state.
Information,11/23/2016 6:40:00 PM,Service Control Manager,7036,None,The Software Protection service entered the running state.
Information,11/23/2016 6:38:03 PM,Service Control Manager,7036,None,The DNS Client service entered the stopped state.
Information,11/23/2016 6:27:55 PM,Service Control Manager,7036,None,The Optimize drives service entered the stopped state.
Information,11/23/2016 6:26:50 PM,Service Control Manager,7036,None,The Windows Error Reporting Service service entered the stopped state.
Information,11/23/2016 6:25:03 PM,Service Control Manager,7036,None,The WinHTTP Web Proxy Auto-Discovery Service service entered the stopped state.
Information,11/23/2016 6:24:50 PM,Service Control Manager,7036,None,The Problem Reports and Solutions Control Panel Support service entered the stopped state.
Information,11/23/2016 6:24:50 PM,Service Control Manager,7036,None,The Problem Reports and Solutions Control Panel Support service entered the running state.
Information,11/23/2016 6:24:50 PM,Service Control Manager,7036,None,The Optimize drives service entered the running state.
Information,11/23/2016 6:24:50 PM,Service Control Manager,7036,None,The Windows Error Reporting Service service entered the running state.
Information,11/23/2016 6:10:30 PM,Service Control Manager,7036,None,The Software Protection service entered the stopped state.
Information,11/23/2016 6:09:59 PM,Service Control Manager,7036,None,The Software Protection service entered the running state.
Information,11/23/2016 5:58:03 PM,Service Control Manager,7036,None,The DNS Client service entered the running state.
Information,11/23/2016 5:58:03 PM,Service Control Manager,7036,None,The WinHTTP Web Proxy Auto-Discovery Service service entered the running state.
Information,11/23/2016 5:40:30 PM,Service Control Manager,7036,None,The Software Protection service entered the stopped state.
Information,11/23/2016 5:39:59 PM,Service Control Manager,7036,None,The Software Protection service entered the running state.
Information,11/23/2016 5:10:29 PM,Service Control Manager,7036,None,The Software Protection service entered the stopped state.
Information,11/23/2016 5:09:59 PM,Service Control Manager,7036,None,The Software Protection service entered the running state.
Information,11/23/2016 5:06:03 PM,Service Control Manager,7036,None,The DNS Client service entered the stopped state.
Information,11/23/2016 4:53:03 PM,Service Control Manager,7036,None,The WinHTTP Web Proxy Auto-Discovery Service service entered the stopped state.
Information,11/23/2016 4:40:29 PM,Service Control Manager,7036,None,The Software Protection service entered the stopped state.
Information,11/23/2016 4:39:59 PM,Service Control Manager,7036,None,The Software Protection service entered the running state.
Information,11/23/2016 4:26:03 PM,Service Control Manager,7036,None,The DNS Client service entered the running state.
Information,11/23/2016 4:26:03 PM,Service Control Manager,7036,None,The WinHTTP Web Proxy Auto-Discovery Service service entered the running state.
Information,11/23/2016 4:22:03 PM,Service Control Manager,7036,None,The DNS Client service entered the stopped state.
Information,11/23/2016 4:12:07 PM,Service Control Manager,7036,None,The WinHTTP Web Proxy Auto-Discovery Service service entered the stopped state.
Information,11/23/2016 4:10:29 PM,Service Control Manager,7036,None,The Software Protection service entered the stopped state.
Information,11/23/2016 4:09:59 PM,Service Control Manager,7036,None,The Software Protection service entered the running state.
Information,11/23/2016 3:40:29 PM,Service Control Manager,7036,None,The Software Protection service entered the stopped state.
Information,11/23/2016 3:39:59 PM,Service Control Manager,7036,None,The Software Protection service entered the running state.
Information,11/23/2016 3:36:46 PM,Service Control Manager,7036,None,The Windows Modules Installer service entered the stopped state.
Information,11/23/2016 3:34:39 PM,Service Control Manager,7036,None,The Windows Modules Installer service entered the running state.
