Information,12/14/2016 4:34:56 AM,Service Control Manager,7040,None,The start type of the Windows Modules Installer service was changed from auto start to demand start.
Information,12/14/2016 4:34:22 AM,Service Control Manager,7036,None,The Software Protection service entered the stopped state.
Information,12/14/2016 4:33:56 AM,Microsoft-Windows-WindowsUpdateClient,43,Windows Update Agent,"Installation Started: Windows has started installing the following update: December, 2016 Security and Quality Rollup for .NET Framework 3.5, 4.5.2, 4.6, 4.6.1, 4.6.2 on Windows 8.1 and Windows Server 2012 R2 for x64 (KB3205404)"
Information,12/14/2016 4:33:52 AM,Service Control Manager,7040,None,The start type of the Windows Modules Installer service was changed from demand start to auto start.
Information,12/14/2016 4:33:51 AM,Service Control Manager,7036,None,The Software Protection service entered the running state.
Information,12/14/2016 4:33:45 AM,Service Control Manager,7036,None,The Windows Modules Installer service entered the running state.
Information,12/14/2016 4:33:45 AM,Service Control Manager,7036,None,The WinHTTP Web Proxy Auto-Discovery Service service entered the running state.
Information,12/14/2016 4:33:45 AM,Service Control Manager,7036,None,The Device Setup Manager service entered the running state.
Information,12/14/2016 4:33:45 AM,Service Control Manager,7036,None,The Windows Update service entered the running state.
Information,12/14/2016 4:33:45 AM,Service Control Manager,7036,None,The Windows Error Reporting Service service entered the running state.
Information,12/14/2016 4:27:43 AM,Service Control Manager,7036,None,The WinHTTP Web Proxy Auto-Discovery Service service entered the stopped state.
Information,12/14/2016 4:23:14 AM,Service Control Manager,7036,None,The Software Protection service entered the stopped state.
Information,12/14/2016 4:22:43 AM,Service Control Manager,7036,None,The Software Protection service entered the running state.
Error,12/14/2016 4:16:15 AM,Schannel,36888,None,A fatal alert was generated and sent to the remote endpoint. This may result in termination of the connection. The TLS protocol defined fatal error code is 10. The Windows SChannel error state is 1203.
Error,12/14/2016 4:16:15 AM,Schannel,36888,None,A fatal alert was generated and sent to the remote endpoint. This may result in termination of the connection. The TLS protocol defined fatal error code is 10. The Windows SChannel error state is 1203.
Error,12/14/2016 4:14:53 AM,Schannel,36888,None,A fatal alert was generated and sent to the remote endpoint. This may result in termination of the connection. The TLS protocol defined fatal error code is 10. The Windows SChannel error state is 1203.
Error,12/14/2016 4:14:53 AM,Schannel,36888,None,A fatal alert was generated and sent to the remote endpoint. This may result in termination of the connection. The TLS protocol defined fatal error code is 10. The Windows SChannel error state is 1203.
Information,12/14/2016 4:10:44 AM,Service Control Manager,7036,None,The Windows Update service entered the stopped state.
Information,12/14/2016 4:00:43 AM,Service Control Manager,7036,None,The DNS Client service entered the running state.
Information,12/14/2016 4:00:43 AM,Service Control Manager,7036,None,The WinHTTP Web Proxy Auto-Discovery Service service entered the running state.
Information,12/14/2016 4:00:43 AM,Service Control Manager,7036,None,The Windows Update service entered the running state.
Information,12/14/2016 4:00:34 AM,Service Control Manager,7036,None,The DNS Client service entered the stopped state.
Information,12/14/2016 3:53:13 AM,Service Control Manager,7036,None,The Software Protection service entered the stopped state.
Information,12/14/2016 3:52:43 AM,Service Control Manager,7036,None,The Software Protection service entered the running state.
Information,12/14/2016 3:47:34 AM,Service Control Manager,7036,None,The WinHTTP Web Proxy Auto-Discovery Service service entered the stopped state.
Error,12/14/2016 3:41:28 AM,Schannel,36888,None,A fatal alert was generated and sent to the remote endpoint. This may result in termination of the connection. The TLS protocol defined fatal error code is 10. The Windows SChannel error state is 1203.
Error,12/14/2016 3:41:28 AM,Schannel,36888,None,A fatal alert was generated and sent to the remote endpoint. This may result in termination of the connection. The TLS protocol defined fatal error code is 10. The Windows SChannel error state is 1203.
Error,12/14/2016 3:26:48 AM,Schannel,36888,None,A fatal alert was generated and sent to the remote endpoint. This may result in termination of the connection. The TLS protocol defined fatal error code is 10. The Windows SChannel error state is 1203.
Error,12/14/2016 3:26:48 AM,Schannel,36888,None,A fatal alert was generated and sent to the remote endpoint. This may result in termination of the connection. The TLS protocol defined fatal error code is 10. The Windows SChannel error state is 1203.
Error,12/14/2016 3:26:13 AM,Schannel,36888,None,A fatal alert was generated and sent to the remote endpoint. This may result in termination of the connection. The TLS protocol defined fatal error code is 10. The Windows SChannel error state is 1203.
Error,12/14/2016 3:26:13 AM,Schannel,36888,None,A fatal alert was generated and sent to the remote endpoint. This may result in termination of the connection. The TLS protocol defined fatal error code is 10. The Windows SChannel error state is 1203.
Error,12/14/2016 3:25:52 AM,Schannel,36888,None,A fatal alert was generated and sent to the remote endpoint. This may result in termination of the connection. The TLS protocol defined fatal error code is 10. The Windows SChannel error state is 1203.
Error,12/14/2016 3:25:52 AM,Schannel,36888,None,A fatal alert was generated and sent to the remote endpoint. This may result in termination of the connection. The TLS protocol defined fatal error code is 10. The Windows SChannel error state is 1203.
Information,12/14/2016 3:23:13 AM,Service Control Manager,7036,None,The Software Protection service entered the stopped state.
Information,12/14/2016 3:22:43 AM,Service Control Manager,7036,None,The Software Protection service entered the running state.
Information,12/14/2016 3:20:34 AM,Service Control Manager,7036,None,The Google Update Service (gupdate) service entered the stopped state.
Information,12/14/2016 3:20:34 AM,Service Control Manager,7036,None,The DNS Client service entered the running state.
Information,12/14/2016 3:20:34 AM,Service Control Manager,7036,None,The WinHTTP Web Proxy Auto-Discovery Service service entered the running state.
Information,12/14/2016 3:20:34 AM,Service Control Manager,7036,None,The Google Update Service (gupdate) service entered the running state.
Information,12/14/2016 3:00:33 AM,Service Control Manager,7036,None,The DNS Client service entered the stopped state.
Information,12/14/2016 2:53:13 AM,Service Control Manager,7036,None,The Software Protection service entered the stopped state.
Information,12/14/2016 2:52:43 AM,Service Control Manager,7036,None,The Software Protection service entered the running state.
Information,12/14/2016 2:32:33 AM,Service Control Manager,7036,None,The WinHTTP Web Proxy Auto-Discovery Service service entered the stopped state.
Information,12/14/2016 2:23:13 AM,Service Control Manager,7036,None,The Software Protection service entered the stopped state.
Information,12/14/2016 2:22:43 AM,Service Control Manager,7036,None,The Software Protection service entered the running state.
Information,12/14/2016 2:15:35 AM,Service Control Manager,7036,None,The Windows Update service entered the stopped state.
Information,12/14/2016 2:05:33 AM,Service Control Manager,7036,None,The DNS Client service entered the running state.
Information,12/14/2016 2:05:33 AM,Service Control Manager,7036,None,The WinHTTP Web Proxy Auto-Discovery Service service entered the running state.
Information,12/14/2016 2:05:33 AM,Service Control Manager,7036,None,The Windows Update service entered the running state.
Information,12/14/2016 2:03:46 AM,Service Control Manager,7036,None,The DNS Client service entered the stopped state.
Information,12/14/2016 1:53:13 AM,Service Control Manager,7036,None,The Software Protection service entered the stopped state.
Information,12/14/2016 1:52:42 AM,Service Control Manager,7036,None,The Software Protection service entered the running state.
Information,12/14/2016 1:43:46 AM,Service Control Manager,7036,None,The DNS Client service entered the running state.
Information,12/14/2016 1:28:46 AM,Service Control Manager,7036,None,The DNS Client service entered the stopped state.
Information,12/14/2016 1:23:13 AM,Service Control Manager,7036,None,The Software Protection service entered the stopped state.
Information,12/14/2016 1:22:42 AM,Service Control Manager,7036,None,The Software Protection service entered the running state.
Information,12/14/2016 1:18:18 AM,Service Control Manager,7036,None,The WinHTTP Web Proxy Auto-Discovery Service service entered the stopped state.
Information,12/14/2016 1:01:20 AM,Service Control Manager,7036,None,The Windows Update service entered the stopped state.
Information,12/14/2016 12:53:12 AM,Service Control Manager,7036,None,The Software Protection service entered the stopped state.
Information,12/14/2016 12:52:42 AM,Service Control Manager,7036,None,The Software Protection service entered the running state.
Information,12/14/2016 12:51:18 AM,Service Control Manager,7036,None,The WinHTTP Web Proxy Auto-Discovery Service service entered the running state.
Information,12/14/2016 12:51:18 AM,Service Control Manager,7036,None,The Windows Update service entered the running state.
Information,12/14/2016 12:43:46 AM,Service Control Manager,7036,None,The DNS Client service entered the running state.
Information,12/14/2016 12:28:46 AM,Service Control Manager,7036,None,The DNS Client service entered the stopped state.
Information,12/14/2016 12:23:12 AM,Service Control Manager,7036,None,The Software Protection service entered the stopped state.
Information,12/14/2016 12:22:42 AM,Service Control Manager,7036,None,The Software Protection service entered the running state.
Error,12/14/2016 12:22:25 AM,Schannel,36888,None,A fatal alert was generated and sent to the remote endpoint. This may result in termination of the connection. The TLS protocol defined fatal error code is 10. The Windows SChannel error state is 1203.
Error,12/14/2016 12:22:25 AM,Schannel,36888,None,A fatal alert was generated and sent to the remote endpoint. This may result in termination of the connection. The TLS protocol defined fatal error code is 10. The Windows SChannel error state is 1203.
Information,12/14/2016 12:17:43 AM,Service Control Manager,7036,None,The WinHTTP Web Proxy Auto-Discovery Service service entered the stopped state.
Information,12/14/2016 12:00:44 AM,Service Control Manager,7036,None,The Windows Update service entered the stopped state.
Information,12/13/2016 11:53:12 PM,Service Control Manager,7036,None,The Software Protection service entered the stopped state.
Information,12/13/2016 11:52:42 PM,Service Control Manager,7036,None,The Software Protection service entered the running state.
Information,12/13/2016 11:50:43 PM,Service Control Manager,7036,None,The WinHTTP Web Proxy Auto-Discovery Service service entered the running state.
Information,12/13/2016 11:50:43 PM,Service Control Manager,7036,None,The Windows Update service entered the running state.
Error,12/13/2016 11:45:27 PM,Schannel,36888,None,A fatal alert was generated and sent to the remote endpoint. This may result in termination of the connection. The TLS protocol defined fatal error code is 10. The Windows SChannel error state is 1203.
Error,12/13/2016 11:45:27 PM,Schannel,36888,None,A fatal alert was generated and sent to the remote endpoint. This may result in termination of the connection. The TLS protocol defined fatal error code is 10. The Windows SChannel error state is 1203.
Information,12/13/2016 11:43:46 PM,Service Control Manager,7036,None,The DNS Client service entered the running state.
Information,12/13/2016 11:23:12 PM,Service Control Manager,7036,None,The Software Protection service entered the stopped state.
Information,12/13/2016 11:22:42 PM,Service Control Manager,7036,None,The Software Protection service entered the running state.
Information,12/13/2016 11:03:51 PM,Service Control Manager,7036,None,The DNS Client service entered the stopped state.
Information,12/13/2016 10:53:12 PM,Service Control Manager,7036,None,The Software Protection service entered the stopped state.
Information,12/13/2016 10:52:41 PM,Service Control Manager,7036,None,The Software Protection service entered the running state.
Information,12/13/2016 10:48:21 PM,Service Control Manager,7036,None,The WinHTTP Web Proxy Auto-Discovery Service service entered the stopped state.
Information,12/13/2016 10:23:53 PM,Service Control Manager,7036,None,The Windows Update service entered the stopped state.
Information,12/13/2016 10:23:12 PM,Service Control Manager,7036,None,The Software Protection service entered the stopped state.
Information,12/13/2016 10:22:41 PM,Service Control Manager,7036,None,The Software Protection service entered the running state.
Information,12/13/2016 10:20:13 PM,Service Control Manager,7036,None,The Google Update Service (gupdate) service entered the stopped state.
Information,12/13/2016 10:20:13 PM,Service Control Manager,7036,None,The Google Update Service (gupdate) service entered the running state.
Information,12/13/2016 10:13:51 PM,Service Control Manager,7036,None,The DNS Client service entered the running state.
Information,12/13/2016 10:13:51 PM,Service Control Manager,7036,None,The WinHTTP Web Proxy Auto-Discovery Service service entered the running state.
Information,12/13/2016 10:13:51 PM,Service Control Manager,7036,None,The Windows Update service entered the running state.
Information,12/13/2016 10:03:46 PM,Service Control Manager,7036,None,The DNS Client service entered the stopped state.
Information,12/13/2016 9:53:11 PM,Service Control Manager,7036,None,The Software Protection service entered the stopped state.
Information,12/13/2016 9:52:41 PM,Service Control Manager,7036,None,The Software Protection service entered the running state.
Information,12/13/2016 9:43:46 PM,Service Control Manager,7036,None,The DNS Client service entered the running state.
Error,12/13/2016 9:39:27 PM,Schannel,36888,None,A fatal alert was generated and sent to the remote endpoint. This may result in termination of the connection. The TLS protocol defined fatal error code is 10. The Windows SChannel error state is 1203.
Error,12/13/2016 9:39:27 PM,Schannel,36888,None,A fatal alert was generated and sent to the remote endpoint. This may result in termination of the connection. The TLS protocol defined fatal error code is 10. The Windows SChannel error state is 1203.
Information,12/13/2016 9:23:11 PM,Service Control Manager,7036,None,The Software Protection service entered the stopped state.
Information,12/13/2016 9:22:41 PM,Service Control Manager,7036,None,The Software Protection service entered the running state.
Information,12/13/2016 9:00:00 PM,Service Control Manager,7036,None,The DNS Client service entered the stopped state.
Information,12/13/2016 8:53:11 PM,Service Control Manager,7036,None,The Software Protection service entered the stopped state.
Information,12/13/2016 8:52:41 PM,Service Control Manager,7036,None,The Software Protection service entered the running state.
Information,12/13/2016 8:50:00 PM,Service Control Manager,7036,None,The WinHTTP Web Proxy Auto-Discovery Service service entered the stopped state.
Information,12/13/2016 8:32:10 PM,Service Control Manager,7036,None,The Windows Update service entered the stopped state.
Information,12/13/2016 8:23:11 PM,Service Control Manager,7036,None,The Software Protection service entered the stopped state.
Information,12/13/2016 8:22:41 PM,Service Control Manager,7036,None,The Software Protection service entered the running state.
Information,12/13/2016 8:22:09 PM,Service Control Manager,7036,None,The Windows Update service entered the running state.
Information,12/13/2016 8:20:00 PM,Service Control Manager,7036,None,The DNS Client service entered the running state.
Information,12/13/2016 8:20:00 PM,Service Control Manager,7036,None,The WinHTTP Web Proxy Auto-Discovery Service service entered the running state.
Information,12/13/2016 8:01:12 PM,Service Control Manager,7036,None,The DNS Client service entered the stopped state.
Information,12/13/2016 7:53:11 PM,Service Control Manager,7036,None,The Software Protection service entered the stopped state.
Information,12/13/2016 7:52:40 PM,Service Control Manager,7036,None,The Software Protection service entered the running state.
Information,12/13/2016 7:48:12 PM,Service Control Manager,7036,None,The WinHTTP Web Proxy Auto-Discovery Service service entered the stopped state.
Information,12/13/2016 7:31:14 PM,Service Control Manager,7036,None,The Windows Update service entered the stopped state.
Information,12/13/2016 7:23:11 PM,Service Control Manager,7036,None,The Software Protection service entered the stopped state.
Information,12/13/2016 7:22:40 PM,Service Control Manager,7036,None,The Software Protection service entered the running state.
Information,12/13/2016 7:21:12 PM,Service Control Manager,7036,None,The DNS Client service entered the running state.
Information,12/13/2016 7:21:12 PM,Service Control Manager,7036,None,The WinHTTP Web Proxy Auto-Discovery Service service entered the running state.
Information,12/13/2016 7:21:12 PM,Service Control Manager,7036,None,The Windows Update service entered the running state.
Information,12/13/2016 7:03:46 PM,Service Control Manager,7036,None,The DNS Client service entered the stopped state.
Information,12/13/2016 6:53:10 PM,Service Control Manager,7036,None,The Software Protection service entered the stopped state.
Information,12/13/2016 6:52:40 PM,Service Control Manager,7036,None,The Software Protection service entered the running state.
Information,12/13/2016 6:43:46 PM,Service Control Manager,7036,None,The DNS Client service entered the running state.
Error,12/13/2016 6:36:26 PM,Schannel,36888,None,A fatal alert was generated and sent to the remote endpoint. This may result in termination of the connection. The TLS protocol defined fatal error code is 10. The Windows SChannel error state is 1203.
Error,12/13/2016 6:36:26 PM,Schannel,36888,None,A fatal alert was generated and sent to the remote endpoint. This may result in termination of the connection. The TLS protocol defined fatal error code is 10. The Windows SChannel error state is 1203.
Information,12/13/2016 6:23:10 PM,Service Control Manager,7036,None,The Software Protection service entered the stopped state.
Information,12/13/2016 6:22:40 PM,Service Control Manager,7036,None,The Software Protection service entered the running state.
Information,12/13/2016 6:20:45 PM,Service Control Manager,7036,None,The DNS Client service entered the stopped state.
Information,12/13/2016 6:02:45 PM,Service Control Manager,7036,None,The WinHTTP Web Proxy Auto-Discovery Service service entered the stopped state.
Information,12/13/2016 5:53:10 PM,Service Control Manager,7036,None,The Software Protection service entered the stopped state.
Information,12/13/2016 5:52:40 PM,Service Control Manager,7036,None,The Software Protection service entered the running state.
Information,12/13/2016 5:44:34 PM,Service Control Manager,7036,None,The Windows Update service entered the stopped state.
Information,12/13/2016 5:34:33 PM,Service Control Manager,7036,None,The Windows Update service entered the running state.
Information,12/13/2016 5:23:10 PM,Service Control Manager,7036,None,The Software Protection service entered the stopped state.
Information,12/13/2016 5:22:40 PM,Service Control Manager,7036,None,The Software Protection service entered the running state.
Information,12/13/2016 5:20:45 PM,Service Control Manager,7036,None,The Google Update Service (gupdate) service entered the stopped state.
Information,12/13/2016 5:20:45 PM,Service Control Manager,7036,None,The DNS Client service entered the running state.
Information,12/13/2016 5:20:45 PM,Service Control Manager,7036,None,The WinHTTP Web Proxy Auto-Discovery Service service entered the running state.
Information,12/13/2016 5:20:45 PM,Service Control Manager,7036,None,The Google Update Service (gupdate) service entered the running state.
Information,12/13/2016 5:03:46 PM,Service Control Manager,7036,None,The DNS Client service entered the stopped state.
Information,12/13/2016 4:53:10 PM,Service Control Manager,7036,None,The Software Protection service entered the stopped state.
Information,12/13/2016 4:52:40 PM,Service Control Manager,7036,None,The Software Protection service entered the running state.
Information,12/13/2016 4:43:46 PM,Service Control Manager,7036,None,The DNS Client service entered the running state.
Information,12/13/2016 4:33:46 PM,Service Control Manager,7036,None,The DNS Client service entered the stopped state.
Information,12/13/2016 4:23:10 PM,Service Control Manager,7036,None,The Software Protection service entered the stopped state.
Information,12/13/2016 4:22:39 PM,Service Control Manager,7036,None,The Software Protection service entered the running state.
Information,12/13/2016 4:20:26 PM,Service Control Manager,7036,None,The WinHTTP Web Proxy Auto-Discovery Service service entered the stopped state.
Information,12/13/2016 4:03:28 PM,Service Control Manager,7036,None,The Windows Update service entered the stopped state.
Information,12/13/2016 3:53:26 PM,Service Control Manager,7036,None,The WinHTTP Web Proxy Auto-Discovery Service service entered the running state.
Information,12/13/2016 3:53:26 PM,Service Control Manager,7036,None,The Windows Update service entered the running state.
Information,12/13/2016 3:53:10 PM,Service Control Manager,7036,None,The Software Protection service entered the stopped state.
Information,12/13/2016 3:52:39 PM,Service Control Manager,7036,None,The Software Protection service entered the running state.
Information,12/13/2016 3:43:46 PM,Service Control Manager,7036,None,The DNS Client service entered the running state.
Information,12/13/2016 3:23:09 PM,Service Control Manager,7036,None,The Software Protection service entered the stopped state.
Information,12/13/2016 3:22:39 PM,Service Control Manager,7036,None,The Software Protection service entered the running state.
Information,12/13/2016 3:15:02 PM,Service Control Manager,7036,None,The DNS Client service entered the stopped state.
Information,12/13/2016 3:03:32 PM,Service Control Manager,7036,None,The WinHTTP Web Proxy Auto-Discovery Service service entered the stopped state.
Information,12/13/2016 2:53:09 PM,Service Control Manager,7036,None,The Software Protection service entered the stopped state.
Information,12/13/2016 2:52:39 PM,Service Control Manager,7036,None,The Software Protection service entered the running state.
Information,12/13/2016 2:45:04 PM,Service Control Manager,7036,None,The Windows Update service entered the stopped state.
Information,12/13/2016 2:35:02 PM,Service Control Manager,7036,None,The DNS Client service entered the running state.
Information,12/13/2016 2:35:02 PM,Service Control Manager,7036,None,The WinHTTP Web Proxy Auto-Discovery Service service entered the running state.
Information,12/13/2016 2:35:02 PM,Service Control Manager,7036,None,The Windows Update service entered the running state.
Information,12/13/2016 2:23:09 PM,Service Control Manager,7036,None,The Software Protection service entered the stopped state.
Information,12/13/2016 2:22:39 PM,Service Control Manager,7036,None,The Software Protection service entered the running state.
Information,12/13/2016 1:58:46 PM,Service Control Manager,7036,None,The DNS Client service entered the stopped state.
Information,12/13/2016 1:53:09 PM,Service Control Manager,7036,None,The Software Protection service entered the stopped state.
Information,12/13/2016 1:52:39 PM,Service Control Manager,7036,None,The Software Protection service entered the running state.
Information,12/13/2016 1:30:43 PM,Service Control Manager,7036,None,The WinHTTP Web Proxy Auto-Discovery Service service entered the stopped state.
Information,12/13/2016 1:23:09 PM,Service Control Manager,7036,None,The Software Protection service entered the stopped state.
Information,12/13/2016 1:22:38 PM,Service Control Manager,7036,None,The Software Protection service entered the running state.
Information,12/13/2016 1:13:45 PM,Service Control Manager,7036,None,The Windows Update service entered the stopped state.
Information,12/13/2016 1:03:43 PM,Service Control Manager,7036,None,The WinHTTP Web Proxy Auto-Discovery Service service entered the running state.
Information,12/13/2016 1:03:43 PM,Service Control Manager,7036,None,The Windows Update service entered the running state.
Information,12/13/2016 12:53:09 PM,Service Control Manager,7036,None,The Software Protection service entered the stopped state.
Information,12/13/2016 12:52:38 PM,Service Control Manager,7036,None,The Software Protection service entered the running state.
Information,12/13/2016 12:43:46 PM,Service Control Manager,7036,None,The DNS Client service entered the running state.
Error,12/13/2016 12:36:11 PM,Schannel,36888,None,A fatal alert was generated and sent to the remote endpoint. This may result in termination of the connection. The TLS protocol defined fatal error code is 10. The Windows SChannel error state is 1203.
Error,12/13/2016 12:36:11 PM,Schannel,36888,None,A fatal alert was generated and sent to the remote endpoint. This may result in termination of the connection. The TLS protocol defined fatal error code is 10. The Windows SChannel error state is 1203.
Error,12/13/2016 12:24:25 PM,Schannel,36888,None,A fatal alert was generated and sent to the remote endpoint. This may result in termination of the connection. The TLS protocol defined fatal error code is 10. The Windows SChannel error state is 1203.
Error,12/13/2016 12:24:25 PM,Schannel,36888,None,A fatal alert was generated and sent to the remote endpoint. This may result in termination of the connection. The TLS protocol defined fatal error code is 10. The Windows SChannel error state is 1203.
Information,12/13/2016 12:23:09 PM,Service Control Manager,7036,None,The Software Protection service entered the stopped state.
Information,12/13/2016 12:22:38 PM,Service Control Manager,7036,None,The Software Protection service entered the running state.
Information,12/13/2016 12:10:22 PM,Service Control Manager,7036,None,The DNS Client service entered the stopped state.
Information,12/13/2016 12:00:00 PM,EventLog,6013,None,The system uptime is 927587 seconds.
Information,12/13/2016 11:57:52 AM,Service Control Manager,7036,None,The WinHTTP Web Proxy Auto-Discovery Service service entered the stopped state.
Information,12/13/2016 11:53:08 AM,Service Control Manager,7036,None,The Software Protection service entered the stopped state.
Information,12/13/2016 11:52:38 AM,Service Control Manager,7036,None,The Software Protection service entered the running state.
Information,12/13/2016 11:39:46 AM,Service Control Manager,7036,None,The Windows Update service entered the stopped state.
Information,12/13/2016 11:36:24 AM,Service Control Manager,7040,None,The start type of the Background Intelligent Transfer Service service was changed from auto start to demand start.
Information,12/13/2016 11:29:44 AM,Service Control Manager,7036,None,The Windows Update service entered the running state.
Information,12/13/2016 11:23:08 AM,Service Control Manager,7036,None,The Software Protection service entered the stopped state.
Information,12/13/2016 11:22:38 AM,Service Control Manager,7036,None,The Software Protection service entered the running state.
Information,12/13/2016 11:20:22 AM,Service Control Manager,7036,None,The Google Update Service (gupdate) service entered the stopped state.
Information,12/13/2016 11:20:22 AM,Service Control Manager,7036,None,The DNS Client service entered the running state.
Information,12/13/2016 11:20:22 AM,Service Control Manager,7036,None,The WinHTTP Web Proxy Auto-Discovery Service service entered the running state.
Information,12/13/2016 11:20:22 AM,Service Control Manager,7036,None,The Google Update Service (gupdate) service entered the running state.
Information,12/13/2016 11:10:17 AM,Service Control Manager,7036,None,The DNS Client service entered the stopped state.
Information,12/13/2016 10:53:08 AM,Service Control Manager,7036,None,The Software Protection service entered the stopped state.
Information,12/13/2016 10:52:38 AM,Service Control Manager,7036,None,The Software Protection service entered the running state.
Information,12/13/2016 10:52:31 AM,Service Control Manager,7036,None,The WinHTTP Web Proxy Auto-Discovery Service service entered the stopped state.
Information,12/13/2016 10:46:32 AM,Service Control Manager,7036,None,The Windows Update service entered the stopped state.
Information,12/13/2016 10:36:35 AM,Microsoft-Windows-WindowsUpdateClient,17,Automatic Updates,"Installation Ready: The following updates are downloaded and ready for installation: 
- December, 2016 Security and Quality Rollup for .NET Framework 3.5, 4.5.2, 4.6, 4.6.1, 4.6.2 on Windows 8.1 and Windows Server 2012 R2 for x64 (KB3205404)
- Windows Malicious Software Removal Tool for Windows 8, 8.1, 10 and Windows Server 2012, 2012 R2, 2016 x64 Edition - December 2016 (KB890830)
- December, 2016 Security Monthly Quality Rollup for Windows Server 2012 R2 (KB3205401)"
Information,12/13/2016 10:33:26 AM,Service Control Manager,7036,None,The Windows Modules Installer service entered the stopped state.
Information,12/13/2016 10:32:03 AM,Microsoft-Windows-WindowsUpdateClient,17,Automatic Updates,"Installation Ready: The following updates are downloaded and ready for installation: 
- Windows Malicious Software Removal Tool for Windows 8, 8.1, 10 and Windows Server 2012, 2012 R2, 2016 x64 Edition - December 2016 (KB890830)
- December, 2016 Security Monthly Quality Rollup for Windows Server 2012 R2 (KB3205401)"
Information,12/13/2016 10:31:26 AM,Service Control Manager,7036,None,The Windows Modules Installer service entered the running state.
Error,12/13/2016 10:28:07 AM,Schannel,36888,None,A fatal alert was generated and sent to the remote endpoint. This may result in termination of the connection. The TLS protocol defined fatal error code is 10. The Windows SChannel error state is 1203.
Error,12/13/2016 10:28:07 AM,Schannel,36888,None,A fatal alert was generated and sent to the remote endpoint. This may result in termination of the connection. The TLS protocol defined fatal error code is 10. The Windows SChannel error state is 1203.
Information,12/13/2016 10:26:57 AM,Service Control Manager,7036,None,The Windows Modules Installer service entered the stopped state.
Information,12/13/2016 10:24:49 AM,Service Control Manager,7040,None,The start type of the Windows Modules Installer service was changed from auto start to demand start.
Information,12/13/2016 10:23:09 AM,Service Control Manager,7036,None,The Software Protection service entered the stopped state.
Information,12/13/2016 10:22:37 AM,Service Control Manager,7036,None,The Software Protection service entered the running state.
Information,12/13/2016 10:20:57 AM,Service Control Manager,7040,None,The start type of the Windows Modules Installer service was changed from demand start to auto start.
Information,12/13/2016 10:20:52 AM,Service Control Manager,7036,None,The Windows Modules Installer service entered the running state.
Information,12/13/2016 10:19:28 AM,Microsoft-Windows-WindowsUpdateClient,17,Automatic Updates,"Installation Ready: The following updates are downloaded and ready for installation: 
- Windows Malicious Software Removal Tool for Windows 8, 8.1, 10 and Windows Server 2012, 2012 R2, 2016 x64 Edition - December 2016 (KB890830)"
Information,12/13/2016 10:14:40 AM,Service Control Manager,7036,None,The Windows Modules Installer service entered the stopped state.
Information,12/13/2016 10:12:44 AM,Microsoft-Windows-WindowsUpdateClient,44,Windows Update Agent,Windows Update started downloading an update.
Information,12/13/2016 10:12:44 AM,Microsoft-Windows-WindowsUpdateClient,44,Windows Update Agent,Windows Update started downloading an update.
Information,12/13/2016 10:12:44 AM,Microsoft-Windows-WindowsUpdateClient,44,Windows Update Agent,Windows Update started downloading an update.
Information,12/13/2016 10:12:39 AM,Service Control Manager,7040,None,The start type of the Background Intelligent Transfer Service service was changed from demand start to auto start.
Information,12/13/2016 10:12:37 AM,Service Control Manager,7036,None,The Software Protection service entered the stopped state.
Information,12/13/2016 10:12:06 AM,Service Control Manager,7036,None,The Software Protection service entered the running state.
Information,12/13/2016 10:12:05 AM,Service Control Manager,7036,None,The Windows Modules Installer service entered the running state.
Information,12/13/2016 10:10:22 AM,Service Control Manager,7036,None,The Windows Update service entered the running state.
Information,12/13/2016 10:00:00 AM,Service Control Manager,7036,None,The WinHTTP Web Proxy Auto-Discovery Service service entered the running state.
Information,12/13/2016 9:53:08 AM,Service Control Manager,7036,None,The Software Protection service entered the stopped state.
Information,12/13/2016 9:52:37 AM,Service Control Manager,7036,None,The Software Protection service entered the running state.
Information,12/13/2016 9:47:17 AM,Service Control Manager,7036,None,The WinHTTP Web Proxy Auto-Discovery Service service entered the stopped state.
Information,12/13/2016 9:30:20 AM,Service Control Manager,7036,None,The Windows Update service entered the stopped state.
Information,12/13/2016 9:23:08 AM,Service Control Manager,7036,None,The Software Protection service entered the stopped state.
Information,12/13/2016 9:22:37 AM,Service Control Manager,7036,None,The Software Protection service entered the running state.
Information,12/13/2016 9:20:17 AM,Service Control Manager,7036,None,The DNS Client service entered the running state.
Information,12/13/2016 9:20:17 AM,Service Control Manager,7036,None,The WinHTTP Web Proxy Auto-Discovery Service service entered the running state.
Information,12/13/2016 9:20:17 AM,Service Control Manager,7036,None,The Windows Update service entered the running state.
Information,12/13/2016 9:07:52 AM,Service Control Manager,7036,None,The DNS Client service entered the stopped state.
Information,12/13/2016 8:53:07 AM,Service Control Manager,7036,None,The Software Protection service entered the stopped state.
Information,12/13/2016 8:52:37 AM,Service Control Manager,7036,None,The Software Protection service entered the running state.
Information,12/13/2016 8:43:46 AM,Service Control Manager,7036,None,The DNS Client service entered the running state.
Error,12/13/2016 8:24:11 AM,Schannel,36888,None,A fatal alert was generated and sent to the remote endpoint. This may result in termination of the connection. The TLS protocol defined fatal error code is 10. The Windows SChannel error state is 1203.
Error,12/13/2016 8:24:10 AM,Schannel,36888,None,A fatal alert was generated and sent to the remote endpoint. This may result in termination of the connection. The TLS protocol defined fatal error code is 10. The Windows SChannel error state is 1203.
Information,12/13/2016 8:23:07 AM,Service Control Manager,7036,None,The Software Protection service entered the stopped state.
Information,12/13/2016 8:22:37 AM,Service Control Manager,7036,None,The Software Protection service entered the running state.
Information,12/13/2016 8:19:50 AM,Service Control Manager,7036,None,The DNS Client service entered the stopped state.
Error,12/13/2016 8:09:28 AM,Schannel,36888,None,A fatal alert was generated and sent to the remote endpoint. This may result in termination of the connection. The TLS protocol defined fatal error code is 10. The Windows SChannel error state is 1203.
Error,12/13/2016 8:09:28 AM,Schannel,36888,None,A fatal alert was generated and sent to the remote endpoint. This may result in termination of the connection. The TLS protocol defined fatal error code is 10. The Windows SChannel error state is 1203.
Information,12/13/2016 8:06:50 AM,Service Control Manager,7036,None,The WinHTTP Web Proxy Auto-Discovery Service service entered the stopped state.
Information,12/13/2016 7:59:59 AM,Service Control Manager,7036,None,The Windows Update service entered the stopped state.
Information,12/13/2016 7:53:07 AM,Service Control Manager,7036,None,The Software Protection service entered the stopped state.
Information,12/13/2016 7:52:37 AM,Service Control Manager,7036,None,The Software Protection service entered the running state.
Information,12/13/2016 7:39:50 AM,Service Control Manager,7036,None,The DNS Client service entered the running state.
Information,12/13/2016 7:39:50 AM,Service Control Manager,7036,None,The WinHTTP Web Proxy Auto-Discovery Service service entered the running state.
Information,12/13/2016 7:39:50 AM,Service Control Manager,7036,None,The Windows Update service entered the running state.
Information,12/13/2016 7:23:07 AM,Service Control Manager,7036,None,The Software Protection service entered the stopped state.
Information,12/13/2016 7:22:36 AM,Service Control Manager,7036,None,The Software Protection service entered the running state.
Information,12/13/2016 7:20:38 AM,Service Control Manager,7036,None,The DNS Client service entered the stopped state.
Information,12/13/2016 7:05:38 AM,Service Control Manager,7036,None,The WinHTTP Web Proxy Auto-Discovery Service service entered the stopped state.
Information,12/13/2016 6:58:25 AM,Service Control Manager,7036,None,The Windows Update service entered the stopped state.
Information,12/13/2016 6:53:07 AM,Service Control Manager,7036,None,The Software Protection service entered the stopped state.
Information,12/13/2016 6:52:36 AM,Service Control Manager,7036,None,The Software Protection service entered the running state.
Information,12/13/2016 6:37:53 AM,Service Control Manager,7036,None,The Windows Update service entered the running state.
Information,12/13/2016 6:33:08 AM,Service Control Manager,7036,None,The Application Experience service entered the stopped state.
Information,12/13/2016 6:25:16 AM,Service Control Manager,7036,None,The Windows Modules Installer service entered the stopped state.
Information,12/13/2016 6:23:10 AM,Service Control Manager,7036,None,The Windows Modules Installer service entered the running state.
Information,12/13/2016 6:23:08 AM,Service Control Manager,7036,None,The Application Experience service entered the running state.
Information,12/13/2016 6:23:07 AM,Service Control Manager,7036,None,The Software Protection service entered the stopped state.
Information,12/13/2016 6:22:36 AM,Service Control Manager,7036,None,The Software Protection service entered the running state.
Information,12/13/2016 6:20:38 AM,Service Control Manager,7036,None,The Google Update Service (gupdate) service entered the stopped state.
Information,12/13/2016 6:20:38 AM,Service Control Manager,7036,None,The DNS Client service entered the running state.
Information,12/13/2016 6:20:38 AM,Service Control Manager,7036,None,The WinHTTP Web Proxy Auto-Discovery Service service entered the running state.
Information,12/13/2016 6:20:37 AM,Service Control Manager,7036,None,The Google Update Service (gupdate) service entered the running state.
Information,12/13/2016 6:00:36 AM,Service Control Manager,7036,None,The DNS Client service entered the stopped state.
Information,12/13/2016 5:53:06 AM,Service Control Manager,7036,None,The Software Protection service entered the stopped state.
Information,12/13/2016 5:52:36 AM,Service Control Manager,7036,None,The Software Protection service entered the running state.
Information,12/13/2016 5:48:06 AM,Service Control Manager,7036,None,The WinHTTP Web Proxy Auto-Discovery Service service entered the stopped state.
Information,12/13/2016 5:30:10 AM,Service Control Manager,7036,None,The Windows Update service entered the stopped state.
Information,12/13/2016 5:23:06 AM,Service Control Manager,7036,None,The Software Protection service entered the stopped state.
Information,12/13/2016 5:22:36 AM,Service Control Manager,7036,None,The Software Protection service entered the running state.
Information,12/13/2016 5:14:03 AM,Service Control Manager,7036,None,The Windows Modules Installer service entered the stopped state.
Information,12/13/2016 5:12:34 AM,Service Control Manager,7036,None,The Software Protection service entered the stopped state.
Information,12/13/2016 5:12:03 AM,Service Control Manager,7036,None,The Software Protection service entered the running state.
Information,12/13/2016 5:12:02 AM,Service Control Manager,7036,None,The Windows Modules Installer service entered the running state.
Information,12/13/2016 5:10:36 AM,Service Control Manager,7036,None,The DNS Client service entered the running state.
Information,12/13/2016 5:10:36 AM,Service Control Manager,7036,None,The WinHTTP Web Proxy Auto-Discovery Service service entered the running state.
Information,12/13/2016 5:10:36 AM,Service Control Manager,7036,None,The Windows Update service entered the running state.
Information,12/13/2016 5:05:01 AM,Service Control Manager,7036,None,The DNS Client service entered the stopped state.
Information,12/13/2016 4:53:32 AM,Service Control Manager,7036,None,The WinHTTP Web Proxy Auto-Discovery Service service entered the stopped state.
Information,12/13/2016 4:53:06 AM,Service Control Manager,7036,None,The Software Protection service entered the stopped state.
Information,12/13/2016 4:52:35 AM,Service Control Manager,7036,None,The Software Protection service entered the running state.
Error,12/13/2016 4:47:15 AM,Schannel,36888,None,A fatal alert was generated and sent to the remote endpoint. This may result in termination of the connection. The TLS protocol defined fatal error code is 10. The Windows SChannel error state is 1203.
Error,12/13/2016 4:47:15 AM,Schannel,36888,None,A fatal alert was generated and sent to the remote endpoint. This may result in termination of the connection. The TLS protocol defined fatal error code is 10. The Windows SChannel error state is 1203.
Information,12/13/2016 4:42:10 AM,Service Control Manager,7036,None,The Windows Modules Installer service entered the stopped state.
Information,12/13/2016 4:41:18 AM,Service Control Manager,7036,None,The Windows Update service entered the stopped state.
Information,12/13/2016 4:40:10 AM,Service Control Manager,7040,None,The start type of the Windows Modules Installer service was changed from auto start to demand start.
Information,12/13/2016 4:31:35 AM,Service Control Manager,7036,None,The Microsoft Software Shadow Copy Provider service entered the stopped state.
Information,12/13/2016 4:31:14 AM,Service Control Manager,7040,None,The start type of the Windows Modules Installer service was changed from demand start to auto start.
Information,12/13/2016 4:31:14 AM,Service Control Manager,7040,None,The start type of the Windows Modules Installer service was changed from auto start to demand start.
Information,12/13/2016 4:31:14 AM,Service Control Manager,7040,None,The start type of the Windows Modules Installer service was changed from demand start to auto start.
Information,12/13/2016 4:31:14 AM,Service Control Manager,7040,None,The start type of the Windows Modules Installer service was changed from auto start to demand start.
Information,12/13/2016 4:31:14 AM,Service Control Manager,7040,None,The start type of the Windows Modules Installer service was changed from demand start to auto start.
Information,12/13/2016 4:31:14 AM,Service Control Manager,7040,None,The start type of the Windows Modules Installer service was changed from auto start to demand start.
Information,12/13/2016 4:31:14 AM,Service Control Manager,7040,None,The start type of the Windows Modules Installer service was changed from demand start to auto start.
Information,12/13/2016 4:31:14 AM,Service Control Manager,7040,None,The start type of the Windows Modules Installer service was changed from auto start to demand start.
Information,12/13/2016 4:31:13 AM,Service Control Manager,7040,None,The start type of the Windows Modules Installer service was changed from demand start to auto start.
Information,12/13/2016 4:31:13 AM,Service Control Manager,7040,None,The start type of the Windows Modules Installer service was changed from auto start to demand start.
Information,12/13/2016 4:31:13 AM,Service Control Manager,7040,None,The start type of the Windows Modules Installer service was changed from demand start to auto start.
Information,12/13/2016 4:31:13 AM,Service Control Manager,7040,None,The start type of the Windows Modules Installer service was changed from auto start to demand start.
Information,12/13/2016 4:31:13 AM,Service Control Manager,7040,None,The start type of the Windows Modules Installer service was changed from demand start to auto start.
Information,12/13/2016 4:31:13 AM,Service Control Manager,7040,None,The start type of the Windows Modules Installer service was changed from auto start to demand start.
Information,12/13/2016 4:31:13 AM,Service Control Manager,7040,None,The start type of the Windows Modules Installer service was changed from demand start to auto start.
Information,12/13/2016 4:31:13 AM,Service Control Manager,7040,None,The start type of the Windows Modules Installer service was changed from auto start to demand start.
Information,12/13/2016 4:31:13 AM,Service Control Manager,7040,None,The start type of the Windows Modules Installer service was changed from demand start to auto start.
Information,12/13/2016 4:31:13 AM,Service Control Manager,7040,None,The start type of the Windows Modules Installer service was changed from auto start to demand start.
Information,12/13/2016 4:31:13 AM,Service Control Manager,7040,None,The start type of the Windows Modules Installer service was changed from demand start to auto start.
Information,12/13/2016 4:31:13 AM,Service Control Manager,7040,None,The start type of the Windows Modules Installer service was changed from auto start to demand start.
Information,12/13/2016 4:31:13 AM,Service Control Manager,7040,None,The start type of the Windows Modules Installer service was changed from demand start to auto start.
Information,12/13/2016 4:31:13 AM,Service Control Manager,7040,None,The start type of the Windows Modules Installer service was changed from auto start to demand start.
Information,12/13/2016 4:31:13 AM,Service Control Manager,7040,None,The start type of the Windows Modules Installer service was changed from demand start to auto start.
Information,12/13/2016 4:31:12 AM,Service Control Manager,7040,None,The start type of the Windows Modules Installer service was changed from auto start to demand start.
Information,12/13/2016 4:31:12 AM,Service Control Manager,7040,None,The start type of the Windows Modules Installer service was changed from demand start to auto start.
Information,12/13/2016 4:31:12 AM,Service Control Manager,7040,None,The start type of the Windows Modules Installer service was changed from auto start to demand start.
Information,12/13/2016 4:31:12 AM,Service Control Manager,7040,None,The start type of the Windows Modules Installer service was changed from demand start to auto start.
Information,12/13/2016 4:31:12 AM,Service Control Manager,7040,None,The start type of the Windows Modules Installer service was changed from auto start to demand start.
Information,12/13/2016 4:31:12 AM,Service Control Manager,7040,None,The start type of the Windows Modules Installer service was changed from demand start to auto start.
Information,12/13/2016 4:31:11 AM,Service Control Manager,7040,None,The start type of the Windows Modules Installer service was changed from auto start to demand start.
Information,12/13/2016 4:31:11 AM,Service Control Manager,7040,None,The start type of the Windows Modules Installer service was changed from demand start to auto start.
Information,12/13/2016 4:31:11 AM,Service Control Manager,7040,None,The start type of the Windows Modules Installer service was changed from auto start to demand start.
Information,12/13/2016 4:31:11 AM,Service Control Manager,7040,None,The start type of the Windows Modules Installer service was changed from demand start to auto start.
Information,12/13/2016 4:31:11 AM,Service Control Manager,7040,None,The start type of the Windows Modules Installer service was changed from auto start to demand start.
Information,12/13/2016 4:31:11 AM,Service Control Manager,7040,None,The start type of the Windows Modules Installer service was changed from demand start to auto start.
Information,12/13/2016 4:31:11 AM,Service Control Manager,7040,None,The start type of the Windows Modules Installer service was changed from auto start to demand start.
Information,12/13/2016 4:31:11 AM,Service Control Manager,7040,None,The start type of the Windows Modules Installer service was changed from demand start to auto start.
Information,12/13/2016 4:31:11 AM,Service Control Manager,7040,None,The start type of the Windows Modules Installer service was changed from auto start to demand start.
Information,12/13/2016 4:31:11 AM,Service Control Manager,7040,None,The start type of the Windows Modules Installer service was changed from demand start to auto start.
