Information,12/12/2016 12:53:00 PM,Service Control Manager,7036,None,The Software Protection service entered the stopped state.
Information,12/12/2016 12:52:30 PM,Service Control Manager,7036,None,The Software Protection service entered the running state.
Information,12/12/2016 12:45:19 PM,Service Control Manager,7036,None,The WinHTTP Web Proxy Auto-Discovery Service service entered the running state.
Information,12/12/2016 12:45:19 PM,Service Control Manager,7036,None,The Windows Update service entered the running state.
Information,12/12/2016 12:43:46 PM,Service Control Manager,7036,None,The DNS Client service entered the running state.
Information,12/12/2016 12:23:00 PM,Service Control Manager,7036,None,The Software Protection service entered the stopped state.
Information,12/12/2016 12:22:30 PM,Service Control Manager,7036,None,The Software Protection service entered the running state.
Information,12/12/2016 12:01:44 PM,Service Control Manager,7036,None,The DNS Client service entered the stopped state.
Information,12/12/2016 12:00:00 PM,EventLog,6013,None,The system uptime is 841187 seconds.
Information,12/12/2016 11:53:00 AM,Service Control Manager,7036,None,The Software Protection service entered the stopped state.
Information,12/12/2016 11:52:30 AM,Service Control Manager,7036,None,The Software Protection service entered the running state.
Information,12/12/2016 11:38:44 AM,Service Control Manager,7036,None,The WinHTTP Web Proxy Auto-Discovery Service service entered the stopped state.
Information,12/12/2016 11:31:47 AM,Service Control Manager,7036,None,The Windows Update service entered the stopped state.
Information,12/12/2016 11:23:00 AM,Service Control Manager,7036,None,The Software Protection service entered the stopped state.
Information,12/12/2016 11:22:29 AM,Service Control Manager,7036,None,The Software Protection service entered the running state.
Information,12/12/2016 11:13:55 AM,Service Control Manager,7040,None,The start type of the Background Intelligent Transfer Service service was changed from auto start to demand start.
Information,12/12/2016 11:11:44 AM,Service Control Manager,7036,None,The DNS Client service entered the running state.
Information,12/12/2016 11:11:44 AM,Service Control Manager,7036,None,The WinHTTP Web Proxy Auto-Discovery Service service entered the running state.
Information,12/12/2016 11:11:44 AM,Service Control Manager,7036,None,The Windows Update service entered the running state.
Information,12/12/2016 11:04:14 AM,Service Control Manager,7036,None,The DNS Client service entered the stopped state.
Information,12/12/2016 10:53:00 AM,Service Control Manager,7036,None,The Software Protection service entered the stopped state.
Information,12/12/2016 10:52:29 AM,Service Control Manager,7036,None,The Software Protection service entered the running state.
Information,12/12/2016 10:48:02 AM,Service Control Manager,7036,None,The WinHTTP Web Proxy Auto-Discovery Service service entered the stopped state.
Information,12/12/2016 10:30:50 AM,Service Control Manager,7036,None,The Windows Update service entered the stopped state.
Information,12/12/2016 10:23:00 AM,Service Control Manager,7036,None,The Software Protection service entered the stopped state.
Information,12/12/2016 10:22:29 AM,Service Control Manager,7036,None,The Software Protection service entered the running state.
Information,12/12/2016 10:18:27 AM,Service Control Manager,7036,None,The Windows Modules Installer service entered the stopped state.
Information,12/12/2016 10:16:31 AM,Microsoft-Windows-WindowsUpdateClient,17,Automatic Updates,Installation Ready: The following updates are downloaded and ready for installation: 
- Cumulative Security Update for Internet Explorer 11 for Windows Server 2012 R2 (KB3185319)
Information,12/12/2016 10:16:20 AM,Service Control Manager,7036,None,The Windows Modules Installer service entered the running state.
Information,12/12/2016 10:15:39 AM,Service Control Manager,7036,None,The Windows Modules Installer service entered the stopped state.
Information,12/12/2016 10:13:33 AM,Service Control Manager,7040,None,The start type of the Windows Modules Installer service was changed from auto start to demand start.
Information,12/12/2016 10:12:10 AM,Service Control Manager,7040,None,The start type of the Windows Modules Installer service was changed from demand start to auto start.
Information,12/12/2016 10:11:53 AM,Microsoft-Windows-WindowsUpdateClient,44,Windows Update Agent,Windows Update started downloading an update.
Information,12/12/2016 10:11:52 AM,Service Control Manager,7036,None,The Software Protection service entered the stopped state.
Information,12/12/2016 10:11:48 AM,Service Control Manager,7040,None,The start type of the Background Intelligent Transfer Service service was changed from demand start to auto start.
Information,12/12/2016 10:11:22 AM,Service Control Manager,7036,None,The Software Protection service entered the running state.
Information,12/12/2016 10:11:20 AM,Service Control Manager,7036,None,The Windows Modules Installer service entered the running state.
Information,12/12/2016 10:01:32 AM,Service Control Manager,7036,None,The DNS Client service entered the running state.
Information,12/12/2016 10:01:32 AM,Service Control Manager,7036,None,The WinHTTP Web Proxy Auto-Discovery Service service entered the running state.
Information,12/12/2016 10:01:32 AM,Service Control Manager,7036,None,The Windows Update service entered the running state.
Information,12/12/2016 9:58:46 AM,Service Control Manager,7036,None,The DNS Client service entered the stopped state.
Information,12/12/2016 9:52:59 AM,Service Control Manager,7036,None,The Software Protection service entered the stopped state.
Information,12/12/2016 9:52:29 AM,Service Control Manager,7036,None,The Software Protection service entered the running state.
Information,12/12/2016 9:47:36 AM,Service Control Manager,7036,None,The WinHTTP Web Proxy Auto-Discovery Service service entered the stopped state.
Information,12/12/2016 9:22:59 AM,Service Control Manager,7036,None,The Software Protection service entered the stopped state.
Information,12/12/2016 9:22:29 AM,Service Control Manager,7036,None,The Software Protection service entered the running state.
Information,12/12/2016 9:20:36 AM,Service Control Manager,7036,None,The Google Update Service (gupdate) service entered the stopped state.
Information,12/12/2016 9:20:36 AM,Service Control Manager,7036,None,The WinHTTP Web Proxy Auto-Discovery Service service entered the running state.
Information,12/12/2016 9:20:36 AM,Service Control Manager,7036,None,The Google Update Service (gupdate) service entered the running state.
Information,12/12/2016 9:16:19 AM,Service Control Manager,7036,None,The WinHTTP Web Proxy Auto-Discovery Service service entered the stopped state.
Information,12/12/2016 8:59:22 AM,Service Control Manager,7036,None,The Windows Update service entered the stopped state.
Information,12/12/2016 8:52:59 AM,Service Control Manager,7036,None,The Software Protection service entered the stopped state.
Information,12/12/2016 8:52:29 AM,Service Control Manager,7036,None,The Software Protection service entered the running state.
Information,12/12/2016 8:49:19 AM,Service Control Manager,7036,None,The WinHTTP Web Proxy Auto-Discovery Service service entered the running state.
Information,12/12/2016 8:49:19 AM,Service Control Manager,7036,None,The Windows Update service entered the running state.
Information,12/12/2016 8:43:46 AM,Service Control Manager,7036,None,The DNS Client service entered the running state.
Information,12/12/2016 8:22:59 AM,Service Control Manager,7036,None,The Software Protection service entered the stopped state.
Information,12/12/2016 8:22:28 AM,Service Control Manager,7036,None,The Software Protection service entered the running state.
Error,12/12/2016 8:03:33 AM,Schannel,36888,None,A fatal alert was generated and sent to the remote endpoint. This may result in termination of the connection. The TLS protocol defined fatal error code is 10. The Windows SChannel error state is 1203.
Error,12/12/2016 8:03:33 AM,Schannel,36888,None,A fatal alert was generated and sent to the remote endpoint. This may result in termination of the connection. The TLS protocol defined fatal error code is 10. The Windows SChannel error state is 1203.
Information,12/12/2016 8:01:21 AM,Service Control Manager,7036,None,The DNS Client service entered the stopped state.
Information,12/12/2016 7:52:59 AM,Service Control Manager,7036,None,The Software Protection service entered the stopped state.
Information,12/12/2016 7:52:28 AM,Service Control Manager,7036,None,The Software Protection service entered the running state.
Information,12/12/2016 7:34:51 AM,Service Control Manager,7036,None,The WinHTTP Web Proxy Auto-Discovery Service service entered the stopped state.
Information,12/12/2016 7:22:58 AM,Service Control Manager,7036,None,The Software Protection service entered the stopped state.
Information,12/12/2016 7:22:28 AM,Service Control Manager,7036,None,The Software Protection service entered the running state.
Information,12/12/2016 7:16:24 AM,Service Control Manager,7036,None,The Windows Update service entered the stopped state.
Information,12/12/2016 7:06:21 AM,Service Control Manager,7036,None,The DNS Client service entered the running state.
Information,12/12/2016 7:06:21 AM,Service Control Manager,7036,None,The WinHTTP Web Proxy Auto-Discovery Service service entered the running state.
Information,12/12/2016 7:06:21 AM,Service Control Manager,7036,None,The Windows Update service entered the running state.
Information,12/12/2016 7:03:46 AM,Service Control Manager,7036,None,The DNS Client service entered the stopped state.
Information,12/12/2016 6:52:58 AM,Service Control Manager,7036,None,The Software Protection service entered the stopped state.
Information,12/12/2016 6:52:28 AM,Service Control Manager,7036,None,The Software Protection service entered the running state.
Information,12/12/2016 6:43:46 AM,Service Control Manager,7036,None,The DNS Client service entered the running state.
Information,12/12/2016 6:22:58 AM,Service Control Manager,7036,None,The Software Protection service entered the stopped state.
Information,12/12/2016 6:22:28 AM,Service Control Manager,7036,None,The Software Protection service entered the running state.
Error,12/12/2016 6:17:37 AM,Schannel,36888,None,A fatal alert was generated and sent to the remote endpoint. This may result in termination of the connection. The TLS protocol defined fatal error code is 10. The Windows SChannel error state is 1203.
Error,12/12/2016 6:17:37 AM,Schannel,36888,None,A fatal alert was generated and sent to the remote endpoint. This may result in termination of the connection. The TLS protocol defined fatal error code is 10. The Windows SChannel error state is 1203.
Information,12/12/2016 6:00:01 AM,Service Control Manager,7036,None,The DNS Client service entered the stopped state.
Information,12/12/2016 5:52:58 AM,Service Control Manager,7036,None,The Software Protection service entered the stopped state.
Information,12/12/2016 5:52:28 AM,Service Control Manager,7036,None,The Software Protection service entered the running state.
Information,12/12/2016 5:47:01 AM,Service Control Manager,7036,None,The WinHTTP Web Proxy Auto-Discovery Service service entered the stopped state.
Information,12/12/2016 5:30:03 AM,Service Control Manager,7036,None,The Windows Update service entered the stopped state.
Information,12/12/2016 5:22:58 AM,Service Control Manager,7036,None,The Software Protection service entered the stopped state.
Information,12/12/2016 5:22:27 AM,Service Control Manager,7036,None,The Software Protection service entered the running state.
Error,12/12/2016 5:21:39 AM,Schannel,36888,None,A fatal alert was generated and sent to the remote endpoint. This may result in termination of the connection. The TLS protocol defined fatal error code is 10. The Windows SChannel error state is 1203.
Error,12/12/2016 5:21:39 AM,Schannel,36888,None,A fatal alert was generated and sent to the remote endpoint. This may result in termination of the connection. The TLS protocol defined fatal error code is 10. The Windows SChannel error state is 1203.
Information,12/12/2016 5:20:01 AM,Service Control Manager,7036,None,The DNS Client service entered the running state.
Information,12/12/2016 5:20:01 AM,Service Control Manager,7036,None,The WinHTTP Web Proxy Auto-Discovery Service service entered the running state.
Information,12/12/2016 5:20:01 AM,Service Control Manager,7036,None,The Windows Update service entered the running state.
Information,12/12/2016 5:02:38 AM,Service Control Manager,7036,None,The DNS Client service entered the stopped state.
Information,12/12/2016 4:52:58 AM,Service Control Manager,7036,None,The Software Protection service entered the stopped state.
Information,12/12/2016 4:52:27 AM,Service Control Manager,7036,None,The Software Protection service entered the running state.
Information,12/12/2016 4:48:08 AM,Service Control Manager,7036,None,The WinHTTP Web Proxy Auto-Discovery Service service entered the stopped state.
Information,12/12/2016 4:22:57 AM,Service Control Manager,7036,None,The Software Protection service entered the stopped state.
Information,12/12/2016 4:22:27 AM,Service Control Manager,7036,None,The Software Protection service entered the running state.
Information,12/12/2016 4:20:55 AM,Service Control Manager,7036,None,The Google Update Service (gupdate) service entered the stopped state.
Information,12/12/2016 4:20:55 AM,Service Control Manager,7036,None,The Google Update Service (gupdate) service entered the running state.
Information,12/12/2016 4:17:40 AM,Service Control Manager,7036,None,The Windows Update service entered the stopped state.
Information,12/12/2016 4:07:38 AM,Service Control Manager,7036,None,The DNS Client service entered the running state.
Information,12/12/2016 4:07:38 AM,Service Control Manager,7036,None,The WinHTTP Web Proxy Auto-Discovery Service service entered the running state.
Information,12/12/2016 4:07:38 AM,Service Control Manager,7036,None,The Windows Update service entered the running state.
Information,12/12/2016 4:03:46 AM,Service Control Manager,7036,None,The DNS Client service entered the stopped state.
Information,12/12/2016 3:52:57 AM,Service Control Manager,7036,None,The Software Protection service entered the stopped state.
Information,12/12/2016 3:52:27 AM,Service Control Manager,7036,None,The Software Protection service entered the running state.
Information,12/12/2016 3:43:46 AM,Service Control Manager,7036,None,The DNS Client service entered the running state.
Information,12/12/2016 3:31:14 AM,Service Control Manager,7036,None,The DNS Client service entered the stopped state.
Information,12/12/2016 3:22:57 AM,Service Control Manager,7036,None,The Software Protection service entered the stopped state.
Information,12/12/2016 3:22:27 AM,Service Control Manager,7036,None,The Software Protection service entered the running state.
Information,12/12/2016 3:13:14 AM,Service Control Manager,7036,None,The WinHTTP Web Proxy Auto-Discovery Service service entered the stopped state.
Information,12/12/2016 2:55:23 AM,Service Control Manager,7036,None,The Windows Update service entered the stopped state.
Information,12/12/2016 2:52:57 AM,Service Control Manager,7036,None,The Software Protection service entered the stopped state.
Information,12/12/2016 2:52:27 AM,Service Control Manager,7036,None,The Software Protection service entered the running state.
Information,12/12/2016 2:45:21 AM,Service Control Manager,7036,None,The Windows Update service entered the running state.
Information,12/12/2016 2:33:14 AM,Service Control Manager,7036,None,The Windows Modules Installer service entered the stopped state.
Information,12/12/2016 2:33:14 AM,Service Control Manager,7036,None,The Windows Error Reporting Service service entered the stopped state.
Information,12/12/2016 2:31:30 AM,Service Control Manager,7036,None,The Windows Time service entered the stopped state.
Information,12/12/2016 2:31:30 AM,Microsoft-Windows-Kernel-General,1,None,"The system time has changed to ‎2016‎-‎12‎-‎12T10:31:30.232000000Z from ‎2016‎-‎12‎-‎12T10:31:30.232960000Z.

Change Reason: An application or system component changed the time."
Information,12/12/2016 2:31:30 AM,Microsoft-Windows-Time-Service,35,None,"The time service is now synchronizing the system time with the time source time.windows.com,0x9 (ntp.m|0x9|0.0.0.0:123->13.85.70.43:123)."
Information,12/12/2016 2:31:21 AM,Microsoft-Windows-Kernel-General,16,None,The access history in hive \SystemRoot\System32\Config\RegBack\SAM was cleared updating 81 keys and creating 8 modified pages.
Information,12/12/2016 2:31:20 AM,Microsoft-Windows-Kernel-General,16,None,The access history in hive \SystemRoot\System32\Config\RegBack\DEFAULT was cleared updating 204 keys and creating 23 modified pages.
Information,12/12/2016 2:31:20 AM,Microsoft-Windows-Kernel-General,16,None,The access history in hive \SystemRoot\System32\Config\RegBack\SYSTEM was cleared updating 7387 keys and creating 990 modified pages.
Information,12/12/2016 2:31:18 AM,Microsoft-Windows-Kernel-General,16,None,The access history in hive \SystemRoot\System32\Config\RegBack\SOFTWARE was cleared updating 110571 keys and creating 11890 modified pages.
Information,12/12/2016 2:31:15 AM,Microsoft-Windows-Time-Service,37,None,"The time provider NtpClient is currently receiving valid time data from time.windows.com,0x9 (ntp.m|0x9|0.0.0.0:123->13.85.70.43:123)."
Information,12/12/2016 2:31:14 AM,Microsoft-Windows-Kernel-General,16,None,The access history in hive \SystemRoot\System32\Config\RegBack\SECURITY was cleared updating 69 keys and creating 5 modified pages.
Information,12/12/2016 2:31:14 AM,Service Control Manager,7036,None,The WinHTTP Web Proxy Auto-Discovery Service service entered the running state.
Information,12/12/2016 2:31:14 AM,Service Control Manager,7036,None,The DNS Client service entered the running state.
Information,12/12/2016 2:31:14 AM,Service Control Manager,7036,None,The Windows Modules Installer service entered the running state.
Information,12/12/2016 2:31:14 AM,Service Control Manager,7036,None,The Windows Time service entered the running state.
Information,12/12/2016 2:31:14 AM,Service Control Manager,7036,None,The Windows Error Reporting Service service entered the running state.
Information,12/12/2016 2:22:57 AM,Service Control Manager,7036,None,The Software Protection service entered the stopped state.
Information,12/12/2016 2:22:26 AM,Service Control Manager,7036,None,The Software Protection service entered the running state.
Information,12/12/2016 2:13:01 AM,Service Control Manager,7036,None,The DNS Client service entered the stopped state.
Information,12/12/2016 2:00:01 AM,Service Control Manager,7036,None,The WinHTTP Web Proxy Auto-Discovery Service service entered the stopped state.
Information,12/12/2016 1:52:57 AM,Service Control Manager,7036,None,The Software Protection service entered the stopped state.
Information,12/12/2016 1:52:26 AM,Service Control Manager,7036,None,The Software Protection service entered the running state.
Information,12/12/2016 1:43:03 AM,Service Control Manager,7036,None,The Windows Update service entered the stopped state.
Information,12/12/2016 1:33:01 AM,Service Control Manager,7036,None,The DNS Client service entered the running state.
Information,12/12/2016 1:33:01 AM,Service Control Manager,7036,None,The WinHTTP Web Proxy Auto-Discovery Service service entered the running state.
Information,12/12/2016 1:33:01 AM,Service Control Manager,7036,None,The Windows Update service entered the running state.
Information,12/12/2016 1:22:56 AM,Service Control Manager,7036,None,The Software Protection service entered the stopped state.
Information,12/12/2016 1:22:26 AM,Service Control Manager,7036,None,The Software Protection service entered the running state.
Information,12/12/2016 1:03:46 AM,Service Control Manager,7036,None,The DNS Client service entered the stopped state.
Information,12/12/2016 12:52:56 AM,Service Control Manager,7036,None,The Software Protection service entered the stopped state.
Information,12/12/2016 12:52:26 AM,Service Control Manager,7036,None,The Software Protection service entered the running state.
Information,12/12/2016 12:43:46 AM,Service Control Manager,7036,None,The DNS Client service entered the running state.
Information,12/12/2016 12:26:14 AM,Service Control Manager,7036,None,The DNS Client service entered the stopped state.
Information,12/12/2016 12:22:56 AM,Service Control Manager,7036,None,The Software Protection service entered the stopped state.
Information,12/12/2016 12:22:26 AM,Service Control Manager,7036,None,The Software Protection service entered the running state.
Information,12/12/2016 12:15:10 AM,Service Control Manager,7036,None,The WinHTTP Web Proxy Auto-Discovery Service service entered the stopped state.
Information,12/11/2016 11:58:12 PM,Service Control Manager,7036,None,The Windows Update service entered the stopped state.
Information,12/11/2016 11:52:56 PM,Service Control Manager,7036,None,The Software Protection service entered the stopped state.
Information,12/11/2016 11:52:25 PM,Service Control Manager,7036,None,The Software Protection service entered the running state.
Information,12/11/2016 11:48:10 PM,Service Control Manager,7036,None,The WinHTTP Web Proxy Auto-Discovery Service service entered the running state.
Information,12/11/2016 11:48:10 PM,Service Control Manager,7036,None,The Windows Update service entered the running state.
Information,12/11/2016 11:47:44 PM,Service Control Manager,7036,None,The WinHTTP Web Proxy Auto-Discovery Service service entered the stopped state.
Information,12/11/2016 11:22:56 PM,Service Control Manager,7036,None,The Software Protection service entered the stopped state.
Information,12/11/2016 11:22:25 PM,Service Control Manager,7036,None,The Software Protection service entered the running state.
Information,12/11/2016 11:20:44 PM,Service Control Manager,7036,None,The Google Update Service (gupdate) service entered the stopped state.
Information,12/11/2016 11:20:44 PM,Service Control Manager,7036,None,The DNS Client service entered the running state.
Information,12/11/2016 11:20:44 PM,Service Control Manager,7036,None,The WinHTTP Web Proxy Auto-Discovery Service service entered the running state.
Information,12/11/2016 11:20:44 PM,Service Control Manager,7036,None,The Google Update Service (gupdate) service entered the running state.
Information,12/11/2016 10:58:46 PM,Service Control Manager,7036,None,The DNS Client service entered the stopped state.
Information,12/11/2016 10:52:55 PM,Service Control Manager,7036,None,The Software Protection service entered the stopped state.
Information,12/11/2016 10:52:25 PM,Service Control Manager,7036,None,The Software Protection service entered the running state.
Information,12/11/2016 10:29:53 PM,Service Control Manager,7036,None,The WinHTTP Web Proxy Auto-Discovery Service service entered the stopped state.
Information,12/11/2016 10:22:55 PM,Service Control Manager,7036,None,The Software Protection service entered the stopped state.
Information,12/11/2016 10:22:25 PM,Service Control Manager,7036,None,The Software Protection service entered the running state.
Information,12/11/2016 10:12:55 PM,Service Control Manager,7036,None,The Windows Update service entered the stopped state.
Information,12/11/2016 10:02:53 PM,Service Control Manager,7036,None,The WinHTTP Web Proxy Auto-Discovery Service service entered the running state.
Information,12/11/2016 10:02:53 PM,Service Control Manager,7036,None,The Windows Update service entered the running state.
Information,12/11/2016 9:52:55 PM,Service Control Manager,7036,None,The Software Protection service entered the stopped state.
Information,12/11/2016 9:52:25 PM,Service Control Manager,7036,None,The Software Protection service entered the running state.
Information,12/11/2016 9:43:46 PM,Service Control Manager,7036,None,The DNS Client service entered the running state.
Information,12/11/2016 9:27:37 PM,Service Control Manager,7036,None,The DNS Client service entered the stopped state.
Information,12/11/2016 9:22:55 PM,Service Control Manager,7036,None,The Software Protection service entered the stopped state.
Information,12/11/2016 9:22:25 PM,Service Control Manager,7036,None,The Software Protection service entered the running state.
Information,12/11/2016 9:16:08 PM,Service Control Manager,7036,None,The WinHTTP Web Proxy Auto-Discovery Service service entered the stopped state.
Information,12/11/2016 8:59:10 PM,Service Control Manager,7036,None,The Windows Update service entered the stopped state.
Information,12/11/2016 8:52:55 PM,Service Control Manager,7036,None,The Software Protection service entered the stopped state.
Information,12/11/2016 8:52:24 PM,Service Control Manager,7036,None,The Software Protection service entered the running state.
Information,12/11/2016 8:49:08 PM,Service Control Manager,7036,None,The WinHTTP Web Proxy Auto-Discovery Service service entered the running state.
Information,12/11/2016 8:49:08 PM,Service Control Manager,7036,None,The Windows Update service entered the running state.
Information,12/11/2016 8:48:00 PM,Service Control Manager,7036,None,The WinHTTP Web Proxy Auto-Discovery Service service entered the stopped state.
Error,12/11/2016 8:44:15 PM,Schannel,36888,None,A fatal alert was generated and sent to the remote endpoint. This may result in termination of the connection. The TLS protocol defined fatal error code is 10. The Windows SChannel error state is 1203.
Error,12/11/2016 8:44:15 PM,Schannel,36888,None,A fatal alert was generated and sent to the remote endpoint. This may result in termination of the connection. The TLS protocol defined fatal error code is 10. The Windows SChannel error state is 1203.
Information,12/11/2016 8:22:55 PM,Service Control Manager,7036,None,The Software Protection service entered the stopped state.
Information,12/11/2016 8:22:24 PM,Service Control Manager,7036,None,The Software Protection service entered the running state.
Information,12/11/2016 8:00:00 PM,Service Control Manager,7036,None,The WinHTTP Web Proxy Auto-Discovery Service service entered the running state.
Information,12/11/2016 7:54:37 PM,Service Control Manager,7036,None,The WinHTTP Web Proxy Auto-Discovery Service service entered the stopped state.
Information,12/11/2016 7:52:55 PM,Service Control Manager,7036,None,The Software Protection service entered the stopped state.
Information,12/11/2016 7:52:24 PM,Service Control Manager,7036,None,The Software Protection service entered the running state.
Information,12/11/2016 7:37:39 PM,Service Control Manager,7036,None,The Windows Update service entered the stopped state.
Information,12/11/2016 7:27:37 PM,Service Control Manager,7036,None,The DNS Client service entered the running state.
Information,12/11/2016 7:27:37 PM,Service Control Manager,7036,None,The WinHTTP Web Proxy Auto-Discovery Service service entered the running state.
Information,12/11/2016 7:27:37 PM,Service Control Manager,7036,None,The Windows Update service entered the running state.
Information,12/11/2016 7:22:54 PM,Service Control Manager,7036,None,The Software Protection service entered the stopped state.
Information,12/11/2016 7:22:24 PM,Service Control Manager,7036,None,The Software Protection service entered the running state.
Error,12/11/2016 7:19:03 PM,Schannel,36888,None,A fatal alert was generated and sent to the remote endpoint. This may result in termination of the connection. The TLS protocol defined fatal error code is 10. The Windows SChannel error state is 1203.
Error,12/11/2016 7:19:03 PM,Schannel,36888,None,A fatal alert was generated and sent to the remote endpoint. This may result in termination of the connection. The TLS protocol defined fatal error code is 10. The Windows SChannel error state is 1203.
Information,12/11/2016 7:10:09 PM,Service Control Manager,7036,None,The DNS Client service entered the stopped state.
Information,12/11/2016 6:57:39 PM,Service Control Manager,7036,None,The WinHTTP Web Proxy Auto-Discovery Service service entered the stopped state.
Information,12/11/2016 6:52:54 PM,Service Control Manager,7036,None,The Software Protection service entered the stopped state.
Information,12/11/2016 6:52:24 PM,Service Control Manager,7036,None,The Software Protection service entered the running state.
Information,12/11/2016 6:39:33 PM,Service Control Manager,7036,None,The Windows Update service entered the stopped state.
Information,12/11/2016 6:29:31 PM,Service Control Manager,7036,None,The Windows Update service entered the running state.
Information,12/11/2016 6:22:54 PM,Service Control Manager,7036,None,The Software Protection service entered the stopped state.
Information,12/11/2016 6:22:24 PM,Service Control Manager,7036,None,The Software Protection service entered the running state.
Information,12/11/2016 6:20:09 PM,Service Control Manager,7036,None,The Google Update Service (gupdate) service entered the stopped state.
Information,12/11/2016 6:20:09 PM,Service Control Manager,7036,None,The DNS Client service entered the running state.
Information,12/11/2016 6:20:09 PM,Service Control Manager,7036,None,The WinHTTP Web Proxy Auto-Discovery Service service entered the running state.
Information,12/11/2016 6:20:09 PM,Service Control Manager,7036,None,The Google Update Service (gupdate) service entered the running state.
Information,12/11/2016 6:03:46 PM,Service Control Manager,7036,None,The DNS Client service entered the stopped state.
Information,12/11/2016 5:52:54 PM,Service Control Manager,7036,None,The Software Protection service entered the stopped state.
Information,12/11/2016 5:52:23 PM,Service Control Manager,7036,None,The Software Protection service entered the running state.
Information,12/11/2016 5:43:46 PM,Service Control Manager,7036,None,The DNS Client service entered the running state.
Information,12/11/2016 5:33:46 PM,Service Control Manager,7036,None,The DNS Client service entered the stopped state.
Information,12/11/2016 5:24:09 PM,Service Control Manager,7036,None,The WinHTTP Web Proxy Auto-Discovery Service service entered the stopped state.
Information,12/11/2016 5:22:54 PM,Service Control Manager,7036,None,The Software Protection service entered the stopped state.
Information,12/11/2016 5:22:23 PM,Service Control Manager,7036,None,The Software Protection service entered the running state.
Information,12/11/2016 5:07:11 PM,Service Control Manager,7036,None,The Windows Update service entered the stopped state.
Information,12/11/2016 4:57:09 PM,Service Control Manager,7036,None,The WinHTTP Web Proxy Auto-Discovery Service service entered the running state.
Information,12/11/2016 4:57:09 PM,Service Control Manager,7036,None,The Windows Update service entered the running state.
Information,12/11/2016 4:52:53 PM,Service Control Manager,7036,None,The Software Protection service entered the stopped state.
Information,12/11/2016 4:52:23 PM,Service Control Manager,7036,None,The Software Protection service entered the running state.
Information,12/11/2016 4:43:46 PM,Service Control Manager,7036,None,The DNS Client service entered the running state.
Information,12/11/2016 4:22:53 PM,Service Control Manager,7036,None,The Software Protection service entered the stopped state.
Information,12/11/2016 4:22:23 PM,Service Control Manager,7036,None,The Software Protection service entered the running state.
Information,12/11/2016 4:18:46 PM,Service Control Manager,7036,None,The DNS Client service entered the stopped state.
Information,12/11/2016 4:05:07 PM,Service Control Manager,7036,None,The WinHTTP Web Proxy Auto-Discovery Service service entered the stopped state.
Information,12/11/2016 3:52:53 PM,Service Control Manager,7036,None,The Software Protection service entered the stopped state.
Information,12/11/2016 3:52:23 PM,Service Control Manager,7036,None,The Software Protection service entered the running state.
Information,12/11/2016 3:47:35 PM,Service Control Manager,7036,None,The Windows Update service entered the stopped state.
Information,12/11/2016 3:31:32 PM,Service Control Manager,7036,None,The Windows Modules Installer service entered the stopped state.
Information,12/11/2016 3:29:54 PM,Service Control Manager,7036,None,The Software Protection service entered the stopped state.
Information,12/11/2016 3:29:23 PM,Service Control Manager,7036,None,The Software Protection service entered the running state.
Information,12/11/2016 3:29:22 PM,Service Control Manager,7036,None,The Windows Modules Installer service entered the running state.
Information,12/11/2016 3:27:37 PM,Service Control Manager,7036,None,The WinHTTP Web Proxy Auto-Discovery Service service entered the running state.
Information,12/11/2016 3:27:37 PM,Service Control Manager,7036,None,The Windows Update service entered the running state.
Information,12/11/2016 3:26:24 PM,Service Control Manager,7036,None,The WinHTTP Web Proxy Auto-Discovery Service service entered the stopped state.
Information,12/11/2016 3:22:53 PM,Service Control Manager,7036,None,The Software Protection service entered the stopped state.
Information,12/11/2016 3:22:22 PM,Service Control Manager,7036,None,The Software Protection service entered the running state.
Information,12/11/2016 3:07:56 PM,Service Control Manager,7036,None,The Windows Update service entered the stopped state.
Information,12/11/2016 2:57:54 PM,Service Control Manager,7036,None,The WinHTTP Web Proxy Auto-Discovery Service service entered the running state.
Information,12/11/2016 2:57:54 PM,Service Control Manager,7036,None,The Windows Update service entered the running state.
Information,12/11/2016 2:52:53 PM,Service Control Manager,7036,None,The Software Protection service entered the stopped state.
Information,12/11/2016 2:52:22 PM,Service Control Manager,7036,None,The Software Protection service entered the running state.
Information,12/11/2016 2:43:46 PM,Service Control Manager,7036,None,The DNS Client service entered the running state.
Information,12/11/2016 2:22:53 PM,Service Control Manager,7036,None,The Software Protection service entered the stopped state.
Information,12/11/2016 2:22:22 PM,Service Control Manager,7036,None,The Software Protection service entered the running state.
Information,12/11/2016 1:59:17 PM,Service Control Manager,7036,None,The DNS Client service entered the stopped state.
Information,12/11/2016 1:52:52 PM,Service Control Manager,7036,None,The Software Protection service entered the stopped state.
Information,12/11/2016 1:52:22 PM,Service Control Manager,7036,None,The Software Protection service entered the running state.
Information,12/11/2016 1:48:17 PM,Service Control Manager,7036,None,The WinHTTP Web Proxy Auto-Discovery Service service entered the stopped state.
Information,12/11/2016 1:22:52 PM,Service Control Manager,7036,None,The Software Protection service entered the stopped state.
Information,12/11/2016 1:22:22 PM,Service Control Manager,7036,None,The Software Protection service entered the running state.
Information,12/11/2016 1:22:19 PM,Service Control Manager,7036,None,The Windows Update service entered the stopped state.
Information,12/11/2016 1:20:48 PM,Service Control Manager,7036,None,The Google Update Service (gupdate) service entered the stopped state.
Information,12/11/2016 1:20:48 PM,Service Control Manager,7036,None,The Google Update Service (gupdate) service entered the running state.
Information,12/11/2016 1:12:17 PM,Service Control Manager,7036,None,The DNS Client service entered the running state.
Information,12/11/2016 1:12:17 PM,Service Control Manager,7036,None,The WinHTTP Web Proxy Auto-Discovery Service service entered the running state.
Information,12/11/2016 1:12:17 PM,Service Control Manager,7036,None,The Windows Update service entered the running state.
Information,12/11/2016 1:03:46 PM,Service Control Manager,7036,None,The DNS Client service entered the stopped state.
Information,12/11/2016 12:52:52 PM,Service Control Manager,7036,None,The Software Protection service entered the stopped state.
Information,12/11/2016 12:52:22 PM,Service Control Manager,7036,None,The Software Protection service entered the running state.
Information,12/11/2016 12:43:46 PM,Service Control Manager,7036,None,The DNS Client service entered the running state.
Information,12/11/2016 12:22:52 PM,Service Control Manager,7036,None,The Software Protection service entered the stopped state.
Information,12/11/2016 12:22:21 PM,Service Control Manager,7036,None,The Software Protection service entered the running state.
Information,12/11/2016 12:09:52 PM,Service Control Manager,7036,None,The DNS Client service entered the stopped state.
Information,12/11/2016 12:00:00 PM,EventLog,6013,None,The system uptime is 754787 seconds.
Information,12/11/2016 11:56:52 AM,Service Control Manager,7036,None,The WinHTTP Web Proxy Auto-Discovery Service service entered the stopped state.
Information,12/11/2016 11:52:52 AM,Service Control Manager,7036,None,The Software Protection service entered the stopped state.
Information,12/11/2016 11:52:21 AM,Service Control Manager,7036,None,The Software Protection service entered the running state.
Information,12/11/2016 11:39:54 AM,Service Control Manager,7036,None,The Windows Update service entered the stopped state.
Information,12/11/2016 11:29:52 AM,Service Control Manager,7036,None,The DNS Client service entered the running state.
Information,12/11/2016 11:29:52 AM,Service Control Manager,7036,None,The WinHTTP Web Proxy Auto-Discovery Service service entered the running state.
Information,12/11/2016 11:29:52 AM,Service Control Manager,7036,None,The Windows Update service entered the running state.
Information,12/11/2016 11:23:46 AM,Service Control Manager,7036,None,The DNS Client service entered the stopped state.
Information,12/11/2016 11:22:51 AM,Service Control Manager,7036,None,The Software Protection service entered the stopped state.
Information,12/11/2016 11:22:21 AM,Service Control Manager,7036,None,The Software Protection service entered the running state.
Information,12/11/2016 11:10:46 AM,Service Control Manager,7036,None,The WinHTTP Web Proxy Auto-Discovery Service service entered the stopped state.
Information,12/11/2016 10:53:48 AM,Service Control Manager,7036,None,The Windows Update service entered the stopped state.
Information,12/11/2016 10:52:51 AM,Service Control Manager,7036,None,The Software Protection service entered the stopped state.
Information,12/11/2016 10:52:21 AM,Service Control Manager,7036,None,The Software Protection service entered the running state.
Information,12/11/2016 10:43:46 AM,Service Control Manager,7036,None,The DNS Client service entered the running state.
Information,12/11/2016 10:43:46 AM,Service Control Manager,7036,None,The WinHTTP Web Proxy Auto-Discovery Service service entered the running state.
Information,12/11/2016 10:43:46 AM,Service Control Manager,7036,None,The Windows Update service entered the running state.
Information,12/11/2016 10:22:51 AM,Service Control Manager,7036,None,The Software Protection service entered the stopped state.
Information,12/11/2016 10:22:21 AM,Service Control Manager,7036,None,The Software Protection service entered the running state.
Information,12/11/2016 10:14:13 AM,Service Control Manager,7036,None,The DNS Client service entered the stopped state.
Information,12/11/2016 10:01:13 AM,Service Control Manager,7036,None,The WinHTTP Web Proxy Auto-Discovery Service service entered the stopped state.
Information,12/11/2016 9:52:51 AM,Service Control Manager,7036,None,The Software Protection service entered the stopped state.
Information,12/11/2016 9:52:21 AM,Service Control Manager,7036,None,The Software Protection service entered the running state.
Information,12/11/2016 9:44:16 AM,Service Control Manager,7036,None,The Windows Update service entered the stopped state.
Information,12/11/2016 9:34:13 AM,Service Control Manager,7036,None,The DNS Client service entered the running state.
Information,12/11/2016 9:34:13 AM,Service Control Manager,7036,None,The WinHTTP Web Proxy Auto-Discovery Service service entered the running state.
Information,12/11/2016 9:34:13 AM,Service Control Manager,7036,None,The Windows Update service entered the running state.
Information,12/11/2016 9:22:51 AM,Service Control Manager,7036,None,The Software Protection service entered the stopped state.
Information,12/11/2016 9:22:20 AM,Service Control Manager,7036,None,The Software Protection service entered the running state.
Information,12/11/2016 9:04:38 AM,Service Control Manager,7036,None,The DNS Client service entered the stopped state.
Information,12/11/2016 8:52:51 AM,Service Control Manager,7036,None,The Software Protection service entered the stopped state.
Information,12/11/2016 8:52:20 AM,Service Control Manager,7036,None,The Software Protection service entered the running state.
Information,12/11/2016 8:48:08 AM,Service Control Manager,7036,None,The WinHTTP Web Proxy Auto-Discovery Service service entered the stopped state.
Information,12/11/2016 8:22:51 AM,Service Control Manager,7036,None,The Software Protection service entered the stopped state.
Information,12/11/2016 8:22:20 AM,Service Control Manager,7036,None,The Software Protection service entered the running state.
Information,12/11/2016 8:20:40 AM,Service Control Manager,7036,None,The Google Update Service (gupdate) service entered the stopped state.
Information,12/11/2016 8:20:40 AM,Service Control Manager,7036,None,The Google Update Service (gupdate) service entered the running state.
Information,12/11/2016 8:14:40 AM,Service Control Manager,7036,None,The Windows Update service entered the stopped state.
Information,12/11/2016 8:04:38 AM,Service Control Manager,7036,None,The DNS Client service entered the running state.
Information,12/11/2016 8:04:38 AM,Service Control Manager,7036,None,The WinHTTP Web Proxy Auto-Discovery Service service entered the running state.
Information,12/11/2016 8:04:38 AM,Service Control Manager,7036,None,The Windows Update service entered the running state.
Information,12/11/2016 8:03:46 AM,Service Control Manager,7036,None,The DNS Client service entered the stopped state.
Information,12/11/2016 7:52:50 AM,Service Control Manager,7036,None,The Software Protection service entered the stopped state.
Information,12/11/2016 7:52:20 AM,Service Control Manager,7036,None,The Software Protection service entered the running state.
Error,12/11/2016 7:50:15 AM,Schannel,36888,None,A fatal alert was generated and sent to the remote endpoint. This may result in termination of the connection. The TLS protocol defined fatal error code is 10. The Windows SChannel error state is 1203.
Error,12/11/2016 7:50:15 AM,Schannel,36888,None,A fatal alert was generated and sent to the remote endpoint. This may result in termination of the connection. The TLS protocol defined fatal error code is 10. The Windows SChannel error state is 1203.
Information,12/11/2016 7:43:46 AM,Service Control Manager,7036,None,The DNS Client service entered the running state.
Information,12/11/2016 7:28:46 AM,Service Control Manager,7036,None,The DNS Client service entered the stopped state.
Information,12/11/2016 7:22:50 AM,Service Control Manager,7036,None,The Software Protection service entered the stopped state.
Information,12/11/2016 7:22:20 AM,Service Control Manager,7036,None,The Software Protection service entered the running state.
Information,12/11/2016 7:15:23 AM,Service Control Manager,7036,None,The WinHTTP Web Proxy Auto-Discovery Service service entered the stopped state.
Error,12/11/2016 7:02:30 AM,Schannel,36888,None,A fatal alert was generated and sent to the remote endpoint. This may result in termination of the connection. The TLS protocol defined fatal error code is 10. The Windows SChannel error state is 1203.
Error,12/11/2016 7:02:30 AM,Schannel,36888,None,A fatal alert was generated and sent to the remote endpoint. This may result in termination of the connection. The TLS protocol defined fatal error code is 10. The Windows SChannel error state is 1203.
Information,12/11/2016 6:58:25 AM,Service Control Manager,7036,None,The Windows Update service entered the stopped state.
Information,12/11/2016 6:52:50 AM,Service Control Manager,7036,None,The Software Protection service entered the stopped state.
Information,12/11/2016 6:52:20 AM,Service Control Manager,7036,None,The Software Protection service entered the running state.
Error,12/11/2016 6:52:16 AM,Schannel,36888,None,A fatal alert was generated and sent to the remote endpoint. This may result in termination of the connection. The TLS protocol defined fatal error code is 10. The Windows SChannel error state is 1203.
Error,12/11/2016 6:52:16 AM,Schannel,36888,None,A fatal alert was generated and sent to the remote endpoint. This may result in termination of the connection. The TLS protocol defined fatal error code is 10. The Windows SChannel error state is 1203.
Information,12/11/2016 6:48:23 AM,Service Control Manager,7036,None,The WinHTTP Web Proxy Auto-Discovery Service service entered the running state.
Information,12/11/2016 6:48:23 AM,Service Control Manager,7036,None,The Windows Update service entered the running state.
Information,12/11/2016 6:43:46 AM,Service Control Manager,7036,None,The DNS Client service entered the running state.
Information,12/11/2016 6:22:50 AM,Service Control Manager,7036,None,The Software Protection service entered the stopped state.
Information,12/11/2016 6:22:19 AM,Service Control Manager,7036,None,The Software Protection service entered the running state.
Information,12/11/2016 6:03:46 AM,Service Control Manager,7036,None,The DNS Client service entered the stopped state.
Information,12/11/2016 5:52:50 AM,Service Control Manager,7036,None,The Software Protection service entered the stopped state.
Information,12/11/2016 5:52:19 AM,Service Control Manager,7036,None,The Software Protection service entered the running state.
Information,12/11/2016 5:43:46 AM,Service Control Manager,7036,None,The DNS Client service entered the running state.
Information,12/11/2016 5:28:46 AM,Service Control Manager,7036,None,The DNS Client service entered the stopped state.
Information,12/11/2016 5:22:49 AM,Service Control Manager,7036,None,The Software Protection service entered the stopped state.
Information,12/11/2016 5:22:19 AM,Service Control Manager,7036,None,The Software Protection service entered the running state.
Information,12/11/2016 5:20:46 AM,Service Control Manager,7036,None,The Windows Update service entered the stopped state.
Information,12/11/2016 5:18:41 AM,Service Control Manager,7036,None,The WinHTTP Web Proxy Auto-Discovery Service service entered the stopped state.
Information,12/11/2016 4:52:49 AM,Service Control Manager,7036,None,The Software Protection service entered the stopped state.
Information,12/11/2016 4:52:19 AM,Service Control Manager,7036,None,The Software Protection service entered the running state.
Information,12/11/2016 4:51:41 AM,Service Control Manager,7036,None,The WinHTTP Web Proxy Auto-Discovery Service service entered the running state.
Information,12/11/2016 4:51:41 AM,Service Control Manager,7036,None,The Windows Update service entered the running state.
Information,12/11/2016 4:43:46 AM,Service Control Manager,7036,None,The DNS Client service entered the running state.
Information,12/11/2016 4:35:13 AM,Service Control Manager,7036,None,The DNS Client service entered the stopped state.
Information,12/11/2016 4:23:47 AM,Service Control Manager,7036,None,The WinHTTP Web Proxy Auto-Discovery Service service entered the stopped state.
Information,12/11/2016 4:22:49 AM,Service Control Manager,7036,None,The Software Protection service entered the stopped state.
Information,12/11/2016 4:22:19 AM,Service Control Manager,7036,None,The Software Protection service entered the running state.
Information,12/11/2016 3:57:56 AM,Service Control Manager,7036,None,The Windows Error Reporting Service service entered the stopped state.
Information,12/11/2016 3:57:49 AM,Service Control Manager,7036,None,The Windows Update service entered the stopped state.
Information,12/11/2016 3:56:12 AM,Service Control Manager,7036,None,The Windows Time service entered the stopped state.
Information,12/11/2016 3:56:12 AM,Microsoft-Windows-Kernel-General,1,None,"The system time has changed to ‎2016‎-‎12‎-‎11T11:56:12.250000000Z from ‎2016‎-‎12‎-‎11T11:56:12.251280200Z.

Change Reason: An application or system component changed the time."
Information,12/11/2016 3:56:12 AM,Microsoft-Windows-Time-Service,35,None,"The time service is now synchronizing the system time with the time source time.windows.com,0x9 (ntp.m|0x9|0.0.0.0:123->13.85.70.43:123)."
Information,12/11/2016 3:56:02 AM,Microsoft-Windows-Kernel-General,16,None,The access history in hive \SystemRoot\System32\Config\RegBack\SAM was cleared updating 81 keys and creating 8 modified pages.
Information,12/11/2016 3:56:02 AM,Microsoft-Windows-Kernel-General,16,None,The access history in hive \SystemRoot\System32\Config\RegBack\DEFAULT was cleared updating 204 keys and creating 23 modified pages.
Information,12/11/2016 3:56:02 AM,Microsoft-Windows-Kernel-General,16,None,The access history in hive \SystemRoot\System32\Config\RegBack\SYSTEM was cleared updating 7387 keys and creating 990 modified pages.
Information,12/11/2016 3:56:00 AM,Microsoft-Windows-Kernel-General,16,None,The access history in hive \SystemRoot\System32\Config\RegBack\SOFTWARE was cleared updating 110570 keys and creating 11890 modified pages.
