Information,12/18/2016 7:41:38 AM,Service Control Manager,7036,None,The Software Protection service entered the running state.
Information,12/18/2016 7:25:45 AM,Service Control Manager,7036,None,The Google Update Service (gupdate) service entered the stopped state.
Information,12/18/2016 7:25:45 AM,Service Control Manager,7036,None,The Google Update Service (gupdate) service entered the running state.
Information,12/18/2016 7:12:08 AM,Service Control Manager,7036,None,The Software Protection service entered the stopped state.
Information,12/18/2016 7:11:38 AM,Service Control Manager,7036,None,The Software Protection service entered the running state.
Information,12/18/2016 7:11:05 AM,Service Control Manager,7036,None,The Windows Update service entered the stopped state.
Information,12/18/2016 7:01:04 AM,Service Control Manager,7036,None,The WinHTTP Web Proxy Auto-Discovery Service service entered the running state.
Information,12/18/2016 7:01:04 AM,Service Control Manager,7036,None,The Windows Update service entered the running state.
Information,12/18/2016 6:43:47 AM,Service Control Manager,7036,None,The DNS Client service entered the running state.
Information,12/18/2016 6:43:03 AM,Service Control Manager,7036,None,The DNS Client service entered the stopped state.
Information,12/18/2016 6:42:08 AM,Service Control Manager,7036,None,The Software Protection service entered the stopped state.
Information,12/18/2016 6:41:38 AM,Service Control Manager,7036,None,The Software Protection service entered the running state.
Information,12/18/2016 6:30:03 AM,Service Control Manager,7036,None,The WinHTTP Web Proxy Auto-Discovery Service service entered the stopped state.
Information,12/18/2016 6:13:05 AM,Service Control Manager,7036,None,The Windows Update service entered the stopped state.
Information,12/18/2016 6:12:08 AM,Service Control Manager,7036,None,The Software Protection service entered the stopped state.
Information,12/18/2016 6:11:37 AM,Service Control Manager,7036,None,The Software Protection service entered the running state.
Information,12/18/2016 6:03:03 AM,Service Control Manager,7036,None,The DNS Client service entered the running state.
Information,12/18/2016 6:03:03 AM,Service Control Manager,7036,None,The WinHTTP Web Proxy Auto-Discovery Service service entered the running state.
Information,12/18/2016 6:03:03 AM,Service Control Manager,7036,None,The Windows Update service entered the running state.
Information,12/18/2016 5:59:25 AM,Service Control Manager,7036,None,The DNS Client service entered the stopped state.
Information,12/18/2016 5:42:08 AM,Service Control Manager,7036,None,The Software Protection service entered the stopped state.
Information,12/18/2016 5:41:37 AM,Service Control Manager,7036,None,The Software Protection service entered the running state.
Information,12/18/2016 5:24:25 AM,Service Control Manager,7036,None,The DNS Client service entered the running state.
Information,12/18/2016 5:22:32 AM,Service Control Manager,7036,None,The DNS Client service entered the stopped state.
Information,12/18/2016 5:12:07 AM,Service Control Manager,7036,None,The Software Protection service entered the stopped state.
Information,12/18/2016 5:11:37 AM,Service Control Manager,7036,None,The Software Protection service entered the running state.
Information,12/18/2016 5:04:25 AM,Service Control Manager,7036,None,The DNS Client service entered the running state.
Information,12/18/2016 4:59:25 AM,Service Control Manager,7036,None,The DNS Client service entered the stopped state.
Information,12/18/2016 4:42:07 AM,Service Control Manager,7036,None,The Software Protection service entered the stopped state.
Information,12/18/2016 4:41:37 AM,Service Control Manager,7036,None,The Software Protection service entered the running state.
Information,12/18/2016 4:34:25 AM,Service Control Manager,7036,None,The DNS Client service entered the running state.
Information,12/18/2016 4:24:25 AM,Service Control Manager,7036,None,The DNS Client service entered the stopped state.
Error,12/18/2016 4:19:47 AM,Schannel,36888,None,A fatal alert was generated and sent to the remote endpoint. This may result in termination of the connection. The TLS protocol defined fatal error code is 10. The Windows SChannel error state is 1203.
Error,12/18/2016 4:19:47 AM,Schannel,36888,None,A fatal alert was generated and sent to the remote endpoint. This may result in termination of the connection. The TLS protocol defined fatal error code is 10. The Windows SChannel error state is 1203.
Information,12/18/2016 4:12:07 AM,Service Control Manager,7036,None,The Software Protection service entered the stopped state.
Information,12/18/2016 4:11:37 AM,Service Control Manager,7036,None,The Software Protection service entered the running state.
Information,12/18/2016 4:04:25 AM,Service Control Manager,7036,None,The DNS Client service entered the running state.
Information,12/18/2016 3:59:25 AM,Service Control Manager,7036,None,The DNS Client service entered the stopped state.
Error,12/18/2016 3:54:58 AM,Schannel,36888,None,A fatal alert was generated and sent to the remote endpoint. This may result in termination of the connection. The TLS protocol defined fatal error code is 10. The Windows SChannel error state is 1203.
Error,12/18/2016 3:54:58 AM,Schannel,36888,None,A fatal alert was generated and sent to the remote endpoint. This may result in termination of the connection. The TLS protocol defined fatal error code is 10. The Windows SChannel error state is 1203.
Error,12/18/2016 3:46:51 AM,Schannel,36888,None,A fatal alert was generated and sent to the remote endpoint. This may result in termination of the connection. The TLS protocol defined fatal error code is 10. The Windows SChannel error state is 1203.
Error,12/18/2016 3:46:51 AM,Schannel,36888,None,A fatal alert was generated and sent to the remote endpoint. This may result in termination of the connection. The TLS protocol defined fatal error code is 10. The Windows SChannel error state is 1203.
Error,12/18/2016 3:46:07 AM,Schannel,36888,None,A fatal alert was generated and sent to the remote endpoint. This may result in termination of the connection. The TLS protocol defined fatal error code is 10. The Windows SChannel error state is 1203.
Error,12/18/2016 3:46:07 AM,Schannel,36888,None,A fatal alert was generated and sent to the remote endpoint. This may result in termination of the connection. The TLS protocol defined fatal error code is 10. The Windows SChannel error state is 1203.
Information,12/18/2016 3:42:07 AM,Service Control Manager,7036,None,The Software Protection service entered the stopped state.
Information,12/18/2016 3:41:37 AM,Service Control Manager,7036,None,The Software Protection service entered the running state.
Information,12/18/2016 3:34:25 AM,Service Control Manager,7036,None,The DNS Client service entered the running state.
Error,12/18/2016 3:29:44 AM,Schannel,36888,None,A fatal alert was generated and sent to the remote endpoint. This may result in termination of the connection. The TLS protocol defined fatal error code is 10. The Windows SChannel error state is 1203.
Error,12/18/2016 3:29:44 AM,Schannel,36888,None,A fatal alert was generated and sent to the remote endpoint. This may result in termination of the connection. The TLS protocol defined fatal error code is 10. The Windows SChannel error state is 1203.
Information,12/18/2016 3:24:26 AM,Service Control Manager,7036,None,The DNS Client service entered the stopped state.
Error,12/18/2016 3:20:05 AM,Schannel,36888,None,A fatal alert was generated and sent to the remote endpoint. This may result in termination of the connection. The TLS protocol defined fatal error code is 10. The Windows SChannel error state is 1203.
Error,12/18/2016 3:20:05 AM,Schannel,36888,None,A fatal alert was generated and sent to the remote endpoint. This may result in termination of the connection. The TLS protocol defined fatal error code is 10. The Windows SChannel error state is 1203.
Error,12/18/2016 3:14:59 AM,Schannel,36888,None,A fatal alert was generated and sent to the remote endpoint. This may result in termination of the connection. The TLS protocol defined fatal error code is 10. The Windows SChannel error state is 1203.
Error,12/18/2016 3:14:59 AM,Schannel,36888,None,A fatal alert was generated and sent to the remote endpoint. This may result in termination of the connection. The TLS protocol defined fatal error code is 10. The Windows SChannel error state is 1203.
Information,12/18/2016 3:12:07 AM,Service Control Manager,7036,None,The Software Protection service entered the stopped state.
Information,12/18/2016 3:11:37 AM,Service Control Manager,7036,None,The Software Protection service entered the running state.
Error,12/18/2016 3:07:11 AM,Schannel,36888,None,A fatal alert was generated and sent to the remote endpoint. This may result in termination of the connection. The TLS protocol defined fatal error code is 10. The Windows SChannel error state is 1203.
Error,12/18/2016 3:07:11 AM,Schannel,36888,None,A fatal alert was generated and sent to the remote endpoint. This may result in termination of the connection. The TLS protocol defined fatal error code is 10. The Windows SChannel error state is 1203.
Information,12/18/2016 3:04:25 AM,Service Control Manager,7036,None,The DNS Client service entered the running state.
Information,12/18/2016 3:04:25 AM,Service Control Manager,7036,None,The DNS Client service entered the stopped state.
Error,12/18/2016 2:59:18 AM,Schannel,36888,None,A fatal alert was generated and sent to the remote endpoint. This may result in termination of the connection. The TLS protocol defined fatal error code is 10. The Windows SChannel error state is 1203.
Error,12/18/2016 2:59:18 AM,Schannel,36888,None,A fatal alert was generated and sent to the remote endpoint. This may result in termination of the connection. The TLS protocol defined fatal error code is 10. The Windows SChannel error state is 1203.
Error,12/18/2016 2:54:00 AM,Schannel,36888,None,A fatal alert was generated and sent to the remote endpoint. This may result in termination of the connection. The TLS protocol defined fatal error code is 10. The Windows SChannel error state is 1203.
Error,12/18/2016 2:54:00 AM,Schannel,36888,None,A fatal alert was generated and sent to the remote endpoint. This may result in termination of the connection. The TLS protocol defined fatal error code is 10. The Windows SChannel error state is 1203.
Information,12/18/2016 2:52:34 AM,Service Control Manager,7036,None,The WinHTTP Web Proxy Auto-Discovery Service service entered the stopped state.
Error,12/18/2016 2:51:48 AM,Schannel,36888,None,A fatal alert was generated and sent to the remote endpoint. This may result in termination of the connection. The TLS protocol defined fatal error code is 10. The Windows SChannel error state is 1203.
Error,12/18/2016 2:51:48 AM,Schannel,36888,None,A fatal alert was generated and sent to the remote endpoint. This may result in termination of the connection. The TLS protocol defined fatal error code is 10. The Windows SChannel error state is 1203.
Error,12/18/2016 2:50:59 AM,Schannel,36888,None,A fatal alert was generated and sent to the remote endpoint. This may result in termination of the connection. The TLS protocol defined fatal error code is 10. The Windows SChannel error state is 1203.
Error,12/18/2016 2:50:59 AM,Schannel,36888,None,A fatal alert was generated and sent to the remote endpoint. This may result in termination of the connection. The TLS protocol defined fatal error code is 10. The Windows SChannel error state is 1203.
Information,12/18/2016 2:42:07 AM,Service Control Manager,7036,None,The Software Protection service entered the stopped state.
Information,12/18/2016 2:41:36 AM,Service Control Manager,7036,None,The Software Protection service entered the running state.
Information,12/18/2016 2:25:34 AM,Service Control Manager,7036,None,The Google Update Service (gupdate) service entered the stopped state.
Information,12/18/2016 2:25:34 AM,Service Control Manager,7036,None,The WinHTTP Web Proxy Auto-Discovery Service service entered the running state.
Information,12/18/2016 2:25:34 AM,Service Control Manager,7036,None,The Google Update Service (gupdate) service entered the running state.
Information,12/18/2016 2:24:25 AM,Service Control Manager,7036,None,The DNS Client service entered the running state.
Information,12/18/2016 2:24:25 AM,Service Control Manager,7036,None,The DNS Client service entered the stopped state.
Information,12/18/2016 2:12:07 AM,Service Control Manager,7036,None,The Software Protection service entered the stopped state.
Information,12/18/2016 2:11:36 AM,Service Control Manager,7036,None,The Software Protection service entered the running state.
Information,12/18/2016 2:04:25 AM,Service Control Manager,7036,None,The DNS Client service entered the running state.
Information,12/18/2016 1:59:25 AM,Service Control Manager,7036,None,The DNS Client service entered the stopped state.
Information,12/18/2016 1:42:06 AM,Service Control Manager,7036,None,The Software Protection service entered the stopped state.
Information,12/18/2016 1:41:36 AM,Service Control Manager,7036,None,The Software Protection service entered the running state.
Information,12/18/2016 1:24:25 AM,Service Control Manager,7036,None,The DNS Client service entered the running state.
Information,12/18/2016 1:24:25 AM,Service Control Manager,7036,None,The DNS Client service entered the stopped state.
Information,12/18/2016 1:12:06 AM,Service Control Manager,7036,None,The Software Protection service entered the stopped state.
Information,12/18/2016 1:11:36 AM,Service Control Manager,7036,None,The Software Protection service entered the running state.
Information,12/18/2016 1:04:25 AM,Service Control Manager,7036,None,The DNS Client service entered the running state.
Information,12/18/2016 12:59:25 AM,Service Control Manager,7036,None,The DNS Client service entered the stopped state.
Information,12/18/2016 12:42:06 AM,Service Control Manager,7036,None,The Software Protection service entered the stopped state.
Information,12/18/2016 12:41:36 AM,Service Control Manager,7036,None,The Software Protection service entered the running state.
Information,12/18/2016 12:24:25 AM,Service Control Manager,7036,None,The DNS Client service entered the running state.
Information,12/18/2016 12:24:25 AM,Service Control Manager,7036,None,The DNS Client service entered the stopped state.
Information,12/18/2016 12:12:06 AM,Service Control Manager,7036,None,The Software Protection service entered the stopped state.
Information,12/18/2016 12:11:36 AM,Service Control Manager,7036,None,The Software Protection service entered the running state.
Information,12/18/2016 12:04:25 AM,Service Control Manager,7036,None,The DNS Client service entered the running state.
Information,12/17/2016 11:59:25 PM,Service Control Manager,7036,None,The DNS Client service entered the stopped state.
Error,12/17/2016 11:50:54 PM,Schannel,36888,None,A fatal alert was generated and sent to the remote endpoint. This may result in termination of the connection. The TLS protocol defined fatal error code is 10. The Windows SChannel error state is 1203.
Error,12/17/2016 11:50:54 PM,Schannel,36888,None,A fatal alert was generated and sent to the remote endpoint. This may result in termination of the connection. The TLS protocol defined fatal error code is 10. The Windows SChannel error state is 1203.
Information,12/17/2016 11:42:06 PM,Service Control Manager,7036,None,The Software Protection service entered the stopped state.
Information,12/17/2016 11:41:36 PM,Service Control Manager,7036,None,The Software Protection service entered the running state.
Information,12/17/2016 11:24:25 PM,Service Control Manager,7036,None,The DNS Client service entered the running state.
Information,12/17/2016 11:24:25 PM,Service Control Manager,7036,None,The DNS Client service entered the stopped state.
Information,12/17/2016 11:12:06 PM,Service Control Manager,7036,None,The Software Protection service entered the stopped state.
Information,12/17/2016 11:11:35 PM,Service Control Manager,7036,None,The Software Protection service entered the running state.
Information,12/17/2016 11:04:25 PM,Service Control Manager,7036,None,The DNS Client service entered the running state.
Information,12/17/2016 10:59:25 PM,Service Control Manager,7036,None,The DNS Client service entered the stopped state.
Information,12/17/2016 10:42:06 PM,Service Control Manager,7036,None,The Software Protection service entered the stopped state.
Information,12/17/2016 10:41:35 PM,Service Control Manager,7036,None,The Software Protection service entered the running state.
Information,12/17/2016 10:34:25 PM,Service Control Manager,7036,None,The DNS Client service entered the running state.
Information,12/17/2016 10:34:25 PM,Service Control Manager,7036,None,The DNS Client service entered the stopped state.
Information,12/17/2016 10:14:25 PM,Service Control Manager,7036,None,The DNS Client service entered the running state.
Information,12/17/2016 10:12:05 PM,Service Control Manager,7036,None,The Software Protection service entered the stopped state.
Information,12/17/2016 10:11:35 PM,Service Control Manager,7036,None,The Software Protection service entered the running state.
Information,12/17/2016 10:10:01 PM,Service Control Manager,7036,None,The DNS Client service entered the stopped state.
Information,12/17/2016 9:54:02 PM,Service Control Manager,7036,None,The WinHTTP Web Proxy Auto-Discovery Service service entered the stopped state.
Information,12/17/2016 9:42:05 PM,Service Control Manager,7036,None,The Software Protection service entered the stopped state.
Information,12/17/2016 9:41:35 PM,Service Control Manager,7036,None,The Software Protection service entered the running state.
Information,12/17/2016 9:25:39 PM,Service Control Manager,7036,None,The Google Update Service (gupdate) service entered the stopped state.
Information,12/17/2016 9:25:39 PM,Service Control Manager,7036,None,The Google Update Service (gupdate) service entered the running state.
Information,12/17/2016 9:12:05 PM,Service Control Manager,7036,None,The Software Protection service entered the stopped state.
Information,12/17/2016 9:11:35 PM,Service Control Manager,7036,None,The Software Protection service entered the running state.
Information,12/17/2016 9:01:47 PM,Service Control Manager,7036,None,The Windows Error Reporting Service service entered the stopped state.
Information,12/17/2016 9:00:03 PM,Service Control Manager,7036,None,The Windows Time service entered the stopped state.
Information,12/17/2016 9:00:03 PM,Microsoft-Windows-Kernel-General,1,None,"The system time has changed to ‎2016‎-‎12‎-‎18T05:00:03.590000000Z from ‎2016‎-‎12‎-‎18T05:00:03.591961600Z.

Change Reason: An application or system component changed the time."
Information,12/17/2016 9:00:03 PM,Microsoft-Windows-Kernel-General,1,None,"The system time has changed to ‎2016‎-‎12‎-‎18T05:00:03.591000000Z from ‎2016‎-‎12‎-‎18T05:00:03.592663900Z.

Change Reason: An application or system component changed the time."
Information,12/17/2016 9:00:03 PM,Microsoft-Windows-Time-Service,35,None,"The time service is now synchronizing the system time with the time source time.windows.com,0x9 (ntp.m|0x9|0.0.0.0:123->13.85.70.43:123)."
Information,12/17/2016 9:00:03 PM,Microsoft-Windows-Kernel-General,1,None,"The system time has changed to ‎2016‎-‎12‎-‎18T05:00:03.591853700Z from ‎2016‎-‎12‎-‎18T13:00:02.577866600Z.

Change Reason: An application or system component changed the time."
Information,12/18/2016 4:59:48 AM,Microsoft-Windows-Time-Service,37,None,"The time provider NtpClient is currently receiving valid time data from time.windows.com,0x9 (ntp.m|0x9|0.0.0.0:123->13.85.70.43:123)."
Information,12/18/2016 4:59:46 AM,Microsoft-Windows-Kernel-General,15,None,Hive \SystemRoot\System32\config\DRIVERS was reorganized with a starting size of 4497408 bytes and an ending size of 4497408 bytes.
Information,12/18/2016 4:59:46 AM,Service Control Manager,7036,None,The Windows Time service entered the running state.
Information,12/18/2016 4:59:46 AM,Service Control Manager,7036,None,The Windows Error Reporting Service service entered the running state.
Information,12/18/2016 4:46:14 AM,Service Control Manager,7036,None,The Windows Update service entered the stopped state.
Information,12/18/2016 4:42:04 AM,Service Control Manager,7036,None,The Software Protection service entered the stopped state.
Information,12/18/2016 4:41:34 AM,Service Control Manager,7036,None,The Software Protection service entered the running state.
Information,12/18/2016 4:36:13 AM,Service Control Manager,7036,None,The Windows Update service entered the running state.
Error,12/18/2016 4:34:32 AM,Schannel,36888,None,A fatal alert was generated and sent to the remote endpoint. This may result in termination of the connection. The TLS protocol defined fatal error code is 10. The Windows SChannel error state is 1203.
Error,12/18/2016 4:34:32 AM,Schannel,36888,None,A fatal alert was generated and sent to the remote endpoint. This may result in termination of the connection. The TLS protocol defined fatal error code is 10. The Windows SChannel error state is 1203.
Information,12/18/2016 4:25:37 AM,Service Control Manager,7036,None,The Google Update Service (gupdate) service entered the stopped state.
Information,12/18/2016 4:25:37 AM,Service Control Manager,7036,None,The Google Update Service (gupdate) service entered the running state.
Information,12/18/2016 4:12:04 AM,Service Control Manager,7036,None,The Software Protection service entered the stopped state.
Information,12/18/2016 4:11:33 AM,Service Control Manager,7036,None,The Software Protection service entered the running state.
Information,12/18/2016 4:00:00 AM,Service Control Manager,7036,None,The DNS Client service entered the running state.
Information,12/18/2016 4:00:00 AM,Service Control Manager,7036,None,The WinHTTP Web Proxy Auto-Discovery Service service entered the running state.
Information,12/18/2016 3:59:23 AM,Service Control Manager,7036,None,The DNS Client service entered the stopped state.
Information,12/18/2016 3:45:13 AM,Service Control Manager,7036,None,The WinHTTP Web Proxy Auto-Discovery Service service entered the stopped state.
Information,12/18/2016 3:42:04 AM,Service Control Manager,7036,None,The Software Protection service entered the stopped state.
Information,12/18/2016 3:41:33 AM,Service Control Manager,7036,None,The Software Protection service entered the running state.
Information,12/18/2016 3:28:15 AM,Service Control Manager,7036,None,The Windows Update service entered the stopped state.
Information,12/18/2016 3:18:13 AM,Service Control Manager,7036,None,The WinHTTP Web Proxy Auto-Discovery Service service entered the running state.
Information,12/18/2016 3:18:13 AM,Service Control Manager,7036,None,The Windows Update service entered the running state.
Information,12/18/2016 3:12:03 AM,Service Control Manager,7036,None,The Software Protection service entered the stopped state.
Information,12/18/2016 3:11:33 AM,Service Control Manager,7036,None,The Software Protection service entered the running state.
Information,12/18/2016 3:04:23 AM,Service Control Manager,7036,None,The DNS Client service entered the running state.
Information,12/18/2016 2:59:23 AM,Service Control Manager,7036,None,The DNS Client service entered the stopped state.
Information,12/18/2016 2:45:02 AM,Service Control Manager,7036,None,The WinHTTP Web Proxy Auto-Discovery Service service entered the stopped state.
Information,12/18/2016 2:42:03 AM,Service Control Manager,7036,None,The Software Protection service entered the stopped state.
Information,12/18/2016 2:41:33 AM,Service Control Manager,7036,None,The Software Protection service entered the running state.
Information,12/18/2016 2:28:04 AM,Service Control Manager,7036,None,The Windows Update service entered the stopped state.
Information,12/18/2016 2:18:02 AM,Service Control Manager,7036,None,The WinHTTP Web Proxy Auto-Discovery Service service entered the running state.
Information,12/18/2016 2:18:02 AM,Service Control Manager,7036,None,The Windows Update service entered the running state.
Information,12/18/2016 2:12:03 AM,Service Control Manager,7036,None,The Software Protection service entered the stopped state.
Information,12/18/2016 2:11:33 AM,Service Control Manager,7036,None,The Software Protection service entered the running state.
Information,12/18/2016 2:04:23 AM,Service Control Manager,7036,None,The DNS Client service entered the running state.
Information,12/18/2016 2:03:46 AM,Service Control Manager,7036,None,The DNS Client service entered the stopped state.
Information,12/18/2016 1:43:46 AM,Service Control Manager,7036,None,The DNS Client service entered the running state.
Information,12/18/2016 1:42:03 AM,Service Control Manager,7036,None,The Software Protection service entered the stopped state.
Information,12/18/2016 1:41:33 AM,Service Control Manager,7036,None,The Software Protection service entered the running state.
Information,12/18/2016 1:34:23 AM,Service Control Manager,7036,None,The DNS Client service entered the stopped state.
Information,12/18/2016 1:14:23 AM,Service Control Manager,7036,None,The DNS Client service entered the running state.
Information,12/18/2016 1:12:03 AM,Service Control Manager,7036,None,The Software Protection service entered the stopped state.
Information,12/18/2016 1:11:32 AM,Service Control Manager,7036,None,The Software Protection service entered the running state.
Information,12/18/2016 1:04:23 AM,Service Control Manager,7036,None,The DNS Client service entered the stopped state.
Information,12/18/2016 12:53:57 AM,Service Control Manager,7036,None,The WinHTTP Web Proxy Auto-Discovery Service service entered the stopped state.
Information,12/18/2016 12:42:03 AM,Service Control Manager,7036,None,The Software Protection service entered the stopped state.
Information,12/18/2016 12:41:32 AM,Service Control Manager,7036,None,The Software Protection service entered the running state.
Information,12/18/2016 12:36:59 AM,Service Control Manager,7036,None,The Windows Update service entered the stopped state.
Information,12/18/2016 12:26:57 AM,Service Control Manager,7036,None,The WinHTTP Web Proxy Auto-Discovery Service service entered the running state.
Information,12/18/2016 12:26:57 AM,Service Control Manager,7036,None,The Windows Update service entered the running state.
Information,12/18/2016 12:14:23 AM,Service Control Manager,7036,None,The DNS Client service entered the running state.
Information,12/18/2016 12:12:02 AM,Service Control Manager,7036,None,The Software Protection service entered the stopped state.
Information,12/18/2016 12:11:32 AM,Service Control Manager,7036,None,The Software Protection service entered the running state.
Error,12/18/2016 12:04:56 AM,Schannel,36888,None,A fatal alert was generated and sent to the remote endpoint. This may result in termination of the connection. The TLS protocol defined fatal error code is 10. The Windows SChannel error state is 1203.
Error,12/18/2016 12:04:55 AM,Schannel,36888,None,A fatal alert was generated and sent to the remote endpoint. This may result in termination of the connection. The TLS protocol defined fatal error code is 10. The Windows SChannel error state is 1203.
Information,12/18/2016 12:04:23 AM,Service Control Manager,7036,None,The DNS Client service entered the stopped state.
Information,12/17/2016 11:53:39 PM,Service Control Manager,7036,None,The WinHTTP Web Proxy Auto-Discovery Service service entered the stopped state.
Information,12/17/2016 11:42:02 PM,Service Control Manager,7036,None,The Software Protection service entered the stopped state.
Information,12/17/2016 11:41:32 PM,Service Control Manager,7036,None,The Software Protection service entered the running state.
Information,12/17/2016 11:26:21 PM,Service Control Manager,7036,None,The Google Update Service (gupdate) service entered the stopped state.
Information,12/17/2016 11:26:21 PM,Service Control Manager,7036,None,The Google Update Service (gupdate) service entered the running state.
Information,12/17/2016 11:23:11 PM,Service Control Manager,7036,None,The Windows Update service entered the stopped state.
Error,12/17/2016 11:21:25 PM,Schannel,36888,None,A fatal alert was generated and sent to the remote endpoint. This may result in termination of the connection. The TLS protocol defined fatal error code is 10. The Windows SChannel error state is 1203.
Error,12/17/2016 11:21:25 PM,Schannel,36888,None,A fatal alert was generated and sent to the remote endpoint. This may result in termination of the connection. The TLS protocol defined fatal error code is 10. The Windows SChannel error state is 1203.
Information,12/17/2016 11:13:09 PM,Service Control Manager,7036,None,The WinHTTP Web Proxy Auto-Discovery Service service entered the running state.
Information,12/17/2016 11:13:09 PM,Service Control Manager,7036,None,The Windows Update service entered the running state.
Information,12/17/2016 11:12:02 PM,Service Control Manager,7036,None,The Software Protection service entered the stopped state.
Information,12/17/2016 11:11:32 PM,Service Control Manager,7036,None,The Software Protection service entered the running state.
Information,12/17/2016 11:04:23 PM,Service Control Manager,7036,None,The DNS Client service entered the running state.
Information,12/17/2016 11:02:30 PM,Service Control Manager,7036,None,The DNS Client service entered the stopped state.
Information,12/17/2016 10:42:02 PM,Service Control Manager,7036,None,The Software Protection service entered the stopped state.
Information,12/17/2016 10:41:32 PM,Service Control Manager,7036,None,The Software Protection service entered the running state.
Information,12/17/2016 10:34:30 PM,Service Control Manager,7036,None,The WinHTTP Web Proxy Auto-Discovery Service service entered the stopped state.
Information,12/17/2016 10:17:32 PM,Service Control Manager,7036,None,The Windows Update service entered the stopped state.
Information,12/17/2016 10:12:02 PM,Service Control Manager,7036,None,The Software Protection service entered the stopped state.
Information,12/17/2016 10:11:32 PM,Service Control Manager,7036,None,The Software Protection service entered the running state.
Information,12/17/2016 10:07:30 PM,Service Control Manager,7036,None,The DNS Client service entered the running state.
Information,12/17/2016 10:07:30 PM,Service Control Manager,7036,None,The WinHTTP Web Proxy Auto-Discovery Service service entered the running state.
Information,12/17/2016 10:07:30 PM,Service Control Manager,7036,None,The Windows Update service entered the running state.
Information,12/17/2016 10:05:23 PM,Service Control Manager,7036,None,The DNS Client service entered the stopped state.
Information,12/17/2016 9:52:23 PM,Service Control Manager,7036,None,The WinHTTP Web Proxy Auto-Discovery Service service entered the stopped state.
Information,12/17/2016 9:42:02 PM,Service Control Manager,7036,None,The Software Protection service entered the stopped state.
Information,12/17/2016 9:41:31 PM,Service Control Manager,7036,None,The Software Protection service entered the running state.
Information,12/17/2016 9:25:23 PM,Service Control Manager,7036,None,The DNS Client service entered the running state.
Information,12/17/2016 9:25:23 PM,Service Control Manager,7036,None,The WinHTTP Web Proxy Auto-Discovery Service service entered the running state.
Information,12/17/2016 9:24:23 PM,Service Control Manager,7036,None,The DNS Client service entered the stopped state.
Error,12/17/2016 9:18:09 PM,Schannel,36888,None,A fatal alert was generated and sent to the remote endpoint. This may result in termination of the connection. The TLS protocol defined fatal error code is 10. The Windows SChannel error state is 1203.
Error,12/17/2016 9:18:09 PM,Schannel,36888,None,A fatal alert was generated and sent to the remote endpoint. This may result in termination of the connection. The TLS protocol defined fatal error code is 10. The Windows SChannel error state is 1203.
Information,12/17/2016 9:12:02 PM,Service Control Manager,7036,None,The Software Protection service entered the stopped state.
Information,12/17/2016 9:11:31 PM,Service Control Manager,7036,None,The Software Protection service entered the running state.
Information,12/17/2016 9:04:23 PM,Service Control Manager,7036,None,The DNS Client service entered the running state.
Information,12/17/2016 8:59:23 PM,Service Control Manager,7036,None,The DNS Client service entered the stopped state.
Information,12/17/2016 8:48:15 PM,Service Control Manager,7036,None,The WinHTTP Web Proxy Auto-Discovery Service service entered the stopped state.
Information,12/17/2016 8:42:01 PM,Service Control Manager,7036,None,The Software Protection service entered the stopped state.
Information,12/17/2016 8:41:31 PM,Service Control Manager,7036,None,The Software Protection service entered the running state.
Information,12/17/2016 8:29:47 PM,Service Control Manager,7036,None,The Windows Update service entered the stopped state.
Information,12/17/2016 8:19:45 PM,Service Control Manager,7036,None,The WinHTTP Web Proxy Auto-Discovery Service service entered the running state.
Information,12/17/2016 8:19:45 PM,Service Control Manager,7036,None,The Windows Update service entered the running state.
Information,12/17/2016 8:12:01 PM,Service Control Manager,7036,None,The Software Protection service entered the stopped state.
Information,12/17/2016 8:11:31 PM,Service Control Manager,7036,None,The Software Protection service entered the running state.
Information,12/17/2016 8:04:23 PM,Service Control Manager,7036,None,The DNS Client service entered the running state.
Information,12/17/2016 7:59:23 PM,Service Control Manager,7036,None,The DNS Client service entered the stopped state.
Information,12/17/2016 7:42:01 PM,Service Control Manager,7036,None,The Software Protection service entered the stopped state.
Information,12/17/2016 7:41:31 PM,Service Control Manager,7036,None,The Software Protection service entered the running state.
Information,12/17/2016 7:30:37 PM,Service Control Manager,7036,None,The WinHTTP Web Proxy Auto-Discovery Service service entered the stopped state.
Information,12/17/2016 7:13:39 PM,Service Control Manager,7036,None,The Windows Update service entered the stopped state.
Information,12/17/2016 7:12:01 PM,Service Control Manager,7036,None,The Software Protection service entered the stopped state.
Information,12/17/2016 7:11:30 PM,Service Control Manager,7036,None,The Software Protection service entered the running state.
Error,12/17/2016 7:11:10 PM,Schannel,36888,None,A fatal alert was generated and sent to the remote endpoint. This may result in termination of the connection. The TLS protocol defined fatal error code is 10. The Windows SChannel error state is 1203.
Error,12/17/2016 7:11:10 PM,Schannel,36888,None,A fatal alert was generated and sent to the remote endpoint. This may result in termination of the connection. The TLS protocol defined fatal error code is 10. The Windows SChannel error state is 1203.
Error,12/17/2016 7:11:01 PM,Schannel,36888,None,A fatal alert was generated and sent to the remote endpoint. This may result in termination of the connection. The TLS protocol defined fatal error code is 10. The Windows SChannel error state is 1203.
Error,12/17/2016 7:11:01 PM,Schannel,36888,None,A fatal alert was generated and sent to the remote endpoint. This may result in termination of the connection. The TLS protocol defined fatal error code is 10. The Windows SChannel error state is 1203.
Information,12/17/2016 7:03:37 PM,Service Control Manager,7036,None,The WinHTTP Web Proxy Auto-Discovery Service service entered the running state.
Information,12/17/2016 7:03:37 PM,Service Control Manager,7036,None,The Windows Update service entered the running state.
Error,12/17/2016 6:59:50 PM,Schannel,36888,None,A fatal alert was generated and sent to the remote endpoint. This may result in termination of the connection. The TLS protocol defined fatal error code is 10. The Windows SChannel error state is 1203.
Error,12/17/2016 6:59:50 PM,Schannel,36888,None,A fatal alert was generated and sent to the remote endpoint. This may result in termination of the connection. The TLS protocol defined fatal error code is 10. The Windows SChannel error state is 1203.
Error,12/17/2016 6:59:19 PM,Schannel,36888,None,A fatal alert was generated and sent to the remote endpoint. This may result in termination of the connection. The TLS protocol defined fatal error code is 10. The Windows SChannel error state is 1203.
Error,12/17/2016 6:59:19 PM,Schannel,36888,None,A fatal alert was generated and sent to the remote endpoint. This may result in termination of the connection. The TLS protocol defined fatal error code is 10. The Windows SChannel error state is 1203.
Error,12/17/2016 6:55:50 PM,Schannel,36888,None,A fatal alert was generated and sent to the remote endpoint. This may result in termination of the connection. The TLS protocol defined fatal error code is 10. The Windows SChannel error state is 1203.
Error,12/17/2016 6:55:50 PM,Schannel,36888,None,A fatal alert was generated and sent to the remote endpoint. This may result in termination of the connection. The TLS protocol defined fatal error code is 10. The Windows SChannel error state is 1203.
Information,12/17/2016 6:52:45 PM,Service Control Manager,7036,None,The WinHTTP Web Proxy Auto-Discovery Service service entered the stopped state.
Error,12/17/2016 6:49:19 PM,Schannel,36888,None,A fatal alert was generated and sent to the remote endpoint. This may result in termination of the connection. The TLS protocol defined fatal error code is 10. The Windows SChannel error state is 1203.
Error,12/17/2016 6:49:19 PM,Schannel,36888,None,A fatal alert was generated and sent to the remote endpoint. This may result in termination of the connection. The TLS protocol defined fatal error code is 10. The Windows SChannel error state is 1203.
Information,12/17/2016 6:42:01 PM,Service Control Manager,7036,None,The Software Protection service entered the stopped state.
Information,12/17/2016 6:41:30 PM,Service Control Manager,7036,None,The Software Protection service entered the running state.
Error,12/17/2016 6:35:31 PM,Schannel,36888,None,A fatal alert was generated and sent to the remote endpoint. This may result in termination of the connection. The TLS protocol defined fatal error code is 10. The Windows SChannel error state is 1203.
Error,12/17/2016 6:35:31 PM,Schannel,36888,None,A fatal alert was generated and sent to the remote endpoint. This may result in termination of the connection. The TLS protocol defined fatal error code is 10. The Windows SChannel error state is 1203.
Error,12/17/2016 6:34:49 PM,Schannel,36888,None,A fatal alert was generated and sent to the remote endpoint. This may result in termination of the connection. The TLS protocol defined fatal error code is 10. The Windows SChannel error state is 1203.
Error,12/17/2016 6:34:49 PM,Schannel,36888,None,A fatal alert was generated and sent to the remote endpoint. This may result in termination of the connection. The TLS protocol defined fatal error code is 10. The Windows SChannel error state is 1203.
Error,12/17/2016 6:34:17 PM,Schannel,36888,None,A fatal alert was generated and sent to the remote endpoint. This may result in termination of the connection. The TLS protocol defined fatal error code is 10. The Windows SChannel error state is 1203.
Error,12/17/2016 6:34:17 PM,Schannel,36888,None,A fatal alert was generated and sent to the remote endpoint. This may result in termination of the connection. The TLS protocol defined fatal error code is 10. The Windows SChannel error state is 1203.
Error,12/17/2016 6:32:22 PM,Schannel,36888,None,A fatal alert was generated and sent to the remote endpoint. This may result in termination of the connection. The TLS protocol defined fatal error code is 10. The Windows SChannel error state is 1203.
Error,12/17/2016 6:32:22 PM,Schannel,36888,None,A fatal alert was generated and sent to the remote endpoint. This may result in termination of the connection. The TLS protocol defined fatal error code is 10. The Windows SChannel error state is 1203.
Error,12/17/2016 6:32:15 PM,Schannel,36888,None,A fatal alert was generated and sent to the remote endpoint. This may result in termination of the connection. The TLS protocol defined fatal error code is 10. The Windows SChannel error state is 1203.
Error,12/17/2016 6:32:15 PM,Schannel,36888,None,A fatal alert was generated and sent to the remote endpoint. This may result in termination of the connection. The TLS protocol defined fatal error code is 10. The Windows SChannel error state is 1203.
Error,12/17/2016 6:28:06 PM,Schannel,36888,None,A fatal alert was generated and sent to the remote endpoint. This may result in termination of the connection. The TLS protocol defined fatal error code is 10. The Windows SChannel error state is 1203.
Error,12/17/2016 6:28:06 PM,Schannel,36888,None,A fatal alert was generated and sent to the remote endpoint. This may result in termination of the connection. The TLS protocol defined fatal error code is 10. The Windows SChannel error state is 1203.
Information,12/17/2016 6:25:45 PM,Service Control Manager,7036,None,The Google Update Service (gupdate) service entered the stopped state.
Information,12/17/2016 6:25:45 PM,Service Control Manager,7036,None,The WinHTTP Web Proxy Auto-Discovery Service service entered the running state.
Information,12/17/2016 6:25:45 PM,Service Control Manager,7036,None,The Google Update Service (gupdate) service entered the running state.
Information,12/17/2016 6:14:22 PM,Service Control Manager,7036,None,The DNS Client service entered the running state.
Information,12/17/2016 6:12:00 PM,Service Control Manager,7036,None,The Software Protection service entered the stopped state.
Information,12/17/2016 6:11:30 PM,Service Control Manager,7036,None,The Software Protection service entered the running state.
Error,12/17/2016 6:11:07 PM,Schannel,36888,None,A fatal alert was generated and sent to the remote endpoint. This may result in termination of the connection. The TLS protocol defined fatal error code is 10. The Windows SChannel error state is 1203.
Error,12/17/2016 6:11:07 PM,Schannel,36888,None,A fatal alert was generated and sent to the remote endpoint. This may result in termination of the connection. The TLS protocol defined fatal error code is 10. The Windows SChannel error state is 1203.
Information,12/17/2016 6:05:57 PM,Service Control Manager,7036,None,The DNS Client service entered the stopped state.
Information,12/17/2016 5:52:57 PM,Service Control Manager,7036,None,The WinHTTP Web Proxy Auto-Discovery Service service entered the stopped state.
Information,12/17/2016 5:42:00 PM,Service Control Manager,7036,None,The Software Protection service entered the stopped state.
Information,12/17/2016 5:41:30 PM,Service Control Manager,7036,None,The Software Protection service entered the running state.
Information,12/17/2016 5:35:59 PM,Service Control Manager,7036,None,The Windows Update service entered the stopped state.
Information,12/17/2016 5:25:57 PM,Service Control Manager,7036,None,The DNS Client service entered the running state.
Information,12/17/2016 5:25:57 PM,Service Control Manager,7036,None,The WinHTTP Web Proxy Auto-Discovery Service service entered the running state.
Information,12/17/2016 5:25:57 PM,Service Control Manager,7036,None,The Windows Update service entered the running state.
Information,12/17/2016 5:24:22 PM,Service Control Manager,7036,None,The DNS Client service entered the stopped state.
Error,12/17/2016 5:19:59 PM,Schannel,36888,None,A fatal alert was generated and sent to the remote endpoint. This may result in termination of the connection. The TLS protocol defined fatal error code is 10. The Windows SChannel error state is 1203.
Error,12/17/2016 5:19:59 PM,Schannel,36888,None,A fatal alert was generated and sent to the remote endpoint. This may result in termination of the connection. The TLS protocol defined fatal error code is 10. The Windows SChannel error state is 1203.
Information,12/17/2016 5:12:00 PM,Service Control Manager,7036,None,The Software Protection service entered the stopped state.
Information,12/17/2016 5:11:30 PM,Service Control Manager,7036,None,The Software Protection service entered the running state.
Information,12/17/2016 5:04:22 PM,Service Control Manager,7036,None,The DNS Client service entered the running state.
Information,12/17/2016 4:59:22 PM,Service Control Manager,7036,None,The DNS Client service entered the stopped state.
Information,12/17/2016 4:44:57 PM,Service Control Manager,7036,None,The WinHTTP Web Proxy Auto-Discovery Service service entered the stopped state.
Information,12/17/2016 4:42:00 PM,Service Control Manager,7036,None,The Software Protection service entered the stopped state.
Information,12/17/2016 4:41:30 PM,Service Control Manager,7036,None,The Software Protection service entered the running state.
Information,12/17/2016 4:28:35 PM,Service Control Manager,7036,None,The Windows Update service entered the stopped state.
Error,12/17/2016 4:27:50 PM,Schannel,36888,None,A fatal alert was generated and sent to the remote endpoint. This may result in termination of the connection. The TLS protocol defined fatal error code is 10. The Windows SChannel error state is 1203.
Error,12/17/2016 4:27:50 PM,Schannel,36888,None,A fatal alert was generated and sent to the remote endpoint. This may result in termination of the connection. The TLS protocol defined fatal error code is 10. The Windows SChannel error state is 1203.
Information,12/17/2016 4:17:57 PM,Service Control Manager,7036,None,The WinHTTP Web Proxy Auto-Discovery Service service entered the running state.
Information,12/17/2016 4:17:57 PM,Service Control Manager,7036,None,The Windows Update service entered the running state.
Information,12/17/2016 4:12:00 PM,Service Control Manager,7036,None,The Software Protection service entered the stopped state.
Information,12/17/2016 4:11:29 PM,Service Control Manager,7036,None,The Software Protection service entered the running state.
Information,12/17/2016 4:04:22 PM,Service Control Manager,7036,None,The DNS Client service entered the running state.
Information,12/17/2016 3:59:22 PM,Service Control Manager,7036,None,The DNS Client service entered the stopped state.
Error,12/17/2016 3:51:07 PM,Schannel,36888,None,A fatal alert was generated and sent to the remote endpoint. This may result in termination of the connection. The TLS protocol defined fatal error code is 10. The Windows SChannel error state is 1203.
Error,12/17/2016 3:51:07 PM,Schannel,36888,None,A fatal alert was generated and sent to the remote endpoint. This may result in termination of the connection. The TLS protocol defined fatal error code is 10. The Windows SChannel error state is 1203.
Information,12/17/2016 3:42:00 PM,Service Control Manager,7036,None,The Software Protection service entered the stopped state.
Information,12/17/2016 3:41:29 PM,Service Control Manager,7036,None,The Software Protection service entered the running state.
Information,12/17/2016 3:24:22 PM,Service Control Manager,7036,None,The DNS Client service entered the running state.
Information,12/17/2016 3:19:22 PM,Service Control Manager,7036,None,The DNS Client service entered the stopped state.
Information,12/17/2016 3:11:59 PM,Service Control Manager,7036,None,The Software Protection service entered the stopped state.
Information,12/17/2016 3:11:29 PM,Service Control Manager,7036,None,The Software Protection service entered the running state.
Information,12/17/2016 3:09:26 PM,Service Control Manager,7036,None,The WinHTTP Web Proxy Auto-Discovery Service service entered the stopped state.
Information,12/17/2016 2:52:28 PM,Service Control Manager,7036,None,The Windows Update service entered the stopped state.
Information,12/17/2016 2:42:26 PM,Service Control Manager,7036,None,The WinHTTP Web Proxy Auto-Discovery Service service entered the running state.
Information,12/17/2016 2:42:26 PM,Service Control Manager,7036,None,The Windows Update service entered the running state.
Information,12/17/2016 2:41:59 PM,Service Control Manager,7036,None,The Software Protection service entered the stopped state.
Information,12/17/2016 2:41:29 PM,Service Control Manager,7036,None,The Software Protection service entered the running state.
Information,12/17/2016 2:24:22 PM,Service Control Manager,7036,None,The DNS Client service entered the running state.
Information,12/17/2016 2:24:22 PM,Service Control Manager,7036,None,The DNS Client service entered the stopped state.
Information,12/17/2016 2:14:57 PM,Service Control Manager,7036,None,The WinHTTP Web Proxy Auto-Discovery Service service entered the stopped state.
Information,12/17/2016 2:11:59 PM,Service Control Manager,7036,None,The Software Protection service entered the stopped state.
Information,12/17/2016 2:11:29 PM,Service Control Manager,7036,None,The Software Protection service entered the running state.
Information,12/17/2016 1:57:57 PM,Service Control Manager,7036,None,The Windows Update service entered the stopped state.
Information,12/17/2016 1:41:59 PM,Service Control Manager,7036,None,The Software Protection service entered the stopped state.
Information,12/17/2016 1:41:55 PM,Service Control Manager,7036,None,The Windows Modules Installer service entered the stopped state.
Information,12/17/2016 1:41:29 PM,Service Control Manager,7036,None,The Software Protection service entered the running state.
