Information,11/10/2016 10:04:18 PM,Microsoft-Windows-WindowsUpdateClient,43,Windows Update Agent,Installation Started: Windows has started installing the following update: Update for Windows Server 2012 R2 (KB3063843)
Information,11/10/2016 10:02:36 PM,Microsoft-Windows-WindowsUpdateClient,43,Windows Update Agent,Installation Started: Windows has started installing the following update: Microsoft .NET Framework 4.5.2 for Windows 8.1 and Windows Server 2012 R2 for x64-based Systems (KB2934520)
Information,11/10/2016 10:02:29 PM,Microsoft-Windows-WindowsUpdateClient,43,Windows Update Agent,Installation Started: Windows has started installing the following update: Security Update for Windows Server 2012 R2 (KB3126587)
Information,11/10/2016 10:02:23 PM,Microsoft-Windows-WindowsUpdateClient,43,Windows Update Agent,Installation Started: Windows has started installing the following update: Security Update for Windows Server 2012 R2 (KB3184122)
Information,11/10/2016 10:02:15 PM,Microsoft-Windows-WindowsUpdateClient,43,Windows Update Agent,Installation Started: Windows has started installing the following update: Update for Windows Server 2012 R2 (KB3013538)
Information,11/10/2016 10:02:06 PM,Microsoft-Windows-WindowsUpdateClient,43,Windows Update Agent,Installation Started: Windows has started installing the following update: Update for Windows Server 2012 R2 (KB3162835)
Information,11/10/2016 10:01:56 PM,Microsoft-Windows-WindowsUpdateClient,43,Windows Update Agent,Installation Started: Windows has started installing the following update: Security Update for Windows Server 2012 R2 (KB3081320)
Information,11/10/2016 10:01:50 PM,Microsoft-Windows-WindowsUpdateClient,43,Windows Update Agent,Installation Started: Windows has started installing the following update: Update for Windows Server 2012 R2 (KB3027209)
Information,11/10/2016 10:01:43 PM,Microsoft-Windows-WindowsUpdateClient,43,Windows Update Agent,Installation Started: Windows has started installing the following update: Update for Windows Server 2012 R2 (KB3036612)
Information,11/10/2016 10:01:43 PM,Microsoft-Windows-WindowsUpdateClient,43,Windows Update Agent,Installation Started: Windows has started installing the following update: Security Update for Windows Server 2012 R2 (KB3156059)
Information,11/10/2016 10:01:35 PM,Microsoft-Windows-WindowsUpdateClient,43,Windows Update Agent,Installation Started: Windows has started installing the following update: Security Update for Windows Server 2012 R2 (KB3055642)
Information,11/10/2016 10:01:35 PM,Microsoft-Windows-WindowsUpdateClient,43,Windows Update Agent,Installation Started: Windows has started installing the following update: Security Update for Windows Server 2012 R2 (KB3045685)
Information,11/10/2016 10:01:30 PM,Microsoft-Windows-WindowsUpdateClient,43,Windows Update Agent,Installation Started: Windows has started installing the following update: Security Update for Windows Server 2012 R2 (KB3161949)
Information,11/10/2016 10:01:23 PM,Microsoft-Windows-WindowsUpdateClient,43,Windows Update Agent,Installation Started: Windows has started installing the following update: Update for Windows Server 2012 R2 (KB3100473)
Information,11/10/2016 10:01:23 PM,Microsoft-Windows-WindowsUpdateClient,43,Windows Update Agent,Installation Started: Windows has started installing the following update: Update for Windows Server 2012 R2 (KB3055323)
Information,11/10/2016 10:01:18 PM,Microsoft-Windows-WindowsUpdateClient,43,Windows Update Agent,Installation Started: Windows has started installing the following update: Update for Windows Server 2012 R2 (KB3109976)
Information,11/10/2016 10:01:11 PM,Service Control Manager,7036,None,The Optimize drives service entered the stopped state.
Information,11/10/2016 10:01:11 PM,Microsoft-Windows-WindowsUpdateClient,43,Windows Update Agent,Installation Started: Windows has started installing the following update: Update for Windows Server 2012 R2 (KB3139165)
Information,11/10/2016 10:01:11 PM,Microsoft-Windows-WindowsUpdateClient,43,Windows Update Agent,Installation Started: Windows has started installing the following update: Update for Windows Server 2012 R2 (KB3024755)
Information,11/10/2016 10:01:05 PM,Microsoft-Windows-WindowsUpdateClient,43,Windows Update Agent,Installation Started: Windows has started installing the following update: Security Update for Windows Server 2012 R2 (KB3110329)
Information,11/10/2016 10:00:59 PM,Microsoft-Windows-WindowsUpdateClient,43,Windows Update Agent,Installation Started: Windows has started installing the following update: Update for Windows Server 2012 R2 (KB3055343)
Information,11/10/2016 10:00:59 PM,Microsoft-Windows-WindowsUpdateClient,43,Windows Update Agent,Installation Started: Windows has started installing the following update: Update for Windows Server 2012 R2 (KB3060793)
Information,11/10/2016 10:00:56 PM,Service Control Manager,7036,None,The Device Setup Manager service entered the stopped state.
Information,11/10/2016 10:00:54 PM,Microsoft-Windows-WindowsUpdateClient,43,Windows Update Agent,Installation Started: Windows has started installing the following update: Security Update for Windows Server 2012 R2 (KB3108381)
Information,11/10/2016 10:00:49 PM,Microsoft-Windows-WindowsUpdateClient,43,Windows Update Agent,Installation Started: Windows has started installing the following update: Update for Windows Server 2012 R2 (KB3071663)
Information,11/10/2016 10:00:45 PM,Microsoft-Windows-WindowsUpdateClient,43,Windows Update Agent,Installation Started: Windows has started installing the following update: Security Update for Windows Server 2012 R2 (KB3102939)
Information,11/10/2016 10:00:45 PM,Microsoft-Windows-WindowsUpdateClient,43,Windows Update Agent,Installation Started: Windows has started installing the following update: Update for Windows Server 2012 R2 (KB2938066)
Information,11/10/2016 10:00:40 PM,Microsoft-Windows-WindowsUpdateClient,43,Windows Update Agent,Installation Started: Windows has started installing the following update: Update for Windows Server 2012 R2 (KB3041857)
Information,11/10/2016 10:00:40 PM,Microsoft-Windows-WindowsUpdateClient,43,Windows Update Agent,Installation Started: Windows has started installing the following update: Security Update for Windows Server 2012 R2 (KB3161958)
Information,11/10/2016 10:00:35 PM,Microsoft-Windows-WindowsUpdateClient,43,Windows Update Agent,Installation Started: Windows has started installing the following update: Update for Windows Server 2012 R2 (KB3123242)
Information,11/10/2016 10:00:35 PM,Microsoft-Windows-WindowsUpdateClient,43,Windows Update Agent,Installation Started: Windows has started installing the following update: Update for Windows Server 2012 R2 (KB3139164)
Information,11/10/2016 10:00:30 PM,Microsoft-Windows-WindowsUpdateClient,43,Windows Update Agent,Installation Started: Windows has started installing the following update: Security Update for Windows Server 2012 R2 (KB3146723)
Information,11/10/2016 10:00:25 PM,Microsoft-Windows-WindowsUpdateClient,43,Windows Update Agent,Installation Started: Windows has started installing the following update: Security Update for Windows Server 2012 R2 (KB3076895)
Information,11/10/2016 10:00:25 PM,Microsoft-Windows-WindowsUpdateClient,43,Windows Update Agent,Installation Started: Windows has started installing the following update: Update for Windows Server 2012 R2 (KB3133924)
Information,11/10/2016 10:00:21 PM,Microsoft-Windows-WindowsUpdateClient,43,Windows Update Agent,Installation Started: Windows has started installing the following update: Update for Windows Server 2012 R2 (KB3146978)
Information,11/10/2016 10:00:21 PM,Microsoft-Windows-WindowsUpdateClient,43,Windows Update Agent,Installation Started: Windows has started installing the following update: Security Update for Windows Server 2012 R2 (KB3045755)
Information,11/10/2016 10:00:04 PM,Microsoft-Windows-WindowsUpdateClient,43,Windows Update Agent,Installation Started: Windows has started installing the following update: Security Update for Microsoft .NET Framework 4.5.1 and 4.5.2 on Windows 8.1 and Windows Server 2012 R2 x64-based Systems (KB3098779)
Information,11/10/2016 10:00:04 PM,Microsoft-Windows-WindowsUpdateClient,43,Windows Update Agent,Installation Started: Windows has started installing the following update: Security Update for Windows Server 2012 R2 (KB3177186)
Information,11/10/2016 9:59:54 PM,Microsoft-Windows-WindowsUpdateClient,43,Windows Update Agent,Installation Started: Windows has started installing the following update: Update for Windows Server 2012 R2 (KB3138602)
Information,11/10/2016 9:59:49 PM,Microsoft-Windows-WindowsUpdateClient,43,Windows Update Agent,Installation Started: Windows has started installing the following update: Update for Windows Server 2012 R2 (KB3139162)
Information,11/10/2016 9:59:49 PM,Microsoft-Windows-WindowsUpdateClient,43,Windows Update Agent,Installation Started: Windows has started installing the following update: Update for Windows Server 2012 R2 (KB3006137)
Information,11/10/2016 9:59:49 PM,Microsoft-Windows-WindowsUpdateClient,19,Windows Update Agent,Installation Successful: Windows successfully installed the following update: Security Update for Microsoft .NET Framework 4.5.1 and 4.5.2 on Windows 8.1 and Windows Server 2012 R2 x64-based Systems (KB3037579)
Information,11/10/2016 9:59:33 PM,Microsoft-Windows-WindowsUpdateClient,43,Windows Update Agent,Installation Started: Windows has started installing the following update: Security Update for Microsoft .NET Framework 4.5.1 and 4.5.2 on Windows 8.1 and Windows Server 2012 R2 x64-based Systems (KB3037579)
Information,11/10/2016 9:59:28 PM,Microsoft-Windows-WindowsUpdateClient,19,Windows Update Agent,Installation Successful: Windows successfully installed the following update: Update for Windows Server 2012 R2 (KB3094486)
Information,11/10/2016 9:59:28 PM,Microsoft-Windows-WindowsUpdateClient,43,Windows Update Agent,Installation Started: Windows has started installing the following update: Update for Windows Server 2012 R2 (KB3094486)
Information,11/10/2016 9:59:28 PM,Microsoft-Windows-WindowsUpdateClient,43,Windows Update Agent,Installation Started: Windows has started installing the following update: Security Update for Windows Server 2012 R2 (KB3109103)
Information,11/10/2016 9:59:24 PM,Microsoft-Windows-WindowsUpdateClient,43,Windows Update Agent,Installation Started: Windows has started installing the following update: Update for Windows Server 2012 R2 (KB3013791)
Information,11/10/2016 9:59:24 PM,Microsoft-Windows-WindowsUpdateClient,19,Windows Update Agent,Installation Successful: Windows successfully installed the following update: Security Update for Windows Server 2012 R2 (KB3010788)
Information,11/10/2016 9:59:24 PM,Microsoft-Windows-WindowsUpdateClient,43,Windows Update Agent,Installation Started: Windows has started installing the following update: Security Update for Windows Server 2012 R2 (KB3010788)
Information,11/10/2016 9:59:24 PM,Microsoft-Windows-WindowsUpdateClient,43,Windows Update Agent,Installation Started: Windows has started installing the following update: Update for Windows Server 2012 R2 (KB3037924)
Information,11/10/2016 9:59:20 PM,Microsoft-Windows-WindowsUpdateClient,43,Windows Update Agent,Installation Started: Windows has started installing the following update: Update for Windows Server 2012 R2 (KB3059316)
Information,11/10/2016 9:59:20 PM,Microsoft-Windows-WindowsUpdateClient,19,Windows Update Agent,Installation Successful: Windows successfully installed the following update: Update for Windows Server 2012 R2 (KB3045717)
Information,11/10/2016 9:59:20 PM,Microsoft-Windows-WindowsUpdateClient,43,Windows Update Agent,Installation Started: Windows has started installing the following update: Update for Windows Server 2012 R2 (KB3045717)
Information,11/10/2016 9:59:13 PM,Microsoft-Windows-WindowsUpdateClient,43,Windows Update Agent,Installation Started: Windows has started installing the following update: Security Update for Microsoft .NET Framework 4.5.1 and 4.5.2 on Windows 8.1 and Windows Server 2012 R2 x64-based Systems (KB2977765)
Information,11/10/2016 9:59:13 PM,Microsoft-Windows-WindowsUpdateClient,43,Windows Update Agent,Installation Started: Windows has started installing the following update: Security Update for Windows Server 2012 R2 (KB3021674)
Information,11/10/2016 9:59:13 PM,Microsoft-Windows-WindowsUpdateClient,19,Windows Update Agent,Installation Successful: Windows successfully installed the following update: Security Update for Microsoft .NET Framework 4.5.1 on Windows 8.1 and Windows Server 2012 R2 for x64-based Systems (KB2894856)
Information,11/10/2016 9:59:09 PM,Service Control Manager,7040,None,The start type of the Windows Modules Installer service was changed from demand start to auto start.
Information,11/10/2016 9:59:08 PM,Service Control Manager,7040,None,The start type of the Windows Modules Installer service was changed from auto start to demand start.
Information,11/10/2016 9:59:04 PM,Microsoft-Windows-WindowsUpdateClient,43,Windows Update Agent,Installation Started: Windows has started installing the following update: Security Update for Microsoft .NET Framework 4.5.1 on Windows 8.1 and Windows Server 2012 R2 for x64-based Systems (KB2894856)
Information,11/10/2016 9:59:04 PM,Microsoft-Windows-WindowsUpdateClient,19,Windows Update Agent,Installation Successful: Windows successfully installed the following update: Security Update for Microsoft .NET Framework 4.5.1 and 4.5.2 on Windows 8.1 and Windows Server 2012 R2 x64-based Systems (KB3032663)
Information,11/10/2016 9:59:00 PM,Service Control Manager,7040,None,The start type of the Windows Modules Installer service was changed from demand start to auto start.
Information,11/10/2016 9:58:58 PM,Service Control Manager,7040,None,The start type of the Windows Modules Installer service was changed from auto start to demand start.
Information,11/10/2016 9:58:55 PM,Microsoft-Windows-WindowsUpdateClient,43,Windows Update Agent,Installation Started: Windows has started installing the following update: Security Update for Microsoft .NET Framework 4.5.1 and 4.5.2 on Windows 8.1 and Windows Server 2012 R2 x64-based Systems (KB3032663)
Information,11/10/2016 9:58:55 PM,Microsoft-Windows-WindowsUpdateClient,19,Windows Update Agent,Installation Successful: Windows successfully installed the following update: Update for Windows Server 2012 R2 (KB3080042)
Information,11/10/2016 9:58:50 PM,Service Control Manager,7040,None,The start type of the Windows Modules Installer service was changed from demand start to auto start.
Information,11/10/2016 9:58:50 PM,Service Control Manager,7036,None,The Microsoft Software Shadow Copy Provider service entered the running state.
Information,11/10/2016 9:58:50 PM,Service Control Manager,7036,None,The Volume Shadow Copy service entered the running state.
Information,11/10/2016 9:58:49 PM,Service Control Manager,7040,None,The start type of the Windows Modules Installer service was changed from auto start to demand start.
Information,11/10/2016 9:58:32 PM,Microsoft-Windows-WindowsUpdateClient,43,Windows Update Agent,Installation Started: Windows has started installing the following update: Update for Windows Server 2012 R2 (KB3080042)
Information,11/10/2016 9:58:27 PM,Microsoft-Windows-Kernel-General,16,None,The access history in hive \??\C:\Windows\System32\SMI\Store\Machine\SCHEMA.DAT was cleared updating 0 keys and creating 0 modified pages.
Information,11/10/2016 9:58:27 PM,Service Control Manager,7040,None,The start type of the Windows Modules Installer service was changed from demand start to auto start.
Information,11/10/2016 9:58:16 PM,Microsoft-Windows-Kernel-General,15,None,Hive \SystemRoot\System32\config\DRIVERS was reorganized with a starting size of 4497408 bytes and an ending size of 4497408 bytes.
Information,11/10/2016 9:58:15 PM,Service Control Manager,7036,None,The Application Experience service entered the running state.
Information,11/10/2016 9:58:12 PM,Microsoft-Windows-Kernel-General,16,None,The access history in hive \SystemRoot\System32\Config\RegBack\SAM was cleared updating 86 keys and creating 7 modified pages.
Information,11/10/2016 9:58:12 PM,Microsoft-Windows-Kernel-General,16,None,The access history in hive \SystemRoot\System32\Config\RegBack\DEFAULT was cleared updating 254 keys and creating 23 modified pages.
Information,11/10/2016 9:58:12 PM,Microsoft-Windows-Kernel-General,16,None,The access history in hive \SystemRoot\System32\Config\RegBack\SYSTEM was cleared updating 27406 keys and creating 2043 modified pages.
Information,11/10/2016 9:58:10 PM,Microsoft-Windows-Kernel-General,16,None,The access history in hive \SystemRoot\System32\Config\RegBack\SOFTWARE was cleared updating 171721 keys and creating 12907 modified pages.
Information,11/10/2016 9:58:08 PM,Microsoft-Windows-Kernel-General,15,None,Hive \??\C:\Windows\System32\config\COMPONENTS was reorganized with a starting size of 59277312 bytes and an ending size of 59117568 bytes.
Information,11/10/2016 9:58:08 PM,Service Control Manager,7036,None,The Problem Reports and Solutions Control Panel Support service entered the stopped state.
Information,11/10/2016 9:58:06 PM,Service Control Manager,7036,None,The Optimize drives service entered the running state.
Information,11/10/2016 9:58:06 PM,Service Control Manager,7036,None,The Problem Reports and Solutions Control Panel Support service entered the running state.
Information,11/10/2016 9:58:06 PM,Service Control Manager,7036,None,The Windows Modules Installer service entered the running state.
Information,11/10/2016 9:58:05 PM,Microsoft-Windows-Kernel-General,16,None,The access history in hive \SystemRoot\System32\Config\RegBack\SECURITY was cleared updating 103 keys and creating 4 modified pages.
Information,11/10/2016 9:58:05 PM,Microsoft-Windows-Kernel-General,16,None,The access history in hive \??\C:\Windows\AppCompat\Programs\Amcache.hve was cleared updating 382 keys and creating 27 modified pages.
Information,11/10/2016 9:58:05 PM,Service Control Manager,7036,None,The Device Setup Manager service entered the running state.
Information,11/10/2016 9:43:22 PM,Service Control Manager,7036,None,The DNS Client service entered the running state.
Information,11/10/2016 9:43:22 PM,Service Control Manager,7036,None,The WinHTTP Web Proxy Auto-Discovery Service service entered the running state.
Information,11/10/2016 9:39:02 PM,Service Control Manager,7036,None,The Software Protection service entered the stopped state.
Information,11/10/2016 9:38:32 PM,Service Control Manager,7036,None,The Software Protection service entered the running state.
Information,11/10/2016 9:09:02 PM,Service Control Manager,7036,None,The Software Protection service entered the stopped state.
Information,11/10/2016 9:08:32 PM,Service Control Manager,7036,None,The Software Protection service entered the running state.
Information,11/10/2016 8:51:22 PM,Service Control Manager,7036,None,The DNS Client service entered the stopped state.
Information,11/10/2016 8:39:02 PM,Service Control Manager,7036,None,The Software Protection service entered the stopped state.
Information,11/10/2016 8:38:31 PM,Service Control Manager,7036,None,The Software Protection service entered the running state.
Information,11/10/2016 8:38:22 PM,Service Control Manager,7036,None,The WinHTTP Web Proxy Auto-Discovery Service service entered the stopped state.
Information,11/10/2016 8:11:22 PM,Service Control Manager,7036,None,The DNS Client service entered the running state.
Information,11/10/2016 8:11:22 PM,Service Control Manager,7036,None,The WinHTTP Web Proxy Auto-Discovery Service service entered the running state.
Information,11/10/2016 8:09:02 PM,Service Control Manager,7036,None,The Software Protection service entered the stopped state.
Information,11/10/2016 8:08:31 PM,Service Control Manager,7036,None,The Software Protection service entered the running state.
Information,11/10/2016 7:39:02 PM,Service Control Manager,7036,None,The Software Protection service entered the stopped state.
Information,11/10/2016 7:38:31 PM,Service Control Manager,7036,None,The Software Protection service entered the running state.
Information,11/10/2016 7:22:22 PM,Service Control Manager,7036,None,The DNS Client service entered the stopped state.
Information,11/10/2016 7:09:22 PM,Service Control Manager,7036,None,The WinHTTP Web Proxy Auto-Discovery Service service entered the stopped state.
Information,11/10/2016 7:09:01 PM,Service Control Manager,7036,None,The Software Protection service entered the stopped state.
Information,11/10/2016 7:08:31 PM,Service Control Manager,7036,None,The Software Protection service entered the running state.
Information,11/10/2016 6:42:22 PM,Service Control Manager,7036,None,The DNS Client service entered the running state.
Information,11/10/2016 6:42:22 PM,Service Control Manager,7036,None,The WinHTTP Web Proxy Auto-Discovery Service service entered the running state.
Information,11/10/2016 6:39:01 PM,Service Control Manager,7036,None,The Software Protection service entered the stopped state.
Information,11/10/2016 6:38:31 PM,Service Control Manager,7036,None,The Software Protection service entered the running state.
Information,11/10/2016 6:13:21 PM,Service Control Manager,7036,None,The DNS Client service entered the stopped state.
Information,11/10/2016 6:09:01 PM,Service Control Manager,7036,None,The Software Protection service entered the stopped state.
Information,11/10/2016 6:08:31 PM,Service Control Manager,7036,None,The Software Protection service entered the running state.
Information,11/10/2016 6:00:22 PM,Service Control Manager,7036,None,The WinHTTP Web Proxy Auto-Discovery Service service entered the stopped state.
Information,11/10/2016 5:39:01 PM,Service Control Manager,7036,None,The Software Protection service entered the stopped state.
Information,11/10/2016 5:38:31 PM,Service Control Manager,7036,None,The Software Protection service entered the running state.
Information,11/10/2016 5:33:21 PM,Service Control Manager,7036,None,The DNS Client service entered the running state.
Information,11/10/2016 5:33:21 PM,Service Control Manager,7036,None,The WinHTTP Web Proxy Auto-Discovery Service service entered the running state.
Information,11/10/2016 5:09:01 PM,Service Control Manager,7036,None,The Software Protection service entered the stopped state.
Information,11/10/2016 5:08:30 PM,Service Control Manager,7036,None,The Software Protection service entered the running state.
Information,11/10/2016 5:03:21 PM,Service Control Manager,7036,None,The DNS Client service entered the stopped state.
Information,11/10/2016 4:50:21 PM,Service Control Manager,7036,None,The WinHTTP Web Proxy Auto-Discovery Service service entered the stopped state.
Information,11/10/2016 4:39:01 PM,Service Control Manager,7036,None,The Software Protection service entered the stopped state.
Information,11/10/2016 4:38:30 PM,Service Control Manager,7036,None,The Software Protection service entered the running state.
Information,11/10/2016 4:23:21 PM,Service Control Manager,7036,None,The DNS Client service entered the running state.
Information,11/10/2016 4:23:21 PM,Service Control Manager,7036,None,The WinHTTP Web Proxy Auto-Discovery Service service entered the running state.
Information,11/10/2016 4:09:00 PM,Service Control Manager,7036,None,The Software Protection service entered the stopped state.
Information,11/10/2016 4:08:30 PM,Service Control Manager,7036,None,The Software Protection service entered the running state.
Information,11/10/2016 3:39:00 PM,Service Control Manager,7036,None,The Software Protection service entered the stopped state.
Information,11/10/2016 3:38:30 PM,Service Control Manager,7036,None,The Software Protection service entered the running state.
Information,11/10/2016 3:38:21 PM,Service Control Manager,7036,None,The DNS Client service entered the stopped state.
Information,11/10/2016 3:28:21 PM,Service Control Manager,7036,None,The WinHTTP Web Proxy Auto-Discovery Service service entered the stopped state.
Information,11/10/2016 3:09:00 PM,Service Control Manager,7036,None,The Software Protection service entered the stopped state.
Information,11/10/2016 3:08:30 PM,Service Control Manager,7036,None,The Software Protection service entered the running state.
Information,11/10/2016 2:58:21 PM,Service Control Manager,7036,None,The DNS Client service entered the running state.
Information,11/10/2016 2:58:21 PM,Service Control Manager,7036,None,The WinHTTP Web Proxy Auto-Discovery Service service entered the running state.
Information,11/10/2016 2:39:00 PM,Service Control Manager,7036,None,The Software Protection service entered the stopped state.
Information,11/10/2016 2:38:30 PM,Service Control Manager,7036,None,The Software Protection service entered the running state.
Information,11/10/2016 2:09:00 PM,Service Control Manager,7036,None,The Software Protection service entered the stopped state.
Information,11/10/2016 2:08:30 PM,Service Control Manager,7036,None,The Software Protection service entered the running state.
Information,11/10/2016 2:05:21 PM,Service Control Manager,7036,None,The DNS Client service entered the stopped state.
Information,11/10/2016 1:52:21 PM,Service Control Manager,7036,None,The WinHTTP Web Proxy Auto-Discovery Service service entered the stopped state.
Information,11/10/2016 1:39:00 PM,Service Control Manager,7036,None,The Software Protection service entered the stopped state.
Information,11/10/2016 1:38:29 PM,Service Control Manager,7036,None,The Software Protection service entered the running state.
Information,11/10/2016 1:25:21 PM,Service Control Manager,7036,None,The DNS Client service entered the running state.
Information,11/10/2016 1:25:20 PM,Service Control Manager,7036,None,The WinHTTP Web Proxy Auto-Discovery Service service entered the running state.
Information,11/10/2016 1:09:00 PM,Service Control Manager,7036,None,The Software Protection service entered the stopped state.
Information,11/10/2016 1:08:29 PM,Service Control Manager,7036,None,The Software Protection service entered the running state.
Information,11/10/2016 12:38:59 PM,Service Control Manager,7036,None,The Software Protection service entered the stopped state.
Information,11/10/2016 12:38:29 PM,Service Control Manager,7036,None,The Software Protection service entered the running state.
Information,11/10/2016 12:34:29 PM,Service Control Manager,7040,None,The start type of the Background Intelligent Transfer Service service was changed from auto start to demand start.
Information,11/10/2016 12:10:22 PM,Service Control Manager,7036,None,The DNS Client service entered the stopped state.
Information,11/10/2016 12:08:59 PM,Service Control Manager,7036,None,The Software Protection service entered the stopped state.
Information,11/10/2016 12:08:29 PM,Service Control Manager,7036,None,The Software Protection service entered the running state.
Information,11/10/2016 11:57:51 AM,Service Control Manager,7036,None,The WinHTTP Web Proxy Auto-Discovery Service service entered the stopped state.
Information,11/10/2016 11:38:59 AM,Service Control Manager,7036,None,The Software Protection service entered the stopped state.
Information,11/10/2016 11:38:29 AM,Service Control Manager,7036,None,The Software Protection service entered the running state.
Information,11/10/2016 11:36:31 AM,Service Control Manager,7036,None,The Windows Modules Installer service entered the stopped state.
Information,11/10/2016 11:34:36 AM,Microsoft-Windows-WindowsUpdateClient,17,Automatic Updates,"Installation Ready: The following updates are downloaded and ready for installation. To install the updates, an administrator should log on to this computer and Windows will prompt with further instructions: 
- Update for Windows Server 2012 R2 (KB3080042)
- Security Update for Microsoft .NET Framework 4.5.1 and 4.5.2 on Windows 8.1 and Windows Server 2012 R2 x64-based Systems (KB3032663)
- Security Update for Microsoft .NET Framework 4.5.1 on Windows 8.1 and Windows Server 2012 R2 for x64-based Systems (KB2894856)
- Security Update for Windows Server 2012 R2 (KB3021674)
- Security Update for Microsoft .NET Framework 4.5.1 and 4.5.2 on Windows 8.1 and Windows Server 2012 R2 x64-based Systems (KB2977765)
- Update for Windows Server 2012 R2 (KB3045717)
- Update for Windows Server 2012 R2 (KB3059316)
- Update for Windows Server 2012 R2 (KB3037924)
- Security Update for Windows Server 2012 R2 (KB3010788)
- Update for Windows Server 2012 R2 (KB3013791)
- Security Update for Windows Server 2012 R2 (KB3109103)
- Update for Windows Server 2012 R2 (KB3094486)
- Security Update for Microsoft .NET Framework 4.5.1 and 4.5.2 on Windows 8.1 and Windows Server 2012 R2 x64-based Systems (KB3037579)
- Update for Windows Server 2012 R2 (KB3006137)
- Update for Windows Server 2012 R2 (KB3139162)
- Update for Windows Server 2012 R2 (KB3138602)
- Security Update for Windows Server 2012 R2 (KB3177186)
- Security Update for Microsoft .NET Framework 4.5.1 and 4.5.2 on Windows 8.1 and Windows Server 2012 R2 x64-based Systems (KB3098779)
- Security Update for Windows Server 2012 R2 (KB3045755)
- Update for Windows Server 2012 R2 (KB3146978)
- Update for Windows Server 2012 R2 (KB3133924)
- Security Update for Windows Server 2012 R2 (KB3076895)
- Security Update for Windows Server 2012 R2 (KB3146723)
- Update for Windows Server 2012 R2 (KB3139164)
- Update for Windows Server 2012 R2 (KB3123242)
- Security Update for Windows Server 2012 R2 (KB3161958)
- Update for Windows Server 2012 R2 (KB3041857)
- Update for Windows Server 2012 R2 (KB2938066)
- Security Update for Windows Server 2012 R2 (KB3102939)
- Update for Windows Server 2012 R2 (KB3071663)
- Security Update for Windows Server 2012 R2 (KB3108381)
- Update for Windows Server 2012 R2 (KB3060793)
- Update for Windows Server 2012 R2 (KB3055343)
- Security Update for Windows Server 2012 R2 (KB3110329)
- Update for Windows Server 2012 R2 (KB3024755)
- Update for Windows Server 2012 R2 (KB3139165)
- Update for Windows Server 2012 R2 (KB3109976)
- Update for Windows Server 2012 R2 (KB3055323)
- Update for Windows Server 2012 R2 (KB3100473)
- Security Update for Windows Server 2012 R2 (KB3161949)
- Security Update for Windows Server 2012 R2 (KB3045685)
- Security Update for Windows Server 2012 R2 (KB3055642)
- Security Update for Windows Server 2012 R2 (KB3156059)
- Update for Windows Server 2012 R2 (KB3036612)
- Update for Windows Server 2012 R2 (KB3027209)
- Security Update for Windows Server 2012 R2 (KB3081320)
- Update for Windows Server 2012 R2 (KB3162835)
- Update for Windows Server 2012 R2 (KB3013538)
- Security Update for Windows Server 2012 R2 (KB3184122)
- Security Update for Windows Server 2012 R2 (KB3126587)
- Microsoft .NET Framework 4.5.2 for Windows 8.1 and Windows Server 2012 R2 for x64-based Systems (KB2934520)
- Update for Windows Server 2012 R2 (KB3063843)
- Update for Windows Server 2012 R2 (KB3137725)
- Update for Windows Server 2012 R2 (KB3139219)
- Update for Windows Server 2012 R2 (KB3008242)
- Security Update for Windows Server 2012 R2 (KB3022777)
- Update for Windows Server 2012 R2 (KB3134815)
- Security Update for Windows Server 2012 R2 (KB3086255)
- Update for Windows Server 2012 R2 (KB3087137)
- Security Update for Windows Server 2012 R2 (KB2993651)
- Update for Windows Server 2012 R2 (KB2989930)
- Update for Windows Server 2012 R2 (KB3137728)
- Security Update for Windows Server 2012 R2 (KB3174644)
- Update for Windows Server 2012 R2 (KB3078405)
- Security Update for Windows Server 2012 R2 (KB3156019)
- Security Update for Microsoft .NET Framework 4.5.1 and 4.5.2 for Windows 8.1 for x64-based Systems (KB3097997)
- Update for Windows Server 2012 R2 (KB3145432)
- Security Update for Windows Server 2012 R2 (KB3084135)
- Security Update for Windows Server 2012 R2 (KB3155784)
- Security Update for Windows Server 2012 R2 (KB3135456)
- Security Update for Windows Server 2012 R2 (KB3139398)
- Security Update for Windows Server 2012 R2 (KB3109094)
- Update for Windows Server 2012 R2 (KB3054169)
- Security Update for Windows Server 2012 R2 (KB3067505)
- Update for Windows Server 2012 R2 (KB3126033)
- Update for Windows Server 2012 R2 (KB3103709)
- Update for Windows Server 2012 R2 (KB3118401)
- Windows Malicious Software Removal Tool for Windows 8, 8.1, 10 and Windows Server 2012, 2012 R2, 2016 x64 Edition - November 2016 (KB890830)
- Security Update for Windows Server 2012 R2 (KB3185911)
- Update for Windows Server 2012 R2 (KB3033446)
- Update for Windows Server 2012 R2 (KB3054464)
- Security Update for Windows Server 2012 R2 (KB3134222)
- Update for Windows Server 2012 R2 (KB3054203)
- Update for Windows Server 2012 R2 (KB3099834)
- Update for Windows Server 2012 R2 (KB3121261)
- Update for Windows Server 2012 R2 (KB3138615)
- Security Update for Windows Server 2012 R2 (KB3156017)
- Security Update for Windows Server 2012 R2 (KB3075220)
- Update for Windows Server 2012 R2 (KB3146604)
- Security Update for Windows Server 2012 R2 (KB3126434)
- Update for Windows Server 2012 R2 (KB3092627)
- Update for Windows Server 2012 R2 (KB3045634)
- Update for Windows Server 2012 R2 (KB3128650)
- Update for Windows Server 2012 R2 (KB3044374)
- Update for Windows Server 2012 R2 (KB3173424)
- Security Update for Windows Server 2012 R2 (KB3061512)
- Security Update for Windows Server 2012 R2 (KB3178539)
- Security Update for Windows Server 2012 R2 (KB3139914)
- Update for Windows Server 2012 R2 (KB3054256)
- Security Update for Windows Server 2012 R2 (KB3035126)
- Update for Windows Server 2012 R2 (KB3004394)
- Security Update for Windows Server 2012 R2 (KB3126593)
- Update for Windows Server 2012 R2 (KB3139923)
- Security Update for Windows Server 2012 R2 (KB2973351)
- Update for Windows Server 2012 R2 (KB3103696)
- Security Update for Microsoft .NET Framework 4.5.1 and 4.5.2 on Windows 8.1 and Windows Server 2012 R2 x64-based Systems (KB3023222)
- Update for Windows Server 2012 R2 (KB3013410)
- Security Update for Windows Server 2012 R2 (KB3170455)
- November, 2016 Security Monthly Quality Rollup for Windows Server 2012 R2 (KB3197874)
- Security Update for Windows Server 2012 R2 (KB3004361)
- Update for Windows Server 2012 R2 (KB3134785)
- Security Update for Windows Server 2012 R2 (KB3072630)
- Update for Windows Server 2012 R2 (KB3078676)
- Update for Windows Server 2012 R2 (KB3043812)
- Update for Windows Server 2012 R2 (KB3044673)
- Security Update for Windows Server 2012 R2 (KB3172729)
- Security Update for Windows Server 2012 R2 (KB3019978)
- Security Update for Windows Server 2012 R2 (KB3023266)
- Update for Windows Server 2012 R2 (KB3121255)
- Security Update for Microsoft .NET Framework 4.5.1 and 4.5.2 on Windows 8.1 and Windows Server 2012 R2 x64-based Systems (KB2978041)
- Security Update for Windows Server 2012 R2 (KB3092601)
- Security Update for Windows Server 2012 R2 (KB3123479)
- Security Update for Windows Server 2012 R2 (KB2976897)
- Update for Windows Server 2012 R2 (KB3134179)
- Security Update for Windows Server 2012 R2 (KB2957189)
- Security Update for Microsoft .NET Framework 4.5.1 and 4.5.2 on Windows 8.1 and Windows Server 2012 R2 x64-based Systems (KB3074228)
- Security Update for Windows Server 2012 R2 (KB3083992)
- Update for Windows Server 2012 R2 (KB3140234)
- Update for Windows Server 2012 R2 (KB3045746)
- Security Update for Windows Server 2012 R2 (KB3156016)
- Security Update for Windows Server 2012 R2 (KB3082089)
- Update for Windows Server 2012 R2 (KB3133681)
- Update for Windows Server 2012 R2 (KB3045992)
- Security Update for Windows Server 2012 R2 (KB3164294)
- Update for Windows Server 2012 R2 (KB3096433)
- Update for Windows Server 2012 R2 (KB3140219)
- Update for Windows Server 2012 R2 (KB3077715)
- Update for Windows Server 2012 R2 (KB3147071)
- Security Update for Windows Server 2012 R2 (KB2992611)
- Update for Windows Server 2012 R2 (KB3042085)
- Update for Windows Server 2012 R2 (KB3048043)
- Security Update for Windows Server 2012 R2 (KB3042553)
- Update for Windows Server 2012 R2 (KB2967917)
- Update for Windows Server 2012 R2 (KB3133690)
- Update for Windows Server 2012 R2 (KB3137061)
- Security Update for Windows Server 2012 R2 (KB3159398)
- Update for Windows Server 2012 R2 (KB3080149)
- Update for Windows Server 2012 R2 (KB3149157)
- Security Update for Windows Server 2012 R2 (KB3045999)
- Security Update for Windows Server 2012 R2 (KB3146963)
- Security Update for Windows Server 2012 R2 (KB3003743)
- Update for Windows Server 2012 R2 (KB3145384)
- Update for Windows Server 2012 R2 (KB3132080)
- Update for Windows Server 2012 R2 (KB3012702)
- Security Update for Windows Server 2012 R2 (KB3046359)
- Security Update for Windows Server 2012 R2 (KB3161561)
- Security Update for Microsoft .NET Framework 4.5.1 and 4.5.2 on Windows 8.1 and Windows Server 2012 R2 x64-based Systems (KB2978126)
- Update for Windows Server 2012 R2 (KB3095701)
- Security Update for Microsoft .NET Framework 4.5.1 and 4.5.2 on Windows 8.1 and Windows Server 2012 R2 x64-based Systems (KB3074548)
- Security Update for Windows Server 2012 R2 (KB3004365)
- Security Update for Windows Server 2012 R2 (KB3030377)
- Security Update for Windows Server 2012 R2 (KB3121918)
- Security Update for Windows Server 2012 R2 (KB2973201)
- Security Update for Windows Server 2012 R2 (KB2977292)
- Update for Windows Server 2012 R2 (KB3125424)
- Update for Windows Server 2012 R2 (KB3034348)
- Security Update for Windows Server 2012 R2 (KB3133043)
- Update for Windows Server 2012 R2 (KB3179574)
- Update for Windows Server 2012 R2 (KB3096411)
- Update for Windows Server 2012 R2 (KB3046737)
- Update for Windows Server 2012 R2 (KB3115224)
- Security Update for Windows Server 2012 R2 (KB3149090)
- Update for Windows Server 2012 R2 (KB3146751)
- Security Update for Windows Server 2012 R2 (KB3164035)
- Security Update for Windows Server 2012 R2 (KB3126446)
- Update for Windows Server 2012 R2 (KB3139921)
- Update for Windows Server 2012 R2 (KB3024751)
- Security Update for Windows Server 2012 R2 (KB3153704)
- Security Update for Windows Server 2012 R2 (KB3011780)
- Update for Windows Server 2012 R2 (KB3087390)
- Update for Windows Server 2012 R2 (KB3103616)
- Update for Windows Server 2012 R2 (KB3060383)
- Update for Windows Server 2012 R2 (KB3087041)
- Update for Windows Server 2012 R2 (KB3123245)
- Update for Windows Server 2012 R2 (KB3029603)
- Update for Windows Server 2012 R2 (KB3060681)
- Security Update for Windows Server 2012 R2 (KB3175024)
- Security Update for Windows Server 2012 R2 (KB3071756)
- Security Update for Windows Server 2012 R2 (KB3046017)
- Security Update for Windows Server 2012 R2 (KB3126041)
- Update for Windows Server 2012 R2 (KB3016074)
- Security Update for Windows Server 2012 R2 (KB3059317)
- Update for Windows Server 2012 R2 (KB3038002)
- Update for Windows Server 2012 R2 (KB3013172)
- Update for Windows Server 2012 R2 (KB3091297)
- Update for Windows Server 2012 R2 (KB3182203)
- Security Update for Windows Server 2012 R2 (KB3169704)
- Update for Windows Server 2012 R2 (KB3100956)
- Update for Windows Server 2012 R2 (KB3000850)
- Update for Windows Server 2012 R2 (KB3045719)
- Update for Windows Server 2012 R2 (KB3030947)
- Security Update for Windows Server 2012 R2 (KB3184943)
- Security Update for Windows Server 2012 R2 (KB3162343)"
