Information,12/13/2016 4:28:17 AM,Service Control Manager,7040,None,The start type of the Windows Modules Installer service was changed from auto start to demand start.
Information,12/13/2016 4:28:16 AM,Service Control Manager,7040,None,The start type of the Windows Modules Installer service was changed from demand start to auto start.
Information,12/13/2016 4:28:16 AM,Service Control Manager,7040,None,The start type of the Windows Modules Installer service was changed from auto start to demand start.
Information,12/13/2016 4:28:13 AM,Service Control Manager,7040,None,The start type of the Windows Modules Installer service was changed from demand start to auto start.
Information,12/13/2016 4:28:13 AM,Service Control Manager,7040,None,The start type of the Windows Modules Installer service was changed from auto start to demand start.
Information,12/13/2016 4:28:13 AM,Service Control Manager,7040,None,The start type of the Windows Modules Installer service was changed from demand start to auto start.
Information,12/13/2016 4:28:13 AM,Service Control Manager,7040,None,The start type of the Windows Modules Installer service was changed from auto start to demand start.
Information,12/13/2016 4:28:10 AM,Service Control Manager,7040,None,The start type of the Windows Modules Installer service was changed from demand start to auto start.
Information,12/13/2016 4:28:10 AM,Service Control Manager,7040,None,The start type of the Windows Modules Installer service was changed from auto start to demand start.
Information,12/13/2016 4:28:09 AM,Service Control Manager,7040,None,The start type of the Windows Modules Installer service was changed from demand start to auto start.
Information,12/13/2016 4:28:09 AM,Service Control Manager,7040,None,The start type of the Windows Modules Installer service was changed from auto start to demand start.
Information,12/13/2016 4:28:09 AM,Service Control Manager,7040,None,The start type of the Windows Modules Installer service was changed from demand start to auto start.
Information,12/13/2016 4:28:09 AM,Service Control Manager,7040,None,The start type of the Windows Modules Installer service was changed from auto start to demand start.
Information,12/13/2016 4:28:09 AM,Service Control Manager,7040,None,The start type of the Windows Modules Installer service was changed from demand start to auto start.
Information,12/13/2016 4:28:08 AM,Service Control Manager,7040,None,The start type of the Windows Modules Installer service was changed from auto start to demand start.
Information,12/13/2016 4:28:06 AM,Service Control Manager,7040,None,The start type of the Windows Modules Installer service was changed from demand start to auto start.
Information,12/13/2016 4:28:06 AM,Service Control Manager,7040,None,The start type of the Windows Modules Installer service was changed from auto start to demand start.
Information,12/13/2016 4:28:06 AM,Service Control Manager,7040,None,The start type of the Windows Modules Installer service was changed from demand start to auto start.
Information,12/13/2016 4:28:05 AM,Service Control Manager,7040,None,The start type of the Windows Modules Installer service was changed from auto start to demand start.
Information,12/13/2016 4:28:05 AM,Service Control Manager,7040,None,The start type of the Windows Modules Installer service was changed from demand start to auto start.
Information,12/13/2016 4:28:05 AM,Service Control Manager,7040,None,The start type of the Windows Modules Installer service was changed from auto start to demand start.
Information,12/13/2016 4:28:03 AM,Service Control Manager,7040,None,The start type of the Windows Modules Installer service was changed from demand start to auto start.
Information,12/13/2016 4:28:03 AM,Service Control Manager,7040,None,The start type of the Windows Modules Installer service was changed from auto start to demand start.
Information,12/13/2016 4:28:03 AM,Service Control Manager,7040,None,The start type of the Windows Modules Installer service was changed from demand start to auto start.
Information,12/13/2016 4:28:03 AM,Service Control Manager,7040,None,The start type of the Windows Modules Installer service was changed from auto start to demand start.
Information,12/13/2016 4:28:00 AM,Service Control Manager,7040,None,The start type of the Windows Modules Installer service was changed from demand start to auto start.
Information,12/13/2016 4:28:00 AM,Service Control Manager,7040,None,The start type of the Windows Modules Installer service was changed from auto start to demand start.
Information,12/13/2016 4:28:00 AM,Service Control Manager,7040,None,The start type of the Windows Modules Installer service was changed from demand start to auto start.
Information,12/13/2016 4:27:59 AM,Service Control Manager,7040,None,The start type of the Windows Modules Installer service was changed from auto start to demand start.
Information,12/13/2016 4:27:59 AM,Service Control Manager,7040,None,The start type of the Windows Modules Installer service was changed from demand start to auto start.
Information,12/13/2016 4:27:59 AM,Service Control Manager,7040,None,The start type of the Windows Modules Installer service was changed from auto start to demand start.
Information,12/13/2016 4:27:59 AM,Service Control Manager,7040,None,The start type of the Windows Modules Installer service was changed from demand start to auto start.
Information,12/13/2016 4:27:59 AM,Service Control Manager,7040,None,The start type of the Windows Modules Installer service was changed from auto start to demand start.
Information,12/13/2016 4:27:59 AM,Service Control Manager,7040,None,The start type of the Windows Modules Installer service was changed from demand start to auto start.
Information,12/13/2016 4:27:57 AM,Service Control Manager,7040,None,The start type of the Windows Modules Installer service was changed from auto start to demand start.
Information,12/13/2016 4:27:57 AM,Service Control Manager,7040,None,The start type of the Windows Modules Installer service was changed from demand start to auto start.
Information,12/13/2016 4:27:56 AM,Service Control Manager,7040,None,The start type of the Windows Modules Installer service was changed from auto start to demand start.
Information,12/13/2016 4:27:56 AM,Service Control Manager,7040,None,The start type of the Windows Modules Installer service was changed from demand start to auto start.
Information,12/13/2016 4:27:56 AM,Service Control Manager,7040,None,The start type of the Windows Modules Installer service was changed from auto start to demand start.
Information,12/13/2016 4:27:45 AM,Service Control Manager,7040,None,The start type of the Windows Modules Installer service was changed from demand start to auto start.
Information,12/13/2016 4:27:21 AM,Service Control Manager,7040,None,The start type of the Windows Modules Installer service was changed from auto start to demand start.
Information,12/13/2016 4:27:18 AM,Service Control Manager,7040,None,The start type of the Windows Modules Installer service was changed from demand start to auto start.
Information,12/13/2016 4:27:18 AM,Service Control Manager,7040,None,The start type of the Windows Modules Installer service was changed from auto start to demand start.
Information,12/13/2016 4:27:15 AM,Service Control Manager,7040,None,The start type of the Windows Modules Installer service was changed from demand start to auto start.
Information,12/13/2016 4:27:15 AM,Service Control Manager,7040,None,The start type of the Windows Modules Installer service was changed from auto start to demand start.
Information,12/13/2016 4:27:15 AM,Service Control Manager,7040,None,The start type of the Windows Modules Installer service was changed from demand start to auto start.
Information,12/13/2016 4:27:15 AM,Service Control Manager,7040,None,The start type of the Windows Modules Installer service was changed from auto start to demand start.
Information,12/13/2016 4:27:15 AM,Service Control Manager,7040,None,The start type of the Windows Modules Installer service was changed from demand start to auto start.
Information,12/13/2016 4:27:15 AM,Service Control Manager,7040,None,The start type of the Windows Modules Installer service was changed from auto start to demand start.
Information,12/13/2016 4:27:15 AM,Service Control Manager,7040,None,The start type of the Windows Modules Installer service was changed from demand start to auto start.
Information,12/13/2016 4:27:14 AM,Service Control Manager,7040,None,The start type of the Windows Modules Installer service was changed from auto start to demand start.
Information,12/13/2016 4:27:14 AM,Service Control Manager,7040,None,The start type of the Windows Modules Installer service was changed from demand start to auto start.
Information,12/13/2016 4:27:14 AM,Service Control Manager,7040,None,The start type of the Windows Modules Installer service was changed from auto start to demand start.
Information,12/13/2016 4:27:14 AM,Service Control Manager,7040,None,The start type of the Windows Modules Installer service was changed from demand start to auto start.
Information,12/13/2016 4:27:14 AM,Service Control Manager,7040,None,The start type of the Windows Modules Installer service was changed from auto start to demand start.
Information,12/13/2016 4:27:14 AM,Service Control Manager,7040,None,The start type of the Windows Modules Installer service was changed from demand start to auto start.
Information,12/13/2016 4:27:14 AM,Service Control Manager,7040,None,The start type of the Windows Modules Installer service was changed from auto start to demand start.
Information,12/13/2016 4:27:14 AM,Service Control Manager,7040,None,The start type of the Windows Modules Installer service was changed from demand start to auto start.
Information,12/13/2016 4:27:14 AM,Service Control Manager,7040,None,The start type of the Windows Modules Installer service was changed from auto start to demand start.
Information,12/13/2016 4:27:14 AM,Service Control Manager,7040,None,The start type of the Windows Modules Installer service was changed from demand start to auto start.
Information,12/13/2016 4:27:13 AM,Service Control Manager,7040,None,The start type of the Windows Modules Installer service was changed from auto start to demand start.
Information,12/13/2016 4:27:13 AM,Service Control Manager,7040,None,The start type of the Windows Modules Installer service was changed from demand start to auto start.
Information,12/13/2016 4:27:13 AM,Service Control Manager,7040,None,The start type of the Windows Modules Installer service was changed from auto start to demand start.
Information,12/13/2016 4:27:13 AM,Service Control Manager,7040,None,The start type of the Windows Modules Installer service was changed from demand start to auto start.
Information,12/13/2016 4:27:13 AM,Service Control Manager,7040,None,The start type of the Windows Modules Installer service was changed from auto start to demand start.
Information,12/13/2016 4:27:13 AM,Service Control Manager,7040,None,The start type of the Windows Modules Installer service was changed from demand start to auto start.
Information,12/13/2016 4:27:13 AM,Service Control Manager,7040,None,The start type of the Windows Modules Installer service was changed from auto start to demand start.
Information,12/13/2016 4:27:13 AM,Service Control Manager,7040,None,The start type of the Windows Modules Installer service was changed from demand start to auto start.
Information,12/13/2016 4:27:13 AM,Service Control Manager,7040,None,The start type of the Windows Modules Installer service was changed from auto start to demand start.
Information,12/13/2016 4:27:13 AM,Service Control Manager,7040,None,The start type of the Windows Modules Installer service was changed from demand start to auto start.
Information,12/13/2016 4:27:13 AM,Service Control Manager,7040,None,The start type of the Windows Modules Installer service was changed from auto start to demand start.
Information,12/13/2016 4:27:10 AM,Service Control Manager,7040,None,The start type of the Windows Modules Installer service was changed from demand start to auto start.
Information,12/13/2016 4:27:10 AM,Service Control Manager,7040,None,The start type of the Windows Modules Installer service was changed from auto start to demand start.
Information,12/13/2016 4:27:10 AM,Service Control Manager,7040,None,The start type of the Windows Modules Installer service was changed from demand start to auto start.
Information,12/13/2016 4:27:10 AM,Service Control Manager,7040,None,The start type of the Windows Modules Installer service was changed from auto start to demand start.
Information,12/13/2016 4:27:07 AM,Service Control Manager,7040,None,The start type of the Windows Modules Installer service was changed from demand start to auto start.
Information,12/13/2016 4:27:07 AM,Service Control Manager,7040,None,The start type of the Windows Modules Installer service was changed from auto start to demand start.
Information,12/13/2016 4:27:07 AM,Service Control Manager,7040,None,The start type of the Windows Modules Installer service was changed from demand start to auto start.
Information,12/13/2016 4:27:07 AM,Service Control Manager,7040,None,The start type of the Windows Modules Installer service was changed from auto start to demand start.
Information,12/13/2016 4:27:07 AM,Service Control Manager,7040,None,The start type of the Windows Modules Installer service was changed from demand start to auto start.
Information,12/13/2016 4:27:07 AM,Service Control Manager,7040,None,The start type of the Windows Modules Installer service was changed from auto start to demand start.
Information,12/13/2016 4:27:06 AM,Service Control Manager,7036,None,The Device Setup Manager service entered the stopped state.
Information,12/13/2016 4:27:05 AM,Service Control Manager,7040,None,The start type of the Windows Modules Installer service was changed from demand start to auto start.
Information,12/13/2016 4:27:05 AM,Service Control Manager,7040,None,The start type of the Windows Modules Installer service was changed from auto start to demand start.
Information,12/13/2016 4:27:05 AM,Service Control Manager,7040,None,The start type of the Windows Modules Installer service was changed from demand start to auto start.
Information,12/13/2016 4:27:05 AM,Service Control Manager,7040,None,The start type of the Windows Modules Installer service was changed from auto start to demand start.
Information,12/13/2016 4:27:04 AM,Service Control Manager,7040,None,The start type of the Windows Modules Installer service was changed from demand start to auto start.
Information,12/13/2016 4:27:04 AM,Service Control Manager,7040,None,The start type of the Windows Modules Installer service was changed from auto start to demand start.
Information,12/13/2016 4:27:02 AM,Service Control Manager,7040,None,The start type of the Windows Modules Installer service was changed from demand start to auto start.
Information,12/13/2016 4:27:01 AM,Service Control Manager,7036,None,The Windows Error Reporting Service service entered the stopped state.
Information,12/13/2016 4:27:01 AM,Service Control Manager,7040,None,The start type of the Windows Modules Installer service was changed from auto start to demand start.
Information,12/13/2016 4:27:01 AM,Service Control Manager,7040,None,The start type of the Windows Modules Installer service was changed from demand start to auto start.
Information,12/13/2016 4:27:01 AM,Service Control Manager,7040,None,The start type of the Windows Modules Installer service was changed from auto start to demand start.
Information,12/13/2016 4:27:01 AM,Service Control Manager,7040,None,The start type of the Windows Modules Installer service was changed from demand start to auto start.
Information,12/13/2016 4:27:01 AM,Service Control Manager,7040,None,The start type of the Windows Modules Installer service was changed from auto start to demand start.
Information,12/13/2016 4:26:57 AM,Service Control Manager,7040,None,The start type of the Windows Modules Installer service was changed from demand start to auto start.
Information,12/13/2016 4:26:57 AM,Service Control Manager,7040,None,The start type of the Windows Modules Installer service was changed from auto start to demand start.
Information,12/13/2016 4:26:54 AM,Service Control Manager,7040,None,The start type of the Windows Modules Installer service was changed from demand start to auto start.
Information,12/13/2016 4:26:54 AM,Service Control Manager,7040,None,The start type of the Windows Modules Installer service was changed from auto start to demand start.
Information,12/13/2016 4:26:54 AM,Service Control Manager,7040,None,The start type of the Windows Modules Installer service was changed from demand start to auto start.
Information,12/13/2016 4:26:54 AM,Service Control Manager,7040,None,The start type of the Windows Modules Installer service was changed from auto start to demand start.
Information,12/13/2016 4:26:54 AM,Service Control Manager,7040,None,The start type of the Windows Modules Installer service was changed from demand start to auto start.
Information,12/13/2016 4:26:54 AM,Service Control Manager,7040,None,The start type of the Windows Modules Installer service was changed from auto start to demand start.
Information,12/13/2016 4:26:54 AM,Service Control Manager,7040,None,The start type of the Windows Modules Installer service was changed from demand start to auto start.
Information,12/13/2016 4:26:54 AM,Service Control Manager,7040,None,The start type of the Windows Modules Installer service was changed from auto start to demand start.
Information,12/13/2016 4:26:54 AM,Service Control Manager,7040,None,The start type of the Windows Modules Installer service was changed from demand start to auto start.
Information,12/13/2016 4:26:53 AM,Service Control Manager,7040,None,The start type of the Windows Modules Installer service was changed from auto start to demand start.
Information,12/13/2016 4:26:53 AM,Service Control Manager,7040,None,The start type of the Windows Modules Installer service was changed from demand start to auto start.
Information,12/13/2016 4:26:53 AM,Service Control Manager,7040,None,The start type of the Windows Modules Installer service was changed from auto start to demand start.
Information,12/13/2016 4:26:51 AM,Service Control Manager,7040,None,The start type of the Windows Modules Installer service was changed from demand start to auto start.
Information,12/13/2016 4:26:51 AM,Service Control Manager,7040,None,The start type of the Windows Modules Installer service was changed from auto start to demand start.
Information,12/13/2016 4:26:48 AM,Service Control Manager,7040,None,The start type of the Windows Modules Installer service was changed from demand start to auto start.
Information,12/13/2016 4:26:48 AM,Service Control Manager,7040,None,The start type of the Windows Modules Installer service was changed from auto start to demand start.
Information,12/13/2016 4:26:48 AM,Service Control Manager,7040,None,The start type of the Windows Modules Installer service was changed from demand start to auto start.
Information,12/13/2016 4:26:48 AM,Service Control Manager,7040,None,The start type of the Windows Modules Installer service was changed from auto start to demand start.
Information,12/13/2016 4:26:48 AM,Service Control Manager,7040,None,The start type of the Windows Modules Installer service was changed from demand start to auto start.
Information,12/13/2016 4:26:48 AM,Service Control Manager,7040,None,The start type of the Windows Modules Installer service was changed from auto start to demand start.
Information,12/13/2016 4:26:48 AM,Service Control Manager,7040,None,The start type of the Windows Modules Installer service was changed from demand start to auto start.
Information,12/13/2016 4:26:47 AM,Service Control Manager,7040,None,The start type of the Windows Modules Installer service was changed from auto start to demand start.
Information,12/13/2016 4:26:45 AM,Service Control Manager,7040,None,The start type of the Windows Modules Installer service was changed from demand start to auto start.
Information,12/13/2016 4:26:45 AM,Service Control Manager,7040,None,The start type of the Windows Modules Installer service was changed from auto start to demand start.
Information,12/13/2016 4:26:44 AM,Service Control Manager,7040,None,The start type of the Windows Modules Installer service was changed from demand start to auto start.
Information,12/13/2016 4:26:44 AM,Service Control Manager,7040,None,The start type of the Windows Modules Installer service was changed from auto start to demand start.
Information,12/13/2016 4:26:41 AM,Service Control Manager,7040,None,The start type of the Windows Modules Installer service was changed from demand start to auto start.
Information,12/13/2016 4:26:41 AM,Service Control Manager,7040,None,The start type of the Windows Modules Installer service was changed from auto start to demand start.
Information,12/13/2016 4:26:41 AM,Service Control Manager,7040,None,The start type of the Windows Modules Installer service was changed from demand start to auto start.
Information,12/13/2016 4:26:41 AM,Service Control Manager,7040,None,The start type of the Windows Modules Installer service was changed from auto start to demand start.
Information,12/13/2016 4:26:36 AM,Service Control Manager,7040,None,The start type of the Windows Modules Installer service was changed from demand start to auto start.
Information,12/13/2016 4:26:36 AM,Service Control Manager,7040,None,The start type of the Windows Modules Installer service was changed from auto start to demand start.
Information,12/13/2016 4:26:33 AM,Service Control Manager,7040,None,The start type of the Windows Modules Installer service was changed from demand start to auto start.
Information,12/13/2016 4:26:33 AM,Service Control Manager,7040,None,The start type of the Windows Modules Installer service was changed from auto start to demand start.
Information,12/13/2016 4:26:33 AM,Service Control Manager,7040,None,The start type of the Windows Modules Installer service was changed from demand start to auto start.
Information,12/13/2016 4:26:33 AM,Service Control Manager,7040,None,The start type of the Windows Modules Installer service was changed from auto start to demand start.
Information,12/13/2016 4:26:33 AM,Service Control Manager,7040,None,The start type of the Windows Modules Installer service was changed from demand start to auto start.
Information,12/13/2016 4:26:33 AM,Service Control Manager,7040,None,The start type of the Windows Modules Installer service was changed from auto start to demand start.
Information,12/13/2016 4:26:28 AM,Service Control Manager,7040,None,The start type of the Windows Modules Installer service was changed from demand start to auto start.
Information,12/13/2016 4:26:27 AM,Service Control Manager,7040,None,The start type of the Windows Modules Installer service was changed from auto start to demand start.
Information,12/13/2016 4:26:27 AM,Service Control Manager,7040,None,The start type of the Windows Modules Installer service was changed from demand start to auto start.
Information,12/13/2016 4:26:27 AM,Service Control Manager,7040,None,The start type of the Windows Modules Installer service was changed from auto start to demand start.
Information,12/13/2016 4:26:27 AM,Service Control Manager,7040,None,The start type of the Windows Modules Installer service was changed from demand start to auto start.
Information,12/13/2016 4:26:26 AM,Service Control Manager,7040,None,The start type of the Windows Modules Installer service was changed from auto start to demand start.
Information,12/13/2016 4:26:26 AM,Service Control Manager,7040,None,The start type of the Windows Modules Installer service was changed from demand start to auto start.
Information,12/13/2016 4:26:26 AM,Service Control Manager,7040,None,The start type of the Windows Modules Installer service was changed from auto start to demand start.
Information,12/13/2016 4:25:56 AM,Service Control Manager,7040,None,The start type of the Windows Modules Installer service was changed from demand start to auto start.
Information,12/13/2016 4:25:56 AM,Service Control Manager,7040,None,The start type of the Windows Modules Installer service was changed from auto start to demand start.
Information,12/13/2016 4:25:56 AM,Service Control Manager,7040,None,The start type of the Windows Modules Installer service was changed from demand start to auto start.
Information,12/13/2016 4:25:56 AM,Service Control Manager,7040,None,The start type of the Windows Modules Installer service was changed from auto start to demand start.
Information,12/13/2016 4:25:47 AM,Service Control Manager,7040,None,The start type of the Windows Modules Installer service was changed from demand start to auto start.
Information,12/13/2016 4:25:42 AM,Service Control Manager,7036,None,The Software Protection service entered the stopped state.
Information,12/13/2016 4:25:41 AM,Microsoft-Windows-WindowsUpdateClient,19,Windows Update Agent,Installation Successful: Windows successfully installed the following update: Cumulative Security Update for Internet Explorer 11 for Windows Server 2012 R2 (KB3185319)
Information,12/13/2016 4:25:41 AM,Service Control Manager,7040,None,The start type of the Windows Modules Installer service was changed from auto start to demand start.
Information,12/13/2016 4:25:36 AM,Service Control Manager,7040,None,The start type of the Windows Modules Installer service was changed from demand start to auto start.
Information,12/13/2016 4:25:35 AM,Service Control Manager,7036,None,The Microsoft Software Shadow Copy Provider service entered the running state.
Information,12/13/2016 4:25:35 AM,Service Control Manager,7036,None,The Volume Shadow Copy service entered the running state.
Information,12/13/2016 4:25:35 AM,Service Control Manager,7040,None,The start type of the Windows Modules Installer service was changed from auto start to demand start.
Information,12/13/2016 4:25:17 AM,Microsoft-Windows-WindowsUpdateClient,43,Windows Update Agent,Installation Started: Windows has started installing the following update: Cumulative Security Update for Internet Explorer 11 for Windows Server 2012 R2 (KB3185319)
Information,12/13/2016 4:25:12 AM,Service Control Manager,7040,None,The start type of the Windows Modules Installer service was changed from demand start to auto start.
Information,12/13/2016 4:25:12 AM,Service Control Manager,7040,None,The start type of the Windows Modules Installer service was changed from auto start to demand start.
Information,12/13/2016 4:25:12 AM,Service Control Manager,7036,None,The Software Protection service entered the running state.
Information,12/13/2016 4:25:12 AM,Service Control Manager,7040,None,The start type of the Windows Modules Installer service was changed from demand start to auto start.
Information,12/13/2016 4:25:11 AM,Service Control Manager,7040,None,The start type of the Windows Modules Installer service was changed from auto start to demand start.
Information,12/13/2016 4:25:10 AM,Service Control Manager,7040,None,The start type of the Windows Modules Installer service was changed from demand start to auto start.
Information,12/13/2016 4:25:10 AM,Service Control Manager,7040,None,The start type of the Windows Modules Installer service was changed from auto start to demand start.
Information,12/13/2016 4:25:01 AM,Service Control Manager,7040,None,The start type of the Windows Modules Installer service was changed from demand start to auto start.
Information,12/13/2016 4:25:01 AM,Service Control Manager,7036,None,The Windows Modules Installer service entered the running state.
Information,12/13/2016 4:25:01 AM,Service Control Manager,7036,None,The DNS Client service entered the running state.
Information,12/13/2016 4:25:01 AM,Service Control Manager,7036,None,The Device Setup Manager service entered the running state.
Information,12/13/2016 4:25:01 AM,Service Control Manager,7036,None,The WinHTTP Web Proxy Auto-Discovery Service service entered the running state.
Information,12/13/2016 4:25:01 AM,Service Control Manager,7036,None,The Windows Error Reporting Service service entered the running state.
Information,12/13/2016 4:25:01 AM,Service Control Manager,7036,None,The Windows Update service entered the running state.
Information,12/13/2016 4:23:46 AM,Service Control Manager,7036,None,The DNS Client service entered the stopped state.
Information,12/13/2016 4:23:05 AM,Service Control Manager,7036,None,The Software Protection service entered the stopped state.
Information,12/13/2016 4:22:35 AM,Service Control Manager,7036,None,The Software Protection service entered the running state.
Information,12/13/2016 4:14:24 AM,Service Control Manager,7036,None,The WinHTTP Web Proxy Auto-Discovery Service service entered the stopped state.
Information,12/13/2016 3:57:26 AM,Service Control Manager,7036,None,The Windows Update service entered the stopped state.
Information,12/13/2016 3:53:05 AM,Service Control Manager,7036,None,The Software Protection service entered the stopped state.
Information,12/13/2016 3:52:35 AM,Service Control Manager,7036,None,The Software Protection service entered the running state.
Information,12/13/2016 3:47:24 AM,Service Control Manager,7036,None,The WinHTTP Web Proxy Auto-Discovery Service service entered the running state.
Information,12/13/2016 3:47:24 AM,Service Control Manager,7036,None,The Windows Update service entered the running state.
Information,12/13/2016 3:43:46 AM,Service Control Manager,7036,None,The DNS Client service entered the running state.
Information,12/13/2016 3:23:05 AM,Service Control Manager,7036,None,The Software Protection service entered the stopped state.
Information,12/13/2016 3:22:35 AM,Service Control Manager,7036,None,The Software Protection service entered the running state.
Information,12/13/2016 2:59:08 AM,Service Control Manager,7036,None,The DNS Client service entered the stopped state.
Information,12/13/2016 2:53:05 AM,Service Control Manager,7036,None,The Software Protection service entered the stopped state.
Information,12/13/2016 2:52:34 AM,Service Control Manager,7036,None,The Software Protection service entered the running state.
Information,12/13/2016 2:46:08 AM,Service Control Manager,7036,None,The WinHTTP Web Proxy Auto-Discovery Service service entered the stopped state.
Information,12/13/2016 2:29:10 AM,Service Control Manager,7036,None,The Windows Update service entered the stopped state.
Information,12/13/2016 2:23:05 AM,Service Control Manager,7036,None,The Software Protection service entered the stopped state.
Information,12/13/2016 2:22:34 AM,Service Control Manager,7036,None,The Software Protection service entered the running state.
Information,12/13/2016 2:19:08 AM,Service Control Manager,7036,None,The DNS Client service entered the running state.
Information,12/13/2016 2:19:08 AM,Service Control Manager,7036,None,The WinHTTP Web Proxy Auto-Discovery Service service entered the running state.
Information,12/13/2016 2:19:08 AM,Service Control Manager,7036,None,The Windows Update service entered the running state.
Information,12/13/2016 2:00:42 AM,Service Control Manager,7036,None,The DNS Client service entered the stopped state.
Information,12/13/2016 1:53:05 AM,Service Control Manager,7036,None,The Software Protection service entered the stopped state.
Information,12/13/2016 1:52:34 AM,Service Control Manager,7036,None,The Software Protection service entered the running state.
Information,12/13/2016 1:47:42 AM,Service Control Manager,7036,None,The WinHTTP Web Proxy Auto-Discovery Service service entered the stopped state.
Information,12/13/2016 1:23:04 AM,Service Control Manager,7036,None,The Software Protection service entered the stopped state.
Information,12/13/2016 1:22:34 AM,Service Control Manager,7036,None,The Software Protection service entered the running state.
Information,12/13/2016 1:20:42 AM,Service Control Manager,7036,None,The Google Update Service (gupdate) service entered the stopped state.
Information,12/13/2016 1:20:42 AM,Service Control Manager,7036,None,The DNS Client service entered the running state.
Information,12/13/2016 1:20:42 AM,Service Control Manager,7036,None,The WinHTTP Web Proxy Auto-Discovery Service service entered the running state.
Information,12/13/2016 1:20:41 AM,Service Control Manager,7036,None,The Google Update Service (gupdate) service entered the running state.
Information,12/13/2016 1:15:05 AM,Service Control Manager,7036,None,The DNS Client service entered the stopped state.
Information,12/13/2016 1:02:05 AM,Service Control Manager,7036,None,The WinHTTP Web Proxy Auto-Discovery Service service entered the stopped state.
Information,12/13/2016 12:53:04 AM,Service Control Manager,7036,None,The Software Protection service entered the stopped state.
Information,12/13/2016 12:52:34 AM,Service Control Manager,7036,None,The Software Protection service entered the running state.
Information,12/13/2016 12:45:07 AM,Service Control Manager,7036,None,The Windows Update service entered the stopped state.
Information,12/13/2016 12:35:05 AM,Service Control Manager,7036,None,The DNS Client service entered the running state.
Information,12/13/2016 12:35:05 AM,Service Control Manager,7036,None,The WinHTTP Web Proxy Auto-Discovery Service service entered the running state.
Information,12/13/2016 12:35:05 AM,Service Control Manager,7036,None,The Windows Update service entered the running state.
Information,12/13/2016 12:23:04 AM,Service Control Manager,7036,None,The Software Protection service entered the stopped state.
Information,12/13/2016 12:22:34 AM,Service Control Manager,7036,None,The Software Protection service entered the running state.
Information,12/13/2016 12:00:40 AM,Service Control Manager,7036,None,The DNS Client service entered the stopped state.
Information,12/12/2016 11:53:04 PM,Service Control Manager,7036,None,The Software Protection service entered the stopped state.
Information,12/12/2016 11:52:34 PM,Service Control Manager,7036,None,The Software Protection service entered the running state.
Information,12/12/2016 11:34:10 PM,Service Control Manager,7036,None,The WinHTTP Web Proxy Auto-Discovery Service service entered the stopped state.
Error,12/12/2016 11:28:25 PM,Schannel,36888,None,A fatal alert was generated and sent to the remote endpoint. This may result in termination of the connection. The TLS protocol defined fatal error code is 10. The Windows SChannel error state is 1203.
Error,12/12/2016 11:28:25 PM,Schannel,36888,None,A fatal alert was generated and sent to the remote endpoint. This may result in termination of the connection. The TLS protocol defined fatal error code is 10. The Windows SChannel error state is 1203.
Information,12/12/2016 11:23:04 PM,Service Control Manager,7036,None,The Software Protection service entered the stopped state.
Information,12/12/2016 11:22:33 PM,Service Control Manager,7036,None,The Software Protection service entered the running state.
Information,12/12/2016 11:15:42 PM,Service Control Manager,7036,None,The Windows Update service entered the stopped state.
Information,12/12/2016 11:05:40 PM,Service Control Manager,7036,None,The DNS Client service entered the running state.
Information,12/12/2016 11:05:40 PM,Service Control Manager,7036,None,The WinHTTP Web Proxy Auto-Discovery Service service entered the running state.
Information,12/12/2016 11:05:40 PM,Service Control Manager,7036,None,The Windows Update service entered the running state.
Information,12/12/2016 11:03:46 PM,Service Control Manager,7036,None,The DNS Client service entered the stopped state.
Information,12/12/2016 10:53:03 PM,Service Control Manager,7036,None,The Software Protection service entered the stopped state.
Information,12/12/2016 10:52:33 PM,Service Control Manager,7036,None,The Software Protection service entered the running state.
Information,12/12/2016 10:43:46 PM,Service Control Manager,7036,None,The DNS Client service entered the running state.
Information,12/12/2016 10:32:33 PM,Service Control Manager,7036,None,The DNS Client service entered the stopped state.
Information,12/12/2016 10:23:03 PM,Service Control Manager,7036,None,The Software Protection service entered the stopped state.
Information,12/12/2016 10:22:33 PM,Service Control Manager,7036,None,The Software Protection service entered the running state.
Information,12/12/2016 10:20:09 PM,Service Control Manager,7036,None,The WinHTTP Web Proxy Auto-Discovery Service service entered the stopped state.
Information,12/12/2016 10:03:11 PM,Service Control Manager,7036,None,The Windows Update service entered the stopped state.
Information,12/12/2016 9:53:09 PM,Service Control Manager,7036,None,The WinHTTP Web Proxy Auto-Discovery Service service entered the running state.
Information,12/12/2016 9:53:09 PM,Service Control Manager,7036,None,The Windows Update service entered the running state.
Information,12/12/2016 9:53:03 PM,Service Control Manager,7036,None,The Software Protection service entered the stopped state.
Information,12/12/2016 9:52:33 PM,Service Control Manager,7036,None,The Software Protection service entered the running state.
Information,12/12/2016 9:43:46 PM,Service Control Manager,7036,None,The DNS Client service entered the running state.
Error,12/12/2016 9:32:46 PM,Schannel,36888,None,A fatal alert was generated and sent to the remote endpoint. This may result in termination of the connection. The TLS protocol defined fatal error code is 10. The Windows SChannel error state is 1203.
Error,12/12/2016 9:32:46 PM,Schannel,36888,None,A fatal alert was generated and sent to the remote endpoint. This may result in termination of the connection. The TLS protocol defined fatal error code is 10. The Windows SChannel error state is 1203.
Information,12/12/2016 9:25:25 PM,Service Control Manager,7036,None,The DNS Client service entered the stopped state.
Information,12/12/2016 9:23:03 PM,Service Control Manager,7036,None,The Software Protection service entered the stopped state.
Information,12/12/2016 9:22:33 PM,Service Control Manager,7036,None,The Software Protection service entered the running state.
Information,12/12/2016 9:14:26 PM,Service Control Manager,7036,None,The WinHTTP Web Proxy Auto-Discovery Service service entered the stopped state.
Information,12/12/2016 8:57:28 PM,Service Control Manager,7036,None,The Windows Update service entered the stopped state.
Information,12/12/2016 8:53:03 PM,Service Control Manager,7036,None,The Software Protection service entered the stopped state.
Information,12/12/2016 8:52:33 PM,Service Control Manager,7036,None,The Software Protection service entered the running state.
Information,12/12/2016 8:47:26 PM,Service Control Manager,7036,None,The WinHTTP Web Proxy Auto-Discovery Service service entered the running state.
Information,12/12/2016 8:47:26 PM,Service Control Manager,7036,None,The Windows Update service entered the running state.
Information,12/12/2016 8:47:25 PM,Service Control Manager,7036,None,The WinHTTP Web Proxy Auto-Discovery Service service entered the stopped state.
Information,12/12/2016 8:23:03 PM,Service Control Manager,7036,None,The Software Protection service entered the stopped state.
Information,12/12/2016 8:22:32 PM,Service Control Manager,7036,None,The Software Protection service entered the running state.
Information,12/12/2016 8:20:25 PM,Service Control Manager,7036,None,The Google Update Service (gupdate) service entered the stopped state.
Information,12/12/2016 8:20:25 PM,Service Control Manager,7036,None,The DNS Client service entered the running state.
Information,12/12/2016 8:20:25 PM,Service Control Manager,7036,None,The WinHTTP Web Proxy Auto-Discovery Service service entered the running state.
Information,12/12/2016 8:20:25 PM,Service Control Manager,7036,None,The Google Update Service (gupdate) service entered the running state.
Information,12/12/2016 8:05:48 PM,Service Control Manager,7036,None,The DNS Client service entered the stopped state.
Information,12/12/2016 7:53:03 PM,Service Control Manager,7036,None,The Software Protection service entered the stopped state.
Information,12/12/2016 7:52:48 PM,Service Control Manager,7036,None,The WinHTTP Web Proxy Auto-Discovery Service service entered the stopped state.
Information,12/12/2016 7:52:32 PM,Service Control Manager,7036,None,The Software Protection service entered the running state.
Information,12/12/2016 7:35:50 PM,Service Control Manager,7036,None,The Windows Update service entered the stopped state.
Information,12/12/2016 7:25:48 PM,Service Control Manager,7036,None,The DNS Client service entered the running state.
Information,12/12/2016 7:25:48 PM,Service Control Manager,7036,None,The WinHTTP Web Proxy Auto-Discovery Service service entered the running state.
Information,12/12/2016 7:25:48 PM,Service Control Manager,7036,None,The Windows Update service entered the running state.
Information,12/12/2016 7:23:02 PM,Service Control Manager,7036,None,The Software Protection service entered the stopped state.
Information,12/12/2016 7:22:32 PM,Service Control Manager,7036,None,The Software Protection service entered the running state.
Information,12/12/2016 7:03:46 PM,Service Control Manager,7036,None,The DNS Client service entered the stopped state.
Information,12/12/2016 6:53:02 PM,Service Control Manager,7036,None,The Software Protection service entered the stopped state.
Information,12/12/2016 6:52:32 PM,Service Control Manager,7036,None,The Software Protection service entered the running state.
Information,12/12/2016 6:43:46 PM,Service Control Manager,7036,None,The DNS Client service entered the running state.
Information,12/12/2016 6:23:02 PM,Service Control Manager,7036,None,The Software Protection service entered the stopped state.
Information,12/12/2016 6:22:47 PM,Service Control Manager,7036,None,The DNS Client service entered the stopped state.
Information,12/12/2016 6:22:32 PM,Service Control Manager,7036,None,The Software Protection service entered the running state.
Information,12/12/2016 6:09:47 PM,Service Control Manager,7036,None,The WinHTTP Web Proxy Auto-Discovery Service service entered the stopped state.
Information,12/12/2016 5:53:02 PM,Service Control Manager,7036,None,The Software Protection service entered the stopped state.
Information,12/12/2016 5:52:49 PM,Service Control Manager,7036,None,The Windows Update service entered the stopped state.
Information,12/12/2016 5:52:32 PM,Service Control Manager,7036,None,The Software Protection service entered the running state.
Information,12/12/2016 5:42:47 PM,Service Control Manager,7036,None,The DNS Client service entered the running state.
Information,12/12/2016 5:42:47 PM,Service Control Manager,7036,None,The WinHTTP Web Proxy Auto-Discovery Service service entered the running state.
Information,12/12/2016 5:42:47 PM,Service Control Manager,7036,None,The Windows Update service entered the running state.
Information,12/12/2016 5:23:02 PM,Service Control Manager,7036,None,The Software Protection service entered the stopped state.
Information,12/12/2016 5:22:31 PM,Service Control Manager,7036,None,The Software Protection service entered the running state.
Error,12/12/2016 5:13:04 PM,Schannel,36888,None,A fatal alert was generated and sent to the remote endpoint. This may result in termination of the connection. The TLS protocol defined fatal error code is 10. The Windows SChannel error state is 1203.
Error,12/12/2016 5:13:04 PM,Schannel,36888,None,A fatal alert was generated and sent to the remote endpoint. This may result in termination of the connection. The TLS protocol defined fatal error code is 10. The Windows SChannel error state is 1203.
Information,12/12/2016 5:08:45 PM,Service Control Manager,7036,None,The DNS Client service entered the stopped state.
Information,12/12/2016 4:55:45 PM,Service Control Manager,7036,None,The WinHTTP Web Proxy Auto-Discovery Service service entered the stopped state.
Information,12/12/2016 4:53:02 PM,Service Control Manager,7036,None,The Software Protection service entered the stopped state.
Information,12/12/2016 4:52:31 PM,Service Control Manager,7036,None,The Software Protection service entered the running state.
Information,12/12/2016 4:38:47 PM,Service Control Manager,7036,None,The Windows Update service entered the stopped state.
Error,12/12/2016 4:30:51 PM,Schannel,36888,None,A fatal alert was generated and sent to the remote endpoint. This may result in termination of the connection. The TLS protocol defined fatal error code is 10. The Windows SChannel error state is 1203.
Error,12/12/2016 4:30:51 PM,Schannel,36888,None,A fatal alert was generated and sent to the remote endpoint. This may result in termination of the connection. The TLS protocol defined fatal error code is 10. The Windows SChannel error state is 1203.
Information,12/12/2016 4:28:45 PM,Service Control Manager,7036,None,The DNS Client service entered the running state.
Information,12/12/2016 4:28:45 PM,Service Control Manager,7036,None,The WinHTTP Web Proxy Auto-Discovery Service service entered the running state.
Information,12/12/2016 4:28:45 PM,Service Control Manager,7036,None,The Windows Update service entered the running state.
Information,12/12/2016 4:23:01 PM,Service Control Manager,7036,None,The Software Protection service entered the stopped state.
Information,12/12/2016 4:22:31 PM,Service Control Manager,7036,None,The Software Protection service entered the running state.
Information,12/12/2016 4:08:46 PM,Service Control Manager,7036,None,The DNS Client service entered the stopped state.
Information,12/12/2016 3:54:01 PM,Service Control Manager,7036,None,The WinHTTP Web Proxy Auto-Discovery Service service entered the stopped state.
Information,12/12/2016 3:53:01 PM,Service Control Manager,7036,None,The Software Protection service entered the stopped state.
Information,12/12/2016 3:52:31 PM,Service Control Manager,7036,None,The Software Protection service entered the running state.
Information,12/12/2016 3:35:40 PM,Service Control Manager,7036,None,The Windows Update service entered the stopped state.
Information,12/12/2016 3:25:38 PM,Service Control Manager,7036,None,The Windows Update service entered the running state.
Information,12/12/2016 3:23:01 PM,Service Control Manager,7036,None,The Software Protection service entered the stopped state.
Information,12/12/2016 3:22:31 PM,Service Control Manager,7036,None,The Software Protection service entered the running state.
Information,12/12/2016 3:20:26 PM,Service Control Manager,7036,None,The Google Update Service (gupdate) service entered the stopped state.
Information,12/12/2016 3:20:25 PM,Service Control Manager,7036,None,The Google Update Service (gupdate) service entered the running state.
Information,12/12/2016 3:00:00 PM,Service Control Manager,7036,None,The WinHTTP Web Proxy Auto-Discovery Service service entered the running state.
Information,12/12/2016 2:53:01 PM,Service Control Manager,7036,None,The Software Protection service entered the stopped state.
Information,12/12/2016 2:52:31 PM,Service Control Manager,7036,None,The Software Protection service entered the running state.
Information,12/12/2016 2:43:46 PM,Service Control Manager,7036,None,The DNS Client service entered the running state.
Information,12/12/2016 2:28:46 PM,Service Control Manager,7036,None,The DNS Client service entered the stopped state.
Information,12/12/2016 2:23:01 PM,Service Control Manager,7036,None,The Software Protection service entered the stopped state.
Information,12/12/2016 2:22:30 PM,Service Control Manager,7036,None,The Software Protection service entered the running state.
Information,12/12/2016 2:18:00 PM,Service Control Manager,7036,None,The WinHTTP Web Proxy Auto-Discovery Service service entered the stopped state.
Information,12/12/2016 2:01:02 PM,Service Control Manager,7036,None,The Windows Update service entered the stopped state.
Error,12/12/2016 1:56:54 PM,Schannel,36888,None,A fatal alert was generated and sent to the remote endpoint. This may result in termination of the connection. The TLS protocol defined fatal error code is 10. The Windows SChannel error state is 1203.
Error,12/12/2016 1:56:53 PM,Schannel,36888,None,A fatal alert was generated and sent to the remote endpoint. This may result in termination of the connection. The TLS protocol defined fatal error code is 10. The Windows SChannel error state is 1203.
Information,12/12/2016 1:53:01 PM,Service Control Manager,7036,None,The Software Protection service entered the stopped state.
Information,12/12/2016 1:52:30 PM,Service Control Manager,7036,None,The Software Protection service entered the running state.
Information,12/12/2016 1:51:00 PM,Service Control Manager,7036,None,The WinHTTP Web Proxy Auto-Discovery Service service entered the running state.
Information,12/12/2016 1:51:00 PM,Service Control Manager,7036,None,The Windows Update service entered the running state.
Information,12/12/2016 1:43:46 PM,Service Control Manager,7036,None,The DNS Client service entered the running state.
Information,12/12/2016 1:23:46 PM,Service Control Manager,7036,None,The DNS Client service entered the stopped state.
Information,12/12/2016 1:23:01 PM,Service Control Manager,7036,None,The Software Protection service entered the stopped state.
Information,12/12/2016 1:22:30 PM,Service Control Manager,7036,None,The Software Protection service entered the running state.
Information,12/12/2016 1:12:19 PM,Service Control Manager,7036,None,The WinHTTP Web Proxy Auto-Discovery Service service entered the stopped state.
Information,12/12/2016 12:55:21 PM,Service Control Manager,7036,None,The Windows Update service entered the stopped state.
