Information,11/23/2016 3:34:37 PM,Service Control Manager,7036,None,The WinHTTP Web Proxy Auto-Discovery Service service entered the running state.
Information,11/23/2016 3:24:03 PM,Service Control Manager,7036,None,The WinHTTP Web Proxy Auto-Discovery Service service entered the stopped state.
Information,11/23/2016 3:10:29 PM,Service Control Manager,7036,None,The Software Protection service entered the stopped state.
Information,11/23/2016 3:09:59 PM,Service Control Manager,7036,None,The Software Protection service entered the running state.
Information,11/23/2016 2:57:03 PM,Service Control Manager,7036,None,The DNS Client service entered the running state.
Information,11/23/2016 2:57:03 PM,Service Control Manager,7036,None,The WinHTTP Web Proxy Auto-Discovery Service service entered the running state.
Information,11/23/2016 2:40:29 PM,Service Control Manager,7036,None,The Software Protection service entered the stopped state.
Information,11/23/2016 2:39:58 PM,Service Control Manager,7036,None,The Software Protection service entered the running state.
Information,11/23/2016 2:10:29 PM,Service Control Manager,7036,None,The Software Protection service entered the stopped state.
Information,11/23/2016 2:09:58 PM,Service Control Manager,7036,None,The Software Protection service entered the running state.
Information,11/23/2016 1:44:02 PM,Service Control Manager,7036,None,The DNS Client service entered the stopped state.
Information,11/23/2016 1:40:28 PM,Service Control Manager,7036,None,The Software Protection service entered the stopped state.
Information,11/23/2016 1:39:58 PM,Service Control Manager,7036,None,The Software Protection service entered the running state.
Information,11/23/2016 1:31:02 PM,Service Control Manager,7036,None,The WinHTTP Web Proxy Auto-Discovery Service service entered the stopped state.
Information,11/23/2016 1:10:28 PM,Service Control Manager,7036,None,The Software Protection service entered the stopped state.
Information,11/23/2016 1:09:58 PM,Service Control Manager,7036,None,The Software Protection service entered the running state.
Information,11/23/2016 1:04:02 PM,Service Control Manager,7036,None,The DNS Client service entered the running state.
Information,11/23/2016 1:04:02 PM,Service Control Manager,7036,None,The WinHTTP Web Proxy Auto-Discovery Service service entered the running state.
Information,11/23/2016 12:40:28 PM,Service Control Manager,7036,None,The Software Protection service entered the stopped state.
Information,11/23/2016 12:39:58 PM,Service Control Manager,7036,None,The Software Protection service entered the running state.
Information,11/23/2016 12:10:28 PM,Service Control Manager,7036,None,The Software Protection service entered the stopped state.
Information,11/23/2016 12:09:58 PM,Service Control Manager,7036,None,The Software Protection service entered the running state.
Information,11/23/2016 12:03:02 PM,Service Control Manager,7036,None,The DNS Client service entered the stopped state.
Information,11/23/2016 11:50:02 AM,Service Control Manager,7036,None,The WinHTTP Web Proxy Auto-Discovery Service service entered the stopped state.
Information,11/23/2016 11:40:28 AM,Service Control Manager,7036,None,The Software Protection service entered the stopped state.
Information,11/23/2016 11:39:58 AM,Service Control Manager,7036,None,The Software Protection service entered the running state.
Information,11/23/2016 11:23:02 AM,Service Control Manager,7036,None,The DNS Client service entered the running state.
Information,11/23/2016 11:23:02 AM,Service Control Manager,7036,None,The WinHTTP Web Proxy Auto-Discovery Service service entered the running state.
Information,11/23/2016 11:10:28 AM,Service Control Manager,7036,None,The Software Protection service entered the stopped state.
Information,11/23/2016 11:09:57 AM,Service Control Manager,7036,None,The Software Protection service entered the running state.
Information,11/23/2016 10:40:28 AM,Service Control Manager,7036,None,The Software Protection service entered the stopped state.
Information,11/23/2016 10:39:57 AM,Service Control Manager,7036,None,The Software Protection service entered the running state.
Information,11/23/2016 10:31:02 AM,Service Control Manager,7036,None,The DNS Client service entered the stopped state.
Information,11/23/2016 10:19:32 AM,Service Control Manager,7036,None,The WinHTTP Web Proxy Auto-Discovery Service service entered the stopped state.
Information,11/23/2016 10:10:27 AM,Service Control Manager,7036,None,The Software Protection service entered the stopped state.
Information,11/23/2016 10:09:57 AM,Service Control Manager,7036,None,The Software Protection service entered the running state.
Information,11/23/2016 9:51:02 AM,Service Control Manager,7036,None,The DNS Client service entered the running state.
Information,11/23/2016 9:51:02 AM,Service Control Manager,7036,None,The WinHTTP Web Proxy Auto-Discovery Service service entered the running state.
Information,11/23/2016 9:40:27 AM,Service Control Manager,7036,None,The Software Protection service entered the stopped state.
Information,11/23/2016 9:39:57 AM,Service Control Manager,7036,None,The Software Protection service entered the running state.
Information,11/23/2016 9:30:02 AM,Service Control Manager,7036,None,The DNS Client service entered the stopped state.
Information,11/23/2016 9:17:02 AM,Service Control Manager,7036,None,The WinHTTP Web Proxy Auto-Discovery Service service entered the stopped state.
Information,11/23/2016 9:10:27 AM,Service Control Manager,7036,None,The Software Protection service entered the stopped state.
Information,11/23/2016 9:09:57 AM,Service Control Manager,7036,None,The Software Protection service entered the running state.
Information,11/23/2016 8:50:01 AM,Service Control Manager,7036,None,The DNS Client service entered the running state.
Information,11/23/2016 8:50:01 AM,Service Control Manager,7036,None,The WinHTTP Web Proxy Auto-Discovery Service service entered the running state.
Information,11/23/2016 8:40:27 AM,Service Control Manager,7036,None,The Software Protection service entered the stopped state.
Information,11/23/2016 8:39:57 AM,Service Control Manager,7036,None,The Software Protection service entered the running state.
Information,11/23/2016 8:11:01 AM,Service Control Manager,7036,None,The DNS Client service entered the stopped state.
Information,11/23/2016 8:10:27 AM,Service Control Manager,7036,None,The Software Protection service entered the stopped state.
Information,11/23/2016 8:09:57 AM,Service Control Manager,7036,None,The Software Protection service entered the running state.
Information,11/23/2016 7:58:01 AM,Service Control Manager,7036,None,The WinHTTP Web Proxy Auto-Discovery Service service entered the stopped state.
Information,11/23/2016 7:40:27 AM,Service Control Manager,7036,None,The Software Protection service entered the stopped state.
Information,11/23/2016 7:39:56 AM,Service Control Manager,7036,None,The Software Protection service entered the running state.
Information,11/23/2016 7:31:01 AM,Service Control Manager,7036,None,The WinHTTP Web Proxy Auto-Discovery Service service entered the running state.
Information,11/23/2016 7:27:00 AM,Service Control Manager,7036,None,The WinHTTP Web Proxy Auto-Discovery Service service entered the stopped state.
Information,11/23/2016 7:10:27 AM,Service Control Manager,7036,None,The Software Protection service entered the stopped state.
Information,11/23/2016 7:09:56 AM,Service Control Manager,7036,None,The Software Protection service entered the running state.
Information,11/23/2016 7:00:00 AM,Service Control Manager,7036,None,The WinHTTP Web Proxy Auto-Discovery Service service entered the running state.
Information,11/23/2016 6:58:01 AM,Service Control Manager,7036,None,The WinHTTP Web Proxy Auto-Discovery Service service entered the stopped state.
Information,11/23/2016 6:40:26 AM,Service Control Manager,7036,None,The Software Protection service entered the stopped state.
Information,11/23/2016 6:39:56 AM,Service Control Manager,7036,None,The Software Protection service entered the running state.
Information,11/23/2016 6:31:01 AM,Service Control Manager,7036,None,The DNS Client service entered the running state.
Information,11/23/2016 6:31:01 AM,Service Control Manager,7036,None,The WinHTTP Web Proxy Auto-Discovery Service service entered the running state.
Information,11/23/2016 6:10:26 AM,Service Control Manager,7036,None,The Software Protection service entered the stopped state.
Information,11/23/2016 6:09:56 AM,Service Control Manager,7036,None,The Software Protection service entered the running state.
Information,11/23/2016 5:47:01 AM,Service Control Manager,7036,None,The DNS Client service entered the stopped state.
Information,11/23/2016 5:40:26 AM,Service Control Manager,7036,None,The Software Protection service entered the stopped state.
Information,11/23/2016 5:39:56 AM,Service Control Manager,7036,None,The Software Protection service entered the running state.
Information,11/23/2016 5:34:01 AM,Service Control Manager,7036,None,The WinHTTP Web Proxy Auto-Discovery Service service entered the stopped state.
Information,11/23/2016 5:11:12 AM,Service Control Manager,7036,None,The Windows Modules Installer service entered the stopped state.
Information,11/23/2016 5:10:26 AM,Service Control Manager,7036,None,The Software Protection service entered the stopped state.
Information,11/23/2016 5:09:56 AM,Service Control Manager,7036,None,The Software Protection service entered the running state.
Information,11/23/2016 5:09:12 AM,Service Control Manager,7036,None,The Windows Modules Installer service entered the running state.
Information,11/23/2016 5:07:01 AM,Service Control Manager,7036,None,The DNS Client service entered the running state.
Information,11/23/2016 5:07:01 AM,Service Control Manager,7036,None,The WinHTTP Web Proxy Auto-Discovery Service service entered the running state.
Information,11/23/2016 4:40:26 AM,Service Control Manager,7036,None,The Software Protection service entered the stopped state.
Information,11/23/2016 4:39:56 AM,Service Control Manager,7036,None,The Software Protection service entered the running state.
Information,11/23/2016 4:17:01 AM,Service Control Manager,7036,None,The DNS Client service entered the stopped state.
Information,11/23/2016 4:10:26 AM,Service Control Manager,7036,None,The Software Protection service entered the stopped state.
Information,11/23/2016 4:09:55 AM,Service Control Manager,7036,None,The Software Protection service entered the running state.
Information,11/23/2016 4:04:01 AM,Service Control Manager,7036,None,The WinHTTP Web Proxy Auto-Discovery Service service entered the stopped state.
Information,11/23/2016 4:00:00 AM,EventLog,6013,None,The system uptime is 2285638 seconds.
Information,11/23/2016 3:40:26 AM,Service Control Manager,7036,None,The Software Protection service entered the stopped state.
Information,11/23/2016 3:39:55 AM,Service Control Manager,7036,None,The Software Protection service entered the running state.
Information,11/23/2016 3:37:01 AM,Service Control Manager,7036,None,The DNS Client service entered the running state.
Information,11/23/2016 3:37:01 AM,Service Control Manager,7036,None,The WinHTTP Web Proxy Auto-Discovery Service service entered the running state.
Information,11/23/2016 3:10:26 AM,Service Control Manager,7036,None,The Software Protection service entered the stopped state.
Information,11/23/2016 3:09:55 AM,Service Control Manager,7036,None,The Software Protection service entered the running state.
Information,11/23/2016 3:09:00 AM,Service Control Manager,7036,None,The DNS Client service entered the stopped state.
Information,11/23/2016 2:56:00 AM,Service Control Manager,7036,None,The WinHTTP Web Proxy Auto-Discovery Service service entered the stopped state.
Information,11/23/2016 2:40:25 AM,Service Control Manager,7036,None,The Software Protection service entered the stopped state.
Information,11/23/2016 2:39:55 AM,Service Control Manager,7036,None,The Software Protection service entered the running state.
Information,11/23/2016 2:29:00 AM,Service Control Manager,7036,None,The DNS Client service entered the running state.
Information,11/23/2016 2:29:00 AM,Service Control Manager,7036,None,The WinHTTP Web Proxy Auto-Discovery Service service entered the running state.
Information,11/23/2016 2:10:25 AM,Service Control Manager,7036,None,The Software Protection service entered the stopped state.
Information,11/23/2016 2:09:55 AM,Service Control Manager,7036,None,The Software Protection service entered the running state.
Information,11/23/2016 1:40:25 AM,Service Control Manager,7036,None,The Software Protection service entered the stopped state.
Information,11/23/2016 1:39:55 AM,Service Control Manager,7036,None,The Software Protection service entered the running state.
Information,11/23/2016 1:27:00 AM,Service Control Manager,7036,None,The DNS Client service entered the stopped state.
Information,11/23/2016 1:14:00 AM,Service Control Manager,7036,None,The WinHTTP Web Proxy Auto-Discovery Service service entered the stopped state.
Information,11/23/2016 1:10:25 AM,Service Control Manager,7036,None,The Software Protection service entered the stopped state.
Information,11/23/2016 1:09:55 AM,Service Control Manager,7036,None,The Software Protection service entered the running state.
Information,11/23/2016 12:47:00 AM,Service Control Manager,7036,None,The DNS Client service entered the running state.
Information,11/23/2016 12:47:00 AM,Service Control Manager,7036,None,The WinHTTP Web Proxy Auto-Discovery Service service entered the running state.
Information,11/23/2016 12:40:25 AM,Service Control Manager,7036,None,The Software Protection service entered the stopped state.
Information,11/23/2016 12:39:55 AM,Service Control Manager,7036,None,The Software Protection service entered the running state.
Information,11/23/2016 12:10:25 AM,Service Control Manager,7036,None,The Software Protection service entered the stopped state.
Information,11/23/2016 12:09:54 AM,Service Control Manager,7036,None,The Software Protection service entered the running state.
Information,11/23/2016 12:02:00 AM,Service Control Manager,7036,None,The DNS Client service entered the stopped state.
Information,11/22/2016 11:49:00 PM,Service Control Manager,7036,None,The WinHTTP Web Proxy Auto-Discovery Service service entered the stopped state.
Information,11/22/2016 11:40:25 PM,Service Control Manager,7036,None,The Software Protection service entered the stopped state.
Information,11/22/2016 11:39:54 PM,Service Control Manager,7036,None,The Software Protection service entered the running state.
Information,11/22/2016 11:22:00 PM,Service Control Manager,7036,None,The DNS Client service entered the running state.
Information,11/22/2016 11:22:00 PM,Service Control Manager,7036,None,The WinHTTP Web Proxy Auto-Discovery Service service entered the running state.
Information,11/22/2016 11:10:24 PM,Service Control Manager,7036,None,The Software Protection service entered the stopped state.
Information,11/22/2016 11:09:54 PM,Service Control Manager,7036,None,The Software Protection service entered the running state.
Information,11/22/2016 10:40:24 PM,Service Control Manager,7036,None,The Software Protection service entered the stopped state.
Information,11/22/2016 10:39:54 PM,Service Control Manager,7036,None,The Software Protection service entered the running state.
Information,11/22/2016 10:20:49 PM,Service Control Manager,7036,None,The DNS Client service entered the stopped state.
Information,11/22/2016 10:10:24 PM,Service Control Manager,7036,None,The Software Protection service entered the stopped state.
Information,11/22/2016 10:09:54 PM,Service Control Manager,7036,None,The Software Protection service entered the running state.
Information,11/22/2016 10:05:49 PM,Service Control Manager,7036,None,The WinHTTP Web Proxy Auto-Discovery Service service entered the stopped state.
Information,11/22/2016 9:40:24 PM,Service Control Manager,7036,None,The Software Protection service entered the stopped state.
Information,11/22/2016 9:39:54 PM,Service Control Manager,7036,None,The Software Protection service entered the running state.
Information,11/22/2016 9:22:57 PM,Service Control Manager,7036,None,The Windows Modules Installer service entered the stopped state.
Information,11/22/2016 9:20:51 PM,Service Control Manager,7036,None,The Windows Modules Installer service entered the running state.
Information,11/22/2016 9:20:49 PM,Service Control Manager,7036,None,The DNS Client service entered the running state.
Information,11/22/2016 9:20:49 PM,Service Control Manager,7036,None,The WinHTTP Web Proxy Auto-Discovery Service service entered the running state.
Information,11/22/2016 9:17:00 PM,Service Control Manager,7036,None,The DNS Client service entered the stopped state.
Information,11/22/2016 9:10:24 PM,Service Control Manager,7036,None,The Software Protection service entered the stopped state.
Information,11/22/2016 9:09:54 PM,Service Control Manager,7036,None,The Software Protection service entered the running state.
Information,11/22/2016 9:04:00 PM,Service Control Manager,7036,None,The WinHTTP Web Proxy Auto-Discovery Service service entered the stopped state.
Information,11/22/2016 8:40:24 PM,Service Control Manager,7036,None,The Software Protection service entered the stopped state.
Information,11/22/2016 8:39:53 PM,Service Control Manager,7036,None,The Software Protection service entered the running state.
Information,11/22/2016 8:37:00 PM,Service Control Manager,7036,None,The DNS Client service entered the running state.
Information,11/22/2016 8:37:00 PM,Service Control Manager,7036,None,The WinHTTP Web Proxy Auto-Discovery Service service entered the running state.
Information,11/22/2016 8:10:24 PM,Service Control Manager,7036,None,The Software Protection service entered the stopped state.
Information,11/22/2016 8:09:53 PM,Service Control Manager,7036,None,The Software Protection service entered the running state.
Information,11/22/2016 7:40:24 PM,Service Control Manager,7036,None,The Software Protection service entered the stopped state.
Information,11/22/2016 7:39:53 PM,Service Control Manager,7036,None,The Software Protection service entered the running state.
Information,11/22/2016 7:28:34 PM,Service Control Manager,7036,None,The Windows Modules Installer service entered the stopped state.
Information,11/22/2016 7:28:33 PM,Service Control Manager,7036,None,The Windows Error Reporting Service service entered the stopped state.
Information,11/22/2016 7:27:00 PM,Service Control Manager,7036,None,The DNS Client service entered the stopped state.
Information,11/22/2016 7:26:34 PM,Service Control Manager,7036,None,The Windows Modules Installer service entered the running state.
Information,11/22/2016 7:26:33 PM,Service Control Manager,7036,None,The Windows Error Reporting Service service entered the running state.
Information,11/22/2016 7:15:30 PM,Service Control Manager,7036,None,The WinHTTP Web Proxy Auto-Discovery Service service entered the stopped state.
Information,11/22/2016 7:10:23 PM,Service Control Manager,7036,None,The Software Protection service entered the stopped state.
Information,11/22/2016 7:09:53 PM,Service Control Manager,7036,None,The Software Protection service entered the running state.
Information,11/22/2016 6:47:00 PM,Service Control Manager,7036,None,The DNS Client service entered the running state.
Information,11/22/2016 6:47:00 PM,Service Control Manager,7036,None,The WinHTTP Web Proxy Auto-Discovery Service service entered the running state.
Information,11/22/2016 6:40:23 PM,Service Control Manager,7036,None,The Software Protection service entered the stopped state.
Information,11/22/2016 6:39:53 PM,Service Control Manager,7036,None,The Software Protection service entered the running state.
Information,11/22/2016 6:26:00 PM,Service Control Manager,7036,None,The DNS Client service entered the stopped state.
Information,11/22/2016 6:13:00 PM,Service Control Manager,7036,None,The WinHTTP Web Proxy Auto-Discovery Service service entered the stopped state.
Information,11/22/2016 6:10:23 PM,Service Control Manager,7036,None,The Software Protection service entered the stopped state.
Information,11/22/2016 6:09:53 PM,Service Control Manager,7036,None,The Software Protection service entered the running state.
Information,11/22/2016 5:46:00 PM,Service Control Manager,7036,None,The DNS Client service entered the running state.
Information,11/22/2016 5:46:00 PM,Service Control Manager,7036,None,The WinHTTP Web Proxy Auto-Discovery Service service entered the running state.
Information,11/22/2016 5:40:23 PM,Service Control Manager,7036,None,The Software Protection service entered the stopped state.
Information,11/22/2016 5:39:53 PM,Service Control Manager,7036,None,The Software Protection service entered the running state.
Information,11/22/2016 5:10:23 PM,Service Control Manager,7036,None,The Software Protection service entered the stopped state.
Information,11/22/2016 5:09:52 PM,Service Control Manager,7036,None,The Software Protection service entered the running state.
Information,11/22/2016 4:46:00 PM,Service Control Manager,7036,None,The DNS Client service entered the stopped state.
Information,11/22/2016 4:40:23 PM,Service Control Manager,7036,None,The Software Protection service entered the stopped state.
Information,11/22/2016 4:39:52 PM,Service Control Manager,7036,None,The Software Protection service entered the running state.
Information,11/22/2016 4:33:00 PM,Service Control Manager,7036,None,The WinHTTP Web Proxy Auto-Discovery Service service entered the stopped state.
Information,11/22/2016 4:10:22 PM,Service Control Manager,7036,None,The Software Protection service entered the stopped state.
Information,11/22/2016 4:09:52 PM,Service Control Manager,7036,None,The Software Protection service entered the running state.
Information,11/22/2016 4:06:00 PM,Service Control Manager,7036,None,The DNS Client service entered the running state.
Information,11/22/2016 4:06:00 PM,Service Control Manager,7036,None,The WinHTTP Web Proxy Auto-Discovery Service service entered the running state.
Information,11/22/2016 3:40:22 PM,Service Control Manager,7036,None,The Software Protection service entered the stopped state.
Information,11/22/2016 3:39:52 PM,Service Control Manager,7036,None,The Software Protection service entered the running state.
Information,11/22/2016 3:10:22 PM,Service Control Manager,7036,None,The Software Protection service entered the stopped state.
Information,11/22/2016 3:09:52 PM,Service Control Manager,7036,None,The Software Protection service entered the running state.
Information,11/22/2016 3:00:59 PM,Service Control Manager,7036,None,The DNS Client service entered the stopped state.
Information,11/22/2016 2:47:59 PM,Service Control Manager,7036,None,The WinHTTP Web Proxy Auto-Discovery Service service entered the stopped state.
Information,11/22/2016 2:40:22 PM,Service Control Manager,7036,None,The Software Protection service entered the stopped state.
Information,11/22/2016 2:39:52 PM,Service Control Manager,7036,None,The Software Protection service entered the running state.
Information,11/22/2016 2:20:59 PM,Service Control Manager,7036,None,The DNS Client service entered the running state.
Information,11/22/2016 2:20:59 PM,Service Control Manager,7036,None,The WinHTTP Web Proxy Auto-Discovery Service service entered the running state.
Information,11/22/2016 2:10:22 PM,Service Control Manager,7036,None,The Software Protection service entered the stopped state.
Information,11/22/2016 2:09:52 PM,Service Control Manager,7036,None,The Software Protection service entered the running state.
Information,11/22/2016 1:49:59 PM,Service Control Manager,7036,None,The DNS Client service entered the stopped state.
Information,11/22/2016 1:40:22 PM,Service Control Manager,7036,None,The Software Protection service entered the stopped state.
Information,11/22/2016 1:39:51 PM,Service Control Manager,7036,None,The Software Protection service entered the running state.
Information,11/22/2016 1:36:59 PM,Service Control Manager,7036,None,The WinHTTP Web Proxy Auto-Discovery Service service entered the stopped state.
Information,11/22/2016 1:10:22 PM,Service Control Manager,7036,None,The Software Protection service entered the stopped state.
Information,11/22/2016 1:09:59 PM,Service Control Manager,7036,None,The DNS Client service entered the running state.
Information,11/22/2016 1:09:59 PM,Service Control Manager,7036,None,The WinHTTP Web Proxy Auto-Discovery Service service entered the running state.
Information,11/22/2016 1:09:51 PM,Service Control Manager,7036,None,The Software Protection service entered the running state.
Information,11/22/2016 12:40:21 PM,Service Control Manager,7036,None,The Software Protection service entered the stopped state.
Information,11/22/2016 12:39:51 PM,Service Control Manager,7036,None,The Software Protection service entered the running state.
Information,11/22/2016 12:36:59 PM,Service Control Manager,7036,None,The DNS Client service entered the stopped state.
Information,11/22/2016 12:27:59 PM,Service Control Manager,7036,None,The WinHTTP Web Proxy Auto-Discovery Service service entered the stopped state.
Information,11/22/2016 12:10:21 PM,Service Control Manager,7036,None,The Software Protection service entered the stopped state.
Information,11/22/2016 12:09:51 PM,Service Control Manager,7036,None,The Software Protection service entered the running state.
Information,11/22/2016 11:40:21 AM,Service Control Manager,7036,None,The Software Protection service entered the stopped state.
Information,11/22/2016 11:39:51 AM,Service Control Manager,7036,None,The Software Protection service entered the running state.
Information,11/22/2016 11:36:59 AM,Service Control Manager,7036,None,The DNS Client service entered the running state.
Information,11/22/2016 11:36:59 AM,Service Control Manager,7036,None,The WinHTTP Web Proxy Auto-Discovery Service service entered the running state.
Information,11/22/2016 11:11:59 AM,Service Control Manager,7036,None,The DNS Client service entered the stopped state.
Information,11/22/2016 11:10:21 AM,Service Control Manager,7036,None,The Software Protection service entered the stopped state.
Information,11/22/2016 11:09:51 AM,Service Control Manager,7036,None,The Software Protection service entered the running state.
Information,11/22/2016 10:58:59 AM,Service Control Manager,7036,None,The WinHTTP Web Proxy Auto-Discovery Service service entered the stopped state.
Information,11/22/2016 10:40:21 AM,Service Control Manager,7036,None,The Software Protection service entered the stopped state.
Information,11/22/2016 10:39:51 AM,Service Control Manager,7036,None,The Software Protection service entered the running state.
Information,11/22/2016 10:31:58 AM,Service Control Manager,7036,None,The DNS Client service entered the running state.
Information,11/22/2016 10:31:58 AM,Service Control Manager,7036,None,The WinHTTP Web Proxy Auto-Discovery Service service entered the running state.
Information,11/22/2016 10:10:21 AM,Service Control Manager,7036,None,The Software Protection service entered the stopped state.
Information,11/22/2016 10:09:50 AM,Service Control Manager,7036,None,The Software Protection service entered the running state.
Information,11/22/2016 9:58:58 AM,Service Control Manager,7036,None,The DNS Client service entered the stopped state.
Information,11/22/2016 9:45:58 AM,Service Control Manager,7036,None,The WinHTTP Web Proxy Auto-Discovery Service service entered the stopped state.
Information,11/22/2016 9:40:21 AM,Service Control Manager,7036,None,The Software Protection service entered the stopped state.
Information,11/22/2016 9:39:50 AM,Service Control Manager,7036,None,The Software Protection service entered the running state.
Information,11/22/2016 9:18:58 AM,Service Control Manager,7036,None,The DNS Client service entered the running state.
Information,11/22/2016 9:18:58 AM,Service Control Manager,7036,None,The WinHTTP Web Proxy Auto-Discovery Service service entered the running state.
Information,11/22/2016 9:10:20 AM,Service Control Manager,7036,None,The Software Protection service entered the stopped state.
Information,11/22/2016 9:09:50 AM,Service Control Manager,7036,None,The Software Protection service entered the running state.
Information,11/22/2016 8:40:20 AM,Service Control Manager,7036,None,The Software Protection service entered the stopped state.
Information,11/22/2016 8:39:50 AM,Service Control Manager,7036,None,The Software Protection service entered the running state.
Information,11/22/2016 8:22:45 AM,Service Control Manager,7036,None,The DNS Client service entered the stopped state.
Information,11/22/2016 8:11:58 AM,Service Control Manager,7036,None,The WinHTTP Web Proxy Auto-Discovery Service service entered the stopped state.
Information,11/22/2016 8:10:20 AM,Service Control Manager,7036,None,The Software Protection service entered the stopped state.
Information,11/22/2016 8:09:50 AM,Service Control Manager,7036,None,The Software Protection service entered the running state.
Information,11/22/2016 7:44:58 AM,Service Control Manager,7036,None,The DNS Client service entered the running state.
Information,11/22/2016 7:44:58 AM,Service Control Manager,7036,None,The WinHTTP Web Proxy Auto-Discovery Service service entered the running state.
Information,11/22/2016 7:40:20 AM,Service Control Manager,7036,None,The Software Protection service entered the stopped state.
Information,11/22/2016 7:39:50 AM,Service Control Manager,7036,None,The Software Protection service entered the running state.
Information,11/22/2016 7:10:20 AM,Service Control Manager,7036,None,The Software Protection service entered the stopped state.
Information,11/22/2016 7:09:50 AM,Service Control Manager,7036,None,The Software Protection service entered the running state.
Information,11/22/2016 6:40:20 AM,Service Control Manager,7036,None,The Software Protection service entered the stopped state.
Information,11/22/2016 6:39:49 AM,Service Control Manager,7036,None,The Software Protection service entered the running state.
Information,11/22/2016 6:28:58 AM,Service Control Manager,7036,None,The DNS Client service entered the stopped state.
Information,11/22/2016 6:15:58 AM,Service Control Manager,7036,None,The WinHTTP Web Proxy Auto-Discovery Service service entered the stopped state.
Information,11/22/2016 6:10:20 AM,Service Control Manager,7036,None,The Software Protection service entered the stopped state.
Information,11/22/2016 6:09:49 AM,Service Control Manager,7036,None,The Software Protection service entered the running state.
Information,11/22/2016 5:48:58 AM,Service Control Manager,7036,None,The DNS Client service entered the running state.
Information,11/22/2016 5:48:58 AM,Service Control Manager,7036,None,The WinHTTP Web Proxy Auto-Discovery Service service entered the running state.
Information,11/22/2016 5:40:19 AM,Service Control Manager,7036,None,The Software Protection service entered the stopped state.
Information,11/22/2016 5:39:49 AM,Service Control Manager,7036,None,The Software Protection service entered the running state.
Information,11/22/2016 5:11:12 AM,Service Control Manager,7036,None,The Windows Modules Installer service entered the stopped state.
Information,11/22/2016 5:10:19 AM,Service Control Manager,7036,None,The Software Protection service entered the stopped state.
Information,11/22/2016 5:09:49 AM,Service Control Manager,7036,None,The Software Protection service entered the running state.
Information,11/22/2016 5:09:12 AM,Service Control Manager,7036,None,The Windows Modules Installer service entered the running state.
Information,11/22/2016 4:58:57 AM,Service Control Manager,7036,None,The DNS Client service entered the stopped state.
Information,11/22/2016 4:45:57 AM,Service Control Manager,7036,None,The WinHTTP Web Proxy Auto-Discovery Service service entered the stopped state.
Information,11/22/2016 4:40:19 AM,Service Control Manager,7036,None,The Software Protection service entered the stopped state.
Information,11/22/2016 4:39:49 AM,Service Control Manager,7036,None,The Software Protection service entered the running state.
Information,11/22/2016 4:18:57 AM,Service Control Manager,7036,None,The DNS Client service entered the running state.
Information,11/22/2016 4:18:57 AM,Service Control Manager,7036,None,The WinHTTP Web Proxy Auto-Discovery Service service entered the running state.
Information,11/22/2016 4:10:19 AM,Service Control Manager,7036,None,The Software Protection service entered the stopped state.
Information,11/22/2016 4:09:49 AM,Service Control Manager,7036,None,The Software Protection service entered the running state.
Information,11/22/2016 4:00:00 AM,EventLog,6013,None,The system uptime is 2199238 seconds.
Information,11/22/2016 3:49:55 AM,Service Control Manager,7036,None,The DNS Client service entered the stopped state.
Information,11/22/2016 3:40:19 AM,Service Control Manager,7036,None,The Software Protection service entered the stopped state.
Information,11/22/2016 3:39:49 AM,Service Control Manager,7036,None,The Software Protection service entered the running state.
Information,11/22/2016 3:38:25 AM,Service Control Manager,7036,None,The WinHTTP Web Proxy Auto-Discovery Service service entered the stopped state.
Information,11/22/2016 3:10:19 AM,Service Control Manager,7036,None,The Software Protection service entered the stopped state.
Information,11/22/2016 3:09:55 AM,Service Control Manager,7036,None,The DNS Client service entered the running state.
Information,11/22/2016 3:09:55 AM,Service Control Manager,7036,None,The WinHTTP Web Proxy Auto-Discovery Service service entered the running state.
Information,11/22/2016 3:09:49 AM,Service Control Manager,7036,None,The Software Protection service entered the running state.
Information,11/22/2016 2:40:19 AM,Service Control Manager,7036,None,The Software Protection service entered the stopped state.
Information,11/22/2016 2:39:48 AM,Service Control Manager,7036,None,The Software Protection service entered the running state.
Information,11/22/2016 2:10:18 AM,Service Control Manager,7036,None,The Software Protection service entered the stopped state.
Information,11/22/2016 2:09:48 AM,Service Control Manager,7036,None,The Software Protection service entered the running state.
Information,11/22/2016 1:55:55 AM,Service Control Manager,7036,None,The DNS Client service entered the stopped state.
Information,11/22/2016 1:42:55 AM,Service Control Manager,7036,None,The WinHTTP Web Proxy Auto-Discovery Service service entered the stopped state.
Information,11/22/2016 1:40:18 AM,Service Control Manager,7036,None,The Software Protection service entered the stopped state.
Information,11/22/2016 1:39:48 AM,Service Control Manager,7036,None,The Software Protection service entered the running state.
Information,11/22/2016 1:15:55 AM,Service Control Manager,7036,None,The DNS Client service entered the running state.
Information,11/22/2016 1:15:55 AM,Service Control Manager,7036,None,The WinHTTP Web Proxy Auto-Discovery Service service entered the running state.
Information,11/22/2016 1:10:18 AM,Service Control Manager,7036,None,The Software Protection service entered the stopped state.
Information,11/22/2016 1:09:48 AM,Service Control Manager,7036,None,The Software Protection service entered the running state.
Information,11/22/2016 12:47:55 AM,Service Control Manager,7036,None,The DNS Client service entered the stopped state.
Information,11/22/2016 12:40:18 AM,Service Control Manager,7036,None,The Software Protection service entered the stopped state.
Information,11/22/2016 12:39:48 AM,Service Control Manager,7036,None,The Software Protection service entered the running state.
Information,11/22/2016 12:35:09 AM,Service Control Manager,7036,None,The WinHTTP Web Proxy Auto-Discovery Service service entered the stopped state.
Information,11/22/2016 12:10:18 AM,Service Control Manager,7036,None,The Software Protection service entered the stopped state.
Information,11/22/2016 12:09:48 AM,Service Control Manager,7036,None,The Software Protection service entered the running state.
Information,11/21/2016 11:59:46 PM,Service Control Manager,7036,None,The Windows Modules Installer service entered the stopped state.
Information,11/21/2016 11:57:40 PM,Service Control Manager,7036,None,The Windows Modules Installer service entered the running state.
Information,11/21/2016 11:57:39 PM,Service Control Manager,7036,None,The WinHTTP Web Proxy Auto-Discovery Service service entered the running state.
Information,11/21/2016 11:44:55 PM,Service Control Manager,7036,None,The WinHTTP Web Proxy Auto-Discovery Service service entered the stopped state.
Information,11/21/2016 11:40:18 PM,Service Control Manager,7036,None,The Software Protection service entered the stopped state.
Information,11/21/2016 11:39:48 PM,Service Control Manager,7036,None,The Software Protection service entered the running state.
Information,11/21/2016 11:17:55 PM,Service Control Manager,7036,None,The DNS Client service entered the running state.
Information,11/21/2016 11:17:55 PM,Service Control Manager,7036,None,The WinHTTP Web Proxy Auto-Discovery Service service entered the running state.
Information,11/21/2016 11:10:18 PM,Service Control Manager,7036,None,The Software Protection service entered the stopped state.
Information,11/21/2016 11:09:47 PM,Service Control Manager,7036,None,The Software Protection service entered the running state.
Information,11/21/2016 10:51:56 PM,Service Control Manager,7036,None,The DNS Client service entered the stopped state.
Information,11/21/2016 10:40:17 PM,Service Control Manager,7036,None,The Software Protection service entered the stopped state.
Information,11/21/2016 10:39:47 PM,Service Control Manager,7036,None,The Software Protection service entered the running state.
Information,11/21/2016 10:38:56 PM,Service Control Manager,7036,None,The WinHTTP Web Proxy Auto-Discovery Service service entered the stopped state.
Information,11/21/2016 10:11:56 PM,Service Control Manager,7036,None,The DNS Client service entered the running state.
Information,11/21/2016 10:11:56 PM,Service Control Manager,7036,None,The WinHTTP Web Proxy Auto-Discovery Service service entered the running state.
Information,11/21/2016 10:10:17 PM,Service Control Manager,7036,None,The Software Protection service entered the stopped state.
Information,11/21/2016 10:09:47 PM,Service Control Manager,7036,None,The Software Protection service entered the running state.
Information,11/21/2016 9:40:17 PM,Service Control Manager,7036,None,The Software Protection service entered the stopped state.
Information,11/21/2016 9:39:47 PM,Service Control Manager,7036,None,The Software Protection service entered the running state.
Information,11/21/2016 9:14:55 PM,Service Control Manager,7036,None,The DNS Client service entered the stopped state.
Information,11/21/2016 9:10:17 PM,Service Control Manager,7036,None,The Software Protection service entered the stopped state.
Information,11/21/2016 9:09:47 PM,Service Control Manager,7036,None,The Software Protection service entered the running state.
Information,11/21/2016 9:01:56 PM,Service Control Manager,7036,None,The WinHTTP Web Proxy Auto-Discovery Service service entered the stopped state.
Information,11/21/2016 8:40:17 PM,Service Control Manager,7036,None,The Software Protection service entered the stopped state.
Information,11/21/2016 8:39:47 PM,Service Control Manager,7036,None,The Software Protection service entered the running state.
Information,11/21/2016 8:34:55 PM,Service Control Manager,7036,None,The DNS Client service entered the running state.
Information,11/21/2016 8:34:55 PM,Service Control Manager,7036,None,The WinHTTP Web Proxy Auto-Discovery Service service entered the running state.
Information,11/21/2016 8:10:17 PM,Service Control Manager,7036,None,The Software Protection service entered the stopped state.
Information,11/21/2016 8:09:47 PM,Service Control Manager,7036,None,The Software Protection service entered the running state.
Information,11/21/2016 7:49:55 PM,Service Control Manager,7036,None,The DNS Client service entered the stopped state.
Information,11/21/2016 7:40:17 PM,Service Control Manager,7036,None,The Software Protection service entered the stopped state.
Information,11/21/2016 7:39:46 PM,Service Control Manager,7036,None,The Software Protection service entered the running state.
Information,11/21/2016 7:36:55 PM,Service Control Manager,7036,None,The WinHTTP Web Proxy Auto-Discovery Service service entered the stopped state.
Information,11/21/2016 7:10:17 PM,Service Control Manager,7036,None,The Software Protection service entered the stopped state.
Information,11/21/2016 7:09:55 PM,Service Control Manager,7036,None,The DNS Client service entered the running state.
Information,11/21/2016 7:09:55 PM,Service Control Manager,7036,None,The WinHTTP Web Proxy Auto-Discovery Service service entered the running state.
Information,11/21/2016 7:09:46 PM,Service Control Manager,7036,None,The Software Protection service entered the running state.
Information,11/21/2016 7:00:25 PM,Service Control Manager,7036,None,The Windows Modules Installer service entered the stopped state.
Information,11/21/2016 7:00:24 PM,Service Control Manager,7036,None,The Windows Error Reporting Service service entered the stopped state.
Information,11/21/2016 6:58:28 PM,Microsoft-Windows-Kernel-General,16,None,The access history in hive \SystemRoot\System32\Config\RegBack\SAM was cleared updating 86 keys and creating 7 modified pages.
Information,11/21/2016 6:58:28 PM,Microsoft-Windows-Kernel-General,16,None,The access history in hive \SystemRoot\System32\Config\RegBack\DEFAULT was cleared updating 254 keys and creating 23 modified pages.
Information,11/21/2016 6:58:28 PM,Microsoft-Windows-Kernel-General,16,None,The access history in hive \SystemRoot\System32\Config\RegBack\SYSTEM was cleared updating 27412 keys and creating 2043 modified pages.
Information,11/21/2016 6:58:27 PM,Microsoft-Windows-Kernel-General,16,None,The access history in hive \SystemRoot\System32\Config\RegBack\SOFTWARE was cleared updating 179006 keys and creating 12272 modified pages.
Information,11/21/2016 6:58:24 PM,Microsoft-Windows-Kernel-General,16,None,The access history in hive \SystemRoot\System32\Config\RegBack\SECURITY was cleared updating 103 keys and creating 4 modified pages.
Information,11/21/2016 6:58:24 PM,Service Control Manager,7036,None,The Windows Modules Installer service entered the running state.
Information,11/21/2016 6:58:24 PM,Service Control Manager,7036,None,The Windows Error Reporting Service service entered the running state.
Information,11/21/2016 6:40:16 PM,Service Control Manager,7036,None,The Software Protection service entered the stopped state.
Information,11/21/2016 6:39:46 PM,Service Control Manager,7036,None,The Software Protection service entered the running state.
Information,11/21/2016 6:28:55 PM,Service Control Manager,7036,None,The DNS Client service entered the stopped state.
Information,11/21/2016 6:15:55 PM,Service Control Manager,7036,None,The WinHTTP Web Proxy Auto-Discovery Service service entered the stopped state.
Information,11/21/2016 6:10:16 PM,Service Control Manager,7036,None,The Software Protection service entered the stopped state.
Information,11/21/2016 6:09:46 PM,Service Control Manager,7036,None,The Software Protection service entered the running state.
Information,11/21/2016 5:48:55 PM,Service Control Manager,7036,None,The DNS Client service entered the running state.
Information,11/21/2016 5:48:55 PM,Service Control Manager,7036,None,The WinHTTP Web Proxy Auto-Discovery Service service entered the running state.
Information,11/21/2016 5:40:16 PM,Service Control Manager,7036,None,The Software Protection service entered the stopped state.
Information,11/21/2016 5:40:00 PM,Service Control Manager,7036,None,The DNS Client service entered the stopped state.
Information,11/21/2016 5:39:46 PM,Service Control Manager,7036,None,The Software Protection service entered the running state.
Information,11/21/2016 5:27:00 PM,Service Control Manager,7036,None,The WinHTTP Web Proxy Auto-Discovery Service service entered the stopped state.
Information,11/21/2016 5:10:16 PM,Service Control Manager,7036,None,The Software Protection service entered the stopped state.
Information,11/21/2016 5:09:46 PM,Service Control Manager,7036,None,The Software Protection service entered the running state.
Information,11/21/2016 5:00:00 PM,Service Control Manager,7036,None,The DNS Client service entered the running state.
Information,11/21/2016 5:00:00 PM,Service Control Manager,7036,None,The WinHTTP Web Proxy Auto-Discovery Service service entered the running state.
Information,11/21/2016 4:40:55 PM,Service Control Manager,7036,None,The DNS Client service entered the stopped state.
Information,11/21/2016 4:40:16 PM,Service Control Manager,7036,None,The Software Protection service entered the stopped state.
Information,11/21/2016 4:39:46 PM,Service Control Manager,7036,None,The Software Protection service entered the running state.
Information,11/21/2016 4:27:55 PM,Service Control Manager,7036,None,The WinHTTP Web Proxy Auto-Discovery Service service entered the stopped state.
Information,11/21/2016 4:10:16 PM,Service Control Manager,7036,None,The Software Protection service entered the stopped state.
Information,11/21/2016 4:09:45 PM,Service Control Manager,7036,None,The Software Protection service entered the running state.
Information,11/21/2016 4:00:55 PM,Service Control Manager,7036,None,The DNS Client service entered the running state.
Information,11/21/2016 4:00:55 PM,Service Control Manager,7036,None,The WinHTTP Web Proxy Auto-Discovery Service service entered the running state.
Information,11/21/2016 3:40:16 PM,Service Control Manager,7036,None,The Software Protection service entered the stopped state.
Information,11/21/2016 3:39:45 PM,Service Control Manager,7036,None,The Software Protection service entered the running state.
Information,11/21/2016 3:23:55 PM,Service Control Manager,7036,None,The DNS Client service entered the stopped state.
Information,11/21/2016 3:10:55 PM,Service Control Manager,7036,None,The WinHTTP Web Proxy Auto-Discovery Service service entered the stopped state.
Information,11/21/2016 3:10:15 PM,Service Control Manager,7036,None,The Software Protection service entered the stopped state.
Information,11/21/2016 3:09:45 PM,Service Control Manager,7036,None,The Software Protection service entered the running state.
Information,11/21/2016 2:43:54 PM,Service Control Manager,7036,None,The DNS Client service entered the running state.
Information,11/21/2016 2:43:54 PM,Service Control Manager,7036,None,The WinHTTP Web Proxy Auto-Discovery Service service entered the running state.
Information,11/21/2016 2:40:15 PM,Service Control Manager,7036,None,The Software Protection service entered the stopped state.
Information,11/21/2016 2:39:45 PM,Service Control Manager,7036,None,The Software Protection service entered the running state.
Information,11/21/2016 2:10:15 PM,Service Control Manager,7036,None,The Software Protection service entered the stopped state.
Information,11/21/2016 2:09:45 PM,Service Control Manager,7036,None,The Software Protection service entered the running state.
Information,11/21/2016 1:40:15 PM,Service Control Manager,7036,None,The Software Protection service entered the stopped state.
Information,11/21/2016 1:39:45 PM,Service Control Manager,7036,None,The Software Protection service entered the running state.
Information,11/21/2016 1:38:54 PM,Service Control Manager,7036,None,The DNS Client service entered the stopped state.
Information,11/21/2016 1:25:54 PM,Service Control Manager,7036,None,The WinHTTP Web Proxy Auto-Discovery Service service entered the stopped state.
Information,11/21/2016 1:10:15 PM,Service Control Manager,7036,None,The Software Protection service entered the stopped state.
Information,11/21/2016 1:09:45 PM,Service Control Manager,7036,None,The Software Protection service entered the running state.
Information,11/21/2016 12:58:54 PM,Service Control Manager,7036,None,The DNS Client service entered the running state.
Information,11/21/2016 12:58:54 PM,Service Control Manager,7036,None,The WinHTTP Web Proxy Auto-Discovery Service service entered the running state.
Information,11/21/2016 12:40:15 PM,Service Control Manager,7036,None,The Software Protection service entered the stopped state.
Information,11/21/2016 12:39:44 PM,Service Control Manager,7036,None,The Software Protection service entered the running state.
Information,11/21/2016 12:37:54 PM,Service Control Manager,7036,None,The DNS Client service entered the stopped state.
Information,11/21/2016 12:24:54 PM,Service Control Manager,7036,None,The WinHTTP Web Proxy Auto-Discovery Service service entered the stopped state.
Information,11/21/2016 12:10:15 PM,Service Control Manager,7036,None,The Software Protection service entered the stopped state.
Information,11/21/2016 12:09:44 PM,Service Control Manager,7036,None,The Software Protection service entered the running state.
Information,11/21/2016 11:57:54 AM,Service Control Manager,7036,None,The DNS Client service entered the running state.
Information,11/21/2016 11:57:54 AM,Service Control Manager,7036,None,The WinHTTP Web Proxy Auto-Discovery Service service entered the running state.
Information,11/21/2016 11:40:14 AM,Service Control Manager,7036,None,The Software Protection service entered the stopped state.
Information,11/21/2016 11:39:44 AM,Service Control Manager,7036,None,The Software Protection service entered the running state.
