Information,12/11/2016 3:55:57 AM,Microsoft-Windows-Time-Service,37,None,"The time provider NtpClient is currently receiving valid time data from time.windows.com,0x9 (ntp.m|0x9|0.0.0.0:123->13.85.70.43:123)."
Information,12/11/2016 3:55:56 AM,Microsoft-Windows-Kernel-General,16,None,The access history in hive \SystemRoot\System32\Config\RegBack\SECURITY was cleared updating 69 keys and creating 5 modified pages.
Information,12/11/2016 3:55:56 AM,Service Control Manager,7036,None,The Windows Time service entered the running state.
Information,12/11/2016 3:55:56 AM,Service Control Manager,7036,None,The Windows Error Reporting Service service entered the running state.
Information,12/11/2016 3:52:49 AM,Service Control Manager,7036,None,The Software Protection service entered the stopped state.
Information,12/11/2016 3:52:19 AM,Service Control Manager,7036,None,The Software Protection service entered the running state.
Information,12/11/2016 3:47:47 AM,Service Control Manager,7036,None,The WinHTTP Web Proxy Auto-Discovery Service service entered the running state.
Information,12/11/2016 3:47:47 AM,Service Control Manager,7036,None,The Windows Update service entered the running state.
Information,12/11/2016 3:47:13 AM,Service Control Manager,7036,None,The WinHTTP Web Proxy Auto-Discovery Service service entered the stopped state.
Information,12/11/2016 3:22:49 AM,Service Control Manager,7036,None,The Software Protection service entered the stopped state.
Information,12/11/2016 3:22:18 AM,Service Control Manager,7036,None,The Software Protection service entered the running state.
Information,12/11/2016 3:20:13 AM,Service Control Manager,7036,None,The Google Update Service (gupdate) service entered the stopped state.
Information,12/11/2016 3:20:13 AM,Service Control Manager,7036,None,The DNS Client service entered the running state.
Information,12/11/2016 3:20:13 AM,Service Control Manager,7036,None,The WinHTTP Web Proxy Auto-Discovery Service service entered the running state.
Information,12/11/2016 3:20:13 AM,Service Control Manager,7036,None,The Google Update Service (gupdate) service entered the running state.
Information,12/11/2016 2:59:54 AM,Service Control Manager,7036,None,The DNS Client service entered the stopped state.
Information,12/11/2016 2:52:49 AM,Service Control Manager,7036,None,The Software Protection service entered the stopped state.
Information,12/11/2016 2:52:18 AM,Service Control Manager,7036,None,The Software Protection service entered the running state.
Error,12/11/2016 2:50:24 AM,Schannel,36888,None,A fatal alert was generated and sent to the remote endpoint. This may result in termination of the connection. The TLS protocol defined fatal error code is 10. The Windows SChannel error state is 1203.
Error,12/11/2016 2:50:24 AM,Schannel,36888,None,A fatal alert was generated and sent to the remote endpoint. This may result in termination of the connection. The TLS protocol defined fatal error code is 10. The Windows SChannel error state is 1203.
Information,12/11/2016 2:47:19 AM,Service Control Manager,7036,None,The WinHTTP Web Proxy Auto-Discovery Service service entered the stopped state.
Information,12/11/2016 2:30:21 AM,Service Control Manager,7036,None,The Windows Update service entered the stopped state.
Information,12/11/2016 2:22:49 AM,Service Control Manager,7036,None,The Software Protection service entered the stopped state.
Information,12/11/2016 2:22:18 AM,Service Control Manager,7036,None,The Software Protection service entered the running state.
Information,12/11/2016 2:20:19 AM,Service Control Manager,7036,None,The DNS Client service entered the running state.
Information,12/11/2016 2:20:19 AM,Service Control Manager,7036,None,The WinHTTP Web Proxy Auto-Discovery Service service entered the running state.
Information,12/11/2016 2:20:19 AM,Service Control Manager,7036,None,The Windows Update service entered the running state.
Information,12/11/2016 2:03:46 AM,Service Control Manager,7036,None,The DNS Client service entered the stopped state.
Information,12/11/2016 1:52:48 AM,Service Control Manager,7036,None,The Software Protection service entered the stopped state.
Information,12/11/2016 1:52:18 AM,Service Control Manager,7036,None,The Software Protection service entered the running state.
Information,12/11/2016 1:43:46 AM,Service Control Manager,7036,None,The DNS Client service entered the running state.
Information,12/11/2016 1:41:36 AM,Service Control Manager,7036,None,The DNS Client service entered the stopped state.
Information,12/11/2016 1:28:06 AM,Service Control Manager,7036,None,The WinHTTP Web Proxy Auto-Discovery Service service entered the stopped state.
Information,12/11/2016 1:22:48 AM,Service Control Manager,7036,None,The Software Protection service entered the stopped state.
Information,12/11/2016 1:22:18 AM,Service Control Manager,7036,None,The Software Protection service entered the running state.
Information,12/11/2016 12:52:48 AM,Service Control Manager,7036,None,The Software Protection service entered the stopped state.
Information,12/11/2016 12:52:18 AM,Service Control Manager,7036,None,The Software Protection service entered the running state.
Information,12/11/2016 12:51:37 AM,Service Control Manager,7036,None,The Windows Update service entered the stopped state.
Information,12/11/2016 12:41:36 AM,Service Control Manager,7036,None,The DNS Client service entered the running state.
Information,12/11/2016 12:41:36 AM,Service Control Manager,7036,None,The WinHTTP Web Proxy Auto-Discovery Service service entered the running state.
Information,12/11/2016 12:41:36 AM,Service Control Manager,7036,None,The Windows Update service entered the running state.
Information,12/11/2016 12:22:48 AM,Service Control Manager,7036,None,The Software Protection service entered the stopped state.
Information,12/11/2016 12:22:17 AM,Service Control Manager,7036,None,The Software Protection service entered the running state.
Information,12/11/2016 12:20:42 AM,Service Control Manager,7036,None,The DNS Client service entered the stopped state.
Information,12/11/2016 12:09:12 AM,Service Control Manager,7036,None,The WinHTTP Web Proxy Auto-Discovery Service service entered the stopped state.
Information,12/10/2016 11:52:47 PM,Service Control Manager,7036,None,The Software Protection service entered the stopped state.
Information,12/10/2016 11:52:17 PM,Service Control Manager,7036,None,The Software Protection service entered the running state.
Information,12/10/2016 11:50:44 PM,Service Control Manager,7036,None,The Windows Update service entered the stopped state.
Information,12/10/2016 11:40:42 PM,Service Control Manager,7036,None,The DNS Client service entered the running state.
Information,12/10/2016 11:40:42 PM,Service Control Manager,7036,None,The WinHTTP Web Proxy Auto-Discovery Service service entered the running state.
Information,12/10/2016 11:40:42 PM,Service Control Manager,7036,None,The Windows Update service entered the running state.
Information,12/10/2016 11:22:47 PM,Service Control Manager,7036,None,The Software Protection service entered the stopped state.
Information,12/10/2016 11:22:17 PM,Service Control Manager,7036,None,The Software Protection service entered the running state.
Information,12/10/2016 10:58:46 PM,Service Control Manager,7036,None,The DNS Client service entered the stopped state.
Information,12/10/2016 10:52:47 PM,Service Control Manager,7036,None,The Software Protection service entered the stopped state.
Information,12/10/2016 10:52:17 PM,Service Control Manager,7036,None,The Software Protection service entered the running state.
Information,12/10/2016 10:47:13 PM,Service Control Manager,7036,None,The WinHTTP Web Proxy Auto-Discovery Service service entered the stopped state.
Error,12/10/2016 10:34:55 PM,Schannel,36888,None,A fatal alert was generated and sent to the remote endpoint. This may result in termination of the connection. The TLS protocol defined fatal error code is 10. The Windows SChannel error state is 1203.
Error,12/10/2016 10:34:55 PM,Schannel,36888,None,A fatal alert was generated and sent to the remote endpoint. This may result in termination of the connection. The TLS protocol defined fatal error code is 10. The Windows SChannel error state is 1203.
Information,12/10/2016 10:22:47 PM,Service Control Manager,7036,None,The Software Protection service entered the stopped state.
Information,12/10/2016 10:22:17 PM,Service Control Manager,7036,None,The Software Protection service entered the running state.
Information,12/10/2016 10:20:13 PM,Service Control Manager,7036,None,The Google Update Service (gupdate) service entered the stopped state.
Information,12/10/2016 10:20:13 PM,Service Control Manager,7036,None,The Google Update Service (gupdate) service entered the running state.
Error,12/10/2016 10:16:58 PM,Schannel,36888,None,A fatal alert was generated and sent to the remote endpoint. This may result in termination of the connection. The TLS protocol defined fatal error code is 10. The Windows SChannel error state is 1203.
Error,12/10/2016 10:16:58 PM,Schannel,36888,None,A fatal alert was generated and sent to the remote endpoint. This may result in termination of the connection. The TLS protocol defined fatal error code is 10. The Windows SChannel error state is 1203.
Information,12/10/2016 10:12:15 PM,Service Control Manager,7036,None,The Windows Update service entered the stopped state.
Information,12/10/2016 10:02:13 PM,Service Control Manager,7036,None,The WinHTTP Web Proxy Auto-Discovery Service service entered the running state.
Information,12/10/2016 10:02:13 PM,Service Control Manager,7036,None,The Windows Update service entered the running state.
Information,12/10/2016 9:52:47 PM,Service Control Manager,7036,None,The Software Protection service entered the stopped state.
Information,12/10/2016 9:52:17 PM,Service Control Manager,7036,None,The Software Protection service entered the running state.
Information,12/10/2016 9:43:46 PM,Service Control Manager,7036,None,The DNS Client service entered the running state.
Information,12/10/2016 9:22:47 PM,Service Control Manager,7036,None,The Software Protection service entered the stopped state.
Information,12/10/2016 9:22:16 PM,Service Control Manager,7036,None,The Software Protection service entered the running state.
Information,12/10/2016 9:03:48 PM,Service Control Manager,7036,None,The DNS Client service entered the stopped state.
Information,12/10/2016 8:52:47 PM,Service Control Manager,7036,None,The Software Protection service entered the stopped state.
Information,12/10/2016 8:52:16 PM,Service Control Manager,7036,None,The Software Protection service entered the running state.
Information,12/10/2016 8:50:48 PM,Service Control Manager,7036,None,The WinHTTP Web Proxy Auto-Discovery Service service entered the stopped state.
Error,12/10/2016 8:34:07 PM,Schannel,36888,None,A fatal alert was generated and sent to the remote endpoint. This may result in termination of the connection. The TLS protocol defined fatal error code is 10. The Windows SChannel error state is 1203.
Error,12/10/2016 8:34:07 PM,Schannel,36888,None,A fatal alert was generated and sent to the remote endpoint. This may result in termination of the connection. The TLS protocol defined fatal error code is 10. The Windows SChannel error state is 1203.
Information,12/10/2016 8:33:50 PM,Service Control Manager,7036,None,The Windows Update service entered the stopped state.
Error,12/10/2016 8:33:28 PM,Schannel,36888,None,A fatal alert was generated and sent to the remote endpoint. This may result in termination of the connection. The TLS protocol defined fatal error code is 10. The Windows SChannel error state is 1203.
Error,12/10/2016 8:33:28 PM,Schannel,36888,None,A fatal alert was generated and sent to the remote endpoint. This may result in termination of the connection. The TLS protocol defined fatal error code is 10. The Windows SChannel error state is 1203.
Information,12/10/2016 8:23:48 PM,Service Control Manager,7036,None,The DNS Client service entered the running state.
Information,12/10/2016 8:23:48 PM,Service Control Manager,7036,None,The WinHTTP Web Proxy Auto-Discovery Service service entered the running state.
Information,12/10/2016 8:23:48 PM,Service Control Manager,7036,None,The Windows Update service entered the running state.
Information,12/10/2016 8:22:47 PM,Service Control Manager,7036,None,The Software Protection service entered the stopped state.
Information,12/10/2016 8:22:16 PM,Service Control Manager,7036,None,The Software Protection service entered the running state.
Information,12/10/2016 8:16:46 PM,Service Control Manager,7036,None,The DNS Client service entered the stopped state.
Information,12/10/2016 8:07:46 PM,Service Control Manager,7036,None,The WinHTTP Web Proxy Auto-Discovery Service service entered the stopped state.
Information,12/10/2016 7:52:46 PM,Service Control Manager,7036,None,The Software Protection service entered the stopped state.
Error,12/10/2016 7:52:25 PM,Schannel,36888,None,A fatal alert was generated and sent to the remote endpoint. This may result in termination of the connection. The TLS protocol defined fatal error code is 10. The Windows SChannel error state is 1203.
Error,12/10/2016 7:52:25 PM,Schannel,36888,None,A fatal alert was generated and sent to the remote endpoint. This may result in termination of the connection. The TLS protocol defined fatal error code is 10. The Windows SChannel error state is 1203.
Information,12/10/2016 7:52:16 PM,Service Control Manager,7036,None,The Software Protection service entered the running state.
Information,12/10/2016 7:49:49 PM,Service Control Manager,7036,None,The Windows Update service entered the stopped state.
Information,12/10/2016 7:33:46 PM,Service Control Manager,7036,None,The Windows Modules Installer service entered the stopped state.
Information,12/10/2016 7:32:07 PM,Service Control Manager,7036,None,The Software Protection service entered the stopped state.
Information,12/10/2016 7:31:38 PM,Microsoft-Windows-Kernel-General,15,None,Hive \SystemRoot\System32\config\DRIVERS was reorganized with a starting size of 4513792 bytes and an ending size of 4497408 bytes.
Information,12/10/2016 7:31:36 PM,Service Control Manager,7036,None,The Software Protection service entered the running state.
Information,12/10/2016 7:31:35 PM,Service Control Manager,7036,None,The Windows Modules Installer service entered the running state.
Information,12/10/2016 7:22:46 PM,Service Control Manager,7036,None,The Software Protection service entered the stopped state.
Information,12/10/2016 7:22:16 PM,Service Control Manager,7036,None,The Software Protection service entered the running state.
Information,12/10/2016 7:16:46 PM,Service Control Manager,7036,None,The DNS Client service entered the running state.
Information,12/10/2016 7:16:46 PM,Service Control Manager,7036,None,The WinHTTP Web Proxy Auto-Discovery Service service entered the running state.
Information,12/10/2016 7:16:46 PM,Service Control Manager,7036,None,The Windows Update service entered the running state.
Information,12/10/2016 7:03:46 PM,Service Control Manager,7036,None,The DNS Client service entered the stopped state.
Information,12/10/2016 6:52:46 PM,Service Control Manager,7036,None,The Software Protection service entered the stopped state.
Information,12/10/2016 6:52:16 PM,Service Control Manager,7036,None,The Software Protection service entered the running state.
Information,12/10/2016 6:43:46 PM,Service Control Manager,7036,None,The DNS Client service entered the running state.
Information,12/10/2016 6:22:46 PM,Service Control Manager,7036,None,The Software Protection service entered the stopped state.
Information,12/10/2016 6:22:15 PM,Service Control Manager,7036,None,The Software Protection service entered the running state.
Information,12/10/2016 6:00:52 PM,Service Control Manager,7036,None,The DNS Client service entered the stopped state.
Information,12/10/2016 5:52:46 PM,Service Control Manager,7036,None,The Software Protection service entered the stopped state.
Information,12/10/2016 5:52:15 PM,Service Control Manager,7036,None,The Software Protection service entered the running state.
Information,12/10/2016 5:50:52 PM,Service Control Manager,7036,None,The WinHTTP Web Proxy Auto-Discovery Service service entered the stopped state.
Error,12/10/2016 5:34:53 PM,Schannel,36888,None,A fatal alert was generated and sent to the remote endpoint. This may result in termination of the connection. The TLS protocol defined fatal error code is 10. The Windows SChannel error state is 1203.
Error,12/10/2016 5:34:53 PM,Schannel,36888,None,A fatal alert was generated and sent to the remote endpoint. This may result in termination of the connection. The TLS protocol defined fatal error code is 10. The Windows SChannel error state is 1203.
Information,12/10/2016 5:32:52 PM,Service Control Manager,7036,None,The Windows Update service entered the stopped state.
Information,12/10/2016 5:22:50 PM,Service Control Manager,7036,None,The Windows Update service entered the running state.
Information,12/10/2016 5:22:45 PM,Service Control Manager,7036,None,The Software Protection service entered the stopped state.
Information,12/10/2016 5:22:15 PM,Service Control Manager,7036,None,The Software Protection service entered the running state.
Information,12/10/2016 5:20:52 PM,Service Control Manager,7036,None,The Google Update Service (gupdate) service entered the stopped state.
Information,12/10/2016 5:20:52 PM,Service Control Manager,7036,None,The DNS Client service entered the running state.
Information,12/10/2016 5:20:52 PM,Service Control Manager,7036,None,The WinHTTP Web Proxy Auto-Discovery Service service entered the running state.
Information,12/10/2016 5:20:52 PM,Service Control Manager,7036,None,The Google Update Service (gupdate) service entered the running state.
Information,12/10/2016 5:03:46 PM,Service Control Manager,7036,None,The DNS Client service entered the stopped state.
Information,12/10/2016 4:52:45 PM,Service Control Manager,7036,None,The Software Protection service entered the stopped state.
Information,12/10/2016 4:52:15 PM,Service Control Manager,7036,None,The Software Protection service entered the running state.
Information,12/10/2016 4:43:46 PM,Service Control Manager,7036,None,The DNS Client service entered the running state.
Information,12/10/2016 4:38:46 PM,Service Control Manager,7036,None,The DNS Client service entered the stopped state.
Information,12/10/2016 4:29:00 PM,Service Control Manager,7036,None,The WinHTTP Web Proxy Auto-Discovery Service service entered the stopped state.
Information,12/10/2016 4:22:45 PM,Service Control Manager,7036,None,The Software Protection service entered the stopped state.
Information,12/10/2016 4:22:15 PM,Service Control Manager,7036,None,The Software Protection service entered the running state.
Information,12/10/2016 4:12:02 PM,Service Control Manager,7036,None,The Windows Update service entered the stopped state.
Information,12/10/2016 4:02:00 PM,Service Control Manager,7036,None,The WinHTTP Web Proxy Auto-Discovery Service service entered the running state.
Information,12/10/2016 4:02:00 PM,Service Control Manager,7036,None,The Windows Update service entered the running state.
Information,12/10/2016 3:52:45 PM,Service Control Manager,7036,None,The Software Protection service entered the stopped state.
Information,12/10/2016 3:52:14 PM,Service Control Manager,7036,None,The Software Protection service entered the running state.
Information,12/10/2016 3:43:46 PM,Service Control Manager,7036,None,The DNS Client service entered the running state.
Information,12/10/2016 3:22:45 PM,Service Control Manager,7036,None,The Software Protection service entered the stopped state.
Information,12/10/2016 3:22:14 PM,Service Control Manager,7036,None,The Software Protection service entered the running state.
Information,12/10/2016 3:01:39 PM,Service Control Manager,7036,None,The DNS Client service entered the stopped state.
Information,12/10/2016 2:52:45 PM,Service Control Manager,7036,None,The Software Protection service entered the stopped state.
Information,12/10/2016 2:52:14 PM,Service Control Manager,7036,None,The Software Protection service entered the running state.
Information,12/10/2016 2:43:39 PM,Service Control Manager,7036,None,The WinHTTP Web Proxy Auto-Discovery Service service entered the stopped state.
Information,12/10/2016 2:26:41 PM,Service Control Manager,7036,None,The Windows Update service entered the stopped state.
Information,12/10/2016 2:22:44 PM,Service Control Manager,7036,None,The Software Protection service entered the stopped state.
Information,12/10/2016 2:22:14 PM,Service Control Manager,7036,None,The Software Protection service entered the running state.
Information,12/10/2016 2:16:39 PM,Service Control Manager,7036,None,The DNS Client service entered the running state.
Information,12/10/2016 2:16:39 PM,Service Control Manager,7036,None,The WinHTTP Web Proxy Auto-Discovery Service service entered the running state.
Information,12/10/2016 2:16:39 PM,Service Control Manager,7036,None,The Windows Update service entered the running state.
Information,12/10/2016 2:03:46 PM,Service Control Manager,7036,None,The DNS Client service entered the stopped state.
Information,12/10/2016 1:52:44 PM,Service Control Manager,7036,None,The Software Protection service entered the stopped state.
Information,12/10/2016 1:52:14 PM,Service Control Manager,7036,None,The Software Protection service entered the running state.
Information,12/10/2016 1:43:46 PM,Service Control Manager,7036,None,The DNS Client service entered the running state.
Information,12/10/2016 1:35:57 PM,Service Control Manager,7036,None,The DNS Client service entered the stopped state.
Information,12/10/2016 1:22:45 PM,Service Control Manager,7036,None,The WinHTTP Web Proxy Auto-Discovery Service service entered the stopped state.
Information,12/10/2016 1:22:44 PM,Service Control Manager,7036,None,The Software Protection service entered the stopped state.
Information,12/10/2016 1:22:14 PM,Service Control Manager,7036,None,The Software Protection service entered the running state.
Information,12/10/2016 1:05:47 PM,Service Control Manager,7036,None,The Windows Update service entered the stopped state.
Information,12/10/2016 12:55:45 PM,Service Control Manager,7036,None,The WinHTTP Web Proxy Auto-Discovery Service service entered the running state.
Information,12/10/2016 12:55:45 PM,Service Control Manager,7036,None,The Windows Update service entered the running state.
Information,12/10/2016 12:52:44 PM,Service Control Manager,7036,None,The Software Protection service entered the stopped state.
Information,12/10/2016 12:52:13 PM,Service Control Manager,7036,None,The Software Protection service entered the running state.
Information,12/10/2016 12:47:57 PM,Service Control Manager,7036,None,The WinHTTP Web Proxy Auto-Discovery Service service entered the stopped state.
Information,12/10/2016 12:22:44 PM,Service Control Manager,7036,None,The Software Protection service entered the stopped state.
Information,12/10/2016 12:22:13 PM,Service Control Manager,7036,None,The Software Protection service entered the running state.
Information,12/10/2016 12:20:57 PM,Service Control Manager,7036,None,The Google Update Service (gupdate) service entered the stopped state.
Information,12/10/2016 12:20:57 PM,Service Control Manager,7036,None,The DNS Client service entered the running state.
Information,12/10/2016 12:20:57 PM,Service Control Manager,7036,None,The WinHTTP Web Proxy Auto-Discovery Service service entered the running state.
Information,12/10/2016 12:20:57 PM,Service Control Manager,7036,None,The Google Update Service (gupdate) service entered the running state.
Information,12/10/2016 12:05:25 PM,Service Control Manager,7036,None,The DNS Client service entered the stopped state.
Information,12/10/2016 12:00:00 PM,EventLog,6013,None,The system uptime is 668387 seconds.
Information,12/10/2016 11:52:44 AM,Service Control Manager,7036,None,The Software Protection service entered the stopped state.
Information,12/10/2016 11:52:25 AM,Service Control Manager,7036,None,The WinHTTP Web Proxy Auto-Discovery Service service entered the stopped state.
Information,12/10/2016 11:52:13 AM,Service Control Manager,7036,None,The Software Protection service entered the running state.
Information,12/10/2016 11:35:27 AM,Service Control Manager,7036,None,The Windows Update service entered the stopped state.
Information,12/10/2016 11:25:25 AM,Service Control Manager,7036,None,The DNS Client service entered the running state.
Information,12/10/2016 11:25:25 AM,Service Control Manager,7036,None,The WinHTTP Web Proxy Auto-Discovery Service service entered the running state.
Information,12/10/2016 11:25:25 AM,Service Control Manager,7036,None,The Windows Update service entered the running state.
Information,12/10/2016 11:22:43 AM,Service Control Manager,7036,None,The Software Protection service entered the stopped state.
Information,12/10/2016 11:22:13 AM,Service Control Manager,7036,None,The Software Protection service entered the running state.
Information,12/10/2016 11:03:46 AM,Service Control Manager,7036,None,The DNS Client service entered the stopped state.
Information,12/10/2016 10:52:43 AM,Service Control Manager,7036,None,The Software Protection service entered the stopped state.
Information,12/10/2016 10:52:13 AM,Service Control Manager,7036,None,The Software Protection service entered the running state.
Information,12/10/2016 10:43:46 AM,Service Control Manager,7036,None,The DNS Client service entered the running state.
Information,12/10/2016 10:22:43 AM,Service Control Manager,7036,None,The Software Protection service entered the stopped state.
Information,12/10/2016 10:22:13 AM,Service Control Manager,7036,None,The Software Protection service entered the running state.
Information,12/10/2016 10:21:30 AM,Service Control Manager,7036,None,The DNS Client service entered the stopped state.
Information,12/10/2016 10:08:30 AM,Service Control Manager,7036,None,The WinHTTP Web Proxy Auto-Discovery Service service entered the stopped state.
Information,12/10/2016 9:52:43 AM,Service Control Manager,7036,None,The Software Protection service entered the stopped state.
Information,12/10/2016 9:52:12 AM,Service Control Manager,7036,None,The Software Protection service entered the running state.
Information,12/10/2016 9:51:32 AM,Service Control Manager,7036,None,The Windows Update service entered the stopped state.
Information,12/10/2016 9:41:30 AM,Service Control Manager,7036,None,The DNS Client service entered the running state.
Information,12/10/2016 9:41:30 AM,Service Control Manager,7036,None,The WinHTTP Web Proxy Auto-Discovery Service service entered the running state.
Information,12/10/2016 9:41:30 AM,Service Control Manager,7036,None,The Windows Update service entered the running state.
Error,12/10/2016 9:27:35 AM,Schannel,36888,None,A fatal alert was generated and sent to the remote endpoint. This may result in termination of the connection. The TLS protocol defined fatal error code is 10. The Windows SChannel error state is 1203.
Error,12/10/2016 9:27:35 AM,Schannel,36888,None,A fatal alert was generated and sent to the remote endpoint. This may result in termination of the connection. The TLS protocol defined fatal error code is 10. The Windows SChannel error state is 1203.
Information,12/10/2016 9:22:43 AM,Service Control Manager,7036,None,The Software Protection service entered the stopped state.
Information,12/10/2016 9:22:12 AM,Service Control Manager,7036,None,The Software Protection service entered the running state.
Information,12/10/2016 9:19:30 AM,Service Control Manager,7036,None,The DNS Client service entered the stopped state.
Information,12/10/2016 9:08:00 AM,Service Control Manager,7036,None,The WinHTTP Web Proxy Auto-Discovery Service service entered the stopped state.
Information,12/10/2016 8:52:42 AM,Service Control Manager,7036,None,The Software Protection service entered the stopped state.
Information,12/10/2016 8:52:12 AM,Service Control Manager,7036,None,The Software Protection service entered the running state.
Information,12/10/2016 8:49:32 AM,Service Control Manager,7036,None,The Windows Update service entered the stopped state.
Information,12/10/2016 8:39:30 AM,Service Control Manager,7036,None,The DNS Client service entered the running state.
Information,12/10/2016 8:39:30 AM,Service Control Manager,7036,None,The WinHTTP Web Proxy Auto-Discovery Service service entered the running state.
Information,12/10/2016 8:39:30 AM,Service Control Manager,7036,None,The Windows Update service entered the running state.
Information,12/10/2016 8:22:42 AM,Service Control Manager,7036,None,The Software Protection service entered the stopped state.
Information,12/10/2016 8:22:12 AM,Service Control Manager,7036,None,The Software Protection service entered the running state.
Information,12/10/2016 7:58:46 AM,Service Control Manager,7036,None,The DNS Client service entered the stopped state.
Information,12/10/2016 7:52:42 AM,Service Control Manager,7036,None,The Software Protection service entered the stopped state.
Information,12/10/2016 7:52:12 AM,Service Control Manager,7036,None,The Software Protection service entered the running state.
Information,12/10/2016 7:47:33 AM,Service Control Manager,7036,None,The WinHTTP Web Proxy Auto-Discovery Service service entered the stopped state.
Information,12/10/2016 7:22:42 AM,Service Control Manager,7036,None,The Software Protection service entered the stopped state.
Information,12/10/2016 7:22:12 AM,Service Control Manager,7036,None,The Software Protection service entered the running state.
Information,12/10/2016 7:20:33 AM,Service Control Manager,7036,None,The Google Update Service (gupdate) service entered the stopped state.
Information,12/10/2016 7:20:32 AM,Service Control Manager,7036,None,The WinHTTP Web Proxy Auto-Discovery Service service entered the running state.
Information,12/10/2016 7:20:32 AM,Service Control Manager,7036,None,The Google Update Service (gupdate) service entered the running state.
Information,12/10/2016 7:14:43 AM,Service Control Manager,7036,None,The WinHTTP Web Proxy Auto-Discovery Service service entered the stopped state.
Error,12/10/2016 7:00:56 AM,Schannel,36888,None,A fatal alert was generated and sent to the remote endpoint. This may result in termination of the connection. The TLS protocol defined fatal error code is 10. The Windows SChannel error state is 1203.
Error,12/10/2016 7:00:55 AM,Schannel,36888,None,A fatal alert was generated and sent to the remote endpoint. This may result in termination of the connection. The TLS protocol defined fatal error code is 10. The Windows SChannel error state is 1203.
Information,12/10/2016 6:57:45 AM,Service Control Manager,7036,None,The Windows Update service entered the stopped state.
Information,12/10/2016 6:52:42 AM,Service Control Manager,7036,None,The Software Protection service entered the stopped state.
Information,12/10/2016 6:52:11 AM,Service Control Manager,7036,None,The Software Protection service entered the running state.
Information,12/10/2016 6:47:43 AM,Service Control Manager,7036,None,The WinHTTP Web Proxy Auto-Discovery Service service entered the running state.
Information,12/10/2016 6:47:43 AM,Service Control Manager,7036,None,The Windows Update service entered the running state.
Information,12/10/2016 6:43:46 AM,Service Control Manager,7036,None,The DNS Client service entered the running state.
Information,12/10/2016 6:40:00 AM,Service Control Manager,7036,None,The DNS Client service entered the stopped state.
Information,12/10/2016 6:27:00 AM,Service Control Manager,7036,None,The WinHTTP Web Proxy Auto-Discovery Service service entered the stopped state.
Information,12/10/2016 6:22:42 AM,Service Control Manager,7036,None,The Software Protection service entered the stopped state.
Information,12/10/2016 6:22:11 AM,Service Control Manager,7036,None,The Software Protection service entered the running state.
Information,12/10/2016 6:00:00 AM,Service Control Manager,7036,None,The DNS Client service entered the running state.
Information,12/10/2016 6:00:00 AM,Service Control Manager,7036,None,The WinHTTP Web Proxy Auto-Discovery Service service entered the running state.
Information,12/10/2016 5:59:23 AM,Service Control Manager,7036,None,The DNS Client service entered the stopped state.
Information,12/10/2016 5:52:41 AM,Service Control Manager,7036,None,The Software Protection service entered the stopped state.
Information,12/10/2016 5:52:11 AM,Service Control Manager,7036,None,The Software Protection service entered the running state.
Information,12/10/2016 5:41:23 AM,Service Control Manager,7036,None,The WinHTTP Web Proxy Auto-Discovery Service service entered the stopped state.
Information,12/10/2016 5:24:25 AM,Service Control Manager,7036,None,The Windows Update service entered the stopped state.
Information,12/10/2016 5:22:41 AM,Service Control Manager,7036,None,The Software Protection service entered the stopped state.
Information,12/10/2016 5:22:11 AM,Service Control Manager,7036,None,The Software Protection service entered the running state.
Information,12/10/2016 5:14:23 AM,Service Control Manager,7036,None,The DNS Client service entered the running state.
Information,12/10/2016 5:14:23 AM,Service Control Manager,7036,None,The WinHTTP Web Proxy Auto-Discovery Service service entered the running state.
Information,12/10/2016 5:14:23 AM,Service Control Manager,7036,None,The Windows Update service entered the running state.
Information,12/10/2016 5:03:46 AM,Service Control Manager,7036,None,The DNS Client service entered the stopped state.
Information,12/10/2016 4:52:41 AM,Service Control Manager,7036,None,The Software Protection service entered the stopped state.
Information,12/10/2016 4:52:11 AM,Service Control Manager,7036,None,The Software Protection service entered the running state.
Information,12/10/2016 4:43:46 AM,Service Control Manager,7036,None,The DNS Client service entered the running state.
Information,12/10/2016 4:39:44 AM,Service Control Manager,7036,None,The DNS Client service entered the stopped state.
Information,12/10/2016 4:23:03 AM,Service Control Manager,7036,None,The WinHTTP Web Proxy Auto-Discovery Service service entered the stopped state.
Information,12/10/2016 4:22:41 AM,Service Control Manager,7036,None,The Software Protection service entered the stopped state.
Information,12/10/2016 4:22:10 AM,Service Control Manager,7036,None,The Software Protection service entered the running state.
Information,12/10/2016 3:56:48 AM,Service Control Manager,7036,None,The Windows Error Reporting Service service entered the stopped state.
Information,12/10/2016 3:54:48 AM,Service Control Manager,7036,None,The Windows Error Reporting Service service entered the running state.
Information,12/10/2016 3:52:41 AM,Service Control Manager,7036,None,The Software Protection service entered the stopped state.
Information,12/10/2016 3:52:10 AM,Service Control Manager,7036,None,The Software Protection service entered the running state.
Information,12/10/2016 3:49:35 AM,Service Control Manager,7036,None,The Windows Update service entered the stopped state.
Information,12/10/2016 3:39:33 AM,Service Control Manager,7036,None,The DNS Client service entered the running state.
Information,12/10/2016 3:39:33 AM,Service Control Manager,7036,None,The WinHTTP Web Proxy Auto-Discovery Service service entered the running state.
Information,12/10/2016 3:39:33 AM,Service Control Manager,7036,None,The Windows Update service entered the running state.
Information,12/10/2016 3:22:41 AM,Service Control Manager,7036,None,The Software Protection service entered the stopped state.
Information,12/10/2016 3:22:10 AM,Service Control Manager,7036,None,The Software Protection service entered the running state.
Information,12/10/2016 2:58:46 AM,Service Control Manager,7036,None,The DNS Client service entered the stopped state.
Information,12/10/2016 2:52:40 AM,Service Control Manager,7036,None,The Software Protection service entered the stopped state.
Information,12/10/2016 2:52:10 AM,Service Control Manager,7036,None,The Software Protection service entered the running state.
Information,12/10/2016 2:47:31 AM,Service Control Manager,7036,None,The WinHTTP Web Proxy Auto-Discovery Service service entered the stopped state.
Information,12/10/2016 2:22:40 AM,Service Control Manager,7036,None,The Software Protection service entered the stopped state.
Information,12/10/2016 2:22:10 AM,Service Control Manager,7036,None,The Software Protection service entered the running state.
Information,12/10/2016 2:20:31 AM,Service Control Manager,7036,None,The Google Update Service (gupdate) service entered the stopped state.
Information,12/10/2016 2:20:30 AM,Service Control Manager,7036,None,The WinHTTP Web Proxy Auto-Discovery Service service entered the running state.
Information,12/10/2016 2:20:30 AM,Service Control Manager,7036,None,The Google Update Service (gupdate) service entered the running state.
Information,12/10/2016 2:20:24 AM,Service Control Manager,7036,None,The WinHTTP Web Proxy Auto-Discovery Service service entered the stopped state.
Information,12/10/2016 2:03:26 AM,Service Control Manager,7036,None,The Windows Update service entered the stopped state.
Information,12/10/2016 1:53:24 AM,Service Control Manager,7036,None,The WinHTTP Web Proxy Auto-Discovery Service service entered the running state.
Information,12/10/2016 1:53:24 AM,Service Control Manager,7036,None,The Windows Update service entered the running state.
Information,12/10/2016 1:52:40 AM,Service Control Manager,7036,None,The Software Protection service entered the stopped state.
Information,12/10/2016 1:52:10 AM,Service Control Manager,7036,None,The Software Protection service entered the running state.
Information,12/10/2016 1:43:46 AM,Service Control Manager,7036,None,The DNS Client service entered the running state.
Information,12/10/2016 1:22:40 AM,Service Control Manager,7036,None,The Software Protection service entered the stopped state.
Information,12/10/2016 1:22:09 AM,Service Control Manager,7036,None,The Software Protection service entered the running state.
Information,12/10/2016 1:03:44 AM,Service Control Manager,7036,None,The DNS Client service entered the stopped state.
Information,12/10/2016 12:52:40 AM,Service Control Manager,7036,None,The Software Protection service entered the stopped state.
Information,12/10/2016 12:52:09 AM,Service Control Manager,7036,None,The Software Protection service entered the running state.
Information,12/10/2016 12:45:44 AM,Service Control Manager,7036,None,The WinHTTP Web Proxy Auto-Discovery Service service entered the stopped state.
Error,12/10/2016 12:36:22 AM,Schannel,36888,None,A fatal alert was generated and sent to the remote endpoint. This may result in termination of the connection. The TLS protocol defined fatal error code is 10. The Windows SChannel error state is 1203.
Error,12/10/2016 12:36:22 AM,Schannel,36888,None,A fatal alert was generated and sent to the remote endpoint. This may result in termination of the connection. The TLS protocol defined fatal error code is 10. The Windows SChannel error state is 1203.
Information,12/10/2016 12:28:46 AM,Service Control Manager,7036,None,The Windows Update service entered the stopped state.
Information,12/10/2016 12:22:39 AM,Service Control Manager,7036,None,The Software Protection service entered the stopped state.
Information,12/10/2016 12:22:09 AM,Service Control Manager,7036,None,The Software Protection service entered the running state.
Information,12/10/2016 12:18:44 AM,Service Control Manager,7036,None,The DNS Client service entered the running state.
Information,12/10/2016 12:18:44 AM,Service Control Manager,7036,None,The WinHTTP Web Proxy Auto-Discovery Service service entered the running state.
Information,12/10/2016 12:18:44 AM,Service Control Manager,7036,None,The Windows Update service entered the running state.
Information,12/10/2016 12:03:03 AM,Service Control Manager,7036,None,The DNS Client service entered the stopped state.
Information,12/9/2016 11:52:39 PM,Service Control Manager,7036,None,The Software Protection service entered the stopped state.
Information,12/9/2016 11:52:09 PM,Service Control Manager,7036,None,The Software Protection service entered the running state.
Information,12/9/2016 11:50:33 PM,Service Control Manager,7036,None,The WinHTTP Web Proxy Auto-Discovery Service service entered the stopped state.
Information,12/9/2016 11:32:39 PM,Service Control Manager,7036,None,The Windows Update service entered the stopped state.
Information,12/9/2016 11:22:39 PM,Service Control Manager,7036,None,The Software Protection service entered the stopped state.
Information,12/9/2016 11:22:09 PM,Service Control Manager,7036,None,The Software Protection service entered the running state.
Information,12/9/2016 11:16:37 PM,Service Control Manager,7036,None,The Windows Modules Installer service entered the stopped state.
Information,12/9/2016 11:14:58 PM,Service Control Manager,7036,None,The Software Protection service entered the stopped state.
Information,12/9/2016 11:14:28 PM,Service Control Manager,7036,None,The Software Protection service entered the running state.
Information,12/9/2016 11:14:26 PM,Service Control Manager,7036,None,The Windows Modules Installer service entered the running state.
Information,12/9/2016 11:13:03 PM,Service Control Manager,7036,None,The DNS Client service entered the running state.
Information,12/9/2016 11:13:03 PM,Service Control Manager,7036,None,The WinHTTP Web Proxy Auto-Discovery Service service entered the running state.
Information,12/9/2016 11:13:03 PM,Service Control Manager,7036,None,The Windows Update service entered the running state.
Information,12/9/2016 11:00:21 PM,Service Control Manager,7036,None,The DNS Client service entered the stopped state.
Information,12/9/2016 10:52:39 PM,Service Control Manager,7036,None,The Software Protection service entered the stopped state.
Information,12/9/2016 10:52:08 PM,Service Control Manager,7036,None,The Software Protection service entered the running state.
Information,12/9/2016 10:42:21 PM,Service Control Manager,7036,None,The WinHTTP Web Proxy Auto-Discovery Service service entered the stopped state.
Error,12/9/2016 10:32:36 PM,Schannel,36888,None,A fatal alert was generated and sent to the remote endpoint. This may result in termination of the connection. The TLS protocol defined fatal error code is 10. The Windows SChannel error state is 1203.
Error,12/9/2016 10:32:36 PM,Schannel,36888,None,A fatal alert was generated and sent to the remote endpoint. This may result in termination of the connection. The TLS protocol defined fatal error code is 10. The Windows SChannel error state is 1203.
Information,12/9/2016 10:25:24 PM,Service Control Manager,7036,None,The Windows Update service entered the stopped state.
Information,12/9/2016 10:22:39 PM,Service Control Manager,7036,None,The Software Protection service entered the stopped state.
Information,12/9/2016 10:22:08 PM,Service Control Manager,7036,None,The Software Protection service entered the running state.
Information,12/9/2016 10:15:21 PM,Service Control Manager,7036,None,The DNS Client service entered the running state.
Information,12/9/2016 10:15:21 PM,Service Control Manager,7036,None,The WinHTTP Web Proxy Auto-Discovery Service service entered the running state.
Information,12/9/2016 10:15:21 PM,Service Control Manager,7036,None,The Windows Update service entered the running state.
Information,12/9/2016 10:01:49 PM,Service Control Manager,7036,None,The DNS Client service entered the stopped state.
Information,12/9/2016 9:52:39 PM,Service Control Manager,7036,None,The Software Protection service entered the stopped state.
Information,12/9/2016 9:52:08 PM,Service Control Manager,7036,None,The Software Protection service entered the running state.
Information,12/9/2016 9:49:19 PM,Service Control Manager,7036,None,The WinHTTP Web Proxy Auto-Discovery Service service entered the stopped state.
Information,12/9/2016 9:22:38 PM,Service Control Manager,7036,None,The Software Protection service entered the stopped state.
Information,12/9/2016 9:22:08 PM,Service Control Manager,7036,None,The Software Protection service entered the running state.
Information,12/9/2016 9:21:51 PM,Service Control Manager,7036,None,The Windows Update service entered the stopped state.
Information,12/9/2016 9:20:58 PM,Service Control Manager,7036,None,The Google Update Service (gupdate) service entered the stopped state.
Information,12/9/2016 9:20:57 PM,Service Control Manager,7036,None,The Google Update Service (gupdate) service entered the running state.
Information,12/9/2016 9:11:49 PM,Service Control Manager,7036,None,The DNS Client service entered the running state.
Information,12/9/2016 9:11:49 PM,Service Control Manager,7036,None,The WinHTTP Web Proxy Auto-Discovery Service service entered the running state.
Information,12/9/2016 9:11:49 PM,Service Control Manager,7036,None,The Windows Update service entered the running state.
Information,12/9/2016 9:00:27 PM,Service Control Manager,7036,None,The DNS Client service entered the stopped state.
Information,12/9/2016 8:52:38 PM,Service Control Manager,7036,None,The Software Protection service entered the stopped state.
Information,12/9/2016 8:52:08 PM,Service Control Manager,7036,None,The Software Protection service entered the running state.
Information,12/9/2016 8:47:57 PM,Service Control Manager,7036,None,The WinHTTP Web Proxy Auto-Discovery Service service entered the stopped state.
Information,12/9/2016 8:22:38 PM,Service Control Manager,7036,None,The Software Protection service entered the stopped state.
Information,12/9/2016 8:22:08 PM,Service Control Manager,7036,None,The Software Protection service entered the running state.
Information,12/9/2016 8:20:30 PM,Service Control Manager,7036,None,The Windows Update service entered the stopped state.
Information,12/9/2016 8:10:27 PM,Service Control Manager,7036,None,The DNS Client service entered the running state.
Information,12/9/2016 8:10:27 PM,Service Control Manager,7036,None,The WinHTTP Web Proxy Auto-Discovery Service service entered the running state.
Information,12/9/2016 8:10:27 PM,Service Control Manager,7036,None,The Windows Update service entered the running state.
Information,12/9/2016 8:03:46 PM,Service Control Manager,7036,None,The DNS Client service entered the stopped state.
Information,12/9/2016 7:52:38 PM,Service Control Manager,7036,None,The Software Protection service entered the stopped state.
Information,12/9/2016 7:52:07 PM,Service Control Manager,7036,None,The Software Protection service entered the running state.
Information,12/9/2016 7:43:46 PM,Service Control Manager,7036,None,The DNS Client service entered the running state.
Information,12/9/2016 7:22:38 PM,Service Control Manager,7036,None,The Software Protection service entered the stopped state.
Information,12/9/2016 7:22:07 PM,Service Control Manager,7036,None,The Software Protection service entered the running state.
Information,12/9/2016 7:00:42 PM,Service Control Manager,7036,None,The DNS Client service entered the stopped state.
Information,12/9/2016 6:52:37 PM,Service Control Manager,7036,None,The Software Protection service entered the stopped state.
Information,12/9/2016 6:52:07 PM,Service Control Manager,7036,None,The Software Protection service entered the running state.
Information,12/9/2016 6:51:35 PM,Service Control Manager,7036,None,The Smart Card Device Enumeration Service service entered the stopped state.
Information,12/9/2016 6:47:42 PM,Service Control Manager,7036,None,The WinHTTP Web Proxy Auto-Discovery Service service entered the stopped state.
Information,12/9/2016 6:31:36 PM,Service Control Manager,7036,None,The Application Experience service entered the stopped state.
Information,12/9/2016 6:30:44 PM,Service Control Manager,7036,None,The Windows Update service entered the stopped state.
Information,12/9/2016 6:22:37 PM,Service Control Manager,7036,None,The Software Protection service entered the stopped state.
Information,12/9/2016 6:22:07 PM,Service Control Manager,7036,None,The Software Protection service entered the running state.
Information,12/9/2016 6:21:36 PM,Service Control Manager,7036,None,The Application Experience service entered the running state.
Information,12/9/2016 6:20:42 PM,Service Control Manager,7036,None,The DNS Client service entered the running state.
Information,12/9/2016 6:20:42 PM,Service Control Manager,7036,None,The WinHTTP Web Proxy Auto-Discovery Service service entered the running state.
Information,12/9/2016 6:20:42 PM,Service Control Manager,7036,None,The Windows Update service entered the running state.
Information,12/9/2016 6:20:05 PM,Service Control Manager,7036,None,The Device Setup Manager service entered the stopped state.
Information,12/9/2016 6:18:04 PM,Service Control Manager,7036,None,The Device Setup Manager service entered the running state.
Information,12/9/2016 6:18:00 PM,Service Control Manager,7036,None,The Smart Card Device Enumeration Service service entered the running state.
Information,12/9/2016 5:59:02 PM,Service Control Manager,7036,None,The DNS Client service entered the stopped state.
Information,12/9/2016 5:52:37 PM,Service Control Manager,7036,None,The Software Protection service entered the stopped state.
Information,12/9/2016 5:52:07 PM,Service Control Manager,7036,None,The Software Protection service entered the running state.
Information,12/9/2016 5:46:02 PM,Service Control Manager,7036,None,The WinHTTP Web Proxy Auto-Discovery Service service entered the stopped state.
