Information,11/10/2016 11:29:43 PM,Microsoft-Windows-WindowsUpdateClient,22,Automatic Updates,"Restart Required: To complete the installation of the following updates, the computer will be restarted within 15 minutes: 
- Update for Windows Server 2012 R2 (KB3080042)
- Security Update for Microsoft .NET Framework 4.5.1 and 4.5.2 on Windows 8.1 and Windows Server 2012 R2 x64-based Systems (KB3032663)
- Security Update for Microsoft .NET Framework 4.5.1 on Windows 8.1 and Windows Server 2012 R2 for x64-based Systems (KB2894856)
- Security Update for Windows Server 2012 R2 (KB3021674)
- Security Update for Microsoft .NET Framework 4.5.1 and 4.5.2 on Windows 8.1 and Windows Server 2012 R2 x64-based Systems (KB2977765)
- Update for Windows Server 2012 R2 (KB3045717)
- Update for Windows Server 2012 R2 (KB3059316)
- Update for Windows Server 2012 R2 (KB3037924)
- Security Update for Windows Server 2012 R2 (KB3010788)
- Update for Windows Server 2012 R2 (KB3013791)
- Security Update for Windows Server 2012 R2 (KB3109103)
- Update for Windows Server 2012 R2 (KB3094486)
- Security Update for Microsoft .NET Framework 4.5.1 and 4.5.2 on Windows 8.1 and Windows Server 2012 R2 x64-based Systems (KB3037579)
- Update for Windows Server 2012 R2 (KB3006137)
- Update for Windows Server 2012 R2 (KB3139162)
- Update for Windows Server 2012 R2 (KB3138602)
- Security Update for Windows Server 2012 R2 (KB3177186)
- Security Update for Microsoft .NET Framework 4.5.1 and 4.5.2 on Windows 8.1 and Windows Server 2012 R2 x64-based Systems (KB3098779)
- Security Update for Windows Server 2012 R2 (KB3045755)
- Update for Windows Server 2012 R2 (KB3146978)
- Update for Windows Server 2012 R2 (KB3133924)
- Security Update for Windows Server 2012 R2 (KB3076895)
- Security Update for Windows Server 2012 R2 (KB3146723)
- Update for Windows Server 2012 R2 (KB3139164)
- Update for Windows Server 2012 R2 (KB3123242)
- Security Update for Windows Server 2012 R2 (KB3161958)
- Update for Windows Server 2012 R2 (KB3041857)
- Update for Windows Server 2012 R2 (KB2938066)
- Security Update for Windows Server 2012 R2 (KB3102939)
- Update for Windows Server 2012 R2 (KB3071663)
- Security Update for Windows Server 2012 R2 (KB3108381)
- Update for Windows Server 2012 R2 (KB3060793)
- Update for Windows Server 2012 R2 (KB3055343)
- Security Update for Windows Server 2012 R2 (KB3110329)
- Update for Windows Server 2012 R2 (KB3024755)
- Update for Windows Server 2012 R2 (KB3139165)
- Update for Windows Server 2012 R2 (KB3109976)
- Update for Windows Server 2012 R2 (KB3055323)
- Update for Windows Server 2012 R2 (KB3100473)
- Security Update for Windows Server 2012 R2 (KB3161949)
- Security Update for Windows Server 2012 R2 (KB3045685)
- Security Update for Windows Server 2012 R2 (KB3055642)
- Security Update for Windows Server 2012 R2 (KB3156059)
- Update for Windows Server 2012 R2 (KB3036612)
- Update for Windows Server 2012 R2 (KB3027209)
- Security Update for Windows Server 2012 R2 (KB3081320)
- Update for Windows Server 2012 R2 (KB3162835)
- Update for Windows Server 2012 R2 (KB3013538)
- Security Update for Windows Server 2012 R2 (KB3184122)
- Security Update for Windows Server 2012 R2 (KB3126587)
- Microsoft .NET Framework 4.5.2 for Windows 8.1 and Windows Server 2012 R2 for x64-based Systems (KB2934520)
- Update for Windows Server 2012 R2 (KB3063843)
- Update for Windows Server 2012 R2 (KB3137725)
- Update for Windows Server 2012 R2 (KB3139219)
- Update for Windows Server 2012 R2 (KB3008242)
- Security Update for Windows Server 2012 R2 (KB3022777)
- Update for Windows Server 2012 R2 (KB3134815)
- Security Update for Windows Server 2012 R2 (KB3086255)
- Update for Windows Server 2012 R2 (KB3087137)
- Security Update for Windows Server 2012 R2 (KB2993651)
- Update for Windows Server 2012 R2 (KB2989930)
- Update for Windows Server 2012 R2 (KB3137728)
- Security Update for Windows Server 2012 R2 (KB3174644)
- Update for Windows Server 2012 R2 (KB3078405)
- Security Update for Windows Server 2012 R2 (KB3156019)
- Security Update for Microsoft .NET Framework 4.5.1 and 4.5.2 for Windows 8.1 for x64-based Systems (KB3097997)
- Update for Windows Server 2012 R2 (KB3145432)
- Security Update for Windows Server 2012 R2 (KB3084135)
- Security Update for Windows Server 2012 R2 (KB3155784)
- Security Update for Windows Server 2012 R2 (KB3135456)
- Security Update for Windows Server 2012 R2 (KB3139398)
- Security Update for Windows Server 2012 R2 (KB3109094)
- Update for Windows Server 2012 R2 (KB3054169)
- Security Update for Windows Server 2012 R2 (KB3067505)
- Update for Windows Server 2012 R2 (KB3126033)
- Update for Windows Server 2012 R2 (KB3103709)
- Update for Windows Server 2012 R2 (KB3118401)
- Windows Malicious Software Removal Tool for Windows 8, 8.1, 10 and Windows Server 2012, 2012 R2, 2016 x64 Edition - November 2016 (KB890830)
- Security Update for Windows Server 2012 R2 (KB3185911)
- Update for Windows Server 2012 R2 (KB3033446)
- Update for Windows Server 2012 R2 (KB3054464)
- Security Update for Windows Server 2012 R2 (KB3134222)
- Update for Windows Server 2012 R2 (KB3054203)
- Update for Windows Server 2012 R2 (KB3099834)
- Update for Windows Server 2012 R2 (KB3121261)
- Update for Windows Server 2012 R2 (KB3138615)
- Security Update for Windows Server 2012 R2 (KB3156017)
- Security Update for Windows Server 2012 R2 (KB3075220)
- Update for Windows Server 2012 R2 (KB3146604)
- Security Update for Windows Server 2012 R2 (KB3126434)
- Update for Windows Server 2012 R2 (KB3092627)
- Update for Windows Server 2012 R2 (KB3045634)
- Update for Windows Server 2012 R2 (KB3128650)
- Update for Windows Server 2012 R2 (KB3044374)
- Update for Windows Server 2012 R2 (KB3173424)
- Security Update for Windows Server 2012 R2 (KB3061512)
- Security Update for Windows Server 2012 R2 (KB3178539)
- Security Update for Windows Server 2012 R2 (KB3139914)
- Update for Windows Server 2012 R2 (KB3054256)
- Security Update for Windows Server 2012 R2 (KB3035126)
- Update for Windows Server 2012 R2 (KB3004394)
- Security Update for Windows Server 2012 R2 (KB3126593)
- Update for Windows Server 2012 R2 (KB3139923)
- Security Update for Windows Server 2012 R2 (KB2973351)
- Update for Windows Server 2012 R2 (KB3103696)
- Security Update for Microsoft .NET Framework 4.5.1 and 4.5.2 on Windows 8.1 and Windows Server 2012 R2 x64-based Systems (KB3023222)
- Update for Windows Server 2012 R2 (KB3013410)
- Security Update for Windows Server 2012 R2 (KB3170455)
- November, 2016 Security Monthly Quality Rollup for Windows Server 2012 R2 (KB3197874)
- Security Update for Windows Server 2012 R2 (KB3004361)
- Update for Windows Server 2012 R2 (KB3134785)
- Security Update for Windows Server 2012 R2 (KB3072630)
- Update for Windows Server 2012 R2 (KB3078676)
- Update for Windows Server 2012 R2 (KB3043812)
- Update for Windows Server 2012 R2 (KB3044673)
- Security Update for Windows Server 2012 R2 (KB3172729)
- Security Update for Windows Server 2012 R2 (KB3019978)
- Security Update for Windows Server 2012 R2 (KB3023266)
- Update for Windows Server 2012 R2 (KB3121255)
- Security Update for Microsoft .NET Framework 4.5.1 and 4.5.2 on Windows 8.1 and Windows Server 2012 R2 x64-based Systems (KB2978041)
- Security Update for Windows Server 2012 R2 (KB3092601)
- Security Update for Windows Server 2012 R2 (KB3123479)
- Security Update for Windows Server 2012 R2 (KB2976897)
- Update for Windows Server 2012 R2 (KB3134179)
- Security Update for Windows Server 2012 R2 (KB2957189)
- Security Update for Microsoft .NET Framework 4.5.1 and 4.5.2 on Windows 8.1 and Windows Server 2012 R2 x64-based Systems (KB3074228)
- Security Update for Windows Server 2012 R2 (KB3083992)
- Update for Windows Server 2012 R2 (KB3140234)
- Update for Windows Server 2012 R2 (KB3045746)
- Security Update for Windows Server 2012 R2 (KB3156016)
- Security Update for Windows Server 2012 R2 (KB3082089)
- Update for Windows Server 2012 R2 (KB3133681)
- Update for Windows Server 2012 R2 (KB3045992)
- Security Update for Windows Server 2012 R2 (KB3164294)
- Update for Windows Server 2012 R2 (KB3096433)
- Update for Windows Server 2012 R2 (KB3140219)
- Update for Windows Server 2012 R2 (KB3077715)
- Update for Windows Server 2012 R2 (KB3147071)
- Security Update for Windows Server 2012 R2 (KB2992611)
- Update for Windows Server 2012 R2 (KB3042085)
- Update for Windows Server 2012 R2 (KB3048043)
- Security Update for Windows Server 2012 R2 (KB3042553)
- Update for Windows Server 2012 R2 (KB2967917)
- Update for Windows Server 2012 R2 (KB3133690)
- Update for Windows Server 2012 R2 (KB3137061)
- Security Update for Windows Server 2012 R2 (KB3159398)
- Update for Windows Server 2012 R2 (KB3080149)
- Update for Windows Server 2012 R2 (KB3149157)
- Security Update for Windows Server 2012 R2 (KB3045999)
- Security Update for Windows Server 2012 R2 (KB3146963)
- Security Update for Windows Server 2012 R2 (KB3003743)
- Update for Windows Server 2012 R2 (KB3145384)
- Update for Windows Server 2012 R2 (KB3132080)
- Update for Windows Server 2012 R2 (KB3012702)
- Security Update for Windows Server 2012 R2 (KB3046359)
- Security Update for Windows Server 2012 R2 (KB3161561)
- Security Update for Microsoft .NET Framework 4.5.1 and 4.5.2 on Windows 8.1 and Windows Server 2012 R2 x64-based Systems (KB2978126)
- Update for Windows Server 2012 R2 (KB3095701)
- Security Update for Microsoft .NET Framework 4.5.1 and 4.5.2 on Windows 8.1 and Windows Server 2012 R2 x64-based Systems (KB3074548)
- Security Update for Windows Server 2012 R2 (KB3004365)
- Security Update for Windows Server 2012 R2 (KB3030377)
- Security Update for Windows Server 2012 R2 (KB3121918)
- Security Update for Windows Server 2012 R2 (KB2973201)
- Security Update for Windows Server 2012 R2 (KB2977292)
- Update for Windows Server 2012 R2 (KB3125424)
- Update for Windows Server 2012 R2 (KB3034348)
- Security Update for Windows Server 2012 R2 (KB3133043)
- Update for Windows Server 2012 R2 (KB3179574)
- Update for Windows Server 2012 R2 (KB3096411)
- Update for Windows Server 2012 R2 (KB3046737)
- Update for Windows Server 2012 R2 (KB3115224)
- Security Update for Windows Server 2012 R2 (KB3149090)
- Update for Windows Server 2012 R2 (KB3146751)
- Security Update for Windows Server 2012 R2 (KB3164035)
- Security Update for Windows Server 2012 R2 (KB3126446)
- Update for Windows Server 2012 R2 (KB3139921)
- Update for Windows Server 2012 R2 (KB3024751)
- Security Update for Windows Server 2012 R2 (KB3153704)
- Security Update for Windows Server 2012 R2 (KB3011780)
- Update for Windows Server 2012 R2 (KB3087390)
- Update for Windows Server 2012 R2 (KB3103616)
- Update for Windows Server 2012 R2 (KB3060383)
- Update for Windows Server 2012 R2 (KB3087041)
- Update for Windows Server 2012 R2 (KB3123245)
- Update for Windows Server 2012 R2 (KB3029603)
- Update for Windows Server 2012 R2 (KB3060681)
- Security Update for Windows Server 2012 R2 (KB3175024)
- Security Update for Windows Server 2012 R2 (KB3071756)
- Security Update for Windows Server 2012 R2 (KB3046017)
- Security Update for Windows Server 2012 R2 (KB3126041)
- Update for Windows Server 2012 R2 (KB3016074)
- Security Update for Windows Server 2012 R2 (KB3059317)
- Update for Windows Server 2012 R2 (KB3038002)
- Update for Windows Server 2012 R2 (KB3013172)
- Update for Windows Server 2012 R2 (KB3091297)
- Update for Windows Server 2012 R2 (KB3182203)
- Security Update for Windows Server 2012 R2 (KB3169704)
- Update for Windows Server 2012 R2 (KB3100956)
- Update for Windows Server 2012 R2 (KB3000850)
- Update for Windows Server 2012 R2 (KB3045719)
- Update for Windows Server 2012 R2 (KB3030947)
- Security Update for Windows Server 2012 R2 (KB3184943)
- Security Update for Windows Server 2012 R2 (KB3162343)"
Information,11/10/2016 11:28:27 PM,Microsoft-Windows-WindowsUpdateClient,43,Windows Update Agent,Installation Started: Windows has started installing the following update: Security Update for Windows Server 2012 R2 (KB3162343)
Information,11/10/2016 11:27:22 PM,Service Control Manager,7036,None,The DNS Client service entered the stopped state.
Information,11/10/2016 11:27:14 PM,Microsoft-Windows-WindowsUpdateClient,43,Windows Update Agent,Installation Started: Windows has started installing the following update: Security Update for Windows Server 2012 R2 (KB3184943)
Information,11/10/2016 11:26:00 PM,Microsoft-Windows-WindowsUpdateClient,43,Windows Update Agent,Installation Started: Windows has started installing the following update: Update for Windows Server 2012 R2 (KB3030947)
Information,11/10/2016 11:24:46 PM,Microsoft-Windows-WindowsUpdateClient,43,Windows Update Agent,Installation Started: Windows has started installing the following update: Update for Windows Server 2012 R2 (KB3045719)
Information,11/10/2016 11:21:54 PM,Service Control Manager,7036,None,The Volume Shadow Copy service entered the running state.
Information,11/10/2016 11:19:58 PM,Service Control Manager,7036,None,The Volume Shadow Copy service entered the stopped state.
Information,11/10/2016 11:17:03 PM,Microsoft-Windows-WindowsUpdateClient,43,Windows Update Agent,Installation Started: Windows has started installing the following update: Update for Windows Server 2012 R2 (KB3000850)
Information,11/10/2016 11:16:24 PM,Microsoft-Windows-WindowsUpdateClient,43,Windows Update Agent,Installation Started: Windows has started installing the following update: Update for Windows Server 2012 R2 (KB3100956)
Information,11/10/2016 11:15:23 PM,Microsoft-Windows-WindowsUpdateClient,43,Windows Update Agent,Installation Started: Windows has started installing the following update: Security Update for Windows Server 2012 R2 (KB3169704)
Information,11/10/2016 11:14:41 PM,Microsoft-Windows-WindowsUpdateClient,43,Windows Update Agent,Installation Started: Windows has started installing the following update: Update for Windows Server 2012 R2 (KB3182203)
Information,11/10/2016 11:14:22 PM,Service Control Manager,7036,None,The WinHTTP Web Proxy Auto-Discovery Service service entered the stopped state.
Information,11/10/2016 11:14:03 PM,Microsoft-Windows-WindowsUpdateClient,43,Windows Update Agent,Installation Started: Windows has started installing the following update: Update for Windows Server 2012 R2 (KB3091297)
Information,11/10/2016 11:13:24 PM,Microsoft-Windows-WindowsUpdateClient,43,Windows Update Agent,Installation Started: Windows has started installing the following update: Update for Windows Server 2012 R2 (KB3013172)
Information,11/10/2016 11:12:37 PM,Microsoft-Windows-WindowsUpdateClient,43,Windows Update Agent,Installation Started: Windows has started installing the following update: Update for Windows Server 2012 R2 (KB3038002)
Information,11/10/2016 11:11:57 PM,Microsoft-Windows-WindowsUpdateClient,43,Windows Update Agent,Installation Started: Windows has started installing the following update: Security Update for Windows Server 2012 R2 (KB3059317)
Information,11/10/2016 11:11:18 PM,Microsoft-Windows-WindowsUpdateClient,43,Windows Update Agent,Installation Started: Windows has started installing the following update: Update for Windows Server 2012 R2 (KB3016074)
Information,11/10/2016 11:10:40 PM,Microsoft-Windows-WindowsUpdateClient,43,Windows Update Agent,Installation Started: Windows has started installing the following update: Security Update for Windows Server 2012 R2 (KB3126041)
Information,11/10/2016 11:10:02 PM,Microsoft-Windows-WindowsUpdateClient,43,Windows Update Agent,Installation Started: Windows has started installing the following update: Security Update for Windows Server 2012 R2 (KB3046017)
Information,11/10/2016 11:09:20 PM,Microsoft-Windows-WindowsUpdateClient,43,Windows Update Agent,Installation Started: Windows has started installing the following update: Security Update for Windows Server 2012 R2 (KB3071756)
Information,11/10/2016 11:09:04 PM,Service Control Manager,7036,None,The Software Protection service entered the stopped state.
Information,11/10/2016 11:08:37 PM,Microsoft-Windows-WindowsUpdateClient,43,Windows Update Agent,Installation Started: Windows has started installing the following update: Security Update for Windows Server 2012 R2 (KB3175024)
Information,11/10/2016 11:08:34 PM,Service Control Manager,7036,None,The Software Protection service entered the running state.
Information,11/10/2016 11:07:59 PM,Microsoft-Windows-WindowsUpdateClient,43,Windows Update Agent,Installation Started: Windows has started installing the following update: Update for Windows Server 2012 R2 (KB3060681)
Information,11/10/2016 11:07:12 PM,Microsoft-Windows-WindowsUpdateClient,43,Windows Update Agent,Installation Started: Windows has started installing the following update: Update for Windows Server 2012 R2 (KB3029603)
Information,11/10/2016 11:06:30 PM,Microsoft-Windows-WindowsUpdateClient,43,Windows Update Agent,Installation Started: Windows has started installing the following update: Update for Windows Server 2012 R2 (KB3123245)
Information,11/10/2016 11:05:52 PM,Microsoft-Windows-WindowsUpdateClient,43,Windows Update Agent,Installation Started: Windows has started installing the following update: Update for Windows Server 2012 R2 (KB3087041)
Information,11/10/2016 11:05:12 PM,Microsoft-Windows-WindowsUpdateClient,43,Windows Update Agent,Installation Started: Windows has started installing the following update: Update for Windows Server 2012 R2 (KB3060383)
Information,11/10/2016 11:04:34 PM,Microsoft-Windows-WindowsUpdateClient,43,Windows Update Agent,Installation Started: Windows has started installing the following update: Update for Windows Server 2012 R2 (KB3103616)
Information,11/10/2016 11:03:54 PM,Microsoft-Windows-WindowsUpdateClient,43,Windows Update Agent,Installation Started: Windows has started installing the following update: Update for Windows Server 2012 R2 (KB3087390)
Information,11/10/2016 11:03:16 PM,Microsoft-Windows-WindowsUpdateClient,43,Windows Update Agent,Installation Started: Windows has started installing the following update: Security Update for Windows Server 2012 R2 (KB3011780)
Information,11/10/2016 11:02:37 PM,Microsoft-Windows-WindowsUpdateClient,43,Windows Update Agent,Installation Started: Windows has started installing the following update: Security Update for Windows Server 2012 R2 (KB3153704)
Information,11/10/2016 11:01:59 PM,Microsoft-Windows-WindowsUpdateClient,43,Windows Update Agent,Installation Started: Windows has started installing the following update: Update for Windows Server 2012 R2 (KB3024751)
Information,11/10/2016 11:01:21 PM,Microsoft-Windows-WindowsUpdateClient,43,Windows Update Agent,Installation Started: Windows has started installing the following update: Update for Windows Server 2012 R2 (KB3139921)
Information,11/10/2016 11:00:44 PM,Microsoft-Windows-WindowsUpdateClient,43,Windows Update Agent,Installation Started: Windows has started installing the following update: Security Update for Windows Server 2012 R2 (KB3126446)
Information,11/10/2016 11:00:06 PM,Microsoft-Windows-WindowsUpdateClient,43,Windows Update Agent,Installation Started: Windows has started installing the following update: Security Update for Windows Server 2012 R2 (KB3164035)
Information,11/10/2016 10:59:25 PM,Microsoft-Windows-WindowsUpdateClient,43,Windows Update Agent,Installation Started: Windows has started installing the following update: Update for Windows Server 2012 R2 (KB3146751)
Information,11/10/2016 10:58:45 PM,Microsoft-Windows-WindowsUpdateClient,43,Windows Update Agent,Installation Started: Windows has started installing the following update: Security Update for Windows Server 2012 R2 (KB3149090)
Information,11/10/2016 10:58:05 PM,Microsoft-Windows-WindowsUpdateClient,43,Windows Update Agent,Installation Started: Windows has started installing the following update: Update for Windows Server 2012 R2 (KB3115224)
Information,11/10/2016 10:57:04 PM,Microsoft-Windows-WindowsUpdateClient,43,Windows Update Agent,Installation Started: Windows has started installing the following update: Update for Windows Server 2012 R2 (KB3046737)
Information,11/10/2016 10:56:25 PM,Microsoft-Windows-WindowsUpdateClient,43,Windows Update Agent,Installation Started: Windows has started installing the following update: Update for Windows Server 2012 R2 (KB3096411)
Information,11/10/2016 10:55:41 PM,Microsoft-Windows-WindowsUpdateClient,43,Windows Update Agent,Installation Started: Windows has started installing the following update: Update for Windows Server 2012 R2 (KB3179574)
Information,11/10/2016 10:55:05 PM,Microsoft-Windows-WindowsUpdateClient,43,Windows Update Agent,Installation Started: Windows has started installing the following update: Security Update for Windows Server 2012 R2 (KB3133043)
Information,11/10/2016 10:54:20 PM,Microsoft-Windows-WindowsUpdateClient,43,Windows Update Agent,Installation Started: Windows has started installing the following update: Update for Windows Server 2012 R2 (KB3034348)
Information,11/10/2016 10:53:43 PM,Microsoft-Windows-WindowsUpdateClient,43,Windows Update Agent,Installation Started: Windows has started installing the following update: Update for Windows Server 2012 R2 (KB3125424)
Information,11/10/2016 10:53:06 PM,Microsoft-Windows-WindowsUpdateClient,43,Windows Update Agent,Installation Started: Windows has started installing the following update: Security Update for Windows Server 2012 R2 (KB2977292)
Information,11/10/2016 10:52:29 PM,Microsoft-Windows-WindowsUpdateClient,43,Windows Update Agent,Installation Started: Windows has started installing the following update: Security Update for Windows Server 2012 R2 (KB2973201)
Information,11/10/2016 10:51:53 PM,Microsoft-Windows-WindowsUpdateClient,43,Windows Update Agent,Installation Started: Windows has started installing the following update: Security Update for Windows Server 2012 R2 (KB3121918)
Information,11/10/2016 10:51:18 PM,Microsoft-Windows-WindowsUpdateClient,43,Windows Update Agent,Installation Started: Windows has started installing the following update: Security Update for Windows Server 2012 R2 (KB3030377)
Information,11/10/2016 10:50:41 PM,Microsoft-Windows-WindowsUpdateClient,43,Windows Update Agent,Installation Started: Windows has started installing the following update: Security Update for Windows Server 2012 R2 (KB3004365)
Information,11/10/2016 10:49:39 PM,Microsoft-Windows-WindowsUpdateClient,43,Windows Update Agent,Installation Started: Windows has started installing the following update: Security Update for Microsoft .NET Framework 4.5.1 and 4.5.2 on Windows 8.1 and Windows Server 2012 R2 x64-based Systems (KB3074548)
Information,11/10/2016 10:48:57 PM,Microsoft-Windows-WindowsUpdateClient,43,Windows Update Agent,Installation Started: Windows has started installing the following update: Update for Windows Server 2012 R2 (KB3095701)
Information,11/10/2016 10:48:20 PM,Microsoft-Windows-WindowsUpdateClient,43,Windows Update Agent,Installation Started: Windows has started installing the following update: Security Update for Microsoft .NET Framework 4.5.1 and 4.5.2 on Windows 8.1 and Windows Server 2012 R2 x64-based Systems (KB2978126)
Information,11/10/2016 10:47:43 PM,Microsoft-Windows-WindowsUpdateClient,43,Windows Update Agent,Installation Started: Windows has started installing the following update: Security Update for Windows Server 2012 R2 (KB3161561)
Information,11/10/2016 10:47:22 PM,Service Control Manager,7036,None,The DNS Client service entered the running state.
Information,11/10/2016 10:47:22 PM,Service Control Manager,7036,None,The WinHTTP Web Proxy Auto-Discovery Service service entered the running state.
Information,11/10/2016 10:47:00 PM,Microsoft-Windows-WindowsUpdateClient,43,Windows Update Agent,Installation Started: Windows has started installing the following update: Security Update for Windows Server 2012 R2 (KB3046359)
Information,11/10/2016 10:46:21 PM,Microsoft-Windows-WindowsUpdateClient,43,Windows Update Agent,Installation Started: Windows has started installing the following update: Update for Windows Server 2012 R2 (KB3012702)
Information,11/10/2016 10:45:43 PM,Microsoft-Windows-WindowsUpdateClient,43,Windows Update Agent,Installation Started: Windows has started installing the following update: Update for Windows Server 2012 R2 (KB3132080)
Information,11/10/2016 10:45:01 PM,Microsoft-Windows-WindowsUpdateClient,43,Windows Update Agent,Installation Started: Windows has started installing the following update: Update for Windows Server 2012 R2 (KB3145384)
Information,11/10/2016 10:44:23 PM,Microsoft-Windows-WindowsUpdateClient,43,Windows Update Agent,Installation Started: Windows has started installing the following update: Security Update for Windows Server 2012 R2 (KB3003743)
Information,11/10/2016 10:43:48 PM,Microsoft-Windows-WindowsUpdateClient,43,Windows Update Agent,Installation Started: Windows has started installing the following update: Security Update for Windows Server 2012 R2 (KB3146963)
Information,11/10/2016 10:43:09 PM,Microsoft-Windows-WindowsUpdateClient,43,Windows Update Agent,Installation Started: Windows has started installing the following update: Security Update for Windows Server 2012 R2 (KB3045999)
Information,11/10/2016 10:42:31 PM,Microsoft-Windows-WindowsUpdateClient,43,Windows Update Agent,Installation Started: Windows has started installing the following update: Update for Windows Server 2012 R2 (KB3149157)
Information,11/10/2016 10:41:57 PM,Microsoft-Windows-WindowsUpdateClient,43,Windows Update Agent,Installation Started: Windows has started installing the following update: Update for Windows Server 2012 R2 (KB3080149)
Information,11/10/2016 10:41:23 PM,Microsoft-Windows-WindowsUpdateClient,43,Windows Update Agent,Installation Started: Windows has started installing the following update: Security Update for Windows Server 2012 R2 (KB3159398)
Information,11/10/2016 10:40:41 PM,Microsoft-Windows-WindowsUpdateClient,43,Windows Update Agent,Installation Started: Windows has started installing the following update: Update for Windows Server 2012 R2 (KB3137061)
Information,11/10/2016 10:39:58 PM,Microsoft-Windows-WindowsUpdateClient,43,Windows Update Agent,Installation Started: Windows has started installing the following update: Update for Windows Server 2012 R2 (KB3133690)
Information,11/10/2016 10:39:08 PM,Microsoft-Windows-WindowsUpdateClient,43,Windows Update Agent,Installation Started: Windows has started installing the following update: Update for Windows Server 2012 R2 (KB2967917)
Information,11/10/2016 10:39:04 PM,Service Control Manager,7036,None,The Software Protection service entered the stopped state.
Information,11/10/2016 10:38:35 PM,Microsoft-Windows-WindowsUpdateClient,43,Windows Update Agent,Installation Started: Windows has started installing the following update: Security Update for Windows Server 2012 R2 (KB3042553)
Information,11/10/2016 10:38:33 PM,Service Control Manager,7036,None,The Software Protection service entered the running state.
Information,11/10/2016 10:38:02 PM,Microsoft-Windows-WindowsUpdateClient,43,Windows Update Agent,Installation Started: Windows has started installing the following update: Update for Windows Server 2012 R2 (KB3048043)
Information,11/10/2016 10:37:27 PM,Microsoft-Windows-WindowsUpdateClient,43,Windows Update Agent,Installation Started: Windows has started installing the following update: Update for Windows Server 2012 R2 (KB3042085)
Information,11/10/2016 10:36:48 PM,Microsoft-Windows-WindowsUpdateClient,43,Windows Update Agent,Installation Started: Windows has started installing the following update: Security Update for Windows Server 2012 R2 (KB2992611)
Information,11/10/2016 10:36:11 PM,Microsoft-Windows-WindowsUpdateClient,43,Windows Update Agent,Installation Started: Windows has started installing the following update: Update for Windows Server 2012 R2 (KB3147071)
Information,11/10/2016 10:35:34 PM,Microsoft-Windows-WindowsUpdateClient,43,Windows Update Agent,Installation Started: Windows has started installing the following update: Update for Windows Server 2012 R2 (KB3077715)
Information,11/10/2016 10:34:54 PM,Microsoft-Windows-WindowsUpdateClient,43,Windows Update Agent,Installation Started: Windows has started installing the following update: Update for Windows Server 2012 R2 (KB3140219)
Information,11/10/2016 10:34:21 PM,Microsoft-Windows-WindowsUpdateClient,43,Windows Update Agent,Installation Started: Windows has started installing the following update: Update for Windows Server 2012 R2 (KB3096433)
Information,11/10/2016 10:33:39 PM,Microsoft-Windows-WindowsUpdateClient,43,Windows Update Agent,Installation Started: Windows has started installing the following update: Security Update for Windows Server 2012 R2 (KB3164294)
Information,11/10/2016 10:33:07 PM,Microsoft-Windows-WindowsUpdateClient,43,Windows Update Agent,Installation Started: Windows has started installing the following update: Update for Windows Server 2012 R2 (KB3045992)
Information,11/10/2016 10:32:33 PM,Microsoft-Windows-WindowsUpdateClient,43,Windows Update Agent,Installation Started: Windows has started installing the following update: Update for Windows Server 2012 R2 (KB3133681)
Information,11/10/2016 10:32:00 PM,Microsoft-Windows-WindowsUpdateClient,43,Windows Update Agent,Installation Started: Windows has started installing the following update: Security Update for Windows Server 2012 R2 (KB3082089)
Information,11/10/2016 10:31:27 PM,Microsoft-Windows-WindowsUpdateClient,43,Windows Update Agent,Installation Started: Windows has started installing the following update: Security Update for Windows Server 2012 R2 (KB3156016)
Information,11/10/2016 10:30:52 PM,Microsoft-Windows-WindowsUpdateClient,43,Windows Update Agent,Installation Started: Windows has started installing the following update: Update for Windows Server 2012 R2 (KB3045746)
Information,11/10/2016 10:30:20 PM,Microsoft-Windows-WindowsUpdateClient,43,Windows Update Agent,Installation Started: Windows has started installing the following update: Update for Windows Server 2012 R2 (KB3140234)
Information,11/10/2016 10:29:46 PM,Microsoft-Windows-WindowsUpdateClient,43,Windows Update Agent,Installation Started: Windows has started installing the following update: Security Update for Windows Server 2012 R2 (KB3083992)
Information,11/10/2016 10:28:52 PM,Microsoft-Windows-WindowsUpdateClient,43,Windows Update Agent,Installation Started: Windows has started installing the following update: Security Update for Microsoft .NET Framework 4.5.1 and 4.5.2 on Windows 8.1 and Windows Server 2012 R2 x64-based Systems (KB3074228)
Information,11/10/2016 10:28:22 PM,Service Control Manager,7036,None,The DNS Client service entered the stopped state.
Information,11/10/2016 10:28:19 PM,Microsoft-Windows-WindowsUpdateClient,43,Windows Update Agent,Installation Started: Windows has started installing the following update: Security Update for Windows Server 2012 R2 (KB2957189)
Information,11/10/2016 10:27:44 PM,Microsoft-Windows-WindowsUpdateClient,43,Windows Update Agent,Installation Started: Windows has started installing the following update: Update for Windows Server 2012 R2 (KB3134179)
Information,11/10/2016 10:27:11 PM,Microsoft-Windows-WindowsUpdateClient,43,Windows Update Agent,Installation Started: Windows has started installing the following update: Security Update for Windows Server 2012 R2 (KB2976897)
Information,11/10/2016 10:26:21 PM,Microsoft-Windows-WindowsUpdateClient,43,Windows Update Agent,Installation Started: Windows has started installing the following update: Security Update for Windows Server 2012 R2 (KB3123479)
Information,11/10/2016 10:25:47 PM,Microsoft-Windows-WindowsUpdateClient,43,Windows Update Agent,Installation Started: Windows has started installing the following update: Security Update for Windows Server 2012 R2 (KB3092601)
Information,11/10/2016 10:25:12 PM,Microsoft-Windows-WindowsUpdateClient,43,Windows Update Agent,Installation Started: Windows has started installing the following update: Security Update for Microsoft .NET Framework 4.5.1 and 4.5.2 on Windows 8.1 and Windows Server 2012 R2 x64-based Systems (KB2978041)
Information,11/10/2016 10:24:39 PM,Microsoft-Windows-WindowsUpdateClient,43,Windows Update Agent,Installation Started: Windows has started installing the following update: Update for Windows Server 2012 R2 (KB3121255)
Information,11/10/2016 10:24:07 PM,Microsoft-Windows-WindowsUpdateClient,43,Windows Update Agent,Installation Started: Windows has started installing the following update: Security Update for Windows Server 2012 R2 (KB3023266)
Information,11/10/2016 10:23:42 PM,Microsoft-Windows-WindowsUpdateClient,43,Windows Update Agent,Installation Started: Windows has started installing the following update: Security Update for Windows Server 2012 R2 (KB3019978)
Information,11/10/2016 10:23:35 PM,Microsoft-Windows-WindowsUpdateClient,43,Windows Update Agent,Installation Started: Windows has started installing the following update: Security Update for Windows Server 2012 R2 (KB3172729)
Information,11/10/2016 10:23:03 PM,Microsoft-Windows-WindowsUpdateClient,43,Windows Update Agent,Installation Started: Windows has started installing the following update: Update for Windows Server 2012 R2 (KB3044673)
Information,11/10/2016 10:22:28 PM,Microsoft-Windows-WindowsUpdateClient,43,Windows Update Agent,Installation Started: Windows has started installing the following update: Update for Windows Server 2012 R2 (KB3043812)
Information,11/10/2016 10:21:57 PM,Microsoft-Windows-WindowsUpdateClient,43,Windows Update Agent,Installation Started: Windows has started installing the following update: Update for Windows Server 2012 R2 (KB3078676)
Information,11/10/2016 10:21:24 PM,Microsoft-Windows-WindowsUpdateClient,43,Windows Update Agent,Installation Started: Windows has started installing the following update: Security Update for Windows Server 2012 R2 (KB3072630)
Information,11/10/2016 10:20:52 PM,Microsoft-Windows-WindowsUpdateClient,43,Windows Update Agent,Installation Started: Windows has started installing the following update: Update for Windows Server 2012 R2 (KB3134785)
Information,11/10/2016 10:20:22 PM,Service Control Manager,7036,None,The Application Experience service entered the stopped state.
Information,11/10/2016 10:20:19 PM,Microsoft-Windows-WindowsUpdateClient,43,Windows Update Agent,Installation Started: Windows has started installing the following update: Security Update for Windows Server 2012 R2 (KB3004361)
Information,11/10/2016 10:19:10 PM,Microsoft-Windows-WindowsUpdateClient,43,Windows Update Agent,"Installation Started: Windows has started installing the following update: November, 2016 Security Monthly Quality Rollup for Windows Server 2012 R2 (KB3197874)"
Information,11/10/2016 10:18:54 PM,Microsoft-Windows-WindowsUpdateClient,43,Windows Update Agent,Installation Started: Windows has started installing the following update: Security Update for Windows Server 2012 R2 (KB3170455)
Information,11/10/2016 10:18:37 PM,Microsoft-Windows-WindowsUpdateClient,43,Windows Update Agent,Installation Started: Windows has started installing the following update: Update for Windows Server 2012 R2 (KB3013410)
Information,11/10/2016 10:18:09 PM,Microsoft-Windows-WindowsUpdateClient,43,Windows Update Agent,Installation Started: Windows has started installing the following update: Security Update for Microsoft .NET Framework 4.5.1 and 4.5.2 on Windows 8.1 and Windows Server 2012 R2 x64-based Systems (KB3023222)
Information,11/10/2016 10:17:51 PM,Microsoft-Windows-WindowsUpdateClient,43,Windows Update Agent,Installation Started: Windows has started installing the following update: Update for Windows Server 2012 R2 (KB3103696)
Information,11/10/2016 10:17:35 PM,Microsoft-Windows-WindowsUpdateClient,43,Windows Update Agent,Installation Started: Windows has started installing the following update: Security Update for Windows Server 2012 R2 (KB2973351)
Information,11/10/2016 10:17:19 PM,Microsoft-Windows-WindowsUpdateClient,43,Windows Update Agent,Installation Started: Windows has started installing the following update: Update for Windows Server 2012 R2 (KB3139923)
Information,11/10/2016 10:17:01 PM,Microsoft-Windows-WindowsUpdateClient,43,Windows Update Agent,Installation Started: Windows has started installing the following update: Security Update for Windows Server 2012 R2 (KB3126593)
Information,11/10/2016 10:16:46 PM,Microsoft-Windows-WindowsUpdateClient,43,Windows Update Agent,Installation Started: Windows has started installing the following update: Update for Windows Server 2012 R2 (KB3004394)
Information,11/10/2016 10:16:32 PM,Microsoft-Windows-WindowsUpdateClient,43,Windows Update Agent,Installation Started: Windows has started installing the following update: Security Update for Windows Server 2012 R2 (KB3035126)
Information,11/10/2016 10:16:16 PM,Microsoft-Windows-WindowsUpdateClient,43,Windows Update Agent,Installation Started: Windows has started installing the following update: Update for Windows Server 2012 R2 (KB3054256)
Information,11/10/2016 10:16:02 PM,Microsoft-Windows-WindowsUpdateClient,43,Windows Update Agent,Installation Started: Windows has started installing the following update: Security Update for Windows Server 2012 R2 (KB3139914)
Information,11/10/2016 10:16:00 PM,Service Control Manager,7036,None,The AppX Deployment Service (AppXSVC) service entered the stopped state.
Information,11/10/2016 10:15:48 PM,Microsoft-Windows-WindowsUpdateClient,43,Windows Update Agent,Installation Started: Windows has started installing the following update: Security Update for Windows Server 2012 R2 (KB3178539)
Information,11/10/2016 10:15:34 PM,Microsoft-Windows-WindowsUpdateClient,43,Windows Update Agent,Installation Started: Windows has started installing the following update: Security Update for Windows Server 2012 R2 (KB3061512)
Information,11/10/2016 10:15:23 PM,Microsoft-Windows-WindowsUpdateClient,43,Windows Update Agent,Installation Started: Windows has started installing the following update: Update for Windows Server 2012 R2 (KB3173424)
Information,11/10/2016 10:15:05 PM,Microsoft-Windows-WindowsUpdateClient,43,Windows Update Agent,Installation Started: Windows has started installing the following update: Update for Windows Server 2012 R2 (KB3044374)
Information,11/10/2016 10:14:49 PM,Microsoft-Windows-WindowsUpdateClient,43,Windows Update Agent,Installation Started: Windows has started installing the following update: Update for Windows Server 2012 R2 (KB3128650)
Information,11/10/2016 10:14:33 PM,Microsoft-Windows-WindowsUpdateClient,43,Windows Update Agent,Installation Started: Windows has started installing the following update: Update for Windows Server 2012 R2 (KB3045634)
Information,11/10/2016 10:14:17 PM,Microsoft-Windows-WindowsUpdateClient,43,Windows Update Agent,Installation Started: Windows has started installing the following update: Update for Windows Server 2012 R2 (KB3092627)
Information,11/10/2016 10:14:03 PM,Microsoft-Windows-WindowsUpdateClient,43,Windows Update Agent,Installation Started: Windows has started installing the following update: Security Update for Windows Server 2012 R2 (KB3126434)
Information,11/10/2016 10:13:50 PM,Microsoft-Windows-WindowsUpdateClient,43,Windows Update Agent,Installation Started: Windows has started installing the following update: Update for Windows Server 2012 R2 (KB3146604)
Information,11/10/2016 10:13:35 PM,Microsoft-Windows-WindowsUpdateClient,43,Windows Update Agent,Installation Started: Windows has started installing the following update: Security Update for Windows Server 2012 R2 (KB3075220)
Information,11/10/2016 10:13:21 PM,Microsoft-Windows-WindowsUpdateClient,43,Windows Update Agent,Installation Started: Windows has started installing the following update: Security Update for Windows Server 2012 R2 (KB3156017)
Error,11/10/2016 10:13:05 PM,Service Control Manager,7000,None,"The WMI Performance Adapter service failed to start due to the following error: 
The service did not respond to the start or control request in a timely fashion."
Error,11/10/2016 10:13:05 PM,Service Control Manager,7009,None,A timeout was reached (30000 milliseconds) while waiting for the WMI Performance Adapter service to connect.
Information,11/10/2016 10:13:05 PM,Service Control Manager,7036,None,The WMI Performance Adapter service entered the stopped state.
Information,11/10/2016 10:13:05 PM,Service Control Manager,7036,None,The WMI Performance Adapter service entered the running state.
Information,11/10/2016 10:13:05 PM,Service Control Manager,7036,None,The WMI Performance Adapter service entered the stopped state.
Information,11/10/2016 10:13:03 PM,Microsoft-Windows-WindowsUpdateClient,43,Windows Update Agent,Installation Started: Windows has started installing the following update: Update for Windows Server 2012 R2 (KB3138615)
Information,11/10/2016 10:12:35 PM,Microsoft-Windows-WindowsUpdateClient,43,Windows Update Agent,Installation Started: Windows has started installing the following update: Update for Windows Server 2012 R2 (KB3121261)
Information,11/10/2016 10:12:21 PM,Microsoft-Windows-WindowsUpdateClient,43,Windows Update Agent,Installation Started: Windows has started installing the following update: Update for Windows Server 2012 R2 (KB3099834)
Information,11/10/2016 10:12:08 PM,Microsoft-Windows-WindowsUpdateClient,43,Windows Update Agent,Installation Started: Windows has started installing the following update: Update for Windows Server 2012 R2 (KB3054203)
Information,11/10/2016 10:11:54 PM,Microsoft-Windows-WindowsUpdateClient,43,Windows Update Agent,Installation Started: Windows has started installing the following update: Security Update for Windows Server 2012 R2 (KB3134222)
Information,11/10/2016 10:11:41 PM,Microsoft-Windows-WindowsUpdateClient,43,Windows Update Agent,Installation Started: Windows has started installing the following update: Update for Windows Server 2012 R2 (KB3054464)
Information,11/10/2016 10:11:27 PM,Microsoft-Windows-WindowsUpdateClient,43,Windows Update Agent,Installation Started: Windows has started installing the following update: Update for Windows Server 2012 R2 (KB3033446)
Information,11/10/2016 10:11:10 PM,Microsoft-Windows-WindowsUpdateClient,43,Windows Update Agent,Installation Started: Windows has started installing the following update: Security Update for Windows Server 2012 R2 (KB3185911)
Information,11/10/2016 10:11:10 PM,Microsoft-Windows-WindowsUpdateClient,19,Windows Update Agent,"Installation Successful: Windows successfully installed the following update: Windows Malicious Software Removal Tool for Windows 8, 8.1, 10 and Windows Server 2012, 2012 R2, 2016 x64 Edition - November 2016 (KB890830)"
Information,11/10/2016 10:11:02 PM,Service Control Manager,7036,None,The WMI Performance Adapter service entered the running state.
Information,11/10/2016 10:10:57 PM,Service Control Manager,7036,None,The AppX Deployment Service (AppXSVC) service entered the running state.
Information,11/10/2016 10:10:54 PM,Microsoft-Windows-Kernel-General,16,None,The access history in hive \??\c:\users\cloudbase-init\AppData\Local\Microsoft\Windows\usrclass.dat was cleared updating 8 keys and creating 1 modified pages.
Information,11/10/2016 10:10:22 PM,Service Control Manager,7036,None,The WinHTTP Web Proxy Auto-Discovery Service service entered the stopped state.
Information,11/10/2016 10:10:14 PM,Microsoft-Windows-WindowsUpdateClient,43,Windows Update Agent,"Installation Started: Windows has started installing the following update: Windows Malicious Software Removal Tool for Windows 8, 8.1, 10 and Windows Server 2012, 2012 R2, 2016 x64 Edition - November 2016 (KB890830)"
Information,11/10/2016 10:10:11 PM,Service Control Manager,7036,None,The Application Experience service entered the running state.
Information,11/10/2016 10:10:00 PM,Microsoft-Windows-WindowsUpdateClient,43,Windows Update Agent,Installation Started: Windows has started installing the following update: Update for Windows Server 2012 R2 (KB3118401)
Information,11/10/2016 10:09:49 PM,Microsoft-Windows-WindowsUpdateClient,43,Windows Update Agent,Installation Started: Windows has started installing the following update: Update for Windows Server 2012 R2 (KB3103709)
Information,11/10/2016 10:09:37 PM,Microsoft-Windows-WindowsUpdateClient,43,Windows Update Agent,Installation Started: Windows has started installing the following update: Update for Windows Server 2012 R2 (KB3126033)
Information,11/10/2016 10:09:20 PM,Microsoft-Windows-WindowsUpdateClient,43,Windows Update Agent,Installation Started: Windows has started installing the following update: Security Update for Windows Server 2012 R2 (KB3067505)
Information,11/10/2016 10:09:05 PM,Microsoft-Windows-WindowsUpdateClient,43,Windows Update Agent,Installation Started: Windows has started installing the following update: Update for Windows Server 2012 R2 (KB3054169)
Information,11/10/2016 10:09:04 PM,Service Control Manager,7036,None,The Software Protection service entered the stopped state.
Information,11/10/2016 10:08:49 PM,Microsoft-Windows-WindowsUpdateClient,43,Windows Update Agent,Installation Started: Windows has started installing the following update: Security Update for Windows Server 2012 R2 (KB3109094)
Information,11/10/2016 10:08:34 PM,Microsoft-Windows-WindowsUpdateClient,43,Windows Update Agent,Installation Started: Windows has started installing the following update: Security Update for Windows Server 2012 R2 (KB3139398)
Information,11/10/2016 10:08:32 PM,Service Control Manager,7036,None,The Software Protection service entered the running state.
Information,11/10/2016 10:08:19 PM,Microsoft-Windows-WindowsUpdateClient,43,Windows Update Agent,Installation Started: Windows has started installing the following update: Security Update for Windows Server 2012 R2 (KB3135456)
Information,11/10/2016 10:08:16 PM,Service Control Manager,7036,None,The Application Experience service entered the stopped state.
Information,11/10/2016 10:08:04 PM,Microsoft-Windows-WindowsUpdateClient,43,Windows Update Agent,Installation Started: Windows has started installing the following update: Security Update for Windows Server 2012 R2 (KB3155784)
Information,11/10/2016 10:07:53 PM,Microsoft-Windows-WindowsUpdateClient,43,Windows Update Agent,Installation Started: Windows has started installing the following update: Security Update for Windows Server 2012 R2 (KB3084135)
Information,11/10/2016 10:07:40 PM,Microsoft-Windows-WindowsUpdateClient,43,Windows Update Agent,Installation Started: Windows has started installing the following update: Update for Windows Server 2012 R2 (KB3145432)
Information,11/10/2016 10:07:12 PM,Microsoft-Windows-WindowsUpdateClient,43,Windows Update Agent,Installation Started: Windows has started installing the following update: Security Update for Microsoft .NET Framework 4.5.1 and 4.5.2 for Windows 8.1 for x64-based Systems (KB3097997)
Information,11/10/2016 10:07:01 PM,Microsoft-Windows-WindowsUpdateClient,43,Windows Update Agent,Installation Started: Windows has started installing the following update: Security Update for Windows Server 2012 R2 (KB3156019)
Information,11/10/2016 10:06:48 PM,Microsoft-Windows-WindowsUpdateClient,43,Windows Update Agent,Installation Started: Windows has started installing the following update: Update for Windows Server 2012 R2 (KB3078405)
Information,11/10/2016 10:06:30 PM,Microsoft-Windows-WindowsUpdateClient,43,Windows Update Agent,Installation Started: Windows has started installing the following update: Security Update for Windows Server 2012 R2 (KB3174644)
Information,11/10/2016 10:06:16 PM,Microsoft-Windows-WindowsUpdateClient,43,Windows Update Agent,Installation Started: Windows has started installing the following update: Update for Windows Server 2012 R2 (KB3137728)
Information,11/10/2016 10:06:04 PM,Microsoft-Windows-WindowsUpdateClient,43,Windows Update Agent,Installation Started: Windows has started installing the following update: Update for Windows Server 2012 R2 (KB2989930)
Information,11/10/2016 10:05:53 PM,Microsoft-Windows-WindowsUpdateClient,43,Windows Update Agent,Installation Started: Windows has started installing the following update: Security Update for Windows Server 2012 R2 (KB2993651)
Information,11/10/2016 10:05:42 PM,Microsoft-Windows-WindowsUpdateClient,43,Windows Update Agent,Installation Started: Windows has started installing the following update: Update for Windows Server 2012 R2 (KB3087137)
Information,11/10/2016 10:05:32 PM,Microsoft-Windows-WindowsUpdateClient,43,Windows Update Agent,Installation Started: Windows has started installing the following update: Security Update for Windows Server 2012 R2 (KB3086255)
Information,11/10/2016 10:05:21 PM,Microsoft-Windows-WindowsUpdateClient,43,Windows Update Agent,Installation Started: Windows has started installing the following update: Update for Windows Server 2012 R2 (KB3134815)
Information,11/10/2016 10:05:11 PM,Microsoft-Windows-WindowsUpdateClient,43,Windows Update Agent,Installation Started: Windows has started installing the following update: Security Update for Windows Server 2012 R2 (KB3022777)
Information,11/10/2016 10:04:59 PM,Microsoft-Windows-WindowsUpdateClient,43,Windows Update Agent,Installation Started: Windows has started installing the following update: Update for Windows Server 2012 R2 (KB3008242)
Information,11/10/2016 10:04:49 PM,Microsoft-Windows-WindowsUpdateClient,43,Windows Update Agent,Installation Started: Windows has started installing the following update: Update for Windows Server 2012 R2 (KB3139219)
Information,11/10/2016 10:04:28 PM,Microsoft-Windows-WindowsUpdateClient,43,Windows Update Agent,Installation Started: Windows has started installing the following update: Update for Windows Server 2012 R2 (KB3137725)
