Information,11/12/2016 7:38:46 PM,Service Control Manager,7036,None,The Software Protection service entered the running state.
Information,11/12/2016 7:22:30 PM,Service Control Manager,7036,None,The DNS Client service entered the running state.
Information,11/12/2016 7:22:30 PM,Service Control Manager,7036,None,The WinHTTP Web Proxy Auto-Discovery Service service entered the running state.
Information,11/12/2016 7:09:16 PM,Service Control Manager,7036,None,The Software Protection service entered the stopped state.
Information,11/12/2016 7:08:46 PM,Service Control Manager,7036,None,The Software Protection service entered the running state.
Information,11/12/2016 6:39:16 PM,Service Control Manager,7036,None,The Software Protection service entered the stopped state.
Information,11/12/2016 6:38:46 PM,Service Control Manager,7036,None,The Software Protection service entered the running state.
Information,11/12/2016 6:33:29 PM,Service Control Manager,7036,None,The DNS Client service entered the stopped state.
Information,11/12/2016 6:20:30 PM,Service Control Manager,7036,None,The WinHTTP Web Proxy Auto-Discovery Service service entered the stopped state.
Information,11/12/2016 6:09:16 PM,Service Control Manager,7036,None,The Software Protection service entered the stopped state.
Information,11/12/2016 6:08:45 PM,Service Control Manager,7036,None,The Software Protection service entered the running state.
Information,11/12/2016 5:53:29 PM,Service Control Manager,7036,None,The DNS Client service entered the running state.
Information,11/12/2016 5:53:29 PM,Service Control Manager,7036,None,The WinHTTP Web Proxy Auto-Discovery Service service entered the running state.
Information,11/12/2016 5:39:16 PM,Service Control Manager,7036,None,The Software Protection service entered the stopped state.
Information,11/12/2016 5:38:45 PM,Service Control Manager,7036,None,The Software Protection service entered the running state.
Information,11/12/2016 5:10:57 PM,Service Control Manager,7036,None,The DNS Client service entered the stopped state.
Information,11/12/2016 5:09:15 PM,Service Control Manager,7036,None,The Software Protection service entered the stopped state.
Information,11/12/2016 5:08:45 PM,Service Control Manager,7036,None,The Software Protection service entered the running state.
Information,11/12/2016 4:58:29 PM,Service Control Manager,7036,None,The WinHTTP Web Proxy Auto-Discovery Service service entered the stopped state.
Information,11/12/2016 4:39:15 PM,Service Control Manager,7036,None,The Software Protection service entered the stopped state.
Information,11/12/2016 4:38:45 PM,Service Control Manager,7036,None,The Software Protection service entered the running state.
Information,11/12/2016 4:31:29 PM,Service Control Manager,7036,None,The DNS Client service entered the running state.
Information,11/12/2016 4:31:29 PM,Service Control Manager,7036,None,The WinHTTP Web Proxy Auto-Discovery Service service entered the running state.
Information,11/12/2016 4:09:15 PM,Service Control Manager,7036,None,The Software Protection service entered the stopped state.
Information,11/12/2016 4:08:45 PM,Service Control Manager,7036,None,The Software Protection service entered the running state.
Information,11/12/2016 3:39:15 PM,Service Control Manager,7036,None,The Software Protection service entered the stopped state.
Information,11/12/2016 3:38:45 PM,Service Control Manager,7036,None,The Software Protection service entered the running state.
Information,11/12/2016 3:32:29 PM,Service Control Manager,7036,None,The DNS Client service entered the stopped state.
Information,11/12/2016 3:19:29 PM,Service Control Manager,7036,None,The WinHTTP Web Proxy Auto-Discovery Service service entered the stopped state.
Information,11/12/2016 3:09:15 PM,Service Control Manager,7036,None,The Software Protection service entered the stopped state.
Information,11/12/2016 3:08:45 PM,Service Control Manager,7036,None,The Software Protection service entered the running state.
Information,11/12/2016 2:52:29 PM,Service Control Manager,7036,None,The DNS Client service entered the running state.
Information,11/12/2016 2:52:29 PM,Service Control Manager,7036,None,The WinHTTP Web Proxy Auto-Discovery Service service entered the running state.
Information,11/12/2016 2:39:15 PM,Service Control Manager,7036,None,The Software Protection service entered the stopped state.
Information,11/12/2016 2:38:44 PM,Service Control Manager,7036,None,The Software Protection service entered the running state.
Information,11/12/2016 2:14:29 PM,Service Control Manager,7036,None,The DNS Client service entered the stopped state.
Information,11/12/2016 2:09:15 PM,Service Control Manager,7036,None,The Software Protection service entered the stopped state.
Information,11/12/2016 2:08:44 PM,Service Control Manager,7036,None,The Software Protection service entered the running state.
Information,11/12/2016 2:01:29 PM,Service Control Manager,7036,None,The WinHTTP Web Proxy Auto-Discovery Service service entered the stopped state.
Information,11/12/2016 1:39:14 PM,Service Control Manager,7036,None,The Software Protection service entered the stopped state.
Information,11/12/2016 1:38:44 PM,Service Control Manager,7036,None,The Software Protection service entered the running state.
Information,11/12/2016 1:34:29 PM,Service Control Manager,7036,None,The DNS Client service entered the running state.
Information,11/12/2016 1:34:29 PM,Service Control Manager,7036,None,The WinHTTP Web Proxy Auto-Discovery Service service entered the running state.
Information,11/12/2016 1:14:26 PM,Service Control Manager,7036,None,The DNS Client service entered the stopped state.
Information,11/12/2016 1:09:14 PM,Service Control Manager,7036,None,The Software Protection service entered the stopped state.
Information,11/12/2016 1:08:44 PM,Service Control Manager,7036,None,The Software Protection service entered the running state.
Information,11/12/2016 1:01:26 PM,Service Control Manager,7036,None,The WinHTTP Web Proxy Auto-Discovery Service service entered the stopped state.
Information,11/12/2016 12:39:14 PM,Service Control Manager,7036,None,The Software Protection service entered the stopped state.
Information,11/12/2016 12:38:44 PM,Service Control Manager,7036,None,The Software Protection service entered the running state.
Information,11/12/2016 12:34:26 PM,Service Control Manager,7036,None,The DNS Client service entered the running state.
Information,11/12/2016 12:34:26 PM,Service Control Manager,7036,None,The WinHTTP Web Proxy Auto-Discovery Service service entered the running state.
Information,11/12/2016 12:11:27 PM,Service Control Manager,7036,None,The DNS Client service entered the stopped state.
Information,11/12/2016 12:09:14 PM,Service Control Manager,7036,None,The Software Protection service entered the stopped state.
Information,11/12/2016 12:08:44 PM,Service Control Manager,7036,None,The Software Protection service entered the running state.
Information,11/12/2016 11:58:27 AM,Service Control Manager,7036,None,The WinHTTP Web Proxy Auto-Discovery Service service entered the stopped state.
Information,11/12/2016 11:39:14 AM,Service Control Manager,7036,None,The Software Protection service entered the stopped state.
Information,11/12/2016 11:38:44 AM,Service Control Manager,7036,None,The Software Protection service entered the running state.
Information,11/12/2016 11:31:27 AM,Service Control Manager,7036,None,The DNS Client service entered the running state.
Information,11/12/2016 11:31:27 AM,Service Control Manager,7036,None,The WinHTTP Web Proxy Auto-Discovery Service service entered the running state.
Information,11/12/2016 11:09:14 AM,Service Control Manager,7036,None,The Software Protection service entered the stopped state.
Information,11/12/2016 11:08:43 AM,Service Control Manager,7036,None,The Software Protection service entered the running state.
Information,11/12/2016 10:48:27 AM,Service Control Manager,7036,None,The DNS Client service entered the stopped state.
Information,11/12/2016 10:39:14 AM,Service Control Manager,7036,None,The Software Protection service entered the stopped state.
Information,11/12/2016 10:38:43 AM,Service Control Manager,7036,None,The Software Protection service entered the running state.
Information,11/12/2016 10:36:57 AM,Service Control Manager,7036,None,The WinHTTP Web Proxy Auto-Discovery Service service entered the stopped state.
Information,11/12/2016 10:09:14 AM,Service Control Manager,7036,None,The Software Protection service entered the stopped state.
Information,11/12/2016 10:08:43 AM,Service Control Manager,7036,None,The Software Protection service entered the running state.
Information,11/12/2016 10:08:27 AM,Service Control Manager,7036,None,The DNS Client service entered the running state.
Information,11/12/2016 10:08:27 AM,Service Control Manager,7036,None,The WinHTTP Web Proxy Auto-Discovery Service service entered the running state.
Information,11/12/2016 9:39:13 AM,Service Control Manager,7036,None,The Software Protection service entered the stopped state.
Information,11/12/2016 9:38:43 AM,Service Control Manager,7036,None,The Software Protection service entered the running state.
Information,11/12/2016 9:29:27 AM,Service Control Manager,7036,None,The DNS Client service entered the stopped state.
Information,11/12/2016 9:16:27 AM,Service Control Manager,7036,None,The WinHTTP Web Proxy Auto-Discovery Service service entered the stopped state.
Information,11/12/2016 9:09:13 AM,Service Control Manager,7036,None,The Software Protection service entered the stopped state.
Information,11/12/2016 9:08:43 AM,Service Control Manager,7036,None,The Software Protection service entered the running state.
Information,11/12/2016 8:49:27 AM,Service Control Manager,7036,None,The DNS Client service entered the running state.
Information,11/12/2016 8:49:27 AM,Service Control Manager,7036,None,The WinHTTP Web Proxy Auto-Discovery Service service entered the running state.
Information,11/12/2016 8:39:13 AM,Service Control Manager,7036,None,The Software Protection service entered the stopped state.
Information,11/12/2016 8:38:43 AM,Service Control Manager,7036,None,The Software Protection service entered the running state.
Information,11/12/2016 8:09:13 AM,Service Control Manager,7036,None,The Software Protection service entered the stopped state.
Information,11/12/2016 8:08:43 AM,Service Control Manager,7036,None,The Software Protection service entered the running state.
Information,11/12/2016 7:52:27 AM,Service Control Manager,7036,None,The DNS Client service entered the stopped state.
Information,11/12/2016 7:39:27 AM,Service Control Manager,7036,None,The WinHTTP Web Proxy Auto-Discovery Service service entered the stopped state.
Information,11/12/2016 7:39:13 AM,Service Control Manager,7036,None,The Software Protection service entered the stopped state.
Information,11/12/2016 7:38:43 AM,Service Control Manager,7036,None,The Software Protection service entered the running state.
Information,11/12/2016 7:12:26 AM,Service Control Manager,7036,None,The DNS Client service entered the running state.
Information,11/12/2016 7:12:26 AM,Service Control Manager,7036,None,The WinHTTP Web Proxy Auto-Discovery Service service entered the running state.
Information,11/12/2016 7:09:13 AM,Service Control Manager,7036,None,The Software Protection service entered the stopped state.
Information,11/12/2016 7:08:42 AM,Service Control Manager,7036,None,The Software Protection service entered the running state.
Information,11/12/2016 6:39:13 AM,Service Control Manager,7036,None,The Software Protection service entered the stopped state.
Information,11/12/2016 6:38:42 AM,Service Control Manager,7036,None,The Software Protection service entered the running state.
Information,11/12/2016 6:09:13 AM,Service Control Manager,7036,None,The Software Protection service entered the stopped state.
Information,11/12/2016 6:08:42 AM,Service Control Manager,7036,None,The Software Protection service entered the running state.
Information,11/12/2016 6:08:08 AM,Service Control Manager,7036,None,The DNS Client service entered the stopped state.
Information,11/12/2016 5:54:26 AM,Service Control Manager,7036,None,The WinHTTP Web Proxy Auto-Discovery Service service entered the stopped state.
Information,11/12/2016 5:39:12 AM,Service Control Manager,7036,None,The Software Protection service entered the stopped state.
Information,11/12/2016 5:38:42 AM,Service Control Manager,7036,None,The Software Protection service entered the running state.
Information,11/12/2016 5:27:26 AM,Service Control Manager,7036,None,The WinHTTP Web Proxy Auto-Discovery Service service entered the running state.
Information,11/12/2016 5:27:01 AM,Service Control Manager,7036,None,The WinHTTP Web Proxy Auto-Discovery Service service entered the stopped state.
Information,11/12/2016 5:11:12 AM,Service Control Manager,7036,None,The Windows Modules Installer service entered the stopped state.
Information,11/12/2016 5:09:12 AM,Service Control Manager,7036,None,The Software Protection service entered the stopped state.
Information,11/12/2016 5:09:12 AM,Service Control Manager,7036,None,The Windows Modules Installer service entered the running state.
Information,11/12/2016 5:08:42 AM,Service Control Manager,7036,None,The Software Protection service entered the running state.
Information,11/12/2016 5:00:01 AM,Service Control Manager,7036,None,The WinHTTP Web Proxy Auto-Discovery Service service entered the running state.
Information,11/12/2016 4:50:26 AM,Service Control Manager,7036,None,The WinHTTP Web Proxy Auto-Discovery Service service entered the stopped state.
Information,11/12/2016 4:39:12 AM,Service Control Manager,7036,None,The Software Protection service entered the stopped state.
Information,11/12/2016 4:38:42 AM,Service Control Manager,7036,None,The Software Protection service entered the running state.
Information,11/12/2016 4:23:26 AM,Service Control Manager,7036,None,The DNS Client service entered the running state.
Information,11/12/2016 4:23:26 AM,Service Control Manager,7036,None,The WinHTTP Web Proxy Auto-Discovery Service service entered the running state.
Information,11/12/2016 4:09:12 AM,Service Control Manager,7036,None,The Software Protection service entered the stopped state.
Information,11/12/2016 4:08:42 AM,Service Control Manager,7036,None,The Software Protection service entered the running state.
Information,11/12/2016 4:00:00 AM,EventLog,6013,None,The system uptime is 1335237 seconds.
Information,11/12/2016 3:49:27 AM,Service Control Manager,7036,None,The DNS Client service entered the stopped state.
Information,11/12/2016 3:39:12 AM,Service Control Manager,7036,None,The Software Protection service entered the stopped state.
Information,11/12/2016 3:38:41 AM,Service Control Manager,7036,None,The Software Protection service entered the running state.
Information,11/12/2016 3:34:57 AM,Service Control Manager,7036,None,The WinHTTP Web Proxy Auto-Discovery Service service entered the stopped state.
Information,11/12/2016 3:09:12 AM,Service Control Manager,7036,None,The Software Protection service entered the stopped state.
Information,11/12/2016 3:08:41 AM,Service Control Manager,7036,None,The Software Protection service entered the running state.
Information,11/12/2016 2:59:49 AM,Service Control Manager,7036,None,The Windows Modules Installer service entered the stopped state.
Information,11/12/2016 2:57:43 AM,Service Control Manager,7036,None,The Windows Modules Installer service entered the running state.
Information,11/12/2016 2:39:27 AM,Service Control Manager,7036,None,The DNS Client service entered the running state.
Information,11/12/2016 2:39:27 AM,Service Control Manager,7036,None,The WinHTTP Web Proxy Auto-Discovery Service service entered the running state.
Information,11/12/2016 2:39:11 AM,Service Control Manager,7036,None,The Software Protection service entered the stopped state.
Information,11/12/2016 2:38:41 AM,Service Control Manager,7036,None,The Software Protection service entered the running state.
Information,11/12/2016 2:09:11 AM,Service Control Manager,7036,None,The Software Protection service entered the stopped state.
Information,11/12/2016 2:08:41 AM,Service Control Manager,7036,None,The Software Protection service entered the running state.
Information,11/12/2016 1:52:26 AM,Service Control Manager,7036,None,The DNS Client service entered the stopped state.
Information,11/12/2016 1:39:27 AM,Service Control Manager,7036,None,The WinHTTP Web Proxy Auto-Discovery Service service entered the stopped state.
Information,11/12/2016 1:39:11 AM,Service Control Manager,7036,None,The Software Protection service entered the stopped state.
Information,11/12/2016 1:38:41 AM,Service Control Manager,7036,None,The Software Protection service entered the running state.
Information,11/12/2016 1:12:26 AM,Service Control Manager,7036,None,The DNS Client service entered the running state.
Information,11/12/2016 1:12:26 AM,Service Control Manager,7036,None,The WinHTTP Web Proxy Auto-Discovery Service service entered the running state.
Information,11/12/2016 1:09:11 AM,Service Control Manager,7036,None,The Software Protection service entered the stopped state.
Information,11/12/2016 1:08:41 AM,Service Control Manager,7036,None,The Software Protection service entered the running state.
Information,11/12/2016 12:39:11 AM,Service Control Manager,7036,None,The Software Protection service entered the stopped state.
Information,11/12/2016 12:38:41 AM,Service Control Manager,7036,None,The Software Protection service entered the running state.
Information,11/12/2016 12:34:26 AM,Service Control Manager,7036,None,The DNS Client service entered the stopped state.
Information,11/12/2016 12:21:26 AM,Service Control Manager,7036,None,The WinHTTP Web Proxy Auto-Discovery Service service entered the stopped state.
Information,11/12/2016 12:09:11 AM,Service Control Manager,7036,None,The Software Protection service entered the stopped state.
Information,11/12/2016 12:08:40 AM,Service Control Manager,7036,None,The Software Protection service entered the running state.
Information,11/11/2016 11:54:26 PM,Service Control Manager,7036,None,The DNS Client service entered the running state.
Information,11/11/2016 11:54:26 PM,Service Control Manager,7036,None,The WinHTTP Web Proxy Auto-Discovery Service service entered the running state.
Information,11/11/2016 11:39:11 PM,Service Control Manager,7036,None,The Software Protection service entered the stopped state.
Information,11/11/2016 11:38:40 PM,Service Control Manager,7036,None,The Software Protection service entered the running state.
Information,11/11/2016 11:09:26 PM,Service Control Manager,7036,None,The DNS Client service entered the stopped state.
Information,11/11/2016 11:09:10 PM,Service Control Manager,7036,None,The Software Protection service entered the stopped state.
Information,11/11/2016 11:08:40 PM,Service Control Manager,7036,None,The Software Protection service entered the running state.
Information,11/11/2016 10:56:26 PM,Service Control Manager,7036,None,The WinHTTP Web Proxy Auto-Discovery Service service entered the stopped state.
Information,11/11/2016 10:39:10 PM,Service Control Manager,7036,None,The Software Protection service entered the stopped state.
Information,11/11/2016 10:38:40 PM,Service Control Manager,7036,None,The Software Protection service entered the running state.
Information,11/11/2016 10:29:26 PM,Service Control Manager,7036,None,The DNS Client service entered the running state.
Information,11/11/2016 10:29:26 PM,Service Control Manager,7036,None,The WinHTTP Web Proxy Auto-Discovery Service service entered the running state.
Information,11/11/2016 10:09:10 PM,Service Control Manager,7036,None,The Software Protection service entered the stopped state.
Information,11/11/2016 10:08:40 PM,Service Control Manager,7036,None,The Software Protection service entered the running state.
Information,11/11/2016 9:39:10 PM,Service Control Manager,7036,None,The Software Protection service entered the stopped state.
Information,11/11/2016 9:38:40 PM,Service Control Manager,7036,None,The Software Protection service entered the running state.
Information,11/11/2016 9:12:26 PM,Service Control Manager,7036,None,The DNS Client service entered the stopped state.
Information,11/11/2016 9:09:10 PM,Service Control Manager,7036,None,The Software Protection service entered the stopped state.
Information,11/11/2016 9:08:40 PM,Service Control Manager,7036,None,The Software Protection service entered the running state.
Information,11/11/2016 8:59:26 PM,Service Control Manager,7036,None,The WinHTTP Web Proxy Auto-Discovery Service service entered the stopped state.
Information,11/11/2016 8:39:10 PM,Service Control Manager,7036,None,The Software Protection service entered the stopped state.
Information,11/11/2016 8:38:39 PM,Service Control Manager,7036,None,The Software Protection service entered the running state.
Information,11/11/2016 8:32:26 PM,Service Control Manager,7036,None,The DNS Client service entered the running state.
Information,11/11/2016 8:32:26 PM,Service Control Manager,7036,None,The WinHTTP Web Proxy Auto-Discovery Service service entered the running state.
Information,11/11/2016 8:09:10 PM,Service Control Manager,7036,None,The Software Protection service entered the stopped state.
Information,11/11/2016 8:08:39 PM,Service Control Manager,7036,None,The Software Protection service entered the running state.
Information,11/11/2016 7:57:19 PM,Service Control Manager,7036,None,The Windows Error Reporting Service service entered the stopped state.
Information,11/11/2016 7:55:19 PM,Microsoft-Windows-Kernel-General,16,None,The access history in hive \SystemRoot\System32\Config\RegBack\SAM was cleared updating 86 keys and creating 7 modified pages.
Information,11/11/2016 7:55:19 PM,Microsoft-Windows-Kernel-General,16,None,The access history in hive \SystemRoot\System32\Config\RegBack\DEFAULT was cleared updating 254 keys and creating 23 modified pages.
Information,11/11/2016 7:55:19 PM,Service Control Manager,7036,None,The Windows Error Reporting Service service entered the running state.
Information,11/11/2016 7:55:19 PM,Microsoft-Windows-Kernel-General,16,None,The access history in hive \SystemRoot\System32\Config\RegBack\SYSTEM was cleared updating 27412 keys and creating 2043 modified pages.
Information,11/11/2016 7:55:18 PM,Microsoft-Windows-Kernel-General,16,None,The access history in hive \SystemRoot\System32\Config\RegBack\SOFTWARE was cleared updating 179002 keys and creating 12271 modified pages.
Information,11/11/2016 7:55:15 PM,Microsoft-Windows-Kernel-General,16,None,The access history in hive \SystemRoot\System32\Config\RegBack\SECURITY was cleared updating 103 keys and creating 4 modified pages.
Information,11/11/2016 7:42:23 PM,Service Control Manager,7036,None,The DNS Client service entered the stopped state.
Information,11/11/2016 7:39:09 PM,Service Control Manager,7036,None,The Software Protection service entered the stopped state.
Information,11/11/2016 7:38:39 PM,Service Control Manager,7036,None,The Software Protection service entered the running state.
Information,11/11/2016 7:33:55 PM,Service Control Manager,7036,None,The WinHTTP Web Proxy Auto-Discovery Service service entered the stopped state.
Information,11/11/2016 7:09:09 PM,Service Control Manager,7036,None,The Software Protection service entered the stopped state.
Information,11/11/2016 7:08:39 PM,Service Control Manager,7036,None,The Software Protection service entered the running state.
Information,11/11/2016 7:05:25 PM,Service Control Manager,7036,None,The DNS Client service entered the running state.
Information,11/11/2016 7:05:25 PM,Service Control Manager,7036,None,The WinHTTP Web Proxy Auto-Discovery Service service entered the running state.
Information,11/11/2016 6:39:09 PM,Service Control Manager,7036,None,The Software Protection service entered the stopped state.
Information,11/11/2016 6:38:39 PM,Service Control Manager,7036,None,The Software Protection service entered the running state.
Information,11/11/2016 6:09:09 PM,Service Control Manager,7036,None,The Software Protection service entered the stopped state.
Information,11/11/2016 6:08:39 PM,Service Control Manager,7036,None,The Software Protection service entered the running state.
Information,11/11/2016 6:01:26 PM,Service Control Manager,7036,None,The DNS Client service entered the stopped state.
Information,11/11/2016 5:48:26 PM,Service Control Manager,7036,None,The WinHTTP Web Proxy Auto-Discovery Service service entered the stopped state.
Information,11/11/2016 5:39:09 PM,Service Control Manager,7036,None,The Software Protection service entered the stopped state.
Information,11/11/2016 5:38:39 PM,Service Control Manager,7036,None,The Software Protection service entered the running state.
Information,11/11/2016 5:21:26 PM,Service Control Manager,7036,None,The DNS Client service entered the running state.
Information,11/11/2016 5:21:26 PM,Service Control Manager,7036,None,The WinHTTP Web Proxy Auto-Discovery Service service entered the running state.
Information,11/11/2016 5:09:09 PM,Service Control Manager,7036,None,The Software Protection service entered the stopped state.
Information,11/11/2016 5:08:39 PM,Service Control Manager,7036,None,The Software Protection service entered the running state.
Information,11/11/2016 4:39:09 PM,Service Control Manager,7036,None,The Software Protection service entered the stopped state.
Information,11/11/2016 4:38:38 PM,Service Control Manager,7036,None,The Software Protection service entered the running state.
Information,11/11/2016 4:09:08 PM,Service Control Manager,7036,None,The Software Protection service entered the stopped state.
Information,11/11/2016 4:08:38 PM,Service Control Manager,7036,None,The Software Protection service entered the running state.
Information,11/11/2016 4:08:26 PM,Service Control Manager,7036,None,The DNS Client service entered the stopped state.
Information,11/11/2016 3:55:26 PM,Service Control Manager,7036,None,The WinHTTP Web Proxy Auto-Discovery Service service entered the stopped state.
Information,11/11/2016 3:39:08 PM,Service Control Manager,7036,None,The Software Protection service entered the stopped state.
Information,11/11/2016 3:38:38 PM,Service Control Manager,7036,None,The Software Protection service entered the running state.
Information,11/11/2016 3:28:25 PM,Service Control Manager,7036,None,The DNS Client service entered the running state.
Information,11/11/2016 3:28:25 PM,Service Control Manager,7036,None,The WinHTTP Web Proxy Auto-Discovery Service service entered the running state.
Information,11/11/2016 3:09:08 PM,Service Control Manager,7036,None,The Software Protection service entered the stopped state.
Information,11/11/2016 3:08:38 PM,Service Control Manager,7036,None,The Software Protection service entered the running state.
Information,11/11/2016 2:39:08 PM,Service Control Manager,7036,None,The Software Protection service entered the stopped state.
Information,11/11/2016 2:38:38 PM,Service Control Manager,7036,None,The Software Protection service entered the running state.
Information,11/11/2016 2:29:25 PM,Service Control Manager,7036,None,The DNS Client service entered the stopped state.
Information,11/11/2016 2:16:25 PM,Service Control Manager,7036,None,The WinHTTP Web Proxy Auto-Discovery Service service entered the stopped state.
Information,11/11/2016 2:09:08 PM,Service Control Manager,7036,None,The Software Protection service entered the stopped state.
Information,11/11/2016 2:08:38 PM,Service Control Manager,7036,None,The Software Protection service entered the running state.
Information,11/11/2016 1:49:25 PM,Service Control Manager,7036,None,The DNS Client service entered the running state.
Information,11/11/2016 1:49:25 PM,Service Control Manager,7036,None,The WinHTTP Web Proxy Auto-Discovery Service service entered the running state.
Information,11/11/2016 1:39:08 PM,Service Control Manager,7036,None,The Software Protection service entered the stopped state.
Information,11/11/2016 1:38:38 PM,Service Control Manager,7036,None,The Software Protection service entered the running state.
Information,11/11/2016 1:17:25 PM,Service Control Manager,7036,None,The DNS Client service entered the stopped state.
Information,11/11/2016 1:09:08 PM,Service Control Manager,7036,None,The Software Protection service entered the stopped state.
Information,11/11/2016 1:08:37 PM,Service Control Manager,7036,None,The Software Protection service entered the running state.
Information,11/11/2016 1:04:25 PM,Service Control Manager,7036,None,The WinHTTP Web Proxy Auto-Discovery Service service entered the stopped state.
Information,11/11/2016 12:39:08 PM,Service Control Manager,7036,None,The Software Protection service entered the stopped state.
Information,11/11/2016 12:38:37 PM,Service Control Manager,7036,None,The Software Protection service entered the running state.
Information,11/11/2016 12:37:25 PM,Service Control Manager,7036,None,The DNS Client service entered the running state.
Information,11/11/2016 12:37:25 PM,Service Control Manager,7036,None,The WinHTTP Web Proxy Auto-Discovery Service service entered the running state.
Information,11/11/2016 12:09:07 PM,Service Control Manager,7036,None,The Software Protection service entered the stopped state.
Information,11/11/2016 12:08:37 PM,Service Control Manager,7036,None,The Software Protection service entered the running state.
Information,11/11/2016 11:44:25 AM,Service Control Manager,7036,None,The DNS Client service entered the stopped state.
Information,11/11/2016 11:39:07 AM,Service Control Manager,7036,None,The Software Protection service entered the stopped state.
Information,11/11/2016 11:38:37 AM,Service Control Manager,7036,None,The Software Protection service entered the running state.
Information,11/11/2016 11:31:25 AM,Service Control Manager,7036,None,The WinHTTP Web Proxy Auto-Discovery Service service entered the stopped state.
Information,11/11/2016 11:09:07 AM,Service Control Manager,7036,None,The Software Protection service entered the stopped state.
Information,11/11/2016 11:08:37 AM,Service Control Manager,7036,None,The Software Protection service entered the running state.
Information,11/11/2016 11:04:24 AM,Service Control Manager,7036,None,The DNS Client service entered the running state.
Information,11/11/2016 11:04:24 AM,Service Control Manager,7036,None,The WinHTTP Web Proxy Auto-Discovery Service service entered the running state.
Information,11/11/2016 10:39:07 AM,Service Control Manager,7036,None,The Software Protection service entered the stopped state.
Information,11/11/2016 10:38:37 AM,Service Control Manager,7036,None,The Software Protection service entered the running state.
Information,11/11/2016 10:37:24 AM,Service Control Manager,7036,None,The DNS Client service entered the stopped state.
Information,11/11/2016 10:27:24 AM,Service Control Manager,7036,None,The WinHTTP Web Proxy Auto-Discovery Service service entered the stopped state.
Information,11/11/2016 10:09:07 AM,Service Control Manager,7036,None,The Software Protection service entered the stopped state.
Information,11/11/2016 10:08:37 AM,Service Control Manager,7036,None,The Software Protection service entered the running state.
Information,11/11/2016 9:57:24 AM,Service Control Manager,7036,None,The DNS Client service entered the running state.
Information,11/11/2016 9:57:24 AM,Service Control Manager,7036,None,The WinHTTP Web Proxy Auto-Discovery Service service entered the running state.
Information,11/11/2016 9:39:07 AM,Service Control Manager,7036,None,The Software Protection service entered the stopped state.
Information,11/11/2016 9:38:36 AM,Service Control Manager,7036,None,The Software Protection service entered the running state.
Information,11/11/2016 9:09:07 AM,Service Control Manager,7036,None,The Software Protection service entered the stopped state.
Information,11/11/2016 9:08:36 AM,Service Control Manager,7036,None,The Software Protection service entered the running state.
Information,11/11/2016 8:50:16 AM,Service Control Manager,7036,None,The DNS Client service entered the stopped state.
Information,11/11/2016 8:39:24 AM,Service Control Manager,7036,None,The WinHTTP Web Proxy Auto-Discovery Service service entered the stopped state.
Information,11/11/2016 8:39:07 AM,Service Control Manager,7036,None,The Software Protection service entered the stopped state.
Information,11/11/2016 8:38:36 AM,Service Control Manager,7036,None,The Software Protection service entered the running state.
Information,11/11/2016 8:12:24 AM,Service Control Manager,7036,None,The DNS Client service entered the running state.
Information,11/11/2016 8:12:24 AM,Service Control Manager,7036,None,The WinHTTP Web Proxy Auto-Discovery Service service entered the running state.
Information,11/11/2016 8:09:06 AM,Service Control Manager,7036,None,The Software Protection service entered the stopped state.
Information,11/11/2016 8:08:36 AM,Service Control Manager,7036,None,The Software Protection service entered the running state.
Information,11/11/2016 7:39:06 AM,Service Control Manager,7036,None,The Software Protection service entered the stopped state.
Information,11/11/2016 7:38:36 AM,Service Control Manager,7036,None,The Software Protection service entered the running state.
Information,11/11/2016 7:17:24 AM,Service Control Manager,7036,None,The DNS Client service entered the stopped state.
Information,11/11/2016 7:09:06 AM,Service Control Manager,7036,None,The Software Protection service entered the stopped state.
Information,11/11/2016 7:08:36 AM,Service Control Manager,7036,None,The Software Protection service entered the running state.
Information,11/11/2016 7:04:24 AM,Service Control Manager,7036,None,The WinHTTP Web Proxy Auto-Discovery Service service entered the stopped state.
Information,11/11/2016 6:39:06 AM,Service Control Manager,7036,None,The Software Protection service entered the stopped state.
Information,11/11/2016 6:38:36 AM,Service Control Manager,7036,None,The Software Protection service entered the running state.
Information,11/11/2016 6:37:23 AM,Service Control Manager,7036,None,The DNS Client service entered the running state.
Information,11/11/2016 6:37:23 AM,Service Control Manager,7036,None,The WinHTTP Web Proxy Auto-Discovery Service service entered the running state.
Information,11/11/2016 6:15:23 AM,Service Control Manager,7036,None,The DNS Client service entered the stopped state.
Information,11/11/2016 6:09:06 AM,Service Control Manager,7036,None,The Software Protection service entered the stopped state.
Information,11/11/2016 6:08:35 AM,Service Control Manager,7036,None,The Software Protection service entered the running state.
Information,11/11/2016 6:02:24 AM,Service Control Manager,7036,None,The WinHTTP Web Proxy Auto-Discovery Service service entered the stopped state.
Information,11/11/2016 5:39:06 AM,Service Control Manager,7036,None,The Software Protection service entered the stopped state.
Information,11/11/2016 5:38:35 AM,Service Control Manager,7036,None,The Software Protection service entered the running state.
Information,11/11/2016 5:27:57 AM,Service Control Manager,7036,None,The Windows Modules Installer service entered the stopped state.
Information,11/11/2016 5:25:50 AM,Service Control Manager,7036,None,The Windows Modules Installer service entered the running state.
Information,11/11/2016 5:19:14 AM,Service Control Manager,7036,None,The Application Experience service entered the stopped state.
Information,11/11/2016 5:11:36 AM,Service Control Manager,7036,None,The Windows Modules Installer service entered the stopped state.
Information,11/11/2016 5:09:14 AM,Service Control Manager,7036,None,The Windows Modules Installer service entered the running state.
Information,11/11/2016 5:09:14 AM,Service Control Manager,7036,None,The Application Experience service entered the running state.
Information,11/11/2016 5:09:05 AM,Service Control Manager,7036,None,The Software Protection service entered the stopped state.
Information,11/11/2016 5:08:35 AM,Service Control Manager,7036,None,The Software Protection service entered the running state.
Information,11/11/2016 5:05:23 AM,Service Control Manager,7036,None,The DNS Client service entered the running state.
Information,11/11/2016 5:05:23 AM,Service Control Manager,7036,None,The WinHTTP Web Proxy Auto-Discovery Service service entered the running state.
Information,11/11/2016 4:39:05 AM,Service Control Manager,7036,None,The Software Protection service entered the stopped state.
Information,11/11/2016 4:38:35 AM,Service Control Manager,7036,None,The Software Protection service entered the running state.
Information,11/11/2016 4:09:05 AM,Service Control Manager,7036,None,The Software Protection service entered the stopped state.
Information,11/11/2016 4:08:35 AM,Service Control Manager,7036,None,The Software Protection service entered the running state.
Information,11/11/2016 4:00:00 AM,EventLog,6013,None,The system uptime is 1248837 seconds.
Information,11/11/2016 3:54:23 AM,Service Control Manager,7036,None,The DNS Client service entered the stopped state.
Information,11/11/2016 3:42:53 AM,Service Control Manager,7036,None,The WinHTTP Web Proxy Auto-Discovery Service service entered the stopped state.
Information,11/11/2016 3:39:05 AM,Service Control Manager,7036,None,The Software Protection service entered the stopped state.
Information,11/11/2016 3:38:35 AM,Service Control Manager,7036,None,The Software Protection service entered the running state.
Information,11/11/2016 3:14:23 AM,Service Control Manager,7036,None,The DNS Client service entered the running state.
Information,11/11/2016 3:14:23 AM,Service Control Manager,7036,None,The WinHTTP Web Proxy Auto-Discovery Service service entered the running state.
Information,11/11/2016 3:09:05 AM,Service Control Manager,7036,None,The Software Protection service entered the stopped state.
Information,11/11/2016 3:08:35 AM,Service Control Manager,7036,None,The Software Protection service entered the running state.
Information,11/11/2016 2:52:23 AM,Service Control Manager,7036,None,The DNS Client service entered the stopped state.
Information,11/11/2016 2:39:23 AM,Service Control Manager,7036,None,The WinHTTP Web Proxy Auto-Discovery Service service entered the stopped state.
Information,11/11/2016 2:39:05 AM,Service Control Manager,7036,None,The Software Protection service entered the stopped state.
Information,11/11/2016 2:38:34 AM,Service Control Manager,7036,None,The Software Protection service entered the running state.
Information,11/11/2016 2:12:23 AM,Service Control Manager,7036,None,The DNS Client service entered the running state.
Information,11/11/2016 2:12:23 AM,Service Control Manager,7036,None,The WinHTTP Web Proxy Auto-Discovery Service service entered the running state.
Information,11/11/2016 2:09:05 AM,Service Control Manager,7036,None,The Software Protection service entered the stopped state.
Information,11/11/2016 2:08:34 AM,Service Control Manager,7036,None,The Software Protection service entered the running state.
Information,11/11/2016 1:39:04 AM,Service Control Manager,7036,None,The Software Protection service entered the stopped state.
Information,11/11/2016 1:38:34 AM,Service Control Manager,7036,None,The Software Protection service entered the running state.
Information,11/11/2016 1:09:04 AM,Service Control Manager,7036,None,The Software Protection service entered the stopped state.
Information,11/11/2016 1:08:34 AM,Service Control Manager,7036,None,The Software Protection service entered the running state.
Information,11/11/2016 1:01:23 AM,Service Control Manager,7036,None,The DNS Client service entered the stopped state.
Information,11/11/2016 12:48:23 AM,Service Control Manager,7036,None,The WinHTTP Web Proxy Auto-Discovery Service service entered the stopped state.
Information,11/11/2016 12:39:04 AM,Service Control Manager,7036,None,The Software Protection service entered the stopped state.
Information,11/11/2016 12:38:34 AM,Service Control Manager,7036,None,The Software Protection service entered the running state.
Information,11/11/2016 12:21:23 AM,Service Control Manager,7036,None,The DNS Client service entered the running state.
Information,11/11/2016 12:21:23 AM,Service Control Manager,7036,None,The WinHTTP Web Proxy Auto-Discovery Service service entered the running state.
Information,11/11/2016 12:09:04 AM,Service Control Manager,7036,None,The Software Protection service entered the stopped state.
Information,11/11/2016 12:08:34 AM,Service Control Manager,7036,None,The Software Protection service entered the running state.
Information,11/10/2016 11:39:04 PM,Service Control Manager,7036,None,The Software Protection service entered the stopped state.
Information,11/10/2016 11:38:34 PM,Service Control Manager,7036,None,The Software Protection service entered the running state.
Information,11/10/2016 11:35:38 PM,Service Control Manager,7036,None,The Microsoft Software Shadow Copy Provider service entered the stopped state.
Information,11/10/2016 11:34:41 PM,Service Control Manager,7036,None,The Windows Modules Installer service entered the stopped state.
Information,11/10/2016 11:32:38 PM,Service Control Manager,7036,None,The Volume Shadow Copy service entered the stopped state.
