Information,11/30/2016 11:07:53 PM,Microsoft-Windows-WindowsUpdateClient,19,Windows Update Agent,Installation Successful: Windows successfully installed the following update: Update for Windows Server 2012 R2 (KB3038002)
Information,11/30/2016 11:07:53 PM,Microsoft-Windows-WindowsUpdateClient,19,Windows Update Agent,Installation Successful: Windows successfully installed the following update: Update for Windows Server 2012 R2 (KB3013172)
Information,11/30/2016 11:07:53 PM,Microsoft-Windows-WindowsUpdateClient,19,Windows Update Agent,Installation Successful: Windows successfully installed the following update: Update for Windows Server 2012 R2 (KB3091297)
Information,11/30/2016 11:07:53 PM,Microsoft-Windows-WindowsUpdateClient,19,Windows Update Agent,Installation Successful: Windows successfully installed the following update: Update for Windows Server 2012 R2 (KB3182203)
Information,11/30/2016 11:07:53 PM,Microsoft-Windows-WindowsUpdateClient,19,Windows Update Agent,Installation Successful: Windows successfully installed the following update: Security Update for Windows Server 2012 R2 (KB3169704)
Information,11/30/2016 11:07:53 PM,Microsoft-Windows-WindowsUpdateClient,19,Windows Update Agent,Installation Successful: Windows successfully installed the following update: Update for Windows Server 2012 R2 (KB3100956)
Information,11/30/2016 11:07:53 PM,Microsoft-Windows-WindowsUpdateClient,19,Windows Update Agent,Installation Successful: Windows successfully installed the following update: Update for Windows Server 2012 R2 (KB3000850)
Information,11/30/2016 11:07:53 PM,Microsoft-Windows-WindowsUpdateClient,19,Windows Update Agent,Installation Successful: Windows successfully installed the following update: Update for Windows Server 2012 R2 (KB3045719)
Information,11/30/2016 11:07:53 PM,Microsoft-Windows-WindowsUpdateClient,19,Windows Update Agent,Installation Successful: Windows successfully installed the following update: Update for Windows Server 2012 R2 (KB3030947)
Information,11/30/2016 11:07:53 PM,Microsoft-Windows-WindowsUpdateClient,19,Windows Update Agent,Installation Successful: Windows successfully installed the following update: Security Update for Windows Server 2012 R2 (KB3184943)
Information,11/30/2016 11:07:53 PM,Microsoft-Windows-WindowsUpdateClient,19,Windows Update Agent,Installation Successful: Windows successfully installed the following update: Security Update for Windows Server 2012 R2 (KB3162343)
Information,11/30/2016 11:07:46 PM,Service Control Manager,7036,None,The Software Protection service entered the running state.
Information,11/30/2016 11:07:40 PM,Service Control Manager,7036,None,The Application Information service entered the running state.
Information,11/30/2016 11:07:30 PM,Service Control Manager,7036,None,The Windows Modules Installer service entered the running state.
Information,11/30/2016 11:07:29 PM,Service Control Manager,7036,None,The Volume Shadow Copy service entered the stopped state.
Information,11/30/2016 11:07:28 PM,Service Control Manager,7036,None,The Windows Update service entered the running state.
Information,11/30/2016 11:07:25 PM,Service Control Manager,7036,None,The Portable Device Enumerator Service service entered the running state.
Information,11/30/2016 11:07:25 PM,Microsoft-Windows-Kernel-General,16,None,The access history in hive \??\C:\Users\Admin\AppData\Local\Microsoft\Windows\UsrClass.dat was cleared updating 113 keys and creating 15 modified pages.
Information,11/30/2016 11:07:25 PM,Microsoft-Windows-Kernel-General,16,None,The access history in hive \??\C:\Users\Admin\ntuser.dat was cleared updating 1149 keys and creating 50 modified pages.
Information,11/30/2016 11:07:24 PM,Microsoft-Windows-Winlogon,7001,(1101),User Logon Notification for Customer Experience Improvement Program
Information,11/30/2016 11:06:47 PM,Service Control Manager,7036,None,The Windows Modules Installer service entered the stopped state.
Information,11/30/2016 11:04:47 PM,Service Control Manager,7040,None,The start type of the Windows Modules Installer service was changed from auto start to demand start.
Information,11/30/2016 11:04:47 PM,Service Control Manager,7036,None,The Software Protection service entered the stopped state.
Information,11/30/2016 11:04:43 PM,Service Control Manager,7036,None,The User Access Logging Service service entered the running state.
Information,11/30/2016 11:04:33 PM,Service Control Manager,7036,None,The Device Install Service service entered the stopped state.
Information,11/30/2016 11:04:28 PM,Service Control Manager,7036,None,The Microsoft Software Shadow Copy Provider service entered the running state.
Information,11/30/2016 11:04:28 PM,Service Control Manager,7036,None,The Volume Shadow Copy service entered the running state.
Information,11/30/2016 11:04:21 PM,Service Control Manager,7036,None,The Device Setup Manager service entered the stopped state.
Information,11/30/2016 11:04:18 PM,Service Control Manager,7036,None,The Cloud Initialization Service service entered the stopped state.
Information,11/30/2016 11:04:16 PM,Service Control Manager,7036,None,The Software Protection service entered the running state.
Information,11/30/2016 11:04:15 PM,Service Control Manager,7036,None,The Distributed Transaction Coordinator service entered the running state.
Information,11/30/2016 11:04:08 PM,Service Control Manager,7036,None,The Virtual Disk service entered the stopped state.
Information,11/30/2016 11:04:08 PM,Virtual Disk Service,4,None,Service stopped.
Information,11/30/2016 11:04:05 PM,Service Control Manager,7036,None,The Diagnostic Policy Service service entered the running state.
Information,11/30/2016 11:04:03 PM,Service Control Manager,7036,None,The Portable Device Enumerator Service service entered the stopped state.
Information,11/30/2016 11:03:48 PM,Service Control Manager,7036,None,The Virtual Disk service entered the running state.
Information,11/30/2016 11:03:48 PM,Virtual Disk Service,3,None,Service started.
Information,11/30/2016 11:03:35 PM,Service Control Manager,7036,None,The Software Protection service entered the stopped state.
Information,11/30/2016 11:03:27 PM,Microsoft-Windows-UserModePowerService,12,(10),Process C:\Windows\WinSxS\amd64_microsoft-windows-servicingstack_31bf3856ad364e35_6.3.9600.17031_none_fa50b3979b1bcb4a\TiWorker.exe (process ID:828) reset policy scheme from {381B4222-F694-41F0-9685-FF5BB260DF2E} to {381B4222-F694-41F0-9685-FF5BB260DF2E}
Information,11/30/2016 11:03:25 PM,Microsoft-Windows-UserModePowerService,12,(10),Process C:\Windows\WinSxS\amd64_microsoft-windows-servicingstack_31bf3856ad364e35_6.3.9600.17031_none_fa50b3979b1bcb4a\TiWorker.exe (process ID:828) reset policy scheme from {381B4222-F694-41F0-9685-FF5BB260DF2E} to {381B4222-F694-41F0-9685-FF5BB260DF2E}
Information,11/30/2016 11:03:20 PM,Microsoft-Windows-HttpEvent,15007,None,Reservation for namespace identified by URL prefix https://+:443/sra_{BA195980-CD49-458b-9E23-C84EE0ADCD75}/ was successfully added.
Information,11/30/2016 11:03:19 PM,Microsoft-Windows-HttpEvent,15007,None,Reservation for namespace identified by URL prefix https://*:5358/ was successfully added.
Information,11/30/2016 11:03:19 PM,Microsoft-Windows-HttpEvent,15007,None,Reservation for namespace identified by URL prefix http://*:5357/ was successfully added.
Information,11/30/2016 11:03:15 PM,Microsoft-Windows-HttpEvent,15007,None,Reservation for namespace identified by URL prefix http://*:2869/ was successfully added.
Error,11/30/2016 11:03:14 PM,Microsoft-Windows-Eventlog,30,Service startup,"The event logging service encountered an error (5) while enabling publisher {0BF2FB94-7B60-4B4D-9766-E82F658DF540} to channel Microsoft-Windows-Kernel-ShimEngine/Operational. This does not affect channel operation, but does affect the ability of the publisher to raise events to the channel. One common reason for this error is that the Provider is using ETW Provider Security and has not granted enable permissions to the Event Log service identity."
Error,11/30/2016 11:03:09 PM,Microsoft-Windows-Eventlog,30,Service startup,"The event logging service encountered an error (5) while enabling publisher {0BF2FB94-7B60-4B4D-9766-E82F658DF540} to channel Microsoft-Windows-Kernel-ShimEngine/Operational. This does not affect channel operation, but does affect the ability of the publisher to raise events to the channel. One common reason for this error is that the Provider is using ETW Provider Security and has not granted enable permissions to the Event Log service identity."
Information,11/30/2016 11:03:03 PM,Service Control Manager,7036,None,The Software Protection service entered the running state.
Information,11/30/2016 11:02:51 PM,Microsoft-Windows-HttpEvent,15008,None,Reservation for namespace identified by URL prefix http://*:2869/ was successfully deleted.
Information,11/30/2016 11:02:48 PM,Service Control Manager,7036,None,The Software Protection service entered the stopped state.
Information,11/30/2016 11:02:47 PM,Microsoft-Windows-HttpEvent,15008,None,Reservation for namespace identified by URL prefix https://*:5358/ was successfully deleted.
Information,11/30/2016 11:02:47 PM,Microsoft-Windows-HttpEvent,15008,None,Reservation for namespace identified by URL prefix http://*:5357/ was successfully deleted.
Information,11/30/2016 11:02:47 PM,Microsoft-Windows-HttpEvent,15008,None,Reservation for namespace identified by URL prefix https://+:443/sra_{BA195980-CD49-458b-9E23-C84EE0ADCD75}/ was successfully deleted.
Information,11/30/2016 11:02:45 PM,Microsoft-Windows-UserModePowerService,12,(10),Process C:\Windows\WinSxS\amd64_microsoft-windows-servicingstack_31bf3856ad364e35_6.3.9600.17031_none_fa50b3979b1bcb4a\TiWorker.exe (process ID:828) reset policy scheme from {381B4222-F694-41F0-9685-FF5BB260DF2E} to {381B4222-F694-41F0-9685-FF5BB260DF2E}
Information,11/30/2016 11:02:43 PM,Microsoft-Windows-UserModePowerService,12,(10),Process C:\Windows\WinSxS\amd64_microsoft-windows-servicingstack_31bf3856ad364e35_6.3.9600.17031_none_fa50b3979b1bcb4a\TiWorker.exe (process ID:828) reset policy scheme from {381B4222-F694-41F0-9685-FF5BB260DF2E} to {381B4222-F694-41F0-9685-FF5BB260DF2E}
Information,11/30/2016 11:02:18 PM,Microsoft-Windows-Iphlpsvc,4200,None,Isatap interface isatap.westcloud with address fe80::5efe:172.16.1.26 has been brought up.
Information,11/30/2016 11:02:18 PM,Microsoft-Windows-UserPnp,20001,(7005),Driver Management concluded the process to install driver nettun.inf_amd64_39a76f4fea741eb0\nettun.inf for Device Instance ID SWD\IP_TUNNEL_VBUS\TEREDO_TUNNEL_DEVICE with the following status: 0x0.
Information,11/30/2016 11:02:17 PM,Microsoft-Windows-UserPnp,20003,(7005),Driver Management has concluded the process to add Service tunnel for Device Instance ID SWD\IP_TUNNEL_VBUS\TEREDO_TUNNEL_DEVICE with the following status: 0.
Information,11/30/2016 11:02:17 PM,Microsoft-Windows-UserPnp,20001,(7005),Driver Management concluded the process to install driver nettun.inf_amd64_39a76f4fea741eb0\nettun.inf for Device Instance ID SWD\IP_TUNNEL_VBUS\ISATAP_0 with the following status: 0x0.
Information,11/30/2016 11:02:13 PM,Microsoft-Windows-UserPnp,20003,(7005),Driver Management has concluded the process to add Service tunnel for Device Instance ID SWD\IP_TUNNEL_VBUS\ISATAP_0 with the following status: 0.
Information,11/30/2016 11:02:12 PM,Service Control Manager,7036,None,The Remote Desktop Services UserMode Port Redirector service entered the running state.
Information,11/30/2016 11:02:09 PM,Service Control Manager,7036,None,The Remote Desktop Configuration service entered the running state.
Information,11/30/2016 11:02:09 PM,Service Control Manager,7036,None,The Certificate Propagation service entered the running state.
Information,11/30/2016 11:02:09 PM,Service Control Manager,7036,None,The Device Setup Manager service entered the running state.
Information,11/30/2016 11:02:04 PM,Service Control Manager,7036,None,The Software Protection service entered the running state.
Information,11/30/2016 11:02:04 PM,Service Control Manager,7036,None,The IPsec Policy Agent service entered the running state.
Information,11/30/2016 11:02:03 PM,Service Control Manager,7036,None,The Network List Service service entered the running state.
Information,11/30/2016 11:02:03 PM,Service Control Manager,7036,None,The Application Experience service entered the running state.
Information,11/30/2016 11:02:03 PM,Service Control Manager,7036,None,The Portable Device Enumerator Service service entered the running state.
Information,11/30/2016 11:02:03 PM,Service Control Manager,7036,None,The Remote Desktop Services service entered the running state.
Information,11/30/2016 11:02:03 PM,Service Control Manager,7036,None,The Device Install Service service entered the running state.
Information,11/30/2016 11:02:00 PM,Service Control Manager,7026,None,"The following boot-start or system-start driver(s) did not load: 
cdrom"
Information,11/30/2016 11:02:00 PM,Service Control Manager,7036,None,The IP Helper service entered the running state.
Information,11/30/2016 11:02:00 PM,Service Control Manager,7036,None,The Cloud Initialization Service service entered the running state.
Information,11/30/2016 11:01:59 PM,Service Control Manager,7036,None,The Diagnostics Tracking Service service entered the running state.
Information,11/30/2016 11:01:59 PM,Service Control Manager,7036,None,The Windows Remote Management (WS-Management) service entered the running state.
Information,11/30/2016 11:01:58 PM,Microsoft-Windows-WinRM,10148,None,"The WinRM service is listening for WS-Management requests. 

 User Action 
 Use the following command to see the specific IPs on which WinRM is listening: 

 winrm enumerate winrm/config/listener"
Information,11/30/2016 11:01:58 PM,Service Control Manager,7036,None,The Server service entered the running state.
Information,11/30/2016 11:01:57 PM,Microsoft-Windows-Kernel-General,16,None,The access history in hive \??\C:\Users\cloudbase-init\AppData\Local\Microsoft\Windows\UsrClass.dat was cleared updating 1 keys and creating 1 modified pages.
Information,11/30/2016 11:01:57 PM,Microsoft-Windows-Kernel-General,16,None,The access history in hive \??\C:\Users\cloudbase-init\ntuser.dat was cleared updating 11 keys and creating 4 modified pages.
Information,11/30/2016 11:01:56 PM,Service Control Manager,7036,None,The Windows Management Instrumentation service entered the running state.
Information,11/30/2016 11:01:55 PM,Service Control Manager,7036,None,The Windows Licensing Monitoring Service service entered the running state.
Information,11/30/2016 11:01:55 PM,Service Control Manager,7036,None,The Network Location Awareness service entered the running state.
Information,11/30/2016 11:01:55 PM,Service Control Manager,7036,None,The Cryptographic Services service entered the running state.
Information,11/30/2016 11:01:55 PM,Service Control Manager,7036,None,The Distributed Link Tracking Client service entered the running state.
Information,11/30/2016 11:01:55 PM,Service Control Manager,7036,None,The WinHTTP Web Proxy Auto-Discovery Service service entered the running state.
Information,11/30/2016 11:01:55 PM,Service Control Manager,7036,None,The Remote Registry service entered the running state.
Information,11/30/2016 11:01:54 PM,Service Control Manager,7036,None,The Print Spooler service entered the running state.
Information,11/30/2016 11:01:53 PM,Service Control Manager,7036,None,The Security Accounts Manager service entered the running state.
Information,11/30/2016 11:01:53 PM,Service Control Manager,7036,None,The Workstation service entered the running state.
Information,11/30/2016 11:01:52 PM,Service Control Manager,7036,None,The Windows Firewall service entered the running state.
Information,11/30/2016 11:01:51 PM,Service Control Manager,7036,None,The Base Filtering Engine service entered the running state.
Information,11/30/2016 11:01:51 PM,Service Control Manager,7036,None,The Windows Font Cache Service service entered the running state.
Information,11/30/2016 11:01:50 PM,Service Control Manager,7036,None,The Task Scheduler service entered the running state.
Information,11/30/2016 11:01:49 PM,Service Control Manager,7036,None,The Shell Hardware Detection service entered the running state.
Information,11/30/2016 11:01:49 PM,Service Control Manager,7036,None,The DHCP Client service entered the running state.
Information,11/30/2016 11:01:49 PM,Microsoft-Windows-DHCPv6-Client,51046,Service State Event,DHCPv6 client service is started
Information,11/30/2016 11:01:49 PM,Microsoft-Windows-Dhcp-Client,50036,Service State Event,DHCPv4 client service is started
Information,11/30/2016 11:01:49 PM,Service Control Manager,7036,None,The DNS Client service entered the running state.
Information,11/30/2016 11:01:48 PM,Service Control Manager,7036,None,The Windows Connection Manager service entered the running state.
Information,11/30/2016 11:01:48 PM,Service Control Manager,7036,None,The TCP/IP NetBIOS Helper service entered the running state.
Information,11/30/2016 11:01:48 PM,Service Control Manager,7036,None,The Network Store Interface Service service entered the running state.
Information,11/30/2016 11:01:47 PM,Service Control Manager,7036,None,The System Event Notification Service service entered the running state.
Information,11/30/2016 11:01:47 PM,Service Control Manager,7036,None,The Group Policy Client service entered the running state.
Information,11/30/2016 11:01:47 PM,Service Control Manager,7036,None,The User Profile Service service entered the running state.
Information,11/30/2016 11:01:47 PM,Service Control Manager,7036,None,The Themes service entered the running state.
Information,11/30/2016 11:01:47 PM,Service Control Manager,7036,None,The COM+ Event System service entered the running state.
Information,11/30/2016 11:01:46 PM,Service Control Manager,7036,None,The Windows Modules Installer service entered the running state.
Information,11/30/2016 11:01:45 PM,Service Control Manager,7036,None,The Windows Event Log service entered the running state.
Information,11/30/2016 11:01:44 PM,Microsoft-Windows-Kernel-General,16,None,The access history in hive \??\C:\Windows\ServiceProfiles\LocalService\NTUSER.DAT was cleared updating 431 keys and creating 24 modified pages.
Information,11/30/2016 11:01:44 PM,Microsoft-Windows-FilterManager,6,None,"File System Filter 'luafv' (6.3, ‎2014‎-‎02‎-‎22T12:14:25.000000000Z) has successfully loaded and registered with Filter Manager."
Information,11/30/2016 11:01:44 PM,Service Control Manager,7036,None,The System Events Broker service entered the running state.
Information,11/30/2016 11:01:43 PM,Service Control Manager,7036,None,The Local Session Manager service entered the running state.
Information,11/30/2016 11:01:43 PM,Microsoft-Windows-Kernel-General,16,None,The access history in hive \SystemRoot\System32\Config\BBI was cleared updating 3 keys and creating 1 modified pages.
Information,11/30/2016 11:01:43 PM,Service Control Manager,7036,None,The Background Tasks Infrastructure Service service entered the running state.
Information,11/30/2016 11:01:43 PM,Service Control Manager,7036,None,The Remote Procedure Call (RPC) service entered the running state.
Information,11/30/2016 11:01:43 PM,Service Control Manager,7036,None,The RPC Endpoint Mapper service entered the running state.
Information,11/30/2016 11:01:42 PM,Service Control Manager,7036,None,The DCOM Server Process Launcher service entered the running state.
Information,11/30/2016 11:01:42 PM,Microsoft-Windows-Kernel-General,16,None,The access history in hive \??\C:\Windows\ServiceProfiles\NetworkService\NTUSER.DAT was cleared updating 482 keys and creating 26 modified pages.
Information,11/30/2016 11:01:42 PM,Service Control Manager,7036,None,The Power service entered the running state.
Information,11/30/2016 11:01:42 PM,Service Control Manager,7036,None,The Plug and Play service entered the running state.
Information,11/30/2016 11:01:39 PM,Microsoft-Windows-Kernel-General,16,None,The access history in hive \SystemRoot\System32\Config\SAM was cleared updating 86 keys and creating 7 modified pages.
Information,11/30/2016 11:01:36 PM,Microsoft-Windows-Kernel-General,16,None,The access history in hive \SystemRoot\System32\Config\SECURITY was cleared updating 103 keys and creating 4 modified pages.
Information,11/30/2016 11:01:23 PM,Microsoft-Windows-Kernel-General,16,None,The access history in hive \SystemRoot\System32\Config\DEFAULT was cleared updating 254 keys and creating 23 modified pages.
Information,11/30/2016 11:01:15 PM,Microsoft-Windows-Kernel-General,16,None,The access history in hive \Device\HarddiskVolume1\Boot\BCD was cleared updating 74 keys and creating 5 modified pages.
Information,11/30/2016 11:01:13 PM,Microsoft-Windows-Kernel-General,16,None,The access history in hive \SystemRoot\System32\Config\SOFTWARE was cleared updating 188318 keys and creating 12789 modified pages.
Information,11/30/2016 11:01:11 PM,Microsoft-Windows-Ntfs,98,None,Volume \\?\Volume{4a4c3f7c-9caa-11e6-80b7-806e6f6e6963} (\Device\HarddiskVolume1) is healthy.  No action is needed.
Information,11/30/2016 11:01:11 PM,Microsoft-Windows-Kernel-Processor-Power,55,(47),"Processor 1 in group 0 exposes the following power management capabilities:

Idle state type: ACPI Idle (C) States (1 state(s))

Performance state type: None
Nominal Frequency (MHz): 1995
Maximum performance percentage: 100
Minimum performance percentage: 100
Minimum throttle percentage: 100"
Information,11/30/2016 11:01:11 PM,Microsoft-Windows-Kernel-Processor-Power,55,(47),"Processor 0 in group 0 exposes the following power management capabilities:

Idle state type: ACPI Idle (C) States (1 state(s))

Performance state type: None
Nominal Frequency (MHz): 1995
Maximum performance percentage: 100
Minimum performance percentage: 100
Minimum throttle percentage: 100"
Information,11/30/2016 11:01:10 PM,Microsoft-Windows-Kernel-Power,508,(159),"The system has been constrained to a periodic tick 

Reason: No HW support."
Information,11/30/2016 11:01:10 PM,Microsoft-Windows-FilterManager,6,None,"File System Filter 'npsvctrig' (6.3, ‎2013‎-‎08‎-‎22T11:38:22.000000000Z) has successfully loaded and registered with Filter Manager."
Information,11/30/2016 11:00:11 PM,Microsoft-Windows-Ntfs,98,None,Volume C: (\Device\HarddiskVolume2) is healthy.  No action is needed.
Information,11/30/2016 11:00:09 PM,Microsoft-Windows-Kernel-Boot,32,None,The bootmgr spent 0 ms waiting for user input.
Information,11/30/2016 11:00:09 PM,Microsoft-Windows-Kernel-Boot,18,None,There are 0x1 boot options on this system.
Information,11/30/2016 11:00:09 PM,Microsoft-Windows-Kernel-Boot,27,None,The boot type was 0x0.
Information,11/30/2016 11:00:09 PM,Microsoft-Windows-Kernel-Boot,20,None,The last shutdown's success status was true. The last boot's success status was true.
Information,11/30/2016 11:00:09 PM,Microsoft-Windows-Kernel-General,12,None,The operating system started at system time ‎2016‎-‎12‎-‎01T07:00:09.494699900Z.
Information,11/30/2016 11:00:00 PM,Microsoft-Windows-Kernel-General,13,None,The operating system is shutting down at system time ‎2016‎-‎12‎-‎01T07:00:00.954954200Z.
Information,11/30/2016 10:59:57 PM,Microsoft-Windows-Kernel-Power,109,(103),The kernel power manager has initiated a shutdown transition.
Information,11/30/2016 11:01:45 PM,EventLog,6013,None,The system uptime is 95 seconds.
Information,11/30/2016 11:01:45 PM,EventLog,6005,None,The Event log service was started.
Information,11/30/2016 11:01:45 PM,EventLog,6009,None,Microsoft (R) Windows (R) 6.03. 9600  Multiprocessor Free.
Information,11/30/2016 10:59:57 PM,Service Control Manager,7036,None,The Remote Desktop Services service entered the stopped state.
Information,11/30/2016 10:59:57 PM,Service Control Manager,7036,None,The Cryptographic Services service entered the stopped state.
Information,11/30/2016 10:59:57 PM,Service Control Manager,7036,None,The Windows Font Cache Service service entered the stopped state.
Information,11/30/2016 10:59:56 PM,Service Control Manager,7036,None,The Windows Event Log service entered the stopped state.
Information,11/30/2016 10:59:55 PM,Service Control Manager,7036,None,The Distributed Transaction Coordinator service entered the stopped state.
Information,11/30/2016 10:59:55 PM,Service Control Manager,7036,None,The Task Scheduler service entered the stopped state.
Information,11/30/2016 10:59:55 PM,Service Control Manager,7036,None,The Windows Connection Manager service entered the stopped state.
Information,11/30/2016 10:59:55 PM,Service Control Manager,7036,None,The Windows Licensing Monitoring Service service entered the stopped state.
Information,11/30/2016 10:59:54 PM,Service Control Manager,7036,None,The Windows Remote Management (WS-Management) service entered the stopped state.
Information,11/30/2016 10:59:54 PM,Service Control Manager,7036,None,The Windows Management Instrumentation service entered the stopped state.
Information,11/30/2016 10:59:54 PM,Service Control Manager,7036,None,The DHCP Client service entered the stopped state.
Information,11/30/2016 10:59:54 PM,Microsoft-Windows-Dhcp-Client,50037,Service State Event,DHCPv4 client service is stopped. ShutDown Flag value is 1
Information,11/30/2016 10:59:54 PM,Service Control Manager,7036,None,The Microsoft Software Shadow Copy Provider service entered the stopped state.
Information,11/30/2016 10:59:54 PM,Microsoft-Windows-DHCPv6-Client,51047,Service State Event,DHCPv6 client service is stopped. ShutDown Flag value is 1
Information,11/30/2016 10:59:54 PM,Service Control Manager,7036,None,The User Profile Service service entered the stopped state.
Information,11/30/2016 10:59:54 PM,Service Control Manager,7036,None,The IPsec Policy Agent service entered the stopped state.
Information,11/30/2016 10:59:54 PM,Service Control Manager,7036,None,The Diagnostic Policy Service service entered the stopped state.
Information,11/30/2016 10:59:54 PM,Service Control Manager,7036,None,The Distributed Link Tracking Client service entered the stopped state.
Information,11/30/2016 10:59:54 PM,Service Control Manager,7036,None,The Certificate Propagation service entered the stopped state.
Information,11/30/2016 10:59:54 PM,Service Control Manager,7036,None,The Device Install Service service entered the stopped state.
Information,11/30/2016 10:59:54 PM,Service Control Manager,7036,None,The Plug and Play service entered the stopped state.
Information,11/30/2016 10:59:54 PM,Service Control Manager,7036,None,The Remote Desktop Services UserMode Port Redirector service entered the stopped state.
Information,11/30/2016 10:59:55 PM,EventLog,6006,None,The Event log service was stopped.
Information,11/30/2016 10:59:53 PM,Service Control Manager,7036,None,The User Access Logging Service service entered the stopped state.
Information,11/30/2016 10:59:53 PM,Service Control Manager,7036,None,The Windows Modules Installer service entered the stopped state.
Information,11/30/2016 10:58:06 PM,Service Control Manager,7036,None,The Volume Shadow Copy service entered the stopped state.
Information,11/30/2016 10:53:27 PM,Service Control Manager,7036,None,The Shell Hardware Detection service entered the stopped state.
Information,11/30/2016 10:47:25 PM,Service Control Manager,7036,None,The Microsoft Software Shadow Copy Provider service entered the running state.
Information,11/30/2016 10:47:25 PM,Service Control Manager,7036,None,The Volume Shadow Copy service entered the running state.
Information,11/30/2016 10:46:59 PM,Service Control Manager,7036,None,The Software Protection service entered the stopped state.
Information,11/30/2016 10:46:32 PM,Microsoft-Windows-Kernel-General,16,None,The access history in hive \??\C:\Windows\System32\SMI\Store\Machine\SCHEMA.DAT was cleared updating 11133 keys and creating 1901 modified pages.
Information,11/30/2016 10:46:32 PM,Microsoft-Windows-Kernel-General,15,None,Hive \??\C:\Windows\System32\config\COMPONENTS was reorganized with a starting size of 60141568 bytes and an ending size of 59793408 bytes.
Information,11/30/2016 10:46:29 PM,Service Control Manager,7036,None,The Group Policy Client service entered the stopped state.
Information,11/30/2016 10:46:29 PM,Service Control Manager,7036,None,The Windows Update service entered the stopped state.
Information,11/30/2016 10:46:28 PM,Microsoft-Windows-WindowsUpdateClient,27,Windows Update Agent,Automatic Updates is now paused.
Information,11/30/2016 10:46:28 PM,Service Control Manager,7036,None,The Software Protection service entered the running state.
Information,11/30/2016 10:46:28 PM,Service Control Manager,7036,None,The Windows Modules Installer service entered the running state.
Information,11/30/2016 10:46:28 PM,Service Control Manager,7036,None,The Windows Update service entered the running state.
Information,11/30/2016 10:46:27 PM,Microsoft-Windows-Winlogon,7002,(1102),User Logoff Notification for Customer Experience Improvement Program
Information,11/30/2016 10:46:26 PM,User32,1074,None,"The process C:\Windows\Explorer.EXE (OHP-WIN12) has initiated the restart of computer OHP-WIN12 on behalf of user OHP-WIN12\Admin for the following reason: Other (Planned)
 Reason Code: 0x85000000
 Shutdown Type: restart
 Comment: "
Information,11/30/2016 10:46:26 PM,User32,1074,None,"The process Explorer.EXE has initiated the restart of computer OHP-WIN12 on behalf of user OHP-WIN12\Admin for the following reason: Other (Planned)
 Reason Code: 0x85000000
 Shutdown Type: restart
 Comment: "
Information,11/30/2016 10:41:22 PM,Service Control Manager,7036,None,The Software Protection service entered the stopped state.
Information,11/30/2016 10:40:51 PM,Service Control Manager,7036,None,The Software Protection service entered the running state.
Information,11/30/2016 10:37:53 PM,Service Control Manager,7036,None,The WinHTTP Web Proxy Auto-Discovery Service service entered the running state.
Information,11/30/2016 10:37:53 PM,Service Control Manager,7036,None,The DNS Client service entered the running state.
Information,11/30/2016 10:29:15 PM,Service Control Manager,7036,None,The Windows Update service entered the stopped state.
Information,11/30/2016 10:26:32 PM,Service Control Manager,7036,None,The DNS Client service entered the stopped state.
Information,11/30/2016 10:25:26 PM,Service Control Manager,7036,None,The Software Protection service entered the stopped state.
Information,11/30/2016 10:24:56 PM,Service Control Manager,7036,None,The Software Protection service entered the running state.
Information,11/30/2016 10:13:32 PM,Service Control Manager,7036,None,The WinHTTP Web Proxy Auto-Discovery Service service entered the stopped state.
Information,11/30/2016 10:11:21 PM,Service Control Manager,7036,None,The Software Protection service entered the stopped state.
Information,11/30/2016 10:10:51 PM,Service Control Manager,7036,None,The Software Protection service entered the running state.
Information,11/30/2016 10:04:49 PM,Service Control Manager,7036,None,The Network Connections service entered the running state.
Information,11/30/2016 9:46:32 PM,Service Control Manager,7036,None,The DNS Client service entered the running state.
Information,11/30/2016 9:46:32 PM,Service Control Manager,7036,None,The WinHTTP Web Proxy Auto-Discovery Service service entered the running state.
Information,11/30/2016 9:41:21 PM,Service Control Manager,7036,None,The Software Protection service entered the stopped state.
Information,11/30/2016 9:40:51 PM,Service Control Manager,7036,None,The Software Protection service entered the running state.
Information,11/30/2016 9:17:32 PM,Service Control Manager,7036,None,The DNS Client service entered the stopped state.
Information,11/30/2016 9:11:21 PM,Service Control Manager,7036,None,The Software Protection service entered the stopped state.
Information,11/30/2016 9:10:51 PM,Service Control Manager,7036,None,The Software Protection service entered the running state.
Information,11/30/2016 9:04:32 PM,Service Control Manager,7036,None,The WinHTTP Web Proxy Auto-Discovery Service service entered the stopped state.
Information,11/30/2016 8:41:21 PM,Service Control Manager,7036,None,The Software Protection service entered the stopped state.
Information,11/30/2016 8:40:50 PM,Service Control Manager,7036,None,The Software Protection service entered the running state.
Information,11/30/2016 8:37:32 PM,Service Control Manager,7036,None,The DNS Client service entered the running state.
Information,11/30/2016 8:37:32 PM,Service Control Manager,7036,None,The WinHTTP Web Proxy Auto-Discovery Service service entered the running state.
Information,11/30/2016 8:11:21 PM,Service Control Manager,7036,None,The Software Protection service entered the stopped state.
Information,11/30/2016 8:10:50 PM,Service Control Manager,7036,None,The Software Protection service entered the running state.
Information,11/30/2016 7:55:32 PM,Service Control Manager,7036,None,The DNS Client service entered the stopped state.
Information,11/30/2016 7:44:02 PM,Service Control Manager,7036,None,The WinHTTP Web Proxy Auto-Discovery Service service entered the stopped state.
Information,11/30/2016 7:41:20 PM,Service Control Manager,7036,None,The Software Protection service entered the stopped state.
Information,11/30/2016 7:40:50 PM,Service Control Manager,7036,None,The Software Protection service entered the running state.
Information,11/30/2016 7:15:31 PM,Service Control Manager,7036,None,The DNS Client service entered the running state.
Information,11/30/2016 7:15:31 PM,Service Control Manager,7036,None,The WinHTTP Web Proxy Auto-Discovery Service service entered the running state.
Information,11/30/2016 7:11:20 PM,Service Control Manager,7036,None,The Software Protection service entered the stopped state.
Information,11/30/2016 7:10:50 PM,Service Control Manager,7036,None,The Software Protection service entered the running state.
Information,11/30/2016 7:08:46 PM,Service Control Manager,7036,None,The Optimize drives service entered the stopped state.
Information,11/30/2016 7:07:42 PM,Service Control Manager,7036,None,The Windows Modules Installer service entered the stopped state.
Information,11/30/2016 7:07:41 PM,Service Control Manager,7036,None,The Windows Error Reporting Service service entered the stopped state.
Information,11/30/2016 7:05:45 PM,Microsoft-Windows-Kernel-General,16,None,The access history in hive \SystemRoot\System32\Config\RegBack\SAM was cleared updating 86 keys and creating 7 modified pages.
Information,11/30/2016 7:05:45 PM,Microsoft-Windows-Kernel-General,16,None,The access history in hive \SystemRoot\System32\Config\RegBack\DEFAULT was cleared updating 254 keys and creating 23 modified pages.
Information,11/30/2016 7:05:45 PM,Microsoft-Windows-Kernel-General,16,None,The access history in hive \SystemRoot\System32\Config\RegBack\SYSTEM was cleared updating 27306 keys and creating 2042 modified pages.
Information,11/30/2016 7:05:44 PM,Microsoft-Windows-Kernel-General,16,None,The access history in hive \SystemRoot\System32\Config\RegBack\SOFTWARE was cleared updating 179005 keys and creating 12272 modified pages.
Information,11/30/2016 7:05:42 PM,Service Control Manager,7036,None,The Windows Modules Installer service entered the running state.
Information,11/30/2016 7:05:41 PM,Microsoft-Windows-Kernel-General,16,None,The access history in hive \SystemRoot\System32\Config\RegBack\SECURITY was cleared updating 103 keys and creating 4 modified pages.
Information,11/30/2016 7:05:41 PM,Service Control Manager,7036,None,The Problem Reports and Solutions Control Panel Support service entered the stopped state.
Information,11/30/2016 7:05:41 PM,Service Control Manager,7036,None,The Problem Reports and Solutions Control Panel Support service entered the running state.
Information,11/30/2016 7:05:41 PM,Service Control Manager,7036,None,The Optimize drives service entered the running state.
Information,11/30/2016 7:05:41 PM,Service Control Manager,7036,None,The Windows Error Reporting Service service entered the running state.
Information,11/30/2016 6:41:20 PM,Service Control Manager,7036,None,The Software Protection service entered the stopped state.
Information,11/30/2016 6:40:50 PM,Service Control Manager,7036,None,The Software Protection service entered the running state.
Information,11/30/2016 6:11:20 PM,Service Control Manager,7036,None,The Software Protection service entered the stopped state.
Information,11/30/2016 6:10:50 PM,Service Control Manager,7036,None,The Software Protection service entered the running state.
Information,11/30/2016 6:03:31 PM,Service Control Manager,7036,None,The DNS Client service entered the stopped state.
Information,11/30/2016 5:50:31 PM,Service Control Manager,7036,None,The WinHTTP Web Proxy Auto-Discovery Service service entered the stopped state.
Information,11/30/2016 5:41:20 PM,Service Control Manager,7036,None,The Software Protection service entered the stopped state.
Information,11/30/2016 5:40:50 PM,Service Control Manager,7036,None,The Software Protection service entered the running state.
Information,11/30/2016 5:23:31 PM,Service Control Manager,7036,None,The DNS Client service entered the running state.
Information,11/30/2016 5:23:31 PM,Service Control Manager,7036,None,The WinHTTP Web Proxy Auto-Discovery Service service entered the running state.
Information,11/30/2016 5:11:20 PM,Service Control Manager,7036,None,The Software Protection service entered the stopped state.
Information,11/30/2016 5:10:49 PM,Service Control Manager,7036,None,The Software Protection service entered the running state.
Information,11/30/2016 4:44:31 PM,Service Control Manager,7036,None,The DNS Client service entered the stopped state.
Information,11/30/2016 4:41:19 PM,Service Control Manager,7036,None,The Software Protection service entered the stopped state.
Information,11/30/2016 4:40:49 PM,Service Control Manager,7036,None,The Software Protection service entered the running state.
Information,11/30/2016 4:31:31 PM,Service Control Manager,7036,None,The WinHTTP Web Proxy Auto-Discovery Service service entered the stopped state.
Information,11/30/2016 4:11:19 PM,Service Control Manager,7036,None,The Software Protection service entered the stopped state.
Information,11/30/2016 4:10:49 PM,Service Control Manager,7036,None,The Software Protection service entered the running state.
Information,11/30/2016 4:04:31 PM,Service Control Manager,7036,None,The DNS Client service entered the running state.
Information,11/30/2016 4:04:31 PM,Service Control Manager,7036,None,The WinHTTP Web Proxy Auto-Discovery Service service entered the running state.
Information,11/30/2016 3:41:19 PM,Service Control Manager,7036,None,The Software Protection service entered the stopped state.
Information,11/30/2016 3:40:49 PM,Service Control Manager,7036,None,The Software Protection service entered the running state.
Information,11/30/2016 3:11:19 PM,Service Control Manager,7036,None,The Software Protection service entered the stopped state.
Information,11/30/2016 3:10:49 PM,Service Control Manager,7036,None,The Software Protection service entered the running state.
Information,11/30/2016 3:02:31 PM,Service Control Manager,7036,None,The DNS Client service entered the stopped state.
Information,11/30/2016 2:49:31 PM,Service Control Manager,7036,None,The WinHTTP Web Proxy Auto-Discovery Service service entered the stopped state.
Information,11/30/2016 2:41:19 PM,Service Control Manager,7036,None,The Software Protection service entered the stopped state.
Information,11/30/2016 2:40:49 PM,Service Control Manager,7036,None,The Software Protection service entered the running state.
Information,11/30/2016 2:22:31 PM,Service Control Manager,7036,None,The DNS Client service entered the running state.
Information,11/30/2016 2:22:31 PM,Service Control Manager,7036,None,The WinHTTP Web Proxy Auto-Discovery Service service entered the running state.
Information,11/30/2016 2:11:19 PM,Service Control Manager,7036,None,The Software Protection service entered the stopped state.
Information,11/30/2016 2:10:48 PM,Service Control Manager,7036,None,The Software Protection service entered the running state.
Information,11/30/2016 1:41:18 PM,Service Control Manager,7036,None,The Software Protection service entered the stopped state.
Information,11/30/2016 1:40:48 PM,Service Control Manager,7036,None,The Software Protection service entered the running state.
Information,11/30/2016 1:22:30 PM,Service Control Manager,7036,None,The DNS Client service entered the stopped state.
Information,11/30/2016 1:11:18 PM,Service Control Manager,7036,None,The Software Protection service entered the stopped state.
Information,11/30/2016 1:11:00 PM,Service Control Manager,7036,None,The WinHTTP Web Proxy Auto-Discovery Service service entered the stopped state.
Information,11/30/2016 1:10:48 PM,Service Control Manager,7036,None,The Software Protection service entered the running state.
Information,11/30/2016 12:42:30 PM,Service Control Manager,7036,None,The DNS Client service entered the running state.
Information,11/30/2016 12:42:30 PM,Service Control Manager,7036,None,The WinHTTP Web Proxy Auto-Discovery Service service entered the running state.
Information,11/30/2016 12:41:18 PM,Service Control Manager,7036,None,The Software Protection service entered the stopped state.
Information,11/30/2016 12:40:48 PM,Service Control Manager,7036,None,The Software Protection service entered the running state.
Information,11/30/2016 12:11:18 PM,Service Control Manager,7036,None,The Software Protection service entered the stopped state.
Information,11/30/2016 12:10:48 PM,Service Control Manager,7036,None,The Software Protection service entered the running state.
Information,11/30/2016 11:46:30 AM,Service Control Manager,7036,None,The DNS Client service entered the stopped state.
Information,11/30/2016 11:41:18 AM,Service Control Manager,7036,None,The Software Protection service entered the stopped state.
Information,11/30/2016 11:40:48 AM,Service Control Manager,7036,None,The Software Protection service entered the running state.
Information,11/30/2016 11:33:30 AM,Service Control Manager,7036,None,The WinHTTP Web Proxy Auto-Discovery Service service entered the stopped state.
Information,11/30/2016 11:11:18 AM,Service Control Manager,7036,None,The Software Protection service entered the stopped state.
Information,11/30/2016 11:10:47 AM,Service Control Manager,7036,None,The Software Protection service entered the running state.
Information,11/30/2016 11:06:30 AM,Service Control Manager,7036,None,The DNS Client service entered the running state.
Information,11/30/2016 11:06:30 AM,Service Control Manager,7036,None,The WinHTTP Web Proxy Auto-Discovery Service service entered the running state.
Information,11/30/2016 10:41:18 AM,Service Control Manager,7036,None,The Software Protection service entered the stopped state.
Information,11/30/2016 10:40:47 AM,Service Control Manager,7036,None,The Software Protection service entered the running state.
Information,11/30/2016 10:37:30 AM,Service Control Manager,7036,None,The DNS Client service entered the stopped state.
Information,11/30/2016 10:27:00 AM,Service Control Manager,7036,None,The WinHTTP Web Proxy Auto-Discovery Service service entered the stopped state.
Information,11/30/2016 10:11:17 AM,Service Control Manager,7036,None,The Software Protection service entered the stopped state.
Information,11/30/2016 10:10:47 AM,Service Control Manager,7036,None,The Software Protection service entered the running state.
Information,11/30/2016 9:41:17 AM,Service Control Manager,7036,None,The Software Protection service entered the stopped state.
Information,11/30/2016 9:40:47 AM,Service Control Manager,7036,None,The Software Protection service entered the running state.
Information,11/30/2016 9:37:29 AM,Service Control Manager,7036,None,The DNS Client service entered the running state.
Information,11/30/2016 9:37:29 AM,Service Control Manager,7036,None,The WinHTTP Web Proxy Auto-Discovery Service service entered the running state.
Information,11/30/2016 9:11:17 AM,Service Control Manager,7036,None,The Software Protection service entered the stopped state.
Information,11/30/2016 9:10:47 AM,Service Control Manager,7036,None,The Software Protection service entered the running state.
Information,11/30/2016 8:42:29 AM,Service Control Manager,7036,None,The DNS Client service entered the stopped state.
Information,11/30/2016 8:41:17 AM,Service Control Manager,7036,None,The Software Protection service entered the stopped state.
Information,11/30/2016 8:40:47 AM,Service Control Manager,7036,None,The Software Protection service entered the running state.
Information,11/30/2016 8:29:29 AM,Service Control Manager,7036,None,The WinHTTP Web Proxy Auto-Discovery Service service entered the stopped state.
Information,11/30/2016 8:11:17 AM,Service Control Manager,7036,None,The Software Protection service entered the stopped state.
Information,11/30/2016 8:10:47 AM,Service Control Manager,7036,None,The Software Protection service entered the running state.
Information,11/30/2016 8:02:29 AM,Service Control Manager,7036,None,The DNS Client service entered the running state.
Information,11/30/2016 8:02:29 AM,Service Control Manager,7036,None,The WinHTTP Web Proxy Auto-Discovery Service service entered the running state.
Information,11/30/2016 7:41:17 AM,Service Control Manager,7036,None,The Software Protection service entered the stopped state.
Information,11/30/2016 7:40:46 AM,Service Control Manager,7036,None,The Software Protection service entered the running state.
Information,11/30/2016 7:11:16 AM,Service Control Manager,7036,None,The Software Protection service entered the stopped state.
Information,11/30/2016 7:10:46 AM,Service Control Manager,7036,None,The Software Protection service entered the running state.
Information,11/30/2016 6:50:54 AM,Service Control Manager,7036,None,The DNS Client service entered the stopped state.
Information,11/30/2016 6:41:16 AM,Service Control Manager,7036,None,The Software Protection service entered the stopped state.
Information,11/30/2016 6:40:46 AM,Service Control Manager,7036,None,The Software Protection service entered the running state.
Information,11/30/2016 6:33:24 AM,Service Control Manager,7036,None,The WinHTTP Web Proxy Auto-Discovery Service service entered the stopped state.
Information,11/30/2016 6:11:16 AM,Service Control Manager,7036,None,The Software Protection service entered the stopped state.
Information,11/30/2016 6:10:46 AM,Service Control Manager,7036,None,The Software Protection service entered the running state.
Information,11/30/2016 5:58:02 AM,Service Control Manager,7036,None,The Windows Modules Installer service entered the stopped state.
Information,11/30/2016 5:55:55 AM,Service Control Manager,7036,None,The Windows Modules Installer service entered the running state.
Information,11/30/2016 5:55:54 AM,Service Control Manager,7036,None,The DNS Client service entered the running state.
Information,11/30/2016 5:55:54 AM,Service Control Manager,7036,None,The WinHTTP Web Proxy Auto-Discovery Service service entered the running state.
Information,11/30/2016 5:41:16 AM,Service Control Manager,7036,None,The Software Protection service entered the stopped state.
Information,11/30/2016 5:40:46 AM,Service Control Manager,7036,None,The Software Protection service entered the running state.
Information,11/30/2016 5:25:29 AM,Service Control Manager,7036,None,The DNS Client service entered the stopped state.
Information,11/30/2016 5:12:29 AM,Service Control Manager,7036,None,The WinHTTP Web Proxy Auto-Discovery Service service entered the stopped state.
Information,11/30/2016 5:11:16 AM,Service Control Manager,7036,None,The Software Protection service entered the stopped state.
Information,11/30/2016 5:11:12 AM,Service Control Manager,7036,None,The Windows Modules Installer service entered the stopped state.
Information,11/30/2016 5:10:46 AM,Service Control Manager,7036,None,The Software Protection service entered the running state.
Information,11/30/2016 5:09:12 AM,Service Control Manager,7036,None,The Windows Modules Installer service entered the running state.
Information,11/30/2016 4:45:29 AM,Service Control Manager,7036,None,The DNS Client service entered the running state.
Information,11/30/2016 4:45:29 AM,Service Control Manager,7036,None,The WinHTTP Web Proxy Auto-Discovery Service service entered the running state.
Information,11/30/2016 4:41:16 AM,Service Control Manager,7036,None,The Software Protection service entered the stopped state.
Information,11/30/2016 4:40:45 AM,Service Control Manager,7036,None,The Software Protection service entered the running state.
Information,11/30/2016 4:16:28 AM,Service Control Manager,7036,None,The DNS Client service entered the stopped state.
Information,11/30/2016 4:11:16 AM,Service Control Manager,7036,None,The Software Protection service entered the stopped state.
Information,11/30/2016 4:10:45 AM,Service Control Manager,7036,None,The Software Protection service entered the running state.
Information,11/30/2016 4:03:28 AM,Service Control Manager,7036,None,The WinHTTP Web Proxy Auto-Discovery Service service entered the stopped state.
Information,11/30/2016 4:00:00 AM,EventLog,6013,None,The system uptime is 2890438 seconds.
Information,11/30/2016 3:41:15 AM,Service Control Manager,7036,None,The Software Protection service entered the stopped state.
Information,11/30/2016 3:40:45 AM,Service Control Manager,7036,None,The Software Protection service entered the running state.
Information,11/30/2016 3:36:28 AM,Service Control Manager,7036,None,The DNS Client service entered the running state.
