Information,12/1/2016 2:12:55 AM,Service Control Manager,7040,None,The start type of the Windows Modules Installer service was changed from auto start to demand start.
Information,12/1/2016 2:12:51 AM,Service Control Manager,7040,None,The start type of the Windows Modules Installer service was changed from demand start to auto start.
Information,12/1/2016 2:11:00 AM,Service Control Manager,7040,None,The start type of the Windows Modules Installer service was changed from auto start to demand start.
Information,12/1/2016 2:10:56 AM,Service Control Manager,7040,None,The start type of the Windows Modules Installer service was changed from demand start to auto start.
Information,12/1/2016 2:10:40 AM,Microsoft-Windows-WindowsUpdateClient,44,Windows Update Agent,Windows Update started downloading an update.
Information,12/1/2016 2:10:40 AM,Microsoft-Windows-WindowsUpdateClient,44,Windows Update Agent,Windows Update started downloading an update.
Information,12/1/2016 2:10:40 AM,Microsoft-Windows-WindowsUpdateClient,44,Windows Update Agent,Windows Update started downloading an update.
Information,12/1/2016 2:10:35 AM,Microsoft-Windows-WindowsUpdateClient,44,Windows Update Agent,Windows Update started downloading an update.
Information,12/1/2016 2:10:35 AM,Microsoft-Windows-WindowsUpdateClient,44,Windows Update Agent,Windows Update started downloading an update.
Information,12/1/2016 2:10:35 AM,Microsoft-Windows-WindowsUpdateClient,44,Windows Update Agent,Windows Update started downloading an update.
Information,12/1/2016 2:10:35 AM,Microsoft-Windows-WindowsUpdateClient,44,Windows Update Agent,Windows Update started downloading an update.
Information,12/1/2016 2:10:35 AM,Microsoft-Windows-WindowsUpdateClient,44,Windows Update Agent,Windows Update started downloading an update.
Information,12/1/2016 2:10:35 AM,Microsoft-Windows-WindowsUpdateClient,44,Windows Update Agent,Windows Update started downloading an update.
Information,12/1/2016 2:10:33 AM,Service Control Manager,7040,None,The start type of the Background Intelligent Transfer Service service was changed from demand start to auto start.
Information,12/1/2016 2:10:33 AM,Service Control Manager,7036,None,The Background Intelligent Transfer Service service entered the running state.
Information,12/1/2016 2:07:35 AM,Service Control Manager,7036,None,The Software Protection service entered the stopped state.
Information,12/1/2016 2:07:04 AM,Service Control Manager,7036,None,The Software Protection service entered the running state.
Information,12/1/2016 2:07:03 AM,Service Control Manager,7036,None,The Windows Modules Installer service entered the running state.
Information,12/1/2016 2:05:10 AM,Service Control Manager,7036,None,The WinHTTP Web Proxy Auto-Discovery Service service entered the running state.
Information,12/1/2016 2:05:10 AM,Service Control Manager,7036,None,The Windows Update service entered the running state.
Information,12/1/2016 2:03:37 AM,Service Control Manager,7036,None,The DNS Client service entered the running state.
Information,12/1/2016 2:02:48 AM,Service Control Manager,7036,None,The Software Protection service entered the stopped state.
Information,12/1/2016 2:02:18 AM,Service Control Manager,7036,None,The Software Protection service entered the running state.
Information,12/1/2016 1:32:48 AM,Service Control Manager,7036,None,The Software Protection service entered the stopped state.
Information,12/1/2016 1:32:18 AM,Service Control Manager,7036,None,The Software Protection service entered the running state.
Information,12/1/2016 1:23:06 AM,Service Control Manager,7036,None,The DNS Client service entered the stopped state.
Information,12/1/2016 1:05:06 AM,Service Control Manager,7036,None,The WinHTTP Web Proxy Auto-Discovery Service service entered the stopped state.
Information,12/1/2016 1:02:48 AM,Service Control Manager,7036,None,The Software Protection service entered the stopped state.
Information,12/1/2016 1:02:18 AM,Service Control Manager,7036,None,The Software Protection service entered the running state.
Information,12/1/2016 12:48:07 AM,Service Control Manager,7036,None,The Windows Update service entered the stopped state.
Information,12/1/2016 12:38:06 AM,Service Control Manager,7036,None,The DNS Client service entered the running state.
Information,12/1/2016 12:38:06 AM,Service Control Manager,7036,None,The WinHTTP Web Proxy Auto-Discovery Service service entered the running state.
Information,12/1/2016 12:38:06 AM,Service Control Manager,7036,None,The Windows Update service entered the running state.
Information,12/1/2016 12:32:48 AM,Service Control Manager,7036,None,The Software Protection service entered the stopped state.
Information,12/1/2016 12:32:17 AM,Service Control Manager,7036,None,The Software Protection service entered the running state.
Information,12/1/2016 12:23:37 AM,Service Control Manager,7036,None,The DNS Client service entered the stopped state.
Information,12/1/2016 12:03:37 AM,Service Control Manager,7036,None,The DNS Client service entered the running state.
Information,12/1/2016 12:02:48 AM,Service Control Manager,7036,None,The Software Protection service entered the stopped state.
Information,12/1/2016 12:02:17 AM,Service Control Manager,7036,None,The Software Protection service entered the running state.
Information,11/30/2016 11:52:18 PM,Service Control Manager,7036,None,The DNS Client service entered the stopped state.
Information,11/30/2016 11:37:55 PM,Service Control Manager,7036,None,The WinHTTP Web Proxy Auto-Discovery Service service entered the stopped state.
Information,11/30/2016 11:32:48 PM,Service Control Manager,7036,None,The Software Protection service entered the stopped state.
Information,11/30/2016 11:32:17 PM,Service Control Manager,7036,None,The Software Protection service entered the running state.
Information,11/30/2016 11:22:26 PM,Service Control Manager,7036,None,The Windows Error Reporting Service service entered the stopped state.
Information,11/30/2016 11:21:14 PM,Service Control Manager,7036,None,The Application Experience service entered the stopped state.
Information,11/30/2016 11:20:26 PM,Service Control Manager,7036,None,The Problem Reports and Solutions Control Panel Support service entered the stopped state.
Information,11/30/2016 11:20:26 PM,Service Control Manager,7036,None,The Problem Reports and Solutions Control Panel Support service entered the running state.
Information,11/30/2016 11:20:26 PM,Service Control Manager,7036,None,The Windows Error Reporting Service service entered the running state.
Information,11/30/2016 11:17:54 PM,Service Control Manager,7036,None,The Windows Update service entered the stopped state.
Information,11/30/2016 11:17:05 PM,Service Control Manager,7036,None,The Windows Error Reporting Service service entered the stopped state.
Information,11/30/2016 11:15:05 PM,Service Control Manager,7036,None,The Windows Error Reporting Service service entered the running state.
Information,11/30/2016 11:12:16 PM,Service Control Manager,7036,None,The Remote Registry service entered the stopped state.
Information,11/30/2016 11:10:29 PM,Service Control Manager,7036,None,The Microsoft Software Shadow Copy Provider service entered the stopped state.
Information,11/30/2016 11:10:16 PM,Service Control Manager,7036,None,The Windows Modules Installer service entered the stopped state.
Information,11/30/2016 11:09:25 PM,Service Control Manager,7036,None,The Portable Device Enumerator Service service entered the stopped state.
Information,11/30/2016 11:08:19 PM,Service Control Manager,7036,None,The Software Protection service entered the stopped state.
Information,11/30/2016 11:07:57 PM,Microsoft-Windows-WindowsUpdateClient,44,Windows Update Agent,Windows Update started downloading an update.
Information,11/30/2016 11:07:56 PM,Microsoft-Windows-WindowsUpdateClient,19,Windows Update Agent,Installation Successful: Windows successfully installed the following update: Security Update for Windows Server 2012 R2 (KB3021674)
Information,11/30/2016 11:07:56 PM,Microsoft-Windows-WindowsUpdateClient,19,Windows Update Agent,Installation Successful: Windows successfully installed the following update: Security Update for Microsoft .NET Framework 4.5.1 and 4.5.2 on Windows 8.1 and Windows Server 2012 R2 x64-based Systems (KB2977765)
Information,11/30/2016 11:07:56 PM,Microsoft-Windows-WindowsUpdateClient,19,Windows Update Agent,Installation Successful: Windows successfully installed the following update: Update for Windows Server 2012 R2 (KB3059316)
Information,11/30/2016 11:07:56 PM,Microsoft-Windows-WindowsUpdateClient,19,Windows Update Agent,Installation Successful: Windows successfully installed the following update: Update for Windows Server 2012 R2 (KB3037924)
Information,11/30/2016 11:07:56 PM,Microsoft-Windows-WindowsUpdateClient,19,Windows Update Agent,Installation Successful: Windows successfully installed the following update: Update for Windows Server 2012 R2 (KB3013791)
Information,11/30/2016 11:07:56 PM,Microsoft-Windows-WindowsUpdateClient,19,Windows Update Agent,Installation Successful: Windows successfully installed the following update: Security Update for Windows Server 2012 R2 (KB3109103)
Information,11/30/2016 11:07:56 PM,Microsoft-Windows-WindowsUpdateClient,19,Windows Update Agent,Installation Successful: Windows successfully installed the following update: Update for Windows Server 2012 R2 (KB3006137)
Information,11/30/2016 11:07:56 PM,Microsoft-Windows-WindowsUpdateClient,19,Windows Update Agent,Installation Successful: Windows successfully installed the following update: Update for Windows Server 2012 R2 (KB3139162)
Information,11/30/2016 11:07:56 PM,Microsoft-Windows-WindowsUpdateClient,19,Windows Update Agent,Installation Successful: Windows successfully installed the following update: Update for Windows Server 2012 R2 (KB3138602)
Information,11/30/2016 11:07:56 PM,Microsoft-Windows-WindowsUpdateClient,19,Windows Update Agent,Installation Successful: Windows successfully installed the following update: Security Update for Windows Server 2012 R2 (KB3177186)
Information,11/30/2016 11:07:56 PM,Microsoft-Windows-WindowsUpdateClient,19,Windows Update Agent,Installation Successful: Windows successfully installed the following update: Security Update for Microsoft .NET Framework 4.5.1 and 4.5.2 on Windows 8.1 and Windows Server 2012 R2 x64-based Systems (KB3098779)
Information,11/30/2016 11:07:56 PM,Microsoft-Windows-WindowsUpdateClient,19,Windows Update Agent,Installation Successful: Windows successfully installed the following update: Security Update for Windows Server 2012 R2 (KB3045755)
Information,11/30/2016 11:07:56 PM,Microsoft-Windows-WindowsUpdateClient,19,Windows Update Agent,Installation Successful: Windows successfully installed the following update: Update for Windows Server 2012 R2 (KB3146978)
Information,11/30/2016 11:07:56 PM,Microsoft-Windows-WindowsUpdateClient,19,Windows Update Agent,Installation Successful: Windows successfully installed the following update: Update for Windows Server 2012 R2 (KB3133924)
Information,11/30/2016 11:07:56 PM,Microsoft-Windows-WindowsUpdateClient,19,Windows Update Agent,Installation Successful: Windows successfully installed the following update: Security Update for Windows Server 2012 R2 (KB3076895)
Information,11/30/2016 11:07:56 PM,Microsoft-Windows-WindowsUpdateClient,19,Windows Update Agent,Installation Successful: Windows successfully installed the following update: Security Update for Windows Server 2012 R2 (KB3146723)
Information,11/30/2016 11:07:56 PM,Microsoft-Windows-WindowsUpdateClient,19,Windows Update Agent,Installation Successful: Windows successfully installed the following update: Update for Windows Server 2012 R2 (KB3139164)
Information,11/30/2016 11:07:56 PM,Microsoft-Windows-WindowsUpdateClient,19,Windows Update Agent,Installation Successful: Windows successfully installed the following update: Update for Windows Server 2012 R2 (KB3123242)
Information,11/30/2016 11:07:56 PM,Microsoft-Windows-WindowsUpdateClient,19,Windows Update Agent,Installation Successful: Windows successfully installed the following update: Security Update for Windows Server 2012 R2 (KB3161958)
Information,11/30/2016 11:07:56 PM,Microsoft-Windows-WindowsUpdateClient,19,Windows Update Agent,Installation Successful: Windows successfully installed the following update: Update for Windows Server 2012 R2 (KB3041857)
Information,11/30/2016 11:07:56 PM,Microsoft-Windows-WindowsUpdateClient,19,Windows Update Agent,Installation Successful: Windows successfully installed the following update: Update for Windows Server 2012 R2 (KB2938066)
Information,11/30/2016 11:07:56 PM,Microsoft-Windows-WindowsUpdateClient,19,Windows Update Agent,Installation Successful: Windows successfully installed the following update: Security Update for Windows Server 2012 R2 (KB3102939)
Information,11/30/2016 11:07:56 PM,Microsoft-Windows-WindowsUpdateClient,19,Windows Update Agent,Installation Successful: Windows successfully installed the following update: Update for Windows Server 2012 R2 (KB3071663)
Information,11/30/2016 11:07:56 PM,Microsoft-Windows-WindowsUpdateClient,19,Windows Update Agent,Installation Successful: Windows successfully installed the following update: Security Update for Windows Server 2012 R2 (KB3108381)
Information,11/30/2016 11:07:56 PM,Microsoft-Windows-WindowsUpdateClient,19,Windows Update Agent,Installation Successful: Windows successfully installed the following update: Update for Windows Server 2012 R2 (KB3060793)
Information,11/30/2016 11:07:56 PM,Microsoft-Windows-WindowsUpdateClient,19,Windows Update Agent,Installation Successful: Windows successfully installed the following update: Update for Windows Server 2012 R2 (KB3055343)
Information,11/30/2016 11:07:56 PM,Microsoft-Windows-WindowsUpdateClient,19,Windows Update Agent,Installation Successful: Windows successfully installed the following update: Security Update for Windows Server 2012 R2 (KB3110329)
Information,11/30/2016 11:07:56 PM,Microsoft-Windows-WindowsUpdateClient,19,Windows Update Agent,Installation Successful: Windows successfully installed the following update: Update for Windows Server 2012 R2 (KB3024755)
Information,11/30/2016 11:07:56 PM,Microsoft-Windows-WindowsUpdateClient,19,Windows Update Agent,Installation Successful: Windows successfully installed the following update: Update for Windows Server 2012 R2 (KB3139165)
Information,11/30/2016 11:07:56 PM,Microsoft-Windows-WindowsUpdateClient,19,Windows Update Agent,Installation Successful: Windows successfully installed the following update: Update for Windows Server 2012 R2 (KB3109976)
Information,11/30/2016 11:07:56 PM,Microsoft-Windows-WindowsUpdateClient,19,Windows Update Agent,Installation Successful: Windows successfully installed the following update: Update for Windows Server 2012 R2 (KB3055323)
Information,11/30/2016 11:07:56 PM,Microsoft-Windows-WindowsUpdateClient,19,Windows Update Agent,Installation Successful: Windows successfully installed the following update: Update for Windows Server 2012 R2 (KB3100473)
Information,11/30/2016 11:07:56 PM,Microsoft-Windows-WindowsUpdateClient,19,Windows Update Agent,Installation Successful: Windows successfully installed the following update: Security Update for Windows Server 2012 R2 (KB3161949)
Information,11/30/2016 11:07:56 PM,Microsoft-Windows-WindowsUpdateClient,19,Windows Update Agent,Installation Successful: Windows successfully installed the following update: Security Update for Windows Server 2012 R2 (KB3045685)
Information,11/30/2016 11:07:56 PM,Microsoft-Windows-WindowsUpdateClient,19,Windows Update Agent,Installation Successful: Windows successfully installed the following update: Security Update for Windows Server 2012 R2 (KB3055642)
Information,11/30/2016 11:07:56 PM,Microsoft-Windows-WindowsUpdateClient,19,Windows Update Agent,Installation Successful: Windows successfully installed the following update: Security Update for Windows Server 2012 R2 (KB3156059)
Information,11/30/2016 11:07:56 PM,Microsoft-Windows-WindowsUpdateClient,19,Windows Update Agent,Installation Successful: Windows successfully installed the following update: Update for Windows Server 2012 R2 (KB3036612)
Information,11/30/2016 11:07:56 PM,Microsoft-Windows-WindowsUpdateClient,19,Windows Update Agent,Installation Successful: Windows successfully installed the following update: Update for Windows Server 2012 R2 (KB3027209)
Information,11/30/2016 11:07:56 PM,Microsoft-Windows-WindowsUpdateClient,19,Windows Update Agent,Installation Successful: Windows successfully installed the following update: Security Update for Windows Server 2012 R2 (KB3081320)
Information,11/30/2016 11:07:56 PM,Microsoft-Windows-WindowsUpdateClient,19,Windows Update Agent,Installation Successful: Windows successfully installed the following update: Update for Windows Server 2012 R2 (KB3162835)
Information,11/30/2016 11:07:56 PM,Microsoft-Windows-WindowsUpdateClient,19,Windows Update Agent,Installation Successful: Windows successfully installed the following update: Update for Windows Server 2012 R2 (KB3013538)
Information,11/30/2016 11:07:56 PM,Microsoft-Windows-WindowsUpdateClient,19,Windows Update Agent,Installation Successful: Windows successfully installed the following update: Security Update for Windows Server 2012 R2 (KB3184122)
Information,11/30/2016 11:07:56 PM,Microsoft-Windows-WindowsUpdateClient,19,Windows Update Agent,Installation Successful: Windows successfully installed the following update: Security Update for Windows Server 2012 R2 (KB3126587)
Information,11/30/2016 11:07:56 PM,Microsoft-Windows-WindowsUpdateClient,19,Windows Update Agent,Installation Successful: Windows successfully installed the following update: Microsoft .NET Framework 4.5.2 for Windows 8.1 and Windows Server 2012 R2 for x64-based Systems (KB2934520)
Information,11/30/2016 11:07:56 PM,Microsoft-Windows-WindowsUpdateClient,19,Windows Update Agent,Installation Successful: Windows successfully installed the following update: Update for Windows Server 2012 R2 (KB3063843)
Information,11/30/2016 11:07:56 PM,Microsoft-Windows-WindowsUpdateClient,19,Windows Update Agent,Installation Successful: Windows successfully installed the following update: Update for Windows Server 2012 R2 (KB3137725)
Information,11/30/2016 11:07:56 PM,Microsoft-Windows-WindowsUpdateClient,19,Windows Update Agent,Installation Successful: Windows successfully installed the following update: Update for Windows Server 2012 R2 (KB3139219)
Information,11/30/2016 11:07:56 PM,Microsoft-Windows-WindowsUpdateClient,19,Windows Update Agent,Installation Successful: Windows successfully installed the following update: Update for Windows Server 2012 R2 (KB3008242)
Information,11/30/2016 11:07:56 PM,Microsoft-Windows-WindowsUpdateClient,19,Windows Update Agent,Installation Successful: Windows successfully installed the following update: Security Update for Windows Server 2012 R2 (KB3022777)
Information,11/30/2016 11:07:56 PM,Microsoft-Windows-WindowsUpdateClient,19,Windows Update Agent,Installation Successful: Windows successfully installed the following update: Update for Windows Server 2012 R2 (KB3134815)
Information,11/30/2016 11:07:56 PM,Microsoft-Windows-WindowsUpdateClient,19,Windows Update Agent,Installation Successful: Windows successfully installed the following update: Security Update for Windows Server 2012 R2 (KB3086255)
Information,11/30/2016 11:07:55 PM,Microsoft-Windows-WindowsUpdateClient,19,Windows Update Agent,Installation Successful: Windows successfully installed the following update: Update for Windows Server 2012 R2 (KB3087137)
Information,11/30/2016 11:07:55 PM,Microsoft-Windows-WindowsUpdateClient,19,Windows Update Agent,Installation Successful: Windows successfully installed the following update: Security Update for Windows Server 2012 R2 (KB2993651)
Information,11/30/2016 11:07:55 PM,Microsoft-Windows-WindowsUpdateClient,19,Windows Update Agent,Installation Successful: Windows successfully installed the following update: Update for Windows Server 2012 R2 (KB2989930)
Information,11/30/2016 11:07:55 PM,Microsoft-Windows-WindowsUpdateClient,19,Windows Update Agent,Installation Successful: Windows successfully installed the following update: Update for Windows Server 2012 R2 (KB3137728)
Information,11/30/2016 11:07:55 PM,Microsoft-Windows-WindowsUpdateClient,19,Windows Update Agent,Installation Successful: Windows successfully installed the following update: Security Update for Windows Server 2012 R2 (KB3174644)
Information,11/30/2016 11:07:54 PM,Microsoft-Windows-WindowsUpdateClient,19,Windows Update Agent,Installation Successful: Windows successfully installed the following update: Update for Windows Server 2012 R2 (KB3078405)
Information,11/30/2016 11:07:54 PM,Microsoft-Windows-WindowsUpdateClient,19,Windows Update Agent,Installation Successful: Windows successfully installed the following update: Security Update for Windows Server 2012 R2 (KB3156019)
Information,11/30/2016 11:07:54 PM,Microsoft-Windows-WindowsUpdateClient,19,Windows Update Agent,Installation Successful: Windows successfully installed the following update: Security Update for Microsoft .NET Framework 4.5.1 and 4.5.2 for Windows 8.1 for x64-based Systems (KB3097997)
Information,11/30/2016 11:07:54 PM,Microsoft-Windows-WindowsUpdateClient,19,Windows Update Agent,Installation Successful: Windows successfully installed the following update: Update for Windows Server 2012 R2 (KB3145432)
Information,11/30/2016 11:07:54 PM,Microsoft-Windows-WindowsUpdateClient,19,Windows Update Agent,Installation Successful: Windows successfully installed the following update: Security Update for Windows Server 2012 R2 (KB3084135)
Information,11/30/2016 11:07:54 PM,Microsoft-Windows-WindowsUpdateClient,19,Windows Update Agent,Installation Successful: Windows successfully installed the following update: Security Update for Windows Server 2012 R2 (KB3155784)
Information,11/30/2016 11:07:54 PM,Microsoft-Windows-WindowsUpdateClient,19,Windows Update Agent,Installation Successful: Windows successfully installed the following update: Security Update for Windows Server 2012 R2 (KB3135456)
Information,11/30/2016 11:07:54 PM,Microsoft-Windows-WindowsUpdateClient,19,Windows Update Agent,Installation Successful: Windows successfully installed the following update: Security Update for Windows Server 2012 R2 (KB3139398)
Information,11/30/2016 11:07:54 PM,Microsoft-Windows-WindowsUpdateClient,19,Windows Update Agent,Installation Successful: Windows successfully installed the following update: Security Update for Windows Server 2012 R2 (KB3109094)
Information,11/30/2016 11:07:54 PM,Microsoft-Windows-WindowsUpdateClient,19,Windows Update Agent,Installation Successful: Windows successfully installed the following update: Update for Windows Server 2012 R2 (KB3054169)
Information,11/30/2016 11:07:54 PM,Microsoft-Windows-WindowsUpdateClient,19,Windows Update Agent,Installation Successful: Windows successfully installed the following update: Security Update for Windows Server 2012 R2 (KB3067505)
Information,11/30/2016 11:07:54 PM,Microsoft-Windows-WindowsUpdateClient,19,Windows Update Agent,Installation Successful: Windows successfully installed the following update: Update for Windows Server 2012 R2 (KB3126033)
Information,11/30/2016 11:07:54 PM,Microsoft-Windows-WindowsUpdateClient,19,Windows Update Agent,Installation Successful: Windows successfully installed the following update: Update for Windows Server 2012 R2 (KB3103709)
Information,11/30/2016 11:07:54 PM,Microsoft-Windows-WindowsUpdateClient,19,Windows Update Agent,Installation Successful: Windows successfully installed the following update: Update for Windows Server 2012 R2 (KB3118401)
Information,11/30/2016 11:07:54 PM,Microsoft-Windows-WindowsUpdateClient,19,Windows Update Agent,Installation Successful: Windows successfully installed the following update: Security Update for Windows Server 2012 R2 (KB3185911)
Information,11/30/2016 11:07:54 PM,Microsoft-Windows-WindowsUpdateClient,19,Windows Update Agent,Installation Successful: Windows successfully installed the following update: Update for Windows Server 2012 R2 (KB3033446)
Information,11/30/2016 11:07:54 PM,Microsoft-Windows-WindowsUpdateClient,19,Windows Update Agent,Installation Successful: Windows successfully installed the following update: Update for Windows Server 2012 R2 (KB3054464)
Information,11/30/2016 11:07:54 PM,Microsoft-Windows-WindowsUpdateClient,19,Windows Update Agent,Installation Successful: Windows successfully installed the following update: Security Update for Windows Server 2012 R2 (KB3134222)
Information,11/30/2016 11:07:54 PM,Microsoft-Windows-WindowsUpdateClient,19,Windows Update Agent,Installation Successful: Windows successfully installed the following update: Update for Windows Server 2012 R2 (KB3054203)
Information,11/30/2016 11:07:54 PM,Microsoft-Windows-WindowsUpdateClient,19,Windows Update Agent,Installation Successful: Windows successfully installed the following update: Update for Windows Server 2012 R2 (KB3099834)
Information,11/30/2016 11:07:54 PM,Microsoft-Windows-WindowsUpdateClient,19,Windows Update Agent,Installation Successful: Windows successfully installed the following update: Update for Windows Server 2012 R2 (KB3121261)
Information,11/30/2016 11:07:54 PM,Microsoft-Windows-WindowsUpdateClient,19,Windows Update Agent,Installation Successful: Windows successfully installed the following update: Update for Windows Server 2012 R2 (KB3138615)
Information,11/30/2016 11:07:54 PM,Microsoft-Windows-WindowsUpdateClient,19,Windows Update Agent,Installation Successful: Windows successfully installed the following update: Security Update for Windows Server 2012 R2 (KB3156017)
Information,11/30/2016 11:07:54 PM,Microsoft-Windows-WindowsUpdateClient,19,Windows Update Agent,Installation Successful: Windows successfully installed the following update: Security Update for Windows Server 2012 R2 (KB3075220)
Information,11/30/2016 11:07:54 PM,Microsoft-Windows-WindowsUpdateClient,19,Windows Update Agent,Installation Successful: Windows successfully installed the following update: Update for Windows Server 2012 R2 (KB3146604)
Information,11/30/2016 11:07:54 PM,Microsoft-Windows-WindowsUpdateClient,19,Windows Update Agent,Installation Successful: Windows successfully installed the following update: Security Update for Windows Server 2012 R2 (KB3126434)
Information,11/30/2016 11:07:54 PM,Microsoft-Windows-WindowsUpdateClient,19,Windows Update Agent,Installation Successful: Windows successfully installed the following update: Update for Windows Server 2012 R2 (KB3092627)
Information,11/30/2016 11:07:54 PM,Microsoft-Windows-WindowsUpdateClient,19,Windows Update Agent,Installation Successful: Windows successfully installed the following update: Update for Windows Server 2012 R2 (KB3045634)
Information,11/30/2016 11:07:54 PM,Microsoft-Windows-WindowsUpdateClient,19,Windows Update Agent,Installation Successful: Windows successfully installed the following update: Update for Windows Server 2012 R2 (KB3128650)
Information,11/30/2016 11:07:54 PM,Microsoft-Windows-WindowsUpdateClient,19,Windows Update Agent,Installation Successful: Windows successfully installed the following update: Update for Windows Server 2012 R2 (KB3044374)
Information,11/30/2016 11:07:54 PM,Microsoft-Windows-WindowsUpdateClient,19,Windows Update Agent,Installation Successful: Windows successfully installed the following update: Update for Windows Server 2012 R2 (KB3173424)
Information,11/30/2016 11:07:54 PM,Microsoft-Windows-WindowsUpdateClient,19,Windows Update Agent,Installation Successful: Windows successfully installed the following update: Security Update for Windows Server 2012 R2 (KB3061512)
Information,11/30/2016 11:07:54 PM,Microsoft-Windows-WindowsUpdateClient,19,Windows Update Agent,Installation Successful: Windows successfully installed the following update: Security Update for Windows Server 2012 R2 (KB3178539)
Information,11/30/2016 11:07:54 PM,Microsoft-Windows-WindowsUpdateClient,19,Windows Update Agent,Installation Successful: Windows successfully installed the following update: Security Update for Windows Server 2012 R2 (KB3139914)
Information,11/30/2016 11:07:54 PM,Microsoft-Windows-WindowsUpdateClient,19,Windows Update Agent,Installation Successful: Windows successfully installed the following update: Update for Windows Server 2012 R2 (KB3054256)
Information,11/30/2016 11:07:54 PM,Microsoft-Windows-WindowsUpdateClient,19,Windows Update Agent,Installation Successful: Windows successfully installed the following update: Security Update for Windows Server 2012 R2 (KB3035126)
Information,11/30/2016 11:07:54 PM,Microsoft-Windows-WindowsUpdateClient,19,Windows Update Agent,Installation Successful: Windows successfully installed the following update: Update for Windows Server 2012 R2 (KB3004394)
Information,11/30/2016 11:07:54 PM,Microsoft-Windows-WindowsUpdateClient,19,Windows Update Agent,Installation Successful: Windows successfully installed the following update: Security Update for Windows Server 2012 R2 (KB3126593)
Information,11/30/2016 11:07:54 PM,Microsoft-Windows-WindowsUpdateClient,19,Windows Update Agent,Installation Successful: Windows successfully installed the following update: Update for Windows Server 2012 R2 (KB3139923)
Information,11/30/2016 11:07:54 PM,Microsoft-Windows-WindowsUpdateClient,19,Windows Update Agent,Installation Successful: Windows successfully installed the following update: Security Update for Windows Server 2012 R2 (KB2973351)
Information,11/30/2016 11:07:54 PM,Microsoft-Windows-WindowsUpdateClient,19,Windows Update Agent,Installation Successful: Windows successfully installed the following update: Update for Windows Server 2012 R2 (KB3103696)
Information,11/30/2016 11:07:54 PM,Microsoft-Windows-WindowsUpdateClient,19,Windows Update Agent,Installation Successful: Windows successfully installed the following update: Security Update for Microsoft .NET Framework 4.5.1 and 4.5.2 on Windows 8.1 and Windows Server 2012 R2 x64-based Systems (KB3023222)
Information,11/30/2016 11:07:54 PM,Microsoft-Windows-WindowsUpdateClient,19,Windows Update Agent,Installation Successful: Windows successfully installed the following update: Update for Windows Server 2012 R2 (KB3013410)
Information,11/30/2016 11:07:54 PM,Microsoft-Windows-WindowsUpdateClient,19,Windows Update Agent,Installation Successful: Windows successfully installed the following update: Security Update for Windows Server 2012 R2 (KB3170455)
Information,11/30/2016 11:07:54 PM,Microsoft-Windows-WindowsUpdateClient,19,Windows Update Agent,"Installation Successful: Windows successfully installed the following update: November, 2016 Security Monthly Quality Rollup for Windows Server 2012 R2 (KB3197874)"
Information,11/30/2016 11:07:54 PM,Microsoft-Windows-WindowsUpdateClient,19,Windows Update Agent,Installation Successful: Windows successfully installed the following update: Security Update for Windows Server 2012 R2 (KB3004361)
Information,11/30/2016 11:07:54 PM,Microsoft-Windows-WindowsUpdateClient,19,Windows Update Agent,Installation Successful: Windows successfully installed the following update: Update for Windows Server 2012 R2 (KB3134785)
Information,11/30/2016 11:07:54 PM,Microsoft-Windows-WindowsUpdateClient,19,Windows Update Agent,Installation Successful: Windows successfully installed the following update: Security Update for Windows Server 2012 R2 (KB3072630)
Information,11/30/2016 11:07:54 PM,Microsoft-Windows-WindowsUpdateClient,19,Windows Update Agent,Installation Successful: Windows successfully installed the following update: Update for Windows Server 2012 R2 (KB3078676)
Information,11/30/2016 11:07:54 PM,Microsoft-Windows-WindowsUpdateClient,19,Windows Update Agent,Installation Successful: Windows successfully installed the following update: Update for Windows Server 2012 R2 (KB3043812)
Information,11/30/2016 11:07:54 PM,Microsoft-Windows-WindowsUpdateClient,19,Windows Update Agent,Installation Successful: Windows successfully installed the following update: Update for Windows Server 2012 R2 (KB3044673)
Information,11/30/2016 11:07:54 PM,Microsoft-Windows-WindowsUpdateClient,19,Windows Update Agent,Installation Successful: Windows successfully installed the following update: Security Update for Windows Server 2012 R2 (KB3172729)
Information,11/30/2016 11:07:54 PM,Microsoft-Windows-WindowsUpdateClient,19,Windows Update Agent,Installation Successful: Windows successfully installed the following update: Security Update for Windows Server 2012 R2 (KB3019978)
Information,11/30/2016 11:07:54 PM,Microsoft-Windows-WindowsUpdateClient,19,Windows Update Agent,Installation Successful: Windows successfully installed the following update: Security Update for Windows Server 2012 R2 (KB3023266)
Information,11/30/2016 11:07:54 PM,Microsoft-Windows-WindowsUpdateClient,19,Windows Update Agent,Installation Successful: Windows successfully installed the following update: Update for Windows Server 2012 R2 (KB3121255)
Information,11/30/2016 11:07:54 PM,Microsoft-Windows-WindowsUpdateClient,19,Windows Update Agent,Installation Successful: Windows successfully installed the following update: Security Update for Microsoft .NET Framework 4.5.1 and 4.5.2 on Windows 8.1 and Windows Server 2012 R2 x64-based Systems (KB2978041)
Information,11/30/2016 11:07:54 PM,Microsoft-Windows-WindowsUpdateClient,19,Windows Update Agent,Installation Successful: Windows successfully installed the following update: Security Update for Windows Server 2012 R2 (KB3092601)
Information,11/30/2016 11:07:54 PM,Microsoft-Windows-WindowsUpdateClient,19,Windows Update Agent,Installation Successful: Windows successfully installed the following update: Security Update for Windows Server 2012 R2 (KB3123479)
Information,11/30/2016 11:07:54 PM,Microsoft-Windows-WindowsUpdateClient,19,Windows Update Agent,Installation Successful: Windows successfully installed the following update: Security Update for Windows Server 2012 R2 (KB2976897)
Information,11/30/2016 11:07:54 PM,Microsoft-Windows-WindowsUpdateClient,19,Windows Update Agent,Installation Successful: Windows successfully installed the following update: Update for Windows Server 2012 R2 (KB3134179)
Information,11/30/2016 11:07:54 PM,Microsoft-Windows-WindowsUpdateClient,19,Windows Update Agent,Installation Successful: Windows successfully installed the following update: Security Update for Windows Server 2012 R2 (KB2957189)
Information,11/30/2016 11:07:54 PM,Microsoft-Windows-WindowsUpdateClient,19,Windows Update Agent,Installation Successful: Windows successfully installed the following update: Security Update for Microsoft .NET Framework 4.5.1 and 4.5.2 on Windows 8.1 and Windows Server 2012 R2 x64-based Systems (KB3074228)
Information,11/30/2016 11:07:54 PM,Microsoft-Windows-WindowsUpdateClient,19,Windows Update Agent,Installation Successful: Windows successfully installed the following update: Security Update for Windows Server 2012 R2 (KB3083992)
Information,11/30/2016 11:07:54 PM,Microsoft-Windows-WindowsUpdateClient,19,Windows Update Agent,Installation Successful: Windows successfully installed the following update: Update for Windows Server 2012 R2 (KB3140234)
Information,11/30/2016 11:07:54 PM,Microsoft-Windows-WindowsUpdateClient,19,Windows Update Agent,Installation Successful: Windows successfully installed the following update: Update for Windows Server 2012 R2 (KB3045746)
Information,11/30/2016 11:07:54 PM,Microsoft-Windows-WindowsUpdateClient,19,Windows Update Agent,Installation Successful: Windows successfully installed the following update: Security Update for Windows Server 2012 R2 (KB3156016)
Information,11/30/2016 11:07:54 PM,Microsoft-Windows-WindowsUpdateClient,19,Windows Update Agent,Installation Successful: Windows successfully installed the following update: Security Update for Windows Server 2012 R2 (KB3082089)
Information,11/30/2016 11:07:54 PM,Microsoft-Windows-WindowsUpdateClient,19,Windows Update Agent,Installation Successful: Windows successfully installed the following update: Update for Windows Server 2012 R2 (KB3133681)
Information,11/30/2016 11:07:54 PM,Microsoft-Windows-WindowsUpdateClient,19,Windows Update Agent,Installation Successful: Windows successfully installed the following update: Update for Windows Server 2012 R2 (KB3045992)
Information,11/30/2016 11:07:54 PM,Microsoft-Windows-WindowsUpdateClient,19,Windows Update Agent,Installation Successful: Windows successfully installed the following update: Security Update for Windows Server 2012 R2 (KB3164294)
Information,11/30/2016 11:07:54 PM,Microsoft-Windows-WindowsUpdateClient,19,Windows Update Agent,Installation Successful: Windows successfully installed the following update: Update for Windows Server 2012 R2 (KB3096433)
Information,11/30/2016 11:07:54 PM,Microsoft-Windows-WindowsUpdateClient,19,Windows Update Agent,Installation Successful: Windows successfully installed the following update: Update for Windows Server 2012 R2 (KB3140219)
Information,11/30/2016 11:07:54 PM,Microsoft-Windows-WindowsUpdateClient,19,Windows Update Agent,Installation Successful: Windows successfully installed the following update: Update for Windows Server 2012 R2 (KB3077715)
Information,11/30/2016 11:07:54 PM,Microsoft-Windows-WindowsUpdateClient,19,Windows Update Agent,Installation Successful: Windows successfully installed the following update: Update for Windows Server 2012 R2 (KB3147071)
Information,11/30/2016 11:07:54 PM,Microsoft-Windows-WindowsUpdateClient,19,Windows Update Agent,Installation Successful: Windows successfully installed the following update: Security Update for Windows Server 2012 R2 (KB2992611)
Information,11/30/2016 11:07:54 PM,Microsoft-Windows-WindowsUpdateClient,19,Windows Update Agent,Installation Successful: Windows successfully installed the following update: Update for Windows Server 2012 R2 (KB3042085)
Information,11/30/2016 11:07:54 PM,Microsoft-Windows-WindowsUpdateClient,19,Windows Update Agent,Installation Successful: Windows successfully installed the following update: Update for Windows Server 2012 R2 (KB3048043)
Information,11/30/2016 11:07:54 PM,Microsoft-Windows-WindowsUpdateClient,19,Windows Update Agent,Installation Successful: Windows successfully installed the following update: Security Update for Windows Server 2012 R2 (KB3042553)
Information,11/30/2016 11:07:54 PM,Microsoft-Windows-WindowsUpdateClient,19,Windows Update Agent,Installation Successful: Windows successfully installed the following update: Update for Windows Server 2012 R2 (KB2967917)
Information,11/30/2016 11:07:54 PM,Microsoft-Windows-WindowsUpdateClient,19,Windows Update Agent,Installation Successful: Windows successfully installed the following update: Update for Windows Server 2012 R2 (KB3133690)
Information,11/30/2016 11:07:54 PM,Microsoft-Windows-WindowsUpdateClient,19,Windows Update Agent,Installation Successful: Windows successfully installed the following update: Update for Windows Server 2012 R2 (KB3137061)
Information,11/30/2016 11:07:54 PM,Microsoft-Windows-WindowsUpdateClient,19,Windows Update Agent,Installation Successful: Windows successfully installed the following update: Security Update for Windows Server 2012 R2 (KB3159398)
Information,11/30/2016 11:07:54 PM,Microsoft-Windows-WindowsUpdateClient,19,Windows Update Agent,Installation Successful: Windows successfully installed the following update: Update for Windows Server 2012 R2 (KB3080149)
Information,11/30/2016 11:07:54 PM,Microsoft-Windows-WindowsUpdateClient,19,Windows Update Agent,Installation Successful: Windows successfully installed the following update: Update for Windows Server 2012 R2 (KB3149157)
Information,11/30/2016 11:07:54 PM,Microsoft-Windows-WindowsUpdateClient,19,Windows Update Agent,Installation Successful: Windows successfully installed the following update: Security Update for Windows Server 2012 R2 (KB3045999)
Information,11/30/2016 11:07:54 PM,Microsoft-Windows-WindowsUpdateClient,19,Windows Update Agent,Installation Successful: Windows successfully installed the following update: Security Update for Windows Server 2012 R2 (KB3146963)
Information,11/30/2016 11:07:54 PM,Microsoft-Windows-WindowsUpdateClient,19,Windows Update Agent,Installation Successful: Windows successfully installed the following update: Security Update for Windows Server 2012 R2 (KB3003743)
Information,11/30/2016 11:07:54 PM,Microsoft-Windows-WindowsUpdateClient,19,Windows Update Agent,Installation Successful: Windows successfully installed the following update: Update for Windows Server 2012 R2 (KB3145384)
Information,11/30/2016 11:07:54 PM,Microsoft-Windows-WindowsUpdateClient,19,Windows Update Agent,Installation Successful: Windows successfully installed the following update: Update for Windows Server 2012 R2 (KB3132080)
Information,11/30/2016 11:07:54 PM,Microsoft-Windows-WindowsUpdateClient,19,Windows Update Agent,Installation Successful: Windows successfully installed the following update: Update for Windows Server 2012 R2 (KB3012702)
Information,11/30/2016 11:07:54 PM,Microsoft-Windows-WindowsUpdateClient,19,Windows Update Agent,Installation Successful: Windows successfully installed the following update: Security Update for Windows Server 2012 R2 (KB3046359)
Information,11/30/2016 11:07:54 PM,Microsoft-Windows-WindowsUpdateClient,19,Windows Update Agent,Installation Successful: Windows successfully installed the following update: Security Update for Windows Server 2012 R2 (KB3161561)
Information,11/30/2016 11:07:54 PM,Microsoft-Windows-WindowsUpdateClient,19,Windows Update Agent,Installation Successful: Windows successfully installed the following update: Security Update for Microsoft .NET Framework 4.5.1 and 4.5.2 on Windows 8.1 and Windows Server 2012 R2 x64-based Systems (KB2978126)
Information,11/30/2016 11:07:54 PM,Microsoft-Windows-WindowsUpdateClient,19,Windows Update Agent,Installation Successful: Windows successfully installed the following update: Update for Windows Server 2012 R2 (KB3095701)
Information,11/30/2016 11:07:54 PM,Microsoft-Windows-WindowsUpdateClient,19,Windows Update Agent,Installation Successful: Windows successfully installed the following update: Security Update for Microsoft .NET Framework 4.5.1 and 4.5.2 on Windows 8.1 and Windows Server 2012 R2 x64-based Systems (KB3074548)
Information,11/30/2016 11:07:54 PM,Microsoft-Windows-WindowsUpdateClient,19,Windows Update Agent,Installation Successful: Windows successfully installed the following update: Security Update for Windows Server 2012 R2 (KB3004365)
Information,11/30/2016 11:07:54 PM,Microsoft-Windows-WindowsUpdateClient,19,Windows Update Agent,Installation Successful: Windows successfully installed the following update: Security Update for Windows Server 2012 R2 (KB3030377)
Information,11/30/2016 11:07:54 PM,Microsoft-Windows-WindowsUpdateClient,19,Windows Update Agent,Installation Successful: Windows successfully installed the following update: Security Update for Windows Server 2012 R2 (KB3121918)
Information,11/30/2016 11:07:54 PM,Microsoft-Windows-WindowsUpdateClient,19,Windows Update Agent,Installation Successful: Windows successfully installed the following update: Security Update for Windows Server 2012 R2 (KB2973201)
Information,11/30/2016 11:07:54 PM,Microsoft-Windows-WindowsUpdateClient,19,Windows Update Agent,Installation Successful: Windows successfully installed the following update: Security Update for Windows Server 2012 R2 (KB2977292)
Information,11/30/2016 11:07:54 PM,Microsoft-Windows-WindowsUpdateClient,19,Windows Update Agent,Installation Successful: Windows successfully installed the following update: Update for Windows Server 2012 R2 (KB3125424)
Information,11/30/2016 11:07:54 PM,Microsoft-Windows-WindowsUpdateClient,19,Windows Update Agent,Installation Successful: Windows successfully installed the following update: Update for Windows Server 2012 R2 (KB3034348)
Information,11/30/2016 11:07:54 PM,Microsoft-Windows-WindowsUpdateClient,19,Windows Update Agent,Installation Successful: Windows successfully installed the following update: Security Update for Windows Server 2012 R2 (KB3133043)
Information,11/30/2016 11:07:54 PM,Microsoft-Windows-WindowsUpdateClient,19,Windows Update Agent,Installation Successful: Windows successfully installed the following update: Update for Windows Server 2012 R2 (KB3179574)
Information,11/30/2016 11:07:54 PM,Microsoft-Windows-WindowsUpdateClient,19,Windows Update Agent,Installation Successful: Windows successfully installed the following update: Update for Windows Server 2012 R2 (KB3096411)
Information,11/30/2016 11:07:54 PM,Microsoft-Windows-WindowsUpdateClient,19,Windows Update Agent,Installation Successful: Windows successfully installed the following update: Update for Windows Server 2012 R2 (KB3046737)
Information,11/30/2016 11:07:54 PM,Microsoft-Windows-WindowsUpdateClient,19,Windows Update Agent,Installation Successful: Windows successfully installed the following update: Update for Windows Server 2012 R2 (KB3115224)
Information,11/30/2016 11:07:54 PM,Microsoft-Windows-WindowsUpdateClient,19,Windows Update Agent,Installation Successful: Windows successfully installed the following update: Security Update for Windows Server 2012 R2 (KB3149090)
Information,11/30/2016 11:07:54 PM,Microsoft-Windows-WindowsUpdateClient,19,Windows Update Agent,Installation Successful: Windows successfully installed the following update: Update for Windows Server 2012 R2 (KB3146751)
Information,11/30/2016 11:07:54 PM,Microsoft-Windows-WindowsUpdateClient,19,Windows Update Agent,Installation Successful: Windows successfully installed the following update: Security Update for Windows Server 2012 R2 (KB3164035)
Information,11/30/2016 11:07:54 PM,Microsoft-Windows-WindowsUpdateClient,19,Windows Update Agent,Installation Successful: Windows successfully installed the following update: Security Update for Windows Server 2012 R2 (KB3126446)
Information,11/30/2016 11:07:54 PM,Microsoft-Windows-WindowsUpdateClient,19,Windows Update Agent,Installation Successful: Windows successfully installed the following update: Update for Windows Server 2012 R2 (KB3139921)
Information,11/30/2016 11:07:54 PM,Microsoft-Windows-WindowsUpdateClient,19,Windows Update Agent,Installation Successful: Windows successfully installed the following update: Update for Windows Server 2012 R2 (KB3024751)
Information,11/30/2016 11:07:54 PM,Microsoft-Windows-WindowsUpdateClient,19,Windows Update Agent,Installation Successful: Windows successfully installed the following update: Security Update for Windows Server 2012 R2 (KB3153704)
Information,11/30/2016 11:07:54 PM,Microsoft-Windows-WindowsUpdateClient,19,Windows Update Agent,Installation Successful: Windows successfully installed the following update: Security Update for Windows Server 2012 R2 (KB3011780)
Information,11/30/2016 11:07:54 PM,Microsoft-Windows-WindowsUpdateClient,19,Windows Update Agent,Installation Successful: Windows successfully installed the following update: Update for Windows Server 2012 R2 (KB3087390)
Information,11/30/2016 11:07:54 PM,Microsoft-Windows-WindowsUpdateClient,19,Windows Update Agent,Installation Successful: Windows successfully installed the following update: Update for Windows Server 2012 R2 (KB3103616)
Information,11/30/2016 11:07:54 PM,Microsoft-Windows-WindowsUpdateClient,19,Windows Update Agent,Installation Successful: Windows successfully installed the following update: Update for Windows Server 2012 R2 (KB3060383)
Information,11/30/2016 11:07:54 PM,Microsoft-Windows-WindowsUpdateClient,19,Windows Update Agent,Installation Successful: Windows successfully installed the following update: Update for Windows Server 2012 R2 (KB3087041)
Information,11/30/2016 11:07:54 PM,Microsoft-Windows-WindowsUpdateClient,19,Windows Update Agent,Installation Successful: Windows successfully installed the following update: Update for Windows Server 2012 R2 (KB3123245)
Information,11/30/2016 11:07:54 PM,Microsoft-Windows-WindowsUpdateClient,19,Windows Update Agent,Installation Successful: Windows successfully installed the following update: Update for Windows Server 2012 R2 (KB3029603)
Information,11/30/2016 11:07:54 PM,Microsoft-Windows-WindowsUpdateClient,19,Windows Update Agent,Installation Successful: Windows successfully installed the following update: Update for Windows Server 2012 R2 (KB3060681)
Information,11/30/2016 11:07:54 PM,Microsoft-Windows-WindowsUpdateClient,19,Windows Update Agent,Installation Successful: Windows successfully installed the following update: Security Update for Windows Server 2012 R2 (KB3175024)
Information,11/30/2016 11:07:54 PM,Microsoft-Windows-WindowsUpdateClient,19,Windows Update Agent,Installation Successful: Windows successfully installed the following update: Security Update for Windows Server 2012 R2 (KB3071756)
Information,11/30/2016 11:07:54 PM,Microsoft-Windows-WindowsUpdateClient,19,Windows Update Agent,Installation Successful: Windows successfully installed the following update: Security Update for Windows Server 2012 R2 (KB3046017)
Information,11/30/2016 11:07:53 PM,Microsoft-Windows-WindowsUpdateClient,19,Windows Update Agent,Installation Successful: Windows successfully installed the following update: Security Update for Windows Server 2012 R2 (KB3126041)
Information,11/30/2016 11:07:53 PM,Microsoft-Windows-WindowsUpdateClient,19,Windows Update Agent,Installation Successful: Windows successfully installed the following update: Update for Windows Server 2012 R2 (KB3016074)
Information,11/30/2016 11:07:53 PM,Microsoft-Windows-WindowsUpdateClient,19,Windows Update Agent,Installation Successful: Windows successfully installed the following update: Security Update for Windows Server 2012 R2 (KB3059317)
